<?xml version="1.0" encoding="UTF-8"?>
<!-- Generated by org.testng.reporters.JUnitReportReporter -->
<testsuite hostname="praveenkumar" failures="0" tests="3" name="Runner.TestRunner" time="77.686" errors="1" timestamp="2024-09-03T18:57:06 IST" skipped="0">
  <testcase classname="Runner.TestRunner" name="runScenario" time="24.202">
    <system-out>
      <![CDATA[<br><img src='data:image/png;base64,‰PNG

IHDR
1K«Í/sRGB®Îé IDATxœìÝwt\Õµ?ð½Ï-S¤Q±Ü{7Æc\0¸Ñlj¨!„B‡B^ò’?„??¼—i¤/Ô`bÓ±M˜blª±?‹\dKM¹åœýûcF²dY#i$<ï·òý¬…Ö?™sÏÝWZß=gŸs8•ñ€H•:ø¿éä!=€<¤?‡ôò?@ÒÈCzyH éä!=€<¤?‡ôò?@ÒÈCzyH éä!=€<¤?g—:€_ï¼ùš1a`9Šˆ?2¢Ø&&Ò,,¤H‘PîÝnbb!Éf²A¨Å¨xÄNTTöí[•¨¨ˆ—Å˜5‘"b"ÓPŸ\ûÎ–íéÜYû¸¢V$Ú"f2Ùm¿cEÚ?%¤-R!“#’±ÉÒÍÁä»kÐFî¢D²V¢”‚ê>‰a£&õ€nCzP2N8Þ$Ói›XÄ!cÉÞOåÌL$"mD„Ú?ˆ?b–ü¡0,ÛéÛ·ß¸1ã·ð ƒ®ªîk9®eG˜f·å*O.{ìœs>‰*¦Ü“;±ˆpëƒ|ÒÀD$"¬ˆ¤9X&f’ü>I.Ë`!é(`¢6wGÍW$1ÄŠ³ÿÓGÍ¸{ñÊýÿ×ø÷„ô d.¼ð2·ig£[?F‰É"+|¶åödùïÕYšŸßE„)ÿxÝüœ?{L—0EÄh-ÌS&tøìÙÃG¯H$
3aÂ„/}éKŽc;®CÒêÁ?(?
!BLù¨Zôe_Ù‹jÎ¨]ŽADœOò‘S>™hé¡å^˜©±)}Èø‘ûáo9œÊø¥Žàß”Ñ…»Ùíg1I~Ð`ÏSvîQ\„òßÃ·|OÍÏç”?Î½#B¾ï'“??ï?=&_¤ÓeAd2ÇqšŸü‰H˜¹å€Ú|·Ÿe_KnÄCš›µœKm8?ä°'ïÙóNÛKQjeÒìV}2ØFJæˆÃf§¶*.¢‘!¥ˆ&!²ˆˆH1“2DŠŒ!RùcmH)bMd±6¤,bÛ±bñøü9ó.¸èB?ð\7Ò­`žyæéË.û¢"Ñ¤lâ?ÄfŠ²™C‹ŒaKEÆ?•56¢–/Œ´Õ)Öš”%¬‰lÖ!)[8$±É„­/Úú}ÃæN»ýÎ{ÿ·û‚ô dÆŽãx‰Ý:¡º?ç8‡™?Hø†xÐ€þ'Ÿü©ã??¾OŸ>EtU‘¨˜2eJÍõDÿ0…¡:tx©ãø7‚â"€’qâ0MnewÓƒæÂ~ñ}ßóýò²2fVªGkUcÂ0°·¥(I„r¥>ÜÍ:¥}¼w'ºm}]#Bþn?*ztFJæÔ“N³3É?Ä–1ù©-{¶¶×£Lb$u2Y¯²¢êšo~sþQGõøž^zqÅw¾w­Ý¥4£eFqë÷s~ªB·sŒÜâKM^pÜ3¯ýÑO»w2é@É|üñÆh¦i³6N~Y 5OÚm~Ú6’Éf'N<ð«_ýêÜyózžQc2µþã?H“²r“?;êµ˜Ò£–åP»‡©)?Ý1fHW€â ¸ d²éT9%¨Òæ–ì å{ø6L,&TŠ„È÷}‘šš×u^¡{êêê˜±Ê¯1Ôj?¶­‡dOxÍ;"´‰|¯1?6Zµn¹P›ƒ\-”à¤ŽõïÅÛ€0zP27~ÿz+³+iU)ÑÍïí;= fÑ¡ˆöýpÈà!ß¸æUU½³Ö§6&“N~ðÆëoÜ÷ÀýÊRœ_}hŸuNíup7tØyA0å€Q—|ùÝ½/(FJfèàéT£Å?,”+Ü7FÆŽËOo9þÄ…–²Š¾®çyï¿÷îëÖ½»úÝw>|wÃúuAn¯Ý¾nã{oÚÜ6†âäîŽ;»ÍöW4FN:êð?/~¡øk@w =(™[7Ûœj
£vËVÈí´ì†A&•>bXMß¾=¿ôöÚÚ­µÛ¼Àw×²”eÙ¶m)Ûfcš7Zk§yc´â®Ø¼árWÛ1‘¡DÌJôZÜE »P\P2KŸzJ™´oÜ›
“1¦vkí§N<ù°#fq•ÚíÛžZöÔª×WI ©y‡bË²•¥ò{!­c‰²?~üïÉè"²
fò=²åÂÓÎéÁ• 0zP2ƒöÏ4ÔwåÿÂ?^øÛßýfäèQÝêÿÕW_½û®»ÿúØÃ›>ÞRt?%wòü.]Yê(þ]`ô d/zÂdÒ¡í&Ü÷óL^Æ#EsfÏ©¬¬ìnÿ±hlæ¬ÃŽ9æ˜xy¼,^®µn5`ï:Ž•L6uÿ&>A"âD¢}b½²p+tÒ€’©O6::™öÊ,2{ÕÞ0³ˆ4¥ROš<é É]ï3ÃËWn­ÝJ$n$RUY!BÙL6›É¶ô\Ü‚¢OlÝC·Ngæ†¦ly¿XÑW€îBq@ÉØ?š­ßâuØ`Ì˜Q?=öÄ¤Iv©;¡×W½þÝï]ûÒÊåõ?½gi?0oÆCO¢¸`?Áè@Éüò×¿S[Md #Í›ˆ11­³Ùàˆé‡u57 "¦m;·/8öØ3>}šmEEBn·•@«MÍ˜H$·£™ˆˆ?äöCk©?’6!µêaŸ/©mºß‡F†W¢¸`ÿÁè@Élxÿ}ì0±AÆ‹Å+Í¬_3uê!]ìGH^}åÕLÚ+?Ç¬ˆk)‹˜•ˆ°b!fE¢…UnÿÑ:0F~Æ"îSUIJ‰6"D$lÙ,bX©==P(d3"abÃ¬ÄH¾êˆ‘Å¢‰•1"KD³RdD˜˜I(l³baf!f1†9·›‘==33¾®Ž5Ã'}’Øé@ÉL;Æ4ínTW±ˆ1D6s M&“9çÜsýË_E#N§?lÜ¸ñúë¯¿÷Þ{£×²lË¶?6ÌÌLÚˆÅÄÌ¡ÅÄJ‘1DdˆÂ ¨éÛoüØ±ÃF?pâAŒ·æ?57Üp=31+ffV–¥r=³1BDJ)c1)fÑD³¥˜„H)ÅDÚ3+&cH±+#B"J©–;-”;1ß1-¬“6b+ªO{ÇÍ›õà£KöËP\P:gösaº.´Ê˜%_OÃì{~¼¬ü+_¹²+¹­Y³Æ¶í+¾t…ø6[ÌÜ¦v‡òÅDZ‡AŠˆ:pð¸ÆOŸ>mÈ°¡ÑHÄ¶m"špà„­µ[=ÏWJå»6²wW­Š“ö.êâAû7;î“™Ó=óÀAÅÿŠ ›0zP2õ;k£’i0qÅ:÷ŽÑÆRÖðÃ»rz†>ZŠvW)¥”ÊÏ! j)àWLA¦ÓéÊÊŠaÃ
uëùÞÖ-Û˜…:-õßçCÿ'€‰E¸ÌÖñš!Ÿàe Œ”ÌQÇ§›ê2ì(ÎON'3Ÿ9çìÛ~ñÇéäÿÏuuu_ÿú×?±$s™UsV°Gnj¯ïû$ôé³Îúò—¯0¡V¶ÕQ‡O=ùÔÅ—\bYlYvûÞö(z]Óî&BÄÔ”
Î:nÖ­w>TìU {?”Ìá‡M·³»šÜ>"2F´‘/œ{n§¹½üòË›kk?YxŒc;ûzfg&JeÒa¨?uÊ)çœ}vYYYáûô©ž>cz¢"áX¦û3;Èí{Ð˜l6fB±×€nCq@ÉD\¥ÃÛî#F[–•õ²®ë(Uèé<Çó¼À#ÑˆÕ<O ·ÒOîÀ²¬T:•ÍzUÕU-ºBkÓ¼âéžÞš×%j©'’\îAûl¶?%W&Ô¦“®?ÈÄBLAƒG?ä6Ð[0zP2§œtšãèLÖ°âÆú†#‡ÿò—¿ìSSSø¬ž}á‡?ù¡—ñbÑ¨!­™)­™Ørì]»võÔÿÚÿüÞÌY3ºÌÓÏ<óýë¯wÝˆRl)K“Ë4Œ£,KDŒ1–²„E´aV¬ÈhafVl´a"¶”1Ê²rlY$$F³RL¬?VJ)æPkf¶”ÒZSîÀ±-«åÀ?¤š2óíÿºÇ¿lè¤%³}ç¶ˆNïÌŠcq:ëêÄSªút’¤Ò©{îûÓÆõ”e)•ûº=ÿe¾ˆ(Vž$*ç}þ3gMïn<;wí²‘Ü®D’ŸÕ ¹ÝÒ¤Õµö\”ˆ™YDrå@-mÛçÆXDˆssŽ13íãÄVW¤T:½£iD‘¿_è>”Œö3ì?2a†5Õ}”ÕI-?Ñf÷îÝÊ¶”R$B¹YÍ9YÏ#’Dy"‹u7˜0šš²Ì&÷2ÿ¼ž_©ÕFÆ-¥V˜¹Ý¤„–¥ùƒ=?Q«O¹í*H­nŠˆYn˜ä²¾Ý½(FJæ›×\“mÜ–•x&?ºàÂóO?íôÂíßzãÍ›òã Ô¶²òÏî9B–m??°ÿÀoü~¹½¾ê?[o½•™ÇÏËj-¹Gú–ÇøN~îÕcûeO÷J'ºðÓ0Ïž2þ’¯~§ˆ;€" =(™eO>m55mÉ¦*×|ë›…û¾óÿøáG.?—“í¸bt~è@)ßó˜Õm¿øE¢²¢¸`¶lÙúøc?+›s•EJ±í8b±Ñ¬”Q–Êí|l´a¥Œ1J)1†ç3#ÌÜ’-p~†q.Åh5P$†X‘˜æ1
EbX±a¥ÄRJŒ±,Õ˜LÙþÜKŠ»%è>”ÌÖÚõeÜXTE,5røî¬²hý†õ¤H‰eÄD¢Ñ¬Ÿvl7}Ûrê¢ndìØ1Eãg¼­Û·f²~6ðE„ÈÄ£ñL6‹Å3™t,M§³±h4“Í$ÊË?PyyY&›?F#^Ö?Dlß7ŽcaèØ*É²Äf"ÒLŽ‘À¶œ0ôm;Y×?z^6?f³™h4žÉ¤ãñX:?‰Çã©tº,OeÒñx<•lªN¨xÅ°¢ïº£%óØ_ÿ–õ›$´Ï>ëÌÂ¹?çûwÿïÿnÛ¼5?ˆä
ôóó†«d²ñÈ£?:úè£{ÌG>ºï¾<ð€³?ûÙŽÚè \¿~Ã›o¼¹fõšú††ÊŠJËV–²Ú—µhûf.[È­X*¹yÉ¹ÅlšæÞÉMn´?bàIŸ>¯'·]‡Ñ€’<°CC}<^þ?¼tÐAhùüóÏ/Xp\îûÿØñxùÒ¥KæÎ?Ó“`yä‘3Ï<sÞœyK—-íhö‚‚´çm«­}ÿý÷Ÿyæ¹®\ñòk¯ù¾×“ëvê˜Ù3zå'zh?ô dÞXõª4IYõôiÓ
·¬««[½úm¥˜¹Íl_¥T:?ªéÛoê!‡ô0˜úÝ»ß~gmß>5ãÆ?S]ÛLÍ„úí5k¶×íÔA ?vl'‰X–•[¢T¤è–ó˜9u¿Ê²QÜÃ® ‹P\P2uÛ·&Ó©Ùó
?ÑîúúE‹ž¨ªªh·%“?£F?îyn@DÉ¦¦uï˜’;fu-=P¶uÐÁ{‚ßZ»õ©'ŸNgÓ}kj”RÊRm*?ŠH˜LÚºjT÷O€â =(™sÏ¿¨¡¡~ÉÒeÃ‡,(Ðìî»þ÷k_û?Ž>ýÁnœ3§GeE9Ï=÷âùçá€^[µ*fó¯ƒëº¶cß÷‡ûW¬|ALÏ#Ê;æð©??ûÏ^ë
Bq@É,ùÛ¬õ‚NH$Ê
4{ýµ×7nX¯[‡†[fø)ËÊd2Ç· ¢¢²çÁlÚ´iéÒ¥ƒ‡=î¸–²ŠîÇó¼gž~fÇÎºhÄµÇR–m)“Û¹ËC¹–Žm×7&‡õKL›S(}€^„Ñ€’2tØˆaýç™LÚÃ¡Ã†2[Ì*Ée,”ñ2³Æ?ë•Ü€ˆª+ª&OšÜ¯¦?ÅÅçD‰DN<éÄÜñ»ï¾óñ¦-åå•1×?fVŠL(ì0‡b+"£…¦@ÄfeD¶l2¡°ÍlÈÔô7ý*Ü^¹Aè
¤%süq®ûúå_û¯›´yô‘Ç.¾ôâL&Óþ£xYù“K—Î™Ó·W‚yîÅçO?ý´yóç?ñø±x1û.·g±úÅm·<óÌÓét–L‘3•??êð‡¿Ð+ñ@§?”Ì—®¸âø“Ž)ÜfØ¨áß¸æÒF+æ–µ€˜Y›?ƒN™ÒkKúLœpÀõ7Ü0xð`Çuz«Ï±ãÇßû§{üÓýk?|Ç‰DÇÍ­iÔÅÓYq&:¶oÅ?ÂÜ€’©Ý¼yô¨A¤"5¢Û¶g=Ï¶­–uBs»†éPÐ??öV0¾lÙº¥ª¼¢ª¦º·úl-“Í~¼ñãX,jYVs’°÷BLÍš?b£âŽ­òI„í!=(™Ù³f¼¸|y"‘è¨ÁŽ;O<éø?Ö­‹DÚ¤Fk!¾çžûŽ=¶G;%·¶èñE_8ÿ}úô™>m†íXñx¼¬¬lÔˆQcÇ?:tðÀ~úô«±m{¯?ºnçŽ?W_ý?'/Šº!ÊmŠÜéY©löŒ£¿ýO?wQè.”Ì?MÒcF=pà «õFLaÄbåcÆŒîÅ`úöë{äü£…´úaÈétzÓÇ›Ö¬y[-³G?9eÊ”©Ó¦Nž4¹¬¬ÐDêÂýßrë­Ã†ý×¿þ?Å•2"?g~h˜ÔÉ¾Ð‹0zP2»wíèß¯Òq:|à#;êvZJµ~Šfb-:êº‰ÊÞY³('‚d2)F„öT1‘Ñ„¾ç{b$‘Hä6EfÅ}*«I9’P·³.ÛuI„š—j¥=EÂL"ÄÌ¡1•¶gb˜~°Ÿ`ô d.¸à‚‡zØéx&ðÒ¥K¿ûÝo;®Ûüäœÿ‘Íf?:ó7¿ý¥ëöÚ¢Ÿ+V®üæÕßPqË¦BÄÄBBÄŠH(ÔZDH„™ûÔô?>íÐÏ|æì)S¦t·âè…^¸é7ZŽÍŠ™‘H>O`ÊMK`&fÊxfþôn¾íÎÞºM(é@ÉDìSX A]]] ¥"žplÛäžË“P¨©¬<æH,ºÏZÙª¼¬R)&""&""abbEFçÞ/ã?öøÒµkß¹ðÂ‹Ž[¸ [“¤O8ñ„¿ÿã¥§Ÿ~®o¿~¡ŸR¶cS~Ø¢å¢ÄLŠÓN¤Èr&(Š‹J&ð2‰)UÑQcL6ëç&‰01kmGYV?ö/Û‹£?6Få
{rOç-¹gwf2Fˆ‰Å(¶´HdS©tŸš>ŽÝíï›“$?FDÈ²ìÜÒL¹u™šˆ‰Ø$}B†°Ÿ =(™ÿø?ÿøÙÿü$‘(ï¨ÁŸþtÏã??VU]EÒz
/§S©£Ž>ú’K.éÅ`V½¶ê¿öÓˆãØ¶-ÌfÚ3™XZ<i­³žW]‘¸àâKfLŸÞõ‹Þuç]?üõ‘:šZÀi/8dÂÈ+¯þn÷oŠ?â"€’yù+?1¼ÿþûK—.-++SªÍ–h??Éê>}z7˜;w>÷Ì³aØ¶Ý²!A›¥…
.2¤µÎd½çžá¦›n:õÔÓ”¥
µn6ó°Ã~~ËÏW¬X?F¥]ÿÌÔ”ÊøGÏ¿²û·ÅÁè@ÉÔnÙ2lèÇí°j?•JÕÕÕ)eå+|ò8‚ŠªÊêªª^ÆóüíÛ·m²Ù¬ÃÌÌ¬,Ë±mÛrò4Wþ´—›?œI¥le?;ªë×M64ÖÖÖº±¨½¯Z)m¸L¥b5#{pgÐ=(™»ï¼ëšo]ít¼øÐšµk|à/®ãîÉ„˜)“ÍN9ä óÎûBÑ›”µ÷á‡ëîºëÎÑ#Gœ|Ê)¢eGÝŽÚÚÚ>ø`û¶ñxÔ¶Ý½÷)?æñ…=£¬Åd3™òòòË¾xé°¡Ã:½n¢²bwý®Ûoý…ãFˆ¹Í®LY?œzà˜Ó?wAoÝ&†Ñ€’™zð¤—ÿõ¯ÊŽ·/X´hÑ©§žZYUÁ¬öì2ÌÔ”J2eÚ³Ï<Uô&eí=úè£§Ÿ~úü¹G.Y²8?d³ÙT:µ»®îƒ×=ùô²7ÞxýÍ×ßô}Ï?¸$Ôœ–ìs$?‰(?ÉL™6ýž;ï;vL§—njjºè’KþËŸ+«+I¨Õ0§Óé£gÏüË¢gzë6 0¤%³úõU‡N›dw¼-Zãîú5ï½çÚ6)æV3´1±XìÀ'2õÚèAC}ý«ßÐà„qãÚ÷êeý>ü ¾~w¨“X–?Çr‹QóœåÖ´æúÆÆñcGÖùBn××_£ººšIn?&âÜZI‰ˆ5xÔÄ^ºKèŠ‹Jfí»ï4e’Ýñî–ã®ûàC#Ú²¬6“„…<Ïïß§o¿?½¶?ðÖÚÚ7_[5qâ¤Ñ£Gµ_¥4u'M:°ååªU«–/_ž(/?ÆbJ)cÌ>F„7|ô?1râI'4¸ðÕkjjfNŸñÀŸŒÅ"®ÑZçê¨¼@?PŽô`¿Áè@ÉÔTWÔn|¿²ßÐŽìØ±ãðY‡¸îÃ}~ú›ßüöòË/ë­`¸ÿ?s>wÎá‡Ïzæ™gc±X?–F›­µ[ÿðû?üöŽßnÙ²%‹z™l?ösgÏ{èá¿ôïpõÒ¼úúúO>éï+_r£?ëµ¼ìá‡>öì?ºCP¤%óÁûïNž0@¹ý:j`Œ<ÿì3Û¶ns"‘ÜÎd’_ÂˆÓMMÓgL?ð É½ÌúŸ}êé1ãÇÎ™3ÇR]Z–ôý÷ßÿç¿^öš2å‰„ÅJŒ°?/2ÉÇiBÝ”j:éS'8 Óß^»öå•ÿˆE£¶ëÙ*lò‡é3uöÑ=¾?è”L²n[S2RQÓaz O:h²m»ÄÄªec"bcúínl‚Àq:.NêŽªDbÌ˜15}ú¨.Ïg7nÜ¸qãˆè…_È¤3åååÒz‡–ÙËÌ¯¼öêÀ§M;´p‡“&N¬¬H¼óöÚH4J,Ìô¡êªŽ—v€Þ†ô dN8õŒ¯]~ñ?ùY?6¯¼úÚÉ'?ÔÑ§=ôÐ™gžÙ+ÁümÉ“çž{ÎôiÓ_\þbáâ¢½A°éãM_¹ê+»vï*ÐÌuÝÇyôø“N(ÜÛú?Ö/8naëwN9rÆýKVv=è¤%ó­k¾5kú”ÂmfÌ˜ñË_þ*ƒ½ö#³m»1™4p`o3múÔo¼qØ°av»yÉ…9ŽóùÏ~Ô¨Ñ+–/·Û¶íö[§1s*?2…7^&"¢ÃgÍúÃþ°{÷îH4ÂÄB<°º¹
ôæ”L²~W„3‰~#,U¨ž'•JíÚUµbd)£Y³01Ã^6=tÈPÛí…ïz¼¬·­¶¶¼2Ñ§ºOÑ?ìÜ¶=ÙØ¯('b!aÉÅ*DL©t6?öÐù$„MovØ&‡´‘¸Êº•CŠº£%sèÔiåŽ÷Çû›=ûˆÍ–¿¸üŒ3Î´-KH8·Å€!RDBlñW\ñƒüÀ²¬³xñâóÎ?oÎa³[¼(âYîÿêk«.¾äÒÆ†úÜÔäæÊù?•µÑC‡»ï¾{¦M›^ “ .ÿâåÏ=û¬mÛ:4'/8âÎ?ÿ­¸x »?”ÌégœÂÞ.U`ã"":xÊÁç_ø…º?»lÇÒZ‹1¹9ÊB$D‘h4Âž§C‡ýô™Ÿ>`Â„žl´vìqoºñ‹–,r'‰Š˜Pk/›Ée5–m~¸­v[áNÇ¹üÒK«*«³^Š•5{æ!=ˆºÅE%£Äç°ÞSUenœœ#"™TÆ‰8¢E8ÿe<Sà‡:*«*{ŒÖ:›Í(ÛŽºæžnÆÜØØ?ÄrA¶™ŠÀœjjªLTXN'ùLÖ÷H‹²Ò!%ztFJfÞÜ£¨a·ÐïÁ{1bx?–®ûð¼óÎkJ68ŽC¹ô€Œ%¶?µq”}óÏ~zÌÑ=Úà©§–]yå—?˜=û÷¿ÿ}ÑÅE9Ûjk/¹èâõ›>ŠX.‘?Rd$ ’lJ}îs_¸ö{ß¶¬ÿ‘|ÿÆ‡yÈ
õ±óÿáíèI<Ðu]Úø>åå±²ŠúÝõë>Ü÷¾È-†>öüP¥lÅ¶R¶b'$ÑÄ¶ë¦ï‰Ç‚ 'Á¸v$^V‹ÆÈt¾¾Paý8ó¬Ï?Ø¹µM¤‰C#†Ørì·×®nhh*Ð3|ðÁŽã„–c»=­›€®Cq@ÉXA½¯ª¢+‰n,F,ÛQlå¾_7F˜E)KDß+/?;=øÖ_a*•rc‘HoQCc“af•ï!¥˜ˆÃÐ/OÄ?N&]HccÒˆíª,9(.ØOP\P2—^|‘òv‡V¹û¯®›<yr?Æ¬xñâÅüãËq1D$¹‡x"1J‹œvò)\t~qû(¿ñ©ìu IDATæ›×ßpÃ¡‡NýîµßíìÁ½KÖ}ðÁõ7ÜD¶J5òuQ¾L›6ã{×~Ï?t|!‘ŸÝrÛKË_˜;ëÐ«¿{cÏã€®@zP2/ýýŸŽnÌR<ÙÔxÐ!Nˆhâ·lÙº{÷.¥ö.ef"Y÷î#F?\¸àØ"‚©ÛU÷ÒÊ¬Äô¸¸(gð ÁÉÆÝo¯Yã8NëÙÉ¹¬fÓ¦Í]|Ñ¨‘#;<Ÿ•-ôêk¯ö¯èÑDè”ŒßÔ³Òª¿—IG·ª¦ºÓS“Édyy9I~bÎýgŒI¥R‰XYeßÎûi/‚Ý»wÇb±D¢×*yêëë}ß?¸‘½BÕFg³Þ€ý¯ÇšÍd’É2GT¬˜;€"`ô d~~û¯Ø«Ïh×R*™j:ú˜£N?íôÂ§TTT¼ðÂ‹K—,®HT6?sïÁÌFë¬çÍ?7ïô3N³T7&õ®]»ö÷¿ûý¤I“.¹ô’žï¢?ãF"·Ýv[c}£eïÕ!{~vÒ„/¼ô¢×Êd3·Ývû°~•ç]vU¯Ä?Âè@ÉŒ8 ÝÐ˜&?{9á€Ï>ýìà!ƒŸµêõ×O?í´6hã:î7¾þ?k¾ý­ÊÊŠ.óèÃ=ýÓgÌŸäÒ¥OF£½SÏãg¼SN?åÉ'—íóÓ&Nxñùåýú÷ëèôººÝ‡vøˆþ•‹ž]Ñ+ñ@§?”Ì¦ë¥±¶Q•ëÀ³,+ÃC=´Ó%Œˆhã†?ë7lpl‹-k¯5†DÄqœL&†áa3‹Åc]¦¡¾þ?÷Þ«©î3vôÚ»×â}¼éãM?Ví†DÈu?ƒ:Øv
ŒcËšµï©09|Ü”ÞŠ
Cq@É¬X¹"ªëÓªŠE‘1æÍ7ß<õ´ÓPøÄá#†—'Êï½÷?xÌ%bÉ­b$BùµŒ„™?1«W¯ö<oØ°á.¨ªª*ÜçîúúW_yeÄˆ£F?²¨×¶(‹—½»v­¯µeY¹ùLù%Œ|?ˆÅÊ&NœÐñÙ¼k×®¦­ï"=Øo?”Ì7¾þõ2ÊlJSÔVÌ†¡õóÏ¿pç]wF;C(++[¿îƒ_Ü~[$ü?•(ei­‰È¶,­??±-GëPYÖ¨#¯ú?+O;íÓû ^}õÕ+¯¼rî¼yG}t,ÖÕ1‡N564þ×ßß¶½–„”¥˜IkafÛ¶RM©k¯ýÞ?7~¿Àé[²tù’Ç—?üùÞŠ
Cq@É¼¼òÅLýf«¬Ÿè?¬ˆ"Êd²Šù¤SObî|WûL&³ì©g‚Tª¢ªŠ˜Y˜Y´h&%Ì"Æ"6Ì"&¹k—&uø¬™#ÆŒî¨·Ûv¼øÜóý÷Ÿ3w®êÂÕ»(ƒå+þ‘mh°#ÑPB‹“6*¶_?=jÒäINÿ£?·­_}èáÅ,Õ
EÀè@ÉXìTWÔøN‚Yk!bãÆ#&0O.^rÄÜy?,0‹ÅN=åäL&³ò¹ç™íH<&
‰a––Èˆˆ¨¬l˜YûÞ»o­~›H4I4Ø¯ÿ?áCª*«mÛ"¢Xy¼²OUy,j„T¯M= Ûvì»Ñó?¨å?M$L®EŠˆm;ÛÔ”c¸Ý6-jª*šÊ±e2Àþƒô dÎøÌ™^ºÉX–R*_‘/dÈ4%›.¼ðÂ_ÿú×]™¦LD+_þÇ?üc¶-[YùùmíµªÑÆèÐµía#G÷íWS??=nÃÆõ?>öØ¼¹ó–>¹Ôî½â""úå/}ûí·UVT´lŽ&DÌœlJNŸ6íÅWD£ÞæË¯¼rë?ßzxÙß{1(é@Éü×w¯‹ø?õ*j±‘æ9L¤µö|/‚®¤±Xìºëo8xê´×_yÕ‰ºQ7ÂÌB¹ñƒ½å†r›“‰¥Òij!9´ß¡ÓgÌ˜0a‚ã8½{›ç}áÜAƒºŽË­2!ƒpÀÀ?N¡•‹hòÄÉW~ùŠÞ?
ÀÜ€’YûÆ+•?Ê˜LËƒ»1±“jJ?;¦ºOŸ®w˜¬oxû?µ‘H4‹ŠáVù@[’ßhY”R-‹…aXYY1lø0îhþrQ“É?Ö­s\w¯Nµ6–R'P`U/nÙøþ€ác{1(£%sÂI'…©úF_1·©þÉ=Ók­§L>ð¾:ðÀ‰]ìÐ×á²%Oþôç?OeRÜRÊÓªÏ6í„Z9þ’%K¢½Z\ôûßýáê«¿fYVëéLj=bÄˆ·ÞZ?H”wtî[kß¾éê/Ý»ø…^Œ
@zP2W\y×ïª³#$fïÏ˜”‘º;×®^Ýõô ¦¦æ¿n¸næ¬Y‹??f¶-ÛR¬ˆÚæ
ûÂÌ^:=jäHËí?-“[Lœ8áâ‹/)¯ª0¦íc*ËÊl§Ðýjª?þÔ)½€â"€’É¦›\[¬hBiè?™[¾àÏÏ'ÖY\]U]Ü%6oÚ,$e‰rÇrˆI)eŒÉ%¹Œ!÷?¾EØÊø^4‹ôvzàûA&•²#®ˆ0±??+Öa¨X•w<t@DZ(hÜn"EÞ>tFJfÎì¹••q²ìtS1-¬X1kc˜H)jSQ^ÞÐÔxÄaGÜðýÜ­þ}ß_¿~ýï~ÿû×ßXø?ãØMÉ¦DE…ˆÑ¹mŒ‰´6¬ÈR–1Æóü©S§Þu×]]\1©‹þó?¯yâoOÄbñÜ¬kVJ)†aS™zÿý÷«},¶”÷âŠåwÞòãßÜû×^Œ
@zP23gºkÃÚ]¡?¨¨dRFŒ¥Ôž
&KÈ°ÔT÷]»fí“KŸ¼ð¢»Õ¿ëº³çÌ?~ìß_úû£?>þáGÆbqKYFŒmÛDbY¶1bDâñpà€ÜñÃzqŒ‘ªÊ>nÄebÊM´`#Zdâ
äDd[Î€ÁÃz7(ÅE%ã*m?a¬j²,!!bRŠ˜ˆk-F‚ÀÇ-°E@i-J±1¢µN§3~à™Ð(ËŠFc¶mÅ¢N?MÊŠcŒÑF+¶´"¡ÜÂ Œ¸¶²
Í=¡ Sª²Þ:‚Ñ€’Y¸ðøò'CÇ"CÌ”›>Üz}Ÿ=«11¥R©ñã'\{íwÇ?+~¡OËâÜO/ëíÞ½cÛ¶[7oIeRÿüç?_ýõéÓ¦ÿøÇÿíFzí_‡·ßzëëß¸&›Í8vsŸœK?Ä÷ýï|ûÛ'œtb?Óqû¯6®~õÆ[Ó[ñ@aHJ&Õ”ªû¸!u9ô‰™Y™æYFŒ)¥DŒˆ(e‰‘¼ðÂs›¶lüõm¿À¸^=‹?1rÔ¨Ñžïm"‘È½÷Þ×¯_?²:[ä¨;Þ\³æ?7_¯ª¬!ff&c$W¿¤µ‰Ø?ü3ôÖê··oØØ‹ñ@a(.(™ÀË’Ÿ´bU–e‰bRÌ¹¹Jqn’@ëU†,Ë
ý0™nªªªŒöêìa""’ºº]ñx<‰*ÕkÓ$”ŒŸ&VLJÈ´l¸&bÂPÇËâvÁâ"Ï½Ì.+ì/=(™o\}uuu\Ø£-V†LûýÊDÈ"Òd,R!‘b!²E{/¨ª®þÌÙŸ™rÐÁ½Ì›o¾uÇwL<pâå—QQ¡Gö®khh¸ùæy¾¯˜™•"cHi"ÛÒS¦L¿èÂ
œ^·}ç?~Ëèþñ/|é›½t
£%3jÄ°p÷Î£,›ˆ”ˆ0íµ?š2ŠÛì€ÌÌb„•¥EÆŒýÝï}÷¬³Îêù`Â¢E‹N?ãôc?Yðè_ÿ?E{Ø[ÎŸøó9Ÿû¬e[J‰2ÄL†Hˆ¬0¾õŸßþáM?(púŠ+Ž<æØ…GL{hÉó½t
é@É4ÔÕ?;3N•Eºyj²´ 0‹ç—1"jYÿ3¿ú±!J66Š1Ó¦Mëùj¤©TjÃÆ?••ƒì­Å‹¶oß¾cûŽHÔe&!¦ü¢¦"ÄÙlvø°á?+D^ÖûpÝ‡•1§Ï ‘½t
ÅE%óÐŸÿRå„Û‚¨Í¦Í÷?™?‘gž}F´)++?|öœC§NQE=Ü×ÖÖ>ñø¢ñÆêSŸê•Ò¢u~øÐÃ;ŽÓ.uaÏËNš4iò¤ÉNg¢eË–­~û­iGÏEz°¿`ô d†ì/õ»™I„›ŠþID‰òSO;ã¼Ï~ÆÌ™UÕUÝ
æÁþüÙsÎž>uÚò—–G£±ÞZ6›ýÌYg-zâ‰\fÐ>Ôo~ó›?ùÉO
ô°kwý”ƒÞ´éããçÎxxÙÊÆ]„ô dÞ]ýºÞ½©ÑígIØ“Ü€g3YÇuš’M^://?böìêêî­öS[[ûòËÿì[Óoæa3íÎÖí”1æé§ŸVŠÇm=q‚ˆD¤)•:læáýû×èÁ÷ƒeO-ó²™áj&MŸÓÃx ‹P\P2nØ8 œÓ©”M¤IÛd…Úd7ÿÌ½³×O¥É(R†Œ"%-i³Ÿñ]Ç?Tº¾ÖÏ?û|`BÒ?Fû0jÔèýû†•"-Ñˆk©žÖyž·dÉ’ˆí„Ji_‡dlR¹Ÿš%“LM™zHáÜ€ˆÖ¬Y#ÚDÝ2Ûv{tFJfèÀþ•¦~}ò“½J48°ß„ñvøá³f6jÌ¨AýºÑˆëºV«=~ø¡Oú¬yóæ>ùä²h´ø•‹´ÖW_ýõÛn»Ý˜'T,[¶lÁ‚:©«Ûyü'½ò¯—‰hÁÑG>ú·eEÇÝ‚Ñ€’¹óî?6nZ“v(2ÅíT,­6J?v›&äÞÃ0´ÑA:?z÷½÷I‘"0``,Öf‚Áa‡ÍºåÖ[†æ8N±7D¹½Û&Nœü³Ÿþ,?YÍ3rX©TSSUuõ‘óçîÄq#—]|éœO¬†ô/ïI<Ð-=(™wV¿?eµê¯($"C¤¨y_€æ—šˆ›ßÏ½T­fä^æ2?Ü§-OäÜü²yße"­uÖóBÏ7$Ìœß–Yˆ™mÇv·ªªzÄðáTìº¦»víZ³vmEEÂu#dŒ´[ë?‰'O.´`QÎÚµk/t¢‘PsEÔï7dB‘@7!=(™1#Gxé¤oDq›U}r
¿Ìí#@­ÞÜëå>ßÉ¥
D$$Í3†9÷3§2™cŽ:ú‰Ç¹±b6Yûàƒ.¼àÂ•/­H”—›Üp7‡-DD©têª+¾rËm·Þ¥aóæÍsf±iÓ¦X,žÌxg;ÿO?.."(Š‹Jæª/~ÉÛùQ­$ÖÍïí?tðØ/­>jÑf5£ÞiÝ¸ÍUDDëpÒA“Ù)rìà_¯¼2nìØ©‡N5íK¥˜?°mëëW­ÓÜ¶mÛqÜq'ÚŽ%B~N;p|qñ@0zP2µ›7V%œ€ã,ÝÞmŸ?üÅiîŠƒÀ?ÅbÕUÕ¬º×w:?ÞV»?-?DX)iÉr?AÀFÚ•`6oÚ¤”²-›˜´pœ<§r@‘÷Ý„ô dž|`?Mza÷žÅÛ?/t÷ôöc”ÛªÀÈ1Ç{ç]èú¶hbÌâÅK~ô£®]³Öq]æÜZ«m(fß÷/¿ì‹7ýè?vxû¯~uãõ7ägK(ËÙc?œ÷û{ÿÒÅx ‡P\P2Ç/\°cÓGa$AFw¡ù'Œ9?N>DYÝø§áíÕ«zè¡Êªª£Ž=FÄ´O;”bÏóËÊÊ/¹üÒN{ÓZøÁ3fÎŒÅ"Æ3ù?™0~T·ïŠ…Ñ€’q-²Èg§¬Ô?ä¡f"e)ÕÙô"ò}_D2^6æF•RŽ»ïåP³Ù,uq#­uà‘h´åúbÈ»=ÁÚ¦ûFJfáÂãËEZŒP®Ü?w DÒö?½˜‰ÛäÎÚ{.²äÚ«[aÓº[&6:ÜÝ˜<xòA·Þz«êàYŸˆ²Yï½÷Þ½ÿÞûþùò?#Ñˆëº¤)%${…ªX%+ûô¹ùæ?ßùôâ·V¯þÎw¾ø^Ô?†l%ÄœlLM›2þ†›Ñ[¿s(é@ÉèPv¼»zK@å—Ý÷¬‚Ö+5´¬JÊ¹b&""Ù×AnÔ–ƒÖ¹Cë3éÔˆ¡#MÇó¤wÖÕ=øÀƒ~ðÁ-›·x¾g»ï{s®ã|ûóçŽ?®+¿?ÅûÛkÿzÍ?¹Š÷¬óšñÃÆéÊéÐ+P\P2:ð”ß?á²"V.ú$£‰h¤ÃB t:³cÇveYñXœEdß5HÂ¬|ß‘X,VUUÕÅ«ïØ±ƒˆ”²Z¿©…ËL–+úv÷^ 8=(™/_ye\eÒœ°š÷/fÎ=u7ÿ$¢Ö/Ûµéù)­_??dð?ùóçíÚ]Ÿll¬«««ÝV»{÷.âÜZ¥Š™mÛffcLG(Å©¦Ô?ÁC®»áºD"Ñ•ßÃÇ›>¾áú<Ïw‡ˆöÄÆäù2÷?‘çù;Ÿü_é@)½üÏ˜úm[²RQV–L§Ër]»)?­,/kH¥¢®ËLéL¶ª"ÑÐ”*‹Fƒ0Â0QVÖ˜J%âñt6ÃÄ±h$™ÊT–—545E\×¶¬¦t¦*QÞ˜JÅ"#’Éz¹—eÑ˜øÚ˜òx¬1•®ˆÇ›2KY×iJg*ÊÊü p#î]ÿ{wøÌ–íX–RÉd*QoL¥Ëã±¬ç#e±hc:]QV–L¥Ûv»)?­*/kL¥\Ça‘~ý\páÅåå]šOì{á?ß¿ñ‘G²m'?õª*Ê›Rñh4Ôaà‡N$*Ééçù“ÿcŠ‹J©nçöˆi’Xu6??D¢Z‡"l;ÊÏz‘h,}&KYxA4õ|ÏRŽ?6¡‰D£Y/ëØ®–€4¹×Ëzv$ž"e9¶ïùn4ê{i[¹Ê¢ ÐnÄõ²×q‰Å‰8^&‰DµÅ°åX?çYÊÒbÄÂ04ÑˆãF"
ü0‹y^Ö¶]#?hq#‘¬ç9NDk?D9Žíû>³J65úž7tèÐššš®ÿÖ¯_oY¶qÉ?ïgÝXÔÏxŽí’2a(QÖe5?É¿ì?Ñ€’¹ëÎ;U¸?q”ÊÕÒ°°ä¦aË2bØ?²”ÖZ)EBB†ˆYˆ,6Ú(V¤Èh£”eÄ0‰(–Ð(K‰I¾VÌ’Ÿ…,Bª¥&c4³ÅLBÂÂJ±É_Š´EŠE
\ÑˆilH:äìs>‹uuK5"zî™ç=±¨¢ª‚‰m¶+ªÄ,Æ?Å¤…Yi¦ñƒ*?<ùœOòï{`ô dìßØPß“-?ÿ?°,{á‚c¿}ÍÎšsDnþ@W¼ôÒßO=õ”?;wn¶`ÎŒGŸZÙa@ç?”Ì{kWKrK½©Plˆˆ„Z–ôlYw”„„‰ˆ¸ÝA»¦­Ú5c"iþ´õGù+æFöZCµ]ûÜAîÔ ½lÖ#d×ô­œ5}†êrb?óÎ;ï®[÷a,7Æ[–j<y?X3izO~ÏÐu(.(™÷Þ][UI
5/lº×Öí„Ðu]ï¡+—f#™¬—nÊ2ð„Oä.ì¯ÜÞ¦M›—¿ð¢w]e5žjÎƒDöÞFAk®t*Š¸£%3d`ÿú†úRGÑm#G?<bÖìÏžsöÂ…#‘HwO_µjÕ¹ç?»æí5]lüÜ/CqÀ~‚Ñ€’yðÏ4nx¥ÑÁ¬ÅY”EPû:ÐDŠˆ;;Èí*–;"ÓÙ?!’=—%¡Šˆ(!MB"$ùþ‰DÌ€~ýæÎ™;pPñK%/¸àÂ~ýú“ˆ)3Ð§¬Ç¿iè*Œ”ÌªU¯õOP†¶*u(DDd´ÖFjúô©H$œˆ‹Æ¨˜Ò¡}ôÑú-[6Åbñh´Ã?™[cæ¬—­.?÷:º7ã€Ž!=(™Áû§“š·šR\BJñôé3î¹çž¾}û2s,SÌÊ²zÞs2ÙôÛ;îøÙÏ~º­¶¶[Ó´Ö§3ç¾'žíyÐ(.(™ë®ý^vË;Û­>›Üdà&ïcÒ°P»Œ¢££íûÜòæ^M˜½lö€‰G?îý¯ê7mþx×Ž?ŸûìÙ¬+•ÛÚ¡ðÍ
3yž?iìÈ^?:‚Ñ€’©Û¶‰³;ƒÈ ?äç–gÿÖÏôL"m^¶kAÔåü`Ï›´g)S&
E?3ºw2>X·®aw½b«¼,f¹QÅ¹»ku³­ÂÉ'{n–}m*í01À~‚ô d9øÀLS“XKqË—îuVG‹˜¶¿M?{P÷}ßvÜ/®5zDQÁìÕ#müøãßüæ·¿ûý±ãFXÈ?p‡9Ì¾5e3fO½ëÁÅ=ºÅE%sÔüc7oiPÂ¢™º<?[}ù^´Vƒù¡öéÓ§<ÑË1Õ××ß{Ï=o¬zýˆÃÓ­P[oòú°Cé…? k0zP2©d£ÎîÒV‚Ät¡y³.n?Öúý–Çí½Ž[µdfcLMMu,ïæ}´Q·£.•MëPA?F,Ëf&Ù³s7ºb¢ÐP"F*õ$$è:¤%³ðØ£w|üQZ”ÅJºüàÜÑÌƒnÙ×†ÈÜÔÔtÝu×]uÕUEt¸sçÎ/®üËÃyiåÊl6k;¶eYDù??‹ˆ67†?ôÉGÎºí?÷ÅE%3 o?/›ŒiÅû=h5kx/÷Ù¸#{%ì£C!J$‰ŠîÞ…1æýwßûß{îyöÙg³™tEUeW·-ê4°}|TAÖ þ5ÝŠ†Ñ€’‰:Ê÷v‰J‘eYaÚ¶mŒ!e©0Ô¶m­™™ç^êP+Kå6°m[‡¡eY"bD,KéP[¶m´&"ÕÜ¡ÖZ13³ÖÚ²mjËRBd´±ì\ËÉ9–mÙvW¦
ˆHà–eaX__oGK©x<nŒ!"R¬;Øˆ»U„¹€uÚ¶æVŠ‰DØš|«|?ü9£¥tÕW¾’llQ¬”çy±X4?Ê¸®ÃÌ¾ïÇÊb™T&q?‘ ¢ñ˜—ÉF"?D$âºYÏ‹E£ÙlVY–e)ß÷ã±x:?v\‡ˆ|?(‹ÇÓ™LÄuCjmbÑh&›?F#žç+fÇq<Ï‹Æ¢™tÆvK©T*uøG|ík_UjÏ6Îb´Ñj?J§v×íÞ¾sûêÕ«ß{ÿýÍ›6+æl&k;¶ã8AÄËâ©TÚ?¸bL„eñx:“ŽD"AˆP$Éf³Ñh$›õ,Ë²-Ëó½h,–Ig\×%"ß÷cñX6“‰¸mt„Dj™9yäW¾ýƒ’þ¡þ?`ôòTÚÀ¿¤?‡ôò?@ÒÈCzyH éä!=€<¤?‡ôò?@ÒÈCzyH éä!=€<¤?‡ôò?@ÒÈCzyH éä!=€<»Ôüßå%“¾&"r‰ˆU°©ö“I?ˆˆ"‰*—ˆ¨î…ë¾rçª=uòÐiŸºê¨A½V:™ô©ÍµJÈKnúðÝ-?¹ƒ9t¯?Þºï¬›—š:{Ô¨ÃÏ9gjbG¸çOCK$"ûûúÿAzÐ‘º¿}çS×­ "}Õ]?]4¾@Óuþò©?YMDDŸ»gÕ—§QØ¸cÍ{ï½³æ²?èÅôà?;Ž;÷njs­’ØöÊÝ·Ü~ÛÒ÷¼½Þ¯š|â—}óÜé}sU¸ë?5ï½÷Îšæ9óœ©û=Î7ï8â¢ûr‡s¯_ô«Skö{ÿ?Aq@çÖÝvÇ#Û:þ¸þ…ßÞ¾zÆSrÞª;Î:ã+ÿÓ>7 ¢úÕ‹oùÊQgÝñÆ>>€ÿë0zÐ/ýð/?ô?#öY™²ö/¿Xœn÷n|ÔÜK/úÁK«¶Uï?÷ŸúþëËw½ÓrËU#˜:m^ß?/¾½uçú÷v¦‰ˆ"³= ÷Ëê{Ðe—~nÓ[¯¬k¤~ñ]‚ô K¼¿Ü~÷™G\6¡ÝÛÝö«­û8!1ùœ+&]¶_¢Û¯Ö-¹³9rç^sÇ??3>a]EDÚßôæ¢ßÝüð?“§çS©aó¯ºb~)Ã€î@qüÛK'“õÉd}ÒÓ…Û­¿íöE;÷~Ó_þ‡Ÿ.ïÉÕµßùÕ½d²>™l?@Q qç·S´äº7ßk>þôÍ¹Ažå?zæ÷Ý·?<jŸò·ïw/„âÎêŒ—L&ë÷Lcø÷„Ñøw¥“kŸ¸ã¦_/zc[ËS¦Ûwê‘\vÕù³:˜½ºâ§w¬8î;sZ­Ìóî}ÿó—R·-ºâøå3‡óïxë«“‰è?[ŽØ3«ø•s¼?þè[w½”«Æ¡øø3®¹þ;§ŽlS¿ôñKÿóÃîþG2÷*qÐ™×Þtõ?nhç?îºé'÷?ýQ²å?Ä¨ùg\váåÚ>Á÷¦Í;ÿì  IDAT“DUíÞn}¹U·´Ï™ÁzëòÛ~ô­»_É‡[5ùœ¯~çêÿÇÞ½ÇEYæÿÿÌf@D@FEQÃM45MÍC‘Qfi«¶jeÚvØÚr•[[nû5ÛÜÚÊ¶Õ¬M7mW;XT´R×³bJ&©ÔAa€æÀüþà9{–„×ó±Üs?sÏJ÷û¾®ë¾ìû]õI›úáÖY}D¤àó'”â2øùõ¯Åýïosç¯ü©z«„'þòÒŒ~ç?Ú¸VUS?Ü:ÍýÑ_üh“òÿ}ÏqÏ¼öLR4]¡´IÄm’'ïóg&¾´±Þ•½óÔžÕóShúæíqæ:|üôåNç'o,¿{à´k•Ëß‚Ï,Ê‘sø1Kc]Œštdá3÷lª]@ù¡Ï_žæðK~m”òèÏŠ}ÝÿÈ¢µlû>{öWyCnh¸7gÚß¦Ý¿äH½¹¶Ã—<¿M‚WÏêwŸjŠ¾¾»|WÕ€°ñÙ»›þÔ¯ÆÜm>Û³_k+ÿé?_t¨Ö×?ýÓ'/OÚqÛèÍlU¸ñ?÷¿ºép­9§Sß™ñ„üûœ+“½dÖm·Öj3pøüÕåë_zÅÂ
-?ÎEÚ¢Š]ËçV]šûu÷üü??_¾â½ùsßNdÔ£Ìõ×ïÿøì]DDäð¢w¾.Pv²ù£¹Uwµ»Ìxæ¡.õ·ëÝ\[7mtú„šøð¤Ûãj®B?ßþkõ±ªIÏ¡%/?É¦÷ÌxxÚŒñ¦ò­›67ØÙÑä×•l`êÿèË,[þå‡o¿öü=CÂôbž6æ†Kün„èÄn¯¹³~:uÉË³&ÜykBÂ°á÷=?wIòÎZÍ""æ¨!öðó¿çžÉí®»}ò´ß3$LŸýÝê?Í8}ë¦ÃbŠ=õá{†„Õ|©#‹¾L½˜A›6n­ð2~ÚÔ1×Õüß-ûúèEì®Z´h‹ŽÞ§\PÞõøœ""]:_;`Ð¸™Ï;)?Ü3öë;ãé{–<ñY…È¦¿|´iÔ3C|-yã³
ýÄ§'õ.˜}¾5DL~{ÅïL‘G§ý·>»FDDö9\!>"?®^tøÌš«f)#}g$.˜ðàòìº»ªÈ9’V5ÕgÆœ‡GGˆˆtŽî“pû„gŽ-ˆ¸ä=‹ÚýÓ’gœÿuíéÚs?§müäÐÆOþöª)nÒko>>¤©.?©_|PÝÐÑeÒÇ?_6fNúä©{æ6?µyþ³¿O™™´èÎiïXDD*ÒrŽKB³a¬YæIüûñþ&™1sðóƒžß(""?ÎqÊ5-ýÖ9¸âh=ÐT÷aùrÑ;ß¥þ|´z@ªÆan¼G‰Ïài³‹ˆHùg¿<rêûåÊåûàgf¾€‹È„‡'%T0]? ¡z~žõ´ˆHö?š;âÝ§Ü“P3 Á§Ï=Sû5¨-°ú]À{>{ÅÖ´Ã5ã˜#®i¶_~ÅÖ¹}Å5øß£_4_½O·{Þ\ûß/ß{~Æ˜„èclû–?úð‚´¦ÆRùiSõ¢þ÷ß_Ó¡wß=ÍvÒ´{ªß.§éÞ{xõìô<[ÓÛœUÿ‡îé_ý››®Ô¿zþ±‚‹Ù+\­h=Ðu¸)év¿­ß–‹”ÿ´èùß.Ÿ°îCn›4ã¡Ñ×6‚Ç=>cÉæEÙ"if?ÔîH…ˆHç'Oê Òà‰Fg¥¯=~×WS?`ØNÖ<(¡kdí%á]cEvÕ];vØŒ.½sXDŽ|þê¬Ï«f¶ëÜÿ¦;f>1©XÓUø\øíq?)z@Ò’ž‘ò‚ìƒ÷n[ýÉ²ÕJ‡¨ÃË®™Øø+ŠËK?UO^Û¥ÎË¤}¢»÷i¦Qíá>—è¿`>µO¾F}µ´´h“Ú}í«·g?¹®C­§ÓTœ<´vÉËn›õmS/Hî1iÖx½ˆHù‘l‹ˆˆÏøÇ§^Ä ØKFÓ}ÆÇË_›:´Î?üÓGv~³à¡Û&½³¯¹€†ÄvïYç?/d<®_ptŸAã}yåÇÏÄWÏÛtøìcµ­§êÞ¡/ÈK»€£.Z´UÁSÿœ0U¤ÂVp<óð?¿þç¢ÕÊEÊ·þóû#·OìÜØ6ú!=3deõãJýFÏ{´ñ÷(_<SXw‘ª„Ô¬\éfäs^Vzcøu¾ý©WoJ¤ÜvìÈÁÃÛ?úÛò?§EäÈ¢äÔqMÕyÝÔeM=ßâ*Ž¤ŽïÑXŽ0‡ÇŠœå?²û‘ªs¸n×¾ŠQgjËþq+o€–Eë€6ÉSp¬º‰ÀÇÝ'áö©/¿0^™sàdi“†%Íú×UMÆ?>mdÃGþ_"Ñ=kÆú÷—?Õ\4WìùlÉ®†«;OYªoÃû™"b†ÜõøkORæä]âNô»>»ÿWIÃŸZðùž¼:/«ÈÛôÖ‚Oª??ìÕøöÁqCâª·X9ûwŸ:U!âqÛø×ßÍ?Ôø&€+…ÖmQÅ®?Æþ&Ù44iÚð?×Æt¹Ö,Ç¶'¿¾RYz{¯&®kED$zÜœ?»¯_sŸF[.‘ëGÏè²ü?Ã""ÙKf?xÏwÅÉ«}³µ‘qG“Ÿºó¯Ùq£ÇÝ1èæ˜îÑ]L%6,Y²µjaDŸÍ½Là¼Ù6}ó™ˆœÚ¸ü¥?Ë_1EÇ†ëŽ8Y«S—iÓ†7ÕM)|Üï§ý{ÊGÙ""ÎM™6ü/ÕKüô>åN ´AÎ?ßV!R±ñ³ù?«·Ì§ûãÓni¶û½Oxü€ðæV¸$4Ý§¾8é›êg˜Ú¶6wûg""~ƒ†®ÿêƒìÍÉi"²oõ’}«—ÔÛO»¤gÆu¿”…U”–xL"µ$lÙéuÛ'Ú}mÁŒø¦û]ùÄÍx÷/?ý¿äìz[ýeÐ×3ªûnZ?‹´Aú!?~T ¯ˆøyôíï–Oºö’¿(à‚øôy|ÅÊç'žyišøtOš³dîÌ®õ×Œ÷êO?Ž«÷"SüøçW|õü%îå>î/ÿÝúùÛs¦íYÿˆâvÝíO½½~í«·7xµ\=£žÿrýò¿??mÆøÑ·Ož6ûÕ?Ö¯}õöNBÓ´,U™½¹'Z@+Wn³)}Lí~¡ïÀª°Ùœ??Ét¶
+l6»2©7™|®@Î©uDÑ›L~Í¯]Ãi;­75|aÂw5o%4ç»ùãšy$+àò s€¶ÍïÜ¯h[Œ?Ét®ÏG:?U/‘;âÑäßÜ¹HÆÜ3îŽÑ7÷6™Lb+8¾ý“g_Ù¨¬7°¹×5.ZWÚÏïß3áïÍ¼¡óŒ¥=÷mÌ€Ö?±€+-¤÷=·woâê¿]Â¬¥ÉÐRh=´ŒŠ‚#~Ú·w^IÕgÿðÞýú÷¿C&M PÐ¹€‚x@A<  P(ˆÚ–.Z†«$7#»È%¢ŽŒ1éxÖ>ÄmQQÚòŸ§äH`¨A/"å6k…©ß½ã§ëê×|HpØÊÅàç{uýåt»Jíb0‘ÎÛUùsÀÅâ¯€6Æžö÷W¤÷¹û?Ù!ÕWÌå9ë¯:|zDW¿f7MÿtÞ«2ù_÷Ç^‘B/•CŸ<µLžþ¿)WWÕ¿WçÏ‹x mÉø*y›yøÓÎdñ‹þÛ'[²*~!TevgK×WÌÁ¥¿Yš?å¹YMÍ­U”¶rÙú?¬åú?„1IÓ†uõ+Ùþöë•ØŠÅ ½ë÷ªµ‰ÇfÙ½yÕÿÒÒ?ØÊõ¦˜½7>PI nëÞäÅ+ögä»ü¢ÌC“&Œï$"r*mùG)[?ØÊõ!±7Ÿš¢±çn\™üå–ÓbŠ˜8ýÞx%ÆÔšoîÖkü¯ã;hë–jŠé=xÒ¸ÁQÆ3EoùpÎ7–Óùv0µó‰öÒ#kê)rµ3›Ž?0>.¨Î×wúÊ¿-v?zmb¼®z–kïŠg¿5üæ÷I1º¦6/Úø?…iq3{SÐ™£ï‹}é‘?Ê¢Iw96¼ÿM–~ÌãRûxåÇS×~³cÃ?|«SÒ¹×Ô‡îŽ¯©¨Ñ³TšµfyrJºõ´˜bn¨þÖ[Î†/Þ_“e)ÕµëÜå®ñã†Fª~ô•³¿?ž£ì2ãóyïÉÝoŒë¡,š2³{Úò%Û”sþè½ñ?gý¹ õ¢õ@[rÊrÄeèÖl68µþO/néðÀƒoþÆ¬sånü`éÿ+œ¸`\ÂôÙ½Òþ3ïïrÛŸïë!¢ÕênU¶ÿÛmî>÷Íœ¤Gþ7‹>œ»6äµ[Í"b]·ðÙïãxðÉHSYÑÁ”o¶[âÍëÿôÒ–vcÇÍ~äšvŽ¢´5kSOÄ'\úÇ¥G†>øÒë]¥(}ÕÏ.°¿ùä€@±m[´peð„—æõ
Ñ¸,û¿ût·%þÖHñd-Ÿ»"sôÌ¿ÌŒôóelùbã?¾SÎTØâŸã÷ôÔò«Ç¦ÅŠh~ÕõLüÍcO†jOçnXüÎßþ>ã¹GûÔþ>ÚØÞ]Ë^Û¼uLüÐ€ª9¶­ß§éú>£kfs·³ÐvÚá®Ù‹ÓQb-¬ºåvÚö¯ZžÃà©¿¿»SP½sgK[½»¢wÒó“‚üÅ}|í’?ý-åµ9‰fÉoì,µO_:gÙ¡î~ò…!¾¶#[¾Ûx ï”Iÿä­ùYÝŸ|rVŒÉmMK~}Þ»å/ÌJì$"{¾M\gŽç*·YÅ#¢,ÚùÑ’â¤qÏÿ9Hò7¿÷úŠ¿GD??àl?7´^Äm?1$ fºhã?~™[5­Ü!NÿníñaSþØß,"¢‰úëa[ŸÝž>®k¬Ñè#"~~ÆÆÒEÀ€é5Ý“Œ¦a7†|õSnù­f?GÚÊO-3æ$ÆjEÄÏ˜0åqïJ^{$aÂÂ[cu"b4œø ˆX×¥¬O\pG×@‘ ØqI#ŸIÙyjÀ¨G3ö™FÏ‰ñ­¹÷Ý¿UÊÏÍ,ê‘8$ÒO'¢Šñ`L½ªt??ŸQDŒ&¿ªV…êzFEkEÄ/6éÉûs_òÝ¨>w×Ù6æÆ±?ÞÝºÏ6ô&“ˆHÞæoÓÍ·O7Ÿëæ?)ï<röÄ„ÆFw˜>0óÌ‘ÇÇ|}(§TÌÆÆÏ’å¿ß®ñüÚÄ³ˆˆ)öÖcE$/eÉßñ¯Lˆ‰ºiÊ“Çþü§O·}r@óãIDÄð¸é7EŠˆ'Þ²ûO‡²å¦x¿ænh½ˆÚ?ˆXóN‰t¨ú4hêcý<"rð£§6;="’›™.?9Òö¦UoS$.ëñ"‰íp¶?»Šr²rO;\ùÙÙ9¥â±—‰øX2]‘ãcêý±µäeIlR´®ÎL÷‘,kH9ræÐ¶r?k^¾H‡î#ÜóßYX‘4 wt÷Î¡å1D®³ö½×—?¾5¡{tdT‡s¸Å]`Étõ˜xí™z{ÄÆ”¦)’˜:?gÌƒF›—¯Þl¹)Ñ,’ñ¿Ý§‡? rü7oDLÏ¨&¯Ô=îbKÖ‘GyAnFnîqq•:DŒ?Ÿ¥ã9E~×u7×Ý?ë¸ÕÚ«*(‡‹ë"r?È€³Ž,îY3Ý®½Q2
­"!Ín­¯EÐ–Ev3ÊþKÍ?Áäg4ùýª{ì»JËëmyûã‰½?rÙÉOÿöÝåi…å¢?î^}]á(ƒ¶þ­Wi¹øÕï°bwÛë­fê7aÂÐÑÆN|îµ}Û?Lûô­y3Ÿ·4½jÕ?Q³žûóø(û?ïÏ?÷ëÇß]“¶:+e¢ÑëêÍu)}mjì;x`þî"Ž´5|ÇŽˆÕ?ÏæçÁ“µò/ýá?iùNñŽŒïÚÎ¿z·M?%Cƒ
\vñÑ5œ{e@Eë€6¥ë°Ä ””õi7OŽoüV{h—.’¦‰ïmn¸Lçc?ÒÆ¯8Ówl·öŸðÆ}ñU-ÇRä˜ˆˆ˜¯‰—ï2ŽJ¿:?o¢bbeqV–$ô¨5ÓÔÁl8]bŠí_ÿ2WDD?0*:aÔ8)ßùáÌ?7Œœ›h?ÉÜsð?=ß9ErVÍ{aUê°u7÷Ñ¥¼æò=4<F6:&ñQÊ×Ñ£Gtæ{¶?øÆ?»æ…ÿ¥?ê¹y[Ì€Éáç¹¹ˆ5ÏÚè¹ª/cwÊ©Ø'ÿoB|U“Èq‹ˆµ™³ÕÕd=”[,‘?µæú……úÍÍ´KHõÏj9š'1};5V×ñ\‘ÈFÔÓÌÏ­­ÚóÈ©SÂÓßšóaJº¥¼êÚÏe·µW–›n?/[õÅW96eFIÖšoÓŠED¤SDˆìLÛV*"Rï~yHhˆÉÍ©šY”ºjmõæ¾½‡??”¥_¤+[m[—V,ÚÞ7ÇëÖ$/?PµšÛºsý®‰~SçÔä÷w)Ûº¬i«ÖgxD<YÛÖeW±¬¸DŒ¾:)I[³ÓêRæÛO¹u~~¢Eh—.²u[j¹GÄ#bL¸}„;åß)9Uõ”¦}²ü`È˜Æ{à˜ˆÙ–<g•eàðÊµxs›‡tŽ1dìH³xDDÊ|±|Ë¹ý$B:KÞ¡cnåü|³»:U4~–ÌnŒÉØðþz¥¨<gý¶l‘èÁ÷Æd-[žj­:yk¯*8¢ªìkbâdËŽ´r?ˆ¸-ë“¿<zNu5ós@+ÆƒM´=ž¢´äË7äZJ•:cPìÀÁ“î`ö)Þ÷Å[¤fThý4n—6(!iÂ´‘~"â±n{ÿƒ÷Sm.‘˜É³þ8¼VwûªEiövA:§!~|\Öâôø7f©:Ü§KÞZcu‰ˆN3lÜ“÷Æj¤xß¯/LÍqˆˆøÅ$<:ãîø )ÏYÿÑâÛòÄÏè.wb‡$=zo| Xw-[¶x›UMþÛiS?‡Ÿ˜20TÄ~ð«¾Xµ×îj?›ëš³~›Ó°U$ûÛo$ï:%"æ)¯?6*ÀºíƒÞßiÓµåsë¤YI=šx]´{×/½½/á?½;¦fOÓ›Û®œ¿ü«·ˆ„$$Míº}þ®ª“`]3÷oÛn|ªÞóLkX·}øêÒ¬²@“Îé;ôž®?ÿ3kà¼§FuP~‹FÏÒâ÷Öî:%"¢ï1qúøQQ±\ùöò”ÑÝånÓÀ‰S½©ºèÌÐFÝ1iLéÒ¿+ï;K_:½Î;ã¬ëþöôŽš®éŸZ/â€6Ìe/¯?¡z¤o=[¹ü|tÂtÙË=ºFæ‹ˆÇ^îjj‘»Üîò3Ö¿xwÙm¢7Õ/Àe/wëü†,Øm.­©A?ÛUjCƒ?4 &ê©Ë’òÒ»»nnì²¾™Í¶rMÃ"ÏÊí*uéš¨§ñ³Ôè?<örg#§®É?œU3?7´FÄ@2¾˜ù†mú›Súù¶t%€+…±€F¹Ó÷f…Œ¹‰lm
­´P(ˆÄ
âñ€‚x@A<  P(ˆÄ
âñ€‚x@A<  P(ˆÄ
âñ€‚x@A<  P(ˆÄ
âñ€‚x@A<  P(ˆÄ
âñ€‚x@A<  P(ˆÄ
mKà—Çã.·ÛÏ|ÔütRnwùµVr»J]b0è4Êg—Ý&zSÍGqØÊÅàç«=3ÑÈQ\:ƒA'µ§mlMp¥ðŸamšÿÜ†üPƒ¾êcÂÝoÜl™ÿÜ–n³_˜­¬RžºüñNœ÷Ô¨""âH{ÿé©>¯‘ôOç½*“ÿulÍDcGI8ï©Q²iþsk?w0ù«Ý§óí•ðäãwÇ]Áïª4ªû£s'Ÿ¹¢?e±§ü{ý¨ÙÃCDÄ“»6ù KBj–[·¬OíÕ56uóÖññC.àp!÷ÎzjTOÑ¶Þ?ÿ^»7ª®,Æh”§¸ÔV^j+/µ¹<UsBbdíÊT»ˆïLY%Ag.ß=×$»ÇÞ=å®aE+ÿ›uQ‡ÕÓ7$;mï©‹ýà4*kÙÜw_˜ûîsß]•]5'ä®_%¤'o°ØÓ¿ü?}â}}ÛU¯êúqÇÚÈC;icnîëÿý–]Ž‹;²?o;±æht.Ð¨z?‹DDtÑ·Mí4oþœÝÎ›&.ÍÝ¦,³¬]uPŠ-sfoqŸvÙS¶Xû?¸ˆžAE§?‹y`ØEpþˆÎ?¡ß¸a)/M¼£«”å*ó2v¬*î1~Z¼¹ê£eû[É›3†Ý]g»ŠòòR›ˆˆhë>þ¨.?»<ÿ§ËS]ýï¾‰¡É´â€F¥¿:ýÊä°Éÿº­zv‡á|ODDÊª>Û¶}›Ú.ñ±ÄÞJ:?8ß‘«—®ÙsÛ°Ú;ÛöÅL¥­!öùÅ“<ÃHD¬KŸûÃR?Ñ3pÂ›÷Æû]–/ÎBUfw¶t~š@A<  P(ˆÄ
â¯EÚ?‚Â’â{…Óåõz[ºW•Jå£×‚Û´t-®^‹´N§û˜¥À×W`ôU©T-]€«€×ë-)uXJW„9X¯ç®"Ðú€6!ûÈÉ  ÿNaA-]€«Òñ“EEEeÑ?ÃZº—c€Ö¯ °Ä×WG6pÁ:…ùúê

KZº—ñhýŠKì!ÁôpQB‚ŠKì-]€ËŽx´~NW€Ñ·¥«pu0úV8]-]€ËŽx´~^¯—±È.’J¥â¡g@[@<  P(ˆÄ
ÞŽ I–¼“‹/OýaŸˆ$?9sú¤–®\^Ä?³ä?¼ãîk>&³¶ïq7Ä?Ã¦9«Wd?¨=Ã?ìŽ1½Ú_`!E;¿ÙsÌÜg\ŸËüÖçÂýŸ¯-Š9¸½B³w/M•Aúv»¼‡à?x qU?5,y'-^–ð÷yç¸yÇ„[FG_žÊÀeÃØ?ËËË¯7ÇvQ{t–•:Üâ,ÈÉÈ=^êeºÄYµÜã°•:Üâ¶?œ•sÊáib7G~NÆ™<[©ÝYç(eU‹*?%'33ŽYî3K½Îâ¹ŽæÛÝw\¯Ú:µÐFÐz q}ô#
?Ÿxà©°•–UÐŒ¾ÚÂý{¾¶H G§÷­°îÉîi*Îw}+¬{²;Ý8hD”þðŽ][K}]•ú ]i~Î¶ ÈÑ#»Õíéã8¼mç¦cÒ>Ô×™–³Ñ?<ñ¶kCò3¿ÜáêsWÿX½ˆ8Ó7ïØãÓ}òM27ïÜQìÛ1PJÓ3¥KÜ]×‹#gÝµö½;2»?Üø-{öî/wk?ÆŒìTÑŠÎóäpµ"h\Âq3§O^¸xY­?ç14Ùºo×ç5½“ÂºN%"â6%ÜßIUy`Ã†?ù>£’ú†WM=!Q‘""Ú·÷ïé+âÈüú«cûr£‡FÖÚi~fêQuÏƒú«Å{rkòþ­û#îº®S—½?e´ÅÆ™¤$+ã”¶Ë°ç¡?[Û?Jº.\%âÈü:9+½§I¶fš{?ï&"öŸw¬L;|ý-]õ?Ô~lçÞb}tü¸¾Á"•y»6¯)½ðÓÀÕ…x I3§OJ3"õ‡}æð°s”|FãcÛuR‰ˆZ«4…×L{¼Ê
Áa=}EDÄ78Ô?÷XA±ÔŠÅ'NÛA]ªnù«ÂB÷gŠDõêâûåáœ¼¸ëürŠŠM!ÃBåø¡Roú–=é"".§ÆYZzÂV â¶¬Ûlq»4vG©H#¦‹mn}Dç`Q‡ûËáóúê\ÅˆgÉ;Y3@Ù’w2õ9ß„ÐÕÙVp»œ"z‘J©ÑÔY¨Q«¥Ò[=j ÒíÑªD$°GXÈ?£‡rOê;£z÷9­Q‹PBŸðê¨õ~EÛ4bŒˆ¾1ªºC‘ÚÇØhZ?F*Ýgœ@kD<ÐˆÔöÍxô¹z3Íáa—ýí…'öæwîªµÍÍ±k;u©ð—ÒÂ»#;þlÙ—UÞÕ_Š33­êŽ};Šˆè»öîr|Í?kÔn‰T‹HTD ~{þÁ²èþ¡Zñ:­Ç
<þæÎá™?³uï®qäœ£¡±¾Eþá‘¦cä\e”â=™Å"?—ñ+ðKB<P_£Ù ªaáâeáá¡wŽyÖ?œHý~ijõÿ°;Æô:§c·o'»7/+«ôxÕ?=ã…Šˆ:ºkð¾í¹+Wœè9rðèí);v,ýADÔ?]z‰V®ïÃ»‡fçÉµQáUŸ¯‰Qœºaãÿ¨ÔRYiè>8<<j@\Üúýk>ÿ^£?WÒ³g´?U IDAT„Ù¤i¤SŸþÇ7g}þi–¨ô]Âýåô9Õ@+ *³óØ> •K?x4!þ<ÞAðò+o~õÍÚ¦–šÃÃ¾þâÃKSY]™¿ß*]§?§Ó£××½pw;?j½^éäq:5úº7þs÷,;óü¢3<‡øúÖÛ•Ý!ß³ßiä(@Û–š–Ûãš–®ÀåÅ{ÔWï…hõXòNVK¸ŒêgÑÖdipÕnÛós‘&ÂÛàb^S?ˆˆö\²AcG õ£s€ú’ÆŒÜýÃ?Í¬p±ïGkB—ûu¼°7x}zî×ÓÇték ?!¨oæôI"—süq4¾¦Æ%tV*½ÁŸ;ý\t.  P(ˆÄ
âÐú©T*¯×ÛÒU¸ºy½^•JÕÒU¸ìˆ@ëç£×•”:Zº
W·’R‡?^×ÒU¸ìˆ@ë`°”´t®nÖ‚’À€zq!€«
ñhý‚Û8®ã'‹ZºW«ã'‹Wpû€–.Àe§*³;[º—?Óé>f)ðõÕ…}é@à\x½Þ’R‡µ ÄápE˜ƒõzmKWà²#mHAaIq‰½Âéb¤2€s¡R©|ôºÀí@ÛA< `ìñ€‚x@A<  P(ˆÄ
âñ€‚x@¡méüòxÜåv»2­1øÎü¡pÙm¢7é4µW¶[-¹V?1ÕÌwÙ-GÚý{D™ZqÙË+ÄÏh¨YVîÑùùjkvèÒšüt¶ªâ°•»•I?¡ú¸gfjuC?bÀÅ!h hÓüçÖï`òW‹³ÄV=òµ'‡‡hDiï?½"5aÂÂ‡âu""Rž¾â…wÒÊMþb?]l;û¹;ÍÖ5o-Xš­Ð:Klå×ß½ É:çÅƒ#ç=5ªƒˆHúþüj~â‚§Šˆ'ý“§?×þþ…IQÖmïð~š½]?¡¬ÈæŠQŽ˜þé¼W·B´Ri?]löÄ“Sbgf–Û¬¦~÷Nš>"Ò¯¥Ï­ñ@£Bî?õÔ¨"žƒKŸYšrpø”X±nYŸÚ«klêæ­ãã‡ˆHÑ–ä4¹uæÂ±‘""yk¨HÆúOÒ£}çÁ??Í’/~áQ#£7oK³Ž"Ž´[D\i{K9¸gCPß?G‹å¿KþžuÍóoLŽ5ˆØ³–ÏûpÎç‘Æw0î?ûcE¤xË»?¯Úž;¼öÌòœäù¯,ý4ü¹)±ü5à`ì€³P®»=×$»ÇÞ=å®aE+ÿ›UµÄè+eù¹9§ì""áæ?ˆ^§“’Ã‡-å.?Éné?Ôœ±ã'«ˆëç´Ô˜áSZ¶î³‰¸wmKokÚö¢¨Ñ£c«úºŽf.ÞòcFÝ2œå.Ñˆ¾îL¿¨ÄÄþö5?º"g€Ö?ûmeýtþ¼µH¹í´ï€ç{ˆëÇk#¼ÙIxs_ÿ?mÙ•ÔµŸ¯ià”‡?H™ûbJ¹hÍ}†=úëáQÑ·Íž¸òýÅSJÜºóÈ&MŠ
Œ‹?ýgêÞSCÚýp0vàÝÃ|-Ÿ¤¤Zû¶ß•4ìv³Hºõ¨èkÝ¬k'¥å®ªÛ?:ý+qØOWÝùØ€@‘ãuêÔúû‰?Y,±?WøÐ4*hÌofŽ®þkIYuPŠ-sfoqŸvÙS¶Xû?‘ øI³â'‰Ûu*gÕ¢ßZ×õ?;"£FLùó—Ý’ºrÎ[É1¦ôˆ—²fûšÛz?lÒé†-Z½mcûÔÐ^cÃE$<<FöÖ†±d•kBD¬"Òç¶?ß×Ãºåƒ9ë»öŽ64¨ÓfÍ]¤™lÀ%Aç"?ÒüM~F“ŸÑ ÓˆdìXUÜcü´Ä©§NHzr\ä‘äÍwúúõ%n­.È`Ñé´’·=e¯ÅåÑÚ4R5„YLñý#3VmNßÛWD›p“uÕªƒ?oN0‹ˆõ¿9òô7É_eÛDÄu|íâolñ£o©ÚÔÇÏÏhŠ™4Ò³ý“Ö:5:Š2Ö­\™4öæWþÐ*Ñzà¬lÛ¾Mm—øXbo³2#Îwäê¥kö–Ÿ6ÿÙµUÝ€Bg?4»N<üÙÂ¸ED|Cî|ò¡~¾""~}ú”\¹¡WU^ˆ½1A·Á2´ŸNy©ü“·^Ÿ·Ò%¢ÓÆ??ùè@S?4]ÇÞ×ãñRvšâ/"–ýzƒˆh£ºÞõâc£:]ÑÓ@+¦*³;[ºW9—Ý¥®÷þ·Ë!:ßó¾ár¸/`+p©({@A<  P(ˆÄ
ž/´!…%Å%ö
§Ëëõ¶t-®*•ÊG¯0·héZ\!¼÷hœN÷1K?¯¯.$8 Àè«R©Zº"W¯×[Rê°”8®s°^Ï]E õ#mBö‘“AAþ?Â‚ZºW¥ã'‹ŠŠÊ¢;‡µt!.;Æ­_Aa‰¯¯Žlà‚u
òõÕ–´t!.;âÐú—ØC‚é7à¢„—Ø[º
—ñhý*œ®£oKWàê`ô­pºZº
—ñhý¼^/c‘\$•JÅCÏ€¶€x@A<  P(ˆ¼ÀÙ-\¼|÷?ZòòE$iÌÈ™Ó'µtEà² 8‹?>—úÃ¾š?/ËË;ùò‹¿kz‹œÕ+²NÔ|R©ÁæaÃ»‡ü‚ž­Z´ó›=ÇÌ}ÆõáMÒÔAç"ÍY¸xyM60‡‡Ý9f¤ˆ|õÍÚ¯¾YÛü†n™2á–)n™œØ­£ýØºyW¤^pQˆš“\+$?ùò‹¿K¸!ND¾>[<¨¡1Fô2ë?……""nûé“™¹ÇKœgÖp;¬G³>Yì¬Tæx?Å'rd³:Ü"•N»­Ôá®Yd/sxª7õ8jU:KêîÙë´—•9½nû©cNØªŽTz"÷ÀÑ|»[@£è\ 9–¼“5ÓÉß¬ÍË;Y»£Ñ¹©,.w‹¯?Ñ?»nUæÿ? UéÞLç5Ý5 B9«¿Ë*5jOíK=5üæþÁ;SÒ²5ÆIO;dŒ¿9¡4íëÁw%^("G÷¾ÝÖeØÍƒBEääŽÿî/?6ºKÁžuûö?Ö†„èJ÷fzÂ»Þ58ÊP”‘²¶@Œ•¥µÞÝ3Ì™ú]Zz™>$D·o?KÃ»_hñ@sÌáa5Á’wò«oNÖÌo~ÃâÌ=ë,""žrÛ‰bu§þ‘z­vÈ?f½^+"’»gÙŽ“‡Dt<|â„.ìŽ½Ú‹ˆ·RT"–cÙ¥?úv©¯ZlÁ?¥{gzf‘hÕ¹9'…†ÉQËaOÐ .jgFÖ¾¿þwôïé+âÈLI>¼óhÔPqKXü”¾Á"RúÓÖt»±Ö:¹öË|ê¸4éåWÞ¬ÝzPÛcFžÓ.´úð.?{…›;µ"•ÎÓ9{³Klnw™xCX@àOyëV—ui¬—A!>™;¾Ý™Ú.*"¼KG“& kLpÞþìüþF[N?Ÿ?þûwZrú…Tæk®¹¶‹Jç—Jû®=}EDÄ78Ø/÷Ø©"ñ}DçàªB¬§õ×¹Dg€Ö„x q/¿òfSã?kF 4#°[ŸÑugYö}½ÙÖi`¯Ûk¥0;%ß-"ÒþÚ»îîRx*ÿxÞ‰?ßËì?hDTäˆ;;Úòsò
öoßõctŸq×u»Æ˜z ?ÇXfî0"Âtú‡ô#9Çä¤:rp˜ˆ¨5j©p9Eô""•R)¢©>hõã’ê®G<ÐˆzÙÀ–pCœ%ïdß®ï{CÜY³Aã\n§JdÔVZØìb)ÈËñ‹êÙ¾c¨lÍ(.“’‚œÊ?¨=;˜Me›×•ØD‚ô1æ¨Ÿ27§WvìÝO/êž×JÙ“í1„Ý*"¨ß~bo~çþ¡ZûÑÜ»>*"HÄRûàQ?5;jÖ9’Sv&A€ÄõÕËwŽyÇ˜‘j‹ì—±çöêÔÆŽþF).´ìNûy³V«©t;}‚‡tòîß—úóF·V¯®tªqƒ#DDT?Ã3sò‚bº¨E¤}×`cFžt?¬Úó5ñ#Šw­Ûø¿""ÚŽ×Ç÷o/RXïè×²¤nÚð¿*µ>(°½AJ/öûÐ
©ÊìÎsXÀU,ýàÑ„øèsXQqÃ€15ÓwŽÙìÐÎŸÛéÔèõª³Íô:?eó9«t:+Ï²Í…ì€"5-;¶Ç5-]€Ë‹ÿHhÒÌé“gNŸt‰wªÕ7Òû¿áLÕ\Ä«õú³½ËåBv@Â'Ô7súäÝ?ü("—>€_6â€úfNŸ$B0 -:[C<€6ƒx@A<  P(ˆ@ë§R©¼^oKWàêæõzU*Õ9¬àêF<Z?½®¤ÔÑÒU¸º•”:|ôº–®ÀeG<Z¿Àƒµ ¤¥«pu³”Zº
—ñhý‚Û8®ã'‹ZºW«ã'‹Wpû€–.Àe§*³;[º—?Óé>f)ðõÕ…}é@à\x½Þ’R‡µ ÄápE˜ƒõzmKWà²#mHAaIq‰½Âéb¤2€s¡R©|ôºÀí@ÛA< `ìñ€‚x@A<  P(ˆÄ
âñ€‚x@A<  P(ˆÄ
âñ€‚x@¡mé\v‡³ ÐVZf¯¬ô6º‚Z­2ú‚Û›¾ú+^ø¥P•Ù?-]€ËËîpæÍ?2j4?·z<•E¥Çò
¢®%!ÐfÑ¹hý

máÁ¡šÊ"¢Ñ¨C;D„Ú®lu~ñÜªÒrUKà
¡sÐú•–Ù»F…žËšÁAÆcyM/O_:}Ùš3µæþ£ž|h°Ys)ª<géÿáU™ü¯ûc¯èQÑênÐ?_WgÎøI®G®½´Q9ËUN?×èS¯SŸæ/ªWÖ|RKl7ïìÉîð_Ð-;uÊÛšM×{æöV-ûXýñIqŠˆVþðˆû–°Æ;(h5ˆ@ëWYém¦Ý 6?FÝÔà„£žþ¿)UWæ%Y+|8çÓ?…÷õ¸$uWZˆwåoÝí/ãTëk6]ï™;¬‘VgÒH‰fåGêÙßhþ™ä¹Œµ\g¶*ïºÊ•?xŒjõžkf%kúOw[º*—Õ/èN€«L@×a7†”gY¬U=îâ£Ó²-®š+—½Üá—5cïÁœ·ˆÔ™nj+‡­Ü%R’›¾7ËêeÚâp×>¸xl9Ò2òìuf:,uöï±——Ú«‘ž_{s·«ÔîRmuyD¤A÷†6Â­ÊËÔìÉT;k~y‡ºÔ¡’
uîM^…ˆˆT¨3ÔdžTI¥ª´´¦×?ÊyZ“þ£&÷´JùXªª¨”
»ª´T]ZÑtçœÏˆë%÷°ª°j«‚Ú;©UÒMaÍN*U…G5{~Ôä9T"*g¹ºÔqfQ­’ª‹o¤¼ª5ÕÎJ•ó„fÏÑªëUéÑ:ß]ƒ{Ö0?Q+¢®º˜Ó
àªAë€f·ä–êÂÚ·{úÒ9ÿ9Ý«»oÑ’·Ý‰³*Öÿ-|z‡.¾BëR”ºÀ=ìŽîû÷EUMÏznJOm£[¥:oñq³NLQ’•º0tä­†ÔƒÚn’•º0tâ+??ê ""¹ëçÿÁåkÈÙ¹¢ìÚ¤—"b]ÿîÿÕö‹r&/ÏìvßŸ'Æúü|æÖ˜˜¢ãE†^I3cCk®n}òÔWGbµb•ôƒo…'$üYm–ôƒo…?|íÙá?ï­%O5®ç!í3ËTr?7Æ¡ž] ùý#î[Â¼é«4OäË?ERàç½ÿAÎÖ>ño•þoŒC[ØÁkÛ/½âŽ­ToúH3×"‰Ñ’ñ…Úy]å;÷È—ï©W”Jénõ3?IÌÏ¬M5Í©
‹D‚¼Æ
Í‡¯«7È??¼_hKo¨\˜ä‡æoª3"¼½4ªÿ£1Ó56T?òžf•Î{c°d~¥?¼Ó=¡P3þgï—¿qE$SóÈ¿T÷>æÛQD4«ÞQŸ¸ÃýH?†åyôš¹o«¤£üT"á×U.ì¤þ~¡æõIŒ–¿S½Ojÿ±]&OôÐt´zÄçgÃây{}EDÄa?­?zøéx?¸w-_¶ðÌ×îˆ‘{{~øxrÚ°‡âEDJ#Ç¿’¥‘´þaþÓkœ`ÖHÚ?ÿðÖž¬)=»6µ•ÕxãÂÇüÄš2ço+óï^ð¬2½m_Ñ¨áA""ùíF½:9Þ 2>õí'¾[“1`’1eþ
Óô7¦ô3ˆxrW¾¸bã°ØD‘RóíÏý1ÎÐà{ØÚ~á·ý’¿ö…Ùë­?¼ðÇ„ªéô½EÃG9Û[ø•>Õ¸ì¬ªñ/êª?xßy¥òP²Êt³gîˆJÕØíÉšþÓÝ""6ïøgÝ}|ED³ìªàêurS´ˆWDœ?ªçæyçÎr÷ñqhÞ~U½2Þ5ù÷^cUþa•¾‹öÃtg‘êÛ£òàÄJ½?ÜÿûÊ«*Äiï_¦JO’ÈÕ+ý½+ín/"•*Q‹ä¨Wœðþþw¬ˆˆJ*½Rê²NµÉ*‰!ª=»Tâ+){4c=’©úÔé}¹‡×ù£¦AyžÉ?""ÒÓóÕˆJ)Ý®û¿BïüZëœ¨©µR³êcUä=ž{2ðhýˆÎOÂ¯›ë¶fn^²0­÷ô‰CE$ëçT‘^Û—~²]DÄa×?,<]µvLd”FDD§‰‰2WO»<žf¶ŠêUu«^«“Î]ÏLKeu?‡„>ñUü†¨k£íÛr­Åêl‹?¤­Zñ³ˆˆäkŠB‹ªVíÒ/¶a6‘ ˜ÎµF/!µ¦]â‘â?í?xÐúÔ{P ýø´¹®êRÞÙÙ+[%·jQoŸªTlUíwÈ?ë«×‰ñ†oÉÌR9»T*ëøzc‚eÓ1µt;‡ôÒ§åí*#¼"*g?zÝnUžSÄ¡’J¯ˆ»x‡¤¨^Z¬½¹›·Ïµ•ÝÂD:zGÕ/-Ð&ÆÈ€ØÊØk¼àIì®ýøuâ0Õ¦CÞ'¦ÉÇËU™‰*Ù§ò¿¡²›ZÒ-/PDj¾¯ä¯õ5}½1Ár&d«¾ìX¹ðúFB€Ö‡xàü?&?£DõNzrŠåw‹>O˜79ÖW«õ‘¨¾£î?Sþ¤Ü«1ø‰X•XÐ”&·ÒŸuTTy¹K¤j×n—ˆZ«óÕJ yhÒ°NU+$%ê"EDt??XI«mú(?ï­ž?ø‹TÔ¼ÈUk€^ÍD€·£¨
‹Tâ)—<ÑkEÊÅ)¢¼4¤òìƒûzÝä~°Þƒ’r4O,VÝ>Õ3¡£Èõž""â~ùªÂ<uF–ê­¿kûLt?ØÓ3ù÷•wå«3²U+>Ö8o’¹7Wö‰ó¾¼N?")Ý½?tñæùjvPKº$>ä9KyÕõ×©ÍÏ{W_/ïCÚ†&¸@?ýÇ¦/Y›+ÒµßM†Ôÿí>m0ùM~>ŽãùösØÁ…m%""{v¬Ís‹HyÆæGƒúõòëŸŸ¶í°øM~Fƒ+?ÿôE|µK»7\5Œ•7GÉ—[4¥•"•êïwªÂ¯õÖoð©ÒS>^£I?¡.=¡yû{UU«R·^ÞÈLõº*qfª¿-?!×VŠx£BeÏQ•³ª_ÐYÙå„ÚÛ­s¥Ñèµå¨Ò«fžÔd:¤ý5ž‡yî?’Ì|•”h2‹ÄØÑÓg?çÁëe?U%"úë½÷;T/§¨îº¡R/•7÷•”/Ô·÷ŽìØLyut»Ö^{ë™EyÇT…GU¥yz\%h=p¡4‘‰c{¬Z”²íæ™ÇÍ|øƒ^˜¹^gÔ–»'LéUdcC1´•ˆHŸhùä•™¹R^aè÷ÐC‰á"2àÑ§­óß?÷k·ÖÏã–ÎO>Ö5ä‚¿Z@c{cHfëW9ä~Õ‰Eê»æ¨ýE|:yÿ:ÖÓà–¹·Ï}ž¹Éš·þ¥1yï¿Í{b™ˆˆtóÌMÔ¼üžö=µ”‰Œ¿Û“""ÞØáÞÿ¡N|Q-×V®›t¶ç–v¯œ­™ýºH_‰‰õÞ(""…'U~¥ÍÐIûJÉó÷¾Ñ¿ÒyRûŸÚnWKžxgO«Q{n¼NýáOÞ‘=¼"Òþo·uªnC+•ÿÛ6ZžµÞÑ=/'hŸ~WûžVÂ;{ûWw¬)ÊV-Ë—±£.þ¸
¨ÊìÎsXÀUì@Æ±øØ¨syõ?ÇS™–žÓ3&âBåv9Dç{¾÷.l+—[t¶rÙ]jCŠÎß¥Ý®n•Símª“›³T­7*·Þ?©ºÄõÞþÞ©,T9+D_ÿ%h"*i8ó¼ŽÞpf¥ÊYéÕŸß¿›&Ê«íBv UáÐúýE¥¡ÎºfAQ©ÑÿbzÙku¾Wl+i$ˆˆÎÐÌp‡ó?Ä%Ý®ÚfúÙ«2¿Õ<—¥ÙÝk¬Pí8(CFUFžYêÕû4¶Ñ¹gƒ¦ŽÞpfÓ¦iM”w±»ÐªÐz´~v‡3çh~Dxpp?±©6?§² ¨ôX^AÔ5¡_† ÍP9O«3s¥B$¸sÕ‡ õ m‚Ýá,(´•–Ù++¿”Q«UFCp{Ù€¶Œx@AC
âñ€‚x@A<  P(ˆÄ
âñ€‚x@A<  P(ˆÄ
âñ€‚x@A<  P(ˆÄ
âñ€‚x@A<  P(ˆÄ
âñ€‚x@A<  P(ˆÄ
âñ€‚x@A<  P(ˆÄ
âñ€BÛÒ¸rVlV¯ß§>|Råò´t)®:?tó?«œ0¸²¥kp…¨ÊìÎ–®Àeg)T½òÍ!‹ª¥pUênö¾xŸÇÜÞÛÒ…¸ìè\´dã?EõÊ4-]€+?x´~+6«É.Ò!‹jÅf.€Ö?ç@ë·~ÿÒ\ü1Úþ?­ßá“4¸øc´Ä õã9E.þ˜mñ€‚x@A<  P(ˆÐ
ê+£cÏ|L¸^F÷•î-Yàê mé—Ò3OÊ½ÊôœJ9²Gžù·L½W’¼[æ^èn'="Ot•Ôdyâ—®VÀ/ñZ?¤äÞ)=&Ÿ¦JA€Œ•„p‘m{¥P/ûZº<À/ñZ?¸"nùê-Y(""Ÿ¦ˆ¹ƒXDRÈ)ƒ©Z©ƒL,=´’º]òÚK{·¬N—î±ÒY+?JÒ1‹lÙ «O5qŒ2,Jœ'ÅÙM’:JÉQùë–+÷—ñZ›SD+·>*Î4Y¿E‰XN‰ˆÜ;F’B%y·Ìí.Ÿ< ?µâ¬?Ñ}¥Ô#ÆbY?.÷Ž‘¤@)ÐH°ˆheôuÒáeYÞè1båI"61ú‹SDßWÂeâ§Wú›.†&@ëñÎI-’à.2m¬,y]6¾ sÖYaÒ-ÒY+‡6ÈÐäžÿŠøÔZæ#›eàó²ü˜ˆ¿¼©¹ÝòÒë2t‰ˆtŽº\_påÑz­Hº<‘.!÷ÆIß(Iè"£ï”Sg–w6‰ˆüFDÄ²AÜ"µ¶®šÿNžLŠÑ4wœÒBY}Jä”¶K07š á?:´æ""rL>M‘çÿ!ÿ<,¢•îµžpjs‹ˆ˜ªqÚA|šØ ­¢õZ?iÈ­>’z@¶ã5’%â–CÿÓ?Ê
ŸeÊ½f4A^Í”Ý¤;÷ˆuñ_h=›^Ý(ÏüJfÞ$æ
Yý•¼SkK²¼³[lzt?3%ÕÞ‚Å~‰TevgK×àòñ¢®¥KÀ•6¨¯8s$µáÃI;È¤ëdÃ±ˆH¬|ö€˜-2ðÍ©W¥u¯¸Zº—?‹ Úº»‰ƒå‰›ä‰DqºDt¢wËêÍW¸4À/ñÚ’UrÏ>Iê#f­ˆ[R·Kò±–.ðKB<€¶Å’%³7&´ÂÚIDATZºÀ/C“(ˆÄ
âñ€‚x´~:MKW Uà?Ð€Ö¯K˜·¥Kþ»vlÓ@PQÒe$—¹'nÂ®Æ¹: b
@H ûH~$[º{¯‚‰fõw—9°L`äÌßns¹õÀX&°òæo¿½Œƒ;?à_ÆaÚoåÌŸ<€E8Î
ø³q˜Ž‡ó­§®aõñùuë€+9½¬Ÿ_×oï«o§<ð÷wO?ÓnsñnË!€ø\D‘@äyD‘@äyD‘@äyD‘@äyD‘@äyD‘@äyD‘@äyD‘@äyD‘@äyD‘@äyD‘@äyD‘@äyD‘@ä?ŒFƒ¥Þ–u—IEND®B`‚' height='200' width='200'/><br>
<br><img src='data:image/png;base64,‰PNG

IHDR
1K«Í/sRGB®Îé IDATxœìÝwt\Õµ?ð½Ï-S¤Q±Ü{7Æc\0¸Ñlj¨!„B‡B^ò’?„??¼—i¤/Ô`bÓ±M˜blª±?‹\dKM¹åœýûcF²dY#i$<ï·òý¬…Ö?™sÏÝWZß=gŸs8•ñ€H•:ø¿éä!=€<¤?‡ôò?@ÒÈCzyH éä!=€<¤?‡ôò?@ÒÈCzyH éä!=€<¤?g—:€_ï¼ùš1a`9Šˆ?2¢Ø&&Ò,,¤H‘PîÝnbb!Éf²A¨Å¨xÄNTTöí[•¨¨ˆ—Å˜5‘"b"ÓPŸ\ûÎ–íéÜYû¸¢V$Ú"f2Ùm¿cEÚ?%¤-R!“#’±ÉÒÍÁä»kÐFî¢D²V¢”‚ê>‰a£&õ€nCzP2N8Þ$Ói›XÄ!cÉÞOåÌL$"mD„Ú?ˆ?b–ü¡0,ÛéÛ·ß¸1ã·ð ƒ®ªîk9®eG˜f·å*O.{ìœs>‰*¦Ü“;±ˆpëƒ|ÒÀD$"¬ˆ¤9X&f’ü>I.Ë`!é(`¢6wGÍW$1ÄŠ³ÿÓGÍ¸{ñÊýÿ×ø÷„ô d.¼ð2·ig£[?F‰É"+|¶åödùïÕYšŸßE„)ÿxÝüœ?{L—0EÄh-ÌS&tøìÙÃG¯H$
3aÂ„/}éKŽc;®CÒêÁ?(?
!BLù¨Zôe_Ù‹jÎ¨]ŽADœOò‘S>™hé¡å^˜©±)}Èø‘ûáo9œÊø¥Žàß”Ñ…»Ùíg1I~Ð`ÏSvîQ\„òßÃ·|OÍÏç”?Î½#B¾ï'“??ï?=&_¤ÓeAd2ÇqšŸü‰H˜¹å€Ú|·Ÿe_KnÄCš›µœKm8?ä°'ïÙóNÛKQjeÒìV}2ØFJæˆÃf§¶*.¢‘!¥ˆ&!²ˆˆH1“2DŠŒ!RùcmH)bMd±6¤,bÛ±bñøü9ó.¸èB?ð\7Ò­`žyæéË.û¢"Ñ¤lâ?ÄfŠ²™C‹ŒaKEÆ?•56¢–/Œ´Õ)Öš”%¬‰lÖ!)[8$±É„­/Úú}ÃæN»ýÎ{ÿ·û‚ô dÆŽãx‰Ý:¡º?ç8‡™?Hø†xÐ€þ'Ÿü©ã??¾OŸ>EtU‘¨˜2eJÍõDÿ0…¡:tx©ãø7‚â"€’qâ0MnewÓƒæÂ~ñ}ßóýò²2fVªGkUcÂ0°·¥(I„r¥>ÜÍ:¥}¼w'ºm}]#Bþn?*ztFJæÔ“N³3É?Ä–1ù©-{¶¶×£Lb$u2Y¯²¢êšo~sþQGõøž^zqÅw¾w­Ý¥4£eFqë÷s~ªB·sŒÜâKM^pÜ3¯ýÑO»w2é@É|üñÆh¦i³6N~Y 5OÚm~Ú6’Éf'N<ð«_ýêÜyózžQc2µþã?H“²r“?;êµ˜Ò£–åP»‡©)?Ý1fHW€â ¸ d²éT9%¨Òæ–ì å{ø6L,&TŠ„È÷}‘šš×u^¡{êêê˜±Ê¯1Ôj?¶­‡dOxÍ;"´‰|¯1?6Zµn¹P›ƒ\-”à¤ŽõïÅÛ€0zP27~ÿz+³+iU)ÑÍïí;= fÑ¡ˆöýpÈà!ß¸æUU½³Ö§6&“N~ðÆëoÜ÷ÀýÊRœ_}hŸuNíup7tØyA0å€Q—|ùÝ½/(FJfèàéT£Å?,”+Ü7FÆŽËOo9þÄ…–²Š¾®çyï¿÷îëÖ½»úÝw>|wÃúuAn¯Ý¾nã{oÚÜ6†âäîŽ;»ÍöW4FN:êð?/~¡øk@w =(™[7Ûœj
£vËVÈí´ì†A&•>bXMß¾=¿ôöÚÚ­µÛ¼Àw×²”eÙ¶m)Ûfcš7Zk§yc´â®Ø¼árWÛ1‘¡DÌJôZÜE »P\P2KŸzJ™´oÜ›
“1¦vkí§N<ù°#fq•ÚíÛžZöÔª×WI ©y‡bË²•¥ò{!­c‰²?~üïÉè"²
fò=²åÂÓÎéÁ• 0zP2ƒöÏ4ÔwåÿÂ?^øÛßýfäèQÝêÿÕW_½û®»ÿúØÃ›>ÞRt?%wòü.]Yê(þ]`ô d/zÂdÒ¡í&Ü÷óL^Æ#EsfÏ©¬¬ìnÿ±hlæ¬ÃŽ9æ˜xy¼,^®µn5`ï:Ž•L6uÿ&>A"âD¢}b½²p+tÒ€’©O6::™öÊ,2{ÕÞ0³ˆ4¥ROš<é É]ï3ÃËWn­ÝJ$n$RUY!BÙL6›É¶ô\Ü‚¢OlÝC·Ngæ†¦ly¿XÑW€îBq@ÉØ?š­ßâuØ`Ì˜Q?=öÄ¤Iv©;¡×W½þÝï]ûÒÊåõ?½gi?0oÆCO¢¸`?Áè@Éüò×¿S[Md #Í›ˆ11­³Ùàˆé‡u57 "¦m;·/8öØ3>}šmEEBn·•@«MÍ˜H$·£™ˆˆ?äöCk©?’6!µêaŸ/©mºß‡F†W¢¸`ÿÁè@Élxÿ}ì0±AÆ‹Å+Í¬_3uê!]ìGH^}åÕLÚ+?Ç¬ˆk)‹˜•ˆ°b!fE¢…UnÿÑ:0F~Æ"îSUIJ‰6"D$lÙ,bX©==P(d3"abÃ¬ÄH¾êˆ‘Å¢‰•1"KD³RdD˜˜I(l³baf!f1†9·›‘==33¾®Ž5Ã'}’Øé@ÉL;Æ4ínTW±ˆ1D6s M&“9çÜsýË_E#N§?lÜ¸ñúë¯¿÷Þ{£×²lË¶?6ÌÌLÚˆÅÄÌ¡ÅÄJ‘1DdˆÂ ¨éÛoüØ±ÃF?pâAŒ·æ?57Üp=31+ffV–¥r=³1BDJ)c1)fÑD³¥˜„H)ÅDÚ3+&cH±+#B"J©–;-”;1ß1-¬“6b+ªO{ÇÍ›õà£KöËP\P:gösaº.´Ê˜%_OÃì{~¼¬ü+_¹²+¹­Y³Æ¶í+¾t…ø6[ÌÜ¦v‡òÅDZ‡AŠˆ:pð¸ÆOŸ>mÈ°¡ÑHÄ¶m"špà„­µ[=ÏWJå»6²wW­Š“ö.êâAû7;î“™Ó=óÀAÅÿŠ ›0zP2õ;k£’i0qÅ:÷ŽÑÆRÖðÃ»rz†>ZŠvW)¥”ÊÏ! j)àWLA¦ÓéÊÊŠaÃ
uëùÞÖ-Û˜…:-õßçCÿ'€‰E¸ÌÖñš!Ÿàe Œ”ÌQÇ§›ê2ì(ÎON'3Ÿ9çìÛ~ñÇéäÿÏuuu_ÿú×?±$s™UsV°Gnj¯ïû$ôé³Îúò—¯0¡V¶ÕQ‡O=ùÔÅ—\bYlYvûÞö(z]Óî&BÄÔ”
Î:nÖ­w>TìU {?”Ìá‡M·³»šÜ>"2F´‘/œ{n§¹½üòË›kk?YxŒc;ûzfg&JeÒa¨?uÊ)çœ}vYYYáûô©ž>cz¢"áX¦û3;Èí{Ð˜l6fB±×€nCq@ÉD\¥ÃÛî#F[–•õ²®ë(Uèé<Çó¼À#ÑˆÕ<O ·ÒOîÀ²¬T:•ÍzUÕU-ºBkÓ¼âéžÞš×%j©'’\îAûl¶?%W&Ô¦“®?ÈÄBLAƒG?ä6Ð[0zP2§œtšãèLÖ°âÆú†#‡ÿò—¿ìSSSø¬ž}á‡?ù¡—ñbÑ¨!­™)­™Ørì]»võÔÿÚÿüÞÌY3ºÌÓÏ<óýë¯wÝˆRl)K“Ë4Œ£,KDŒ1–²„E´aV¬ÈhafVl´a"¶”1Ê²rlY$$F³RL¬?VJ)æPkf¶”ÒZSîÀ±-«åÀ?¤š2óíÿºÇ¿lè¤%³}ç¶ˆNïÌŠcq:ëêÄSªút’¤Ò©{îûÓÆõ”e)•ûº=ÿe¾ˆ(Vž$*ç}þ3gMïn<;wí²‘Ü®D’ŸÕ ¹ÝÒ¤Õµö\”ˆ™YDrå@-mÛçÆXDˆssŽ13íãÄVW¤T:½£iD‘¿_è>”Œö3ì?2a†5Õ}”ÕI-?Ñf÷îÝÊ¶”R$B¹YÍ9YÏ#’Dy"‹u7˜0šš²Ì&÷2ÿ¼ž_©ÕFÆ-¥V˜¹Ý¤„–¥ùƒ=?Q«O¹í*H­nŠˆYn˜ä²¾Ý½(FJæ›×\“mÜ–•x&?ºàÂóO?íôÂíßzãÍ›òã Ô¶²òÏî9B–m??°ÿÀoü~¹½¾ê?[o½•™ÇÏËj-¹Gú–ÇøN~îÕcûeO÷J'ºðÓ0Ïž2þ’¯~§ˆ;€" =(™eO>m55mÉ¦*×|ë›…û¾óÿøáG.?—“í¸bt~è@)ßó˜Õm¿øE¢²¢¸`¶lÙúøc?+›s•EJ±í8b±Ñ¬”Q–Êí|l´a¥Œ1J)1†ç3#ÌÜ’-p~†q.Åh5P$†X‘˜æ1
EbX±a¥ÄRJŒ±,Õ˜LÙþÜKŠ»%è>”ÌÖÚõeÜXTE,5røî¬²hý†õ¤H‰eÄD¢Ñ¬Ÿvl7}Ûrê¢ndìØ1Eãg¼­Û·f²~6ðE„ÈÄ£ñL6‹Å3™t,M§³±h4“Í$ÊË?PyyY&›?F#^Ö?Dlß7ŽcaèØ*É²Äf"ÒLŽ‘À¶œ0ôm;Y×?z^6?f³™h4žÉ¤ãñX:?‰Çã©tº,OeÒñx<•lªN¨xÅ°¢ïº£%óØ_ÿ–õ›$´Ï>ëÌÂ¹?çûwÿïÿnÛ¼5?ˆä
ôóó†«d²ñÈ£?:úè£{ÌG>ºï¾<ð€³?ûÙŽÚè \¿~Ã›o¼¹fõšú††ÊŠJËV–²Ú—µhûf.[È­X*¹yÉ¹ÅlšæÞÉMn´?bàIŸ>¯'·]‡Ñ€’<°CC}<^þ?¼tÐAhùüóÏ/Xp\îûÿØñxùÒ¥KæÎ?Ó“`yä‘3Ï<sÞœyK—-íhö‚‚´çm«­}ÿý÷Ÿyæ¹®\ñòk¯ù¾×“ëvê˜Ù3zå'zh?ô dÞXõª4IYõôiÓ
·¬««[½úm¥˜¹Íl_¥T:?ªéÛoê!‡ô0˜úÝ»ß~gmß>5ãÆ?S]ÛLÍ„úí5k¶×íÔA ?vl'‰X–•[¢T¤è–ó˜9u¿Ê²QÜÃ® ‹P\P2uÛ·&Ó©Ùó
?ÑîúúE‹ž¨ªªh·%“?£F?îyn@DÉ¦¦uï˜’;fu-=P¶uÐÁ{‚ßZ»õ©'ŸNgÓ}kj”RÊRm*?ŠH˜LÚºjT÷O€â =(™sÏ¿¨¡¡~ÉÒeÃ‡,(Ðìî»þ÷k_û?Ž>ýÁnœ3§GeE9Ï=÷âùçá€^[µ*fó¯ƒëº¶cß÷‡ûW¬|ALÏ#Ê;æð©??ûÏ^ë
Bq@É,ùÛ¬õ‚NH$Ê
4{ýµ×7nX¯[‡†[fø)ËÊd2Ç· ¢¢²çÁlÚ´iéÒ¥ƒ‡=î¸–²ŠîÇó¼gž~fÇÎºhÄµÇR–m)“Û¹ËC¹–Žm×7&‡õKL›S(}€^„Ñ€’2tØˆaýç™LÚÃ¡Ã†2[Ì*Ée,”ñ2³Æ?ë•Ü€ˆª+ª&OšÜ¯¦?ÅÅçD‰DN<éÄÜñ»ï¾óñ¦-åå•1×?fVŠL(ì0‡b+"£…¦@ÄfeD¶l2¡°ÍlÈÔô7ý*Ü^¹Aè
¤%süq®ûúå_û¯›´yô‘Ç.¾ôâL&Óþ£xYù“K—Î™Ó·W‚yîÅçO?ý´yóç?ñø±x1û.·g±úÅm·<óÌÓét–L‘3•??êð‡¿Ð+ñ@§?”Ì—®¸âø“Ž)ÜfØ¨áß¸æÒF+æ–µ€˜Y›?ƒN™ÒkKúLœpÀõ7Ü0xð`Çuz«Ï±ãÇßû§{üÓýk?|Ç‰DÇÍ­iÔÅÓYq&:¶oÅ?ÂÜ€’©Ý¼yô¨A¤"5¢Û¶g=Ï¶­–uBs»†éPÐ??öV0¾lÙº¥ª¼¢ª¦º·úl-“Í~¼ñãX,jYVs’°÷BLÍš?b£âŽ­òI„í!=(™Ù³f¼¸|y"‘è¨ÁŽ;O<éø?Ö­‹DÚ¤Fk!¾çžûŽ=¶G;%·¶èñE_8ÿ}úô™>m†íXñx¼¬¬lÔˆQcÇ?:tðÀ~úô«±m{¯?ºnçŽ?W_ý?'/Šº!ÊmŠÜéY©löŒ£¿ýO?wQè.”Ì?MÒcF=pà «õFLaÄbåcÆŒîÅ`úöë{äü£…´úaÈétzÓÇ›Ö¬y[-³G?9eÊ”©Ó¦Nž4¹¬¬ÐDêÂýßrë­Ã†ý×¿þ?Å•2"?g~h˜ÔÉ¾Ð‹0zP2»wíèß¯Òq:|à#;êvZJµ~Šfb-:êº‰ÊÞY³('‚d2)F„öT1‘Ñ„¾ç{b$‘Hä6EfÅ}*«I9’P·³.ÛuI„š—j¥=EÂL"ÄÌ¡1•¶gb˜~°Ÿ`ô d.¸à‚‡zØéx&ðÒ¥K¿ûÝo;®Ûüäœÿ‘Íf?:ó7¿ý¥ëöÚ¢Ÿ+V®üæÕßPqË¦BÄÄBBÄŠH(ÔZDH„™ûÔô?>íÐÏ|æì)S¦t·âè…^¸é7ZŽÍŠ™‘H>O`ÊMK`&fÊxfþôn¾íÎÞºM(é@ÉDìSX A]]] ¥"žplÛäžË“P¨©¬<æH,ºÏZÙª¼¬R)&""&""abbEFçÞ/ã?öøÒµkß¹ðÂ‹Ž[¸ [“¤O8ñ„¿ÿã¥§Ÿ~®o¿~¡ŸR¶cS~Ø¢å¢ÄLŠÓN¤Èr&(Š‹J&ð2‰)UÑQcL6ëç&‰01kmGYV?ö/Û‹£?6Få
{rOç-¹gwf2Fˆ‰Å(¶´HdS©tŸš>ŽÝíï›“$?FDÈ²ìÜÒL¹u™šˆ‰Ø$}B†°Ÿ =(™ÿø?ÿøÙÿü$‘(ï¨ÁŸþtÏã??VU]EÒz
/§S©£Ž>ú’K.éÅ`V½¶ê¿öÓˆãØ¶-ÌfÚ3™XZ<i­³žW]‘¸àâKfLŸÞõ‹Þuç]?üõ‘:šZÀi/8dÂÈ+¯þn÷oŠ?â"€’yù+?1¼ÿþûK—.-++SªÍ–h??Éê>}z7˜;w>÷Ì³aØ¶Ý²!A›¥…
.2¤µÎd½çžá¦›n:õÔÓ”¥
µn6ó°Ã~~ËÏW¬X?F¥]ÿÌÔ”ÊøGÏ¿²û·ÅÁè@ÉÔnÙ2lèÇí°j?•JÕÕÕ)eå+|ò8‚ŠªÊêªª^ÆóüíÛ·m²Ù¬ÃÌÌ¬,Ë±mÛrò4Wþ´—›?œI¥le?;ªë×M64ÖÖÖº±¨½¯Z)m¸L¥b5#{pgÐ=(™»ï¼ëšo]ít¼øÐšµk|à/®ãîÉ„˜)“ÍN9ä óÎûBÑ›”µ÷á‡ëîºëÎÑ#Gœ|Ê)¢eGÝŽÚÚÚ>ø`û¶ñxÔ¶Ý½÷)?æñ…=£¬Åd3™òòòË¾xé°¡Ã:½n¢²bwý®Ûoý…ãFˆ¹Í®LY?œzà˜Ó?wAoÝ&†Ñ€’™zð¤—ÿõ¯ÊŽ·/X´hÑ©§žZYUÁ¬öì2ÌÔ”J2eÚ³Ï<Uô&eí=úè£§Ÿ~úü¹G.Y²8?d³ÙT:µ»®îƒ×=ùô²7ÞxýÍ×ßô}Ï?¸$Ôœ–ìs$?‰(?ÉL™6ýž;ï;vL§—njjºè’KþËŸ+«+I¨Õ0§Óé£gÏüË¢gzë6 0¤%³úõU‡N›dw¼-Zãîú5ï½çÚ6)æV3´1±XìÀ'2õÚèAC}ý«ßÐà„qãÚ÷êeý>ü ¾~w¨“X–?Çr‹QóœåÖ´æúÆÆñcGÖùBn××_£ººšIn?&âÜZI‰ˆ5xÔÄ^ºKèŠ‹Jfí»ï4e’Ýñî–ã®ûàC#Ú²¬6“„…<Ïïß§o¿?½¶?ðÖÚÚ7_[5qâ¤Ñ£Gµ_¥4u'M:°ååªU«–/_ž(/?ÆbJ)cÌ>F„7|ô?1râI'4¸ðÕkjjfNŸñÀŸŒÅ"®ÑZçê¨¼@?PŽô`¿Áè@ÉÔTWÔn|¿²ßÐŽìØ±ãðY‡¸îÃ}~ú›ßüöòË/ë­`¸ÿ?s>wÎá‡Ïzæ™gc±X?–F›­µ[ÿðû?üöŽßnÙ²%‹z™l?ösgÏ{èá¿ôïpõÒ¼úúúO>éï+_r£?ëµ¼ìá‡>öì?ºCP¤%óÁûïNž0@¹ý:j`Œ<ÿì3Û¶ns"‘ÜÎd’_ÂˆÓMMÓgL?ð É½ÌúŸ}êé1ãÇÎ™3ÇR]Z–ôý÷ßÿç¿^öš2å‰„ÅJŒ°?/2ÉÇiBÝ”j:éS'8 Óß^»öå•ÿˆE£¶ëÙ*lò‡é3uöÑ=¾?è”L²n[S2RQÓaz O:h²m»ÄÄªec"bcúínl‚Àq:.NêŽªDbÌ˜15}ú¨.Ïg7nÜ¸qãˆè…_È¤3åååÒz‡–ÙËÌ¯¼öêÀ§M;´p‡“&N¬¬H¼óöÚH4J,Ìô¡êªŽ—v€Þ†ô dN8õŒ¯]~ñ?ùY?6¯¼úÚÉ'?ÔÑ§=ôÐ™gžÙ+ÁümÉ“çž{ÎôiÓ_\þbáâ¢½A°éãM_¹ê+»vï*ÐÌuÝÇyôø“N(ÜÛú?Ö/8naëwN9rÆýKVv=è¤%ó­k¾5kú”ÂmfÌ˜ñË_þ*ƒ½ö#³m»1™4p`o3múÔo¼qØ°av»yÉ…9ŽóùÏ~Ô¨Ñ+–/·Û¶íö[§1s*?2…7^&"¢ÃgÍúÃþ°{÷îH4ÂÄB<°º¹
ôæ”L²~W„3‰~#,U¨ž'•JíÚUµbd)£Y³01Ã^6=tÈPÛí…ïz¼¬·­¶¶¼2Ñ§ºOÑ?ìÜ¶=ÙØ¯('b!aÉÅ*DL©t6?öÐù$„MovØ&‡´‘¸Êº•CŠº£%sèÔiåŽ÷Çû›=ûˆÍ–¿¸üŒ3Î´-KH8·Å€!RDBlñW\ñƒüÀ²¬³xñâóÎ?oÎa³[¼(âYîÿêk«.¾äÒÆ†úÜÔäæÊù?•µÑC‡»ï¾{¦M›^ “ .ÿâåÏ=û¬mÛ:4'/8âÎ?ÿ­¸x »?”ÌégœÂÞ.U`ã"":xÊÁç_ø…º?»lÇÒZ‹1¹9ÊB$D‘h4Âž§C‡ýô™Ÿ>`Â„žl´vìqoºñ‹–,r'‰Š˜Pk/›Ée5–m~¸­v[áNÇ¹üÒK«*«³^Š•5{æ!=ˆºÅE%£Äç°ÞSUenœœ#"™TÆ‰8¢E8ÿe<Sà‡:*«*{ŒÖ:›Í(ÛŽºæžnÆÜØØ?ÄrA¶™ŠÀœjjªLTXN'ùLÖ÷H‹²Ò!%ztFJfÞÜ£¨a·ÐïÁ{1bx?–®ûð¼óÎkJ68ŽC¹ô€Œ%¶?µq”}óÏ~zÌÑ=Úà©§–]yå—?˜=û÷¿ÿ}ÑÅE9Ûjk/¹èâõ›>ŠX.‘?Rd$ ’lJ}îs_¸ö{ß¶¬ÿ‘|ÿÆ‡yÈ
õ±óÿáíèI<Ðu]Úø>åå±²ŠúÝõë>Ü÷¾È-†>öüP¥lÅ¶R¶b'$ÑÄ¶ë¦ï‰Ç‚ 'Á¸v$^V‹ÆÈt¾¾Paý8ó¬Ï?Ø¹µM¤‰C#†Ørì·×®nhh*Ð3|ðÁŽã„–c»=­›€®Cq@ÉXA½¯ª¢+‰n,F,ÛQlå¾_7F˜E)KDß+/?;=øÖ_a*•rc‘HoQCc“af•ï!¥˜ˆÃÐ/OÄ?N&]HccÒˆíª,9(.ØOP\P2—^|‘òv‡V¹û¯®›<yr?Æ¬xñâÅüãËq1D$¹‡x"1J‹œvò)\t~qû(¿ñ©ìu IDATæ›×ßpÃ¡‡NýîµßíìÁ½KÖ}ðÁõ7ÜD¶J5òuQ¾L›6ã{×~Ï?t|!‘ŸÝrÛKË_˜;ëÐ«¿{cÏã€®@zP2/ýýŸŽnÌR<ÙÔxÐ!Nˆhâ·lÙº{÷.¥ö.ef"Y÷î#F?\¸àØ"‚©ÛU÷ÒÊ¬Äô¸¸(gð ÁÉÆÝo¯Yã8NëÙÉ¹¬fÓ¦Í]|Ñ¨‘#;<Ÿ•-ôêk¯ö¯èÑDè”ŒßÔ³Òª¿—IG·ª¦ºÓS“Édyy9I~bÎýgŒI¥R‰XYeßÎûi/‚Ý»wÇb±D¢×*yêëë}ß?¸‘½BÕFg³Þ€ý¯ÇšÍd’É2GT¬˜;€"`ô d~~û¯Ø«Ïh×R*™j:ú˜£N?íôÂ§TTT¼ðÂ‹K—,®HT6?sïÁÌFë¬çÍ?7ïô3N³T7&õ®]»ö÷¿ûý¤I“.¹ô’žï¢?ãF"·Ýv[c}£eïÕ!{~vÒ„/¼ô¢×Êd3·Ývû°~•ç]vU¯Ä?Âè@ÉŒ8 ÝÐ˜&?{9á€Ï>ýìà!ƒŸµêõ×O?í´6hã:î7¾þ?k¾ý­ÊÊŠ.óèÃ=ýÓgÌŸäÒ¥OF£½SÏãg¼SN?åÉ'—íóÓ&Nxñùåýú÷ëèôººÝ‡vøˆþ•‹ž]Ñ+ñ@§?”Ì¦ë¥±¶Q•ëÀ³,+ÃC=´Ó%Œˆhã†?ë7lpl‹-k¯5†DÄqœL&†áa3‹Åc]¦¡¾þ?÷Þ«©î3vôÚ»×â}¼éãM?Ví†DÈu?ƒ:Øv
ŒcËšµï©09|Ü”ÞŠ
Cq@É¬X¹"ªëÓªŠE‘1æÍ7ß<õ´ÓPøÄá#†—'Êï½÷?xÌ%bÉ­b$BùµŒ„™?1«W¯ö<oØ°á.¨ªª*ÜçîúúW_yeÄˆ£F?²¨×¶(‹—½»v­¯µeY¹ùLù%Œ|?ˆÅÊ&NœÐñÙ¼k×®¦­ï"=Øo?”Ì7¾þõ2ÊlJSÔVÌ†¡õóÏ¿pç]wF;C(++[¿îƒ_Ü~[$ü?•(ei­‰È¶,­??±-GëPYÖ¨#¯ú?+O;íÓû ^}õÕ+¯¼rî¼yG}t,ÖÕ1‡N564þ×ßß¶½–„”¥˜IkafÛ¶RM©k¯ýÞ?7~¿Àé[²tù’Ç—?üùÞŠ
Cq@É¼¼òÅLýf«¬Ÿè?¬ˆ"Êd²Šù¤SObî|WûL&³ì©g‚Tª¢ªŠ˜Y˜Y´h&%Ì"Æ"6Ì"&¹k—&uø¬™#ÆŒî¨·Ûv¼øÜóý÷Ÿ3w®êÂÕ»(ƒå+þ‘mh°#ÑPB‹“6*¶_?=jÒäINÿ£?·­_}èáÅ,Õ
EÀè@ÉXìTWÔøN‚Yk!bãÆ#&0O.^rÄÜy?,0‹ÅN=åäL&³ò¹ç™íH<&
‰a––Èˆˆ¨¬l˜YûÞ»o­~›H4I4Ø¯ÿ?áCª*«mÛ"¢Xy¼²OUy,j„T¯M= Ûvì»Ñó?¨å?M$L®EŠˆm;ÛÔ”c¸Ý6-jª*šÊ±e2Àþƒô dÎøÌ™^ºÉX–R*_‘/dÈ4%›.¼ðÂ_ÿú×]™¦LD+_þÇ?üc¶-[YùùmíµªÑÆèÐµía#G÷íWS??=nÃÆõ?>öØ¼¹ó–>¹Ôî½â""úå/}ûí·UVT´lŽ&DÌœlJNŸ6íÅWD£ÞæË¯¼rë?ßzxÙß{1(é@Éü×w¯‹ø?õ*j±‘æ9L¤µö|/‚®¤±Xìºëo8xê´×_yÕ‰ºQ7ÂÌB¹ñƒ½å†r›“‰¥Òij!9´ß¡ÓgÌ˜0a‚ã8½{›ç}áÜAƒºŽË­2!ƒpÀÀ?N¡•‹hòÄÉW~ùŠÞ?
ÀÜ€’YûÆ+•?Ê˜LËƒ»1±“jJ?;¦ºOŸ®w˜¬oxû?µ‘H4‹ŠáVù@[’ßhY”R-‹…aXYY1lø0îhþrQ“É?Ö­s\w¯Nµ6–R'P`U/nÙøþ€ác{1(£%sÂI'…©úF_1·©þÉ=Ók­§L>ð¾:ðÀ‰]ìÐ×á²%Oþôç?OeRÜRÊÓªÏ6í„Z9þ’%K¢½Z\ôûßýáê«¿fYVëéLj=bÄˆ·ÞZ?H”wtî[kß¾éê/Ý»ø…^Œ
@zP2W\y×ïª³#$fïÏ˜”‘º;×®^Ýõô ¦¦æ¿n¸næ¬Y‹??f¶-ÛR¬ˆÚæ
ûÂÌ^:=jäHËí?-“[Lœ8áâ‹/)¯ª0¦íc*ËÊl§Ðýjª?þÔ)½€â"€’É¦›\[¬hBiè?™[¾àÏÏ'ÖY\]U]Ü%6oÚ,$e‰rÇrˆI)eŒÉ%¹Œ!÷?¾EØÊø^4‹ôvzàûA&•²#®ˆ0±??+Öa¨X•w<t@DZ(hÜn"EÞ>tFJfÎì¹••q²ìtS1-¬X1kc˜H)jSQ^ÞÐÔxÄaGÜðýÜ­þ}ß_¿~ýï~ÿû×ßXø?ãØMÉ¦DE…ˆÑ¹mŒ‰´6¬ÈR–1Æóü©S§Þu×]]\1©‹þó?¯yâoOÄbñÜ¬kVJ)†aS™zÿý÷«},¶”÷âŠåwÞòãßÜû×^Œ
@zP23gºkÃÚ]¡?¨¨dRFŒ¥Ôž
&KÈ°ÔT÷]»fí“KŸ¼ð¢»Õ¿ëº³çÌ?~ìß_úû£?>þáGÆbqKYFŒmÛDbY¶1bDâñpà€ÜñÃzqŒ‘ªÊ>nÄebÊM´`#Zdâ
äDd[Î€ÁÃz7(ÅE%ã*m?a¬j²,!!bRŠ˜ˆk-F‚ÀÇ-°E@i-J±1¢µN§3~à™Ð(ËŠFc¶mÅ¢N?MÊŠcŒÑF+¶´"¡ÜÂ Œ¸¶²
Í=¡ Sª²Þ:‚Ñ€’Y¸ðøò'CÇ"CÌ”›>Üz}Ÿ=«11¥R©ñã'\{íwÇ?+~¡OËâÜO/ëíÞ½cÛ¶[7oIeRÿüç?_ýõéÓ¦ÿøÇÿíFzí_‡·ßzëëß¸&›Í8vsŸœK?Ä÷ýï|ûÛ'œtb?Óqû¯6®~õÆ[Ó[ñ@aHJ&Õ”ªû¸!u9ô‰™Y™æYFŒ)¥DŒˆ(e‰‘¼ðÂs›¶lüõm¿À¸^=‹?1rÔ¨Ñžïm"‘È½÷Þ×¯_?²:[ä¨;Þ\³æ?7_¯ª¬!ff&c$W¿¤µ‰Ø?ü3ôÖê··oØØ‹ñ@a(.(™ÀË’Ÿ´bU–e‰bRÌ¹¹Jqn’@ëU†,Ë
ý0™nªªªŒöêìa""’ºº]ñx<‰*ÕkÓ$”ŒŸ&VLJÈ´l¸&bÂPÇËâvÁâ"Ï½Ì.+ì/=(™o\}uuu\Ø£-V†LûýÊDÈ"Òd,R!‘b!²E{/¨ª®þÌÙŸ™rÐÁ½Ì›o¾uÇwL<pâå—QQ¡Gö®khh¸ùæy¾¯˜™•"cHi"ÛÒS¦L¿èÂ
œ^·}ç?~Ëèþñ/|é›½t
£%3jÄ°p÷Î£,›ˆ”ˆ0íµ?š2ŠÛì€ÌÌb„•¥EÆŒýÝï}÷¬³Îêù`Â¢E‹N?ãôc?Yðè_ÿ?E{Ø[ÎŸøó9Ÿû¬e[J‰2ÄL†Hˆ¬0¾õŸßþáM?(púŠ+Ž<æØ…GL{hÉó½t
é@É4ÔÕ?;3N•Eºyj²´ 0‹ç—1"jYÿ3¿ú±!J66Š1Ó¦Mëùj¤©TjÃÆ?••ƒì­Å‹¶oß¾cûŽHÔe&!¦ü¢¦"ÄÙlvø°á?+D^ÖûpÝ‡•1§Ï ‘½t
ÅE%óÐŸÿRå„Û‚¨Í¦Í÷?™?‘gž}F´)++?|öœC§NQE=Ü×ÖÖ>ñø¢ñÆêSŸê•Ò¢u~øÐÃ;ŽÓ.uaÏËNš4iò¤ÉNg¢eË–­~û­iGÏEz°¿`ô d†ì/õ»™I„›ŠþID‰òSO;ã¼Ï~ÆÌ™UÕUÝ
æÁþüÙsÎž>uÚò—–G£±ÞZ6›ýÌYg-zâ‰\fÐ>Ôo~ó›?ùÉO
ô°kwý”ƒÞ´éããçÎxxÙÊÆ]„ô dÞ]ýºÞ½©ÑígIØ“Ü€g3YÇuš’M^://?böìêêî­öS[[ûòËÿì[Óoæa3íÎÖí”1æé§ŸVŠÇm=q‚ˆD¤)•:læáýû×èÁ÷ƒeO-ó²™áj&MŸÓÃx ‹P\P2nØ8 œÓ©”M¤IÛd…Úd7ÿÌ½³×O¥É(R†Œ"%-i³Ÿñ]Ç?Tº¾ÖÏ?û|`BÒ?Fû0jÔèýû†•"-Ñˆk©žÖyž·dÉ’ˆí„Ji_‡dlR¹Ÿš%“LM™zHáÜ€ˆÖ¬Y#ÚDÝ2Ûv{tFJfèÀþ•¦~}ò“½J48°ß„ñvøá³f6jÌ¨AýºÑˆëºV«=~ø¡Oú¬yóæ>ùä²h´ø•‹´ÖW_ýõÛn»Ý˜'T,[¶lÁ‚:©«Ûyü'½ò¯—‰hÁÑG>ú·eEÇÝ‚Ñ€’¹óî?6nZ“v(2ÅíT,­6J?v›&äÞÃ0´ÑA:?z÷½÷I‘"0``,Öf‚Áa‡ÍºåÖ[†æ8N±7D¹½Û&Nœü³Ÿþ,?YÍ3rX©TSSUuõ‘óçîÄq#—]|éœO¬†ô/ïI<Ð-=(™wV¿?eµê¯($"C¤¨y_€æ—šˆ›ßÏ½T­fä^æ2?Ü§-OäÜü²yße"­uÖóBÏ7$Ìœß–Yˆ™mÇv·ªªzÄðáTìº¦»víZ³vmEEÂu#dŒ´[ë?‰'O.´`QÎÚµk/t¢‘PsEÔï7dB‘@7!=(™1#Gxé¤oDq›U}r
¿Ìí#@­ÞÜëå>ßÉ¥
D$$Í3†9÷3§2™cŽ:ú‰Ç¹±b6Yûàƒ.¼àÂ•/­H”—›Üp7‡-DD©têª+¾rËm·Þ¥aóæÍsf±iÓ¦X,žÌxg;ÿO?.."(Š‹Jæª/~ÉÛùQ­$ÖÍïí?tðØ/­>jÑf5£ÞiÝ¸ÍUDDëpÒA“Ù)rìà_¯¼2nìØ©‡N5íK¥˜?°mëëW­ÓÜ¶mÛqÜq'ÚŽ%B~N;p|qñ@0zP2µ›7V%œ€ã,ÝÞmŸ?üÅiîŠƒÀ?ÅbÕUÕ¬º×w:?ÞV»?-?DX)iÉr?AÀFÚ•`6oÚ¤”²-›˜´pœ<§r@‘÷Ý„ô dž|`?Mza÷žÅÛ?/t÷ôöc”ÛªÀÈ1Ç{ç]èú¶hbÌâÅK~ô£®]³Öq]æÜZ«m(fß÷/¿ì‹7ýè?vxû¯~uãõ7ägK(ËÙc?œ÷û{ÿÒÅx ‡P\P2Ç/\°cÓGa$AFw¡ù'Œ9?N>DYÝø§áíÕ«zè¡Êªª£Ž=FÄ´O;”bÏóËÊÊ/¹üÒN{ÓZøÁ3fÎŒÅ"Æ3ù?™0~T·ïŠ…Ñ€’q-²Èg§¬Ô?ä¡f"e)ÕÙô"ò}_D2^6æF•RŽ»ïåP³Ù,uq#­uà‘h´åúbÈ»=ÁÚ¦ûFJfáÂãËEZŒP®Ü?w DÒö?½˜‰ÛäÎÚ{.²äÚ«[aÓº[&6:ÜÝ˜<xòA·Þz«êàYŸˆ²Yï½÷Þ½ÿÞûþùò?#Ñˆëº¤)%${…ªX%+ûô¹ùæ?ßùôâ·V¯þÎw¾ø^Ô?†l%ÄœlLM›2þ†›Ñ[¿s(é@ÉèPv¼»zK@å—Ý÷¬‚Ö+5´¬JÊ¹b&""Ù×AnÔ–ƒÖ¹Cë3éÔˆ¡#MÇó¤wÖÕ=øÀƒ~ðÁ-›·x¾g»ï{s®ã|ûóçŽ?®+¿?ÅûÛkÿzÍ?¹Š÷¬óšñÃÆéÊéÐ+P\P2:ð”ß?á²"V.ú$£‰h¤ÃB t:³cÇveYñXœEdß5HÂ¬|ß‘X,VUUÕÅ«ïØ±ƒˆ”²Z¿©…ËL–+úv÷^ 8=(™/_ye\eÒœ°š÷/fÎ=u7ÿ$¢Ö/Ûµéù)­_??dð?ùóçíÚ]Ÿll¬«««ÝV»{÷.âÜZ¥Š™mÛffcLG(Å©¦Ô?ÁC®»áºD"Ñ•ßÃÇ›>¾áú<Ïw‡ˆöÄÆäù2÷?‘çù;Ÿü_é@)½üÏ˜úm[²RQV–L§Ër]»)?­,/kH¥¢®ËLéL¶ª"ÑÐ”*‹Fƒ0Â0QVÖ˜J%âñt6ÃÄ±h$™ÊT–—545E\×¶¬¦t¦*QÞ˜JÅ"#’Éz¹—eÑ˜øÚ˜òx¬1•®ˆÇ›2KY×iJg*ÊÊü p#î]ÿ{wøÌ–íX–RÉd*QoL¥Ëã±¬ç#e±hc:]QV–L¥Ûv»)?­*/kL¥\Ça‘~ý\páÅåå]šOì{á?ß¿ñ‘G²m'?õª*Ê›Rñh4Ôaà‡N$*Ééçù“ÿcŠ‹J©nçöˆi’Xu6??D¢Z‡"l;ÊÏz‘h,}&KYxA4õ|ÏRŽ?6¡‰D£Y/ëØ®–€4¹×Ëzv$ž"e9¶ïùn4ê{i[¹Ê¢ ÐnÄõ²×q‰Å‰8^&‰DµÅ°åX?çYÊÒbÄÂ04ÑˆãF"
ü0‹y^Ö¶]#?hq#‘¬ç9NDk?D9Žíû>³J65úž7tèÐššš®ÿÖ¯_oY¶qÉ?ïgÝXÔÏxŽí’2a(QÖe5?É¿ì?Ñ€’¹ëÎ;U¸?q”ÊÕÒ°°ä¦aË2bØ?²”ÖZ)EBB†ˆYˆ,6Ú(V¤Èh£”eÄ0‰(–Ð(K‰I¾VÌ’Ÿ…,Bª¥&c4³ÅLBÂÂJ±É_Š´EŠE
\ÑˆilH:äìs>‹uuK5"zî™ç=±¨¢ª‚‰m¶+ªÄ,Æ?Å¤…Yi¦ñƒ*?<ùœOòï{`ô dìßØPß“-?ÿ?°,{á‚c¿}ÍÎšsDnþ@W¼ôÒßO=õ”?;wn¶`ÎŒGŸZÙa@ç?”Ì{kWKrK½©Plˆˆ„Z–ôlYw”„„‰ˆ¸ÝA»¦­Ú5c"iþ´õGù+æFöZCµ]ûÜAîÔ ½lÖ#d×ô­œ5}†êrb?óÎ;ï®[÷a,7Æ[–j<y?X3izO~ÏÐu(.(™÷Þ][UI
5/lº×Öí„Ðu]ï¡+—f#™¬—nÊ2ð„Oä.ì¯ÜÞ¦M›—¿ð¢w]e5žjÎƒDöÞFAk®t*Š¸£%3d`ÿú†úRGÑm#G?<bÖìÏžsöÂ…#‘HwO_µjÕ¹ç?»æí5]lüÜ/CqÀ~‚Ñ€’yðÏ4nx¥ÑÁ¬ÅY”EPû:ÐDŠˆ;;Èí*–;"ÓÙ?!’=—%¡Šˆ(!MB"$ùþ‰DÌ€~ýæÎ™;pPñK%/¸àÂ~ýú“ˆ)3Ð§¬Ç¿iè*Œ”ÌªU¯õOP†¶*u(DDd´ÖFjúô©H$œˆ‹Æ¨˜Ò¡}ôÑú-[6Åbñh´Ã?™[cæ¬—­.?÷:º7ã€Ž!=(™Áû§“š·šR\BJñôé3î¹çž¾}û2s,SÌÊ²zÞs2ÙôÛ;îøÙÏ~º­¶¶[Ó´Ö§3ç¾'žíyÐ(.(™ë®ý^vË;Û­>›Üdà&ïcÒ°P»Œ¢££íûÜòæ^M˜½lö€‰G?îý¯ê7mþx×Ž?ŸûìÙ¬+•ÛÚ¡ðÍ
3yž?iìÈ^?:‚Ñ€’©Û¶‰³;ƒÈ ?äç–gÿÖÏôL"m^¶kAÔåü`Ï›´g)S&
E?3ºw2>X·®aw½b«¼,f¹QÅ¹»ku³­ÂÉ'{n–}m*í01À~‚ô d9øÀLS“XKqË—îuVG‹˜¶¿M?{P÷}ßvÜ/®5zDQÁìÕ#müøãßüæ·¿ûý±ãFXÈ?p‡9Ì¾5e3fO½ëÁÅ=ºÅE%sÔüc7oiPÂ¢™º<?[}ù^´Vƒù¡öéÓ§<ÑË1Õ××ß{Ï=o¬zýˆÃÓ­P[oòú°Cé…? k0zP2©d£ÎîÒV‚Ät¡y³.n?Öúý–Çí½Ž[µdfcLMMu,ïæ}´Q·£.•MëPA?F,Ëf&Ù³s7ºb¢ÐP"F*õ$$è:¤%³ðØ£w|üQZ”ÅJºüàÜÑÌƒnÙ×†ÈÜÔÔtÝu×]uÕUEt¸sçÎ/®üËÃyiåÊl6k;¶eYDù??‹ˆ67†?ôÉGÎºí?÷ÅE%3 o?/›ŒiÅû=h5kx/÷Ù¸#{%ì£C!J$‰ŠîÞ…1æýwßûß{îyöÙg³™tEUeW·-ê4°}|TAÖ þ5ÝŠ†Ñ€’‰:Ê÷v‰J‘eYaÚ¶mŒ!e©0Ô¶m­™™ç^êP+Kå6°m[‡¡eY"bD,KéP[¶m´&"ÕÜ¡ÖZ13³ÖÚ²mjËRBd´±ì\ËÉ9–mÙvW¦
ˆHà–eaX__oGK©x<nŒ!"R¬;Øˆ»U„¹€uÚ¶æVŠ‰DØš|«|?ü9£¥tÕW¾’llQ¬”çy±X4?Ê¸®ÃÌ¾ïÇÊb™T&q?‘ ¢ñ˜—ÉF"?D$âºYÏ‹E£ÙlVY–e)ß÷ã±x:?v\‡ˆ|?(‹ÇÓ™LÄuCjmbÑh&›?F#žç+fÇq<Ï‹Æ¢™tÆvK©T*uøG|ík_UjÏ6Îb´Ñj?J§v×íÞ¾sûêÕ«ß{ÿýÍ›6+æl&k;¶ã8AÄËâ©TÚ?¸bL„eñx:“ŽD"AˆP$Éf³Ñh$›õ,Ë²-Ëó½h,–Ig\×%"ß÷cñX6“‰¸mt„Dj™9yäW¾ýƒ’þ¡þ?`ôòTÚÀ¿¤?‡ôò?@ÒÈCzyH éä!=€<¤?‡ôò?@ÒÈCzyH éä!=€<¤?‡ôò?@ÒÈCzyH éä!=€<»Ôüßå%“¾&"r‰ˆU°©ö“I?ˆˆ"‰*—ˆ¨î…ë¾rçª=uòÐiŸºê¨A½V:™ô©ÍµJÈKnúðÝ-?¹ƒ9t¯?Þºï¬›—š:{Ô¨ÃÏ9gjbG¸çOCK$"ûûúÿAzÐ‘º¿}çS×­ "}Õ]?]4¾@Óuþò©?YMDDŸ»gÕ—§QØ¸cÍ{ï½³æ²?èÅôà?;Ž;÷njs­’ØöÊÝ·Ü~ÛÒ÷¼½Þ¯š|â—}óÜé}sU¸ë?5ï½÷Îšæ9óœ©û=Î7ï8â¢ûr‡s¯_ô«Skö{ÿ?Aq@çÖÝvÇ#Û:þ¸þ…ßÞ¾zÆSrÞª;Î:ã+ÿÓ>7 ¢úÕ‹oùÊQgÝñÆ>>€ÿë0zÐ/ýð/?ô?#öY™²ö/¿Xœn÷n|ÔÜK/úÁK«¶Uï?÷ŸúþëËw½ÓrËU#˜:m^ß?/¾½uçú÷v¦‰ˆ"³= ÷Ëê{Ðe—~nÓ[¯¬k¤~ñ]‚ô K¼¿Ü~÷™G\6¡ÝÛÝö«­û8!1ùœ+&]¶_¢Û¯Ö-¹³9rç^sÇ??3>a]EDÚßôæ¢ßÝüð?“§çS©aó¯ºb~)Ã€î@qüÛK'“õÉd}ÒÓ…Û­¿íöE;÷~Ó_þ‡Ÿ.ïÉÕµßùÕ½d²>™l?@Q qç·S´äº7ßk>þôÍ¹Ažå?zæ÷Ý·?<jŸò·ïw/„âÎêŒ—L&ë÷Lcø÷„Ñøw¥“kŸ¸ã¦_/zc[ËS¦Ûwê‘\vÕù³:˜½ºâ§w¬8î;sZ­Ìóî}ÿó—R·-ºâøå3‡óïxë«“‰è?[ŽØ3«ø•s¼?þè[w½”«Æ¡øø3®¹þ;§ŽlS¿ôñKÿóÃîþG2÷*qÐ™×Þtõ?nhç?îºé'÷?ýQ²å?Ä¨ùg\váåÚ>Á÷¦Í;ÿì  IDAT“DUíÞn}¹U·´Ï™ÁzëòÛ~ô­»_É‡[5ùœ¯~çêÿÇÞ?ÇEUïÿ3ÌÈ ˆhL
*áB).h®‰¹*e.”ZjjZ¦Ùb¿Ô³Eíf›Ú¢©W-ñ¦•]µÔëšR‰¹á.È"ƒ30óûƒÃ¾¸K¯ç£?Îœõ3gr8ïù~¿çt:ðLáIµlçÔ¶"’þõde€¸t›¾ù­Vÿ{ö¼µn6ù_3Çw¸üÑÆ%ªµlçhûòW^^¾Mù?Á½Å çÞz.²)]¡ÔHÄ5’#ùëç†ÍÜZæÊÞzî÷óžÈ0|??±Ô½{žÙ*b]ýnô?G·T.Ó¿^¸ø˜ˆˆ44úŸIª¨‹Q¥N,znð¶’˜ýêè\}Ì[}”[æXþðã‹–h40øê…‡’»·+¿7küû£^q¢Ì\Óñ­+¦ïßS;\ÃûŸš¶n&?4 l}á?§ž~¨»VM?»÷kIæ?<:iñáo?ë?Õ¯ÿåÞ¾õªØ*cë+ÏÙv¼Äœ¬¸ã'Ë.¹±¢"ÇVL½wëÎmÖƒ_Ï‰2{ožÓã†ß„ª?‹ÔDy{£g\šë›š>ïó¯£×|<oÖc}CëˆôÐÇXvýŽ“fŒo"""Ç/ø.]ÙÉöå³~Õn2þ¹±MÊnÓ IÓªJØ¹m«Õ£A—a?ï×ªè*ÔúÃgÎL:¯˜Yœ??lôø¡aóÎmÛËíìtÌÛJ60tœøêÒUÑß,›ÿÖôÁÝ¸‹qtÿv×øÙM#íWôËzVÜŠW§FÝwOXXxÏ§Ï^³§Dó…ˆˆ1°{¹=üõŸÙÅÙ ÎýFŒÿØàîÜ?ý¸aONØ¹í¸ZõõØàîŠÞÔ‰ÅßÄ]M‡ m[wæé}»=ªÿEŸDÞ?«¾;};€›­j¢³Ç(”÷Oš&"Ò¤qËN]MxîLŠTð›±¾ýøg¯˜üUžÈ¶-ßÖç¹î‡W¼ûUžˆˆû°g‡·IŸq¹541Í3aµÈÄQ=þïž6ŠˆÈ?Çó¤¡‡Èþ‹?¯¹~ª2Òw|ÄÂ¨1ÑÇJï*ïä‰ø‚©¶ãg=Ö·¡ˆHã¦mÃúE=wætzÃkÞ³¨N?×V<g}ì?MY%çZÏÞºúðÖÕïÏ1´þÖ{“ºWÖå'/nÝÒÂ†Ž&Ã?ÿ|RhAØ˜0|õÓƒg—?%tŸþÕGQþ"""ß7zA’ˆH^üÉ³Ve«’qøÒÿLêh‘ñºMï2}«ˆˆüqü¤UU÷Sçà†£õ@Mäí]Ø‡å›Å~Œûëtá€Tµ¡¡±â%ÝFÏè&""æ¯}sâÜÏÑÊå{·çÆw»‚‹È°Ç†‡0´îV8?9-KDäØÁ¢_Ä›?V4 Á£íàQÊÕV»ðYÀ¿õéš?ñÇÓ‹Æ17lTe¿ü¼?³ÛviUî¿‰ß¤W]½ÇmƒßÛôßo>ž>¾XÓrcL¢'>¶0¾²±Ô'þØV¸¨ãÃƒC‹"Ôþƒ\åa‡?\øt9u³6=g'$›*ßæ¢:ŽÜ±ð37´îÒ±pþ™ô«Ù+Ü¬h=PÕëÙO¿ó³ˆù?ÅÓŸZ,""šu¿wøø±}[V|M¿bûâc"ñgŒ­s"OD¤ñäI‘õDÊÝÑè¢ÜKŽßõT—¦”¢»…”\â"²·ôÚ!áã›,_p\DN|=gê×3ë4îØuÀ„ÉÃ;6¨¼
ï+ÿy\mhÚ)rr§ÈÉ"bN?vèÐ¾]V¯Ú tˆ:½hã°ŠQlÎ9S8Ù²I©‡I{4mÖQ¤ŠþE%‡7x\£¿`%O¾Z*|´Ô´¨‘êôxëÛùSûßQ¯ÄÝiòRoZñjÔ½S¨ìÉÍ‡Oê."b>q,IDÄcè¤QW1(öšQ7ÿyô[£z”ú!?ëÄžïŽ½wø‚UÝÔ/¤Y‹Rÿ5¾’ñ¸zß¦m»šøêÚÏŸ-œ·íøÅÇj§?+ý}zrüpíÐz ¦òõFØ(‘<SúÙ£Çîÿîß‹74‹˜wþûçý†5®h÷îcŸë¾¶ðv¥ú¾s'Vüå«ghÐL¤ !.ñ”t,ùœœ˜PÑúÆýžžÓïi³éÌ‰CÇ?ì^þ~ôž,9±8&n|«Êê¼cÔªå£.·¸¼ñ'|C›W”#Œþ!"¹ÄhÖ]¤àþ´÷@^ŸâÚŽíßÉS zÑz Fr¤Ÿ)l"ð0ø6mÖoÔ«/UæLÉ©tÃ‘SÿïŽ‚ÉÐI£{—¿åÿ5Ò´EÑxƒÃÿùæ?¢‹æ¼ß¿Z±·üêÖsI…?ÃëCÂºß?é­§»(s’¯q'ú¼½_=üPdÏ§~ý{r©‡ˆå%oû`áêÂW½[V¼½o«î­
·X;ã™Õ‡Ïå‰8¬g¶¾óÌ¼Ão¸Qh=Påí]>ð‰C?ÈÑ=;·nÒÒ(gvÇ¼½VYÚïöJ®kED¤é YŸ79›'žÆ¶¶0\#­ûŽo½à¸ˆÈ±ã{<ùþVòÛ†Åßï¬`œÃé˜§ï{çX«¾ƒt¹+¸YÓ&†ìƒ[V¬ØY°°aÛæU=Là²™¶}ÿ•ˆœÛ=skôLCÓ÷ôSJôbj2ztÏÊº)ùz~ôF.?&"bÝö¯Ñ=ÿU¸Dïîa¶Ò€Õˆx ²îùù«<‘¼­_ÍÛúU™eÍ&?¾»Êî÷þ¡?ü«ZášP7õòðïïajÚýÕìÝ_‰ˆè»tïVöÑÇ¶ÇÄ‹È?+lXQf?u"ŸÔìZ–—“í0ˆ”l?0K(Ý>Q§Ç[Ç‡VÞïÊ£Õøÿ•þäÿÅ+³Õ¿º|7¾°ï :Ð¹@äÞ}âò²yEDïÛ}âü£‡·¼æ
¸"m'­Y;}XñCÓÄ£Yä¬³'•]³é 9KŸîÚ Ì]ˆ¡C§¯ùvú5îåá?è_ÿÝùõüY£z´({DñhpG¿§çoÞ4§_¹GË•Ñ°Ïôo6G4}ôø¡}û?=cÎòÍ›æô»Uh:€ê¥º`©êŽàâÌ&“ò-èa¨ó}VžÉduˆ¨=†‹U˜g2Y”IwƒÁãäœGwƒA_õÚE¬¦,wCù&üXôT².³~œ7¨Š[²®:¨Ùô—~E[m<†K½?Òe¬z?\ÙOÇ<qßbé?xÐ€¾wµð5bJ?»{õ¯oUVhÕ¹ªÇ5®Z7Ú_ŸŽú¨Š§"4¿rùäVÿÐÆpmŒ=Üh~m÷kVÉÕ?°©+‘ ºÐz¨yé'þq`ßŸÉÙ¯kù·éÖ±¹ÿ?2¨ñ€‚ÎEÄ
âñ€‚x@A< ÐTwP=lÙ§ŽË´‰h}‚?>Zîµñ@M”½ðëØ“R»¾Î]DÌ¦´<C‡!CÇ…é«¹&³èôž7×7§Ý–c??üsÙnÊ?®ßzjKüG/¯IhûÀ»3Âü
¯˜Í'7/Y<«W?¾ÊM¾œ;GF|öpÈ)ôZ9¼úéUòì›#o®ªÿnÎ?®ñ@ÍräÛ˜]ÆžïŽ.Î"¢ìùÔ”ê¬
€Õ‹µºk€æÐÊ'V¦Žœ6µ³¡ªµ2ã×®Ú¼õ`šÙÝ/¬äèð }öîùoo9œm:/:?o?HýûŸÓÃ§Ä&SÒ¯Û×ÿ/>á„Éìn¾3bâ?ÐÚJ±§í‹Y²æÏ#©6} ±GdÔÐ6>""çâ£—Çî<a2»û…ÜÕsTd¨ŸZÄrjëÚ˜o~KÊCpçˆqCB•Sb¾ñ¶Û‡>ZOSºTCp›nÃuô*.êüŽe³¾OÊJµˆ·¡Ž§H@øÌÇ;Õ.ª'ÓVÇhì<0jh+ŸRo_ìkß_bïóÖ°Pmá,Û¾5/ü {âùÈ`me›gnýdQ|«Ouõ)>ú??™?wª­,~î–O¿Otï?é•^~%?g>·éû_¶LM³jýß>jì¡EUx–r7FÇÄ&¤e‰!¸]á»v˜NnY÷éÆÄ¤m?ÆMî:¨G ®àC_;c?<:mh°²Ë#_ÏýXxwPseÑÈÍâ£WìRÎùÄ!¡µ/úq€ë¢õ@Mr.é„Mw[ƒ*³Á¹Í¯½¼£Þ£cÞ{Â¨µ?Úºtåÿe[8(lÜŒÛã¿˜û‘ÜûÆƒÍE4Z]é­.üùÃ.{Û'ŒöÑHnê÷‹—ÍÞä÷Ö=FIûiÑ?ê†>:fJ€áBæ¡Øïw'µŠ0¦o~mæŽ:Íx¼Q?ÜÌø?›âþ?ð=´ò••'zŒ™ùvPmÉLX¿ô……–÷¦tª-¦]‹­õ?š9÷v?µ-éÏ¿ü5)ôžq$FÏ^s´ï„MÐ;2?ìX·õ`û‘aÅ•Õî8ì?Ð?—?½NzrtˆˆZ§/¬gØON©¯É:µeÉ‚÷??mbÛ’ïGÒ&èÂ[Ûwöíá]0Ç´óçxmû'ƒµUln·f˜²ríE{±æf§eüe·f˜þ\?Ú®Û¨ç¸Õ§Ì¹3Åoø5¯Mäôá>µÄ~vÓŠ×Þ?}kV„QDR+:KuVÎZu¸ÝS^jîçi:±ãÇ­Û?“„ÕÌKl6eÊÔ`ƒ=->æí¹š_šq«ˆ8,©&±Ïf6¥‰CDY´gùŠó‘ƒ¦¿á#©Û?~{ÍG›Nït±?\ñ@Mãåç]4?¹õ“Eßœ*˜V~!NøqÓÙð‘¯t4Šˆ¨z<¾ó…Ýƒ‚B¼µ=DD¯÷ª(]xwWÔ=ÉË~§ß·œ2ßcÔçÆ¯ý2)lü¬ˆ?ˆè½ÂF>."ö½1›N„E-º'D+"^†ÎÃÆˆHÚO±ý#ª-"â2(²÷s±{ÎuêSïô‘†¾³Bý<EDclóÀSJù§Žf6?è ×Šh}‚{?.S•V§×ê½DÄË /hU(¬§OS?ˆèC"§<|jÒŠû´} Ô¶Áw¼õÃ?L=ºDD’·ÿ?`ì7Îx©›WÄÜ¸÷Œaa?î0t~tBñ‘»…wødŽ½*>KIÿýa£¾Û[ÃÂŒ""†?{Æ„ˆHrìŠ-žC_?
õì:rÊ™7^ûrw?)?ªO""µº×5@DÄ+bØÝ¿¾vø˜tÕWýq€ë"¨IÔ"’–|N¤^ÁkŸ.£žìà‘CËŸÞnuˆÈ©£Ò¸Knü¾øÂm2Å–v6SBê]lç¶Ì“‰§²rm©ÇŽ?<’#Ë}zÒQ[ÀÐà2_¶IÉ‰ÙT[j¦ýDbš_=9Q|h“YŸ–œ*R¯YX/û¼‹ò";µiÚ¬q}?r¢zwtÞôñÛ«²îkÖ4 °Þ%üÄ?žtÔÖ|XËâzj7ÎI8‘)Á¥:Ï»ô5FoØžÔ5Â(rä¿f…êâ-rö7¯@p‹ÀJ¯ÔöóI‰'ÒsÍé§Žœ:uVl9¹"^Ÿ¥³'3õw43–Þ?ílZRýÛ²?r¸VMdË©Òé¢#‹ooP4]§®—ÉHñ«rpa<@Mâp›—üy2©h†VgÐ{ô^úÂû¶s™múMŠhã%q,æÙ§>ŒŽÏ0‹¶~ÓæÁþ…Ðy¹D§)ûSŒ-Ç,ú²V,vK™Õ¢¢z4MÈ°io?o_'%þËæN˜4weBÁª~}¦N{ch åà–OgÏ}dÒ‡S/Vg^îQ»kËÌµ)}mJ¨Ý¾[çÔ_·É?ß¸Ås`¯íål~‰k_œùâñ©VÑû„Õ©U¸ÛÊÎR-]¹
lñÐ–Ÿ{e@Eë€%(<Â'6vsü]#B+þ©½~“&¯õmc,¿Lë¡“œŠ¯8~Ù?Ö1êÝC^&?‰•3""bl*?9-Ju¾‘%‰‰Ö¼ÄLC=£.+ÛÒ&´ìe®ˆˆÆ¯iXŸ¦a}‰yÏ²Ÿoé=;Â("jƒ±E·ûZt»o¤œ\?÷¥õqáãÃJoî¡ñsÑå{}ÿ`ÙrøŒ„*3l§OŸÐ‡”oñ8pãKÿ‹ïÓbû®àN#ü/ss‘´ä´
ÏUYG~?=2åÍ¨Ð‚&‘³I"iUœ¥À CÚáSç% v‰¹úõõ§Oµˆ_áÇšt:Y‚ÛßZQ]gO‰T° Œ*>npa´¨YŒ½G?ôOø`Ö²Ø„$sÁµŸÍ’v:é¬²ÜvOè…õë¾=iRfd'nü!þ¼ˆˆÜÚÐOöÄïÊ)ó{¹_}?9qêdÁÌÌ¸õ›
7÷lÞKbW®KP¶ÊÜõSüyÑ´¹+T»1&ú`Ájö´=›÷fKpÏ®?ãb>Ý“©lkK‹_¿ùˆCÄ‘¸ë§Äó…G¼p>[¼<µ"’¿qOšM™oÉÊ´kõúrÑ¢~“&²sWœÙ!âñ
ë×ËûŸØ“õäÄ¯Ž>ä×¿â8ÆÎ?‚wÅÌZŸÔ¹g'åZ¼ªÍýëŽüŸä1\½ãÒ>’z~?%ùð»r~¾ÿµ0UT|–Œ?î>²åÓÍJ?ùäæ]ÇDšvœ¸*:.­àl$oZ²>³s¯‚²·’¿Ä›"bOÚóÍéKª«Š?\76Pó82ãcÖDo9•”£ÌÐzù„tî6üþNFO‘óÖ}°4îHžF¯¶Û4>a‘Q£{èEÄ‘¶ëÓ¥ŸÆ™l"Á#¦¾Ò³Dwû‚Eñ–:>Z«.th«Ä%¡ïÎèéWp¸/W|°1Í&"ZMpø )CBk«åü?uo/Š;™+"¢›8þ?P1ŸÜ¼|É–]É¢÷²›íº?î‘‡„Ö–´½«V-Ù•&µµrMY†æ?MÙ¹¾ˆåÐ·K×­ßgÑ××I¶ÉÖ¨ÓÔ§"ƒË·Š¤îžÿnÌÞs"bùö“}¼Óv-]úé“ÖKcÎ“à{†O?l^Éã¢í{—Îœ ì•w.ZÁQùæ–CkçE{Ò."~a‘£‚vÏÛ[pÒ6Î~×?O—¹Ÿi‘´]Ëæ¬L¼PÛ µzöô×¿;Ï}ºO=å³¨ð,-ùxÓÞs""ZÿæÃÆí¨Ë¡µó£c?ˆÖËn¶:9±kaPñÐÞ?gåGÊóÎVŽ+õÌ¸´ŸÞö—¢®ò?\ñ@f³˜óD«+é[F®É,:½g¹N˜6‹Ù¡­`¾ˆ8,f[e‹ìf‹MïUöâÝf1‰»¡l6‹Ù®ÕëÊY°˜lC¹»-Ç"ºr;©ú@•ÔSZRìÌ÷ÞUÑe}›çšÌêòE^”Ý–cÓVROÅg©Â9,fk§®Ò?\T7¸"â GÖMx×4î½‘<«»À?ÂØ@…ìûýúw%@?Bë­Ä
âñ€‚x@A<  P(ˆÄ
âñ€‚x@A<  P(ˆÄ
âñ€‚x@A<  P(ˆÄ
âñ€‚x@A<  P(ˆÄ
âñ€‚x@A<  P(ˆÄ
âñ€BSÝøçqØÍKñK?N¯³Å¦÷Ò•XÉnË±‰N§U+¯m“¸Š^J®É,:½§¦x¢‚£Ø´:?VJNSÑšàFáÏ0€r2·Í›¶%µ¾Î½àeØïÞ•4oÚŽÛf¼4¼©²Š9.zÒ'Ãæ>Ý§žˆˆäÆúìš¸°¨EcCµ""’ðåÜ92â³‡CŠ&*:J|ç¹O÷‘mó¦m:[ÏPËÍž•j‘À°)“õ¹?ï"¨P³‰³G_ÑŸK±ÄþgsŸ=ýDÄqjSÌ!›ø-OÛ±9îö ?¸í;‡†öð¾‚Ãù™útŸz"ŽÌ]K?œ÷q?wn,Æ¨?ã|ŽÉœc2ç˜lŽ‚9~Á²imœEDÎï‰]/>Å—ïŽCcìyxæÚÿ&^ÕaÕ>?û·÷;¿ïÜÕ¾pˆ*”¸jö‡/Íþð¥Ù®?V0Çïþ‡Âb¶$Y¾ùÂ2ìÁöu
WµíÿeS@§·j‚ïj_ëç{s¯îÈžu$-™x@u s€
•é\$"¢mzï¨[çÎ›õ«µë°…õOíR–%mZHÎ'Íš±]Äže³ÄîHëÐë*zef?cçWýÀå#¸tºƒÂc_>1 H.œRæùeýùæCG‡^&íþ fû‘ðJm—g6ç˜DDDSúöG¥9ìæÔ?¿ŒŽ³u| +C“¨ÄJ˜3îEe2|Äg÷Î®×ó•?EDäBÁkÓ®âêD<ÑFIÒÊ³÷†•¿7¼äÎv­› ´5„L_2¢Ü=ŒD$må´WŠh½Á?£Þª¿.o
\„ê‚ÅZÝ5øG`h2ñ€‚x@A<  P(ˆ<¨AÒ3²Ïg[ò¬6§ÓYÝµ¸¨T*wmmo?o]ïê®ÀÂcÑ€ÁjµŸIJ÷ôÔúùz{{yªTªê®ÀMÀétfçä¦¥gçæÚ}ÝÝùUp}Ä F8v"ÅÇ§Ö­|ª»7¥³)™™™š6nPÝ…¸î{¸¾ôŒlOO-ÙÀ»µ??§§6=#»ºpÝ×w>ÛâçK¿aWÅÏ×û|¶¥º«pÝ×—gµy{yVwnnÞ^žyV[uWàº#®Ïét2ÀUR©TÜô¨ˆÄ
âñ€‚x@ÁÓÑT*)9eñ’è¸ßˆHdÿÞÆ¿^GrXM&›»¡–‡úz\
â€Š%%§x`LÑË˜ï7µo×*¬]«kz?Ç7,ùðóø¤‚Tà°æÕï0î‰qAµ*Û ÏtÁêQËà.""ñ·› Ëw?ÑúšÖ@MF<P±‚Fƒ"IÉ)‹—¬
ûhî5;€#åç9ÓWÖâ?Oñ-j40%®™5ù½G<ZaBH‰}eÌÏ½–ÍÐàš•J`ì€Š%'§–™cô¿œ‹rËéƒ{ö<c•‚¾CYŠÿ³Šˆ¤ÇþëÃFÏ/ßÁW-¦“ñ{ÿJÉsXMÒ(êõ'dÁ:*ØO^VŽÕ*yæœ¢?”â°¦ŸŒßû×é¼âm/˜,"ŽÌãñ{÷ŸÌ,¹®édüÞøD“CÄRñ®Îþµ·ô®J¼?¢?[E²÷ïùëlÁì‚iËeœ$þih=P±öåúù_j<¸ppÅôÑËÿîÑÕ?øöÁ6/Fw?ŸðÎ±žý+³Û›kÞìujýg·Lû¬¥HÊÏoL_bíÚÐº~õßÇ%rÑkáÝ—îHÛ¢Y™ý<2`Ïºèb:ýæ„Xiñð;¯Ô+qLKü‡ÞÜGÏÖ¿÷‚í‘E³#üeÿÒ¨Ñ‰¡éy†ö^û×Çå?ž÷Õ¨–âH‰}åñYšìåõá‚[Bw¼M©æˆ¼¿–N˜øÝÙö]úg$„¾óÙH÷ÕÓG¯¶öŠ2ý4;¾ÕØè×Üª–ýK£æžuŸ²wý?[÷§}î­eïúÍüâ?ˆú×â3à†#¨XX»VÆ?X´dU‰——64ùÌç~¬?¶nÍ@™’g±zèB£ÿ=RDÎ~÷Üð-M¯%©‰ñÍ;D¹KÞž•3,m|³¯Aäì7O=žÕÀ âç[+ÛRÑ~žèèóÌ˜Ÿ{ÍQ®æã‹iÝûÑ«{Ì_ÕHDÆµ³GôÎ»Ÿë""r"è‘/Ç¶PK^Ç·;ÏØ²TË&[>z1!|ÑS:èD,;çöûNÚ”¬þô7ï|íýô²å÷7‘g,òRÿ;ácí´uóú‹L:½fÂãméùf¯Z"r°Nß]/…{HJ‹'ÇÌMzqë¼.Ó±¿fFDø\ÓO€„x RÆ?ìß+î·Fÿ—>(9ýÀŽýí»¾é¯¼ôÐŒ#–¼?>~ê³Û,p«ZÄz!»~#ƒÈÁ¿övì<ÒP¸më†"’ë°U±ŸŠüµç;«„÷áb1eø?ÉÈ)XÒ+¬…ZDÄCï%‘ãÅI¯Ùt""¢íØ]Ö—ª>~ûAw¿^Ø˜ «•S²u£mdî_Gßì*"Zµô(XÍ]:†M‹£|w%nÄKJN) œ”œ÷›\bBpw÷’¤LS™¹–ø?^?ð_Ÿ´.¸.w¯å?šiñÐy?3ŒO8½#&±ÞäZ"™û÷ø„Þ-îç*ÚO%Çô¬#-z<4²?!Fªµ‘³­j¨ß@âSL"‘œìô2{ò2Èßé&‘ÂXâîî%f[Ñõ~žCÜuÊ4·a¸â€
Äýv`üÄiefý\ÊÓí{Fd}»ç¡k‰#åà¯sÖ¿üêñG>y&°p%ß ÐÌx§´ IDATC[Ž;Â[‡?d7óÅäPIÈhÑ=loôï}õ×ÙÎ³æDÊï'°AÓ ÷¹‰yx8Dê7è ž”Ö?-»ôýÝæGººU-bM9xÚ½…¡âÖ†&]´~wå‡=‚ëè•¶aÉgIr«ˆÈ…ý_¯Ü&]F
íÕ×ö^ìÞ¨ µ¤>íÞ¾gÄKÖÿ:à™öµ$}Ãúõµ|¿åµ8Çü”Ua6(hCX´d•¿ýûú÷®jû:á¯|tê©g¢Úe‰èju{bÎÛY^Ûn•ícÚ½!""ÏþmRèÝƒ?xï»”ù÷÷?·.¼è™hQ¦VM-ƒ®’ýµ<¶Û£ovþZdØ«¿Méúà€¯§>ØîÃ³{â?ÙïÌÞõ3÷ú’nmõì‹ÏUÒû¿á +Ý?\øæäÕ·t6ö™^;×ˆˆäÛöÝRiôÐ Ð»§Ï>ûÂŒ]­"î¾ÝZ<ûÁ‚2:‰»äi{Mž31´ŠnNÜÜT,ô‘\\Â¡Óa¡M/}ýW_ïÛï7U¶Ôèßà»uË.iGV«¸W~%íH‰}eæÞÎSž‰hi(ì¥“—¼åó->õ¨z?%ç”^šg?Té‚ÉTËP0ÜÁ‘øÙ¸§ÎŽ_7­s¹:Ö<q/Õ}¨ê·ÔqñÇBš7ªî*\_´(«ÌÑÊHJNIJN¹¤g T}1­nñÚ;M~Z2ëÑ·•§&›­î!}ŸœîQfÍòû)9§ôÒ‹e‘äÍ/>º2»s×þî¦?6¬wZÜ¾¢:Õî/—Cëàú.·õ`Ñ’è_Û_Å
‹¯á³“«…Ãzöp|’IÄÐºYF—ˆÖ & ®ïrãTˆxÔnÕ]€
âñ€‚x@A<  ®O¥R9?Îê®ÀÍÍétªTªê®ÀuG<\Ÿ‡»6;'·º«psËÎÉõp×Vw®;âàúj{ëÒÒ³«»
7·´ôìÚÞ},9€›ñp}¾u½ssmgS2«»7«³)™¹¹6ßºÞÕ]€ëŽ§&5‚Õj?“”îé©õóõööò¤1€Kát:³srÓÒ³ssm?¾îîšê®ÀuG<j?ôŒìóÙ–<«?‘Ê.…J¥òp×ÖöÖÑnÔÄ
ÆP(ˆÄ
âñ€‚x@A<  P(ˆšê.À??Ãn¶X”iµN¯+þ¢°YLânÐªK®lIK:•&õƒ?>Eóm–¤‡,µšu±YÌy¢÷Ò-3;´zOMÑmƒ^[n«¹&³]™Ôê
?[<S£ÕéJ®ñ@9™ÛæMÛt¶ž¡–›X³Mæ¦½ßšÒÓO-’ÿé³kâÂ¢?ÕŠˆˆ9aÍKâ/Ô6ÔKÖyÝÀÓî3¦mü`áÊcZ?o?5ÛdnýÀÂÈ´Y/ê=÷é>õDD¾xcNjÄÂg»ÕGÂêg¿Ö<ÿÒðÀ´]Ÿ.ý4ÞRÇGw!ÓdVŽ˜ðåÜ9»u~ÞÉ·d?×…Ož22DW<ÓlJË3t2|\¯}uŸ3\ñ@…ü†L}ºO=Ç¡•Ï­Œ=Ôsdˆ¤íØw{PHÜö?CC{x‹HæŽ˜x¹gÂ¢?""ÉIiõEŽl^?8qÁ˜Î:‡))Uôþ?½›nßŸÖ§—ŸäÆoÙ!b‹ß—Ý­‡·È¡ß·ø´£©$ýwÅG‰?¦¿;"D'bIŒž»lÖ×‡‰ˆtôîÃ!"r~Ç‡“ÖïŽéYr¦ùdÌ¼×W~é?mdßf\Œ=pÊu·ãÐÆûÀFÞž¹ö¿‰K¼<åBê©“ç,""þF?µˆ»V+ÙÇ?'™m"jƒÑß â×±‡ñÈ/¤‰ØþŠ?î9²sÒÎ&ûÞ]~=B?’¿;3°oß?‚þGº þáÆó;ö)]†Õlµ¸—ž©ŒˆèhÙøÛár&p}üÞ Bi_Î›ë&b6eyvšÞ\lûÙÐé½[5µïj_ëµ{#ƒ:x:?Œ:¾4vöË±fÑÛ†O|¤g`Ó{g[ûé’E±Ùv­·±÷£Ã‡·ò©Ý*4äßqûÎu¯óÛ¡?Î„{&­Ž?Kk_woœOx?£HBÚiq/ñcEíu$Çl+x±ûëg¾•\KV¾Ï}Ovª-r¶T?šZz‘³)ç%¤ö>C¸"â€
ùôbBoß¢á¿I±ëÉù¤Y3¶‹Ø³l–Øizù‰Oèð©¡ÃÅn;wrýâeüôî€€À^#ßè%b³$Å­?õALðÂ‘¼CÃ[ÅnÜ½±Þ®æ=F´Ú°ðÅvm­Wÿö?þ"âï,ûŠC‹$;-?ÂüDÒD¤í½o<Ø<mÇÒY›ƒÚ4Õ•«Ó”–*Ú#Ù€k‚ÎE*¤ÑÕ2è½z/?V-rä—õç›1**bTTä”A'b¶qØ6o>’mÑh}t^"Z­F’wÇîK²9D´º::µaChÇ€#ë·Çumã)¢ëš¶~ý¡Æw…ED|:Þ?õ}Ì·ÇL"b;»iÉ÷¦Ð¾wúlê¡×{{Gövì^½%­T?¹™G~Z»6Ágà]ÍoüÀ%Ñzà¢L»~ˆ«ñdD£2£•gï+7þÞ-<5~Þ›
ºù…ELím´ý}èøW‹Æ,´‹ˆxúÝ7elO}Ûö?å”´»½ /„Ü¦Ý’Ô£ƒjw9Ó¼úƒ·ç®µ‰h5¡'Lìl(U‚:hàƒÍ'-?ÝÛed-Ù²ê‘-"¢©tÿËOö¹õ†ž\˜ê‚ÅZÝ5¸ÉÙ,6·2Ï°ÛrEëyÙ?@ØríW°¸VˆŒ=  PÐÇ¨)2r$Û¬2[ÅfqVw5n
*ÑjDï.Þzg]¯ê.ÀÁØÀõeäÈßY*›­ºëp3Ójå–:„Àõw&]•ž]ÝEp¾ÞÒÐ—öGÀ•1öped×Vz¶œIWUw®#Æ.+#GÊdƒÍÜöW%g¨ìùÕV€›ˆÆMüë:Û4qölUü­‘ž-z¡—àªè\¸¬„3ÅãÒMª•›Ý‚ü%ª«êö@qç——Àj—?OÊšÎÄdÙ3ß× t+Òj%¤!]Œ×D<\SFŽœN+îðÞ·êÈòÈÝtp%>ûÙ³Wž¹ÏQ4§‘Ã”×ÄØÀ5e›‹“ÀænAþdWî‘»UAþ²ù@ñeCÉ/®„x¸&s‰vÁ}ÇUQ]ùCàªDuUí;^üMb¦óà¢ˆ€k²Ù‹§“3T·Vg1\Àí?’œQJ~Ép%ÄÀE•4hÏg,2€«å®‘R7=cd2à¢ˆÄ
â€›O»Ný«»\ñ€‚x@ÁÝL\Ü¢%Ñ¿þ¶?)9UD"û÷ž0nxuW®â€‹?qZÜoŠ^.Z²*99åÕ—Ÿ©Ö¢ÀuAç"UY´$º(ýÜ×¿·ˆ|ûý¦o¿ßTÝ¥€k?x *1%b@dÿÞ¯¾üLX»V"òñWDç"UIJN)šŽù~SrrJÉŽF•r\8øÓW???[»D¼Ã§pfÊÞo¾Þs®nh¿ÝÖRf¦î]³>.­^Ë?á·ê.s[p­TÅèß (!$%§|û}JÑüÊ7²î_:aô²L‘eëÎÿbZGw‘”Øq»UDdÙæi_~ÕP$õ»§üx»ED¾[úCFÌ’A·^Ú¶×ÿ}PCÑ¹@¥^}ý½’­%èß»òíþÚ¶:³pÚºfÏ_""é{c®ïEDNoß—""é¿nÞn)œ÷ÇŽ½©—±-¸ˆ*öêëïU6þ¸hB%Zvw/zqw³‘:A¡?Eój…5ß ?&EóüCZø^Æ¶àz s€
”ÉFÿaíZ%%§´o×º}»VUfñ¹{úìiê?×ŸÈ1öš2³—?ˆˆºåØ÷_Ì~ÉÞT¯ÖÃžÛRDDš???/ç½¥ñI†–?üßØêKÝöÃëûî¨¹T,ÖKXÀM&þ¸ªhúÙeš]o_Æ¶e²Á}ý{èßûb‘à†j×©ÿo»¿¯î*€§óóòî{ÑËÐ&Îj-ÀuAë€²Êdž€@ÍA<P©ãFL7¼º«7ñ@YÆ?øõ·ý"B6 ¦!(kÂ¸á"j"nl
@A<póá¶E\'Ä
âñ€‚x¸¨â‡&‹ÆM¬öªÖ€‹²ÚESòªAUÅºnbÄÀ5iKÜµØ¿®óÏ“ÕYðçIñ¯ë,z©åÖè€‹"®Iï^<Ý¦‰sÍgUkÀÅ¬ÙálÓ¤ø›¤ä—WB<\“·¾ø¯xÏVù‰ÉòÙÏ$Wè³Ÿ?‰ÉÒ³U~Ñœ’_2\‰ê‚ÅZÝ5¸.Î¨l6e:Ý¤Z¹Ù-È_¢ºªnwz¸V»üyRÖìp&&ËÈžù¾%hµÒ?x¸&âà²2rätZ©Áƒ›¸í;®JÎPÙó+ß
iÜÄ¿®³MgÉviäç¬ëU}e¸žˆ€+;“®JÏ®î"¸_oièKÓà²{¸²†¾N_ïê.€!.?ÖÀõeäÈßYÅãà
hµrKú®?xÔ9’mV™­b³‹ðÛ€K¡­Fôîâ­'5ñ€‚±Ä
âñ€‚x@A<  P(ˆÄ
âñ€‚x@A<  Phª»7‚%×šžaÊ¹`ÉÏwV¸‚››Ê«–Î·®Açé~Ã«ÿªku×àú²äZOžNmèïëëã¥VWÜfèpä§gæœINlTŸ„@?Eç"Àõ¥g˜úûÖ¯ç]Y6µÚ­~=ï†þ¾é¦[€<»*Ç¬ªî"Ü t.\_ÎKP`ýKYÓ×ÇëLrzåËVŽ[µ±ø¥ÆØ±Ï”±ÝŒêkQå%KøüÅ92â³‡CnèQár2¶h‡þTjÎÐá¶Ç[^Ûƒ¨¬f•Uíôò(Ó©OýÉËnk‹^¹IÈmÎ#ìþÿ ŸìÜbç«·µvÌn£Zõ¹Ûç)b?¼ø¸ýîwPà2ˆ€ëËÏwVÑnP’ZíVÙà„"}ž}sdÁ•yvâÚ…Ëf}é·èÁæ×¤NàFós®}Ê^÷:@õÓõ¶ÖŽÙáü³*N#ÙêµËÝf|¯þw¤ã:ÖrE¬ÇTÉwä¯}ÜáåæöûÔScÔÇÙ½ª»*×Õ?è—
7ï ð;ýÌ‰Ii/öó§ÅK²]áØ,æ\»ØÒŽì;t2Û."¥¦+Û*×d¶‰dŸJØ—˜fe:)×^òàâ0?<$ÙRjfnR©ý;,æKÁ!RKnn·åXlÊ¡Ól)WFù½¡†°«’?ª?êf-úäsÝrrU’çvê :9ODDòÜŽîWMQI¾*'§¨×?Êš¥NØ¯>•¥R^æ¨òò%Ï¢ÊÉqËÉ«¼sŽ·£Wk9u\•Q°UzÉ?”(é :£h'ùªŒÓêß÷«“sU"*«Ù-'·xQ‰’
‹¯ ¼‚5Ý¬ù*ëßêßO\¨rN—zïîíìSÃ^·|_Ÿ«9­n´¸b–¤S9Úuëˆˆ%aå¬/7½½™gæŠùöˆOö©/iÿ[ôì/ÚÐ<?Þ/3n¡=|@³?Ï,˜ž:mdM…[%|9wÉY£V?’·¨~ï{tq‡4·IbÜ¢úÃ^²O=9µyÞ‹6}ˆîäž5ZFÎ|²“ŸHÚæ_ú¯¦C¨?5&úèm¾1,Dèëï¦gžÍÔÝ9!¤~ÑÕÍáÕO{"D#^õ%áÐþaµýåf”„Cø÷~ë…žï­:O5nëaÍs«TÒÈœë6#]ýüãö»8Ö«'§Ê?™’®w><F|?i&ÿGåÞÈœ«É¨ç4ý)c_·‡ä»m[®ž?$MåÈ:7ëùË7»­É‘œ_ÝžûC‚»;¦vª¬iN•‘)âãôÊS/{Ûm›·Üy«óÈ:MN»üE‘ÉUòžÛ‘†ÎÛÕªe_¸õš`Xß-öcõz­óN_9ú­&à>{T†zè_Îož°{‰ÈQõãŸ©†<ix‹ˆ¨×/pû{€ýñæåËs¸§«gÏWÉ-òG¶øß‘¿èV·Ÿ©ßN—ˆ¦²l?ÊÔ˜¢ùd·Œæ épyÄ—gË’¹û<ED$×’åøØ³¡Z±ï?^õg·o‘!-–MŠ‰*"’0ôõÈ@µÄÿûÅy¿Þz%Ê¨–ø¿øÁï‰#[U¶Uš×?‹žÓKZì¬÷×¦>°ðez×?Ì>=}DDRëô™3"T'24nþä7é4Ü+vÞÃ¸wGvÐ‰8N­}yÍÖð?‘c¿i¯´Ò•{¦:Ý^zª£NR7½4csÚã/½V0?°/³gŸÜŠöæ£O5®»4ÕÐ—µ…/œ^Ï?£2Üå˜Ý+_D50VóhŒºã8»ˆˆÉ9ô{[OQ¯úDå[¸Î©XÍ£âë~·ÙÉÎÙSím=ErÕóç¸­µ?xÞéUÐƒ?<¿üÁÿÜ¡Y– "bÍTýpZÆËw÷?‡ŸÏS0P¡•æáUª„HØï¶¶–sí#öº"’¯7‘“nkþv>ÿº=DDD%ùNÉqvÿIµ-M"üT¿ïU‰§Äþ®á?£ª/­ÎW›;­ûÕåÊsŒ¨-""-ßöÊ‘œÝÚ73œóJ¬ówQ­ùêõŸ«;Æ´`ààúˆ.OØCOŽ±§Ý¾bQ|›qÃ:×‘Ä¿âDnß½rõn‘\‹6%#«`íà€@µˆˆV+h,œ¶9UlØ,°à§z?VOK~a?‡°¶¡üºÀ–M-»N¥?w;–ä!ñë×ü%""©êÌú™«6éR>ˆˆOpc?ˆˆ›Ú]üJLÛÄ!çV´7â?ë)3ö ]óy–t¿£àRÞÐØ);åTÁ¢&Î¶©8Mõg®to]¸N°Ó§ˆÈÑD•µI¾²Ž§3ØW¶?q“Û.¡wiÛ1¿_T~€·SDeMwûéWU²U$W%ùNñjâì«š¹Ds×mÎ¶-óok r‹³·—ÛÌ…šˆ`é’ÒÈ)ÞŽˆfšÏs‹Wm;ìœ<Z>?V?PÉU­vù·¹IB…åÕ‘¢÷+§Î–x›žÎ`_)ŽÇTßÜ’¿¨u!€ë!¸<^^½—¶‰œ22é™Å_‡Íâ©ÑxH`û>CZ)_)CÔ:½Hš*SéVîe6ÛD
vm·‰¸i´ž©mì~kÁ
‘Z?È!mÅ7VÒh*?JÅ{ƒËó?Z"yEO²• W4áí¼ET™*ñsŠˆ˜%YDDÜ5"f±Š(É¿øà¾Û»ÚÇ”¹QÒIõä%ª~£Q·ˆüíöûAñ³¿ú¢*#ÙíH¢êƒ?4m‡ÙÇ´pŒx>ÿþT·#ÇTk>W[»Êì»òÛ¶r¾ú“ÛQ?‰mæ|¼‰3ÙSýËA7I?ˆ±Ž‹”W8Qv?’ôÎûÛ;y
PC04ÀªÝ1b`í„›N‰uèª‹ûß¯Y:ƒÞË ÷È=›j¹„\ÙV""òû/›’í"b>²}ËiŸ-|ô·‡†¦Æï:.z/ƒÞKgKMÍºŠ·vm÷†›†Wþ]?òÍuN¾H¾ÛÏ{Tþ-?e<ò»·?Ï7ªþvËù[=ÿgUA«Òm·;Žºýô·JD¬GÝ~H—î-óEœ?õå÷Ó*kA¿ ‹²ÈßnÎÛç{y9M'U3SÔGs¥n#Ç?áŽ‡åhªJ²ÕG3ÅëGÛ.Ž1­å÷4•ˆ¸·v>œ«z5Vu»|wÉ¿«½Ä®sû¼®³÷-U”WÊm-?þ%×I+^”|F•qZ•s•§ÀM‚ÖWJ1°ùúÅ±»îšÐyÐ„Ç–.}iÂf­—Æl×uŽÙ8°ìÈÆò‚¯h+‘¶MeõëN‰9O×aìØé4ñÙ´yÎ}Ä®Ñ;ìÒ8lÊ“A~WüÖ¼+ÚC2]_~÷‡U/v»–[-?[?ït”ûÉÜÙöAÇìõŸ©½|œßëü{•ˆˆÜæ˜¡~õcÍÇnrAdèŽ?q†ôtÞù‰[ÄËnÒ2ÿ§á»oi³üMÕ3ÞÔxJpˆóNÉHQ-ûVsD+uó%¹–óÝŽùÖÍk4¿ØÅßM’Å9ct¾ˆˆ›ãÎ;Ü–ýáìÝÜ)"uÛ9oûIu[?|åÛ
ËK+stÇ«ašg?Ô|¬ÿÆÎ¶¾…«D2?©V¥ÊÀ>W†ÜT,ÖKXÀMìà‘3¡!?—òè‡#?>ád‹à†Wz(»-W´ž—û»Ã•m%b³‹¶ÜV6‹ÍMWI‡¢Ëwm÷†›…]eusVÖÉÍšãæî¥üôn?ÓFlvþûy{€²PeÍ÷²AÉSIù™—uôò3óUÖ|§ûåý»©¤¼’®d·\
_€ëóª¥KÏÌ©_Ïû¢k¦gæxÕºš^ö­çÛJ*È"¢ÕU1ÜáòqM÷†›…¦Š~öª£?¨§%ª{7szå©~9$Ýûä/uº{T´Ñ¥gƒÊŽ^~få¦r•”wµ»àRh=\Ÿ%×zòtjC__¯ÊÚŽüôÌœ3Éé??êë<‚TAeÍr;zJòD|Üq\ñ¨,¹ÖôSÎK~~Å—2nn*¯Z:ßº²5ñ€‚†Ä
âñ€‚x@A<  P(ˆÄ
âñ€‚x@A<  P(ˆÄ
âñ€‚x@A<  P(ˆÄ
âñ€‚x@A<  P(ˆÄ
âñ€‚x@A<  P(ˆÄ
âñ€‚x@A<  P(ˆÄ
â…¦ºpã¬Ùî¶ù€Ûñ•ÍQÝ¥¸hÕÒ¤?³g«ü¨nùÕ]€DuÁb­î\wIª×¿PNRUw!nJÍŒÎ—të:«»×?‹€?làjNR½þ…ºº«p#×·f»ÙÀU:œ¤Z³?ËÀõñïp}›ð/À5À—Pðïp}ÇSh:pðeÔÄÀõqŸ"×_&@M@<  P(ˆÄ
â¸ .í¥oHñË°ÖÒ·½4«ÎŠ7Mu¸–ž›"C*Ó³òåÄïòÜdÔÓIÌ¯2ûJw;üq™$q12ù×®VÀ?ñ\Gä£2¤¡äœ‘/ã$Ý[:‡H˜¿ˆÈ®}’á.ª»<À?ñ\G«z"vùöY$""_ÆŠ±ž$‰Ä”s:9Q°R=ÞMšk$n·$×•ºvÙ? ÍB¤±FþÈ?ÈNbÙ±E6œ«äõ$<P¬)b½M"o‘ìÓòÎŽ÷×ñ\‡É*¢‘{&Š5^6ï?Ã"IçDD†ô—Èúó«Ìn&«•Æ±æIßö’ã¯ó²!A†ô—ÈÚ’®_ÑHß;¤Þ«]á1BäÅH“xÕ«ˆ{{ó—a_Þèw
¸Nš®cÁF‰Ëß&2z ¬x[¶¾$³:—ZaøÝÒX#‡·H?—dðE<J,ó?ôíÒyºDŸ©%?»Vu /»Ì|[z¬?t‘Æ?×ëín<ZÀ…$Èä‘†2¤•´”°&Ò÷>9w¤xycƒˆÈ¡ïED’¶ÈÁ»%¬ÄÖó$Ëð†"êªŽ““!Î‰œ“ãñå‡&p!|©€ë0Ö‘3òe¬LÿDþ}\D#ÍJÜáÔd1Üâ´žx{T²#@MEë¸ŽÑ?Ê=wPv¯F(b—ÃÿÃ?Ê
_•!Fé%sŽJ½Û¤¿Jã/¸ŽÃ§Åä.]î”ç’]Å˜'¾•%VHŠ‘¿ŠÉ]ºÜ!^G%ÎR?Åþ‰T,Öê®ÀõÕëemu—€­K{±ž”¸ò7'­'Ãï?-[$IDBä«GÅ˜$?ß«–qSúéu[u—àú¢s¸ ?¿V² ›Lî*“#ÄjÑŠ»]6l¿Á¥þÑˆP“¬—Á$²­5"v‰Û-1gª»$À?ñj–¤DY”XÝEþ©š@A<  P(ˆÄÀõiÕÕ]µ*m¢IDAT—À—P××¤?³ºKà
ø2jâàúz¶Ê¯î¸¾L€š€x¸¾¨nùÍŒüæàª43:£º×G<j„—t?\±fFçË:ª»
7‚ê‚ÅZÝ5¸AÖlwÛ|ÀíxŠÊÆ_y—@«–&œ=[åÓnÔÄ
:P(ˆÄ
âñ€‚x@A<  þ¿ý:äo½geL€é0=¦Àô˜Ó`zL€é0=¦Àô˜Ó`zL€é0=¦Àô˜Ó`zL€é0=¦Àô˜Ó`zL€é0=¦Àô˜Ó`zL€é0=’Ú°sîŒIEND®B`‚' height='200' width='200'/><br>
<br><img src='data:image/png;base64,‰PNG

IHDR
1K«Í/sRGB®Îé IDATxœìÝùsTç??ú÷Ùzß-­ @ØBðÇŽg<“û?ÌTæÖýáÖT}ÿ®©šª;÷[wR3ñ7™qâØƒMlƒ±YŒ’X$¡}ëE­ÞN÷YïÝ’?@B-àýŠ+QŸ>ýœ§™œw?Ïçy„O>ûDDDDDD€XïÑ~Áx@DDDDD5ŒDDDDDTÃx@DDDDD5ŒDDDDDTÃx@DDDDD5ŒDDDDDTÃx@DDDDD5ŒDDDDDTÃx@DDDDD5ŒDDDDDT#×»DDDDD/ƒrE/kzEÓuÃ0LË¶-‚ Ê’¨(²Ó¡¸ŠË¡Ô»›OÁx@DDDD´s†iŠ•¢Z1M°mA UO0MÛ´ôŠn,TQ€×íx=²´Ogñ0í„eÙK…R¡T¢(Õm`ùÇ‚`¶eÙKEµ j~?+ès‹‚°aËu´wñàÊ•ËöòÏ``Y–(Š¡P¸½­Ýç÷–J¥nÝª}H6 À{Ý‡Ø8|¨;ÖÐ´g?'""""Z­¨V²ù’eY?Ýª>?eYµ¬jzÈëö¸Ï§ƒ;´wñ`ffÆ¶×ñ½G?¶µ·¯1sfzf+­µµ&v¿‹DDDD´3–Û€eÁ¶ Ø`Dˆ"â~Ÿp¿]Ù|©P*DQ4M³zßoF.·¤8¿ß¶!I¢ 6 ˆ¢aè²$+¢lÛ¶mÃ²ìÅBI3Ì?Ï]ï7ôÈÞÅƒP(¼lI’âñøñãÇ…Uã)š¦i-
­J`ÕlÈû¾ªƒˆˆˆèåg[°*0õµ—ÿÇ6aš€¨?ˆNûtÂý¶¤—
jY[}Ä4MA*•ÊÄä„ašÇF"?Çã÷ûý~¿$Iår9?;Å4MÛ–`C JeÍ²íˆßS¿7´ÆÞÅƒ¶¶¶ê‚ vv´;œÎêCË²¦gfŠù‚ªª’$µ¯Lx·Çû<;KDDDDOc–aj[8¯z²S‡ä€äz¾½zÎ2KÅrEÁ~41ÆE¡P,ÎÎÌŒ??eù²¦¥—²ŠRû:;4Äã†iF#?Ûcš†$V«–m@€€²¦/æKáý‘ö.Ü±l¢ðá/?\ÉwîÜ¹wïÞZó¸^Ã»ÝG""""ÚÛ‚¡Â6·ýBSƒeBv¿ ÃÙ|I­l?ˆ*šV(&&'“©´MÓtÍåv‚?+Š%u)»”hjêéé1CrH`Cjƒ-jE5¸fí]<ÐÓ¶ÑwªÏã©£/.~‘J%Á†-BwwwC¼áÊ·W„§•wØ€eY{Òk""""ZË6¡—V¦íèåE(Ò.wì9+•µ’ª-/²Û¶N‡¦i¢(Š¢8t÷n6Ÿ³ˆ’Ã²,I±mË¬”Ë¶Iq¹]r*“‰F"KKKÁ`Ð´LIEA€•›ÚbYSd©î•Ê{zv8?GzzªÇÆÇ#ÑH45-«û@W0P.—{ª'¬,µ²ÈÑêJ?@`Û=°Íb~aa¾T©=–½?p$æ÷JÏa=)­?ÊU8Qÿÿˆ-5›)šDo$âÞw+[­a[Ï”–[?^‚â}?Æ,ÛÎÔÕG‡eZ `fnfn~®TV!Š¶¦C$Áa†ˆ– WÊlsttÔ¶íÞcÇdI²m»Z„+öò=`®Xv9•ú®vºwñ ?Éœ:uªúóüüüèÈ€H8|¼·×á¨ÝA›¦¹¸¸hÛOÿ…knŒoçâf~êAÿÈ’º~Èa€;ÒtäHGÌ¹?öžª8ûÃí€¶SÑ#OŒZzâ‡*€Ð¡“‘Öú'=‰¡>s6¨²a¨Pv¿šTUU·{÷ï©òÅ²UÛñ¬ö_•J€$K¦iNLLT´Š–ËDA!E[a¦e˜¢ –ËåÑ‘‘®ÎN¿ß_mV¨þg9Ø6ò¥JÐ[ÏòŒ=ÜÍ¶Ãápuˆàûï¿·,Ëçó=vl%TË”?.l;³¸87;»<‰hÍÞ6 ëú†Ùˆ™¹ëÆ´?~o,è£°”Éëjfî‡«ùÞŸO¼Øu2DDDDÏ™YÞI½Áflfy+•ï?¹¸ú³Ûãnkm9|¨{WZ6L«¨VV¦­EÑ0Œd*555%J¢`Y¶©;Dø?Î?ßãq»½^oYÓ2Ù\z)_,k¢Ë X,.Ç‚ ŠâªFmµ¢ûÜI¬Û¸ÊÞÅƒÞã'ªË˜æóùÆÆFAz?w:×|i/ËrWW—ËåÐèš^(<xPÍU«¹Ý[­ì¶Gœ6ˆÁæ³'ÚýkDµµÜìÝ?Éy)¬S6p%zßm´@âR­DDD´?ÙÖ×)*ßû€«çý§ŸjjÏ>ÅHUÕ+W¯©%µš
TU-•Ôû÷‡'§¦ÏŸ;óìƒ%µb¦UÝ­ Æ–DÉ0tYQŠÅ‚iZº¦Û€C:#?öÆ¨CC¿(Š†eÛÍ·ï?<L-U]ÒÄ;wn‡C¡€ÏoYfuÑ£û\AXN»;³eö.xÜµð‰‰‰|¡ 
¢ÛõØ-¹{U&SJØ>{öl:?~Tz`Ã0¶8z`§f3:x?_—Ž@âä¹h¾ Öm?TQ’Å¬.‡ˆˆˆ^EVe'UÏÜÎƒU?ô¬·ï·úï¨%õðáƒ«‡ªƒW®^{ïÝwž±ýRY{|è€(I’$‰‚@QÝ0`YñPÀ¯ÈAŸG–Q·Sr¸µÎßpº]–e™†ièº½vvL•`ÃPÖŒW"T'UY–588hÛÖ¡C=ÂcU­rñâ~ŸïXï±X,æp8DQÐ××788xóæMË2«³²º´míªåJµ†$‰lV 8—gÑ&ÌM¿œ-ß¿(ºüŽö³Õ‡¢¿aõ³úü?¹4ã:üÞ¦Í>[<˜ššI§3ë²€êÃû÷‡§¦fZ[;n_ÓMÃÜ`ÍLADA´-K-—-Ë‚ Ø°Ýn?Çë3-Ýl¶ ˆ²AˆD£‡S³!ØÐuMÓ4Û¶Q°mûñ[bÓ²tÃTäú|ƒ¼wñÀ¡(Õâã#GŽJ’ØÑÑñø9.§óÀ?’óI·ËÕÓsX’$ÇŽ‡Ã³³³Õ˜†¶wyÝØjŒµírvvb*µ°¤ª:ˆŠŠ7îj^?ø`W2Ó'³Ù²e?d8ÖÙ•hò®=OÏÍŒNŒ&‹ªˆ¢;=rô@Ìµü{°4þÍP@ÓÑ×TfFó€¿åloƒ•šKeò†ˆwcGç‘–€¼úWH+ÌÍNOÏ²ªa¡V\‘èì>¸Ë¥ÖDDDôj³ž4qCtù+ãßKÁ)ØÀÑúúÊSæÒtùþÅM³ÁJãâÎgY§3m€¶ÖDuŠÑ³Å£6Çe-lT´J!—³LË¶-Ñ4#±°+¯–]?†CÅcC(¨%Ëá…C‹9YVl»º¢‘-ÔF±…ÚU´W!TGAp:‚ Èò—D±±±!ŸÏkš&‚iƒƒC?€¿š%š››Š23;`Ëåî@HFÎ€:;8;Óö´Š…ÒÌµë“ÙµIÂÒõÌÌÄÕùtïÙUåË•äàÍÑéòªóL#Ÿš»?š›î9uz9[…™·'3+Z–šMþð]éÈÙãmÕs,­šBŒZ(µÌ²®ª€RžðÃý)}%«Zš:û`(S:tþpD3u¿¿Z_f­J>ÿðö­¹¶žóC/ÌRaDDD´ÏÙÆžt´Ÿœ~)Øb´‰ëæâ)ÜîhCtù}gÿoÁùÄ%émØy<H¥36,0p»ÝnÏ³Î\Òª_2°m{e6?`‚mÃ¶A‚²(šš.›FÜïÓM3tY?ryÕ?ŒMÀ!}>ïôBÚápDÂáh,º²jÑê9KÕBØp¼boìá¶hºæt:EQ±,K-—Ïž=³îœr¹›››K¥Òâââõë×«+MNN¾õÖ[Â‘È½û÷gggƒ~o0ÝÊuƒ-Í¡©É¬…ìðí‹ãîÆ¶xS8òºå·;p{‚"rNGg{kÔë’Øf1;5øã\Ö,?¦›ŽEEvîþ?Ñé
ÑßÖu¢#äUD«\Ì,LÝ}XŽ…œXž›7=<)º‚GNhv‹€ž»ß?U±¬âý‡é–jS›ÉÍÝÍ‰þ¶ƒ':NÀP“÷ïLÎWP™ž˜n?txH¿ÃÍPSKw[<äVD–V˜¾70o¨“c“‰Sûbgn"""zñ=mGZ¥ñ¨YXPû'ù?ß`ÌßSûçîûµäkxòkaYx¶/Ê£ÑÈfOyÜî’ªnöìV¦á±Á–e°EQŠ,{%æqù?ŽryÉ!‰¦¡—SœŠ¬Y†©iMÓóiI]N'<>­¨šj­“½‹¦iV—J4'2™t:?²,K\; Š¢ 
¢(ú|>ŸÏ‹Å¾ùúÃÐs¹ÜÔÔTkk«(ŠÇ{?g³Ù6æJ¼öºÑÿÃlÆ„¥«³£³Õã’ì‡ZZ-!·¸òG#„ºÎ¾~Ø±*¿
’7Üq¬#}å¡n%³YD#@yzl¼¡CÇÏ,oV º|±ö#o5ë†‚•xgäµ3‡"µÎ*±C½G‹7±ÒÔ¬n\V'{Ë—n&uT+'GSÏÏbÊêÎŠ_¢§=3?:»ê4"""¢ge?ýËlmâºäotŸü»êC¥ñ˜úãÇÚÄu÷±¿~öÆëÈ\?VßÐ›°aÛ²$ú~ŸÏŸÏ¤]‘ [q4›DÛÈ-ål¦¦¶Äc6,ÙBÉ’e9475„Í×k X»²·ÄŽìÝô“•?
ºvÇbñh4ªië×Æ’eY^5ËÊív¿ûów£±X<Ÿ™?5@ hkmsmg?*Ùß~úí×ÏŸhëˆ¹?+Í›F>•º{ëÇ/¯Þ?Ì?Êg²cƒ±-·ÇVEÓ¨Éy”øá–Çº¡(«ƒK¨½5²&È(‘¨,µøäê1Ò½®ñ@°½s¥å,(tVr{ÝP,oyy"""¢'6¾]-ßû¼<ô©6u€¹8!7ö¬~Vnì©N4Ò¦n–‡>­.xºõÆ·H-©žÍgy<nµôL£k–3]}°`[¶-
¢ßç—$ÉåqÛÔbI-”ÊåŠËã‘$¹T,-e²0mÛ´tM‹E£>¿ÿÙ`¹ñºåƒ½=zëí˜ ~¿!9of>Ÿç?wåÑ®a¢(®ÞA–å|ûí·€=<x@<WK*¶4·h™ xc‰Ã±Äa¦^,æ–SÓ“Ù¬«¼t÷æ~r¼íÑ:«¶¥kÅb¡²2Ë®TÍ†nŠZÌ"~ÿÓv¼ö{ûe­ý6XOùC÷y=ë_þ=²Ö%lË4ÊÅli¥`H«þ ›Oš#HDDDô˜šš?l:'£Z“?Ngž0éÉÌå2Q×AEI°m?Çsö'g¯g?x8*h—µ²"Øša«©EÍ"‘H1_,Ï%gUýÐ¡C‘HÄépVïòjmýOýì]<(
‹‹‹‘HÄétž<ÙwçÎMÓîÜ¹sôèQ×ò¢ >>+?ƒÁR©4;;[?áH8?\ØyW$ÅˆzÑD‡]œ¸:\´¬âý‰LÛá`æ§†o?f‹[™î%Ku®ý­¤ïŒN.=m2 Ñ3²7XõÝÞgR¸Ý˜¿§4[9bÌß“ÂíëÖ2Ú¤ñª.[?†7;¡ºxÑÔôÌŽã?(
æ†›Âr­²,+'N?ü¶?ªØ¦ÇçINO‡‚áD"áñxJjÉE—ÛñZ»K²¤ëú£yòª9aý×Âõ‹{ZZZ2™L$ÐÖÖ&B:?02<’H4‡#²²qzzzæçç«3”EQÅ½;[EÞ¶Î®é?aV¾\Äù{ß?È[€;ÒÔÕ?x?µeF¿Ì®u'…ÕÊ£‡Ç+€änéjn‰„–×SU'oêÙ5"""zÙ"ì§|{êhCíÿ?úãÇÕ)FÆü=3?ïîûõ–ßUU''§£ÑÈöEv»ÝÑh$•Î¨ªº³í“%Q4MK„•¡ƒê×Ù" ØeÉœ}ëüÄƒ¡%5‰‡Ì²¶˜œ·Ã¡`8$ÈV^+µê†Ó4!–m‚¸’ÖHâ+fffl@„îîn­­­sóóÉ˜˜œ0M3F£±öŽv§sý­¿¢(ÓÓÓÐÖÖ‰DA(•Ô­-\´eDTæ§ówók}í«÷QÖÖlÒìvû€?ZZB4¸«½Ø†¥ädš?œ8Ö°ú¨X)Õ«ODDDô’E<q-»’—»ï×ÚÄõÊðWÕÁwß¯QÖgï(ÍÇŸÒøŽÜê¿Sý¡ÿÇ;O>S-©;Þ>Y–¥êÖ«ToéÀ¶[€iGN¾öúÃ;ýz>çrºœN§Ïëu¹œE½| µÃVeËr»ÝºaT×Hµ±éd¢:NRÙ»x0¿0oÙ˜_Xhjjòz½^ãôÝ»w¯|{¥:©>™J=nimÙðåsóóÕ•O«+åò†§=niäÇqgç±u»‰-3g'«eÆAŸc¥À½. è©dqÕCw¬Ñy¿P?žœ\è6¬]ˆkƒí±Ÿ»:§Hv¸Ö^o)3ÇÉFDDD´»Øtg4}~¨|ÿ¢çäßIÁ–uëé³wÊÃ—lS{Òü"a'w¤ét&?Î,ÿ°Õ—ì`Š‘C–V¾z„Ú$+Û¶-Ø‚ X¶eÛp¹œ†iÚ¶-KnÓ”³KeŸËát{Ê†¡f!ŠÙY2LAT4]±ºÅòê«TVçÙö«Nž8Y?Œ3<2Òwòdõà‘#Gzzz&''“É¤eÙ: IRßÉ>À…j›%‡Â[û£5Ó“Sê¼54?ênîˆ'¢‘€Ë!ËlÓ¨¨Ù…©»—ª»iðú??™Ÿ.5tÔJƒíâä½¡Å5­zm-ÃÓ:f‡nËâÑ#µ-Šm-7{w ;}lçûòm?ÛB&cf&Ýå?ÖÂ?ž¾;?|Ò®†DDDD; *À¦ëÿ˜K3®ÃïU·L®®S´Ro 4·MÍÌNáñ`G[&G£‘¿ùè—;xáv97ZÖR¨Þß%I–$£6ÓD(—µ¹ù´b‹MËç²NÁPP??3Ó³ñ®#¢¤ØË{?%„Õ©>[&ïi<Ðt½:OË4?7n477'‰êGÓÞÞÞÞÞnYV>Ÿßpá¨……Ó4A¨†Ë²Lkk[Eˆ¾¦÷ü¤j™êìèÄìèÄFç8;Nõ49 ÒÞš?ÌZêýï®?‡3›*æ5±­549µªö@Ž>±”»•Ì[•ÉÛ·&EÑí”ŒŠ^ÝÁ¸´ &¼\g—¹š»[goLúìð_R“‘¸_)-¥rºé?µ9S“¹çß"""z¥H
Ì?¿„t~oõC+¿fGëëOÊÒÎ÷K~ÜÊøÀ³,U´ŽS‘eI4×?
?ª‡-ÓDQ„\.÷`hHEK7ÃAO<èQ$[¬b¥<<5¯D›¯ßátŠ¢hÙ–]Û!yƒ[_IùˆÓS“«?Õ‡666vuuµ´Ô‚¦(Š‚ T77XgppÐ0ŒD"!IRuŠQy‹»ßÎØÁ“ïµæ¦'ÆfŠymÍ´QqFZZ·Æ½+¿–®Ä™sÎêr@•lv2HîŽ¾žÃÂÄäÔš†å`×¹s‘ñ‘ÑáyÝ²,UµˆŠ»¹»óp“?•1?BäÐ©sîáÛ£Ù¢^IÍT¸ÚN÷„³ý©=¸<½ZDçfñà±3·sk+îÚ.®étæÛ«×Ü·ÇíN§3ïýü??Õ"?ÎëvæKeàQu2lH’dZ¦¦i†®çrùt:ešf©Tjkï¾}S„Û©ÈŠ$Ø¦Y©Ø‹‹KÉdJ.•?.§ÏëSŠP­AÖ$„êx‚SÙÍÈ´]Â'Ÿ}±7Wúæë¯_éÇ¶,—Ëíø[ZZƒÁ@©TaÝä?;w2™€ÞÞÞh4
`bbÂéP›š·ÝÛ~?DY–6¯°LÃ´QVžöû½Òæ“|ŽlK7,’"×y¥U"""z©™e˜ë·µ}&’’kçmÕý#÷ïhkké;ùÄzèí0Lk>“«fÛ¶MÓÈf³%µdèºmÛº®K’d˜F!Ÿ—±µ¡ñ~ÿ—Y<~¨C¡vª`MÌ4w÷4w(©%YVLËôy½§Óíry<Ó4[¥êöV±€WÚi¹ö³Û»Ñâ4‰¢nè™L&?JY¶-@8söÌêç³Ù¬(Š·»šlÛžŸè9|pG}ä-¦1Q’·|·Þæó"ˆŠÂ\@DDDÏ?ä‚e>u…Ó­¤ÝÍênkMìÖ Á
Y½.GA-ëº!I’ ³s³’(ÊŠât:ÓÐu-‹ëšîv8lAˆ64ùT¦Pö¸Ý*k†$)Édk×A]×ËåŠ,ËE¡¤iz:•jimq»\°Ë²¸?J³ÁžÆƒÙÙ™÷£^gåÛ}MÓfff¾ÿî;‚$I¿øÅ/–Û™?™?ikÝ‹ê_""""ZCvC/n¸EÚ6?wù&¾j×³AUÀë.”Ê¢(jš¦Z¥\QÅáp–ËeÓ4SétCcckkk6³¸˜]rùeÓ(Z–^ KN%ÞàO&‹ÅB$ÉdËeÕ²­2Ê’(EE–?N§eZ|»³»×Îí]<ˆÇ,Û ØX½üç£ªOiš–Ëå,Ë,WÊñxƒ$I'OžƒÕðððáÃX,öœþà‰ˆˆˆèIŠzéÙ‚Å³ãÝÐêB…?ß3Ÿ^T¹\VA(•J?§X(Æb±¥ìR!_…ÂlAd%¯™¦^ñºÝ?€×¥8?’ìkjž??=rô¨Ïë Ø°çfçbñ˜a%UEQ‘¯S…ºmˆVµwñ µ­ED€]«ÁÖn"][XÌ,V+Á›m@‘ä¶ö6qy„err²±±€ÇÃx@DDDT‚ÅCÝá,#A‚ì~±²A•ÏãÒt±\QUÕ²,§Ó©ª%Ó´4Mw¹\sóó^¯¢h‚ìvWlÁé,•Ë¢)4Æ#¶ ˆ¦¡§’•JÅçóš¦™]Êúý¾²ªºQVU¯×ërÈng}§¬cOãAÿ?ÛJ™~à?wÞq8+ÙàòåËsssÕFœ§Oû¡çÖY""""Úœ Bñî¤Ry·k‘÷X$è3L³R©‚ I’×ëõx¼‹‹Q”J¥’âPDQ´Q–e—ÛççrjÙURÃá?¦šN§+›Í:œN‡Ã!
‚×ç+«j¥Rq¹œ–®ù\Áz¿?ìmiò†;<æÂ…?@@Y–…Uc+—.]J¥­×ù„]$ˆˆˆˆh/H.ˆX•--x*)?/â Á:‘à¬×“Nš¦‰bÀápÌ/è?€ÛírMMN…Ãa—Ëe†Ã¡¢àr¹*•J±Xü’$»œ®T*ÕØØäñx‡£¬ª²¢hš&Kbkc¼Þï¬f/'µ== Ø…B²¼¦W•J¥¿¿ßårµ¶¶®ôy÷`ã1""""z"A„ä†ä†¥Ã6`Y°­åRS‚Q„ ïl_ä}«¯÷ˆLÎÌv¡?¯T*†nˆ’”Î¤c±˜,Ë†n„Ca§Ë©kºiš¥’šËå}~ŸÃáÐu€e™N§Ó0Œb¡ÐÑšè9ÐQï÷ôÈÞÅƒ¥¥¥êjMOf†,Ë¦iæóµTšž™N&“Âc%š¶«kîÑ³@AÝ¶úÝk'{?Ä¢‘±Éi§ÓU,=?Óá¬T*¦iB€i™N§SE·Ç]Ñ*ºahšf¦Ëí²,;ŸÏ546º+šeš?-MtÖûÝ¬±wÛ¢½LtÝŸšþæÛï?€Ëå,Šn·»!ÞP.—?@¥RÑu]Ó´Š¦‚à÷ûNçüü‚Ëåêîîv;äX8 È{8Õkö]‡ˆˆˆˆˆ^Š"<ÐÑÔËds†aær¹–DKue?B¡ (Š¢(’,†aY¶išáP0¶5Föa0¨Ú§Ý"""""z!ø¼ÞS'z,f—æ’ºaú|?J¥"Ë²(ˆl¯Ëíö¸|O$øö{-ãÑ.‡‚áÐ¾XœôY¼ðkKÑna< """"¢Æ"""""ªa< """"¢Æ"""""ªa< """"¢Æ"""""ªa< """"¢Æ"""""ªa< """"¢Æ"""""ª‘gæëÝ"""""ÚäDc¸Þ} Úk3ó‹ñh°Þ½ """Úw8¹ˆˆˆˆˆˆjˆˆˆˆˆ¨†ñ€ˆˆˆˆˆjˆˆˆˆˆ¨†ñ€ˆˆˆˆˆjˆˆˆˆˆ¨†ñ€ˆˆˆˆˆjˆˆˆˆˆ¨†ñ€ˆˆˆˆˆjˆˆˆˆˆ¨†ñ€ˆˆˆˆˆjˆˆˆˆˆ¨†ñ€ˆˆˆˆˆjˆˆˆˆˆ¨†ñ€ˆˆˆˆˆjˆˆˆˆˆ¨†ñ€ˆˆˆˆˆjˆˆˆˆˆ¨†ñ€ˆˆˆˆˆjˆˆˆˆˆ¨†ñ€ˆˆˆˆˆjöW<(–ÊÉÔb½{ADDDDôŠ’ëÝH¦ï?¾ûöé?¡‘±ñ^¯»³=Ñ{´«Þ]#""""z…Ô???ôí®>ŒÇ#Ç?v-$†F0!í™:Çƒ`¨·A IDAT/¿¾‘LfÞ}ç?x,\=âõ¸â±p<îìH\úúz±¤ž=Ý»…–nþ®?wúg:«?–'®ý×uÇ;¿îkØÂË‡WÉJCÛ?SÇ;BÊvÞÌBÿo¿Á…u×*=¼øélÇ‡çz¶ÓÔ=×Æ‰ˆˆˆèÕSÏxP,•×eƒÕ¼×ÙÓ½_~u½!îìHl¥Á…;C-}+ïÉÎÜÈZxZ4Xvð­÷_o,C/¦¯|ößÙ¿èkØVB """"z‘Õ³4y`hÄëuo˜ªªcwG·Ø ‚Å›ÃK+‹£wG­êÝ½eišn=:ÓÒ5Ý°6jeÅßÔwáµ,ÜË×Ú–žÏÌÎfr«_eäÓ³sKªe¯~½U^JÍ&—ÊkÂ*ff“Kåµ×´*K³©leõQË*­=hºfÀ¶ÊK©…¢¶–MÎ¥óÆ?""""¢-ªÛèA±TŸyêÄ¡‰j±òVtï.ö?Nu¿ÖªÆÂ½»8q$|³€¸xïÊ—•#¿~£I`Ì}ÿÇ»î·.ôE7oKˆ8à¼7›*ò»Š/^-‡#Í>cöû\øôÛç[úBÿŸ®:RéþWjË?ï@qðÊ7¦tdf­–÷><cüæ7Ã’?¤§./:{Þ>""Â.N|wíû´£5¡d¯ý`vô}Ð× X7ÿt{ÊhŽÈ‹×~ÐžþèXÉ??¿)FcjNU?œiÀÜ¥‹Ã‹¡X«rÿšî4·ñ‘=E?kâñÈº#ÉÔâ÷7VKåêÁ'2<ânë;<~é^¦õx$7|ªãØ¯ü“7ÑÎ„ïóññMœ(O?Ox>!$E†€·ãÝ¿9 ŠPŽ|÷‡ÑérkÛÂè‚·÷ü¹n/€3?
´pÏ…¾(`L_ýÃàxêXÔ ‚¦óôÈ~õÙàä¡·:³÷¿O‡ßü ¯YŽO_ýãà`[C_¤áÔ_½ûzõJ­ƒ3³p,ÒZ çgï5Ê€6qex±åÄßœnR}ú‡ß§Ôm|ÜDDDDDOTÿ•‹Vkx,x=.oGÂãqo±…@÷?†?ÞníHÝ÷¾þW,NÖžðwö4Œß›È8äœ?Ì5z-ð´¦Êª@ÍŽOLæU%LÈÑ¦À÷?Þø:×ÐohND¼BõEáæjê?€Zlðv$¼ÕŸB± îfsè@2e5?h®N}RB± >¾XDÄkF'S90Š0]Ë}·Ö**r©$ZÏ5Õ^…Áx@DDDD»¦Îñ TR½ž•›`tv$¶X…¼)¥åÄññ?ýeÐwìÜ¹5UÅŽŽ®Ø?&Ó?ò½¥–3o:6o`§¦ÆõÀá˜Ð§~øS¿xö?ÞƒN˜sÃ£àíüÉ?´ªÙÅLjbðO·Cï¼|ó
hC_)°I I
4ÓZ.þ0-@‘½û§/2.¼vÂ'¡0º0^YiBªÅQ’¡Ö~ÛÏŽˆˆˆˆ^u»Ëôz\^¯{!ù”=’†F¿üúÆöZîê=ÝyðÌÿºãbâàçôåË38Ü6x¡¦iº¦éšV\šî¿ÔOlx½ÓÀÔËˆúŠC\LÖJŸ‹ÙŒ.¹Cñ–ƒ'$ÔbNB?*Fçt°Õ‡£bK,D®™©y€ž˜õv4¹¡šä?…ÝŠÃ¡e2¹šŠ´¶+S#s6#=:?ÞÖGCDDDDôDõ=¨­[oVW?L-?¼ûÎÛkWènô„¿ãP ÿN´¯OUßÿe :Ý?z?:ÚT?2äjë>:Þÿ§?N»e¹«%ˆ<57v÷ê„êp)fYwé;ãò¶
ÀÛá?ÿì?ša™?¶w«åÑ‘cï½vãÒo¢åÀOÎôîg›o\þÏKn§nóoX=r¼ç›þO??J¢#Bq{Ñæ„O>û¢Ž—›˜9{º÷ñ„?L-~ùÕõÞ£Ý»¸qrúö¥Gëm—eA|ìuÜìõ–¸Q?µ-¢¸ÑøÆŽ®K˜™_ŒG7Ì?DDDD¯´:×ôí*–Ô/¿º?GŽíª– '“™‡³Éd&?ìb6@erp‡ÞÞQ66¾ßÆ=úÙ`ã£Âe6 """¢ç Î£UÕÅL‹ÅG‹ðtv$t$¶´˜éÖY†n@qì¯Åš¨.8z@DDD´¡}q¯?…?úå[Õ-ªV/g´kÄêj£DDDDD´±}ªžK$ """"¢-ãv"""""ªa< """"¢Æ"""""ªa< """"¢Æ"""""ªa< """"¢Æ"""""ªa< """"¢Æ"""""ªa< """"¢Æ"""""ªa< """"¢Æ"""""ªa< """"¢Æ"""""ª‘ëÝ›˜ùè—oŸY÷l<ñz\uêÑ+¤Îñà“?ãñ¸“ÉÌ»ï¼QÍßßXwN<y÷íÓOkiáæïú‡WIb qøí7Ú¼Â:QzxñÓáð[ï¿Þ°Õn[ºfJ…C/´·tÃ¨Tt]7MÓ´ëÝ"""Ú?H’¤(’Ó©(ò¾ø.~[êÜão¿qéëëï¾óF<ÐÙ‘ðzÝëÎ©>µWnñ+™ÛßÞ¸8øÕ±àÓ_æh8ñS·c'.+Ž^¾2Þvþ½nïÖ_CôŒ
EUÓ¯Ûå÷ºdYªwwˆˆˆhS†a–+F¾ :Ù÷ØÍí>Wçxàõ¸ªsŠVl=<‰3ÒÕæšÌ?úº%)"
ÙyË×t°*K©ŒîˆDBNdw,ê„²üZÛÈ-¦ÊR0p‹+ƒF>?,Â‹úEK«èL£¢k
dŽ!Ð^XÊeYjŒm#ÅQ½È²ä“%Ÿ×™Í•–rÅ`àEúNy_Œw<?ÚƒrIƒ×áVÇ¿üt1k± º;Ž}pO|wíû´£5¡d¯ý`vô}Ð×  uë¿†ž?èŠ/]š”¯1z9xóçÇ#}çê—#•p"æXXŒuv.L?¨0‡ï|6ŽpÏ™ó/X"¤N¡¨Ê²
xêÝ"""ÚžPÀ“Í•
EõCxij`aäÎÍY0K™ñ±ç|³ˆq ‚Äù8è`Íüð}:üæ}Í
p|úêÛú"+äï};ì:õî¹@×àWWÇò6Í^»/žøå{=^ÐuK9Õä¹te¼í4'ÑÐCÓŽ½ BÏ|jI7Œ¥á¥ª=¨‘½??M‡^?„œ"JÜ­ÍµûøT2e5?h®Î#RB± >¾XÄJ<PSS9swo¦%1çVËÉÅ\¨±u9(œKD{«RÑ½n®ÜEDDôóº]•ŠÎx°%»[{ÐÐ}|£Õ‡Di¹„@’h¦µ¼ÝƒiÂªÛ}Iv@Ž8|ÐW;pB”13µR8R@u¡ë¦ßËx@DDôs9å’Z©w/¶ªÎß…??Ï|ùõ?b© ™ZŸyüŸê³»"šhpÍL=È[ôôøÃ¬·£iÕ`…£±£I}0‘?âPÅ.+¢ÒØÔl,ŒÎj`«Ùœx!,f²:®.IÏ™iš\§ˆˆˆè…&Ë’išõîÅVÕyô`àîh±¨&“oGâûÅ¢úø9[¯=xºÈ±÷^»qé‹‹·Ñ‚rà'g®©öt´ŸyméÛþß< 9-ÞCgßÅÛÎ½Uüòò_~k’=òÆ»GÃ¡ƒ±‹ƒÿn'~sºiwúF´&P""¢—ÀôèÂ'Ÿ}QÇË'S‹Å¢ÚÙ‘P,•K¥?âÁ®,uº–eY¢¸<rbL_ýÃx¬ºrQ•mYö£çW^ƒu‡?B/ˆ™ùÅxôÅ(öM¦—?»ÿ¯í¥èÞ£Î£ñXxåîßëqí`Ó?Y¹÷ÏMÜ™ŸŠu?X=Œ ˆâãÛ-?ž˜ˆˆˆˆèåòbP??Ž`¬ãxÛ©X?µŸDDDDD¯z<p›šëÝ""""¢}‚Ócˆˆˆˆˆ¨†ñ€ˆˆˆˆˆjˆˆˆˆˆ¨†ñ€ˆˆˆˆˆjˆˆˆˆˆ¨†ñ€ˆˆˆˆˆjˆˆˆˆˆ¨†ñ€ˆˆˆˆˆjˆˆˆˆˆ¨†ñ€ˆˆˆˆˆjˆˆˆˆˆ¨†ñ€ˆˆˆˆˆjäzw€ˆö”®›ÅREÓÃ4ëÝzDÛ¶ëuuI?ŠìõºYªWˆèÉn?at™<¬ºýUñÒDüèjÄ‰Îzwe`< z…hº™]*È²ì÷¹Ü.G½»C?ÌÌ/FÂþz]]ÓtM3³…PÐçP˜ˆö—¼Š/~D*Wï~¼¼,©R9ŒÎãç'áw×»CõÆÉED¯
Ý0³KEY–"!/³­æp(>Ÿ[Ål¶ ëV"Ú_˜öL*‡/~¬w'ö?ý2zP,•†F’©E?í‰Þ£]õîÑË¦X¬T³A½;Bû”ßç.Ôb©
ò—„h¿¸=Æl°§R9Ü{Õgí‹Ñƒb©üÉ§_??Ï‹j±¨ŽMÌTsÂš®[»Ù?¢—‚¦n—Rï^Ð¾æpÈGˆö“Ñùz÷àÕÃÏ|_Œ$“™Õ‹EõÎÐè»oŸÞn;åùÁË×§Ó€ìlïí;ÝTúû.üº¯X¸õù¥ìÁ?.ØÖ7c–®™’CÙIŠhçÓäœ"z2‡C)Ëõî=’É×»¯~æû"KëÿßÈëqm·‘òÄµÿº^l={îÝ¿«œ›˜Íu£«Îi8|úí¢s›'ÅÑËWÆÛÎ¿×ÍÑv"""ÚS\§hïñ3ß_‰7ÄÃëŽx=Û-ÏÜ»?õ{í\«_At[^?$*¬=Ëá‹…Ý+ïÙª,-ÌfrÆòL$CÓ¶–MÎ-,iÕS,­¢[0?Š®iœ²DDDDD/·}1z?…{?v?ÔÆ#Û.M.-¥*ÎŽDðÉg-ÜùË%ôýæT`,ô_¹œñwDÄâ??˜‡Î]èò.ÜùË¥l ¹b*Jzâ¶Ù}úWÇ­?KƒÃ*Ìá;Ÿ?#Üsæ|Ç+¿Ø½¼öE<Ð{´«³#‘Lf¼^w<¶~0áé]‡¬lùÝX3·¿J6}ðÞá€›¾òÇûSí¯9ýÇþúXT€ÕðÃ¿_ŸY8~üÄ§Ý—®Œ·?æä"""""zéí‹xP­=¨(‹ju<a{MÈŠC7¶zz*™²lcøÇ;]•Õ²€–Xu>’¨ˆàž²DDDDôŠ©<H¦¿üêúºƒ^¯{{»x‚1çðøÌÒÑÀSæUI’‚PÓ±£?µÝA?Š’‚Ôö:NDDDDô²©siò†Ù :†00426>³å–"ÇÎ4hƒ?\É”-À6ŠKã×¾LÛ€×B>½vK‘h¢Á533^‘‡CQd­PÔ„ÍZöBXÌdu¯|%;½Üê<zðð‰`àîhgGb‹M)}¼9xùú??ôËûÀÛt$1yõ¿?¿ÝÕwaåìÈ±÷^ûáë//Þ–DTàk;x>´é°CÃ¡ƒ±‹ƒÿn'~sºiëïŽˆˆˆˆèÅRçxðäÝ‘‹EµX*o}Wã±÷>:ÛÐmyÕ.fÞösÚ-¢¼ÿ›GG_û°0Èµ!pêÑ³hèûÍ¯WN=páWPk?ˆˆˆˆè¥UçxÐÙžXxbBØÁþhdåñ™B›ÝÙË[þ˜ˆˆˆˆèeWçxÐ{´«·¾= """z%ù\hŽàÁÖ+=éÕPÿ•‹ˆˆˆˆhïýãÛ(”·ÚšáX{Ä,cìIsA6•èÄaPÆ¥á?¼œžÆ"¢X¡Pìï(‹ssIŸÏ{°»³¯?ƒ²D´U¾íOâ>{¡Çj9\¹?‘ÒöšŠÆÐŠ;ŒÑ8B2´"&s[8›¶Œñ€ˆžÂÔòKº£!äsˆ`èÚª=%‡"U«}lKÓáp,WéØ–¶rž =:^}*ŸMkJ4ìwHµ3×´³úáFM™šnbU›¦®’Ã¹Ñ¥%Å!Wß…n.¯M¼¦qÀ,f3ø¢!÷Êßˆ¦®™’Ã!®i
€¬8¤Új.[€7òH–®­Û“qÝû}n†G^¾|måa¡P¼Õ?0<2ö÷¿þh®ND¯²l
i  ?;€ŸÆÈ­í5R*!«Û+ŽÂa/²3˜Øa´!Æ"Úœ]ýâó¯’JÄ-™jQm=÷o%–nþç§ãÞ`mh9Ô÷þO:<Pºøï7qîWïJc_}|;íu¹E˜jQ?ŸúÕÏ»|Ì…Áÿþâî,\§¹T´:~úþ;Ms_}<Ùñw?;ä]yáª‡ænÿ¯K?€©Ñzî£#éO>?ìþð¯OÆ»ôàóOï·¼ÿÑÿ£ó/Žý.PKe÷Áó?ñŽ~ñéÕ¼7èôrÆˆ¼óÑÛ]~@Ë\üúÚ’q£?×}=ç?:—uøÊ¿=lûÇ»Ü«. züÂ›ÝÎÂÃï¾¸:½${ƒB9£»NNO,f!_†ËëS€HÏûowºŸóN¡P¬fƒS}½}}½…Bqn~¡¿°P(^¾üý›ož}Î×'¢WZ)ƒKãµŸýGð›6¸ƒèF¶ÓÈÈàöÎ§½Áx@D›[xpy¶é¿ùI«°õ¥¼U½Mn>ùö/z<kÎ4’C8Ô†;2GNG–?†^ÿàg‡¼€?ùñß/Íu?‰Ï\»xWê{ÿŸŽù œY2=?]u#áÞ÷?ìrÈ?øóïŒ¿ö³÷Ogþý«þæ¿é“î\ºŒÿpÜ¿ö?oý}q¥Ñ/78zìÌêngnüç†’]g£³×¾¾)žø‡ìò@iì«ß_¹ûð?Î?/]•{ð—ËÍþöW­
3›-øB§_?¼ö¯_ãÍ_žiÞÉ'½ýý+Ù€Ïç=è;ÐÔØð¿ûdn>¹G? "ò*4À!Âü?Ÿ#ŒŒ¡¹~3wñ§I´ÂÙ„0uŒ?àÒ$à(þ©(â_¾+ÞëBÔZ“£¸4U»D÷aœJ¬j!ƒ†<"„šðO??¡gÇx@D›“D7Ê™t¾¡Áï?”` vØÔ5­¢`Õ,müîÝæÞÿëí«?ïŽ÷žïX7™U×*?$X˜»k¶ýâðò­¼+P`še]«þ…TÖM<ÆÔÕŠ.Z*›÷D¢øŽœysâóo.¦‘õ¾ù7‡|›m|¾Á’ÄzEƒ$öÂÔCóÈÏ»j¯õt=ØÿÉÃ…sÚ6¼tuV’:=™ô~«U©}B¡Í·T|Îª »»sõAŸÏÛÔŸ›KÎÍ-455Ô©kD´5‡ñ×olpü¾ÿèçB_ÝÁì6ëŒO5À ‚1à°8ÜØ0¨Çð^$@-¢ø½è>·„??"$¨þ›Àß?»:mÉDCÝ=0U|?FâÞn?he”x¼Hx‘W!»á–`êÈë@ù?z„ñ€ˆ6;òþ™[W/q³l:\ñãçÏžL8,}÷iu<¸6‹&?:”í;›?\Ö‘öþ›£ùŽêà²7?ûó?µTöµ½þ³¨÷ó@È¹Á_<ùþ¯¾¸_½“·´%ºÖ=Ÿ»ÿÍ§cLUó}3(ðzëÄøÇ·pæÃCþÇûæ÷s`ªEµíÌ›^Œ³?~ý‡»€V.8ï¼Git®Ê¾@éÇÂÉò¥«3©<ù,œ?ëVí¨#ŸÏ»þˆ×$Åb?zDD¯„ÄAüS7@Dµškfùågµ,þxiÀ‡!éIüï»Ðv4"Ñ‚ÄV¯™ôÓv¸…G§¡ÿÔ…¶6 ?¾FH@~¿½ð Í?É4Þ>?Ã^äÓøÖì*Æ"z%Øsæ—=€©&n}úÅ?‘ÿóŒó±ÉEæäÝkYË÷íŸÇhÈÌŒ&÷ÅÀß÷ÎÛ]®dÿ¯i­>…$äòeÄ×¯•±<@qô¿?ž\ß‘•>öÜÕÿ÷ò@ËßžŒ^@`ÃéI‰3žj€jÉr@ÃÑŸ¼{È±póâWZS³€?"AÓ, –KÒÉ4‚=n@ÝðÒ5ÅxQµáÞl¼b¯ø|žB¡øø(AuT¡©‘CD´Æì"þùó5Gªãën›…|#“¸1÷èØüt-ð; }·öprZ#N4cM<¹ÀÆßÿôÑAwõ £ËGK˜Üi53mw&¢Íå&ïNåM?‡"Aª?¯U¿?Ù|ìõs§ûÎœî;óÓ¾“î‘;ã€$¹‡7Ñ÷F|ôÚÝ¤4´õy’ýß?-€m¦GSÛì’¶ÑÔ£8œNÅáT-gHŠÃáô´¾vªuæVÿ¬Ä;{\woÜ˜Ê[´©Û×Æ\¯j ªelr÷ïnïê2F¿ý!©š€YÉÜ»7U§íê´¢ËW®
?
þüÙ—…B±©)þø¨Ñ.šÆ¿|Qûç·×Ödêìæ¯4`VÇžv‰|ÙU1Àd$Ø+= ¢M™–ž½ùÅÿsÉ9tæço7ËHS×>ý—ÚršÑ7¹³ÐvîgmÍË?D+“ÿkhl©AYiÇÑyâÌÀçßu}t"ròÃóøúÚþ¿›& 9£}ïè[êJêÖ¿ýë-?”Öož‹=Ã»rµõ¿ûñ?‡?ê‰¼öÞ/íË_þþkdïÛï?Í\ý×«wåÐ™Ÿ·¹×]h=óá/zÚÞü@¿vùÊ¿š?¶sÍ\uøªå`÷?‘‘±¹¹äŸ?»äóy|^ïðHu
…R¡PdB ¢ý@3¡åU?¸è?†ªT?QZ\ž\ÀJB2¢G€å§üä—Ó‚ôÔœAÛ$|òÙõîÑ^›™_ŒGëUPº=ÉôR¢1¼+MÍÌ/î¸)Ó€´»_&Ø–i‰ûçïô?¼AÛ2!J»4Åhf~1Þ „âÉ
…âÈÈØ­þG³n«‘ š~ùÁ…$„Ìb~·~åˆèÙ=ëÌŸ'ÚÙä¢¿!`æ>þ4¾é³÷?Ç×ËGŸÂÛqÀÂBymQ8¤Çñ¿ï½øŸ ˆ¾'þÇ!8ld³H—!¹ÐDþ!þs´V®Ù4Ò&¢aHüö6ºûp¡°?]‚&`ðÚ®-“ºº\{·¼@÷= ¢§Ûål@ØGÙ`‡oPëþ|>o__owwçÜü‚Ïëõù¼>Ÿ·P(þù³KÕÿÞYB "ÚE÷oÁóNEÑÐˆ6²³¸xýiù1\RðÓ6„Âµ]™Í
òLþˆïOâTB1„ª-X0ò?^tz
6RÛÜu?6Ãx@Dôb«îx°úá/?¸PM—¯|ÿËÞ­kïˆhÿújuç­õOmØðÙ[?à?h„ÛÂÈª}Yº«û,o<?ù“à£Áu3«ŠnÿˆÛ?·PÂÅ+@Ý^¨Kk
?éY0½lª¡¿ ±)^ï¾Ñþõ`oo¨gæW=HàB#ÈæÖœ–_|´@ê“ZX‘ÃHn£ã´SŒDD/!ŸÏûæ›gëÝ"¢M„ÐläqãîÎ§=Äx@DDDD{kÿ<Xï>Ð&öK<(–Êcã3©ÅRI?…{?v{=ëwN"""""¢çg_Äƒ?¡Ñ?¡5µæÅ¢šL-v¶'z?vÕ¯_DDDDD¯–úÇƒuÙ ³#16>SMC#^?«³#ñ´6nþ®øñÃ‘ƒË}òMñõÏôìzÇ‰ˆˆˆˆ^6uŽÉÔâêl?GÎžî­Æƒª?»£ñxäi³Œ^ÿõû¯n}~Ûþ½îåu¾mõ½Ÿ]ŽçÔ}""""¢çÄ¶,»
Ø¥m8·@Ü³+mèáøS–Ô*Õ±§?óDJ òÊ,K3,Û*/¥f3EËPý9oÙ«N7òéÙT¶b=Ã‰ˆˆˆˆž‰mÛ†aš–@QÜ£lÛªÿèÁSÏYH-öîüƒ¿îk@êÖÝ]láôb!uÙßÒãJ-~,¤.ûþÕ;¼@qô»Ïˆ­Mnón:râƒ¾eÇ×%""""ÚÛ¶LÓE%IÂ?T´zO.*×lÖW]¶¨÷h÷ºJå]Rqw¾{¾UFqä³??òî{-ÕŸfÕ?û_ßvœùë×ZÀn»ýùíÑ|C?ÿ9ô‚ˆˆˆˆh¶m›¦%¢¢ˆ’X‡™>uŽñx$™Ì¬<,ÕOþüÍ…·ßèìH|òé×Õƒ»·¼©;–@%xc?~6a£œ\ÌÉ˜¼³Pí‰ zU€ñ€ˆˆˆˆöŽmš& Ô+Ô?4ÄÂ«ãA5!\úúz<^}Î.]M”6–‘dN×Ñ®@õñÑÃ§Ñ²,Û©nÙ þ¥É.ZººÙëuoaaÓ] 465çÆ¡8ŠC6u¯"""""Ú-¶m‹‚ Iõ¼E¯óè?×ã:{º÷û›?pöôÎË’·ÇÙvî­âWWÿò[STlá–7ÏE¼\•^"²$©eÍÍ…~isš¦K’Tï^Ñ#¢€5K,þÿìÝyp›gž'öïû¾x_\?ÁC¼‘âe’:¨[²lÙ’-Ûm?ínOwÏôLÏNí$›JRÉlÕ¤6SIö¨L’­d&•ÍìÎlïvºÝ§¯–Ý²eËºMYiJ¢IQâ!P$HÜxÏüð?DII$õûØU?<x_àù='yòØ•[AtÉð`¥æ!Ï?ùäø—é|}ÀàmOWOÿ=Ó”ÍfãÖ–ZçZ+$Û IDAT²?,Z0UV]zÏò¤y¼gvfºs± ¾ñ©|×ò\“SQUÓ²læKVšÇÈ²§¶S8Óq¬-“NBV‹?¾†?˜îL<eV¼ºmù“]`ÝC––eôBÚZð¢œþ]““CŒ’s”Çü?H4žœlP[S–žÜ°º4?¸"äÉ0›ô?©ðÄd8Ë–‘î¼?Õ(Ž©ªši¥MæYEÊ\¬´2Wºs?n«"<HŽ22ç¯Ì4BžN<ÏÙ23&§"“£?§QFd†(J¢(kŠj·eð:\DÈ*R_‚~/E+ÇaE}Iº3‘n«%< „¬?çì6s$’…ã?©Hº³Cf13¥ëÕ9ŽÓóœÙbâyŠYužmÀ—W)BX+žmHw&V
yºð:Î–I£G!dÍ°ñê6\D¿!š©¼üXY”¹¨ß …ÂB!„?Õ®¾„*¯d…Ð,\B!„BH
…„B!„?
!„B!)B!„²&©ª–Hˆ’$'·T“$YÓ4‰„$ŠÒâÒ¤ð€B!„?5)!ŠžQÿD ÀçxF|¢()ª:êõûü“‹K“ÂB!„BÖ$Y’?`801ó$YÖT-0š
…—&…„B!„¬yšª©ªŠ%ïŒAûB!„²ViÐ$IŽÇEYVEMˆ"FVüâ¤ð€B!„?µ‰a4¾ñII’S!Y’Ý£:ŽÃfãâ’¤ð€B!„?5IàuN‡-Š0ãÈÊÔ–aÀÀé°gÙ­‹K“ÂB!„BÖ$?ŽË²gÚmVA˜J¤iZ,çy\D!„BÈÓD”d¯w\V”<—Ãb1±,@QTÏˆ?×é,¦E¤Iá!„B!k’,Éã?©É©p4ÏËs8²m¼N§iZ(ôÔ{@!„BÈS†ã8«ÅÌ0ÌÐ?7Käº²=¬()ÍáÁàmÏ#?q:³Ì&ÃŠd‡B!„?µ„e˜ì¬LWN–gÄç?Æâ.g–¢ª‹N0?áÁÅ+]¼ôâîGEcíïwÞš{GVÅKûJÍKÌ"!„B!«Ç±™Ö?ç½¾‰±±‰?¨'Š?ÎÅ¥–Îð`ð¶ÇéÌª«);yæò¼”çç8ì¯tù|æâüG&X±ëùæœ'?QB!„BV†a8—œ‘l4ê7äç?zÏˆOVTÇ-.ÍôÏ=¸ÞÝŸ¼‘Üö${|þ€Ù´È@“%Iåx?eª,ÉàxdQá‘qoŒËÊ²éÙÙ§È¡q_böNM–$ðŸšˆ¼Ý‘i`Rª‰)ÿDŒËpd[¦ËPSãÁ‰€¢wÙ-,s_f!„BYV‚Àç8³ô¯ª–e³³2õŸiÍ°Z2—fšÃŸobæöÖ–Úä"§Ãîó"‘X$ëêî[xj¢(Jâô¬Ž×!ðíWg‚Å‡v—šå±ö/:U;”'n?ÿêkåD6;Sºs1b®lynSDú¿>~“Ý?kTz:Ç³ê6æð¾®ÎErre…Ï&ÆFÔ‚/nÊféûúØ-¶8×¨Üì:i®}½%—•ÆÚ¿¼æÏr9t±ö6uã¾m4°‰B!„<y?ÉàT0<ó§¦iª¦±‹m®NïA’Ùlœ;» ¤(ÿ±ƒ$÷ÅÓî™?Êßz&'§qË3g¿:ÑÉnŒöÞÉk<Tn""ªã¥åf[&{>ùòæíòm¥bïÙkÂ–ÃMx@+¼öùµþPÎFí÷5fòð…ß}{Û¿)Û9Õß,kIdªƒ@½ÓÙ9V¼õÅêL’óÊGÝ£e›sÙ‡e–B!„?%Q5ŽLLLÝÿ?Ñ ‹Ù8yµ„‘H,?ÏDƒîMY¾Ç<ssÅözÿ§×:-e/mÏ™Yä)»0×œ¨lYy
L!/ê0òíõ±d~˜˜9–<Öž—Ðñ€ÅµAæÒWâ‡+ß•çÈ4`blÈjïYæÂ±@ý„B!äÉáy?3Û>ïög–ŒEVEÓ”ç›MÆdGÁ©³—k«Ë¸G"‘Xr6BiQÞÅ+]KyiÂ;¢‚?ò?DËgüÄ%9uKS€cÀéXè-e5e© «¦Šãß¼I²9õ{^¯üžžŽ?µâC{29låõ¹©) õŒnIëÍB!„ò(,Ëz^7Ï,d?_d=??á?ÙlŒDã9{òÏH$vO$?ã°G¢ñ%½FdàÌ…@ñö½CÇÎtZŸkLö DGÊóÄÝC·9G«¼57¯£ïv ¬Ù%j|bR´g= æ''[–%;Ï’mŒ¹OG"(ÝPÌŸôl*,·2€"Û&,)ç„B!„<”(Iw<^ÿøË2ÇÍ?o?—ëÈÍÉ^Dšé’æÎN¾ÇÌôƒ’¬j
àÖ¹Ïg·>Èªxi‡ñÆ™[¨ÛÑœ# §eOèÜ™¶¾ƒ»sdïœ<qAV%E¿qûŽ:@WØº+ræÂé_+,¯©°ìl}@x Æü7:¿ð©F+ÆájjÉP»eëå+Ç?èçô¬¤ðEMv›@s!„BÈ“Ã0€p8‹'¬s–ÝÊ|2Dàu‹¬ç3ŸÿrysùX|þÀÃ0™ŒË½eräÖ©¯nî8Pn†ª‚½¯¯Ê*£[ÈToUUÙ{Ÿ®ª2XÅ«?Çpfg¦;âŸÊwÙÓ?B!„,Éë²¬°,£Z³×4Ä‰‰‰)ßø¤(J–Sv¶Íj1ë8ŽeÙE,^”å4Ï=p:ÒZï¹?6^»¿/6À²«e²7!„BYçFƒ>/×‘iÍ˜'ƒá;Ãc™VsžËaZlûSX™5—íÜ[ÌÑÄB!„²°,›‘aÒét²¢¸‡FÑn³RxðXžfB!„?uBQ”`(êŸG¢ÙY™v›eÑ±ÁSB!„²hšGÇü?ññ)EQl6‹#Ûf2¡A–Ý|ž>…„B!„¬IQõÝv?Š’d1›âqqÔ;ž|È•“?ã\Ì,_
!„BY“Àh0äº²†asV*b{Õ¢
!„BY“?ÏÏu¸r²4U“eEƒ–\Ñ”a˜Å?,¢ð€B!„?µŠaŽãbñÄD`*Žiš¦×ó™V‹ÝfÑqB!„ò”™œÞ¾3GY–eY6ŽøÇ§r]Ùù9z?_D‚B!„²&‰¢äñú#‘X~žÓj1s—Hˆ#^ÿÈ¨?¹]Ú"Ò¤ð€B!„?5)‰…B»ÝZ\˜—œl išÁ ïéœ
†“S–7MÚŒB!„?5I”dEQõ?3™a“É ¼¬(Ú¢Ò¤ð€B!„?5É`t:]4–HˆRòUÕB¡H"!
¼î®…NŒBÒ#‰ÇâRr¶tçe‘0:g4ðæÅï]OÈ2Z—Y.É/(g¶%Ý!O–ÙdÌ´fŒù&úîX-f†a¢466Á0ŒÝf]ÜÖBVš¢¨“?ŽÍ´~m‰’‰&|ã¡,›™ã¨?–¤Ízº¬Èr%9ÝY OœNÇåº²EQŸ˜ò?Ojš¦ÏoÈÏ±Û¬‹Ls¹3I!?011ùÓzhqx??©Gã“j¥#i´ž.+²\(P|H’,ËrŽÓîÈ¶EcqUUy^—iÍ°ZÌ´-!dmGâ:»Î*1&ƒ$)áHœF‘´X——!d!¢äõMX2ÌE\ªªiÐX†aÙ%õfSW8!dEÅâ’Ù¤Ow.–ŸÙ¤?Å¥tç‚<¥ÖëeEy$MU)‘EÕ4TU“eE–U]ä¤ô÷\¼Ò5xÛ3ógIq¾Ùd,)Î7S+!ë‘,+ë²¿[àu²¬¤;ä)µ^/+BÈB(Š2æ›P”{ƒœ»#Û¶ˆÓÿm2xÛc6?{ò6€H4vêìå}»7S„@Èú³ŽTYÇo?¬rtîò4Ó4-žCáè=÷gZ3—`úÃƒyE"!B!„òÇå8ì
\÷Üo4.rÌájJ‹ó“½‘h|kKmòÏÇ1Öþ~'v=ßœ³ÔœŒ}óù©ÉŠ—ö•š—š!«”ø'b
Àed9¬nzQd%.AÏs‹Z#™¬(YeV0,rI
²pJÐï‰‹Ëa]‰§Ë?ò¸X†1›?YöE.cz¿UD"±“g.'oû|Ÿ|z6y»¤8kKí
g&§ªewDo\áW%dehÁ[çOžê‰[?@4îW¬[ìoÊ3ÞK?;?#ï´ÞÛú@Vœ"‰
+¬ŒzÛóáÕª×~¼™>«'Hô^=qªmŒuØJ(4îÚ×ZmçŸä«ÒeHy<œŽ³XÌFcj¸?¦i²¬h€ŽãXv‘-«"<˜a6#‘ØRS‘E:ž“'ý¢?•“)@S%Iæxa¦”TIT8?gMü˜]vKêQ!Ã!èR+:ij<8y{v¦??s?¢Ÿ=ž?µÃõ‹‘ò7~ØèR÷ˆþÞv_yk|Ÿ,)Üúip?õ?üé@É_¨zP;…«ùÍ5°Â%Ë!>pþT—uÛ_,1&Ï+My:z&<Ùð€B?^àMF4MVŽe'A¯oBUUg¶=;+sq[¬¢ðÀl6îÛ½yð¶§«»o)éŒ]?}jÒš—Pø~Ü}M)oy¥.ãÎÅÓßØZ¾S—‰Ûg>-~iÛ†ð·'Ï?¨9›ä??™ñÌ?mfŒ]?}
?o=“ƒÈÐWgz<:[±M½tQÙ´oG…0Öþå5–Ë¡‹µ·©÷m« Hd-ñõÄkwÖ9æÔ+GU«#?yzZÜóÍÉãW¸Öï¬ž¹ôbC>ýªs\8Gõ¶ƒ;K,ë%Hx/¬¢/ïõHè34¼9`8KÁæ-éÍ!„ÜGQÔ©`ˆã8§3+KÜöNÃ¼Ž‹Å,Ë$×þy\«è¦¶º,?E¢Kî=±l:¼)›?šÓñÛËž±ººâ2Ç•ŽÑñÚ¬lA÷?¿¨b?>tóì0W»ã`…@°çÜ§?CÅ;
§“Pït÷xsê_mÉåH²Ä«w.wŽo}±:€ä¼òQ÷hÙæ\Ú9‚¬-Ñ„<¸-A?{:Î·õø0UoÙýLþLõ(6Üqöò€gR±ä8+ŸimÈ3Š·óØ9©ùµÍù©Ï¥?»-ûTO€¿:ê-<²­p©MÝ±¡sŸ~u=æ6©GzÎœuìûÑkù‚äíøôÄ‰ž¬×j–mðåò?·ÚÛ;ûî)ÒøÀ¹ÏÜû¥ëç®Çù‚Òº]Ûªl:ÿÕ?ÎßŒÆ!Nýþ£n•Û_m@ç{mØuÐé9éúpÁÁ?Úl8ûûáüÃ»Ê“eélû¦Ï=,™

¶n©ÎN5oÏÞïtÕ57—Ù…§!vZ6¢ø°},¤É¾ö‹WÝî ìÛ·7å'CV-â½ÙÛÕç‹Ãj-­mÝ^eçÀõ£óØþ‚cø|[?¿àÙ·[]@ÄÓÑvéæh$j°U5n¯Ÿ¾Üæ½c}§?_GÃ{K×x_!dYE"±©`$ËnÕq¬?…£.g–-Ó2pÛ˜..<XE•Û÷€Úšr³yÉ#ÿÙ°<EÀæVbøæˆ
Í?Ð+W–æ²1ÿ? qC^ªÒšeÁèD`6‰‰±alØ?›ú™åu<&Æ†?ÀP{çõöÎë×¼2Ž-G(CÈŠqT·8Üç>;Ýí™ŒHÊ|!º/œq[›çõ?|¾B¹zêl<y¨÷øÏÛÂE;_xçí×6Û‡?tnX8WA?Ø5è?^jYt÷¶û¼þéô"ý7í9¹Ë0Æè¬Ûýò¬¹kçÈðÀ?«¹!_`ÁU[Ÿï-ýµ–‘â½ôáñ›æÆÃo½ýã·^hd;ujP%‰x®œi?—ï}ùõ½Òl¹|ìšpÔ¾pxoƒÎM{_8|ä…ÃµN@“ü¾¾Ó§ú„š=ðv£C¤˜?’*ôØ­ã??©Øùêÿøí7Z]Þ“G;ÆãG?{ó[?üàOß~ã¹FÛHß(íÊ°pBamwñÓc}þPüþ‚S¼WŽþ¶/£ùÅ×üÃ××ãâ§’×Êø­®IsíÎÃo¿ýúÛjÐq¼m8ùt%ê‹ôœ9yÓPsà•×›@¸÷Øo/ZýÁ›ïj­?úúƒ©ÔtBÈýDIV…ã8†aBá(Ë²ÙY™ÙY™½ J²ª-fÕãUÔ{`6’L¦å˜?pÆQZeü´¨73K_ÎD?U?ùÚ×nn“*ËéIˆ€0÷[Ay}nê°zFGCPÉÚb¬8ø‡ÆÎ¶«><O€³¸ªk›«­3?ÊBUkk¹µ[žùö=ÿÊó¡u¶ªŸ;Píà†Æ»ü?9w½úí&‡£°Úp¢TÉ/à€¸{À[»¥ÆÛ3äop8 èî-ÙúÜ²\(›ˆÜ}_8èFfót[ª`Îà<‘(`yœtoÜì‡"-ÍõsïôŒŒ…Âá?•eKÌt¬¯³=kó?j“ã¹®†-?¿nï?”$GEò÷6¸8†’­-ƒ]Ý¾P“ÃbàÍ<Ž7ø9aWÝº»öþ6 ÍÛy~ªå¥ƒEVàìåÛ›ÚçmÊvÅÆ}?ŠšJ;Ï0;ªw­•1d«çj>ò†­½ýêÉ+'%…çEµõuÕ®ä'××Þ‘¹ïûµ]M»jsÉ)­2ÃÑøìLIJ*K¿úÒ@Aê.®ºuoMòST<×:†«vü¨ÆÅ€½¨e÷ÌkÏË÷¾Z¾Â¥@Yýôz^§ã¢ÑØäT(Šo6UU5?e˜Åõ¯¢ðÀç”çÜöø|O"}kiEÑ·='BÒ†ÆFÁUœÛóMÿhEc.?Ø@ÿ_Üè¦›=³6ó'ú‡‚…åVÒä”hËÚPÌŸôl*,·2€"ÛF“Éc,h|¶ €†û.œù¸½hÇ;{J’§r®cvdŽÙ˜‰Ñp0†ƒ^©pKîlü,ä…'cpæw=Û
¹øpÿPyãþrûíÏ†Æ›„†ûüU?®[~Ól-@pÇÝëÆÍ~3‚gdìè'_ìÛÛºä)>Ÿßa.÷ÏlKü‰0`€gÖLÙ¦<,¶)pÍÛ?ôKY•?gxæ ¦bpJŠÚ¾:Æ75;?Ùvã*ú²_#ÞQ¾í`ù6hŠúÝ×Û>ý¸«éÀ%àw;3*Ç=3ŸkTÜÒôç*ýÞ°ˆX`4àE0w¶ó¡À9ó)FcJYCî¼Çü—á|«„?5Ìl2ÚmÖ1ßD÷??„(äåèõÂD`J–e£Ñº¸aýbÌ]Þô‰ÐåV–õ¸Ý•yÉ!UBÑ–¦©s?ü®‹…Ê9‹÷×æÌk•]»¥õÒ•ãô«kq´îjÚP»eëå+Ç?èçô¬¤ðEMv›°Š†gò88ƒÕQÞôrûÞ{½î-%©}È¢Nwß¹.«`)(w?n-tºûÆš]ŒÕTiüU¿·Éat÷ÆZv®Üâü‘à0Ðü˜OÚXYEf"„™Ø`é]€ªˆ÷|Ë‹6ï3e.9á²(Þs?½æHN¦À\uè{¹Þ¡¡?ž†ÑüÍoì¯z*æm/;†ÌöüšÝ¯™ÏþÃÉAoƒÃ.‰÷T×M¶1eÏ¾{:\ºµªÒj´ç•©Þ›ó'*Šq<ý€B–ŠçuùyN–eÂáXv–Í•“Åq,Ã0N‡}Ñ;!¤?<¨­)óæ}èq6GËi~ýùÔ­gžköîÆ·^Ÿ=(»~ß[sGðŽúýê5UÅìÊ°³OgÌE[÷m™û¨¹hËž¢-ª*ƒ½¿®DÈê§÷TyáÑ{*Zì.tú'‘?Ýô©Lú‡ù¬æäÌki]YÇ-wy¨gªz‡€¥´¦èW}žbãÕxÅóOtHK†µƒ?’#>ÄHX)Ì_Äwa²ßàrûµP8r£·™b¼%‹DWAþcÅH/@Qä…j±»0ÌYòçÛ‚ÕU^ë*¯mÕWw¬s¸|×ÚImÁî»X¸éÑ^‚5Ó:3åæß÷¹ÆÝ½CŽÖW÷nL^Š<ø ÔíÙÐã`ú"„,‰ªj:çÈ¶Ù2-:Žc&??†Œ“À/rpoúë¸µ5eûw·Ìûÿâf[?6æ¡»FÌó(K±Y“ÄÁÓ?ÿèt·wfª¥ôv|uu´¼ªèá„ÂÚ&åâ¥.²¥Zô\jtl®šÞ¸ÉPTìºyå|—¶©4YÕ1”?;{ËØP¾luMã’—(Jò†˜‹ªËW»<¢ˆžö+žÒŠG¼•ii®ßÜ\¿¬±8*z/µ¹§çL(ÏÕ^ÿ£æ‰ÖL«§o Ùlòðƒ…ÂÚ&±íÂôGˆþÞ®;qâ?^wxzX‹‹Æ9O±Á‚:ýócî@LT@SbS}çÎ÷ÙŸ)qÈ®Ú’7tîâ`,ùéhJh¸óÖ8ƒÅÆ?ú}¢JàzW÷ƒ^€+¨¬â®\èK­Žs÷º>Yôv]¹Üå}ØjJ„?§?(Šž__ÿ?Ûî‘¾?;7z{nƒaUS—fú{!+D(Ù~Hiï8ÿÞùx"yÏ5ìþÃgò5‡†s5¿pà«“ÿô:gFTd‹šÞ4Û^-”TÕž<ëßY8½¬?¡¨Ôu¢?¼«`ùÖ?ö?øÅe7`øƒßœƒcï÷V›¥;÷…NœúÉ?*çjØýBÙâ×|li®¿g‚ò20W|mg?þûã0™UøÒÚÖÝ?|VvÝó[G?~ïÝ6€k:ðã9”s5>üÍ™c¿èL¼.¢r¹…[v–àÒ­/{,È;,M*®¦i#Þ…³7Ù?¶Ž/~~\JÅXkíÖC¯U&­ÌÏ”¿>ÿ«ü
f^Ž¨Ö’ª];ÀÕ|`ëç'~òóv‡œ³¹ºî¼—³ùÈK'Žÿæbg*ª:à|h–¤)wG/,5µ.Zƒ2‹a?Žã…ÙoUQ“Áp$Ê0¬Óa{è³?æ'Ç¿\ÖL²x¼gö2‚|ãSùóOJ]E”°‚ð˜ÍÉš"& –Ôíñ–ÿ)ŠÂriß5ùaoM‘Då1\SDŠ— ¿oëèåøÈžrJ\R´?¦ˆ•»¿ØI¿À?N%ðKÝóû‰\V„?eµÀº‡,+,Ëè¼ù¥¦i²¬(êlG?ªªãSƒž\WVUEñãæ3!ÊÔ{@ÈÓˆ5Ð„á„Õ¹#Ç­öú/·ÐÊâ,†gi4Î0_£òªýÈÖÎðà‹…áæ½8~á'Po!dñ†áù{—ÚçìØØ„(Êªª=týüh=!„B!ë„¦iñ„(É2»Ø?¨÷€B!„?5I–•`(ŸžT¨’$?OLI’lµ˜×ü¾„²vµ}3Ô¸jU4ê•]i£æX"µ¹cÛK4˜BÖ'I’ýã“?©äŸ ©Ã /×‘?½˜yÉBÈRMÆŒ¿í¬>`¿còä);´Œ-]£9ÐØe3ÆÒ?#BY!:g·Y„9³˜8–5õ‹Y¿Ø©MBÈ’Pl°zŒ-¿í¬ýqëåtg„BVÏë=ÏëÌ&#§ã0@<!Š¢Ä²¯[LUŸ:Á!+Š¹wßæµ­m°ˆbƒUe$hi,Jw.VÚ:»¬!'ËÊÈ¨ÌÐ4?e–a†…¢·‡F?ÐâÒ¤ð€²¢t:N”ätçbÙt?æ¤;ä^Oá‡²Î.+BÈÂ…#±‰À”,+s—øÖé¸P(:9\\šBV”ÑÀG¢‰tçbÙŒ…ÌéÎ¹×Sø¡¬³ËŠ²p‰„(ÉŠ è8n¶Vo2x^'J²ªi‹H“ÂBÈŠÊ0dYGãéÎÈò uŠV¡§ðCYg—!dát:ŽeI’çnœ‹%DQâ±#Z2ÍeÌ!„,D–Í<1‘$ÅlÒ<}²è²"÷%™N†u/Ãl4›?? gÄgµ˜9–MˆÒ?a¯,+Ú÷€²VpëÌ¶„#ñ©`L–‹éú\h>(Y=ÖÍeE–F§ãœÙ´vÂ:'BžË1èöó¼ŽaYVdEÉÍÉÎÎÊ\\šBÒ#ÃlÈ0Ò?‹5€e j ã ¨XÔ8Rò´ ËŠ?§Ã ;;“åX¿?‰ÆUUÍ0¶L‹Ói7ô‹K“ÂBY¥ŒVÄ%ÔÃ¤‡/ˆ@ÃãPÕTÌ@!ä)§ã8GVf¦5C–dMÓXŽx~îLåÇNpY³G!dyl¯FEö7@ÏÃa?Åˆ‰0dC>\»?ö>tôCQ?!„?õŽa?×-×T“ô‡>àá˜LF³‰ºJ!O‘?Íå¨+B\Â­ŒM"?Ãã0êÑR?º4•£Ë?ÿçêC „²ÌÒtu÷wu÷=ò0§3kkK-E„?§Äÿüvn¼ß†Ã¸|±¾):P[„†ì®E©ùYø«Ÿ¦;»„BÖ—ô†}[[jKŠóÚˆôÍ IDAT~Ø'Ÿ?óù&Ì?8l¬ýýÎ[3q¬5¿j÷æBsz–QUQ/,r±YBÈSìßü{ë0Å¿ú5¼ÃÌNGòcÈ?k·qî[üåØW‡ÿõ?ðÏÿsšóL!d=Ióà¢÷È€{äáÇD"±¦V±ëùæ@bâZÛ•ÝÖW6-rE§¥ñóq'f2CÈê/ôR"iÁ2øo^Ã¶?á/ÿz‡SSî_ªhxcSøï‚û§h­Æ÷üï¤%Ë«?í„$Y3ŒéÎY{Òø|O$]}VY¡¹{h"²)ÓU?†üS’?•eÓ³ÐTI’¹Ù¦}UeE'ð?%•åÙØ¸7Æ%?T#³·“45œ(z—Ý’|º*‰
'ðˆŒ{C°æd›“éK"Q”DpÔ‡@Vú‘XÍXÏ7¡±Ñþú]Ü¸óˆI’Œ›üõ»ø7?DKµàØ••ËíêGg;!„,ZšÃ§3ë‘“
9wy^ñ¨³`TÇÚ?]»c²æeé—:¤Š–—6eÜ¹xú†«õÅJ„nÿ<°ñ¥m9w.~2ÄåÉ,oŽÝiSËªcž˜-y{÷žf'i¬ýËkþ,—CkoS7îÛVaŽôŸÿêkåD6;Sº=tÍµyïn§÷ÒÙ>€«Æu(jÙSŸ½ÈÂ!„<=LÔ#?ïž†Û·ÐÇý£øÙ)üÙAl*D[&#O<Ÿ„BÖ½4‡u5eN‡ýáÇœ<»Ð6±±¾ëí# D'n?±wä±,ûÌ¡ýÍ,¾ýàœglS]q™ãJÇÐxÅ¦lãƒžpQu±1bfýóÕ6#W>?ë^<Pge0råóóž‰fgÖ?ÎÎ±â­/Vg?œW>ê-Ûlas_y®Øl´œùtp8^Tºã ¾ýýNlÞCƒ‹!´1Û«MàºþàBŸ5ÁM†ÆñòV|Ñ‰É?'›IB!«ÖTLÍ4Îîu0Qýa%×ÊY??½Bú6]~:³«$·²95(H?õùƒ2 G °y…•7Gª³ó&î¸QÙš›*¶l›?Ž6ëômUS?‰±a g¨½sd™Çb°ÈÎs$»?8^Jß8!dmâX˜°šp¶½Ã?÷Üë·Ñ7›+8–vB „?§Ž7¨t¸E?c6™&†ç˜± rÓ+w?ˆŽ®Ø¡+°s9ná¦?<ˆDã]Ý}9»Ó™5³ÎimMù"V2Í)¯»·Á~²çØ—¥ûšê38„ûÇn'€q”V?íªÇÄÍÌÒ—gÿ<l{9–ÓÁVP^Ÿ›*ÜzFÇƒ¦¾B–Ï¡z¾)LEï¹’ï$4 f¾¼ú¤rH!dujëKt?HŠ¢q,3Qkòø`\'´A¿$ÉðL*Þ â°p{ªôÎG‹ßoyy™ÍwM#‹F—©æ-É"gvØ?¼ ˆ3=öÖÒŠ¢ñ??þe…‹B²6ów=1^à?×IÁˆüàƒÍÖ,ŒMLíXDyYÅmN^Å¥›?ýÜ„UC¦:æÜfsµ ¦på^‘BÈ\Y»8?èã¢&)ˆKÚXPiëK|ëoŽJÒtEUQŒ©ÁøcTIÓÙ{`6Ç|?'J‹ó“!AéœÍ’3’#‘Ø’BGéÖ¼+ç?ž2êuöBËì$a]neY?Û]P™·Ð)»vËÖËWŽÐÏéYIá‹šì¶=×\¼)ïFÛÅ_[ÃŽƒæÅçŸò?œ¹ŽÏÚaÒÏ³Œé#)
XÒ†6þÙøÁ~töãŸýû¥ç÷OÐX†ÿï$Š±¹G/¢{h’%„ò¸t,#ÊÐÀÌm?åy~E2M¬Ýô]éJŠòÝžGnœ\RœÿÈ­Ó€œæ×ŸŸçnÆ\´uO‘¦ª`YØ4ó€œ’¬U…ÙÓ«ŽšËw¼5“Ö3ÏÏs›1mÙS´EUe°ºTWì{¾sR(OÝæsê^zµNUU–]-ý3„?Õ,&@4ñØOÌ0ÀjÂTÑ"ñ'‘µù}Ý_?4šBÒ„c‘ef¥ùâ?{ˆ²¦ãXàbûéjkÊjkÊVâ•˜û*é·®?ÛžÙbyü´XvÁeF±!äIcTæ#.¡wø®ý•)'›P–‹þQïÀØ˜ôØW?gJ!Êøò*Ú§[o^Ý†úô?Ìþ¶\éÃxƒc(u¡2£Ô¡2=wðës©cöÖag|Aœû…ù©«?B–“¨hs¥HV<u,£jš<§Ky"¬~ãN”:ù\+Ç/`Bú§&§‡µâÐaÏ§;„²,ƒ=µÈ¶@UáöA]ð²EÛ«ñ—¯ÃeCBÆ‹Íxcþæ}¸}ø›¡4q‚‡7ã?~ŽŸ?Âÿö#ì¨†¢ÏÌnÈð?VÙŠ£áâûŠÂbËà…&Tæã_ýõ&oFrèÔ›;aÒã÷—ŸÎð 8p¥7º¡±ÖE?9„?e#)?’=e&6àXdÙ?y|n&ç?RnŒJ¡¸63Öèú°ä?R$MEBMÞ#¾ŽžÖæm?ÀóOë{'de(’—”¥ÌÎ×1.‰YàéÆ0pf¢±™f|Ð†@ø1žû?V8¬øíWØÿWøåY8¬xc†Çñ‹Óø/ÿÏþø»?Á0Ø\‰ƒMh,…gñÿâ?þÏT'Ãý¢üÅ¿Ãß}QAÍl®@ëF£øëwqøÂ?á‡®·:-úôÓ”»Oû˜·£×=%>ø€õI‰K¢¸ µ¾Qã?¿*ø#‹ñé(gòtòL*úâ×îHƒþÙ/©,3·¯ÆÐT$äZ¹úÂ¾jƒ+“›È¢ÁRC1utJ™w~Â\Okï!ä‘"½Ç~qÙ=û7g*ª:°»)ßïÅw?œ»†¦ÁZÙÒº·Æ‘ê±Œx:ÎŸ¿âNÎ•ååu»vÖº„9inþáUÆ{ÓPõÚ?7»ˆ?žKç/t“Cñ9³£eßžü¡÷?œoáÎÆ#ï´º–ÿÝ¯/mÁ¡ÜF÷„gâÁD9Õ–ßÞ‡›‘ŸV^k…ÍŒ,ô:pŠs`pã®ß€ÃÈ?o+ËÑ®ß†?G(
–…3f¼“8ÑWÑXºLïya.x#¶o>:=§³‚3;êvîl-š³VD°ûÃ_wxsšÞy¥æ®‘¦K;ýb7Oü´Þ8X‘?PßW'Ú½Î|ôŸ®ºwîlÊö?þÅÙÀæ—_«µ.÷›^¢HÏg?rìýÞÁjôûÅåá¢Ío?_eI'K^­þ¼!|üg_XjÞx«É13ŠYvýøÜ˜ëÀ÷Tè%ÿÍKç.z“'¤ÁÞ¸ggk‘÷\þ´»?äù¢†?ûžÉ^z÷ž¢.Úóê¡ª{ù˜[Îó‡Vw9ßuWãËo¹?½·o9øV£´HÏçŸv£hÏË‡2»ÿþhïœÃ9WMÓ¾mU6Ý|Iy§5ã¾??¬;îqùæ˜gkù:•.?3ƒK6q\V®(‹óîjäPT(ê£ãf
!eqÔVdéÄ|?=ÝG?7¼óJMòWeUA%ä¼yþg|}o?Hï±ß^vKœ£¼¼ÈÊ%Æzú:??½öÚf×¼ß73é€"Ày/ýîDû$8³£¶*KŸðöŒ†+rªš› 4Ü{slæÕá0Î—ìºÆ±x|w7þì b"Þûjv’À©*˜é½^]êÆK›ñ'Ï!Æo¿‚I?ïïEò·˜éö'ýÂ~4d<‡"'Ü>ØÍ+Ý{à2"|Qm©C z»;?fzãõ†Tx£xº®zŒ]ïòVµº¦Gã*K;ý”¡+m~än.È€â½üñÉÁ Á^ÛäÔCöŒ†›òr‹ŠÐs¹} |_é
.D»Šûò‰osï­^Jêj/tõöxv¤
Mñ\oƒµ¡®Ô x¯ý°#Žä»–ÃÃ7=?Ç?ö¼|_ý^ñ¶ý°#ž/ª)uÄÀÀÐ@¯7òLj%’™á¾¾…9å<?a•—óÌ™&ù-;›Ý'Ú/?¹?{¤ÕÅ‡zÏŸv+Öú}«Ìðrò›“_¸wg÷åß²ÆmÏš')HÉó|d]ˆ$´¡À]±–aòl:vN@¨9Žc™¹ñÃ`*¦É*<…„?‡²•´´T nß?Ñ?4©IÖ¯r«7oI¶›–Þº{Æ&ö–8<W;Ü\ÛMÿ,5–}ýáÑk½m7«^«™ï‡j6ý”P÷¥öIpsš¾¶ìˆÄf£Á±¥¼JïÍ±9¯þ4txlÌÇ³?xm4{Ç®<ú‰ÎLü?ßMÝFqg¥.jÁdoì@†_ß€=:ÁÎváÏ_„^€î!„bØ˜?>M[NâÂO`c>þÅÛ˜£¥<5¥ùùgð_A4?ßœÃ›»`Òão?â`šËñû+ø?>X|ÉÜ£ÔŠÈ,mØ\m1KüÉÏ°/Ò`7@|ðz—b­¯)ìîìlv•',C½K:ýDw_—Ç†\#à½ÝjÍ´4‹" ·À?>O?;Rz_‹øjãmûâ‚ãHë]³&¸üMu®®Î®ƒ[’…¸1¨ÀÚPíâ‚Ýmqð%‡¾»£H[j»?ý²ÃÝÖé)ßq×„ÁÞ¶Ž8xÇÞ7V'«ø-ˆEâF&U~ø>·œ§ù¯~tÛ_mHíŽÊ¯îrž=3§¹¶¼¸ÙÿÞåÎSíE{„sgý°U=Û’?;‰4·fK‹´ý¯?_ìòúSáÁ}IERÿÎ÷ñ‘uÂ$°À]³ÍTcAÙe?­ö+*üa•½»IÐ1™FÖ$<¢_‰ÂBÈÂhb"@Ðß÷[#†ÂAÀªç€€×­Žê’™H€Ï¯¨°^ëö?Æj¬ó4ôÇÃÃSêØLWç
¨«ŸÓ-Î˜?«±ýoå°,
²P?‹{ëà²¡Ô_ÿé‚bÅ9(žÞTÞ7…¿=
A‡­Uh.‡ªâ›~üä¼“Ø\?-•øÍ?Çè$’ÃîÛzð~¾»ÿôz‡Q½€­Ð¢üßãŸB‰.Ún`o’ÝßÉ½F&=t<Lú…öK,Z04@Ï§~;ýÝí°îªi*²wžï¾ÙR^› ¾ÄÓÏ?æPà°0Y¬@°ç›¯mRyA®Ý"ð‚F[¿Û7¡T™º…iZ8E’¿óÓ“¶7VÏ­Kd–×•uzûÛ»Ê›@pàz?PVSi…8àõ\MyÑÌ§™QQ]ÞáîGþœ*lllÈ º®zNó¿qÎÆ~AŸÇ3=&Â”?o»û#˜[ÎÓ”¨/2w+ÒÕ]Î±ÉQ?'õ¦8K®ËÂUûvþüTßÑOÞ±÷Åô¸*±H°pÜƒ’JÞœþøZÿèàŠ¼#²rX::s×&R5mÐ/»2uYf–cÀ0¸3!_»#Æ¥ÔUÁ0(sê2ìû£/
!5Úùû?º ÷GÀ•—:?¾Û9s˜­dçFàM„dÙç6eÌ6 ø ±Ž¾¾Ç¦GÆnþá²Àn[Ä²Ãë—¦á•mxþd ðÇñœºŽ‹½?~îøÿá³yîÿ¢9™¨-B—{vÂñý(u!×Ž¶žÙ#ÿñsüâšËÑ;|×Ôäý›Ù—Hº|¯üËÔm—?;…Ó×à_~ƒ„ŒcWfã™wO§n,0ÂYÿé_Ì¼¸ÜÆæ”¡ž«Êš+­„šÒó_·};T½½?ƒ²´Ó/œ`·™ÀR¹s×èm}}§‡û’s¶Øß?ÃÃl-Üþ`°=*EI–5UEi|bòAÇäºz½þA?.ž¡d×.ç±ºOzÙþüÜŠ¸¡tc×?xåæPƒ£0ÐwÝ~kC¹Ä$@?mîˆÞdpß,a
l™zñ?§f6Õh<òNë]áÁ]å¬„½Þ)$ƒ
>Ó•cæVu9G:OžšþþtìýÞÁdó¿±|ËÖ«ÇÚ&`ªm¬¾gÜTïù÷F8J(?`¦ÐøçM*ysúã[¦“UÄÈ3•.^Âqu,˜êCPUŒ…Ô¯ûâù6]n&w{\îòˆÒœy¥]]??›É-d¨'…„?…±¹š[jê*]3=—®Êª‚%0Ð7 æxqG‘§·!_ ×Ìo[<2‰ïÅ’ßøÆ³U©ªË
Põ€ÀdxÐ¨â§?ÍYÁ?qzãD'âFKMvl
c×î½sÀ‹ï½wF8÷íã%þönTå#!CÓ`àqÛ‡ÏÚ—–ÝÅHËŽ_òf×9Xkc ÔÛÙ%Á*û;¯E±@éê¾ÙPXm–ãôãRg»Î^»ÿÍÚÝ‘ÉñÑá[½—ºýmÇ.9¾?=ÆÆ{ä&xš¦MMeYq:²Ìfc$»ÿ˜L«å‰Ä]vÓ¡=¾_?é=ýµcn{#WP·=gð\Wï@=F¯JÈiªpÇÜ?)`¦…@ŠFpÜÝßÉ#‡'çy—Úƒon?îïâæ©r=?GÏøS÷%ƒŠ™ÙÏ«·œí»¾ó\åô[Ÿyƒ¡ÞKmýæü…ÂùÇq¹%»ªêª‹¬Ó£ˆîK*šº?üø–/Ïd)sêJ:oPôËí·S£%$mxR™R0²ªÍÝGÇaCW°€~ƒÔñO$×„?u#·ñðUóÎþM.~ýA÷‰/»GjmŒ#¿”ÃÕ@Ïí`ujî?ä¹u+¸
sçŸBÌñf?gŽ—[à@ŸÿúµÞÚÜéZrð÷ykB ŒßžÇ‡0?(ƒ°òDšýÅ¿Ã‹ÍØT–ÁH]xà¢¨ORjXvcÖ©Ÿžè>zÉñ£?…œæ¿u5 èîkŸ]9ËßÑë¯nr,çé?Äôf£Îls•Û\úÄû'úÃÁ8RáÁìà?E1YU?Åâ–óýÕVÇ™3L?Ÿ³Ç`©Údòè‡Wýwßm­¬u?ó¶:?¸ÊúÒdw‹?“_?»gÐÝ’Ÿ_¾ÕÓð…ÙÀœÅµ¦?¼ÞS›?ÓL‹ÄgÆéô¼°°27Vüó*Þÿp÷¯c¶JË™ã÷¾AÅ{ùØY?l5o4_úàrç§—òÿpÇì0­ª?ol?w6Æ<IÍ°Tí_Öl“U„aà²rƒ[cr06Û‡ "9-ù.²ûëXQx@Yšìš-å½Çû®·–?[jpÕ6u_v·{o¬¤ÈÊ%Æúº†Øª¶—càêeï˜ÛpöÌÙParðÊ•àtÛ™£º¥ÄRÞØ|õD»ûò¯~9X=½tŒR{ð{MŽ´½ÇU`<4{{Õ‡Hv8¼ß†÷ÛÒ?€PR×bó\ì¾tµº°v²ób®?/Ï™+ìúÝÇç®öºëEK:ý¦þÉ0`†¿û÷ï]…«¤¨ ƒCÜ×ÕØœ0™`7?|Â¬¦i¡pj’i8ÍqfgZ-SÁÐÜc23-¼îIÿŽó®-ÏíýøÜØ]÷
%u?oçd–š†’éÊ©¹¼¹éº»cðØ/§jkœz9ìîñøÁílÌ¿§’ž:Òú½ßTL¯\¤T½ñVSòñÑžË—î¤Ž5Ý»©Ü]åü@ñÕ\ÎSW/‡¦ÛE•›KMžK§zpì}±É‘?};~jðø—Ž·Ÿ¯zÔH·û’º«¨i^òzÆ0ÐfÕ~AÇLDTUÃc
!Kd(m®sõuÞ¼ØY]¸-ß\uè­ŒŽ³ç¯ôõù‘\¢{ó¾mU6?÷ÂÅÞNp¦¢ÚCÍsÚÀBþ®Ž™†É°£¾Ä"¸¶¼vÈòõùÝ©‡ô9ùÍ¹4Òˆ,ãhh-¹òéàÅKªè\u¥sÓ[+k]çN¶ß¨+ª]ÊéÇ9?tû¡8\kQsãxgÏÍ>/pö’ÚC{ÄàTp< ?mZ$?iÆN$Ä`0lÎ0E"QYIÍFÔë“iE–õe¬µÏnv¿w÷.%œ«¶ÁÚy>èj(ŸÝœ«åÈÛ–K§.vuR3.îiÊ»¿q{öHww¯;¹}JƒËÞ›½3cÜ¬º’Z×Üðì®rž¾3³úÐ>Ì™Ë°ºËYrwõÎ”g¥½"qëlgˆ+Ú³3Ù—b¬ØxüÃ£×.Ÿèr¾æ|œ¤²Ks~<YWB1íþ=Îsß?š?gdEtŠ˜OŽ¹Œ¹$dMðxÎìN‰[U|ãSù®ù¶¡Zý4EL¨œžŸs¬Èà³EB‰K
Ï«oÙ‘ÿËqê»_?þÅÁ“KOd1§_¼ïøÏ¾(ßñ£ý%Óí¹Þÿp"0»±—â>ÿ«cÝÖ]o½ü?%éUUó?'³{-ë8.ÇåHÄ3sgŸÔŒäå"K"xa!—¼,‰*+<VAÏSÎ÷xjÊ™¬¬{È²Â²Œ~AÆBêÙÞ¸/¤¨*x¦Ì©³›Y‹?ýfHœŒ¨’¢)*¶–é7?èZ¹OB”×Ü6÷„?5‚á?w>âãÆ8ÃªŽÈú¶˜ÓÏPÒØÀ£¯Ï=;Î>³úÐ¾æüéFnÅã¾®¦±ú¡ÛUƒá¹uV²¢LM?Fƒ^/0›?‚°ÐûôÐ-,6Hù¸=O9ßíé)gòtË±°{ªô­åú|;—a`6åóu„ÆB¡Ä¡ÛSe¨ÉçËston1/<6H¢ÁE„BÈrá\ÍÏ½Vfœóƒ­`Î†`\áÖ×Ôé]©K²‰Dï¿?‰Y2ÌfS"!Z2ÌÌBF¯[÷—ó=?S9“§…ÓÂ9-Ü»n2ªº¬¬ÅÀ`82X“ <r´yQx@!„,?ÝõÐiÌB¦ë!íx©E6eÞG“A§#ËéÈ¢á.TÎ„Ì•?Á:2î´¸Ø€ÂB!daÆ‘?åÈ~Ø1+4#y]£r&ëÌòvrÑÜBY<ŽQÓ?r/úP!d)(< „?ÅË±DÒ?r/úP!d)(< „?Å«Í[ÀQdEÑ‡B!KAá!„,Þöwž5´€É
É³†¶—¸p !„¬JLrò|:³@á!„,É4vQ„°JäYCÐØ•î\BÈâ1€¦¥9> •‹!dIlÆØ?[/·u?æŒ…ÌŠFÍ.+?cÔK¤6wŒú!kÃ2ª¢)ŠÊ²iÛ”ÂBYÛKÜT7%„²D,ÃhŒ&+
Ë1›žö&jå"„B!d•`X–IR%=Ë4Sï!O‹`8–î,BYQÖÚÜmía†cYEUEIæT–cY†eXfy·>{
yZÐ?!„²&0,Ã1¬¢ª²¢*ŠÊ0`E"EQ(< „B!duaFÇ±šUU5Éÿ`©K1Cá!„B!«Ã0à¸•^Âˆ¦&B!„BR(< „B!„¤Px@!„BI¡ð€B!„’Bá!„B!$…ÂB!„BH
…„B!„?
!„B!)B!„BR(< „B!„¤Px@!„BI¡ð€B!„’Bá!„B!$…ÂB!„BH
…„B!„?
!„B!)B!„BRtéÎ!dí¹Ò~Í3âÍÏsµ4×Ï„&'Dù®{?^XØŽO¨:½^@ã2gÐs>=J".³©ÛËI‰C£A`3²,Ó²§¿2æ)!„òpôkAy P8âñ&oçç¹,f§Î\¸ÑÛ¿¹¹þÆÍþ‹yceÙ<ÏŒõ:>Æ:ÍÓw(ê@?Ý~0ïùòŒG¼è¨ço~ßÿæÆÝ¹ßpÿÛ>ó{$oþçŒzþæ7ø“V¼¸Ó6ø;ÉÛËExŽ½ê™R; ðÅíúƒ/ÔÙ—7HPâeÁ±ÓÍœî.ÒUM%ð<Ç<àaMnžr’%…›çYË›™¡ˆqð†{‹H“v«rBÑÝÀ/2µõK•âgà8¶CV`õº{ÏPUVw_ñª‰8«7<‘Œ’uíi¼ö!á;úÉùy9É?-–s26ØXUÖÒ\ïñŽŒŒÍ@áö‚77™¦ÿÒâwÜï~0zýO+êLxBRnþ_þU§¼ÌnØ^ò—[Øåüôýô—Qû¾Ü¿¬ÏœN6>úíÈ¥;±e¢cGÿ1RóÈby,s',¶HŸïÅw?¹Í–ét4¼°·Ô@tŸþôºß$pQÑòÌsjìwõiq÷¥/N÷)&“Uö¾¸­Èˆ]øüÂME0)"
[o-42XöÔž.ZÜ7zòx0ãÀ|Á¤2ÕqÂÛæc,œ²f¼õB¾ƒÃt ö™>¢Ù¶ºÕgêîIó¶ûƒ/²™‘"(}®p±a©­£gcŸö"sú2ÈÞÎï©ÔZl ñÙï5Å9„¢ÃüöÒ»ß¹,}û{¹Ý3?ˆ?}é°Þž|<.~ý¾rS†Y‚ZÊ~V0€è?>ùJ3[ŒßùáÊ¿E²Ö­»«Ž²LN?iÛ··uní?ìÛÛz¥ýÚ»¿ú(Š¼³wûB“c2*á?GÔƒyÃ"*²œÞð !H‹½~!:Ù?õÃ»ª&†ÜM¥G–ñEVÎ¢Šô©Þýj«ëî»4ÿÕCùGÞ|6Ð"=Ç?»šózSöìãâà…Zó;ßËçeäë÷.æî/¸p[^ûAHž¯?¶:Ÿ-‰z¿… IDAT5,sjOe´£ÿó@Fuâó<ª?vŒÝÚ?ÿ3mòÛ¾÷;&ÿd³˜¼ôûhé›•G¬¾~täR®u»sNd•ð?<‡Ý\µ?”ñ“¿ôÜÊ-«Ð/6µu¢æã¶{º:ãbÛ—ØúçÆ| ‹mÿYîÿC]Ùì¨ù.Éƒ¥ü÷_ÑZðZüØ%éíí< ô©¨{„ïoàÅó¥ØvSy¶’Ã¨|ü&óÊa°®ü{#ë…„?ù…BKÆì¨ždlpä¥çòórFFÆ’·“Ã?HQã`2’•ø¨÷óßÅJ_)©H…
Ñ[_<_nºï¡¹âw.{NvJ>p5ÍöýÎÙÂ}ƒÜ6~çYW—~éÇ¾Â¼;É#ÙÊÆ¬ç7gOÿÊªá;Ã'ÏÅš­Ø¸_ÆÈïüØW¹åž†Òhðæ ³ý»ŽCF/?ž½!ùâla¡qû®‚&fö}½`?_õ]¼¡DÌ\u“sÿ¦TŒ!FÛÚB×n«°s¥m»›áŽ›ŸßÐ|Ð|¿»Ù`£ãM˜›ÿ’—6î¶>¸¬æäd ÂÖ”·ì²ÉFÚFTÇy“r·<Ÿº+…¨¿íT ûŽ·r¥íû›R…“,Ã#Mê¥Sáž;ªyƒ~ë¾eI5¯‰¡žìª7’çc®¬ÍýÉ ·){&†?†}•û’g—WS{ñ‚;VRÁ?Œ•6ìOæ?Ï¯ÞØöµ;VZe\ÞÔžü»_E¸Ü¦ò€½s.80Ï£S]\ÓwSkÛ˜Yøïƒ£›m¹¾Ð5§õ‡Öd>£º?ÿÛ¾ÉíNûÌÓâwÂC³¥
<»©aâäíhE•¸¸ÔÖ¯Ä?6²‰{6ù]¡jšc_Èe53ßAò?«Lõ%ÿd¬5\Áÿ¥x·ó®¸<8ÄÖNoþÿÏÞ?¾7qåû¢ÿ•JRi¶dK%Ï66Æƒ˜˜Ñ?2?Mw’Ý½§Þwßgïûœý¢ÿ€óâ¾¼/ÎóÜ»Ÿ³ï³ûžîsºwº;?t'??„„!@0`À`3Ïx–%[²f•j¸/$Ï³±±1ßÏãV«V­*•ÖoÕªU;7/
¡"6Ø%Ù*Õˆ`¥ÀâîÜmžˆ¦Æ¯%Æ"ÑhüßˆÏûøÚØPuÊ‰:½äuS[(#AÉ?{ÖÄ"íçž~éÓž:?•Î‰?§Ãg¾?©3£BWPŠ¯qIm—û;mïþ„#ŸûüÝçMú“Å"ŠttÿâœT}2ã³©(:VÁÝå’ŠfoÊm&e¹i¾6ËÀƒ3ý·ô¦ïf™Ù˜»ÙùÉGOOý,7—?gž¿ra¤¼6ýÃ½ªÈÐàg_:l¦CÑáóû'³þé„–¢Á¾fw›'¥²"û´Ý}æãpa?£ÔD¤Ty".©íBŸ»Â|ü£?“)º@YÅsb<v2ë4'†Ü?âáW²íCCÿ×—tàÝt;)Õ›LÁ7øùošƒ¶Õi•Ñ`ó÷®ÿÏ'ýóA›2^†½¾³‚v]ö~.Öwcðw_YÿÖ±Ú,„}=?[?!Ò¥—–eé‰(ìqM™ãG’X­V?2¦´ñªù¨»'É²wb}­Îäqû‰ÈÝi1MÞ½Òê-ƒn­jj/Wx°àp†¡ÈPH™7qŠUt>oˆ>`2L4r+u¬ÁM´,x]1[òÄñ ?ŽírE)]Yj›…Žu7Š#Ò¦+Kò”
"ï?lµN^r´¦gHš\! (s²d½Aö(- wØ˜ÉóYCI]²Ÿß óVó†*¼d0°),îöÝæåÆD½·†?ý¼'þwæÂX½?-´ëWÞ$ámxÂ>–?kâ4œÎZœ³‹<ß²Ú2Ûáb“?ã¶¬šj¦q8OâqC¬¨Î¾ßnÐpœÆ”z¸V7õ??¯CŽÐç>×Ç9˜‘®ã4œÁ^•uÂ=×èŸ/;ªÕéÇ™s2l‘û\A""O¸Á¢+·ë”Ä(9CnUn¥…!–ÓèD¤ÒsŽ›xQµÕv¼ÜjÕq³Ùœ3'™öx™äd-ORr\<ç.žæÔ„îF_×VóÑ­fÇiLÉÕÇ’r›<®ñù!UM?Ýnâ4œ¡poRµ/êö-°ýyð •·o+Ìä~õÉ}7‘DYÆ)õ??Þ<ýÈŠ±dãä?Réô¢(É$š“&'«µº­~j0Aìª)«6&Ë²Ã4å«¢WZhZ?YM“·5z6 H+Nm³xÐ ŠÊÒ"ßû´>FD2‘Ù8y}ä´œ¾Šè`¦Ü¬et’ˆH  ?™R¼Œ>@2‘$?iÓÅTð!<€E<ië$"£Q?56¸|å†?\p=GMÖOß/ÿ+þù»º¡3½W‡„Wš—àáÛlÚ¼É»åLzú¼êí¶Éå:yø‰Q·Ka·MéOnÑÌ3Òc ˜74÷¼€'Øª·O¶Ìiì¹ìÐ`$?øÈfØ&:äp=?ÙL‡ÅÀ™s}-}^oT\xgs3’^`2'ºôe´†<ƒTžk™R1ååÊCžñ]µsÖ‰Ô8Ö@¢gžBX!KQÝ?_¯*´š´I™•ªÌ÷º?D¤ ~`r¡HÐ;=(bU£þðÄ§X(È²C¬wlr2Å‹}uSƒŒ²/6¥`yÿ(£$"%Óë‹NN
šVàJ%¹}“§Q$(”Š§¶)$•²?þ‘¦ ]©³ªwœP$_?D‘×?yuŒ†iFÏM¶WžrÅ•CR‘’ô.yJñÊA1D
%ù°R`ƒƒÃDô»?¿tNÜ7xÒÚé÷/ÌdJ¯.—ºý+Ë… HÄM¿b­]çH‹¦”ÄA×Ü‘L$*«˜µñÅÚ8YËþ¿vÝÂú;FÏ|Ôþß>îé[$FX\$*Ç,§¤H””ìÌxBXaÈ¶|jKÚd©Æ`Ši-6½/Ì?Oæ}c”–<å¶N²5{Ì?Yó§YÍDfk¾'8y
ú=Îl«eµSƒ:MºNLTÝ£¼—Ôf,jƒ/6Ñù-â‹Q†fj»µÙ¦rù&Žy=B©M·âÔ6­Umšü0¦ÉDætÆí?¼ŠøÜrÁÔÈß H5Pp²d$)Ì"3SàšrŸÁKƒ¥Œ™”æòûŸù
//„°ˆâ¢üª?å¾ÿö‡?~{}Šæ'
"f?×MDDaOß"+kLªô¾¨{Êž×µÌî¬Æš!µôMé.ã
=žsI.¹´‚êœÞ™3b‚Hf‹’ú"îÉ‰‚Û%lK©ÄèÒs2ªæÿôgùo¥†/=ò±¬?ˆ–QAŸ,+«MMÝSs2ŽUÌóÀ€Ö–A}®)% ]}”ž¼Šƒª.Dt¶·ºÇkŠ|wW¾ÅBDÉŽ’‘-""’}m­£%v+‘èpD"UV®í~K7/Ç×êhKÍÍR©ÓóR[[zbDDrl ½+-7]½ê©?rù¢¤¼2±áÑIÞVß`™1?ˆlÆr—¯Ùï&xüH,ÏI""Áçé

D»Áq×Û•‰ˆ¢îÇO”Evn¹©m*’óqt$?äh—Ô^É$q&ã–ØŸáÛ1¹–Hôtñž)írSsL""’|?%W…ÂFDe®CzÒ¿0Š}?¤Œ"%GdËS¸Ïºî'¼Èðh2,"3#uÎ¨Àh\Î°E¼·oàb“¢üý$""?Önò=îl+7E‡n{ˆ³V2$«‚Ý>y›‰!›¹:càÊµáôƒ©"ò^­‰–ÕÄX^«iüÔy–„šb?àò64Dæ¹*sk­‡?vÿê?=oÕYs-:%ÅOóeÏcGê?TZß¾Ú<v¼<ICr¤¯ÿb{ø'æE6î~@¦m‰®MÑH?4éJ""Nm6‰ÍcÛ*“æ¾1Y)íI‡•Ã—n{Þ­²hˆ(4üÀeÚ–£!ç Ïã§Q{7=M.·B{åsw£]Siãˆ¢}õÞ«6Ã¿>¯×¥±&mðê—Ÿ:YµNŒøõÅÇ¨‰ˆ±V¾¾íûóŸ~¢PSˆÒö¾v0…ˆ"ý?—»òÞ>^¬Wç½ò¦ÿ»?||_§áCšâãGsÕDDš¼ýuþóþÏ;j]„çÊ??Cºº©½\†ÛÎ?¡˜?‚OÛºY*9TT?Îw7Œ<.Ð?ÞªK¯Ê¨¾8øï¿6’LæSGâç¼¹æ$þ›ö_CArÊ8jcˆ(Ò7ò›ýÏOê\êÑwû>ÿ¨­^ÏøƒLõ[9…1ËJms1jä~qªH£1#sì-µ–ˆ4ÜþGÏÿ2rÇHa?m{O?¯!"±õ7"ýŒöØ[?ªâ\ìw¿ôD’CqüXüâÇæSú>ã?ª'­Ÿ´»•G‹X"¢tõñêèùÿVà½°Ì×ç.®wž·§Ç–òb4I¹FÆ2ÓÖ§?Ãå+7üþ@qño=öû'ßxuÞ•CÎô~Ö=m’5ƒ;p0c›-ñÀ€àêûüóàã(‘RQs,9ã‘ûq?ãôV…??|MX¨ýbÿ—¥€Íð¯ïg™C#õßºÏ÷‘UGb²þôNñ_&^þxÔ>þ~å‘«ÿæ¦)ož2+þÖ'gCƒ¿ÛGf»±¦ZõøÓžFk©w_lÜñ¦}NQ¹Ór¸Êj "ßðùsžzceå«Üÿ†½:þ Ä´Ìõ]{ò+²þ×Úò¹®~ïiè#›…ñ{$ËVËñƒ©æ™E¡ý§Ö·ýÛÌ,Í[VD4^&DdÐ)k^Ëª±kˆdoÇÓ3ç¢]QnÒÏëä³“¹’½OÏ^ˆ²Œ*$³¹úSÇ²Ò9fVAÍ*ÉÕ#‹"±s<u-ˆ¤œìO!öÜlÒï™|e?,Š;«g‘(ŠŠÅS›#ËJíå%<}Ú Ë©™G8&?jŽ¸ZŒÑÔ·öŠÃ—Õ‡«&ÂfY¥ÙÛ–šÚ¦4ç>Ê¢ ³Ê‰®²§!ê)×LyÂ<%#ˆâÅ+ÅÅ\Åëâª{ <€—Ñô]ÇðÀ¶¶v:gÏÊÌH+.Î_ÖKæ&Q?8õ"¿^b4BêÉxD>Bª…‡ôY*Ñuþß½ÖŸU.TÄ²å¥jbX¡)«óRÎ1}ÁMF¢¢rŽ]^´(\`îœˆ‘¨¤áæ¬cÉB”'ŽÛÐõ>dzÎ¸Îäˆ/¬4é–}ªDƒ¥Þ€Ã÷Œ¤P@Ò6ô–ìª{à”€¹ú];ËwQùnC¡ä–Ð¿›å¦uó`Õ+îõéxz5d¬.N2s,‰ÁökÞúý¿.~1ÊùªÑ+É«áæ¬1-Z.0wNæÛVb§ÎèúS?{üÏŽÑ˜Vôh
§ßt?¯…Î€‡DáùCx/?Ýìh9ó‘«+DDd/ÐýÃ‰ŒÅx™ <€——TR›TR»ÞÙØ°pÏ
@ÂH@x á$ <€„?€ð@ÂH@x á$ <€„?€ð@ÂH@xÊõÎ<'¾@x½³Ï•É ]ï,À‹áÀË?°(t.€„?€ð@ÂH@x á$ <€„?€ð@ÂH@x á$ <€„?€ð”ë?xñÜ¹Û<0èÌÌHÛµ³|‘E%!å"?Éd5©_ÌkŽ‰
¤TkXf½s°Æ^ÌŸjx.ü?àÀ 3þfFšÑ '¢ËWn<ií¬ÚYþ¤­Ó`Ôo)ÊŸoõ?ëê7£—ÉnS¨ˆb¾‘>b?ž°×Ø5«šKYˆòÂ*×ÝÅHTTrãÁLhøÌ/}Tç8½U·z›x™1‘UÍ{¼d‘?‘ZÍÎ1]d_Ðs3ù©f}Ýd!#n?Ã#QQÉ©V)µÍKŠEdVÃÎÛ·C£¤à”3¿=’ ŠJvVñJÑˆ‚[Ý.¼^Æï,ÅÀàð™¯¿ËÌH?4Fƒ>l)Îßµ³|`Ð988<_x>ûkÏàVËÏÿ*Õ?˜$úúÏvø»fU¯<á–s½?Vµî>óË`éÏ
·Å“Ô¥žü§dRªW-ý—W¸÷Æùm¢Z'òäØ{b·C;­šó>þáÌ½Q?Ž…;_?PfQÉ‘ž†ï¾ïu:1$e|}O¶vÝö`““#®¡Kç|†º-ûÓgÍÇ/8ë]Œ‘•ý&Ã?^Ë´²DD‚gàìg—žQeóî´ãåIÊi>íùü»¨ gbAÊ{Õq8Gó©mCWÃi¥¤ñº|J?ê@‘’HwE¿ýF?$ø)û„ª&oúž±Gßw]¤WQÐ¬xãg‰Ï?ð7?ÛÒÇHÊcOQk‰ˆDOcìëë²Þ¨}÷ožÿ.Â‹nÓ}ë`•\¾RèàÞ©µÿxlpèàÞ;w›÷‡/üþà‡kæ^Yèkð6Øÿzp"6 "Ö`Ï>mY_u¬†›Õ–ËéºÑ@Õïü4CE¸y¦¾Ûv$oJÓæÈƒs=iï¼ÈÈŸýËƒ´÷*­ñÝ7nÈ;?ü “%oþéFwúá\k«Ojì<ï1”dPdŽ¹òPãp»=ó_Žˆdï£ŽÏ½ÿPe&ò6|Ê;]tÒÄœlH7ÕØ¦D}Q×¥k´ÿïŠí,‘8réã?öôüBn¥©m¥¯i÷Ì¸Føú‹´û×f*‰¾þ×Bç_+ó'¿²«AèÎSýä-%‘ìkŽœmˆý¸FE$v^¥êŸØY"qà"_ß&)biH8×Æ¼õhLÏß`3@xsóûƒFÃdå>œ|ãÕÌŒÔÁÁáøÿñîFs­ÜÕ,WÖ¥˜çM=ê~4x©‰ïõ16»ºº&³$ÞLLž†?ÝtÈ‘Ñ7pé~ÌEŠ¢íÉG«R¿‘¡‘†kžæn1¨WäækªÓ¬žþÿ¼ö{(2ÜÿŸMD¤=ú¾?ÛÎ“õ´-pþZ¸ÍžòóZEÃÇn:TT=Þ:ÔØvž¬?­´LË‰‡l9\uuº¹¯çüÙE²ëË¶F"Úbýi%MO!Ô}{èê“˜+¢p8´5µYvCDržÿ2œ÷š%ÒäºõDêÙ’JÛá­›¯ísÅø¡®á¼ŠÃñ#­Ê,ÙR³'œW<q'ÀÝ×n-~Ç¯ŠË2þØåª´¦Æú»]E‡â›QZvëFO8·7V›^YðSRô]óuÍ1w¬ë![ù~ü’À˜·$9~áª2§»üÍ6Óß˜G­¤Bõÿtxkl–‰Õ"}?Þ-ÉÇ‡/¥²bôÒÓPa1¿²Ô6¯h¯<¸•=¿\(Õ¥;Ã7»„üÒ‰Ë‡Ð×Ä”ümü#c*e³þoÑY£J‹Ý½Šò‰âÍÜ©¸yQ±Á.ÉV©Fl+…ß-XÜ?»Í±ÁÔ8a¾åC‘!?±[æëòë»ÖóÉwêDÎIN<þòã§á÷*-‘qIm—û;mïþ„#ŸûüÝçMú“Å"oýçî¡ÊŒëŒ
=~<$ìÏI;ýnèñ7Cí…©'‹5D
Q_Pêzê>“¡¯~Í~TÇy#.iêæ… ÔEÒÔœ¼õšý¤Ž?xF:|…ÕÙ§íî3‡ë¥&"¥ŠÈ3%…Àƒ3ý·ô¦ïf™Ù˜»ÙùÉGOOý,7—%"Éëâ¯\)¯Mÿp¯*24øÙ—ÎÛ¦lû\¯»Óbš¼ß¤Õ[Ý>¢ñz~Äë”Œ½§Y?AáöE(uÌÝ“dÙ;¹šÎäqû'WƒÕ4ÿp†¡ÈPH™Ç?dU?Ï"ƒ‡˜_u¥Ž5¸¢¢‰–¯+fKž¼×£Ñ±]®(…¢+Km³?Â±îFq$BÚteIžRAä’­ÖÉK…ÖÀôM¹n¤áeN–£7È¾¥ä3ùíÐPR—ì'Á7HÆ<Üò„ÃÀ¦°¸Ûw›—$(ŒóÜY Ÿëj#søXv®‰Óp:kqÎ‰jéLƒk¢?ƒ¶Ìv¸Ødà8ƒ-«¦ši…Â}£\å“†eˆÕ¥oÍÝŸ£"Ri8•JIÄª4§™xð‘Õ>’™kÑ-Ò)h<'…?†ãÌé™G÷Ú”,§Ñ+ˆH¥ç47ãA¡Ï}®?;r0#]Çi8ƒ½*ë„=z®Ñ;>_vT;ªÓŽ3çdØ"÷¹‚‹ïËB&Ñœ4Y«Wku±©³EA¶L=iôÚ$’D"cÉÆÉÕT:½(ÊÏ)Ë0Iìª)Õtµ1YˆH?&nr²^i¡iGGÈjš|.H£g‚´âÔ6‹¢˜¡,-Rð?±OëcD$™?“M¶œ–f\:D3åÛÁè,$‘@A3¥x}€d"I Ó¦‹©à9Bx‹xÒÖIDF£~jlpùÊ`þš/£$Ñã›{žàáÛlÚ¼ÉûÞLº?£ŽÈDÛn›œgÐ)ÈÃˆH—Tž=óåÓOGÝ¡Øìd§±k¬KØ3ÁÃ·™¸ŒåÜ?xb?­zûdÐ¡±ç²Cƒ‘@â#›a›hþæ4:z<]Fê›C¬w,<ñ‘‡¦´Â*?Ê9?‘‚%"V5êŸ\-
²av0Ê¾X`ò#ïe”D¤dz}SNò à¡iGG©$·/4ñ1JÅŠSÛ’JÙÿHS?®ÔYÕ;N(’¯‹N"†Èë&–‰†iFû
Û+OùvÈ!)ˆHIz—<¥xå ?"…’|X)„°ˆÁÁa"úÝÇ_:'î<iíôûçtštu»æŽA"nÖµG?…9—ž’hÉÉÜŸÖhb½c—>ïü?ÑÙâ{ÖfÅxN–5ê_$*«˜Õ-sS6p®:³5ßœ<iüg¶uJ¯r?9MáND~1ÿ(¥[4DÉÖì1ÿdhÌ;œf?ÿ©X#:MºNLTÝ£¼—Ôf,jƒ/6që/â‹Q†fj»µÙ¦rùø‰?^?PjÓ­8µMAkU›&®!Æ ™ÈœÎ¸½“Ÿ[.HŸrïÓ H5Pp²d$)Ì"3SàšrŸÁKƒ¥Œ™”æòûÅç³;°!<€EåWí,ÿðý·?üñÛ‹÷)Š3—îd»®?vÏü}’QÐ˜Té}Q÷”Y^WŒr¹%Ôø8szZemÞé¿.þ—jñ“F·@ña…ˆHZ|í„?×“øO“Ìå¹¢C³Û÷YÖ@DsÅ+f‹’ú"îÉ‚Û%l›¯³Ôéy©­-=1""96ÐÞ•–›®&¢ˆg ßÃYí…îæG‰*’¯½e¤Ð‘LDª¬\Ûý–n^&"âû;ÚRs³0nÑs#†ÜC>?()¯Llx4FDD’·Õ7XfL'"›±ÜåköÄ¿€?Ç?Äòœ$"|žî¡ @¤±w½íQ™ˆ(ê~üDYdç–›Ú¦"9GG"ñÓ\ŽvIí•Lç`2n‰Ýñé¾ý“ë`‰DOï‰‘Ò^!75Ç$""É÷XrU(lD¤Qæ:¤'mñË©Ø÷HÊ(RrD¶<…«Að,˜€ùáÑdXDfFêœQ?qÞ‡ˆÈ\ž~ª»ÿ7w?¬³•ÚôVŠøÆß¹1þË‰”¹½W®§Ç‡=õ^º&ÖœHY¤†u=Ò•äè•DDB$(­øœ!™yühÌ½Õ`%™æèŠ`ÈØâ¾Øî®N·jHò¶:oõÅ­-–êÜÞ+ß¥K7QtìAŸ¼­ÀLœÚl›;Æ¶U&Í¸3 Éµ¾1|µyìxy’†äH_ÿÅ&öðOÐ˜½$š¼ýuþóþÏ;j]„çÊ??j:Öqæ,½ó?Ui)•ÇË¯žûø3ÒQH²Õ¾¾?þ¨¦:ï•7ýßýáãû:Ò?ŠQM×ÈPcÛù'óQði[7K%‡ŠªÓùî†‘ÇºÓ[uéUÕÿý·ÃF’)Ã|êHü´7×œäÏÓþ+b(HŽCGmEúF~Ó¡ÿùI½?K=únßçµÕë?©~+§?#"fY©m.F?üÃo#Néc4fdŽ½¥Ö‘†Ûÿãèù_Fî)ì§mï©ó5D$¶þF¤ŸÑ;c«QUœ‹ýî—‚žHr(Ž‹wÍcó?)}ŸñÕ“ÖOÚÝÊ£E,Qºúxuôü+ðÞXæës×;ÏÛ€ÓcKy1š¤\#c™ië3ªßå+7üþ@qño=öû'ßxu‘$"}?ƒWø¶xó¼’)Új<º7ÝÊ1$z¾q]í–5:r‹ŠšCG‹ãÑÁÈÕsÓéÉW2µÿ·ýÏOfDOã÷µ'’Þ¦ ŸÉÐŸ:aOÜ|=_Ÿí#":|zK^û“_‘õ¿Ö¦LfÄ7|þO½‹ˆ¨´6µ28ü»‰Ä±ßŸ{(ˆˆSÔÔ¦Æ‡"\}Ÿ|%RjÿéŸõmSså>ÎSïb¬¬a•ûß°W§sDD¡ÁO§¾L?¨ïÚ¬œ‘(ŠŠ…žbg7^É¢(±,FcyÞ„§Ot95¶‰1?Ts´-Š1šúÖ^qøR£úpÕDä,¢¤œãð--µMiÎ}”EAf•];dOCÔS®™ò„yJFÅ9ŠWŠŠ¹ŠÖÅT÷@x/£è+ºŽá??lù§•å IDATmítÎž•™‘V\œ?ïKf£A9× B±HT±Ì7ŽIB4F7W}"!µfÞJ§,Dù¹Wœ7'’ˆSÏ½ŠÈGH9c\#€MGŽøÂJ“nÙUÌh0 ÔÍ=#)?tTð7‡¨î?Sæf4èwí,ßEåÏžËiæ®%¨4ÜœÓ Pró¬Ãr>dÌÌ»â¼9Q(¹ù{±°êe=Óðbb4S†%]N?rV?Bg@<8ë á$ <€„?€ð@ÂH@x á$ <€„?€ð@ÂH@x á$ <€„?€ð”ë?xN|?ðzgž+“A»ÞY€Â€—~$`Qè\ á$ <€„?€ð@ÂH@xxk2ÀË‚ç…˜ J’,“¼ÞyY9†…‚Q)Yµz¡jLs7u:iÔOÒJ÷UÁP²‘òÓ¨<w¡Å6B©.±L–çÀæ'Ir8Â‹’´ÞY2É¢$‹¼D­F­P03ð‡éb¹}Ïº!I&·?Ü>êtÒ‘
2jg-°aJuÑ2X:t.Øü6H-vu‰’Žð³§¯Jl0•ÛG›æ˜¾Ku¾2X:„›Ï­»ZDIâyaê”æîUŽâÜ>jîž6eÃ–êì2X„›\L×;khÆÞu:×jC3RÞÈ¥º‘óÂ€MNZñÃ¹/‚{7ê_«ÍHy#—êFÎl|6¹zœ¢EÍØ»µ«ÏHy#—êFÎl| á$ <€Õ'E…Xl#ìÃkÑ€¢?7¾nòL|T¨¹åU;³Þ¶T£ÏÞlK.{ã@6·ZY\]:Ú½•¶ZHôÐÞ^ÃíŒÞ?{y0çPÝÖdÕ”)]9‡ÞÙš¼œt¤¨ ²J*n°öp–@œiÇÁ=ïë}tïÞ?z½áH‘eeIr÷V¥³Õ]úQ1DDÏcÐÈÓ[Í¶c;mÏÐgcôáÙ›my{Nm_VL°è\q¬‚Sª8¥Ê˜œ_^˜NQ—'L’‹
’D’ßëK¼ŽWò{]C.oP""…ø‰åÕú‹ÙÌ)Æ'†F]®!oH˜±Øø§¨¯§Kßè?ktŒ_ÃwŽõÒ°?š›É»f[˜F¡ˆôÜ½Ñžsæ´ÂŒEt¢\¤XTˆÅ¤X4"‘‰M)(€5‚»0K4!2ªTän9sÝãÈúCRÚö“{,®†ú.2s¬?¨
ö°{~¸Ð¢ÙY·7[MDÞ‡/öÚ?¼žã­¿|—ÊÞ8?Í{n\z8@œ™?y£”¹ýÀÞ<-EúÎ=4î;^žšh÷WÚ—Ï?6_½Ò3iU$D¼ÚÒ×eëÖfÿ.79Ê×&õÌÅ¯Ø??4Õ?4*›zA
Ì(ÌR³8|ÿë;î¬]‡«4póÒWÒÎ}™×Qïý3½”^qh_þŠ;},áÀKG{Ü£a‘ˆ5$[M–Ÿ‰§šø¸Ê„/(ÔvÕù©Ö&Û²èqú£Dœ!-Å´âMˆ‘ ?HÆýÌ?_¥ôWbÍ¼à-?‚J’B#=Ã?¨&gG†’F‰È7Ân?þV&§ X_ã­ACõk»Z"_Çå‹­ýy;
l-íý¡ì<?àìîŠ%—:ÌŠ‰†ya éá€®àè¡b£‚ü-WÏßoîÍØí˜;ÞþŽPêxõ76hß¤ecMù;w;/Ý¸Ó’Q·ubjl eVaîv8¶½r¹ñ®ÎCmNUÑ¾ª\«2÷CóŸÑ¹ž„/Ù×þÃ¥Ë-“MÃQ(âM»ëWfhˆœ] “îM[“-;ï~úç¦âwþ±j5“ç=-·®\kn[ Û²ÈG%vÙaOÌÛzãBý@È¤Ñ)âe­{§®Ð°Ìº¿?³KÔdí=4-<X¥ôç#ÆxQ¡VÏ[û_“Ã›ˆB—R¼­,;7y¼oeegÆÿ÷?IjËHÛ#Q˜hÄëS—åeÞ¹ÕÑ;’—|Ú)¥T;ôDi|#N¢<k¼£¿13ÓÜÒêõ‘cî³Ý?’¡h{ðÃåát[rrvNæfˆH?YU]táæ•zÃŽñ}Ÿ«0É¡Q&—×ì»|·“Ò·*OEUž7œs/wÓw‚ïýÍv«:1…w·Þu(C³Ö›NÛyúï+ê%,¹D¢çáÙ¯D‹Ù\h¹PÇ…ßwç}p¬D¿œÔåpÿ°¶æ¯~œ_KŽÜúó™Z³^+^ÎýHû­ëžâ7ÿ®Ì´6éÏ+Üqé7]¹3j«~8`³0d–lÍ]¸7£ …9{K¡‘ˆˆŠ·«"…¢°Â4Ð:ÐÇyFt5ŽéW…‚Hï//ÄøÙiJ½éÕ™{^{ÇïñŒôw6Ÿoñzskò¦yLR•\¾¿ÌááÝÑñ)s&QØ5à%"p…ò³u›¦à?3àåáîm‰”•m³N©ª­Å{K­ÏcãJÕêveaMŽêã§ÞÛS0«ê½SYmUæDDÁ¨2só¨×ç[^*cîNJ·Î•ÁÕIÿ¬öá€—‡9ÃaŒôu„H©`)êíŽ(ˆHï(Lu=¼7j(Î5Ï\#GE}Ýc’$øº<)2Ó“‰X¥Š¨¿Ï?†½­‰…yoßhDg¶e”¤’ŽÄÖf7R¨fÚF«¦CÛ¨&wm64ƒ>{Ç6ËDÝkîÂŒ?6_}8l.{½®,Õûð‡æQ‰ˆHkL&r…„hDXpÏ
w^.¡hŒhþz¡hü¡¾Åí!MvIõþ™Úñ>9áþÆ«·»¼¢1ÕV´coE††HtÞ?{-¶ó?ªÌDŠâ@ÃW??‡ëJÆ«Ä|÷õ3NÇÉ=±ëê7ý™'j´änúâªyÍÚ?×†ä˜»­áÆÃþ¡ ›ž·­v{ÿò@ö±ýy³›ÁYSZÊ";ëlúâZï!É}î‹‡
¢¼WÞ«°NÝ„%=kû®?…–Åû/ð¡ÙlsßÎ{Zn<ìñùUšÌìm»w˜•îºúM“ËODW¿èW‘µâµƒyÝ¢Y(ýð@Ó­û-½ž?ÆRX±ww‘EÍQ¤ëÚ·=Y‡·Ç\kêí?¨²ò¶Õî)6+ÝM_üÐŠ?öÍ?‰¨¨æí
ºÿ§zª=fø¡áAÖ±¿­2M"¢ðàýú{=ý1]–£bwuIJ¢@&§Û¬ÙÛvîÌ?o^j
ÛÖWvÅnÝÿáÌ}"RpÉ…¯ä‘NIªÌœü{#?¶<‡qæÉå5Õüí;—¾½K¤P§îØ_fS)Ó‹Jº†Zî~Ý£0ç;²É!"12Úy·évL""….w×îÌ5zi‚?
3(ÑT¢§=ñªï^›mM§Ë¯:à¿r¹‹æ.ÌÜðp}CåªÉÖ©hïÞÀ…ë7Œöåk³Kòºou]=÷”;ßÙ•†ö]X;Ì×ç.®wž·§Ç–’´Þ¹X×ÈXfÚ
GŸ-Ü~î·?„‹vWoÏ¶u3ºã;oü?=)ÖìŠêíY
´^þú>[{êX?†ˆü­çþÐ¤­=´3ß ŽŽ=ºö—ã«§j³Tänüý×áƒ?Ù?ø®ËÿóÂ€©úØÛãw$‚-ß~1P|úHž*Üzn¼»ËBrßÿìOm¶ƒ‡væÔb ½þúcç°¡r¡®AÎÿcþG&„?Özîóž¼w_-Ò)UjeÌyëÌ™áì¶[Õ|¨ÿþ¹kceï/[øt?ƒ-ç¾hÉ~ó?ÒY·ç??_ÊÛ_WfãÄ@OÓ¥ËžÒ¿:^j–b|¬ÿÖG×éØéÝ©D*Õü,˜~°õì¿Zã0±¢§ýú¥»I~´Ý/ÛF¿)­¸ºº8™ãûo?»Þ[pìƒJ«‰y:¾ûÓÓì÷Ž›ˆXNÅßþ?3=–,[YÅ¶üƒšSñm‡ƒÂíç~{ÏpìØžl+z:®]¸o:|ª2…h¤ñ“¯\o.2«(änkìÖí­ÊF›Ò‹É˜{HÍg!Åb•Š¥×R%)&)f¾ÕK’b²BÅÎš#·Œ
°É0Ù„ðËóK_oÙ~vtòÿU,Õ¥¦“ª%•ÌÔ2??àª{ øx‰h?ýõ«¹b÷??ÿþÓÿñË?|rörS??—'PïÝ[`ÑjTZkYõU—{”ˆHì½_ï)©ÙWbÕ«5*cÚöºZëÃkÜDdu”hz;‡âý†#=]Î²êRuK¯;ž¦¯§e(·${Ž¶ùù6ÔÒ î>´?¾!­µôàÎô,XŒR¥Ö¨XbY?J­Q©•D¾öú&uÍ?ªL“J­Ñ›ö©\»Û=Ggè)ü­?\ó×ÏÑMÈßÖp_]Q·+Ó¨Q©õ–Â½vùïvÇˆU©5Z%‘’S©5Æ¦ï|Øè­8P›mb"¥¥p÷vó½nçø!fl?X‘fÔ¨Ô¦ÜÝ»2}ƒ.?«QéU,±*½F¥ÖL?lÉÞýeY­fzX(;ïÿ0¶ëÐ¾lKD¬¥ ¦2éN‡“ˆÂ#.Oai‘EÅ2Äê­%µˆ`…j9±)fÅñ‰³¿
Å²bƒM`é…¹ÄØàYà$x¹h³¶9~êïþñÃüÉñ#ÅI=W¾úÝÕÉÊñÔŽòzmya"
øœ1Gvúäo¸:Ý‘íwyÃDd-¬Ð?ì‰(ÒßÙ[PTQP¢mï!"ò÷w¸‹isÕŒçÝe¥L¹YÂZ¬Y«ºû¢Ïã´åeM©‡[3ó¨Çí™ë¹?4°‡^¯škGDÏ¨ÏZ?5Ù™‚±fæQçèèìEW”¾Ï=(¦¨ø?þ?ÄßH„b£žPbv–-yb%µÎ@ÁÐì4Æ—?û.”ÏÝKf£›p‡IôŒ…‰´Y¹Ùí×ÏÞjíqzÂèêðÒ@xð’b5&kAå›o”[[{¾C.ð<±ÊYWA""2f¤=îí)ÜÓ1R‘›Æ˜²‹´w:?D¾žÖð®"Ç†zVŒñ¤RÌÌÒüÏ>†û®Ÿ­§Úy‡•Dž8åÌôÄ%¿Ót±ôy>2cŠeÛñíY«8Ð”ÀÏ¼sb)=Y™¥&"}ññŽW§ÄZnœùøwÿëb«_ž'ØDp«àe"Íx´T¥^üÁ?£%?î»½”9Þü,zÝýªä?ñçLyÛòÛ{
ü-c%û¬DdÌ+ÍþCÇ@Ž¶)RxtY£"Liª=ƒ±l{¢??ÔÛC”·œ4fR©9i¼^«6%™Ü?Œã?ÿèeÏÕ­‡HtÞ>s!Pñî±’y_G 2&«ú?.qËÄ;|î!ÊÞº¤Þ¥KH?ÉœJOYCfÖòÆgbUjÅ%µø-iÔÏ33çÜ‚Ú”VP–VP¶Wö4}yö~A­}C…{°úp÷à¥ÁwÿÛ/¾ìôG?Û¢ÏÙx½i¨ 8{áØÔŽ²JñVÃCw¼?™h¨ï¶V??¬ÉÎIk»óÃCyk^<Ðdå;z¯]m×V,oÌTÖ±½ÆÒrá»†O8âswÜ>×46o½XŒñ‘DB4ÆGb<?W£½Ú`1zZº=?ŽRŠ«³n4t‡OG<¾v+X¶uŽ?‘Dwã™¿t¥x%_ßPŒ?ÄfoÁZ¸=»ën}Oâÿ“õžÜ²ÜÅ›÷—–¾*»¬˜¿uãáÈøŽˆ»åqïÂOJŒGA]ñ.S7ù«e•|ý?ñƒKÄ»[öEˆˆïkíŒgH‡"¬rŽNâ°ÙàîÀKC?[s\¼ÛøÃŸ~ˆDãSTªìŠý½#s±×c±i;_«»~é«ß<`õâÙ•u'¶NÖÛÕ¹Åe—®º_qŒ?v®ÉÎK»Ð¨]f›7‹?ýµþ~}Ó•oÕ–¼íuu¦ËŸÌ=Ö`¸ãÒo®¸Î}ú?ˆUs½ÌZQWÖÿ—³ÿqƒHUüÎßV©]¼ôÛ_ÞäôõeµÇkís<<íî|ìŒ‘óÂ-S&fxûxñôA”ôÅÇÞŸ;ÿÕ\QèÄ˜hÉ=ôî¾¥<Â»ÄôÙÔª“Ç/Ÿûì¯Ð±±(k*ÙõJÑ¢©§l;º{è«?ý®žˆ­¬ûGû‹²i;Oœ¸wåìïïGÕ*ePbÓÕ¯ä«‰µ_üãYŸÊj$¿WL«¬;†w,¼0°)¼Œ^ ÁÅVw`Ó"I¡^x<?Ùd‘?Òs}?ÖØÃ?}:Vý÷û²Ÿy›b$FÜ”A{d‘?Ñ²K`BŒg¡èYÓ'•zYM:ËÜÇ™E4‘Ès>è°ü?ˆ¼È?¤CŒÑ0yËî~GÒÚì«‚¡¿uòãF.ÕeÁT÷@ç"€—«V­¤fÌ°k]Mt7]nì''â~xó?§Ì‘µÛdgèÉ°«ÄQ]Ó²Q.36Xþ>Î,¢‰D¼øŠÍüB»{—<ó½l«fFÊ¹T7rÞ`ãCç"Ø@¬Å·oœ¹âñDˆTª´ÂÊ¿ªÞXc¼ˆTJVä¥õÎÅZQM=,??Ü¾5ÙPþôþu¹TU³FTX:„°‘è3+fV¬w.6µZDQÚ uÙgÁ*êéwÖÊs©Ó¹ú‚ÕDå¹Ó¦lØR?]&Ë‚ÎE›ŸV£f—÷–ã«Ph5sŒ­p¤‚¬Ëa!V™«Ýb–ê|e°t.6?…‚Ñë8žb‚(Iò†}¦v)b
F¥dçk#7jéí=ÔÜM?Nõ¯üIeCÉFÊO›yß`r?Sª‹–ÀÒáxY¨ÕÊ—§úXž;oµ~u½T¥
/ƒ?uGÖÂH@x á$ <€„?€ð@ÂH@x á$ <€„?€ð@ÂH@x á$ <€„?€ð@ÂH@x°¡1ë?xv/Ð:Â€?eYA×;°r‚ ²,»Þ¹X*„šJÅF¢ÂzçV.T*„°8NGÖ;°rÁp„ãTë?‹¥Bx°¡©”JµJéõ…Ö;#°^_H­Rª”ÊõÎÈR!<Øèz­ ˆˆ^8^_HDƒ^»ÞY„/€$“^–e§{,ŒâIe€NÄ@0êt?É²œdÒ¯wv–ç…¹Íð’3èµ1AˆFc¡pTEy½ósbˆX–U©X£Aûõ)š pzÖ;ëÀ52¶ÞY€MH&DQÅp„_ï¼¬„2Ùb\ï<¬V?žu3¡† á$ <€„?€ð@ÂH@x á$ <€„?€ð@ÂH@x á$ <€„?€ð@‚r5‹úBdÒq«™$À&$ð¼8õ3«æØgLRŒò"«V¯êz^²Èóôìy~ÆÄEžYµzus±¦»6÷æDV­f™5É†öŒxÂ"«·¤˜´3·²ôt¢<ÍÎäxþI¹JGaÁ#:¾/¬ÎbMÒÎ\&1W©M±YÔ3ò)øF†<‘Ú˜–bœ7£"Ï“j®}œ–Tplt,$q†ÔdÓRÊSŒ1c£Ä±ZJ6È¬‚Hd¦ý§’Õj"?áI^ü»,0¼4k"+¯üXÈÄÇ˜gJaé†—dµz•R“‰?1¬J^ñ°¦$ÞïõE%b9S’Q=»¼,ýÞ0O*}r’v?›ïW³61tÿ·ŸÒ»ÿewúª¥‹F%–ãžO•à9¾÷ÙWíšCüGXô»#¼ÆTZU³«`VÍf©œw~éÁ¶ÃÿP•¶ºY?›ëÞGßÐ›·+u=v\9ó4÷äÑBýzl}•„;¿ÿ¤;çGG‹u«?Ù×YÿýÕÖˆÑªa‰(M»Øž®]~ZÎ;¿¿D'Þß=;7áÎï?¹Cµ«sÂ]ßÿ¾;÷ƒW‹ff1<pÿêwFU)–Hô»cÆíÞ¬L¯ÄòÃ?ßž}Ä›“Ô$ñ^¿aÇë‡·§¨‰ˆOë­kõ]¼9IMD¡± ˜µëíƒEÆYß2Ñuç‹¯Ûìsîcœài½}«O™_œmM1“ÄyïÑ>cÇBßY?i¹ÏÜñ‘ZMZ†H Q‰)Ì•·+™K=ãËH4£$ŽÆ÷…Ù³O¢æ,Ñßl“..Wsv„’UÓ&&gÓ>û"+Î+¬¸z“(?êrWšÂ’¹Z˜³.æøaÉ¶*É…WoRÎ¹P·„…ž§¨»µ©ãiP¡åDR4,pöâ½Å)sÔkÃ}wnöz•jŽ%1ÚF)y»·¥k×/âÝ 5ïèÀ?Ë—ï´ŽˆDDIi•{×[ælÑºõÿŽÇ$¡Ö³¿n/øÛ3i×Â¬m}õ¿þ†^û‡ûÔ"úêu?;õ~fë¿}êyíïß(6¬}Öà…PXóö”ª<?ÒvëÊ·_y¿]•¶¢–»´]œÚÁ®V[¼ðF\¼ÊûÃŠ”ñ“‚i»çÒJÂƒùió~?CÊµ=ñÄÑAþ«?9:^÷·œÿÓ•;Y§ãUy±ÿÎÙŽ´c§wg¨‰ˆüíç?»Ôœñî®T–(èÖîúÑ‡™‰ŸX~àÖ—WntdÎfç?km^"û|9œ·.ö9½vd|Gµ:Kª£ˆºóý=û‘Ê¹¾³2Ó|ƒiâèø+RòÄ!UÜîd„]Ò›[r+~ÓLûöM«%»–^4)ò›‹EË •ö¿Â»æ±ÙJä÷‹e\°`ÓÆ¼áŒ’ÃYIÊøU(ÔÛp£µÝZS’<}9ÙßÕÔ+åUÔåè‰ˆ„‘–›­ú“ªí«zÅ^Žµ|?·[hëîüåÖÖ£]ß}ô•{ë[ïÿ‹ÃÄ*„¨§¿¹ñéh±eušÖˆÒ^VcýõÝ–2û6ÓÄÄp×“ÛÖŠŸZÉ¤{ÿ]Ÿ^³®9„L?RT{T<ÿÇ+·2OÕd®$@`¹çÑ#^î¾'‘Òš²”)õ/uJÑî”ÕÞ³
ýâÅfíª?úÙèÈ±ß{êRªžˆïëxšR~"c|O?…{v·|Ó1´#5‹¥¤’ÚÊ)+ª3ssé+o€hjxÀß«ï+,Ùv§ežíó}w™÷ÎP“¿«þû›}~?J©ªkwì:¹v«ßR“5³¢~Ê4
T·WJžò«N–ö%ÏL}aH­~±‘±¼”©…Û§~ÖYÓM}C¡0%O¯÷û‡Ÿ†-[íã—&eJq‘åBÇpÐž³ª÷Ç—aÍÂ_ç÷ß~Ûmyuë²×t?ºÑf;ü~MN¼š­ä,9UGr3%Á72ä#SFŠ‰]´_V,ä?rÉ6‹.Ñ?#XŽ#Ÿk(¤L±Z´ã»OVÔÛ¬–É®L1ŸË9}1¢¨gÈ%è2æº/dÊ+ßzáf‡k[åxãëhîÞ¹ë?™HR›lÖ‰”Å°Ç5"êÒ¬&‘$Dc¢’ÿ??E£ÌDw*!?267CQiÉ½sýÎšÌL""âÇºîÝiîíõ“9£`÷Þãqvx¨éVSgï@LgµÚËvìÈµ¨™ðÓëßõf¾Z›«%"’ƒƒM·nuº½‚ÆQ¼«&Ó}î&Õ¼Y‘Jî¾vn óP©ø¨áaÇ@L—ißV½«Ø2þKxp»¹µßâ,å»';NÈáÁ¦·ZÝ^Òç–îØm?gäàpGÛãÎÞW„Œ¦Ü­»wÆoú¹|UO{^Mˆ'¢qïª©oÓ]bâD¢§íV<ÛÙ9;*‹¦Í<?÷î5wMM\nþ¶>¶ãÍ?“ñ–8tç«úC¯–$M-ÆLû¶ª]ÅÉóTWB÷oÜéŽDu¦ÌüòÝe‰l?—$=ilj?¶ÌÒ©%9G~(qXÛï\oîŒªr+v,tFˆá?ûõwFÈhÝº{ïöt-Q°óêÅîŒƒG
'[!üí—.ºó?íÍ™ÑÊæy¢¹[žø±§?;[Ý#QUJjîîš&ö7â,Ž¢Éý%)<xöá‹Ù“ÛlD®¦/nRM?upfž‰d~¬¯íQ[çàp0Äé3ó§È
„Ã^2hãÍ-g'›Qjš2×dN£[Ãîš¬ÙíøpˆRlÓÊDn¾æ,ª;a}2_xíëÖ”×H¾ó—{êÚS§3ÔDrxÄ+±DlN‰îêÓpÖŒQÌ?‹érÖ:Ýž÷).ŒÐþ\ji¡ÎétTV"&%æò^Eãê“ZKe%²º›éK‘÷Ùe"æÑu†¶¢€´ì&IDATH[SˆF_=¡=;å¡LK€HE%…ryÚxð 0]-ÌÃQ#ÊJ•÷ËÝ¤ÃNÅínê‹ot‹\h–‰f¦vè?dèS\¡ºí’–˜žûL_Š\&07ûhH¤tíÙ*%Å‹NfFŸ2·ûÉ%?ÍB{réá²WJÙµ¨2?®3T,'»™ÛÃã9Ü"?_mÆŒQ’?Ê
å<óóŠˆ`Ó’F;î?ûŠ­ÕRÉÝ~½›Û^å0Î\˜‡I£žù?nØˆSÌSj{
£ÞöŒFI¿Nô®ÍÕk<6x÷Õ¢ewô¸ÝÖB»eöÑuçë/ïQAir´í[gÚ¡w^/0Í•‘0të·ß>µä:ÒYÏ·_Gv½õî…:.þú!›ÇòJ›%Úñm¿©êÔÛ­llèöŸ¿Î,Ï`}wÏù
ß9µÕD¾¶¿|ù@Y?c›¿uÙ^{«*?%_ÇwŸ^Nß’ÏÝ­?r³ŸÓæm©ºôm{_…ÍÎ‘Ð÷ðfhç[9,ßúÅ§tú¿ìK'aèöçß¹ÒËÒØÑ†¯iÛ»uE¡æ?¾cßúI¥?ˆ¢ßÿê²þäßÕØY"±§þ­?;^Šî”/6)ÙB=Á0‘–ÄáÆoÎŽ½yô?#
»š/|ù}ù»s8¢Ñ{g/¸¶?8QkVSØÝq¯sØ±Ë®”¢¡`XˆŸ”á§W¿¹Ì?öê+)jŠß»V?02êHlD?4]òw×œØ¥Žß»xîÂ£”÷v¤0D¡¶óŸ?48òv­‰=?7¿ÿ*\{ªÜJ~zõ«ËÁüc¯¿’¢Ž…š.×;‰sìÁhÇc¯¾´æµ5?xçÛïnéâ7CÄ?;ØWÍ^^uì-=Ú®ýåJ½éí#yÚå$~ï‹/»Skkß;hbyÏã;×:¼”¸òŠÎ;g®Œ–>vÊª¥ðð£+ºûÑ?œÔÌLþÌ“§e™ù‰ËkøiKë8‘Dî8ÿI“¡îÕ“?¬èé¬¿üMøà;Ûg·ìÚÎñP»§öø+&–÷<¾uåOÁšöÄ¿àá‘?¦Ë|~Mõ‰ê˜¿·ñû/¾ß=Qš4o~ÔD#Íß|Ñn­=p¢Î ŠŽµ4\íô’>gÖf‰ˆ¨·þ*¿cÏ‘÷4ªèHó÷¾
z»&Ko·.ßé)Ø‘’¨î¸;ï¹S÷˜^_²W¦|rý»kü®r‡Õ ?ñÄmx°µ[ÌÚq¬RÏRÌßqý‹‹-§ß(1NìoUÍÑW,œ~ò°Û—YšDDÔwëÍqøÄ?;Hñú•q÷Ö_?”WyOCþÎë_ýå†ñƒÃù?ø¤Ktì:²K£"Ñ×zý»­'ÞÜ2ïå{aâPgk4§6?%"
ùÆÈ<£yM­Q‰Ñ¹Öt¶všŠ+§lW¸sÅYzôDãœw{·:-ŸˆFzÚÌå'·)mJü7Š±fèÚFÄ"ûôVœ‘Ù2V¶Ë!ÏO;´‰ÇsõÑõvª*“+ÕäzÂ\hR$×JÉÑ¨âì}²åÉof+Rç#æaˆã‘C(JãG“F£t³‰)+‘ßÖP ‡9ûˆ1˜å<ŽHdo0£érÝ+²–W;óç{Ì{;%5Qø©â³^:´CÚo Ñ§¸ÙÄ„·ÊåÉ‰Ô®ßg¶äÊoZH-/Ðh$±Q>BCÝŒ˜&ïÛMjžï1Ú™S%2?¶2_¹hßVù??Äsû¹¢”ºX}>¥þ'LV¶\·—(À\obnêé?C&"×Cæ\€•Ë6ñ>¦i?²Í„8x6Šd«éÿoïÎŸÚ8Ó<€[-ZHBâÐ?$„Ä!Àrpð_qg<ö$SÉÎ‘ÝTMª¶j~È_“ÚMU¶¼Ud]9Ö‰'×Ø±c'v‚ÃXsX\ÆÈÈœI¨QKûƒ?l|ÅÎæù”~°[­·ß~E«ßçí§ßŽuNL–«W®#ò“žY‘Æ¾)6@Ì7=!Ö¨6oGBaä×?Q‰s8$ðô¢×'ø{ÎŸï™¦.¶º.n~Û¸ÿ¯Ögèý§Ä„dâõ
¶;Å»ÿüJµØeï;Óz}ôß÷›²”"Ömÿó[ÍÉRLò?Î¸g5Zðeo³)?–šî¿?ê³¾\>3Ðž·ëíÝ6Ðô<`¾ïòòýÿ¶×˜ÀÒóù÷ƒ•¯™ýÎ³³¶×_ß¥Ë–ÝmÜlÚ¨Ñ¶Kó?}c?F³Qw_‡¦ñ­õQ‚§ýï¶×?×)Ô—\ùà†§boY¾¼=Õ¤Ña~¸V!wÝž|ÎhG=£}5Ö¿Plðë!­üd„GoÜÈßûÇZ•¤ÚÆÛg×ÇCe•òÈÜì¼Ùf.äX2µu×¦Áö…ÑîQõÞ?:ôàJ››ÏŽ_K[!ZÜ¸Ë®àŒMMf×€/UfnvÏ×8\ªq¡i‡}ìS÷L?Z»èî•7ÿÞ¡Wà¸Š–æÀg_teÚ•}ßjúŠ¤Ì\Þ~Åç‡!UCÎ²³¹B’Úíö?/¼~THÜbáÂäðpÐÖr¢RÍ?7´Ôú>r&'€‰Üî¹QèxÓ¦æ’­Uç¨ÿ¬k,\fU™ê4gÇ&"¦
)Ý7ÇŠkZ”HL÷þ#Ðøòa£ØBSs£û£Ñé†¢â?íïž¨lysu£{¾?®õYŒ©@b1¿þ·v­§ªliñ?¹0à±î4òÙê#ñõ,Û´XU,NkßSï;u%–åÏA0;ZLùÀûvLŸî­+©Vl³Ø~ºæ™kT©RíÒË1ýÆŽÔ|øi?³ÏùUû¶À µÚš¬F%Ç?–=·oeENU^^êœ˜ã«ÜÊþV%“é9cÓZROæ¯o#Îº£9Yg•­©±ÿ¢×“?”5¿°ºŽÚ\®rNøù*åÃ¤—ð?íî‚ç_Ù´ÇkdR%ÂËÖwû?¡k½Á†¬kglÞÓquÁþJs~¦RVDBP¤®<ä3^ç_G?M¿ÔÒÜ'bŸc.t¬[`oJ¤FÖØâ1”T1W1F‘w=ô‰]+7W7`¡?YÌR|eu<ù?UÂ>ÉøæQQŒÈ8Ó›‹?T&³ƒ+êÚ˜;aTJ™þÛ°×ÇKò€UÆw”‰NO0õE©mYªãÕYš:¢Lì²$XšÊ™A³ˆDžÀO É¯LnE‰]¢?³¥€­Ç'v”&’ŸjÒ‹¾žJ?EQÇ,Ï¥jÈ©›>yùº
yÏ”?/IŽ„'Ýsò²šM?ËÞ‘ŸÜÒ¨ÝJHš“#E<¾y$úçò$ÂƒÂò¶Á¯]ØñÊ‘íºÍWEÄ9÷¼R"fÅÇ6Ÿ1CÓãî’Êý©?¥Z‡ï§üYÃ@zFÝ³‹<?? Zib³9•´„B])Úý0«Jjf¸xÙ_n(ÑJ4yâð¬Û-ƒ¦×™¼E, š–/!àEÅ+ºä49­›Â ÀRkû±ÿvÀ\ƒ[ýwìõ6Œ?ÍM¹Â0ÝºD—d?ðŒ¦Æ¢Ï†=ÛuÊ‰!¡þå=Á3·Æ›?º;#½uU{hšØ_~95ž&ø½ãj¹Ù71¹òV„çÆ—¹ÔP^z­ý‚¸±~›ZU”žø–",|j­*í'_µ¾×[¬^KŽãr¥ðÏ‡?¼€oJP™øÉ‰‰Õmbyn>UÀ?£.Û›6¢*Î4ºŸ”šDri~Ú?3?`ñÚŽZÕÚÑ “*1ŠÜVÍÏ
Ö¦´>¡¤Ø¨‡Ÿ×§’›}k5_Šæú¢‹€Li®)n¿éVT+ßh¤iŸI,x'—‹ÌÑ‰É´}æKï»Qã²Û¿’6j4ê×Ú™Uk…ÁÅ0„…lõY^˜Y6:Òndå4z=Æ³4e¹>íV…Æ h,& `?Öºk_?xêTF÷?ÛÐø[U¦D©Á¾Ï` Dó£Î«g»K[ÞØ]ÆH‘€w>$aï´ozˆÆ.4?+”×e>seüú6ÅÅªµþŸTZ€™ÅP*Ñ_ˆ,øüáØrpÎë› ‘}nÏ{ˆM;ÿ~u²ü…cæ•ón¦çÁæ¬?BCß?w²?'×ZŸk¿j<±ó>™½Reâ.¯0Ç9ímÖmèQ
|,_±©!Xs‹ÔO8B¸Ç­ÉR¬ÝöÀ%¤`æ#€œ.¢¤"í#b¨¤È¤}ç?r˜‰0@b.€"æ¦W›ž‰²ˆ†?3•€)ÆL­^‰Y‚b"H$›G“=Ó)×b9.ˆ ä…˜Y ©`m56[œQ“–2$•óL.ˆY1vÒ!äñ“ë·É‡îL†ôer`áî_Z¹ñŽ¤˜oÀ9ìÕXŸ/É”Ç`ã…‚h$‘üéÍnúD¶¬¬ØüD:Î·‡Å’?îsÏ@žF¯öŽxü—‹Ù\Dc«?T?‰³`þž/?î‰«jjjmú´ÎG”_½ê[?g9ôæ[/6˜òq·ý“O;fb¬XEIemCMmCMmÃóGþÒ¤Ä2ÂýNi’òêºÙÃ³3Ã=!GMÅ¦Î½X•©&Uróþ×^4çÛª4®ñ)¯gUFµ¾Ô6rëŽâÖØŽ
ý3:³y"¾é?¢¸P
Ëü†÷¤%Ž£É\:™åðëG*~bÐyîÓ?O]>žÏ/mXRh{É®—@Xæ‘³þ¨e>òø;m§>iw—€Ü‚b½jwTm¹pž_Ë®+õ?AØØZ¹¥Û_¨JŽ»o³ØæûG}€àê“Ö™Ô+[]¯ êhƒaÓ`v¦?HdÏár¥Xâ÷¨?°Ìƒ]··"v«‡8—›Aˆ€ÊT«r»£@Ð}ónY]Å}š•(U?G?Ô(†‡< áíûêÌ¹ÎÉ V¦6hóWgÖá—Àå<?T‹¹ž/>>ßy7$ GQ¤/~¨Ëˆù]W~ð”¦Oi
H•E9¾ùuC5Tò´p"âq~ÛŽÆuSšònçÕIEN`¨»³³«³³k`˜ìììr7l·¨˜?š•Ù^Ð×Ö~Û‰ò‘…Ñƒ^&'XƒvS”¢Rân=ëaãà]ÂhNX@ÿð•‰—*Ÿ¡[?`)•ˆ<œÖ ‹ÌÜ]ï?»âŠ’õ92±àíCÓê,Sšyr9áÈº?QH$9™ÖþY<©ÀD²mïñuÑQw†!öûPÛ4D¿?eÈ?ñXØ?Ü~®sVRR^ïïòD |k¨OS¿­?)K0å€LYˆÉÙY¢|€-T©e‰$:ë¹½VºÇåšŠ@ôÖÀM™MW¼þe±¬PWfmn¨ôûx‰ÎdŸpû?Œg†DÐ”Ø4}· ÌºF2×ž5Ú¶‹;Ï~Ó)k°lžjISbÓ¸ÜÑT $Â1Pšk·uüøM?ÄV^Öhipw^¼îÝ^i¤²_aª·sLYW®À)ó‚´Ø 7¤½
Wz<œR[QÛ¼÷Èkÿr¤q±³obý#Ö”…Z¯{bam‰orlÛWhfóÖmÑP¬`Á)ó“Þ…´>AÐŸ1Q;âö¨žÛ³§Ê”ülÁ¦êÚráÊ-&çÒF¿/µ"—W˜3ç´ëjnÈOÆæ¬±n‡´{Ä¼3ì*©6'G
ò
µˆ°ŠõÍ«‘o:Ü2n”-Ê_éŽO{çÓÚÞ7=ežôõÉ+ÔbÚ7ŸVÞ¼wÙLûÒ:ªüìädž4õ40…ÅaóÞøFû#u–Ìi6›ƒÆœ•‡PyÝ?se-­¥½Á /Z?.
UFx¼›†fÙŒ{Ðgm>Ød1zƒAõÃ·‰ÐÐ•‹®üÝÇfU*Y÷´wm?09~+§\»:îÍÏtž¿´XýÚÁ?;ÈUÕXŒ›Sƒ7c?uEã?3<d–Ã¯6Lw_øöüåžEm©àgº†ÖÍ?Ô‰X3¼éü·©oý3K(02Ë¬ýÙFOøÁJÈ“cMqB—öÊ—yÐ"ùºå:UâáÏbò„†?gfmïÃÝ‡.à”(Šb.ã})„<"Vmª?ßõFf&¦
ŠõéÙ†‰Èø?¾;y–ÝYb\a¾<èŸK‹°CÞ¹H‘²àéõŸàuÉ¶]Ç?7f¿É +V·ëøï-KgÞï½wÿã¿N~Õ+˜ME?”í~­Êwþý“'[Ožj?ï:Ò¤c¥±Îý±õÝ÷:¦ 1·hÎþç»ZÔYZ§Î?<ýùé/oDµ•k…›-ÊÛg[O}øþûWÛÓb#u~vòÔßNÿítëåpËör¤¦=Ç«}—[ßý õÔÉ÷O_wG£€¦áÐ¡½õ½ÖZ¿€&kZ“ºfû¶ÀÂ¶ÚŠL7ÞiG*>ïä‡­­ï¶^òFã 1ZíÞ ÆšœVWÖ›ŠÙŒÏôL®äÑK|”O½‚ÞÑç?úÆ­Ú»Ï–ì¯Y:O{‡;’ºMPNôŒÎwØ³¸rr"á%vC¦æ:¾ý»6×L€û'Ûœ£[ù?áŒ6ßqÍµúûõzxE¦:?ÇÙ¹R™àÀ?»B™J?æå³3s^>‚¿ßµ•,á­Î+Ëæ»:RÕKð“]]C+ï©ÌvÃH‡s|åƒBh²oØ·Ò?V”W—º:¾íöÚ¬eÜê¾6ðNg¿oe_yß°ënÊRŒ?Mñ«m"¬Ûh‡« ¦r-»ÄãìšHî/?×½/n«4r÷¨g´Ú–:¯¯l—ŸèìðdošPgç@êÒPØÝÙ=­­7­d±úJK¤÷»+«×C6àÝmŸ|Õ68Œ¦þT„àô?k½3&«Q
È•xSQJ"âqøV‹5[Ø.ç?ÙT»DÆ‡=?£/¥P`Æ»?Ü—ˆûfÆ¯8»DÈýÓ·m|ÕžZ5ø•£&µk¬¾ºFÚÕÖžlm!äéèÒÙ­©–â}½ßŸ»¥Þ¿Ó$Yû /$®ØÖäp¬½ªµ€¶Êáh*Û2(,ƒûŠs<™Áöü?Ç~{t¯]/Mvµ©›m™rfX]ü%œ×E]L$B„¹; úßˆf·’LœÏ3ë^¯D¤­&lí*¢ÎÝsÁÅ,D˜Å9QW7ðuQ)t>¦cb%Ø˜©!Ñ\àâÕ:tºD«?!üœh`êžêÄ&jË12(êš`"<37.º|?”¤LÔæ¡«_´˜ü
xfÄÃX¼+êr%oÀ`î¸D]wéÙËäaÈõÅS·?£!]‰ní¢Y"2Õ×7Ó5V(ãcËÉW–ýî¡÷<²’ÊâÐ@¯;¸ ÎÜ7oÇJËuOñâÛ3š¼"18ŽüÉq$‹ÆÅk3?æ¨íGß¶Çc‚(-­(Ï´ïõ¿î‰?h<þv£?üwÞþWßÞ/¬,_+Zfjyµ®%ÃÊíÏ2có‘?5c}±¬¦ñÈŸ?Äb‚xu¡XÓpü­†˜³"Ž¬•7¿üÎ;ëév­.QVì=^±Ë1ä¤5¾Ä´ï?¿®þO³ýÍw¶?L»‘_Wû)WêŸ¬\®Õ•zãHÚxƒÜ´ïÅXGûg­í?ç¡¸b›¥¥Ø\þÖ•3‚9ª<„â†7>ç•Ó:^9¡ê¾á¼2„<}mã¡–ÑSßÜ¿F¬ÆqôPwÛ¥/Úy‘”]æY¥µ©ÅJÛÁø¯~Ôê”Ê!äWÝm»”¡mãÇwßŸú¤K%«n²ÖfM«O³ÕÂYƒãw;?—Ï?qr9,Ï•ïv´ÌÿàN¾'³|ÎŸÎþ÷%Håˆ9å¶æ–ÕOJÊl¶Îsã–}kÃì¬¶ñÈK=mN÷ò\Š³ÅFÇóe 5mo=÷Í™>”½ô¯-F?ãðîö+Î8Ù6gK«Ž®Í_í<×7«GÏ}x5Ì!ÂçZw¾ØœœC5k}X½ãÅgÛ×Þääà%úýÍõßdk$Óþz¾í“Óó,"!è›^8dMqP™ê¤íj»9ãø7WÖü’ÐÝÝþEûRª«–“SZ·û»? ³<¿ú»³§{¹?³6ZJRbX?ãèËÝ—/?é\ÀJK-ûÇ½›Ró®C3ß}þápA>+p¦Æ•+ûE“"CÃKÀÍ¯?¹™¶Ô’zªt~íK¿.]úê¿Su®:¶oušQÿ­N¿ÿ¥OÓÃ0ÕžÍ?©¾7Fj|î°j¢§íâ´?_”'¢O¸Ðñ\ËEÖÓ·¦.~b\Ô1ÂœLýÅä+pÀ×lePÎË|ì]· $ãÃŒ×­Æ(©HÜç™Çòø¡?ÌMóc¸\ØíEãÞB?ÖÈâû›DýÌƒŒ”E$?mÅ‰?@òag‡™K?‰xDÄ¹hªy¤ÜÇ¼òøk¹¢7siùêÄÞæ§>Jy‰Š&ýÌWDªÊ@Ä?ÞYÆhKä3S¸) ©äQ¶B~­8]©Î}Ã§Ý¦N;È£¾ñÙ0ål›J[Uå8h-B3žYÈJÊ
ˆµ5öêþç?q"NW]W]ðôî<˜Ï¾¾ð¸Ê
{ºG`µŸÙ¹v~ÎÇ*“g+zšÞV%žXnÃÄ”ÉåØâ©„»í­]Êß«½ç-ib<ŽÛ<t ð<¸û?}m‹«=ì§„¨ÀfÛñ•Öz€ÍFyln^?çëZ@àyä¬[-2òíGcå|Ñ"½G•²Õ'!ð›¡…³ìÓ†M#9ÚÇ×ØÃ¿k¾ßÏÈÜ&÷hÉÌ}D÷Ûëô&}O¤Î›e;$ïA`x!Á=;9øë0?1ñ?1«Àðñ—)7Zàˆ÷6Ñƒ
ˆ¾îDÓñ’GÌ¸ˆƒ?¹æS¢ËK÷±yr±˜ ‹Ÿ~ÿäqÖ@fl|†c2óÁ¿zà‡8òô0,'ÉÔ¹×Ój#î¶¹fÉlaÑítºµ–Ò­ÆÄ™b K'óaW{ØOe?’…<à¶ÙŒÍËnl?{w³V)[}˜­ÆÙ6ÍßvÔÚ¶0=Ëem“{´äƒu·èAöú!<‘:o–í?¼öYŠ|¢˜…ä-?qfn„éäQ¶ñ
äÖ°™c,÷xbƒ¹!QïJv¢ÌÀ ÔÝ£gc‹2Ç3€ÝH±yzñ³<»ÉEOKO &ÿÿIõfCw÷•Ï&C‘e 7·Ü¶>/…<b©Jö´~NBÏ¢­>C–ü/ÛÓlÒ_?Â„ÅÇ\ëd¦–@š‹?MñÇÐá~2ŠJS.æÂ0³hŠpÌö÷:ß_Bc¥Ø€<æä"B~A~ÉE„B!?/ê!B!„BR(< „B!„¤Px@!„BI¡ð€B!„’Bá!„B!$…ÂB!„BH
…„B!„?
!„B!)B!„BR(< „B!„¤Px@!„BI¡ð€B!„’Bá!„B!$…ÂB!„BH
…„B!„?
!„B!)B!„BR(< „B!„¤Px@!„BI¡ð€B!„’Bá!„B!$…ÂB!„BH
…„B!„?”ÿ?´OrpKIEND®B`‚' height='200' width='200'/><br>]]>
    </system-out>
  </testcase> <!-- runScenario -->
  <testcase classname="Runner.TestRunner" name="runScenario" time="35.263">
    <system-out>
      <![CDATA[<br><img src='data:image/png;base64,‰PNG

IHDR
1K«Í/sRGB®Îé
ˆIDATxœí×1À0À°¬ü9g?9´‡„À¯¿Ý€™s;x…=b€Ø öˆ=b€Ø öˆ=b€Ø öˆ=b€Ø öˆ=b€Ø öˆ=b€Ø öˆ=b€Ø öˆ=b€Ø öˆ=b€Ø öˆ=b€Ø öˆ=b€Ø öˆ=b€Ø öˆ=b€Ø öˆ=b€Ø öˆ=b€Ø öˆ=b€Ø öˆ=b€Ø öˆ=b€Ø öˆ=b€Ø öˆ=b€Ø öˆ=b€Ø öˆ=b€Ø öˆ=b€Ø öˆ=b€Ø öˆ=b€Ø öˆ=b€Ø öˆ=b€Ø öˆ=b€Ø öˆ=b€Ø öˆ=b€Ø öˆ=b€Ø öˆ=b€Ø öˆ=b€Ø öˆ=b€Ø öˆ=b€Ø öˆ=b€Ø öˆ=b€Ø öˆ=b€Ø öˆ=b€Ø öˆ=b€Ø öˆ=b€Ø öˆ=b€Ø öˆ=b€Ø öˆ=b€Ø öˆ=b€Ø öˆ=b€Ø öˆ=b€Ø öˆ=b€Ø öˆ=b€Ø öˆ=b€Ø öˆ=b€Ø öˆ=b€Ø öˆ=b€Ø öˆ=b€Ø öˆ=b€Ø öˆ=b€Ø öˆ=b€Ø öˆ=b€Ø öˆ=b€Ø öˆ=b€Ø öˆ=b€Ø öˆ=b€Ø öˆ=b€Ø öˆ=b€Ø öˆ=b€Ø öˆ=b€Ø öˆ=b€Ø öˆ=b€Ø öˆ=b€Ø öˆ=b€Ø öˆ=b€Ø öˆ=b€Ø öˆ=b€Ø öˆ=b€Ø öˆ=b€Ø öˆ=b€Ø öˆ=b€Ø öˆ=b€Ø öˆ=b€Ø öˆ=b€Ø öˆ=b€Ø öˆ=b€Ø öˆ=b€Ø öˆ=b€Ø öˆ=b€Ø öˆ=b€Ø öˆ=b€Ø öˆ=b€Ø öˆ=b€Ø öˆ=b€Ø öˆ=b€Ø öˆ=b€Ø öˆ=b€Ø öˆ=b€Ø öˆ=b€Ø öˆ=b€Ø öˆ=b€Ø öˆ=b€Ø öˆ=b€Ø öˆ=b€Ø öˆ=b€Ø öˆ=b€Ø öˆ=b€Ø öˆ=b€Ø öˆ=b€Ø öˆ=b€Ø öˆ=b€Ø öˆ=b€Ø öˆ=b€Ø öˆ=b€Ø öˆ=b€Ø öˆ=b€Ø öˆ=b€Ø öˆ=b€Ø öˆ=b€Ø öˆ=b€Ø öˆ=b€Ø öˆ=b€Ø öˆ=b€Ø öˆ=b€Ø öˆ=b€Ø öˆ=b€Ø öˆ=b€Ø öˆ=b€Ø öˆ=b€Ø öˆ=b€Ø öˆ=b€Ø öˆ=b€Ø öˆ=b€Ø öˆ=b€Ø öˆ=b€Ø öˆ=b€Ø öˆ=b€Ø öˆ=b€Ø öˆ=b€Ø öˆ=b€Ø öˆ=b€Ø öˆ=b€Ø öˆ=b€Ø öˆ=b€Ø ?#¯_˜>™(IEND®B`‚' height='200' width='200'/><br>]]>
    </system-out>
  </testcase> <!-- runScenario -->
  <testcase classname="Runner.TestRunner" name="runScenario" time="18.221">
    <error message="element click intercepted: Element &lt;span class=&quot;nav-link-text&quot;&gt;...&lt;/span&gt; is not clickable at point (83, 153). Other element would receive the click: &lt;div class=&quot;position-fixed top-0 start-0 w-100 h-100 d-flex justify-content-center align-items-center&quot; style=&quot; background-color: rgba(108, 117, 125, 0.5);z-index: 1049; display:none;&quot;&gt;...&lt;/div&gt;
  (Session info: chrome=128.0.6613.114)
Build info: version: &#039;4.19.1&#039;, revision: &#039;abe0ee07dc&#039;
System info: os.name: &#039;Windows 10&#039;, os.arch: &#039;amd64&#039;, os.version: &#039;10.0&#039;, java.version: &#039;16.0.1&#039;
Driver info: org.openqa.selenium.chrome.ChromeDriver
Command: [e25d2dbf74e76243492f1a1a284e1dcf, clickElement {id=f.43908B82C354D9C0E4DEC21B1D1F61C9.d.35617F4469233074FCC0A42D56670897.e.102}]
Capabilities {acceptInsecureCerts: false, browserName: chrome, browserVersion: 128.0.6613.114, chrome: {chromedriverVersion: 128.0.6613.119 (6e439cfca4d..., userDataDir: C:\Users\Rajesh\AppData\Loc...}, fedcm:accounts: true, goog:chromeOptions: {debuggerAddress: localhost:65097}, networkConnectionEnabled: false, pageLoadStrategy: normal, platformName: windows, proxy: Proxy(), se:cdp: ws://localhost:65097/devtoo..., se:cdpVersion: 128.0.6613.114, setWindowRect: true, strictFileInteractability: false, timeouts: {implicit: 0, pageLoad: 300000, script: 30000}, unhandledPromptBehavior: dismiss and notify, webauthn:extension:credBlob: true, webauthn:extension:largeBlob: true, webauthn:extension:minPinLength: true, webauthn:extension:prf: true, webauthn:virtualAuthenticators: true}
Element: [[ChromeDriver: chrome on windows (e25d2dbf74e76243492f1a1a284e1dcf)] -&gt; xpath: //span[text()=&#039;Client&#039;]]
Session ID: e25d2dbf74e76243492f1a1a284e1dcf" type="org.openqa.selenium.ElementClickInterceptedException">
      <![CDATA[org.openqa.selenium.ElementClickInterceptedException: element click intercepted: Element <span class="nav-link-text">...</span> is not clickable at point (83, 153). Other element would receive the click: <div class="position-fixed top-0 start-0 w-100 h-100 d-flex justify-content-center align-items-center" style=" background-color: rgba(108, 117, 125, 0.5);z-index: 1049; display:none;">...</div>
  (Session info: chrome=128.0.6613.114)
Build info: version: '4.19.1', revision: 'abe0ee07dc'
System info: os.name: 'Windows 10', os.arch: 'amd64', os.version: '10.0', java.version: '16.0.1'
Driver info: org.openqa.selenium.chrome.ChromeDriver
Command: [e25d2dbf74e76243492f1a1a284e1dcf, clickElement {id=f.43908B82C354D9C0E4DEC21B1D1F61C9.d.35617F4469233074FCC0A42D56670897.e.102}]
Capabilities {acceptInsecureCerts: false, browserName: chrome, browserVersion: 128.0.6613.114, chrome: {chromedriverVersion: 128.0.6613.119 (6e439cfca4d..., userDataDir: C:\Users\Rajesh\AppData\Loc...}, fedcm:accounts: true, goog:chromeOptions: {debuggerAddress: localhost:65097}, networkConnectionEnabled: false, pageLoadStrategy: normal, platformName: windows, proxy: Proxy(), se:cdp: ws://localhost:65097/devtoo..., se:cdpVersion: 128.0.6613.114, setWindowRect: true, strictFileInteractability: false, timeouts: {implicit: 0, pageLoad: 300000, script: 30000}, unhandledPromptBehavior: dismiss and notify, webauthn:extension:credBlob: true, webauthn:extension:largeBlob: true, webauthn:extension:minPinLength: true, webauthn:extension:prf: true, webauthn:virtualAuthenticators: true}
Element: [[ChromeDriver: chrome on windows (e25d2dbf74e76243492f1a1a284e1dcf)] -> xpath: //span[text()='Client']]
Session ID: e25d2dbf74e76243492f1a1a284e1dcf
at java.base/jdk.internal.reflect.NativeConstructorAccessorImpl.newInstance0(Native Method)
at java.base/jdk.internal.reflect.NativeConstructorAccessorImpl.newInstance(NativeConstructorAccessorImpl.java:78)
at java.base/jdk.internal.reflect.DelegatingConstructorAccessorImpl.newInstance(DelegatingConstructorAccessorImpl.java:45)
at java.base/java.lang.reflect.Constructor.newInstanceWithCaller(Constructor.java:499)
at java.base/java.lang.reflect.Constructor.newInstance(Constructor.java:480)
at org.openqa.selenium.remote.ErrorCodec.decode(ErrorCodec.java:167)
at org.openqa.selenium.remote.codec.w3c.W3CHttpResponseCodec.decode(W3CHttpResponseCodec.java:138)
at org.openqa.selenium.remote.codec.w3c.W3CHttpResponseCodec.decode(W3CHttpResponseCodec.java:50)
at org.openqa.selenium.remote.HttpCommandExecutor.execute(HttpCommandExecutor.java:190)
at org.openqa.selenium.remote.service.DriverCommandExecutor.invokeExecute(DriverCommandExecutor.java:216)
at org.openqa.selenium.remote.service.DriverCommandExecutor.execute(DriverCommandExecutor.java:174)
at org.openqa.selenium.remote.RemoteWebDriver.execute(RemoteWebDriver.java:518)
at org.openqa.selenium.remote.RemoteWebElement.execute(RemoteWebElement.java:223)
at org.openqa.selenium.remote.RemoteWebElement.click(RemoteWebElement.java:76)
at crmp.org.pages.ProjectPulseLoginPage.waitForElementToBeVisibleAndInteract(ProjectPulseLoginPage.java:169)
at crmp.org.pages.ProjectPulseLoginPage.selectCleint(ProjectPulseLoginPage.java:97)
at stepDefinitions.StepDef.I_select_Client(StepDef.java:242)
at ?.Select clinet and enter field values(file:///C:/Users/Rajesh/git/TestNGFramework/src/test/resources/features/ProjectPulse/client.feature:20)
]]>
    </error>
    <system-out>
      <![CDATA[<br><img src='data:image/png;base64,‰PNG

IHDR
1K«Í/sRGB®Îé IDATxœìÝéS\ç½/úß{ž i?1H`ca[‘+Žg¨äï³SuÞœ{ëþm÷Å­ÔÞIíìØIœØVlÙ²e!?Å !@Ì-šž§Õ½Æû¢Ô@B Ð÷WÌZ½Ö³žd=ß~&æ“Ï¾ 8w®¿9|Ø[ØS8{ ñ* ñ* ñàÕòç?ÿy¯—^!ål°WB@<xUT§‚šñà•°;ì>ÃŸ`}àÔüö·¿=ðÄ€?Š%¥(+%YQTUÕtÃÐ‰ˆaXžc?7‰‚YÌ¢pÚÕ<~ˆª¦åò¥¼TÒ4?È0ˆˆ!†aâÊhš¡éJIQÓ9‰eÈf19mVž;?#öH×?t®?+”""bY†¨ü¥A´ùeCc0†®é¼”“d‡Õì²[X†©YòÙrrñàÛo¿16¿fˆ"†H×u–eÝnOkK«Ýa+
÷ÇÆ*ßWƒˆ!ƒˆ1vü<ˆêîêôO¬òpŽå¥R*[Ðu}W»ó`º®ç¤¢$+n›Åj_LOÎÉÅƒµµ5ÃØvÆátö÷ö¶´¶n?QUmmu­žÒZÂ¡ã¯"‘®?¡’®“¡c1,±,1<±çmÀ}*[ÈŠDÄ0Ã²¬¦iåv¿ªª™LZE§ÃaÄq,Ã0Ã²ªªð/°¼a†Aºn$sYÕÜvËi¿¡çrrñÀíölÆƒã¸@ 000ÀTuÁÈ²,—d·Û]ÚÊ7ÔÈpâyœpš?ôiÊö“›ÿ24Ò4"…H"N ÖDÌypOç¤¢\}FÓ4†aJ¥ÒÒò’ªiOžx½^«Õêp8ÇqÅb1ˆ‚ išapdCDCD…¢¬†×a=½7TÃØØX=—?h<hii)Á0l{[«h2•u]_][Ëgs’$q×ZÕ™°‹Õö"+ðŠÑŠ¤Éu\W¾X!M!N$Îübkõ‚%ÒùbIaÆx6ÊÅ`Y&—ÏGÖÖR¹lQ–ãé” T>›v:?Á@@Õ4Ÿ×kµX5MåØò¬eƒˆ!†Š²’Ì</YB¨ßÉÅƒ©ÉÝ †e>úÅG[Ù`bbâÑ£GG(Íj~Ýéòw^=†NªD†vè5™t?xËíFHeR©F"*Ér.—[Z^ÞˆÅ2ˆ!U–eE6[,Ãdr¹|AJ§Ò¡ÆÆžžUU9‘#"2ˆa*?-RIaÉu6G?\<PTÍ0hphÐj­d©/>ÿ"Û b2†éìì‚ßÞþ–9hFˆA¤ëú‰Ôà\34R
[CˆŽt{ž+1Ü1Wì+å‚$o®˜C†aˆ&Q–e–eY–?~ø0•Íè±œ¨ë:'†®•ŠEÃ N0[Ì|,‘ðy½étÚåriºÆ1,Ë°ÑV5_”ž;‹3•O.ôtw‹&Ó¥žžòáÂâ¢×çõù}š®w^èp¹]DT,{Êl­"µµÈQõLƒœNç¡k`hùl4º^(UŽy›Óãõ;lÜX‚JÎÅ2%"29}Ž}+t)•ÈkDÄÚ¼^ËyXÎC®l°Y
)lg¨A7ŒLNª>#Š¢®éDD­=]{ºþ´P”ˆeY!†á?%CUU"Vg”R‘C›ŸŸ7£¿¯?ç8Ã0Ê3j"c³A—ÉÍ&áÌ­vzrñ žH”§;ÑúúúüÜy=ž?þ~Q¬´ 5MK&“†qðïhSCà0×²+?ÇçÒÒÎ.‡§Ddñ6^ºÔæ7¦¼å#÷$ˆ¨eÈwißx Ç—î?–ˆÈÝuÅ>“=PpV©Òsgƒ2ƒT‰„ãŸ*I’Årü¤l¾¨Wv<«ü_©T""Žç4M[ZZ*É%ƒÒ5Òu†eX–8†XÖ`XÒMW5–a‹ÅâüÜ\G{»Ãá(Ë”ÿ·ƒ²…’ËvÆ¦gœà¶h†áñxÊ]wîÜÑuÝn·÷öõmeƒò4å††“ÙL†‘H&ŸF"›ƒˆ¶í}`)ŠRó!µh‰™±ÑU•ˆˆX“Ãæw™X"5—Nd•’FRâéýï²ýo„ÎØÏà9hÅ£Ì7Ø‹¡‘V<Æ™Ê3?çfffË_[¬––pswWç±”¬jz^*m+ÚÂ²¬ªª±ØÊÊ
Ë±Œ®š"²ä0™Ü«Õb±ÙlEYN¤2ñt6_”Y³…ˆòùüf<0ˆaX–­*Ô?JŠÝ"rì™éW9ÑxÐ?p¹¼Œi6›mhh`¦`ÀdÚö¡=Ïóf³™ˆ:‰YÉås??.G±jK½“Áõäü?«*±®¦‘Ë­Žm¢r&òpry?sºN)˜Cý7t""KµÀI1ô:×)*>ú™{>8øRM&V|þ!F’$}ûÝRA*§I’
iffvyeõÚ[WŸ¿3¡ •4UÓË»TË©ªÂB>ŸÓ4]‘ƒHd™v¯³µÁ'r¬Ûé`YVÕ£)ø`fîI,]RNf'&xÜn§Ý¡ëZyÑ³F+Ãl&„ã¦òb?\<°Z*ð¥¥¥l.Ç2¬Å¼«In?QãQðˆž‘‘‘ñññx<þlê?AªZgï?‹$""[ïÀŽl@DŒè]yË—Í±§¶N*Ëñì›Êgž^ªã¢ò•‡éaÐKÄ=oó}l|B*HÝÝ«»Ê?ß~÷Ãû7Þ}ÎòEyw×±ÇqË°D$‚¢ª¤ë·Ó!ð.»•ç–e‹‰-ò…OÖGM³®ëšª©ŠblêRÆd0T”UÄƒ=0LyøÐÔÔ”aè]]=Ì®‰%¹ôùç_8ìö¾þ>¿ß/Š"Ë²D488855uïÞ=]×Ê¹:/´Ô÷Ôb©<íÄéõî5€1mx5h{~ÒZœùœ5;ÄÖ‘ò!ëV¿ª¬Oké5s÷û{û|ñ`ee-OìÈDT>œ™™]YY‡CG._V4U«±&Ã2,Ãº.‹º®ÃdX,V«Í®éŠNdc0ËÄ0^ŸOM²AŒAŠ"Ë²lÃ2†aìnßjº®¨šÀŸ™?ƒO.ˆ‚Pž||éR/Ç±mmm»¯1›L.\ ¢htc=ºa1›{zº9Ž#¢¾¾>?Ç‰DÊÉÌérîñŠZoò5Œb*²´‹¦%I!"bÁhêîhÚÙù`”«KO–S©¢®Ç;<þöŽP£mûuJfm~i~#/)D,kqú.õ^ð›7uÒ‹·¦ãDÔØûúE•Ö&'ç³DŽæ‘þ [š^ˆ%²ªNÄŠ–†¶öKÍN¾ú·NÎ=?¬®Fr)IÕ©2¹"ÔÞyñ˜§ZÀ9¢ï7
ƒ5;J‹w8W3çj&"1üúÖKZzµ8óùžÙ`«pöèC¦ã‰µÔ
-áPyˆÑóÅµ2`e;–2¨$—r™Œ®é†¡³šæõ{Ò³RAUŸÇm¬19© ‹V·ÇMfx^0ŒòŠFSé-xÆ`*O‘j+Æb“(2Ãó5Í°lCC0›ÍÊ²Ì0Œ¦ªSSÓN§£œ%šššDAX‹Dˆ¨î§›§ŒJRdjÙµå …µî.§¶']QkKß­ÇûGª¦/—6¦îÍ¯«®ÓÔlìéƒØÓÕž¡áÍØ¬çÖF,'¶
Ôu)µqÿûÂ¥‘?–ò5º\N!j%ÇêZQ‘$"¡¸þøþÌŠ²ouYŠ<žNº®u{y""-63>¾ªlÏ¿z)›}ò`ìiKÏµ‹î³4NŒ¡îó¢Ø:Â˜œ«YËEå¥»Zr‰ˆ8O«ØúkvØGþcÚw}yC%:z<ˆÅDTs‚?Åb±XŸwä’\þÄ˜!Ã0¶F1Ã†À°n§‹gYMVxM8ìŠ*ËªÂ3\&+9œž¹…%yg°Án·­Fã¢(z=Ÿß·µjQõ˜¥òDƒ¨fÅKë·ESd“ÉÄ²ìÜüœ®ëR±82ruÇ5ÅbÑåt555
…d2y÷îÝòÊEËËË×¯_'"?×ûhf&‰¸6—ÇWÏs]ÍMî•å”N©ÙŸ/ZZ?—Ûfáknw`±ºXÊ˜mí­aŸÍÌ3dhùÔÊÔ?OSZ~z>ÞØçc‰ÈÈÌŒÎ¯–ˆˆu´t\nsÛV/æÑ•‡OŠ~·‰6‡ó­Î.³f×¥¡M–HI-ÌŒ¯”t=?ó$Þ\.j/™§3¬£åâå6§‰H•6f&–×KTZ]Z{Û¬DÄ9¢ÎjîÆæÎ–€Û"°érîéì£ÉuUZ^Xµ?ÕÍ¼àE:h{Y¡¡WËE¥ñ?rŽÓÅw‰H]$?ÿÑ2ø1gî/é:=ßå>Ÿw¯—¬KA’özµª¦³«ó€!]72X–u:?ÏÛÁo5;Lb±˜9VS•‚ª1D&?—uU“åÆ`pu=ÎqlCCƒÙd"†v+*gƒÊCÏŽ“‹š¦•WŒ
5…‰x<Óu?ÝÞÀ²,Ã2,ËÚív»Ýî÷ûo}}KU•L&³²²‡Y–èH¥R5;j3‡^{]¿Ih¤+Rd~)R>Ïñ?»9jv[Ø­Ÿ&ãîy½[¬Š¼gó´õµÅ¿}¢è©ù¼DÅÕ…Å‘»kàêæf¬Ùîo½t½IQÚŠdò¾vµË[©¬àïêïÍß›LÒVQû¨.œBWú‹7ïm(TŠ&KmV‰?=?õÕ•eE{¨§5±>©º`ãà³å¥»œ£Árå–…†>éÇ?ÉKw-}¿zþÂO‘V?ªôd<Ç:œ»Ý‘MÄÍ^—E›\?¬¡fÒC'M–š~ƒtÞá¦‚Îó¼Óéljldbö^¯‰!F?–½%NÊÉ?ÙÚ© ób§ßðù|²¼s9-žçùª?Y‹åÆÏnøüþ@ °‰¨ªJDN—³%Üb>ÌšV¼£uø?×¯]nió[L[Åkj6{8öã—ß=\Î>‹t¼X£;Ìbµé%Y!"ic]""ÝÍ»ª!ÕÁÅÝön2‚×g""Ò¥üþ°ÞÎ…;]å´ž)l†fF¨QYÎb³å‹u¯H¯¦vsµøèÅé¿É+÷ˆHK.ñ=Õ¯ò=å?FòÊ½âôßÊžÖ_x?¤‚dÝ{‘Õj‘
ÏÕ{°m9ÓêóD:ºa°ë°;8Ž3[-CR¾ å
ÅbÉlµr_ÈÒ‰i†¡éŠ,û}>»Ã±O6Ø,ü,åƒ“ë=˜žš¾þŽŸa‡ÃÝX×T-›Í¾ûî»‚ð¬…«ª*Ë²Õ{!ð<áÂ…Û·oÏÅ‹‰(H‰ê[´‰lþP·?ÔMDš’ÏgÒÉØêr*¥?^L?¼7Mo´<[gÕÐ9ŸÏ•¶æÊùAU4"AÊgˆˆÈëp´I¶Ã¶ë÷»ò¤ð{b·Yw¾ù«§ïåº¦ó©ÂÖ#¹ü‡FÑöVð²YYY#"ŸwÏå9ñxbŸHûÓ6§°,»-(0ËrŒaX­Ö‘7Gî~o<~2Ï_håå¢À²jH±¤¬3^¯7ŸÍŸnD$¥««ËëõšDS¹ÉV)‹©õ¯3åäâA.—K&“^¯×d2]¹2811!ËòÄÄDoo¯ys–awÛ
.—«P(D"‘r<ðx=ñ?èÑ«Â6§Ïæô…ÚŒüòäw³y]ÏÏ,%Zº½DZveöÁ|*_Ï1ž;å¹¿¥øÌäürú ñƒÕŒ«þïØûŒó´ªë?„†¾­3êú#ÎÓºc-£=
?¢ò²E>Ÿg¯Ê‹­¬®9°,£Õ\Ø”ˆÙœ«ÌóÂå¡+·s±’¡YíÖ?ÕU·Ë
…¬VkA*è,k¶˜½Vg¸£›ã9EQžzg¨œv~Æ{¦bÂÉÅƒæææD"áõz‰¨¥¥…a˜x<NDs³s¡P“Çë%"^¨]Ÿžžžõõõò%AA°ÏîŒ­¥½curV"=[,±ë?î<ÎêDocG›Ïk3U*”˜ÿr*µóîÓGfdfFgKDœ¥¹£©ÙëÞ\OUZ›žÍ?fÕà¥Æ°dðQ¨Øú†4þGéÇ?•‡©ë?´ìºeðãº
?I’–—W}>ï>û"[,ŸÏ‹'$I:ÚöÉËjšÎ0ÌV×Aù³i–ˆ1ˆ%2ˆXž³¹œ#×¯-=žNKYoÀ­åäÆºáq»<n†×³r¡¥«“Ò4?F7t†a·²ÁC‹xPËÚÚšAÄ0Lgg'…ÃáèÓõõ?(1´´¼¤išÛåòùü­m­&ÓÎ¦¿ «««QKK‹×ëe¦P?ê[¸¨n±TZ_ÍêDdizm°µzeyÛ&Í‹?(GK§Éç:ÖZBzc¹DDÔtér_°úw._*œV?à,`YÚw-£”a³eðcyéniö«rg‚eðc†å•È„Ð4p@áG26>QþbüÇ‰ý¯”
Ò‘·Oæy®¼õA•r“ž!2"ƒ!MS‰%—Ç{åµ×ŸLŒ+ÙŒÙd6™Lv›Íl6å•â…p›!ˆE]·X,Šª–×H5hÏÁD§>âäPN.¬G×uƒÖ£ÑÆÆF›ÍFD¯¿1üðáÃoo[T¿‹=ž?m7×¼ýéúzyåÓòa©X¬yÙné¹Mí};vÛ¤&#ËåiÆ.»¸5À²# (±?|Õ¡Åß`šÉ•HÙXŽ¶¹‚Û×îª±£ö‹a”Çñ¢yûóÒ‰§lû`x¢=wFSÖ§‹3Ÿ[¯üOÎÕ¼c?"%2Qœ½ihò~ã‹˜£4/ãñD<žØü¢Þ[Ž0ÄHä¹­ÏQ¦2ÈÊ0?†atC72›Mª¦†ÁsMãSé¢Ý,š,Ö¢ªJ‰$±¬È›
ªÆ°‚¬(Ã–·X®~Jù°<¦È0öpåò•ò`œÙ¹¹Á+WÊ'/]ºÔÓÓ³¼¼¼±±¡ëíî: "Žã¯nwe³d·§¾ß-¾¼"­ëÓëó–¦¶@ÈçušEžgÈÐÔ’”Š®<|’.ï^p©ÅID6Q†(±¾Z¶U¦ùåGÓÉm¥ÚB-ÍK³«
E¦ðlï¥ÊÅ†œ‰<œLù‡ûŽ¾•_ý,67%R¤®­Å;¾JøQâ'7öÛ€ˆö\ÿGK¯™»ß/o™\^§hk¾?Ð4`h²–Z¡}âÁ‘¶Löù¼¿ùõ/Žpãa™j­QÉ”Û÷±ÇsœZ6Â‹òÓõ¸`°%YÎfR&Ž\nÃ›ÖV#?ŽK,'›{0»B5?;3[&Ÿh<?¥<´KÓÔÑÑÑ¦¦¦P(Tþn¶¶¶¶¶¶êºžÍfk®5?F5Me¦t]×ôúv—`í?Í–õeI×¤ÈüRd~©Ö5¦¶¡žF‘ˆÈÛÚâŽ,§tiæû»‹ngÐª¥bù¬Ì¶„ÝË+Usx_÷åtfl#«—–Œ-³¬ÅÄ©%¥¼ƒq!*…l5žsÌÌM?áÈèŠªDfÿ[öB!Ë(šÃßbŠ-g^|àìâÒj¢hî~¿úPÏn[F¿¾_6àŽ¾_òn[ýÏ³TÑ&?ç9VÛ1ƒ”y6{X×t†e†Éd2?§§–ÕÍã²\V?3FÏ—Š³+ë‚¯I°9D“‰eYÝÐ?ÊÉ5Ú±Ë<âA-«+ËÕ?ˆ'Ož444ttt47W²)Ë²Ã”77ØajjJUÕP(Äq\yˆQ±Îó“ÿâ•÷[sOW—ÖòYyÛ°V0y››»ÃÛÖo²9tõ-Sy9 R*µœ"â,mƒ=ÝÌÒòÊ¶‚yWÇ[oyçæg×]×%I'"V°4u¶w7Zh×4æ€ñv½e™}0ŸÊ+¥ØZ‰ˆ,Á–áOj<v?€3Œ5ív]y˜¦-{l[²Æã‰Ûßý`±Z¬K<žxÿgïm.òn6‹)[(=›?Lq§éš,Ëª¢d2Ùx<¦iZ¡PhimŸ}p?%‹IàŽ14­T2’ÉôÆFŒ/Mf“ÝfD?)ÏAf¶%„r‚I8ÎÈt˜O>ûâdžtëë¯v¯ôcèºÙlq8ÍÍa—ËY(†Ùñ³Ÿ˜˜H$DÔßßïóùˆhiiÉ$
?M‡®„a<‹,Ïs{ÏÐ5UÓ‰X^8è?ÄV™ûøº¢êDÄüYØ§J+’¶s?ÚçÂ‰Ä™ë¸®^3?çfff‰¨¥¥yðÊ¾ó¡CÕôõD¦œÃÐ45•J¤‚ª(†a(ŠÂqœª©¹l–gØp°af|Ô¬åºÚ8–dÕˆåÔé¥µ¦Îž¦¶©Àó‚¦kv›M4™,f³ÕjÕ4?ÈàX®¼W•ßiãŽ:]ûù]s˜ˆÆÆÆê¹xhhèD{ˆak¬éÄ²Šª$‰x,¦CÌÕ‘«Õ¯'“ÉT*Å²¬Õb)gÃ0–—zº/©_g€c9¾Î¬\™/
Ã
rg&];p…Óz1Üñf"êîêl‡Ž«Ó`Ï±6³˜“ŠŠ¢rÇ0Läi„cY^L&QÕTE‘ýþ€"+Q4ÆlP³±D®h5‹%E/Ê*ÇÑ??pÇEEQŠÅÏóy¦ ËJ<k7[Ìf2]×‰ÈbN1ÍÉÅƒHd­æÖ;l}º/ËòÚÚÚ?ï¿'†á8îç?ÿùf9‘µÈZKø$fÿœg¼…”|Í-Ò‰!þ˜ñeÇžÊœ6K®PdYV–eE•KÅ’ ¢h*‹š¦Åâñ`CC8N%’ÉTÚlw55¯ëJ‰ˆxÎ$‚¦Å??|>çõx©d±(é†^¤"Ç²ù\^ày“É¤k:Ù?g«®urñ àê†ÎcPõòŸÏ¾(¿$Ër&“Ñu}jrªX*AŽã®\¹âr¹ÊááÉ“'~¿ÿý®¼B–+)…çKÖ#ï†v*X–q;¬ëñ¤ ðÅ¢Ä0L¡P°Z­ù\Þï÷§Sé\6çv{ˆÈ`†²²¦)%›ÅâtÚÌ‚ÉÄñöÆ¦H$r©·×n³3Äd<?<õüª¦$‰eY?l&?eÎÒ†he'Â-ÍÃDdT¦m0Û÷?.÷-$Éòäñ†ÆƒHàø–Öv³Sfyy¹¡¡?ˆ¬VÄ€çÆp$ØH•Ž8Êˆáˆ·œ­lPf·šeÅ‘/–$IÒuÝd2IRAÓtYVÌfóÓõu›ÍN,k0o±”Æds¦‹EVc^ƒaXMUb¥RÉn·iš–J§{Q’TE-J’Íf3‹¼ÅtÆ&%—?\<ÿñPÁÔáp¾ûî»¢(neƒo¾ùæéÓ§åBLÃÃv§û…Uà•Á°$ØŽ2Sù¸ç"Ÿ0¯Ë®jZ©Tb†ã8›ÍfµÚ’ÉËr…BA–e"–çy³Åárå×Ÿf¤¢¹ y<nYÒL&s*•M&QY†±ÙíEI*•Jf³IWd»ÙuÚïïˆNpjrÍvyï½÷œN'Ã0<Ï3UÝ17oÞŒÅž­×¹ÏÆphœ™X‘ôR]žr±¦³Øi°CÐëŠØ¬ñ8#Ë2Ë:EQ\?*N§Åb6¯,¯x<³Ù¬ªª(
Ë˜ÍæR©”ÏçœNÇñf“9‹544Z­VA‹’Ä‚,Ë<Ç†§ýÎŽî$µr»Ý<¿­V¥Ri||Ül6‡Ãá­“vÛl<ð*aXâ,ÄYHWÈPI×ÉÐ7ç?2Ä°Ä²ÄðGÛù¥5Ø‰!Z^‹¹\¶T*©ŠÊr\<÷ûý<Ï«Šêq{Lf“"+š¦
R&“µ;ì¢(*ŠBDº®™L&UUó¹\[8Ôs¡í´ßÓs9¹x?N§Ë<íOUUžç5MËfsR¡°º¶º±±ÁìšÕ!ËÇºL/la"?ÎÒV¿ÏåJÿ%¿Ï»°¼j2™óù¼Õj5‰¦R©¤i1¤éšÉdbYÖbµ”ä’¢ª²,kªf¶˜uÝÈf3Á†KIÖ5­½¹ñâ…öÓ~7ÏëäâÁ‡~XÿÅÇ¹Ý.·ÛÕ:üÞg‡j|ÞÅ•ÕY³…eXŽcyŽ?F£Á@?a*ÃŠX–µÛí%YVUU–K¢Éär¹2™l lð{ý]í‚ãö_˜óðž“ ð/´5ý³ó‰TFUµL&Ój./““ËåA?ãyUUuÝÐ4Íãvù<®–ïùeçç?<'»Í6t¹Ÿˆ’©ôÓè†¢jv»³T*ñ<Ï2,1†Íl±XÍv«Õëq9íçp6,âÀN·Ëã>«‹“>?3¿Ä¨@<€
Ä¨@<€
Ä¨@<€
Ä¨@<€
Ä¨@<€
~m=yÚu€—jðœvNÚÚz2às?v-^:\ˆP?xˆP?xˆP?xˆP?xˆP?xˆP?xˆP?xˆP?xˆP?xˆP?x/W<ÈŠ±äi×àÅŸvˆˆ6bÉ‰›][ IDATéùïONÏ-,®‘Ífioõ÷vœvÕ^!§&§ç'§çú{;Ë‡?€w ·#º‘œœž#"$€sÊñàË¯G767Þ}#à÷”ÏØ¬æ€ßð{ÚÛB7¿¾›/H#Ãýu”½÷ÇñÌðOßk«Ï—~øË]ñÝ?ƒuÜ>»uÄÁ–Cmná0o&:þ‡[ôÞŽgž|þ·HÛG×.ZST?^háðê9Íx?/wdƒj6«yd¸ÿË¯îýžö¶P=F'¦£ÍƒÁ­÷d$M¦t:(lºxýƒ×ƒDºªäcSw'?ûgê½Ÿ•Î²Óœš<9=g³Yjfƒ²rÂäÃù:(yo6½u˜Ÿ8¯—[÷º.ËŠþìJ]‘U¯UËŽÆÁ÷^ë¡è½…lå¤¡+ÙD$’ÈTß¥fã‘§Ñ´¤Õ÷ëÅt,²‘.n;Iz>ÙH·?S/¥£‘XªT}V×ÛOª"«dèÅt,š×‰ˆ9µñ4žUëü¶ÔéÔzò…âÂâÚ?‡.´…Ê“•ëÑ6Ð™Ÿ_é|-,©ÑGéò%Ï½q"b“?¾ý²téã7Y"RŸÞùô¡åú{ƒ¾½Ëb¼.˜EbÅ.‡9ÿäóÏç‹o“]?ÜÉx†ß¹•èø_¿ËÛœ\aæ+©ùÃŸu:‰ˆòSßÞÒ—˜ˆFôæ÷?êó©‹÷nÍr·û&iêyçÚe/KF~éûîÄÅpHHýp_küp0(èÑ{}°bu6yùä÷•‹Ã¿îóÒÆäŸnå}~)#—®ééÍÏg“nX˜ùA1i‡ø–à”çÞg6bÉ;£“[‡ùB±|rŸN†g,-ƒÝ‹7%ÂÞÌìÌJ[ßoË÷ˆˆÈ×²ÿcqñrãW—l¡?öÉDDÄ<é¤‘­íÆo.°,QÑûýŸçW‹á–è|ÔÖí­N]}ÖQ {zÞô©«ßýyj1Öç³Q‰¯}tÑFD©©¯>›ZîºÞ&FfîÄ=?ùp°I XýîÓ©©–à 78ôË¯—ŸžúÓ­µhŸ7HD$;{~ú~O$/};›l¾ü›áF?HY½ÿ_1éßn€}?þÊEÕ‚»2€Íj¶µ…¬VK?%8;/?}8n‹ÍØ^ÿ¥—’Ë•í=ÁÅGKÙ]¦Èr&Øõšó ¢Š’L,qDD$¥—–³ÒI#Þ×è¼óãè×™`S ØòÚ˜òMž¦rêà‘ˆ*±ÁÖ²•¿rû]ô0•¡6Úˆé?—›ÊCŸ·ß¥,&óäµi¹èür,£©yÒÌ›uñ„+3*2±
¿ÕX¹Ïãöâ›SŽ…‚d³n5‚©½-Tç,ä=Í—ÿú¯){ß[om›U,¶uøGï/ÇøGéæ«?÷.‚ˆˆŒØÊ¢âìö›‰”•ûgGÞí¿h"íéäì<‘­ýÍÿ–RÉDliê¯Üï~0°÷hUÙš&`qqœ@²¦oNþÐt"†¥ÔÃ¿~‘¸ðÞk—íåæ£‹¥­"¸Jü`9ždUÙö³€óáÔZ™6«Ùf³D7Ø#yrzþË¯GWrGÿpûÅ«;Î³¡‹—M«ß|³FÝ->¦Æ?²,+²¬Èr>½:~sü|½ÝADš¬ê6§Ï.
"›Ü¨L}Î§
gqš/^¹’òeŸ•Ï?U"Cz2e›ý~"_(h^[yœÕ‰H‰/>IÙÚ-¤¨2gó{,‚(Ê‰D¦FQÞp«°2÷$c‘Ÿ_?ê[°¯Óì=¨¬[ðì5¯`#–œœž»ñî‡+—q]tÕzÁÑÖå¥Ë­;“CÙÒ?-k²4\èÿuocyÈ?¹¥³wqü¯Ÿ®Zx¾£ÙEY"’2¿[’D³ ó¥Á«¢lÍR‰ÈÖf[ÿìÓIYÕ5gË?òôhoßû¯?Þüâó«“páÍ«­D–#M£ßü÷M‹‰÷´8jNŽð]è¹5þ·?-°&!ÔærSþpß€½1Ÿ|öÅ)>~rz~aimd¸wBØˆ%¿üênoç1nœpóÙúE‡¥ëÄîº¯æÉ½î×ÙZì:kè:±l­þ?#=jX[O|53$Àùqã'W‰hll¬ž‹‡††NîAoG¾ }ùÕÝ@À;ÐÛQž‚¼±‘x²ÙØHÞcÌTZžš§®wŽ”ˆj7ÇÑF¯‘jŸeê(Ù^€Ó_¹hd¸ÿB[èÎèä—_ÝÝ:ÙÞØc7å£šÞúe“pÐœd€WÖéÇƒòîÈ¿þÅõòeÕË–G6ØÇKÊ^H$€ºa;T @âT @âT @âT @âT @âT @âT @âTð§]"¢Ééù…¥µ_ÿâ:-,®íx5ðÚ¬æSªÀ+ä”ãÁ'¿eµZ667Þ}£œîŒNî¸&ðÞxgø ’¢÷þ8>»uÄ±ÎP÷;o´Ø˜:*Qxòùßf=×?x=XoµuEÖ8Q@×œ,EUK%EQ4]×uÃ8íêœÇq‚À™L‚À¿¬¿h§ü&ß{ç?›_ß½ñî¿‡ˆÚÛB6›eÇ5å—êqq«‰_J<¸=úù´ó·}®ƒoƒ—ß¶ˆu\¸)?ÿÍ·‹-×Þï´ÕÀsÊå%]7lV“ÝÆ1!œ†UÓR©Ä(ö]-Õóç”ã?Íj.?)ÚRØ?ÉÛÑb›^Nä{¢¢sK¹Ôºnor‰D¤—Ò±„"z½nKDÄ[ü>›÷j&+r.¿ÓÂnu>¨ÙøFžì~ŸƒÕå’¢“¦–Y }pÒ™¼Å,šLB9 œƒŽãœk©¤¤3y—óœ@üRt‘¼ˆ¹Å‚L6Ñ"-~ù·eòëÉkiëûµÓ²ôýwâb8$¤~¸¯µ~8(6ö—YçG×.Z‰òOnÞ\æB^›:ÿMÂù“Ÿ5>ñÝ—s%OÈ/¦'“þööèêœDÚìÄg‹äé¹z­íü‡H8]¹¼d1‹¢( œÃ Qˆ¡\^:ß}çfîQtnâ^„ˆH+$£lÏµ&–‰Jºö¿.ÚˆH_»'îùÉ‡ƒMÑÀêwŸNMµ½[dÝž5Ýx«™'¢Ž©¯¾[È~Ôùa†½ü‹÷{lDDŠ¢C?Ö›ß.¶cpœEUuÝØê7€Sd…bQQTõÏC8Ws*x[C{c×ë^·‰¥YÂM•v|l#¦7^n*?#Ü~—²˜ÌÓV<?b+?ž>¼#"¢›±HÅ?dÆÝÞÆÁÉ*•›Õ„lð20²YÍR±„xð¢ïÜƒ`ç@­Õ‡Xns
Ç$kúævšNÄT5÷9^$Þ¡û¢½râ2ËÓÚ"I¥"z
àT(Šf·q§]¨à8VQ´Ó®ÅtÊŸ…/,®}ùõh¾P$¢?Xraqm÷?åW?…/4¯­<ÎêD¤ÄŸ¤lm?U?bC[£ôx)A‚(ˆ¢`äò%VhhlR£ó™ˆÈ?R™ÈætS2‘RˆŸéÂ¦ë:SÏú¼pR4í<ÇƒSî=˜|8ŸÏK[[èÎèd>/í¾¦þ¹óö½ÿÚèÍ/>À°:Þ¼zÑZý²ØzõµôíñÿúÓ$gÒ5²u?¼á´¼u=ÿå7ÿúƒJÄ±¾KoÜpŠÁ®‹þÏ§þôÇ)j»üûáÆã©@-ºa`dÀKå|ÿÍÌ|òÙ§øø?X2Ÿ—ÚÛBD”/…ZñàX–:ÝN×u–Ýì9QW¿ûó¢¿¼rQ™¡ëÆ³×·î¡§vŸ?3bm=ðb«‹S´OŸ•ª¼"ÎÐßÎ7~r•ˆÆÆÆê¹xhhèô{~ÏVëßf5aÓ£Ùjûg–&¦æÖWü—«»–Ý=œcw@6€óåÜÎ¹®“èò·´ù]'”K^b¯z<0»›N»/?€
Ä¨@<€
Ä¨@<€
Ä¨@<€
Ä¨@<€
Ä¨@<€
Ä¨@<€
Ä¨àO»¯C“å¢”NT"í>§U9æPEdï?ŽmYÃ—{ÄPSxe½,ñ _(NNÏmÄ’DÔÞêïí8íœKù™þ÷­•ò×ÂÀ¯þÇH?;ø¦Òâ¿þãöœR>èúÍÿ=|±•<‡¤èã“3KEyç+œ»µm` ¿3`ÛÌÕ?#¢?ÿÏÕ%­??žØ:
;ûzàø¼ñ _(~ò·¯·–Ö‚OÀï9bqª¬¼ `ÜÀþ”‰öüªßuÐ§×ñ™û›ÙOZÿú›Ñ5m?—µÔÒü­¥ùÛÞŽ÷>¶žpåvz)âÁÆF¢ú0Ÿ—&¦ço¼3|ØrŠëSßÜ]?—ˆˆˆ7µöwº„èønÑ{‰¢cÿ¸™ºøë÷.ØS¬®È'"nÀ9´15¶ØñÓvË~×ß-ž\•Î™ìÃüyl¹Žp¥%æo?îø÷AÿáÊ×4õÈu;¢í?ááÿýó®}?àŒy)âA¾°³ña³š[Hqé‡¿ÜÍ‡GÞºÑì`I/f"S“‘L‡ËWuM°{ø?¼é?“åç¿ùv±åÚû?‡Êg‚6w÷Ñ@Û?oÏyåÇ±å“­ÓùQZüW?lÀ¹ýæÊˆ.©Ïoõ*8:êÉÎžßm!Ò
±õ¬B„–9³—"žÉémglÖÃþ?—xô eïy+ì ""Öìj~ýÚ®«D»_ä·ºôR:–ÐÌ·³|N•âNMÅ²èºD"]—KŠNšZRd?xô!À¹“{xo®ëƒ‹{¤ßÄÔ?‡{?Š?ýÉ+÷ïl”%Øºß|{¤Ó/V‡±Rråñ?£ã‘xCW»£žb-®?ÅED
{•^’xð{ú{;'§ç*‡ï¡§&Ò±’©-äÚÿªèÄ¿nÒàï‡‚DjtüÛoŽ6/›ÿñ¾ÖõÖ{¶èÄ¿n¦œM%M
ñ¥ZçðoôÉ›S³i³Ÿ-’§çêµ6|VçÍò÷?®´¿®ñƒüÌ½‡©Ó¨Òy??Û–¬|#¿úé€g×"C&Oxà§áÎ•™„ÿq€—ÁKˆ¨¿·£½-´±‘°Ù,G™”¬*
ñBÝïF_{ðÕFã‡ïw;¢¾Õo??Yi}M$¢¼£ïW}>†ôàýÿ¸»¸üá°åæ·‹-Ã\ç–²xgº+|yçÈmõÇÛ+{ÜRÍÐ¤ÌúòòJdm=•.Æó‚Ïew7wôöt·Ïµ•£¬æ7?üÝ¯µ9´|döÇéÇëk±¢,¾¦P÷¥+½¡Ü´llqmq}u-š.ÆÓZy”ŽÛßÑÝÛví±¶§œYy29S.ÜlöC½ýÝA[?jì¸±”\YxX¹‘8·ßé«õvö_˜ŒVß|³F6Øbw7×Y°}ô`¹°yäënuî¼¤¾Êög±y½–¨ŽŒ©…±û±º?:ß¼¬^ŠxPž{Pž œÏKåþ„ÃÁ©JÝsôb1ÝPg,/¨H¼T”I$¢fy6+°¤aL¼*R£÷g:?è®n>±‰;‹ý?ÓOÆ¾ý~>²cö?¢ÄcÉxltn|¬ýíŸÿ´Ç³µxª–Y?o]º(ÿðÉèB±êÆ¥ÅÛK+3ƒïþæµ†­»¤§?Þ¹óh.±£:Z*–OÅ,<œòõ¿ýáaËöZ|ì¯{ÝÞS,Æ—æo-ÍOt½ýv`[5Zªµ†?üò³»ÉªHµT,™*¿?ë¿øÙÅ]Íñ2ÑÅêqE}õÜU%µüxüÙ²§ámñà0•?ìÏbÇõ¹øô^ßI8›N?lÄ’_~uwÇI›Ír¸Ý¬.¿ivq-Ýë<`|QÇänìëÝlô²œ@±ƒî8gZÂ¾å•rÛ.~ûÇ•Î·Â[-ryqr,]ùÚÝÑd™?DjÀ¢‹;³Á6ÚÂíZì¿{»¹æç·þ®dkÜ®ÅÇoO´ý?AoåXM¯ìÊÛ¯Ÿ¼õ¹ýW¿é­j(§'ÿúß£µ®N=¾}+"ìQ”ýô/{½%máÖßÿA¿ÚsªÆ#—­þŠ?è3pÇqxžÊ×û³€sï”ãAÍlPîC˜œž³YÍím¡úJòö].Þºÿ­påõ^3£æ3«S÷òïõùlv7Eâ
Vµ|¡ ùëµÅKÍ=–=ŸÌrÞ½r…Íé¦d"¥tÚƒèpû›¼Ô\¯³ÿMiïNt‡+­@m}ìn¤ÒÚF.û§çk¥âš.v9¦f‰DWCgW¸Åkãˆ¨››Z¨¤mzl~ ùR­••lŽÈìììl°óZny±*gVcƒÞÊx'Gû¥öÛwˆ8›³½½­¥Ùc!"-¿<16±^¹%zo2ÒývS%ßäg~xP?Ä@ÓP_—ÏTL-=}˜Ìæj/5ª­Žþu«y-Ø®]¿Üê±p$§çG¿¸3?&"mùû»‹-?mÛ¿¹/åÓÕ‡NûÌ+x¾Ê×ñ³à->¿?ˆ
é¼´õýß³‘]{….8KN9<Y\ÛçÕÉ‡óuÇ‚ƒþdê›»£'ÚÜ÷ÀÉÙ/…–¿ûç?t¾·uµ·ïý×îýåç8–Jdo¹xÍ½g·C°ë¢ÿó©?ýqŠÚ.ÿ~¸±þwð²cý#mcÿ("*ŽÞ{Üýó.Qzft"W¹¤åÍ+aÓÚô^%øÚÌîK]A{õîË¡&¿ø—ÿ«4Ð7–7¤KŽZd®eèãŸ]r”S÷P‡û?ÿ9ºùÜìzRºì¯Üd
wgº[{Â®m¥4…,ÚÿwkºÜTUVÖÔ "¢ôÂtÕ¬®säß®w”‡5…::ÛGÿò·Çµ¦\gfÆ¶ÆSq½ïýbd³ÓCtu¼ý3)þ§Q"R"2m=‡,d5ï=íà°ln7Q?9!Ï[ùƒí××¾kßƒ†+bß€óåô{öy5Ÿ—ò…bý{ ˜úÞÿuªbðU+?ÚZßz¯U×‰e‰>øý³³¯}ÔJ¤ªÄW¾Î¡g¯Rpð÷o]zá½ß^ Jç
×|åíðb¥µ·26¶Úö¶?2v/SyÙuéõNIûàé~£ÖL!‡'H´ùù}*™«¹@¿04´Ù%"ÆßÔÉÑøf7•/<»I_ªU{?¯a«­¬%2,D$ÅÖªÆÈûÞî¨ž– 6öµ?¾¹°«´ôòÌÆæ×ö®îÐö&½«½»éA4BD]Y—zœ‡h§35¼Ø6ôóV¾þŸœs§Ú[CÑ}ÂöG#†vÚ«eÏ×ý@6€óÉÖýú¥‰•ò¦Úô?ÖðÂæjý\ïHßÞ;¦=£IÉx2_Oˆ¨”Y‰åˆ´lÕëšQó¾?Ï½íØápm6ìs»P3ñh2žˆe"5]ÏÈD…êA<†^þw6SÕ7`øv.7d„<´°ó¿<Z.S*6fÆF·7±µÄÖ[zšÉîß\¶Ø\DÏ¶““dù7¯Ÿ»ò‡üYÀùuÊñ ¿·£ÿtkÞ¾‘K??+/ÒŸ~<ºÙàæ:F†kO)®’?¿ýÕèôÆÑZ?¢ÈÕqÉë_ß]Vê}LukÖmÛ½)_+íËRîÙÁöyvª=s¡
ãr7mÍ×ˆ­­ú]u/ŠzÏ]ùºpÞ?þÊEpÚÄðk#?s··mñKÎ‘Á¶ÂAiñ_®Þ˜sûýMÍN‘ˆ(?Ô\8èÐŒØø'_Ž>ë%à,^g¨Éoç‰HKÌÍ/çvÞÁ™„g­à•–¤ÌÎ{hûÂv_o§wï·ï?¨+ÀæÙúÖÄ'æbÝ»v–8NÇYyx¥!‘©mèõÉ¹ïŸ5šÃÝ­,­Ì<ËöŽ_þv¤éY›týÎqÅƒØâØ³là{ûß>è}¶
R~&^#8þª?î"ñá ¯êe#¶ò¨ÆGè§—£x¥ß¡äí>ÇJe¾öþàèØÖw 5zëNÃ¯F‚{4Ú‹3É`ws­v»ªhD~²¼•ß—ÙjA%ÀKãé€ˆÈÕ=<°ÕìšF.7Ø$•¥ü³·Ç]ÝôM®×\õdIª*äõU¯?ªÆ¢µöu›ZÚŸ)£_Ý^ÙÚfØ?VîÜÝ•(ˆˆ¼Ý[+s*óãsùZQ6[ûüNŽŽ¡KÕßÂâÄ§ŸÞz´žÝ>@J“’+ãÿÿpûÖØâæì›»zÀJ,U{æÆ‹¬ü~8±úc¥T&‹yçz€ˆˆ¸†¡‘¶È?1"rt¿vÀºþDD$ZlD›í¯/,çººËCMNß{´÷à÷Ã-Žh³º¼½,oH+£÷gjÞcj¸¿0±ÙE?^üì+n¿™#ÒrùÔ^û†qáî+æéÑòËÚò­Oÿš¹ÖvY924YÎg×&¦ÍI]¿û·¡:fl‹á7Þˆ|9ñ¬ë£8sûË™ÛœÅk¶²D;*³ñx%}©×EDd²Ùˆ6Ûñ¹‡ÿúÖ<rÁÉgohpìÚŽ¹òûq¸}U³–ö¹6Òvp$e•@vM8ó Bl}ûw­‡¸ÞÒÔÞBñÊú<JüÖýçtS(H±…H^R8N íÀ)¼õð†{í?7÷a(N|ú_+¡`“¥YM¦Š{=…]X®nšk©ØÖçæ–ny¹Æçè¾Þ·f·îÒ"÷oÿçýÝW=ž‰\~;TÇL^¾aäƒáÜ_F¶MJäk-›ŸXˆõú‰ÈÕÐâ ‡[K¥?}ö˜ˆ|×ÿ?cïùÍÇ\ù½YZ:Û)¾µ0¬¼6kmžˆˆ<×›ÛzpÆap•µë­ë¾g-ME‰/-N/å%…¸Ž®¡†cz
×0ünWÕp-µ™žK¦ŠD®®¡î=îâF~}cdw;ØìþèoµU­˜,ì¼kø qUÑx¬Þ5ö®Ÿ}\«»ˆ¡K×»7ç.{û~:°{Mg¯{ÿµ?Ž½ò{1u\­þ¹?“Œ§1ÒàÌCï?ãâÿÛ5yûöÔ\b«]Èùº‡övCäó‡Çõ.8üñ¿ùïÜ¾3±ö¬õ)†ú>|ï
ý¸÷SÄ†?ÿ½7[\]LˆHp4´´7yD†¤ÙªËœŽíw~ô»ö•©Ñ»?v4v!ØÚ5tåRØu˜M?Å†?ÿ½;½8óãäƒ¥Œ´£¯C‚­?Ý=]ÝA[õ=Áá_üRøêóûIùOz•ßƒãâ¿·?Ýúúñr¾ú)\®˜':Ì~Òðòa>ùì‹Ó®ÀI[[O|­ËórØˆ§ÏDU5Y.dc9²û\NñÅ}ì ÊR>™*‰n·ÓràBýÆöå>Ÿ‘æoþ×³]“/]ÿ¿Þ
×.K“eµ˜?çd“Ýg·‰¦cØ@+Éš–O¥$²¹Üfóeš,eR)‰søñpßØPùš‘¥d*ÏÙ}N«(r/j¹$€—ËYùÛ™ˆnüä*???ÕsñÐÐzàxp¢èð…^ø´T^´¸êZ¶¿4ÿÅLrƒW†:Ã.Ë¶–qvæÖ×Ï;ƒ{6œ9QäD_è8?çL"GbÐê©ëj†­žz/Þù¤ã¯|Í‡XÄËÙø+ê‚xçPváá‚’§»·çî™Í>»+Øì¤äZ4^ŒW?‡q]8hó7€W
âœ?±ùUû"‹ñb1[ßy•à~·ï9Wù8g°rœ?þÁ_½;ÒéÜ§_@u|øÛ_úÐu°zà<²†Þ\×²‰õt2¶žUHÍ¥‹—?39üM?aŸý…LÕ8ëàüb8‡/äð…Â§]€³ƒ‹ ñ*^–ÁEùBqaq-K
üžþÞN›Õ|Úõx…¼ñ`rz~rz®úL>/mÄ’í­¡þÞŽÓ«À«åôãÁŽlÐÞZX\+'„Éé9›ÕÜÞ:¨Œè½?ŽÏî>í½øë¾Ì'·ò¯tí¢õØ+pÞœr<Øˆ%«³A àî/Çƒ²É‡ó?€÷ QFÁ×?þàu""ŠŽýã?ãÚû?¶Ê+†ôþÛy3V6€ÓdèºQFôRoÉyÊS“ŸT%?šòyiá kö%8}nODº.«º¡Ó±H"¯DTþ:«U—«Ùx$–*éÏñD€gÃPUMÓu"b†eOèÃ8J›öô{¼&Köý“ºEï}<¤ØØ_&ƒ,™l?}ãhî1Ç¢Œƒ¢±oùîQ~þûÏ³áF‹öp<î½üá`P8òsˆC×4?ˆ8–ãX†!†9¡Þƒ’|”»N9äóRõayÙ¢þÞÎ3•?IÉÒ~ãZ˜§üÜgŸÏ¿yãýæò×Ñˆtá¢:óõñê¯^DFËƒ<˜Ï{/ ðj0CÓtÌ‰-• IDAT†a?åØ³±£À)Çƒ@À»±‘Ø:Ìç¥Oþ~ë½wÞho}ò·¯Ë'?oyS‹ÏÃ1,G6ÿ³¯52¨¸‘Ìð™šˆ–kÂH6‰ñŽÈÐ4?ˆ9CÙàôãAÐï©Žå„póë»¿§úšczËíÝ“Ãñ,™½Îòqo7‡¡EpTºnDw–²ÁéOM®¹hiõtd›ÍRÇÂ¦Ç@hhlÊ?]L’ Š‚Èk¹œTÇ]5†Á2Ç?¥lpú½6«yd¸ÿÎèä^Œ}Zòá˜ZÞºžÿê»ýAcC'OóOÞòÚ°"*I9œÔ<äcÃ|òÙ§]ZX\›|8¿cš²ÍfîÛÈ¢ºéªÎðìYûAÂ¡¬­'>×i×¢.ñôY©*À+¢Î¿?UUcYÆ$žÚÇñ%Y}ÿ?7‰hll¬žë‡††N¿÷ ¬½-Tž£?%ó…by²AoÇéÔ†åÏXÀÿÏÞ?ÅqçyƒÿffeUTÅ!îC !dÝ–-[¾ÚmO{¦{»ûÙ™§ŸíØÙÝgâ‰Øˆ‰ØÝgã‰xŽ?Ø{Ä¾ØÛ±ÏìLÌÑ=ÝÓnÛm{äV·,Y‡%#ƒ‘DAAAAuWfî‹âH A‚ïÇŠpUVÿÊÊü“¿ÿIDD´I¶Ex?led.)HM7"""""ZÊ‰ˆˆˆˆhÃ"""""šÃð€ˆˆˆˆˆæ0< """"¢9ˆˆˆˆˆhÃ"""""šÃð€ˆˆˆˆ(ýTU‹Fcñx"9¥Z<žÐ4@4?Åâ)KÃ""""¢ô‹Æbî1ï”Ï`Âës?NÄbqEUÇ<ÞïtÊ’Áð€ˆˆˆˆ(ýñ„ÏçŸ†LMûÇ½¾x"¡©šo:0˜MY2¶Ë¬ÉD´–‰É™t'?ˆˆˆRJS5UU¡¥áÐˆ¶»—=ÝI ""¢En?o‹ö¬A‹Ç‘H,‘PE?Æb„„¢è!oÑÅð€ˆˆˆˆhMÃÄät<žðÍñÄàÐ˜N’üþÙL³)e©`x@DDDD”~zY—ã´ùAAœŽ,rœv‡Ýš²d0< """"J??NrØ³ì6«^¿Ø”HÓ´p8"Ël\DDDDD´›Äâ?g2¡(ù.§Å’!Š"EQÝ£²NgÉÌHM2¥_"ž˜ôÍLÏÌ†B‘ü|§3Û&ëtš¦!½?µDDDDD»Œ$IV‹Y„áaO8Íse§²YQRšÃƒÁî'®““ã0gS’""""¢´!Û‘åÊu¸G'<ã“¡pÄ•ãPT5•iHgxÐÚÖ½žðÀ[¯Ÿ|R„0Þþ›Î{K8*ß:]f~Æ$¥?$‰YÖL½,{&¦ÆÇ§Bî@ h2å¤,é¸srûkË/^¾µê
¥%¹N{k[÷ÄÄ”¹¤à‰;¬<ñêÁÜ-H(ÑAÒIÉÉ&“aOA®Édp?N$U'I)KFúûÜé¹Ÿ|‘<p'k&¼>sÆ3Ì¡%âqU’õ¢Pñ$Y‡DL‘ô2‚“ž°äpØââ&‰ÀäDtq¡–ˆÇ!ëÅÈÌ”/&Û?YFanE5:ã?
K™ÎlËü9ÔÔˆÊ§\v‹(<’""""¢µéõrnŽÃ —UU Šb¶#Ë —³¬™VKfÊ’‘æð`bbjáõáæºd¢§}ÂëÃÁ`¸»§ý{‹ÅbñØüQ'ëàûæËËþ’7N–™ãíèôU;S½wíËoE«³³â[ƒæªæWö9D xÿ«ówÅ=y&¥·sÒQ¶1Wžèþàj07/¡ÈYú©ñQµðÌëû²û¿:wO,É3)w»/šë¾×œ'ÆÇÛ?¿íu¸œºpûuuïé*Ù°‰ˆˆˆˆ6È7íŸñÏ.¼Õ4MÕ41…eÏé¯=H2›MK{”l(0HjýbháMyã÷äæ6¶¸òå…Nqo¨ïa~ãf  ¨:ß:SaÐ2ÝûéçwT¼Pë»r[ßòfÓÐŠnÿþöý@î^ˆÙ÷žnÌ#7~ûÍï¾ìœ™û}þòædC¦ýÐ¨;;ÇK¿^“ žÓöQÏXù¡<ñq‰%""""Z¤(j`6855óèG&£HÑÄÉÛ%<ÃÁPd!BZW—åVé{ ˜+?Ö{?»Ýi)ëhîÂ¸PÙEyædfsäcØ7ƒüYŸ_‡ÑoîŒ'Ó#„Íáäºöül€NÖÐX\{—o~Ûãt¸ò?YFL??¹Ãí?Ã?HH³á0Àú""""Z'YÖådÛW?þÌ’™ºçÊ4‡¥%æS²¢àÒ•[u5å†FƒÁp²7BYq~k[÷³">åU!ÎxGC~"ñÄÜ+MUI€¤a°”×–ÏÅeµÕ’L¬ºK1·þÔ÷j>ï”»·ã­ä?SY’¶ÂŠú¼¹^#õ‚.ÕCÔÑóLE“Ñ ëVé…¬—S÷ÐžÎðÀl6C‘\§=ù6¯ˆr?ö`(òLÇ\¾á+9úâÞ@Ç¹Ë?ÖW“5Á?ÁÑòÆ|="CÃ$ç;dk^~Gÿ_ùA—P#SÓ1»c?0-6=¥Ø–ì|K¶)<ôE0ˆ²=%òÅA÷¾¢
«¨ÁI?²múgJ9í&±xü¡Ûã?œEA’¤¥ýòóœy¹Ù©IF:Ãƒdƒ¥½“WXè~PºŽQMÜ»úûÅ©•o3}{ùö;˜«Gnó©ÀÕË×ûÏžÌ?]dzxñÂ?„W{?Û£tEGN/ßøâWŠ(k*ì…Ç?¬¨aï·?˜PMF1?«©9@]Ëá[mç?¸/Ä¸"74Ùmzö= """¢uÀìl(‰Z-f‡Ý*ëådˆ ëR÷Ð.|zþó”ìQ^ßãWÈÈ0mö”ÉÁ{—¾|PtìL…ª
ñ‘gx5¡
ºõôWUU\¹¹ª& êlwn?/';+Ý©X—‰É™—=Ý© ""¢Eë|?H$Qúõ>Ùk"ÑèÔÔÌÄät,·dfdgÛ¬³N’DQ|ŠÁ‹¢±Ä™“/øúë¯×³þ?Òß÷ Ç™ÖçžGc`ýO÷?ÄDq»tö&"""¢ç‰ Àd4äç9³¬™S>ÿ´öáÈx–ÕœïrflrqùãìÂ‡YsùñK$v """¢mGÅÌÌ?N—P”¡á±h4f·Yl-Qf¯""""ÚŽEñBÞÉéÙ`(Û‘e·YRìÒð€ˆˆˆˆh»Ñ4mv64îõMNÎ(Šb³YœÙ¶Œ4$ŠnµO·Ã""""¢ô‹Æâ#c†Æbñ¸Åœ‰ÄÆ<“É?\¹Ù¹9)ê²Ëð€ˆˆˆˆ(ýÀd4æ¹²AKF*6<jÑÓcx@DDD´-ÜÄ}¦Pµt'å¹%
pXPîB}iº“²qz½\?çtå:4UK$ZrDSARÖ²ˆáQúÂø¼^ºÓñüS5xýðúqßƒ—`1¥;A!‚$IáHtÊ73;Ö4Í`?³¬»Í¢“Rp"""¢4cl°é¼~|Þ•îDlÜô´¿àáðCÏŒv6ž˜œîxøÐ=?ÅS–Ö¥ÓíAÆ[ÂëÇíÁç©•Q,w{¼Á`¸ ?Çj1K’?ÆF=ÞÑ1orº´Ô$ƒµDDDDétß“îì\Ï×¹Ã?@Ðn·–åç8í»5Ï•]VR(ŠâŒVÓRÔ%…áQ:MÒ?‚?ëù:·±xBQTƒ^^èˆ,BF†Q¯—Š’²þêˆˆˆˆÒ‰ãm?çëÜ?z?N
Gz¨ª£Ñ˜^Ö-èt+±ïQú™3LYÖÌñ‰©û­³ ÑX|||J»Íš²©¥ŸN'å¹²c±øäÔŒwrZÓ4ÐËòž‚\»Íšºd¤ìHDDDDD´–x<‘H$rsìÎl[(QUU–uYÖL«ÅÌiÑˆˆˆˆˆv—h,î™˜²dš‹÷¸TUÓ ‰‚ Š©î*Ìð€ˆˆˆˆ(ý4U?Fãz9¦(jr‰ªiªªEQwM×äÖ¶îÁî…·¥%æSiI?9Ã˜Öt¥”¢(ãSŠ¢¬Xžã´;³m©ICúÃƒÁn³Ù”ã´'_†Â—®Ü:}ò#""""Ú=4M‹Dc?ÙÐŠåYÖÌ”¥!ýáÁª‚AFDDDD´»H’”ë´ï)t­Xn2R–†í”•$k‚¡ÈáæºäÛ?oÿM'N¼z0÷YS2þõï/MW¾uºÌü¬{"""""ÚQÌf“ÃžºaLµ-Âƒ`0|ñò­äë‰‰©O?»’|]ZRp¸¹.Å‰É­n>4˜R|T"""¢-?iD¾wÝëX•ÒMÒI‹Ùdšk;£iZ"¡h€N’RÖ/y»„ÌfS0~Ö½$bqèd)1í?Šé¹Yzhj<ž?dýÂ‰Uã1EÒË" %ü>of—Ý2÷©>Ó©×Í? ¥©ÿ”/&Û³³Œâ’%Šaq}"""¢íê'1yúð  vHô`ÐÈ@i$ãà´ÜwÐ·™ißuz9Ãd„¦%EÅ)Ÿß31¥ªjN¶=Û‘•²©¶Qx`6›NŸ<4øÀÝÝÓÿ,û¿óÅ¥ik~T‘såÉ¡ÛJEów÷g>lýâk[óíw@ôÁåOÇJÞzaÏì7¯Žª¹N[Ü{m:óÀ™*Í¿óÅ%4~ÿ@.‚Ã_^îuël%6õf«²ïô±Jýxûç·½—Sn¿®î=ýB%[ Ñö–ùT9-{p¶¶%O¤Eˆùñåmôçàd5ô´zp€ù <Cx??›± †ýO»‹çŸ¢¨3þ€$I99Žp8úpÄ3íŸ•uR8E!9?O
l£ð ®¦<
CÏ\{ hÙ÷æ¾ljnÇ¯o¹Ç÷ï/)w¶uŒMÖ9²ø‡†½Å•§?»WF¤ºcg+Íü½W?ë.9V4¿õaO¯'·þ?æ<@<—Õ‡·:ÇK¿^“ žÓöQÏXù¡¼TÏTADDD´Å,¥x·
zŒO#‡d„+&3,+ÇÔÂ˜ž€À3q_ªÍ˜vc¸ûYþ|Ã3þ ÃnÕI¢×?˜¹r¶,ËÀ·oÚ¿Ãƒ?¡Ñýµåuµ^ß³61*tf Ê"€˜_TÕÑqw´&;j /Qu$O<ô›öäÏ•ÿ[|3åÃBx05>‚=Gòää;Y'Ã;>ä·w@"!Í†Ãëˆˆˆh‡i.„@—:Ð¿d 9_?ºö}¼?ÅÜ™bñ„¢(’$‚˜‰¢˜íÈ²eYFÇ¼±xBÕ4QHEÓöm˜3ŒÉ¨ #c3z ¬ 8ËªMŸÝ®ÇÔÝ¬²ïd1?Éyè -mÑ%J:£1@¿t‰­°¢>onµzA'or*‰ˆˆˆÒ-à~¸$6BÛªa@¾_…Œ8Z¯à8]?"ô?Àä.ÜAØw‡ù0nD©’%‚ozÑjÄ÷«?!€-ÿÒñ7_¥êËn'ƒ¬ÓI¡Pxz&õzÙœaRT5¤¬Óë6
&¼¾²’‚?î‰‰©­Ø¿µ¬²ø›Þ?øžÆF#½«$¯÷ëûc•?y2Â÷Çå’F'à?[Ý±§D¾pØ_TaŸž‰Ù{Jä‹ƒî}EVPƒ“~dÛôO8*QªäÛñæ¡U–ÿW¯.¾ž?àòŒúÖÞ‹&&¬ï¨"$ÉÔ3‡Pj@lýXìÈÍÇYïII‚ÅKÓA2`2b_9Z‡Cg‚I‚G D6ú½ws†Én³ŽOLõ|;?Åósý”o&‘H˜LÖ”Û(<X:¼é–ÐåU•÷Vå'ûè‹[šf®v~ðÛnª”SòR]îÒŽÙu-Gn¶?ÿà¾
ˆç‘M{êZßj;ÿÁ}É Æ¹¸¡ÉnÓ³ïí(ÉÖ
ž¢-‡¥¥ €oÌuExûeäæ ba?Z¿ÂíP?Y)õ£øx'?¡ÚŒÀ$ÞßÅ}dYW?Ÿ#ŠÂìl8Ûaså:$I!ÇiOåLéêj+Æ½«°™-÷à÷æââÜ¯~qqã÷¿·¸Rvýéï×/ÙHvÖ¿t¦^SU,&»¸¹`.>|ª¸eé§æâ–SÅ-ªš€¨c\@DDDÛË¨õûeK’õ+>A
 é`ÛxJ3@ÑãìÑ¹%zÓ€X·“–P€ÕùœPUM§“œÙ6[–E'I‚ C“É˜™™¡—S×¤};„å©žùlA|Ü“þ*ŸŠbúOÑÖE 6 »è}Ö?EÃˆ>Û F»G,s?Nø|‹c»
‚`0èssìG–˜ª`ŠÏ¹DDDD´DÃØ,È.Äéi\›[œ]„“9¸ÐŽ€
ðhÌÉ(H1œ¿±X2êYùQÒî®MA§“dýbE?ª¨¾iÿl0$bŽó)ªsžÃ""""Z¦µÙ‡Q £¢¥5D‘‘?d‡Ëæ,\F`/²%ì;Žìúg7t÷Ã??Þ=·Šˆl;2Bø»›O8¢;ˆj3,9xïb¾¹‰gš%÷ù¤×Ëy9®Üì…%ªªNNÍº}Ó3)Ø€žˆˆˆˆ–á\+úýP4H2l™Ð‹@ÃÐ6m£P}Š²–÷`á\7ÜèÍ(ÍG…6?0,O:`ÿ]6;r³?»•_nÛA–uFƒ~á_†É˜ë´›3Œ±XBUµÔ$ƒµDDDD;ÖånÌ>ÝlR!\ú
²s`Ó!<÷’9†»ñ7(Í‚„Û?¿[:êÎM(Í"œ€æö-Ü^ºÿË·
áÂ—€f„gà~ª$ï<š¦E¢±x"a2R6ñÃ"""¢ëî3?hON`rÕB­úÁ:>]‹ýþu¬¶C%Š?ŒD¢É·?'&§fâñ„ÕbÞ?óm×‹»ÇrÇfEcãÌ”’5×¬Ë?Z:”î´m‰x<á?œžòÍuæÐMÕùyÎììu<`x@D´^ÓaÓ¯;ëFýOl@K[BÑÄQ¿eÔoéËýãÆn›ééZKm_:?d·YôKF.’DÑd2X,fƒ~7Í{@Dô\`l°MŒú-¿î¬ûé‘[éNÑ&“e?Ñh?e?9Ã$é$‰Æb±¸(
².EÏí¬'"z²ëƒÅŒ¶?Q¿åú`qºSAD´ÉetÌ;>áÓ4MQAB†G}¾ÔÍ,Çð€ˆèÉºÇvç {Û"Úyfƒá)ßL"¡HKæ‡Óé¤@ 4=“º.Ûˆˆžl<`Nwhþ"D´óD£±xBÑëu’´øˆž‘a”e],žPµÍ{Àð€ˆèÉ8NÑvÃ_„ˆv?N!O(ªº°0ŽÆbqIS5í»&m™f“ÙlšòùÝ£V‹YÅh,þpÄ“H(Î{@DDDD´«èõú|—spÈ=08"Ë:A%¡(y¹ÙÙŽ¬”%ƒáQú²³³DIôz}ÁPDUÕL³Þ–eÉÉ±›Œ†”%ƒáQšé$ed”æBážÂÈdºÓDDDé “$§#+Ëš™ˆ'4M%Q/ËK{*§"©<-%K(ÎEU>ŽìE})fB0Èpd"G×Zï¢ã>C"¢ÝE½¬ÓËi{JOx0áõ=~…Œ“9Ã˜ªä¥‚(ÀaÁKõx©e.˜?E1êC$†¬¸lxåŽÖb`ºp¡“¤jD;"J5Q€Ê|k¤n¸Ÿ$?áAwÏýîžþ'®–“ã8Ü\Ç?ˆv—?z§öÃbB×®öàÞ(
ü!L?kCs^Ø‹úüäTæã××p×Í¢?Éa?7us^í.Îw¿qéú7×•–<~µOwubbÊü„ÕÆÛÓyoá?$ZªO*2§'dTÕX²ž+­*ÓˆŸ¼‚—0>?¾…Onbd¢ˆ…q®gÇ0ìÅ?oq¬t'ë‰ãï/Â3?æ”ÑV(w1<Ø*å®t§à9”æÆEC£C£?_'¯so•'^=˜ˆNÝ¾Þv¡ÇúÝ}©jï×Ÿtb!1DDKX3ðrÞjÁô,~ö;\¾3·|É8O`Ø‹_^Áý1üÙ¼Òˆ`ÿxÓÁ´¤šˆ¶P})î{!l>§õ¥éNÄs(ÍáÁÄÄÔ–ì×à(/2÷O÷e™¡ª¡€w&®w8lš?'¤Å¢}U?%?^F"®Š²žô„¥äšjpñu’¦FüS>Åà²[’›«ñ˜"ée'=Xs³ÍÉýÇcb±xëˆh¹}E8Û„á|p­ß>yý®Aüê
þÇ?Æ?Oãö´ö!®¤"?D”J/7àó.F›ÉiÅËéNÄó)ÍáANŽã‰?
žØwyU‘Pf½Io?wûa†5ß¡óÝìˆW6¿µ/óaëßºŽ¼^e€À½ó¿÷í}ë…Ü‡­ŸKùQ6‡^WËkœãî°-ùúä©ƒ9"âãíŸßö:\N]¸ýºº÷ô•æàýk_~+Z¥˜˜?0|ÛuèÅ“9ž›WúÝºnLêPÜ|ª>û)OíHÇjQ‘‡smø²‘ø“×?ÆÑ9€¶~¼¸ß}·îˆv‹ï¼€Ûƒ¸ïÁT€?ž^rà‡r×Î©7Ð€¸½”º#¦9<Ø_[žã´?~?‹WÚÖ¹·ñþ;í£ „¦Œ‹{?å‹¢xà?—Š"ìùæƒ«îñ}ûKÊ?mÃ“•û²Lºg‹kJˆeÕ¿Zc0Úöû+nýëgö[Œ¶ýþš{ê`ŽãagçxÉá×k²ÄsÚ>ê+?dó¾ûJ‰Øk¹üÙàH¤¸ìØYCûo:qèÑ£NÕ!Ó„?tblÝE3!üê*Jr?gCm¾¾¿µ)$¢t©/Ý9µ´)â
ZïGe2b¾M²DÝÖÇéØtóéÌ®Ò¼ªƒs?‚”ÙñûÃ^H¡ˆùEUwGk²ó§¡êHÞ\ã¡l›MIœ6ëükUS?©ñ w¸½si6†@v¾3Yý!É:¨,Ô#¢Ç©*@nF}èÚØ@¥½™Ä¡*”æâÎ$˜×íDc3Š$
9@4¡zc3Š' È¢?c?™ÒñJƒ°Å×ÓC‘îžþ\§='Ç±0Îi]mÅSŒdš[±e?ýtï¹Ï§ÊN7ÕgJ˜½?þ 
‚³¬ÚôÙýázLÝÍ*ûÎBãŸÇÍH'J:Ø
+êóæB¶zA'c½}¦‰ˆ’êŠ‘Pp{pÃúf12…ÃÌd†DD;Ðõþè 7‘¡öæÉ£è?U½?_W4·OFµj—.×ºµ5é’ÌfÓÒ·¡Pxs&:ˆ'b’Ùi7É‚SS~˜“‹­e•Åßô^Ä÷46®ï0Ž=%òÅA÷¾¢
«¨ÁI?²mk­l¶:poj¹YÐvM&¢yùDx0£Œplêuš€^‡‚l„¢[˜Â¥r³ÐX†„‚¯úRwP"¢ÝéÂ7‘oÇâfÂñ)‚ƒ,Db++š…­®;Hox`6›Æ'|¹9(+)H†eK&7HöHÃ¡Ð3Ò;Ëç·]ûø’É ³Y;ëòªÊ{‡†
«òSc°Lv]Ëá[mç?¸/Ä¸"74Ùmkmk.Ù—ÿíõÖ_}[Ã±³•æ§O?í,ŠI€¢B\oÞ³H?P!‰«·Júù_ÂeÃÿþÎ­·»ÖšÞhÆ_þ<Óø»‹øË?B0‚ÿø?¸uo[ÑÆi@ÇƒØ€7‘|›çZÓðhl?P´hBK(ØÒéJ‹‡ÜOœ8¹´¤à‰S§¹¿÷ê*‹sñáSÅšªB`ßÂ1ÿLÜZ]”=€™+Ž}a_^]åµ`.n9UÜ¢ªˆº¹?ì•§_­Ä’=TÌ½–s÷¿õÎ~UUÅ§x ¢J¯Ã°:Ê\F6¶m\A™²÷äV%ïQÃ^œï@4Žñ™Ô”ˆh·I(šªjë
?ÕÚ£û
d«IT5ägmI”?Îð ®¶¼®¶<GyHŸºw{Òv å)&ÚÅuŸ3ÆD´TBA(Š™ òlÈÍÚØ3·4”BðÍðÆz´ÇkàZ®÷Î-¬-Â‹uÈµá®}5×p¨Ì…ï†¬Ã°wnµûchí¯Çk¡×!ÆézhÀïÚqç’?Þ9‚+®õ ¡@¯cK$"¢?‘%a?C×1¼¬É© @Ó ×š¦iXìr6âS¦Ãªª";Sl.1Ú7?BØ.}RÍZùÆ›:YNw2ˆh7Q5<œÄ€yvìÝ³?ð@QêÂÞB£øz`Güw?Àkçê©ß=‚ßµã?ýÿÍëøÑ‹ hxí ^=€¿ø^Ü?¿xöLD$«H÷á¿þã?â_¿…<;4²?„“ûð¿üþí÷‘gC,?W@UŠ²%Ñ†eè[†8áW“ofƒÐTl?%è$áë¡˜?¬Fâtvî] IDATsm?‚ÀD@õUW–¤ÛìâèÝZ¼­ÓËònýîD”>CãðÀnFa6Ìë!ÏŽ³MFqéöÆ,z¹'öat
ÿÝÿƒ?û¿àžÂÉ:œmÂÕüâõ?·þ¾BQNìÃ™FX3ðë/ñÒ¿Åû_®>%“,áÓ[xýß£{ŽL4”áµƒpÙpéÞüø¿?çq""z
0PÂKzˆNï5îß#×äËå9ºU†=iEë£XB(›ìâð€ˆ(ŸÜÄ¯®â“Öõ¶ÀÉ0àXNìCÿ(®|³?cUäÃdÀ˜w`ÀƒoG`Ô£$š+ñÿþÞÿŸ°·¢ID?±z† ½?Õ†„H®ŠbÀ?DäÙ ¨ð Åo®c‚]ˆˆ6(–ÐzGãý‰ÙÈ\x “ðr­i?C—D®,)?K·¢àFÓ ßšf@»µqQ:¨*îºq×½?MŽïÃq
ùvüŸmlÂE4ó¥@†ùüþÏ_Cc9.uáï/áÝ#¨ÌŸK˜0?û‹^÷Øi`–Ç 
0Ê°¿&ý’GDDqç»Ã?ˆæª?²(ŠXZW?ÌŸõ:!–Xr¬¢QUëéÓ¼!ˆˆ¶)“Í•øé«°›ñq+>½…Èc§JÐI8½-Uso'˜boþôeh*G „;p¼ŠŠ>7‚8æV¾?†²<¼ÑŒé Þ;‹“?'§ðÎ®Æ›‡?kCY.rm˜ôÀÿö¬À?·À›ÍhïÇùü›·Šâý§?uŸ "ÚÁdFYš\Ölt6¢†—iš¬7ˆ+‹÷æËEv©"WÞôØ€áÑöKÀ(c:ˆÖ>ü@øI?‘ô:œÚ¿øöãVüÍü«Wñß¾3!üâ2®÷"ÏŽÿú5üë·?ÃëG†þúòh*GS9†&à›]W
ÿö"¬f¼Ö„#{Ñ=Y7W?`”‘a˜«¯È0À(C'!ÃMÛÚ±º‰ˆž;‚ @ÀÒÎ[¢ˆÑÅ™)æZ%Q€O%nôG&½±…ò]™s«ã…OÏ¾E»&Ú¶Ü_NvVºS±.“3.{ºSAøOç_JËq³‘›…a/&«Ï†¶‡*¬MèhÆ|ð,[X[³aã•¹ÐR…K·1>ƒ÷ãx‘8þç¿›ëÃ°ÕþÝÙ‹©8Ñ#Öù ‘H(¢(Öî" ¨x0™¸ÔY•(É(FY8P¬OvNèŸHLÎ*CSäeI¯Ö™,Æ'WDc‰3'_ðõ×_¯ç{8p€µDDÛÚÈ$Fžy´U÷æ@Xj£?õ'÷á_½Šó6¢qÈ à\[Šb"¢@a?“^H6]è?‰k‘¸v¹/"‰ˆ'ææ@X0TÂ1ÕbÜªÚX†DDô”þö"nÞÃkM°f ¡àZ¾¸“î4=W
mÒå³A˜œU¿‹?N/öCPÕ¹‰kVÔ‹¢ðÐ§8ÌÒ5×dx@DDO¯g˜ÕDDÏ¤<GÀž!Ø¤O:Ãþ°úøõU:q»rqÞ""""¢4ÓëUƒQ^Ù£ Ã d…d—eA€AF•K×P´…#I³ö€ˆˆˆˆ(ý¢-º¼?r‘CÊÍ’ò³$Xë?£ê¾}²ËòÖax@DDDD”~yV©8[7T&jLÑ\V©6__âÔÉd›EUC¡}ËÇ‡fx@DDDD”~‚€£•†Ùˆ:6£„ãÚLH-ËÑ-LcŸoKÑÄ1ˆˆˆˆˆ¶?[†hËHg÷`vM&""""¢9ˆˆžLž0Ì¥"¢-Âð€ˆèÉr-Át'?–á/BD´E=Y]Þxº“@Ëð!"Ú"ˆˆžìhéP¾5?îTÐœ|kàhéPºSADô$MÓÖ±ævÂð€ˆh]þ¸±›Âv?oüqcwºSADôd iÏ_|À?M‰(=fƒ‘p$žH(ž—|Ó÷f™ûöxõýé=Sa«Êâ•Ô’5×¬Ëg½=Þs˜·ÐV èt’É(gš?éI€(¨Š¦(ª(¦hÊ‚MÁð€ˆRMQÔ©é N'fYMzù9Ë…
\ÀÄÂÛX<EÕa3K¢tz®óÚ"É\zb2?–\ZMÐŠ"J‚$>7#ž›„ÑŽ154™d{–yüýÖË:{–Ùd’§¦9?Qší¤¼…6KºsiAE@ˆÇEyn†cfx@D)5ŒètbfFzêy·Hf†Q§gƒ‘t'„h÷Ú‘ym–4æÒ‚ H¢¨iˆÅ±xBQTuÛwE`xMD)ŽÄ³¬¦t§bó™33þpºš·ÑNÍ[h³¤1—DADEUŠª(ª AHÁ¡EyŠ­QJ%ÊŽ¬÷×ËºDâira"Ú;5o¡Í’Þ\Z?$jTUÕ4$ÿ[‡g­gž*á?DD)µƒÇÙÁ_?hûãHO”î‹DHÒs0„ûÑÖí:JØç?
+€”épZ?Ò|Å£‰Ã K©hIÏ&?%D½ñ9(‚¢`­c?È¼ˆ(­í&šÿÞµ‹—z#Ö£ ñ*ÖÃg^jÊ7ž›oÿèˆ+Ý‰$%SD½~Í§Oû?}ØUýîOñ·¢­õ¸cë0/"J3†D»ˆ·ë‚ïýi£S?·$æíkŸ˜ÅÖþ±ßz‰¸"íœ²ÆpÿÅ¿(ýÓ×ª×„ÅuðO~Ò ê×ø”h³ìØƒˆ‹áÑîáî?Ôßï\ò\©wVq¦3M EÜ__<ß&ùáÙóüÂðð?Ï¾ìœTÉYóÂÙã¥–?$<ŽNÖ3ó¦-÷œçDô´ø†hwEãÀÚmÖÕˆ»ãÚõ^¯Æâš–“
LóOÛá‘Ž+·ÜÓŠ%7§êÀ‘†|# x:Ï]?|÷PÁÜ÷ÍOz,/?©±ÎmüòcOÑÛ/=kQwxøêg_ÞƒÑ€¥EêÁÞËW†
OÿäÝ}ÜÓñÙ…½Žwk­?ÙM$|÷ÚÛ;ûWœÒÈÀÕß¾Ô¿sµkx$"–í?ñBµMçíúèÚÝP±™þ¨@ÕÑwÐùþuœ8›ã¾vóÎHáÙ?;d¸òÏ#ož¨Hž‹ðhçõ¯û‡Fâ…E‡[j²e¬Xžã,Þð`¹]¿b'ÚT?Í1âÓýí­]CC~Ø+?m*HÆíZÐs·¯»hd<«µ¬îÈÑj»Þ®?®áèkÎ‘k×{½…/ÿàˆˆùzoÞèòû`,®Øð@Å\4²z^äíúèÚÝ²ãï50F!ÚBÒ?ÿË?KwˆR-Œ˜Ÿ“™5Cá¨%s³&úÉ°G¯^ë¬¶£,Kâ²‡ÅàÃö?¡©:y¸±¡H¸úÕ°¥ªÂ¡è;ÿ‹6­þÔÉSëJ³Ý¿»æÉÙ[lÕeê‚?×¼Îú"‹±mçîŒù2òëó2’û¼ûÕW‰â*í‹??`äi¾‘l°æT©1<¼3m¯Ÿ€Þ¼¦ìµ1G¤ÌlýäÕ»êÞªÃ3Ÿ©§³ÊWS<7?¼ð°àè«/~¡®4sâÆ‡=ò¾2›„¨§çöÝÁ±@ÖþcGªÌœìüª-ž_Ÿït–V¸ô#=ñÊ7^=ÒPYå²Jbðá•ŽAÏT4Ëñ–b‹$)ß^Ïj¬Ì–?ð½óÿpShyéÌ‹Gëkœ±žÏ/û\µùÀdÇçÆ+Ï¼öÒ±†}EÖÐÝ?haA«£x|Ž¡xÚ~ûáHÁKgNžh®-Ëô\þô[Cu©]Lö´ŽfÔ<|¨±v‰aäÊå‡öÚb«®~Ûï‹ì?zøP±U’TÏ??.æxùø‡öíÉ
Ý{?((´†×Î‹Bžo‡§ìÅû\?&÷)óÚM6ñ"yŽ$ÊŠŒ??­gå¼¼<lJ´»˜*Ïþø•ReðÆ‡¿ø§ÿüW¿üÕ¹K]CþØ’a õÕGŽTØMFÙä¬k9 x§@î¼î«9z¬ÆiÖe‹«ñÌg÷Õ;^Î¢ãðý±äD3‘¡O]K­¾wØ›Ü§¨w¬´¦XÞŒ´mNóÊe³þ!dYæóg½9SrCÜï·wï·µß^±Ð=:þíÝûOŸØyáþÎvÇ¡3uN“HFWCKãxßýàÜ§ÁüÆ\£¬·–n.ð?NÉ(›e’l6ÊzãB‡
©æÈÉºB»É¸¼‹…æé¼6Ó|úX±U Ù+Ž6eµõ{„''|•µUvY ™?5'³¶˜6èq9F°¿½#ëô©:§I‚ ™\M'ê&z‡‚àl|ùpµË*ë?²ÞZZU¦{}û”jŽ¼X[`3Ëz?»7;õgšKmfYo´ºjO¶ì™Ë.VÏ‹àlxçVm5þ¹ Ú]L…?/6P"~ßHÿ?ËŸ´ûÑ©Òdq|žs±eŽÙ”…±Ù0`šõ{âE-y‹5ú¼¢âÀàtN“³²ÁüóA÷ÑÂ")2r¸¢ñ¥
ûƒßO69?Œô{«])~Ól-„ÿ)¶KFÍë“oÝ£ãú‡Ó/yæ)^§¹Â;âž_Ž½ÑYÀ…9Ž…s£ÏÈ„;,«ïªÐe_m±ß;wTEÝî‘…#@ñÍ„á2–_ÿòœÜÔP’““m71³§§²VŽ!ù¼C9™U“î…‹;ÓÅç/î„ßë™?!ìóyÆàÏ[œª¶0gáRV|S~kIÎª×üêyÑ~Q"ZÄÚ¢]J2Z?Mßy«ÎÒ×7~ìª‰X’î‘Ü"¡€¥°ÂÕ3<¢ <Ô?ÙPê¬ÅU¦¶ûÀ?Ôn®*JÝàüAÿÈ:ÖZaoUùÞªò…:„…Ø`oUù3'HUb+–˜Š?®Ézæ/HÄVÁ^ûvS¡€¹ú?¾Ñ’w÷Þøøþ7Ÿ÷8¥,=ƒ9†_yéeìiy»*@lðÊßüÃµn0Ùó
œ™kíRUbÐë8Ñ¶Ã%¢ÝDVtN•õOn©o±»Ðé?FÁ|©Ÿ2í‘“?}¬eûË;îUzgjŽ9XÊj‹Ùï.1uE*_ÝÒV™Öbú‚p™ œUŠ
ž¢cr²ÞàVûíÀlðÛ¾û›?-ÙÒ»
6#I²Š’XÏª»#’¥`õ¯­·º*ê\uG4_×oÏuŽTœØÃ™Ôh#ÖÎ1ôÖ,ët8#¯à‘‹;2Ô7ì<òÎ‹{“„’\kï²=×ìõLÄê¬ˆ¶Öí±Á/þá£/z<?È\E¿â÷t|Ù5VQ]üø:{}Q]“Òz³Û›,.Œ¹o^tªžŸ³ÈX\âºÛv­[ÛW–Œ…åEÃW¯Ü35TlZt )±H<‰+P”ä0×TøººÝ1ˆ¹ÛÛÜe•Oø*ki>Xè`ý¦Æà¬l,ì»y}h¾·?twõyŸTŠ¯·fYÝýÉÖÚ?_Y_T×»~cþ§bÞ¾î‡±‡}C³ó-:”p("édÆ´?Ï1²«[ò‡¯¶†“—¨¦F:ïM0ZlÒ˜w"ÙEAñÝéîYó¶ÒÚâáö«÷æÚÆ&û&Ÿ&ÿ@Û­›ƒOÓ†?ˆÖ?µD»†¾ôèJ{Çµ÷¯E¢É%²\ÜpòÇ
žTt'¹¾væË‹ŸüíÉŒPL,n:óæ¾Åòj}iuÝÅ+ÞãE¶¹Æâ2×…û³'
7oŒÑPÿ…_ÜŒ|ðOWá|ñ‡gkÌÆ²ã§.ýõ_)€äj8ùZùÓ?#Ñ|°~¡ûÁ¦1WŸý.®_ùägç‘aFH‘ËêŽœ|âVÙû_=<öÉû?¿HMg~ºç1«J®ƒo¾ùõås¿èŒêe]P•òŠZŽ—?Œñ{Ÿÿúœ_vZ˜V\MgÎrZÚ?'äæÊ—Ï&¾ºöË¿úf9T­¥Õ'Ž€ëà™Ã¿¿ð×ÿÐî4CÊ9XS?¡µa®>û]\½tîg—†ÜÒ#'Ë›¦°§£¯³¡¨¥t›?_L´³Ÿžÿ<Ýi J5·Ç—“½‰À·ÐÄäLÁê?RŸ‰‹+õú'kJ,
½ñ™
¡Ýßæ#EQD)í³&?î«)ñ˜²Á®)±8Ö¿‰‰ÃðÈÔÑ›ñ“=.ÇÐ”XT•½ö”xòz¯ßD<&¬{å5lIÞB;Ë&^$ÏÑƒÄKÇ[|ýõ×ëYùÀ?¬= Ú¥$ýS54$ýöåY’¶ûó¯´ñGAÒo¤E¶d\mÙmû“Ñsåq9† ­Jò®_ÝFV&¢-Æ¾DDDDD4‡áÍax@DDDDDsÑ†DDDDD4‡á¥”°rÖ?c5¢í?7 =/’ubx@D)¥ÓI±x"Ý©Ø|±xB§ÛîÃ«í`;5o¡ÍÂ\zýQJ™Œr0Mw*6_05­:ó¥ÄNÍ[h³0—^?†D”R™fc"¡Î†"éNÈfšE5ÓÌÈˆÒfGæ-´Y˜KogM&¢TsØÌSÓÁx\1gôòó?Åâ‰`(šH¨›9Ýi!ÚívRÞB›…¹ôSàÍCD©&IbN¶e6™ñ‡Eƒ–î=%‚N'™Œ²=‹uˆÒoÇä-´Y˜K?†D”™f#ëy‰hÓ1o!zFì{@DDDDDsÑ†DDDDD4‡áÍax@DDDDDs8rÑnáŸ§;DDDédÍ4¥;Ï†D»óD"""z"6."""""¢9ˆˆˆˆˆhÃ"""""šÃð€ˆˆˆˆˆæ0< """"¢9ˆˆˆˆˆhÃ"""""šÃð€ˆˆˆˆˆæ0< """"¢9ˆhñX$®héNÑN¢)±H<–Xå%?E””&#UGÛIÖü™”f˜k_E´@‰Äc¼Ä7B—îÑ¶é¸t¹o(˜ÌX%WmÓéªm“·~öqÎüùa×âªÁ¾s¿¸5TtèO_«6ynýìã¾e;*:ô§¯Uû[þa—±ñí·?¸ääbOëÏ?ìr¾øÃ³öîŸØµJßþÑ‘…ƒûÎýâÖHñ¡¼Zm–tYJ÷õ_Ü?º7þøD¡´°OëÏ?ì²žø“ïÔe-ÙûdÇ¯>èñ5œùóÃ.OëÊŸzç?jóSŸ:Z—ä/øèòÂò½ã÷¿?/ùÉ"ƒŸÿòË»p¾øÞÙšàŠlþÊÔ{÷ÑÃËö´ìÚ&b¾Þ›×nôø£Éìl>}ª)ß¸òŽ“ÍU‡?œ¨qéÁÞß}ôÅ˜óÅ÷ÎÖd&÷’ü²ÕïþÐÚ¾ê9LÞŒü=þªÃ“Ûô£ïÖZ–®tw\»Ö6OÞÞ†ÜÒ#'K¦ßÿ¢s•W¿ûÓCgÑ³ö?\³xÇø»ûÉÕqë‰ï§Îº°Ðsã?_èÌmüÁÛu6aqïÞÎß¼3Òøö?Žd>z=,;ô¶ Å½wo^môD²\Üpüô?“°â”JÎŠý'Ž×¹ôxìIkœþÅ…ÇžóUÏäêWQÁðoÖ™‘®r’“líÉŸ/ZÌ:¸øÑù~ûÒWùò¯Ï¢îäOŽ.®™ÌBßþÑWòÊ\q=¤EÜÛuñ\‡7­u‡?Ÿ¨¶§7MÏ†D´¦ð½óÿpÉ«@rUUf"0:t¿gØÛ\m[çö¹3çßèç‹·"?ŸÝ,øñ±âåÙOFnõÁ&ŒôÝ‡«ª:¹©Ó´r¯ÊÐ­ßä½»ìïäþ¾Ön@÷?þæÂêå[û¯·V½TªŸ{ì½Õã[¾õÂq@ÏÒ¦­'g7U;Ä¦îu{ýg]¥Ã £¨î nüã¾«¿ïp½×ä‚÷.u7.U?9U“?%˜âêì¹õkÑô“£ŽäN‹ëÊœó?sâ€œÆ¯¸’â¹ùÛíÓ?ÌÎºj‡!230àé›mÊ7ÎÝq²¹ª¾Ð¢‹yû†ï^»àœyï°kî!,îýâóî¼åÏÖkŸÃ,ww—Àø?nOõ‘ù=!Øwî×·†â0äì/ÌÄìØÝÁÁ¡©ªª¦êƒ0;ÒáöÀZÕ”ggÆÊ¯±ú?¼ø-Gî\àïêõÔ,¤?iüNû`ÅËeÆ…”Ü¼Y¶ñÂW3b€Û†âiÿøÃŽd¹¸¶ÌiŒù†ú<Á¦¹S*9+*Š­Rtr ·¿óÃÉð»ïrÍ?¥UOšÉõØs¾ú™\ã*ª\wFºÊINî¸çfWMQSöÂ·½s£ENèïmTt÷Üm(Jwð8á{?lõ"»à`]©]ñŽôNÌ2<X†D´e¸íšWÁÒâ®N#’˜Yßòj[š—•ú…’ÿ‹žÿÜ¹X°”j)?Òwwy5‡ZÖ.0ô\ÿÃçb!ÜRÞþ;¸7+­m?½Þê&çòïÔßÞÝPšüË§<ì¼:¼róÇ—6ŸÞU—¼H‚}Þn¯ßVÚÜ¼Ô9^lú°«çóö‚³–ÎKCŠT{òÅ…gÊ¥˜VjøÕùÖn?w.<È*k8´mŸZ}7Û§!-©k9GÍówœõÄ»ó&?îï_êìºÙ[³¤Øx¼óüMç{K¸w?Èà?nÅZ_[6ØÓÙ=xÐU¡ÅÝÕ1‡½a1ö8r4–Ì&)§<J‡Ûƒ¼ºæµKîW»‘Ž:ðí b©8\:ÔÚug ÁUi\ú©r·­§¡´É)ˆ}Ý±²êcÅWØVü}×;"?—Tã4#Œ˜„¹Sê:úÆ|áEcùW~|»ïúÝêwkç¿UNšµ¬ùÐÚç|õ3¹ÖUd2:×›‘>z’ãsGlë¬K£hþÞ¯úü+6ôöw?£¬¹ViëéèóÖ¬Èd·‘øØ°W?ýÅWO×d(­¬=t4ÁBŸuaß"ZÃ¤§7ÔÖ-y
×›?Òc7ZfÖëqÏýó-–;1tëÜMÏSæÓ9Îb[¤ó³‹½³?|éoo‹KuÕµur¼íÛáå‡0Úm‘Ö[}aš·ëÆ b‘WÔAø'Üiž^^ I)'»š?´Á×qé××½Š¥âÍŠV¿ü”p0X¤ùOÃÓc¿£'°½ž"ža?€ýõK³ÉL{‡ã@QuùBû7]Ae?ø‡Æ®Esq±Ñ×ué|_p?Çóö´ÀÚPÛT×`Åýž»s±½w¤Oìû–†fÓnïÇÞÈÞž›÷áj¨mªÝï‚çNÿò'L›Ñ>Ýsón&ïÜèQ¬–å¡~Ä7²?uŒ·Õö¨Ù_“¹¸Ðd6>Ï?8kJ2¹ ²Ò
x†ÇÂó‹6œû­~&×¾ŠÖo?“lµÑ³Ý£ˆ¶_—­ËZ¤EîuõøåÒý?u’¿«ohûv{?3¬àëºÑyoÄˆ)$ÝF.ñ]ŒµD´
€ì,Ë:Ö]ÝýÎ?ïÏ¿n8óç‡çþvÙOÕÈ?ïºtÞñ?ƒO±[cé‰9ç>èùâ³[öW—=Þz ®*’$Ô4ÈÝm?½õEKZ!9;ÿYGÛÃ²ÃÑÎÖiãá3µc:–>¹Ü¸40ÿºñíÙÐŸÛ?ÅÓ×g©ª
Mù‚Áðª+úÜœlQÜÊb&ÉÕòRíÀ=¾¸±ñõƒ+þdõ]{T ‚¾8ìŠœ€‚?/Í7æ^WhMÓÂáˆÑhŸ˜ŒFc«®c6›²vAX¥¨|#”„Àn{ô¾J(~ö¬¥ºfSà…ºððf*;v0Ï¾õòïnÚ^yò½©÷vÅQ~°Ê
½¾¶ìÚW×¿®9Z$J€Ãúu,kßÈŠûnŸ®–2+ŒúýånÝq×+Xx0+>x$ÿ«s×;‡ÊÆ:{|¶Ú³õç¯xw0Ñá\ÿÜë…?
…?FÃ”ozË/W
mY?| Dö¥§Ôh¶þ%}”7˜û­u&×¾ŠÖo?“l«oiøöÊÕ¯zkÞv´ºQq¬Åüå……þþ?;÷am®.?$TU[»{Úïî/®]£©çFlÅ=èj<stüÂõÁîƒÝ`´>óR²“=Ã"ZƒN²þÉ™
žòoPÝ±Ÿ4Îïmié ±ìäéÆÉ?×®!ï©’–ÝôÆ©‰_^îûâ+çbY?2ÜÙê¬¾·n>fM?¶{6ìi<Q4øÅ??xŸT{²!7<¶"ÉgÿäpîÜkÉ€ÝËsëÃË}Å(|¥Ü?ÄÊ*e?v›ukcƒ¤ì‚bôøP\¶Z[²$)¯ôDõþšbë|§û‰?z¥jþ)m=¿c0šœšÎs9í6ë˜Çûè
:IÊÊ²>sl@oÐðM€ÌåŸ$ï8ïT®…;.žQæÁÙôú¡±÷oµ_¾Qü¤.?¾Îî8¬og›P”¹öâ’Á¦üAd>a'k[ãFNöÿ±(cÝ·|@4!#>ØÙßX°ØÑßT| ©¸çÖ?Ïf”1©îõýy¡‹Ëv\ÐøÞËÕs?œ¢øÄ~ÑhtÂ;•í°eemùå*Éz#Ó3ÀŠÐ*yJ'|³p-œÒHpÀ²«f#¹ßšgrí«hýÖ:É‚£æ…ê®?ï\útÀ°žx½Ôòí—óŸÍõcqùo¶&3YOWŸ§ú?ë™å·äÔ9ÞøA]Ìï›˜ðö·ßó¶~ú‡¦Ÿ~çYÓº°q­ÁQP&îžnO|aY,¸‘Ñ%“Þ(Ïý[Q¡syýP1¼C?´þ_'KõKo7}CÞ…?#±Á¾î8ÿÝŽ¾öŽ¾ö»~þ®;ËÚ™kÕÚ§}žHÁ™Nž‰¸ IDATæUZªèòBš¥g|^{¿î0t¹gJ§3›é•
˜Í&½>ÝÝE«?¿÷Î;ï½óÎ{¯«+¶.ù5%É¸?ßQUÕÙ`@`6(Ë²Ù¼JQµÙœ!ë6¥@MÎ+t¸s»/°P¨¬Ã‘…;®h¡oOÂ}¯7X‹s——wfVŸ}½Ú>íšxì¡4ï½.?ÿP{G_{GÿP€·£Ï8Ê$À×õÍ’V.±`x£íxV»‘½ýw<ÞîŽ¾öŽ¾î¡8€¡Ž>ïÒ?>ÍÕ--Fß˜/XñÂá=?D9’l^øõOxðÔ4-00I¢¸Õ—«>· @ï?¥?ÃÁÈÂ)í}°Pwß»ç\EyË.©uç~kŸÉµ¯¢õ[û$K®ýG*àóÛ[Ž,ê-2x§[à¹Û×ÞÑ×Þáö$cÐÁgmˆ¹U÷`,Ó é­ÎÂŠºãgÏÔXÙ“‚VÅÚ"Zƒàj<î¼sÉÛùñoÆªJçF.sœþg*“+ŒõÜl›ÿû–QÔXüÈV¬P»¼‹\fõÙ3Þ¿þlðiË®–WNŒ}ru y»oy —¾ý/Û0$Gß»Óï¯\:ÌQöþ—O)ncm™q¾¬yi’{oÝ|8Ÿä=?uk—Xïdžžù±AûÚûj_«ÌŒD£K«û7¯(}‹ÌtÝ
Ì?:«•=¶íC(N~»`0lÉ4?Zm0è­Ö§/c_ÁTÑx°ëBûÐ­_þã`Íü˜3JÝÙ6ÍÝqW?üÈSShÑÅ<=ƒ#Ø›ZjI¿ä:töèØ/¯?îY'v¿³5×ñï,ö‹M‘ÙÕ7Tï,®k*î¹5ÔuáïÆ
jæF.ò»N|ïlÅ›^¬¸‘#ýímq,D5ÐóÉÏ¯õõŽì?±gq;gÝ©#{KõÀÊö@ÓƒmmþùZgMséc*0c±X²AQ4…ÂVë_®æŠƒMw†:¼_¼ÿO•ó#)Õï}¿É•<¥×Ï½?^Zl•¢ãýÝ#
lÕG«ùýÖ“û=þL®y­»£ðãN²±¬åØQk¸ nÙÞ¼=í?–?­_ýû+ÝÝýÓåu?`·áÖÜƒŠ»í£?ûÍUUy?˜¸È¥ÜÉ.Åð€ˆÖdª<ûcsÇ¥K}Cwû=sÃ{—:²?qwûøüë"ëþGÃƒ¥+X¤²Ú•#hH{ZÞn[u”îu¬u/zÿÖ Œôµ’-b—ì¿ ºÙ2ØzëÎÐÞcK˜ÈÎêCkýõÜíóÌ¿¶êJë\ÛvPŽ­ã¹±dJ?¡Ë×ú
Ïî1g,}ÞÚ¼¢ô-êî[§ÊÑXf]3Ì‹'33?…·¾inN¶Ùœ1ã_\˜iÎØÌfT’«åÝ7,_]»Ñãíîð0äÌË\zÇÝ½Ý‡ä0í§Ž­¶ÿÿíÝûWi‚7ð/©¤B‰@‚ÂMÒÜï¢âÅÑÑn»íîéÝÙžÙí??9ï{ö=gþš=çÝ³{¶wßžëÎôô¬öEGF»ñŠ7A”F¹‚@‚?r©ðþ?â5Ê÷sø?TªžzêÉ­¾UÏSñøyBÁ?ý__ˆp¿À´ëAû0`.Z°S¦Ï-4_þ®·ùû"k¡íèßÄß¾t¥©oðÎAkÍÉNz‘>"ó?Èc]÷{€¬Â¬ù;ôº¬ü¬+×Û›;‹Rç} ”Æ¼Êe>_n¹eÆâLÝ2‡þC¡?sl.#??»Õ±êøµ}»
æÊã«»Ùp£·ï~g€X}n‰9@ÜL“vu9ÂsæWÕî°%DjÔg~û=£%?.÷.Z­¥?<ÿÙøô’Ê…óû;ZÐåç-ø’MÏ+Qµ7Ý½;`Ë]¼‚ÃÒ´eãÁš}…Dk^îhgw[çì?=êjkž³?M*æ›úo×»D¯Úà°ÓdX:°l#²?Ž[Ìà"ÍRÀPˆÏsÕ"zMy;ëuqaÇß’ºÿµ=ytfŒò«‘ü
??¹æï…0$%hµšÙñ‘Q‘™4?TªÝg¤€_R<³_MtLK~_HP¿–½é&&&GŸŽÍŸ²E¯Û²E÷ŠÞ®Á€?éezµMºì»è5±æŸÁµy9^£‰»·hiiYÍÌeee{@D«#¨˜6…ÉÎ†‹K¶ž¿>£‹—bFùPúºòù|‹öKÂG ¥P(~¦».>níºQ±ËìÕÏîs51Âk:ÒfÑQç°q—Ûï÷¿¢·«r™—éÕ6é²ï¢×Á«ø¾¶ïðuô†|ÅÑËn¿±¯Ê?–NIãâ4jµ¨ÕnÐÛU=¯Ù!­‹%irÂ£ÕjÔjqCŒÀ¦eLNx"^¤hvxë›ôv}#ñ3¸amäÎ£DDô
ßZ¶'tÿ­Reë§C¡7æÔÁä¤g¹kä?»Ü?:)qKŒB±?G`oj?:‡MNzcÕê-[Þ¨·ë‰ŸÁ‹ñ€ˆˆæªÿý‹ªõ®Ä«ÿw£u¥V«3¬©«˜‘6.~7,¦j"""""’1‘Œñ€ˆˆˆˆˆdŒDDDDD$c< """""ãÉˆˆˆˆˆHÆx@DDDDD2Þ?h³pMD¾9%Ñ&¡?×¬w^ŒD›¿‰ˆˆè™Ø¹ˆˆˆˆˆˆdŒDDDDD$c< """""ãÉˆˆˆˆˆHÆx@DDDDD2Æ"""""’1‘Œñ€ˆˆˆˆˆdŒDDDDD$c< """""ãÉˆˆˆˆˆHÆx@DDDDD2Æ"""""’1‘Œñ€ˆˆˆˆˆdŒDDDDD$c< """""ãÉˆˆˆˆˆH¦\ï
Ñk@
`l>@©?AAHðKËÎ/Š@þ DñYEá-™(@^¾ÖDDDôÜˆhEAÜkÆ?qˆ"´1@£!Ø²Q®Â¹ž™yB A?Ù]úš}Hvà×wpüH^±ø‘{øÊƒjÁDCö¦¯ÉÖÑÊˆhyÓh¹Œ–XßÃÌyÿ(®?D°'f÷àGðéìÝ÷Œ$°,N”D©ÂDDDôr8ö€ˆ–åíASuUsÙ€hÀÞHˆYÏŠÑ›eøÚÜ^å¼“?gÎvzßú·e—šì8û»3?“Ë.»z/°ÑkŽgˆhYƒ#ÐmEú:}OxûqÖŽÚlÜ»‡®IhãP\[ÂÌÓ´´¡k>%
Þ‚Å‰«À‰|@ƒ÷qÃŽ±ÒÍ¨IÆÙû¨yá“´1%—ÿì§XflK\î??²Uä'‰ˆhEŒD´¬Q7’S×~5!øý&*1@£ã¸Ô‰Å¨RcøêoÃPCàCÃU¸Sp¸j`ø>®:1š$/ÞÛ„?WÂ¨†ÏŽK÷0ê?¸bÚp¤)Iˆ$—cØ/šz!fî‰1Ç8ôÆ„ùs+ÂÏ VÍÎ)ùP©Å¼³ãK—?–üˆ3ãßÃ+•ÿŸt:Æ$­)QÇÑñD´Y1ÑJ´êµ_Ç(N_[0¡¬
™Z€„²
$+ ½90:C<Æ¡K‡¿/’§—À}?á…ÇÑ2†½û`Q€˜ŠêIô?Zû­ (¾ù›;®\A¿E=e¯’òÎ‡åÆHÃ·N~k7ÛLêà}OŒFB"xºÎ_Fí‘çí?w[´'U©¿ñKGÞ‡åRóç=ï4¯¼¬M#¯´?ëUf¸:ê/nIÑ)á¹}^*|ï`Vì:·Ñz`< ¢e1?ÀšwÊYah²ÆÙo)Z`ÌÄÃ=Câ¼Ž%10n‘ÿ•&1ª†a^ªIH^þÔ²w
·˜JüöT?½Ü˜ìê¸>?ûÃ÷JÀßuþ¿œ‰óæ,¹¶­½þÔð÷v:
·c03&aåeÑçýà?¼ðYˆ‰¸¯¯öy³Âù?ˆhsáÐd"Z–aúÇ±üíˆ¢.e&éÅêâ%i€×=’jžÙ«Í–ÅýÝŒ9%÷¸¸´£(K?ï¹g-»ˆÇÑ×yçfÓ­›mýîé¨mÑë…ñ€ˆ–•žÁ?ïÇO—‚ëSŸYñÆØìÜ4Gå’}œWçQû:Ô?¢*œÂÿ†|‹ŸÕçjZ»ptµ›lK:­¼ì<®û'¿î”R
**ª¶—d&¬0'Ñ?ñ€ˆ–%lÅ13o¢iÞ Hô·ãw—1²ôVÇ‘øüðÏÿDš)47ƒ´ºC¶º,K8ß„7¼ã¸×„®Ù1¬:ì0£ñ6î?ÀïÁà\g<x½m1çôvÈo?±þÇ’9ÄL[zûÝí=¹¹éÂj–Uc““Ó =é•ïï˜òšÌ©z•ïÐàÀ’9‰ˆ6Ž= ¢•$—àÃG¸ñ=~wOž’ G]5’Wwl¡þÂÂÇqø¸‹ûsÛñë…³¥çàpöŠå*Q]C®ÞÔ(¶aW?ÎÌÖ¹'úÐÒ?NÀ’?CyøuÛªjKRlÖÎšá¿œüc“(@ÌÎO·.?EHÏ+¾ùÅPÑ?W·¬&«bÛé¯ÿ»O§….Ëjw 3äï?;w²~Øª÷Ä'¥ÈsZÓNýE_Vå‘ý©LD›CÌ7õß®wˆ^µÁa§É°e3®?ûè¸Å¼Â`ÊWH‚_‚¸Ìuæ×]ÿm4Åá„-ÂSÒ þßC|¸ì.òz“$/z±ÑˆËNK!f_fÕDô&z?v$ìÞ ¥¥e53—••±s­š°‘²?7š1â†4LÃ=€Ø¶ÊOöÞÁ½ø%?&p½É[™^/³ƒqÙ˜%1`¹‰ÌD´™°s½†DäÐÒŒ~?$@T¡¸:ùI‹-?øS+¼Ó€™)8´m?ëKDDôº`< ¢×P¨Ëˆü¤˜ˆê¨~Õu"""z°sÉˆˆˆˆˆHÆx@DDDDD2Æ"""""’1‘Œñ€ˆˆˆˆˆdŒDDDDD$c< """""ãÉˆˆˆˆˆHÆx@DDDDD2Æ"""""’1‘Œñ€ˆˆˆˆˆdŒDDDDD$c< """""ãÉˆˆˆˆˆHÆx@DDDDD2Æ"""""’1‘Œñ€ˆˆˆˆˆdŒDDDDD$S®wˆèqMx×»
DDDëI¯Yï*¼ˆ6~'Ñ3±sÉˆˆˆˆˆHÆx@DDDDD2Æ"""""’1‘Œñ€ˆˆˆˆˆdŒDDDDD$c< """""ãÉˆˆˆˆˆHÆx@DDDDD2Æ"""""’1‘Œñ€ˆˆˆˆˆdŒDDDDD$c< """""ãÉˆˆˆˆˆHÆx@DDDDD2Æ"""""’1‘Œñ€ˆˆˆˆˆdŒD´,ÉpÊ?†ß¿´%¿ü?õ®ÃsŠæK\›wmŒD´¬¦øõ½5(×ƒ†hx´%G?ä‡Šü”÷~}ÞW]#9VIÓ/²h_Ê‘{kó® "¢??ñ€ˆ–U¹_°åjQ»µkPrô4]@“c½+±ˆÐåy‘E×ê¥ŒŽákÿqkx•óNvž9Ûé0|ëß–]j²ãìïÎtN.»ìê½À"DD¯9åzW€ˆ6.A„°åÆ@×¢\ZÖZ½”ë(¹üg?Å2ï£¸ÜeªW]%"¢7ã-«·ý&ìM€¶‹@>#¸1Œ1 ÝŒšhbÐu½ÔeÏ-åîÆy7Ž•BœÆh®÷c$ˆ„x¿…œyž¶‹@Š??:ÛqÏ‰1 Ýˆ²<D{„¦^ô? Cu1,ÚÅÕóöã¬µV´ÜG¯ÉIØ[å0®~?þ üP³xCf<R€ ºî¡Í?1 Y‡²B$ŽâlÜîa°ˆŸ™s!ßnßC×$´q(.€-aî©ÕÖ<÷"–àAKº&àSÂ’ŒyÐÄ`ä>®Ž`pÜÂ½À„ùð»ð°?ã•`ˆGu),±KÊ~TƒáÙpàä¢®A&œÈï®w£?\Ÿ|Øgf˜BËÜsjçÂ°ê÷Ï?¦$!V?\Ža¿h6è…˜¹'ÆãÐæÏ­?€Z5;§ä@¥óÎŽ/]vZò ŠÂü•ÊÿO:c’Ö”¨ß´<ED´JŒD´,ÿ¼3cp½>ôßCz&Žän\º?«ñ¨Ë@z2º1šCxÿl]??œiÃi7WÀ¨†çÎß‚o;
¶È¥!Ü³?ˆW1lDíNh•{„^ŒÜÅéß?:5¼vœk„2ÕëÀè8®öaG%j€–h¸A?šíØ~øÇsoˆ¼à”üoïm´¨ql41p? e{³qÌŒ[€\T™€˜H‡¨}hø5Å¨RÃý7¬–7mõ5¿Ô‰Å¨RcøêoÃPC0?úkÐdãX9îµãOwðq’sq,çn!³Ûâä}ßÁHÉ8RpwãäMüÍ^èfÊo¸‡â·P¥ƒ8¿’plçìŒë×¡6€·x„ºJÔê ?ãêmxŠQf|h¸w
Ž—CD'Ç€¤—{c-køæoî¸rmüõ”½þIÊ;–c ß:ù­Ýl3©ƒ÷=1‰àé:µGrœ·ÿÜmýÑžT¤þÆ/y–KÍŸ÷d|¼Ó¼ò²6?¼Òþ¬_T™áê¨¿8¸%E§„çöy©ð½ƒY±k´?DDÇÑj‰[Q???•ôŽ€˜†|ý£ò<ÒZ€·R7®£ºD¨ÝŠÆNø–éîA›€Ú"$h!ŠHÎE¥˜DËì-‡!ˆ?&5)èˆT§ ŠKaÐBÔ"?#n”#aöáè³?Œ!?% @·{s¢% TA!Fì¢Dq’uE²±Ë„=?ð<5—PV!—?^€œ F'`ð!?¨É†F„¨CY9,v´?Ê™Z‰EˆJÈ,Eq*4"D†t¤OaÔ?WÃÊjä–ôãR@åíê½oª“?i´u¡¬é:¶`GZÀÝ‡.5j‹ !j‘SŠœ½jþÔ²º=•UÛwØ“ÔÙcàê¸>?ûÃ£{*«¶ï¨Ýe˜XØœ‚%×Öÿ}ox»ý½?ŽÂãì9‡g,»ˆ>ïïÜQµ½²jm‰çA‡ÑæÄ³D´Zæy;´±À¼€FÀ[[ñÕc!½}HÏ†!’#jìÕÍ-b0­’ç•96?ºë?4Ž~5rœœ™â¢"R?â`œé¢Œ´Hœÿp™KÍ—¹§[ eÂ’„„xÌõfYY,óN?úà´«¯¹ÆÙ/`Z`ÌÄcÌÛ¶yãÔH?C¯‘ûôLÃë‚ÓÉƒÆòÉŽ¸yåGâîÆUàoÃ½Â\œFNƒC³õ†4/06ƒyÞƒäµ:u–bÜþ'V/9¦xÝ#©Y3=?D³%õáÂ%Œ9%¸r
õ®í(:¬Ÿ÷Ü³–]ÄãèvàêžÎŒâV½Fxö€ˆ^–Á
ƒ½>À?{nä§€$Â’á°K<KAù@ø‚‰Kn‰ 1ãèÚ\é(¹[µ-Íøõy4?¼H!¢
? E£æ~Ê¥_ÌØO£í"Nw`B‚ ÅÖ„åÆéF ? ¾ÇªfÆTŸÕAŽÚ †_ …¯¢r•*š¤¹Ë¹J!ßâgõ¹…šÖ.]í&Û’A+/;?ëþÉ¯;¥”‚ŠŠªí%™+ÌIDôFãÙ"zi:TšÐÔ‡?¼[a@ÔBçÁXº™¯÷8 [|¢ aF?ðcÁ®­¨…Î?I.*êÜçk°`Ë‡4€ÿ×?œd$¢þN>xà” ™©Þè( ?65OˆGË?2óX‚ÃC¸ÕTçGšü8¼–ðþúøª×DS;2‹?<û C2 ÄÁ¢[<¯.Oœ?0—ôãÀ–Üº²ÅœÓÛ=PaISëïqÀ¶h1Ó–þû»\OsË…Õ,«Æ&'§¡‰?ô¤·B€À”×dNÕ«À;48Ë¢9‰ˆ6ž= ¢(°¤ÁûOPd?™d@¥7îÂÞÉv£ñò­‹/”?Št7®öÈýNôŽTÆ£±mfÙi¸Ÿ k/Ì?€þ!¸Cà·ãúì)‚iôvÏÅÏ D¸ÓPB<î=?z™#÷À?vø§å:7=A~DD¡æé™?ãžS^|°÷ÕÈ_âID‚ß?–Ÿ‚`t\~Øß?U­g?·0–?JÓ¼‰"
¶âFûÜÐÿ(î=C:’?¸>ÓgßÝ…¦•ŽÀ¯…Ø¬?5Ê›'ÿxêÔ§ÎôˆéÖ¥³éyÅO;¦ŠòŒ«[V“U±­ïëÿ>õÅ©Sçí¢%<Ñ?¿?îþÉú«×.œiÓÈMc-Lëùú‹Sz¦@D´9ðìEƒEJ4j±mÞáçœ*xnâç!
ðN#?5–%Æ¡®
WïàÓ‡ ª±£D^VjÃŸÎ$:=v•¾xí6TßÀÏ€Á€ê,œ™¹Ÿ–0??}¨ •àV¢næ¦™ùÈiÂ¯Ï@ínä,º8©Õ‰8}¼!Ø²±cëÜV¿LÍ¿…†fÜˆ? AˆÇñH˜9t]\ŒÁ;ø´ˆÁñCØ•‡ó·Ð¦‚z¶,¤¯æ>nv\rn|Ú53%× ¹‡ïáìEø$±¨*èp¨ßµãÓh¦‘?ŠÚdÔ?Ç­†yç/ÌÿsõÇòMúÎ÷ÓwJ€|ò ÎvôÈ\ÆÒþ÷¼v~Æ²P™+ßûÇ
I‚ Ä%á‰±–ïüÍôÌDY¬u÷ÿ8»8Ñ&óMý·ë]¢WmpØi2¼Òî/Ì>:n1'®bÆ,¿´ÌõæÂ³¸›;¦á@P­zÄð¬  )"<%ÂòçY%?„ˆ]þ_ºæ+¬ZòóJ^¶/¶^? Œ°^)(£ôB½æ^£‰»·hiiYÍÌeee<{@DkOq5Ý•‘FÖF÷þÊWT‘o*üÌï.»_þÒ5_aÕ‹VÅl°Bi¼1Ñ&Á±DDDDD$c< """"";½ÉÂƒ
V‰gˆˆˆˆˆHÆx@DDDDD2Æ"""""’1‘Œñ€ˆˆˆˆˆdŒDDDDD$c< """""ãÉˆˆˆˆˆHÆx@DDDDD2Æ"""""’1‘Œñ€ˆˆˆˆˆdŒDDDDD$c< """""ãÉˆˆˆˆˆHÆx@DDDDD2åà°s½ë@DDDDD‚2)Q·Þu """"¢??‹ˆˆˆˆˆH¦\ï
Ñ+âšð®wˆˆˆÖ“>^³ÞUx0müN$""¢gbç""""""’1‘Œñ€ˆˆˆˆˆdŒDDDDD$c< """""ãÉˆˆˆˆˆHÆx@DDDDD2Æ"""""’ñ®ÉDDD´IùýÁ@P
…¦§1½Þuyq1ˆQ(bTJAWÚ¯këE÷0žºz‰mUÄ I‡l3Š3WšmÝv•mB±ÉˆˆˆhÓ…¦½S~)ZïŠDÁ4¦¥Ð´ä‚’&VT(bÍàöâÛV8\QXWh.tã`tš%3lŒ†}f›Ð
Ø¹ˆˆˆˆ6??°uR(ä?ò/?­l0ŸÃ…o[#Lßh»\›Ð
ˆˆˆhsñûƒj6Š¤PÈïÎŸÒÖýlæp¡­wÁ”?Ù°KÛ„VÆx@DDD›K (­wÖÐ¢­ë^Ãu-*|Ã6ì†­ØÆÄx@DDD›Kèeçnx‹¶î©{×µ¨ðÛ°¶bãm.¯õuŠžiÑÖ­éŽñ¢Â7lÃnØŠmLŒDDDDD$c< """""ãÑš‚ß†»ªÑR¼-ÑROÛN^0÷P¡3fmßaKP½XiÞ¾Æ†æ§µ'
’¢VÃ(3¤£v”èü+.­ÙZ|Ý×¾¹‹Šº?™qó¦´¢âðÎLís”
%(T*éŽ¾¨ÆŸË½VÍ"‰ˆˆˆÖMzéñ¢d 0eïijîjhŽ{‡å…‚:9¿j¯¤ÖE¿ŠÑQ]?â-¯je!gsSOòž,í‹ïÛ{ûšQøö>+w<£.š‘kèÎo?½3Åðù|¼?­e¬J­T©5º´‚’„žŒ¹C¡€/
!4åzj÷†{…¦\O‡ìOÇý
|ÁÀ¼ëì‡|Á@P¡MLLHŒŸ?!÷˜}È>æžën
³{=Á` 0óT(äyj·?yÖrŸèþFŸ É¹†«˜G¡ë¸Òö4r_+Éï¶ÛívW¸B?`¸Á1Û¶?PÈI€ðúæ5EÉí\äljhhê•`‹¹|ç?]¶D!ÒœC7þõs¼ÿËêÀÓyæ³‡9Ÿ³=Ï©©´d]ÁÇ?Ÿ?Æ‘Ú•6¿Iƒ?ÿó²úƒ[:ÿåsç‘Ÿ½m‹_ûªQôýS€¨PL=¾Yß®Øšb2³Û†öë]^½F…À”d(Þ·cËÀ•‹-êâã»ÓTF;ê/=ÎÚ{Èôø¯=µ'
’BÞþÆ‹7íÐÅ©¦&}0Öí²jaäyË@IDATÞ¾Æ†æ-;>(Mð´ý¯ã…oï³ª=?¯}Ûf´qJx½SÖ?(6¯Iww'NÅUkQöRé;w¢íêÍkú}5YšùO„F;.^y4«AÀ2Tï+·L=<±¹»~P˜0v¿áÛÈ­)ÂÕ¦Ðùí™NdÉ?FÑ²–ñÀÕ}«ÕÙÏ»·îë9÷›¯ïþøÿ¤ëEÐçh»ýè©-Ñ´FõŒ
eZá.ãgÍ…iEúÙ‰ÞžïoKþÞ½öÇï»âb×µ†D3$¯ÓñÔ+B|’Q+ÄÌLŸ
@­š}eÁ€?¨c#Æü—"ùP­Mµ§%÷è°Û¨ãÍý¯BšštOBgˆ[¼ñQ*ÿE¬ÙËAô¦±÷´·÷ÀÐ O‘Rš‘;€A_ÜÁ£GÔ€³ó¯¼¹»š€ÀpË™¶ÞÑCÙÛ-Í=ýî´l]ÈÞûÈ£·¥0õX.20pï¦][¼on"àêjø¶½õqÊNkäõû†3jß)HàóÞ”®öbrÁöÜ¡oÛîô&ïÜ:7ÙÕu³g*sÇÛ%I@pèÖù–®1KqÞî’±úÖæ–?ÁÞH)ÙWœ¬Á‰ZÝEv.Z+k\ÝÎžíM<TðÜK:î]{`:ðã]áÝl¥:1£ê`†üd(èrA¿Õ žùxœ£O}ê$S¢6ü(ù|AA­†Ë>äQŒ‰š™Í+Å™Œ‰êÙ&¸ìÃg|Î!{P»Õ¡ÝôYÅç¯wÙ‹ÊgrŒ««­·¢²6‰z“q¶dÉë´?JZ³Q¯BA_@RªÕò¯tÀç‹QÏÌôùæ=Eôò¦]¯|×Ð1¥7Å
<SI_]w |k,0|ó7çqüã?æ5Yópóç'[m'~QÍâýÎŽ/wL­PíiÉïÏ{c?×Î7zô±ZE¸¡Œu'ê¶=ïÀ‰Þ½Þ#ÅZrwÖ.ˆQ*9RÀ/)DqÙ/?5y9ˆÞd*]ê¶šÌŒ½HIKOP€ÏùÔµçÉ½ö'BeÀ3î}Ëš‘ÝÒÜÙ;–?;ÑÕ²T¤j?©™²ÜOG€C"@Ÿb?ëlqNÀª‰¸buBR‚¢ëÊ™‰ôÔ„„”ôÌäWµÅk/!WÅèÅæK÷*föòà³O!Ö3ÔÞ: à<—ÚìªÝc—ºµÖª?Ù‘Š¢hmâÁL6xÿPîswô™°?q·¥%.}F²7}óerò“|Î›kOü0G©ÝøíÙG‰™é)‚óì7S•ï¾_f‚§ëÛÏÚ…,Á¯4%úºÎè«>x»Ô(†n?üfÄR¼Up5×»¶?ø @×ƒ¿|yW™“¡—ÚÎÚMGÞ­Jàê:÷yÃHÊ[ÙêæFŸziw9MÖ[Uß?}ø¸Ä”&>n¿î©x7C0rãß?ÇG¿¬IApèÖÿœ³§š…§7¿AÑûu¹ž¶ßœÞýi¹€¯ëÂ6ÄÿÇ]i õ5þ{»ñçGó_Ag)Ú$­çÎOæ|ø¥FQžâwt6Û'°uÍÏm™+>úY‰B\Åœ«$9ÛÏ|s×—›nÅäJóyºÎÿ¾7ëïçÅ­4×bÓÞ?Í®ý­%¼Ôt`ðÆÉ¯®t¦±=ÏïÒÔÃW?¶wþ±pÉWUtÊ_–·ë»_õdþÃò¥Eýå zc™²
KVì¸@›’cKïR½•¥‚Æ–ßý`¨_36(fL[øi‹Q!)"”*Í]H²|;ÓýÔ1:ô¤ûZÃ`QmÍ³¬ÐdîÚî>½ù{‰?q)Y¶­á1¶B…B àðŒØÇ¦¤¼x­ÖZÄgëÙ³­CÀÐ¹ÏîŸ[útZí?ß/Ž°÷/JAh•êåú¾ñ†r÷OŽåé?š’»þ¬¹ûÕf/SŠ2¥â'ŸT‡KÉŽûýŸ?”™’à±”ñÉ;ùz`WAËÿüæV¯í‡™#?ñ5?ß?¯ÊwÆî6\Œ«ý‡½i*¹­'¿û~Û9Î§íù}T“¢?.ÿªÏµd¥iù5¦_ßí-KËÑÀ÷èî-SÙ'{DI?¿ÌÿèÝ"=€âÔ¿ºó8koF9¾ì*7¥`ìA»]w¿çÉö´4¥ïq÷ÝÛ?1Pô8ú;¦
wçýN‰FÛNã+Y¹R%FõûFÐ§o?j3ž^kë?f¹a1úÂ=ózàÆ¨,™YøÊåžçgyÜÑ?”¥Ù jå¿„h¿D›–ÚlIQ´wu»’óTÓ>W¿=dµ&Úô,K{{Ó½PR~qÂÂþ)éÚîþÝVCfüdoÇ}¿"Û”„D008”«Oœzôà1?·aKŠÉ¢3Ä†Fº¼¾5úž°mƒ%¢E¨ï¢s-Ö4Ÿ*©°"cèê#wø¡Æ”ž¤¸ùðQN²-A
ŒŽHiéooãÍÈ¨=œ2pñúÅÆøÃ{¬Z…F¿E?GƒOÆ-[ÕPÇò-šÖ¢53«ò¿ÿú>ªŽ©HYÚ!L©Z±“˜RPÂ\:}r¸ÿQê¶Zù‡VoLÁwCÎeã ¹w?²Oøß$ÃÌÁþœ¹ÓSÒÑèGŽ!µÀ~ñ\ƒ3Ó’ºÕ’jŠWzì?iaj»a¸ÃqSp?v#ëXJ8°ªLÉ,‰@Bnaþ¥öWNºÚûJŠ,Ú/x:tßƒì®fÀ7¥uy¦?–]–ôÅƒÇ)úÁN©ø‡{Üîê¯NKé{ØVôÖv¨£(óøÀòÖBSƒ·¯4v8œˆµæmß[fÑÌôÉñÜ¾t«gpLÒ%›rËv–l?¤á;g.*NTYä¥Á›_ß×¨Ë›yëû{¯~5œ~|GºÔséô€åØž­§®`×ã@¤Mn^kšR²Šöw­‡÷f-ý5ôfÃ36v¸õÔå.¿!Gý©v?µûÃãüU$¦¤–VVlK|ö‘(¿g&Sä¤ßÙqóZ{ŸË­ŠµX‹ª+r”ðö\:Ýjw¸tj@cÉ‘ýY+?¢Y©|ï`ë?;ýNOlâ¶’?Õ¹‰b€©žËgûR”î^ní˜R¥fíÙaKP:ZO]yà™‚üô©ûrw½W‚;_4bÏaÓà•›wRR¥Ÿ{9ÀûäNcKWß@@›š^R½=Ï 7ÈÜt“ÑZTQ‘^5Í£µîÜ=uíúÍoºBTñ–Ê+”@¬%'½}°ß?“¾øÜ¥"¹`_…ïZË•“w…*½pW‰E(RÞ²™®v^­ïWh3rÌò€ob¸ãö­«AP%äìµ%¬Ñv˜“‘3SÓä­H¤WErÁîW}kø‘&}×Ž©Æ[ë{B”ñÙe‰qm7›Ç¶TÔ$i‘´·Ð}¾ýJ[|]iRÒ¶üô?ûÍßýú¼ÌâáÔ(Z“°¥Ïª}÷=áËSgu*Š|Å¡eÅ›¶;žaP
±ðg»ô„­R¤HeÎÖ/ÿûqÞGµ…:nað®æŸß„ßBÁ•ˆÏ­ûi–gÜa·w7þ¡ÑrüGÅJ5tÆm…ùòNa©R…§CZø$i¥+êÌ¼¢†KìF´NVÖe-ù­WjaÈ.(L?*(„RÀú–éjÿPþ–N¼UkÜ:‘¶£¯$ÔÕ[UTË0LÑdÌ«46]>{Á¿½ÔjÒi#tÇï»v%Û?½?‰Î†o.é?8œÀÝYÿ‡VÍžÚ#µñ¢oüÞå¿œrú`OªÊœšêÿ¦w¸ÜÎþ¾Îfû°¾Ç‘W>%1Ùý}o¢m»x^Çdøó*yì“}W.Z#­ÈÑúÕLûk?Ž¥‰‡?îÛãÍ/z›QsÁ±ã©?õÿÓ—µïPn T?á›_}5b=VwÂ(ú=wê¿<ç;q´på«}OOvwšm~–ƒÃ×¾lÊÚ{ø}“ZšèkýîOõþÍO°î<¾uàÆo®¢úXu2 Z1?¬Pþdç™?ÝÕ8ôá>½ 9^ýî¤wßß”É799ØtQ²mßÿÎvµàFýÕ3mIWn,<rÌÒuî‹GÖýmz@P#‡½ïBƒ«°dß?öÄ‹ÓðÏ½ð>¬ÿmKüáÃïÔ’³ëòù¯¼>(7£·¿ª·—¼{|‚
ÇƒÛ]CUV~)Ñ&’T|âhñÒÉZkÍ‰ãˆ[Í1‚Á?B©˜;Q 0Uù r^q¥G?(?-£ü !_H¡ž·@RÎÞwrB??B¥
äU§Õ¦!Ä(Uk9ñÒÕ5¼Ú|êì?,<º«ÍÞybvŠ*!wß¡ÜP(R¨Â_8igÛqÖšw­³ÿo?f­”›‹¢i­TmÝûî{E¾îG±?ƒ±ä@©ï»³:¾ 
zœÏ4ÙÕ©™ÅÎöÎÇ>ðtuÞ5[“­>Chõ‰xb·Kàó»„DƒQ«V«}öÇ=s¥?¾_Žã]÷´ù)I€Ëá(µ‰)¶êÒmÎÑq¿:%»d¸ãÑ(ÔjµZ­†Ë=©€)5ßÔq·Ë’ý~ÇÃÈµÒò+”M§ÿÒ¤-Í]z©%Sj~JÇýG¾pÁ‚ä
_ÂXŸSh½ué/­êüÌi¹¥?šÎ5;*¶¥qP2E—fÛáŸÊ”z¯?üýçÿñéþx¦¡µÏåŸž›A´íÜ™“¨‰UiŒ…ÛËT=Ž§ õßitæíªÉ3Æ‰±*?¹´n?±ýò]cz^l÷PxGsª¯g¸p{¾ØÑï—éêëÊÌ³FØ3^nE7¥êÚ½áiŒùû+RVXð,J•« ±*1V%*×ÃÆVq×¾*‹^%ÆÆ%äÔ,™¸ÜÜë_±wç•ËnÛ.[„nBî7ïˆ%u•]¬JŒKÜ¶s_¥ûvso‚JŒÕ(¥Z%Æª–$üŒò‡Ûo?•ìÛcÕ1€2q[uiBKïðÌK6¹µt‰Y«õ™Õ•×»bUq*‚*.V%ÆÎ†@!oçÞÂÔDMìÂX8=|çÊxem?U/sv•oiêàµ;·åç&ª„qÆ¼=ÌD+RÎÏ«2?ÌMŒ¸³«\Ûl°á(f²Á3gd6Xkøe¯žðž‹?Róî‡ê††?ÿûÙ¹û$AmÚýÁø¹Sÿþ)ô?„¬š·ËS@ŸVTÒvö³¹´ë£.ÏÙeúòôÿm¶ùÙÛ¶ƒ¶óg>ýÜ Wr-Ûæ
ÏÉÕ÷œþìœ×ç÷¼ýnšW÷?‹§ì}\ÐåŠßu,SUöžw]çþúÙ¿Õ‰Ò*?Ôa*­«8ýÙ¿6nÑê³ŠR²±Ì?CŒÖË§±'+R‡cSå‘ƒ—Nþë%¥V9L¬ØWkHT+ N³•œîÊ?MÉ(6~Ÿ_»¡¯äJ¯+MjéÁÔRÒ”Ë9Ðuíâ×ÍÖš?÷e†Ç#¤çÞ·qš-šðš×p }{ÊÜO“˜’nu÷ŽyaÔ·•Äý®wpWjº05ÐÝŸSz 'ñÑÙþÑr£î?.‡­Ôé'mÙ!uû¼‡B¢1QÜ|Éå6eÕÎût-Yhu8‘¹Ü5|Ü?õ¸)Ôž¨Š´!’ó©Ë˜“:wÔ£%MOŸÌZí5?V,ßåx"rüƒƒ3S¦xêôÀ©¦¤Ù…Dm<'=À2÷dM5Góår’r}ƒƒ3S¼?œã^˜5©™ÖÆ«gTå%&“aþ%ÜˆˆèM¶A¿ïÕ–Ê#W}!åÜ•FUÆ’£?/%…rîg4>{ÿGÿ¼'A ìÝŸ—Iáÿãkßÿy­43}®hmö®÷‹vƒ˜þ¬M«>òq5+˜ÊŽ|\v$””³•¦Òw?)J!¥ 0ï|á¢Êçüð—¿\8)¥fvŠ>kï»Y{b~.Vgïÿå?Ï>2Uüô—/ÒnD«'Äê?9åï$)¾ø¢³o{æ¶†ºý~Ê%hÂ?ýt©9æ+ý;ÓM}]£%æ½6Wó‡îár£¦¯Ó[¹;}Cð’~¨‹«é²!aÞÇWÏ4bÏ‡Ë]r4$ù¡V..OZ¦×ãó—ï÷O-š’XtÔ¨‹â…¦‚þÅgNó?'oÄÙŽþ]ÊpOÇµkýN?¥êÃ6Ç½é¢ô–]û±ì¥F_„Bá´›bÉO1Âàÿ/°ôÒH‘Š…réDå³ï·°«<gF]Óòeãæ¨Äg?×%šqÇ1ËÌágiÌ1 JªbÓgeß~Ø—ãîÏ«1Ðeå[ÿÐ5˜¡i?Úöƒçº,R¼Þ¬ºÛ÷$`M“û#ù‡úû€¬ç)c1•¨†„™Þ8¢~‹~ÐáB7ót?‚5R·@¾õÕù‰’÷ç-{;•.I50l—Þš½§?Ë1kÁÊCV_þ–„d<â-©Ï÷Õ*¨DHÒÒK<D K4c@ÐY,× êÍ9…æœÂ?ÓÎÖ/ÏÜÈÙÃ>?DDoºhvØÒ¦••¤mä?ãÚœƒÿT÷Ü7q&zSø{/üöÔ…ûÃî)ùà¶ä¾}µu(Ç¶ÌÝxfˆé…åÒ?›íŽðqfÿàÍÆ^c•m¦÷L¬5Ãü éJûtAV8Ä¦f§÷_¾ôPS’ó|MÒKw%vœ?w³Ïé?r9ºnÕ·Ž/»_,üSÿ”7}ÿTÀï?tÐ^ŒOÔ9;z?§#ƒm»uðÚÍ^¯<:âþå“….Œ$9nõ—ó¾ÝÙbxEÿT`éŒÛJ­=Í?}ò÷÷×?™…™Ï>¼¿ºòUÖB›ÿÆµöÑ™SŽŽûý+?”˜IA]=á?Ó+Ïš^Xîo¼6óâ~Ggûã)þÇ?}3’¼ž)a“õ}&"Ú¤6×1l?w ¦ÍLÌÜuTj¾}å‹+S¾ð•ÊZ²÷'e–gÝK0W©»úÝ×¿º+ÄÁãWXËëŽÌí·‹™¶Âï.9v§Ï\x'Öše>ß=±ç9?yÐÙÿ$îNcëÅÓ·ÅÄ¬Òº:}Ã#ßÖÀÛõÝ¯.:äõŸ·H¯Št#0cI]áÀ_ÎüÛ5@e;ñIÕ¶ƒužo¿ûí§×ÕqðHq…{ŽîI‹0xÚÑ}8€áó§:æM´î{ï¨má5
ãl‡ßöÖÿõë»¨ÐJ)1³öýšÕá]eùBrÕñÃ·êÿ|Ù¯Ð
Ÿ Ï«Ü?ûÌÒE?¨úú‹ß5ByÝ/ÒV˜U0W;ÖrñÌïïøD•r2$¤¤oß?@ˆ<üöOg\*£î1É\^w˜÷X&"Úb¾øº~½ë@´„ç½ÀÄ:±?Ž[")})’? A!®|=?¥¦%¿bì+LÙãí_|>¾ýg5Ö—^§4€zÞE{¦%ÏÝ+ü1Ï¸BÑË–?ç¼—Ùsnãâ&š-ä¿èDkÏ=15ýŒ3k¯±ÄèâçÎaþ×9„Öl[1øÙ¡¹‡¶aµÉËvš«êGºîìÞþ¼‹¼{HD]‚¨z‘=ãa­w­·ûœÞp¯ù)Gûõ»ÎÂôÔh¬SXtAÏ!šÙ |Õ5m›¸Ïñsnãâ&š-„Ù€Þ8
Å›<Ê~ÑÖ%-s9³¨XTø†mØ[±?isu."¢Î˜c¼uí«‹Nç R™·•ÿhûÆºö½TJAò¿è7<ÕÂëªd›áxþ»P­RöÂ>‡¶aU‘.@CËa< ¢?$ÎR²ßR²Þµ ¢7›(*AI
mÄÙ—$(âÂS?Å™è^“„`Ô£8sÁ”?Ù°KÛ„VÆÎEDDD´éhbÅ×eÚê
…&6ÂÅ&–ÀÕ+Ï‡³ÁÁHÇr6ZÃ.×&´f)"""ÚtŠ˜8­Úï‚R(4½1Ô®RbŠ•RXî¹Nƒ÷v ­ÝÃxê~©‘ÊŠ$é?m^|Þ`n†?Ñ°ÏlZ›Œˆˆˆ6)QTnžÝÇâÌe÷é£nS5ì›g?ý!""""¢õÅx@DDDDD2Æ"""""’1‘Œñ€ˆˆˆˆˆdŒDDDDD$ã5§ˆˆˆˆˆ6…O>ùdéÄÏ>ûlþCž= """"Ú%?ˆSˆˆˆˆˆ6‹ùy`i6`< """"Ú\Â© b6`< """"Út–ËŒDDDDD4‡ñ€ˆˆˆˆˆdŒDDDDD$c< """""ãÉˆˆˆˆˆHöÿç¦"„2_,IEND®B`‚' height='200' width='200'/><br>]]>
    </system-out>
  </testcase> <!-- runScenario -->
  <system-out>
    <![CDATA[<br><img src='data:image/png;base64,‰PNG

IHDR
1K«Í/sRGB®Îé
ˆIDATxœí×1À0À°¬ü9g?9´‡„À¯¿Ý€™s;x…=b€Ø öˆ=b€Ø öˆ=b€Ø öˆ=b€Ø öˆ=b€Ø öˆ=b€Ø öˆ=b€Ø öˆ=b€Ø öˆ=b€Ø öˆ=b€Ø öˆ=b€Ø öˆ=b€Ø öˆ=b€Ø öˆ=b€Ø öˆ=b€Ø öˆ=b€Ø öˆ=b€Ø öˆ=b€Ø öˆ=b€Ø öˆ=b€Ø öˆ=b€Ø öˆ=b€Ø öˆ=b€Ø öˆ=b€Ø öˆ=b€Ø öˆ=b€Ø öˆ=b€Ø öˆ=b€Ø öˆ=b€Ø öˆ=b€Ø öˆ=b€Ø öˆ=b€Ø öˆ=b€Ø öˆ=b€Ø öˆ=b€Ø öˆ=b€Ø öˆ=b€Ø öˆ=b€Ø öˆ=b€Ø öˆ=b€Ø öˆ=b€Ø öˆ=b€Ø öˆ=b€Ø öˆ=b€Ø öˆ=b€Ø öˆ=b€Ø öˆ=b€Ø öˆ=b€Ø öˆ=b€Ø öˆ=b€Ø öˆ=b€Ø öˆ=b€Ø öˆ=b€Ø öˆ=b€Ø öˆ=b€Ø öˆ=b€Ø öˆ=b€Ø öˆ=b€Ø öˆ=b€Ø öˆ=b€Ø öˆ=b€Ø öˆ=b€Ø öˆ=b€Ø öˆ=b€Ø öˆ=b€Ø öˆ=b€Ø öˆ=b€Ø öˆ=b€Ø öˆ=b€Ø öˆ=b€Ø öˆ=b€Ø öˆ=b€Ø öˆ=b€Ø öˆ=b€Ø öˆ=b€Ø öˆ=b€Ø öˆ=b€Ø öˆ=b€Ø öˆ=b€Ø öˆ=b€Ø öˆ=b€Ø öˆ=b€Ø öˆ=b€Ø öˆ=b€Ø öˆ=b€Ø öˆ=b€Ø öˆ=b€Ø öˆ=b€Ø öˆ=b€Ø öˆ=b€Ø öˆ=b€Ø öˆ=b€Ø öˆ=b€Ø öˆ=b€Ø öˆ=b€Ø öˆ=b€Ø öˆ=b€Ø öˆ=b€Ø öˆ=b€Ø öˆ=b€Ø öˆ=b€Ø öˆ=b€Ø öˆ=b€Ø öˆ=b€Ø öˆ=b€Ø öˆ=b€Ø öˆ=b€Ø öˆ=b€Ø öˆ=b€Ø öˆ=b€Ø öˆ=b€Ø öˆ=b€Ø öˆ=b€Ø öˆ=b€Ø öˆ=b€Ø öˆ=b€Ø öˆ=b€Ø öˆ=b€Ø öˆ=b€Ø öˆ=b€Ø öˆ=b€Ø öˆ=b€Ø öˆ=b€Ø öˆ=b€Ø öˆ=b€Ø öˆ=b€Ø öˆ=b€Ø öˆ=b€Ø öˆ=b€Ø öˆ=b€Ø öˆ=b€Ø öˆ=b€Ø öˆ=b€Ø öˆ=b€Ø öˆ=b€Ø öˆ=b€Ø öˆ=b€Ø öˆ=b€Ø öˆ=b€Ø öˆ=b€Ø ?#¯_˜>™(IEND®B`‚' height='200' width='200'/><br>
<br><img src='data:image/png;base64,‰PNG

IHDR
1K«Í/sRGB®Îé IDATxœìÝwt\Õµ?ð½Ï-S¤Q±Ü{7Æc\0¸Ñlj¨!„B‡B^ò’?„??¼—i¤/Ô`bÓ±M˜blª±?‹\dKM¹åœýûcF²dY#i$<ï·òý¬…Ö?™sÏÝWZß=gŸs8•ñ€H•:ø¿éä!=€<¤?‡ôò?@ÒÈCzyH éä!=€<¤?‡ôò?@ÒÈCzyH éä!=€<¤?g—:€_ï¼ùš1a`9Šˆ?2¢Ø&&Ò,,¤H‘PîÝnbb!Éf²A¨Å¨xÄNTTöí[•¨¨ˆ—Å˜5‘"b"ÓPŸ\ûÎ–íéÜYû¸¢V$Ú"f2Ùm¿cEÚ?%¤-R!“#’±ÉÒÍÁä»kÐFî¢D²V¢”‚ê>‰a£&õ€nCzP2N8Þ$Ói›XÄ!cÉÞOåÌL$"mD„Ú?ˆ?b–ü¡0,ÛéÛ·ß¸1ã·ð ƒ®ªîk9®eG˜f·å*O.{ìœs>‰*¦Ü“;±ˆpëƒ|ÒÀD$"¬ˆ¤9X&f’ü>I.Ë`!é(`¢6wGÍW$1ÄŠ³ÿÓGÍ¸{ñÊýÿ×ø÷„ô d.¼ð2·ig£[?F‰É"+|¶åödùïÕYšŸßE„)ÿxÝüœ?{L—0EÄh-ÌS&tøìÙÃG¯H$
3aÂ„/}éKŽc;®CÒêÁ?(?
!BLù¨Zôe_Ù‹jÎ¨]ŽADœOò‘S>™hé¡å^˜©±)}Èø‘ûáo9œÊø¥Žàß”Ñ…»Ùíg1I~Ð`ÏSvîQ\„òßÃ·|OÍÏç”?Î½#B¾ï'“??ï?=&_¤ÓeAd2ÇqšŸü‰H˜¹å€Ú|·Ÿe_KnÄCš›µœKm8?ä°'ïÙóNÛKQjeÒìV}2ØFJæˆÃf§¶*.¢‘!¥ˆ&!²ˆˆH1“2DŠŒ!RùcmH)bMd±6¤,bÛ±bñøü9ó.¸èB?ð\7Ò­`žyæéË.û¢"Ñ¤lâ?ÄfŠ²™C‹ŒaKEÆ?•56¢–/Œ´Õ)Öš”%¬‰lÖ!)[8$±É„­/Úú}ÃæN»ýÎ{ÿ·û‚ô dÆŽãx‰Ý:¡º?ç8‡™?Hø†xÐ€þ'Ÿü©ã??¾OŸ>EtU‘¨˜2eJÍõDÿ0…¡:tx©ãø7‚â"€’qâ0MnewÓƒæÂ~ñ}ßóýò²2fVªGkUcÂ0°·¥(I„r¥>ÜÍ:¥}¼w'ºm}]#Bþn?*ztFJæÔ“N³3É?Ä–1ù©-{¶¶×£Lb$u2Y¯²¢êšo~sþQGõøž^zqÅw¾w­Ý¥4£eFqë÷s~ªB·sŒÜâKM^pÜ3¯ýÑO»w2é@É|üñÆh¦i³6N~Y 5OÚm~Ú6’Éf'N<ð«_ýêÜyózžQc2µþã?H“²r“?;êµ˜Ò£–åP»‡©)?Ý1fHW€â ¸ d²éT9%¨Òæ–ì å{ø6L,&TŠ„È÷}‘šš×u^¡{êêê˜±Ê¯1Ôj?¶­‡dOxÍ;"´‰|¯1?6Zµn¹P›ƒ\-”à¤ŽõïÅÛ€0zP27~ÿz+³+iU)ÑÍïí;= fÑ¡ˆöýpÈà!ß¸æUU½³Ö§6&“N~ðÆëoÜ÷ÀýÊRœ_}hŸuNíup7tØyA0å€Q—|ùÝ½/(FJfèàéT£Å?,”+Ü7FÆŽËOo9þÄ…–²Š¾®çyï¿÷îëÖ½»úÝw>|wÃúuAn¯Ý¾nã{oÚÜ6†âäîŽ;»ÍöW4FN:êð?/~¡øk@w =(™[7Ûœj
£vËVÈí´ì†A&•>bXMß¾=¿ôöÚÚ­µÛ¼Àw×²”eÙ¶m)Ûfcš7Zk§yc´â®Ø¼árWÛ1‘¡DÌJôZÜE »P\P2KŸzJ™´oÜ›
“1¦vkí§N<ù°#fq•ÚíÛžZöÔª×WI ©y‡bË²•¥ò{!­c‰²?~üïÉè"²
fò=²åÂÓÎéÁ• 0zP2ƒöÏ4ÔwåÿÂ?^øÛßýfäèQÝêÿÕW_½û®»ÿúØÃ›>ÞRt?%wòü.]Yê(þ]`ô d/zÂdÒ¡í&Ü÷óL^Æ#EsfÏ©¬¬ìnÿ±hlæ¬ÃŽ9æ˜xy¼,^®µn5`ï:Ž•L6uÿ&>A"âD¢}b½²p+tÒ€’©O6::™öÊ,2{ÕÞ0³ˆ4¥ROš<é É]ï3ÃËWn­ÝJ$n$RUY!BÙL6›É¶ô\Ü‚¢OlÝC·Ngæ†¦ly¿XÑW€îBq@ÉØ?š­ßâuØ`Ì˜Q?=öÄ¤Iv©;¡×W½þÝï]ûÒÊåõ?½gi?0oÆCO¢¸`?Áè@Éüò×¿S[Md #Í›ˆ11­³Ùàˆé‡u57 "¦m;·/8öØ3>}šmEEBn·•@«MÍ˜H$·£™ˆˆ?äöCk©?’6!µêaŸ/©mºß‡F†W¢¸`ÿÁè@Élxÿ}ì0±AÆ‹Å+Í¬_3uê!]ìGH^}åÕLÚ+?Ç¬ˆk)‹˜•ˆ°b!fE¢…UnÿÑ:0F~Æ"îSUIJ‰6"D$lÙ,bX©==P(d3"abÃ¬ÄH¾êˆ‘Å¢‰•1"KD³RdD˜˜I(l³baf!f1†9·›‘==33¾®Ž5Ã'}’Øé@ÉL;Æ4ínTW±ˆ1D6s M&“9çÜsýË_E#N§?lÜ¸ñúë¯¿÷Þ{£×²lË¶?6ÌÌLÚˆÅÄÌ¡ÅÄJ‘1DdˆÂ ¨éÛoüØ±ÃF?pâAŒ·æ?57Üp=31+ffV–¥r=³1BDJ)c1)fÑD³¥˜„H)ÅDÚ3+&cH±+#B"J©–;-”;1ß1-¬“6b+ªO{ÇÍ›õà£KöËP\P:gösaº.´Ê˜%_OÃì{~¼¬ü+_¹²+¹­Y³Æ¶í+¾t…ø6[ÌÜ¦v‡òÅDZ‡AŠˆ:pð¸ÆOŸ>mÈ°¡ÑHÄ¶m"špà„­µ[=ÏWJå»6²wW­Š“ö.êâAû7;î“™Ó=óÀAÅÿŠ ›0zP2õ;k£’i0qÅ:÷ŽÑÆRÖðÃ»rz†>ZŠvW)¥”ÊÏ! j)àWLA¦ÓéÊÊŠaÃ
uëùÞÖ-Û˜…:-õßçCÿ'€‰E¸ÌÖñš!Ÿàe Œ”ÌQÇ§›ê2ì(ÎON'3Ÿ9çìÛ~ñÇéäÿÏuuu_ÿú×?±$s™UsV°Gnj¯ïû$ôé³Îúò—¯0¡V¶ÕQ‡O=ùÔÅ—\bYlYvûÞö(z]Óî&BÄÔ”
Î:nÖ­w>TìU {?”Ìá‡M·³»šÜ>"2F´‘/œ{n§¹½üòË›kk?YxŒc;ûzfg&JeÒa¨?uÊ)çœ}vYYYáûô©ž>cz¢"áX¦û3;Èí{Ð˜l6fB±×€nCq@ÉD\¥ÃÛî#F[–•õ²®ë(Uèé<Çó¼À#ÑˆÕ<O ·ÒOîÀ²¬T:•ÍzUÕU-ºBkÓ¼âéžÞš×%j©'’\îAûl¶?%W&Ô¦“®?ÈÄBLAƒG?ä6Ð[0zP2§œtšãèLÖ°âÆú†#‡ÿò—¿ìSSSø¬ž}á‡?ù¡—ñbÑ¨!­™)­™Ørì]»võÔÿÚÿüÞÌY3ºÌÓÏ<óýë¯wÝˆRl)K“Ë4Œ£,KDŒ1–²„E´aV¬ÈhafVl´a"¶”1Ê²rlY$$F³RL¬?VJ)æPkf¶”ÒZSîÀ±-«åÀ?¤š2óíÿºÇ¿lè¤%³}ç¶ˆNïÌŠcq:ëêÄSªút’¤Ò©{îûÓÆõ”e)•ûº=ÿe¾ˆ(Vž$*ç}þ3gMïn<;wí²‘Ü®D’ŸÕ ¹ÝÒ¤Õµö\”ˆ™YDrå@-mÛçÆXDˆssŽ13íãÄVW¤T:½£iD‘¿_è>”Œö3ì?2a†5Õ}”ÕI-?Ñf÷îÝÊ¶”R$B¹YÍ9YÏ#’Dy"‹u7˜0šš²Ì&÷2ÿ¼ž_©ÕFÆ-¥V˜¹Ý¤„–¥ùƒ=?Q«O¹í*H­nŠˆYn˜ä²¾Ý½(FJæ›×\“mÜ–•x&?ºàÂóO?íôÂíßzãÍ›òã Ô¶²òÏî9B–m??°ÿÀoü~¹½¾ê?[o½•™ÇÏËj-¹Gú–ÇøN~îÕcûeO÷J'ºðÓ0Ïž2þ’¯~§ˆ;€" =(™eO>m55mÉ¦*×|ë›…û¾óÿøáG.?—“í¸bt~è@)ßó˜Õm¿øE¢²¢¸`¶lÙúøc?+›s•EJ±í8b±Ñ¬”Q–Êí|l´a¥Œ1J)1†ç3#ÌÜ’-p~†q.Åh5P$†X‘˜æ1
EbX±a¥ÄRJŒ±,Õ˜LÙþÜKŠ»%è>”ÌÖÚõeÜXTE,5røî¬²hý†õ¤H‰eÄD¢Ñ¬Ÿvl7}Ûrê¢ndìØ1Eãg¼­Û·f²~6ðE„ÈÄ£ñL6‹Å3™t,M§³±h4“Í$ÊË?PyyY&›?F#^Ö?Dlß7ŽcaèØ*É²Äf"ÒLŽ‘À¶œ0ôm;Y×?z^6?f³™h4žÉ¤ãñX:?‰Çã©tº,OeÒñx<•lªN¨xÅ°¢ïº£%óØ_ÿ–õ›$´Ï>ëÌÂ¹?çûwÿïÿnÛ¼5?ˆä
ôóó†«d²ñÈ£?:úè£{ÌG>ºï¾<ð€³?ûÙŽÚè \¿~Ã›o¼¹fõšú††ÊŠJËV–²Ú—µhûf.[È­X*¹yÉ¹ÅlšæÞÉMn´?bàIŸ>¯'·]‡Ñ€’<°CC}<^þ?¼tÐAhùüóÏ/Xp\îûÿØñxùÒ¥KæÎ?Ó“`yä‘3Ï<sÞœyK—-íhö‚‚´çm«­}ÿý÷Ÿyæ¹®\ñòk¯ù¾×“ëvê˜Ù3zå'zh?ô dÞXõª4IYõôiÓ
·¬««[½úm¥˜¹Íl_¥T:?ªéÛoê!‡ô0˜úÝ»ß~gmß>5ãÆ?S]ÛLÍ„úí5k¶×íÔA ?vl'‰X–•[¢T¤è–ó˜9u¿Ê²QÜÃ® ‹P\P2uÛ·&Ó©Ùó
?ÑîúúE‹ž¨ªªh·%“?£F?îyn@DÉ¦¦uï˜’;fu-=P¶uÐÁ{‚ßZ»õ©'ŸNgÓ}kj”RÊRm*?ŠH˜LÚºjT÷O€â =(™sÏ¿¨¡¡~ÉÒeÃ‡,(Ðìî»þ÷k_û?Ž>ýÁnœ3§GeE9Ï=÷âùçá€^[µ*fó¯ƒëº¶cß÷‡ûW¬|ALÏ#Ê;æð©??ûÏ^ë
Bq@É,ùÛ¬õ‚NH$Ê
4{ýµ×7nX¯[‡†[fø)ËÊd2Ç· ¢¢²çÁlÚ´iéÒ¥ƒ‡=î¸–²ŠîÇó¼gž~fÇÎºhÄµÇR–m)“Û¹ËC¹–Žm×7&‡õKL›S(}€^„Ñ€’2tØˆaýç™LÚÃ¡Ã†2[Ì*Ée,”ñ2³Æ?ë•Ü€ˆª+ª&OšÜ¯¦?ÅÅçD‰DN<éÄÜñ»ï¾óñ¦-åå•1×?fVŠL(ì0‡b+"£…¦@ÄfeD¶l2¡°ÍlÈÔô7ý*Ü^¹Aè
¤%süq®ûúå_û¯›´yô‘Ç.¾ôâL&Óþ£xYù“K—Î™Ó·W‚yîÅçO?ý´yóç?ñø±x1û.·g±úÅm·<óÌÓét–L‘3•??êð‡¿Ð+ñ@§?”Ì—®¸âø“Ž)ÜfØ¨áß¸æÒF+æ–µ€˜Y›?ƒN™ÒkKúLœpÀõ7Ü0xð`Çuz«Ï±ãÇßû§{üÓýk?|Ç‰DÇÍ­iÔÅÓYq&:¶oÅ?ÂÜ€’©Ý¼yô¨A¤"5¢Û¶g=Ï¶­–uBs»†éPÐ??öV0¾lÙº¥ª¼¢ª¦º·úl-“Í~¼ñãX,jYVs’°÷BLÍš?b£âŽ­òI„í!=(™Ù³f¼¸|y"‘è¨ÁŽ;O<éø?Ö­‹DÚ¤Fk!¾çžûŽ=¶G;%·¶èñE_8ÿ}úô™>m†íXñx¼¬¬lÔˆQcÇ?:tðÀ~úô«±m{¯?ºnçŽ?W_ý?'/Šº!ÊmŠÜéY©löŒ£¿ýO?wQè.”Ì?MÒcF=pà «õFLaÄbåcÆŒîÅ`úöë{äü£…´úaÈétzÓÇ›Ö¬y[-³G?9eÊ”©Ó¦Nž4¹¬¬ÐDêÂýßrë­Ã†ý×¿þ?Å•2"?g~h˜ÔÉ¾Ð‹0zP2»wíèß¯Òq:|à#;êvZJµ~Šfb-:êº‰ÊÞY³('‚d2)F„öT1‘Ñ„¾ç{b$‘Hä6EfÅ}*«I9’P·³.ÛuI„š—j¥=EÂL"ÄÌ¡1•¶gb˜~°Ÿ`ô d.¸à‚‡zØéx&ðÒ¥K¿ûÝo;®Ûüäœÿ‘Íf?:ó7¿ý¥ëöÚ¢Ÿ+V®üæÕßPqË¦BÄÄBBÄŠH(ÔZDH„™ûÔô?>íÐÏ|æì)S¦t·âè…^¸é7ZŽÍŠ™‘H>O`ÊMK`&fÊxfþôn¾íÎÞºM(é@ÉDìSX A]]] ¥"žplÛäžË“P¨©¬<æH,ºÏZÙª¼¬R)&""&""abbEFçÞ/ã?öøÒµkß¹ðÂ‹Ž[¸ [“¤O8ñ„¿ÿã¥§Ÿ~®o¿~¡ŸR¶cS~Ø¢å¢ÄLŠÓN¤Èr&(Š‹J&ð2‰)UÑQcL6ëç&‰01kmGYV?ö/Û‹£?6Få
{rOç-¹gwf2Fˆ‰Å(¶´HdS©tŸš>ŽÝíï›“$?FDÈ²ìÜÒL¹u™šˆ‰Ø$}B†°Ÿ =(™ÿø?ÿøÙÿü$‘(ï¨ÁŸþtÏã??VU]EÒz
/§S©£Ž>ú’K.éÅ`V½¶ê¿öÓˆãØ¶-ÌfÚ3™XZ<i­³žW]‘¸àâKfLŸÞõ‹Þuç]?üõ‘:šZÀi/8dÂÈ+¯þn÷oŠ?â"€’yù+?1¼ÿþûK—.-++SªÍ–h??Éê>}z7˜;w>÷Ì³aØ¶Ý²!A›¥…
.2¤µÎd½çžá¦›n:õÔÓ”¥
µn6ó°Ã~~ËÏW¬X?F¥]ÿÌÔ”ÊøGÏ¿²û·ÅÁè@ÉÔnÙ2lèÇí°j?•JÕÕÕ)eå+|ò8‚ŠªÊêªª^ÆóüíÛ·m²Ù¬ÃÌÌ¬,Ë±mÛrò4Wþ´—›?œI¥le?;ªë×M64ÖÖÖº±¨½¯Z)m¸L¥b5#{pgÐ=(™»ï¼ëšo]ít¼øÐšµk|à/®ãîÉ„˜)“ÍN9ä óÎûBÑ›”µ÷á‡ëîºëÎÑ#Gœ|Ê)¢eGÝŽÚÚÚ>ø`û¶ñxÔ¶Ý½÷)?æñ…=£¬Åd3™òòòË¾xé°¡Ã:½n¢²bwý®Ûoý…ãFˆ¹Í®LY?œzà˜Ó?wAoÝ&†Ñ€’™zð¤—ÿõ¯ÊŽ·/X´hÑ©§žZYUÁ¬öì2ÌÔ”J2eÚ³Ï<Uô&eí=úè£§Ÿ~úü¹G.Y²8?d³ÙT:µ»®îƒ×=ùô²7ÞxýÍ×ßô}Ï?¸$Ôœ–ìs$?‰(?ÉL™6ýž;ï;vL§—njjºè’KþËŸ+«+I¨Õ0§Óé£gÏüË¢gzë6 0¤%³úõU‡N›dw¼-Zãîú5ï½çÚ6)æV3´1±XìÀ'2õÚèAC}ý«ßÐà„qãÚ÷êeý>ü ¾~w¨“X–?Çr‹QóœåÖ´æúÆÆñcGÖùBn××_£ººšIn?&âÜZI‰ˆ5xÔÄ^ºKèŠ‹Jfí»ï4e’Ýñî–ã®ûàC#Ú²¬6“„…<Ïïß§o¿?½¶?ðÖÚÚ7_[5qâ¤Ñ£Gµ_¥4u'M:°ååªU«–/_ž(/?ÆbJ)cÌ>F„7|ô?1râI'4¸ðÕkjjfNŸñÀŸŒÅ"®ÑZçê¨¼@?PŽô`¿Áè@ÉÔTWÔn|¿²ßÐŽìØ±ãðY‡¸îÃ}~ú›ßüöòË/ë­`¸ÿ?s>wÎá‡Ïzæ™gc±X?–F›­µ[ÿðû?üöŽßnÙ²%‹z™l?ösgÏ{èá¿ôïpõÒ¼úúúO>éï+_r£?ëµ¼ìá‡>öì?ºCP¤%óÁûïNž0@¹ý:j`Œ<ÿì3Û¶ns"‘ÜÎd’_ÂˆÓMMÓgL?ð É½ÌúŸ}êé1ãÇÎ™3ÇR]Z–ôý÷ßÿç¿^öš2å‰„ÅJŒ°?/2ÉÇiBÝ”j:éS'8 Óß^»öå•ÿˆE£¶ëÙ*lò‡é3uöÑ=¾?è”L²n[S2RQÓaz O:h²m»ÄÄªec"bcúínl‚Àq:.NêŽªDbÌ˜15}ú¨.Ïg7nÜ¸qãˆè…_È¤3åååÒz‡–ÙËÌ¯¼öêÀ§M;´p‡“&N¬¬H¼óöÚH4J,Ìô¡êªŽ—v€Þ†ô dN8õŒ¯]~ñ?ùY?6¯¼úÚÉ'?ÔÑ§=ôÐ™gžÙ+ÁümÉ“çž{ÎôiÓ_\þbáâ¢½A°éãM_¹ê+»vï*ÐÌuÝÇyôø“N(ÜÛú?Ö/8naëwN9rÆýKVv=è¤%ó­k¾5kú”ÂmfÌ˜ñË_þ*ƒ½ö#³m»1™4p`o3múÔo¼qØ°av»yÉ…9ŽóùÏ~Ô¨Ñ+–/·Û¶íö[§1s*?2…7^&"¢ÃgÍúÃþ°{÷îH4ÂÄB<°º¹
ôæ”L²~W„3‰~#,U¨ž'•JíÚUµbd)£Y³01Ã^6=tÈPÛí…ïz¼¬·­¶¶¼2Ñ§ºOÑ?ìÜ¶=ÙØ¯('b!aÉÅ*DL©t6?öÐù$„MovØ&‡´‘¸Êº•CŠº£%sèÔiåŽ÷Çû›=ûˆÍ–¿¸üŒ3Î´-KH8·Å€!RDBlñW\ñƒüÀ²¬³xñâóÎ?oÎa³[¼(âYîÿêk«.¾äÒÆ†úÜÔäæÊù?•µÑC‡»ï¾{¦M›^ “ .ÿâåÏ=û¬mÛ:4'/8âÎ?ÿ­¸x »?”ÌégœÂÞ.U`ã"":xÊÁç_ø…º?»lÇÒZ‹1¹9ÊB$D‘h4Âž§C‡ýô™Ÿ>`Â„žl´vìqoºñ‹–,r'‰Š˜Pk/›Ée5–m~¸­v[áNÇ¹üÒK«*«³^Š•5{æ!=ˆºÅE%£Äç°ÞSUenœœ#"™TÆ‰8¢E8ÿe<Sà‡:*«*{ŒÖ:›Í(ÛŽºæžnÆÜØØ?ÄrA¶™ŠÀœjjªLTXN'ùLÖ÷H‹²Ò!%ztFJfÞÜ£¨a·ÐïÁ{1bx?–®ûð¼óÎkJ68ŽC¹ô€Œ%¶?µq”}óÏ~zÌÑ=Úà©§–]yå—?˜=û÷¿ÿ}ÑÅE9Ûjk/¹èâõ›>ŠX.‘?Rd$ ’lJ}îs_¸ö{ß¶¬ÿ‘|ÿÆ‡yÈ
õ±óÿáíèI<Ðu]Úø>åå±²ŠúÝõë>Ü÷¾È-†>öüP¥lÅ¶R¶b'$ÑÄ¶ë¦ï‰Ç‚ 'Á¸v$^V‹ÆÈt¾¾Paý8ó¬Ï?Ø¹µM¤‰C#†Ørì·×®nhh*Ð3|ðÁŽã„–c»=­›€®Cq@ÉXA½¯ª¢+‰n,F,ÛQlå¾_7F˜E)KDß+/?;=øÖ_a*•rc‘HoQCc“af•ï!¥˜ˆÃÐ/OÄ?N&]HccÒˆíª,9(.ØOP\P2—^|‘òv‡V¹û¯®›<yr?Æ¬xñâÅüãËq1D$¹‡x"1J‹œvò)\t~qû(¿ñ©ìu IDATæ›×ßpÃ¡‡NýîµßíìÁ½KÖ}ðÁõ7ÜD¶J5òuQ¾L›6ã{×~Ï?t|!‘ŸÝrÛKË_˜;ëÐ«¿{cÏã€®@zP2/ýýŸŽnÌR<ÙÔxÐ!Nˆhâ·lÙº{÷.¥ö.ef"Y÷î#F?\¸àØ"‚©ÛU÷ÒÊ¬Äô¸¸(gð ÁÉÆÝo¯Yã8NëÙÉ¹¬fÓ¦Í]|Ñ¨‘#;<Ÿ•-ôêk¯ö¯èÑDè”ŒßÔ³Òª¿—IG·ª¦ºÓS“Édyy9I~bÎýgŒI¥R‰XYeßÎûi/‚Ý»wÇb±D¢×*yêëë}ß?¸‘½BÕFg³Þ€ý¯ÇšÍd’É2GT¬˜;€"`ô d~~û¯Ø«Ïh×R*™j:ú˜£N?íôÂ§TTT¼ðÂ‹K—,®HT6?sïÁÌFë¬çÍ?7ïô3N³T7&õ®]»ö÷¿ûý¤I“.¹ô’žï¢?ãF"·Ýv[c}£eïÕ!{~vÒ„/¼ô¢×Êd3·Ývû°~•ç]vU¯Ä?Âè@ÉŒ8 ÝÐ˜&?{9á€Ï>ýìà!ƒŸµêõ×O?í´6hã:î7¾þ?k¾ý­ÊÊŠ.óèÃ=ýÓgÌŸäÒ¥OF£½SÏãg¼SN?åÉ'—íóÓ&Nxñùåýú÷ëèôººÝ‡vøˆþ•‹ž]Ñ+ñ@§?”Ì¦ë¥±¶Q•ëÀ³,+ÃC=´Ó%Œˆhã†?ë7lpl‹-k¯5†DÄqœL&†áa3‹Åc]¦¡¾þ?÷Þ«©î3vôÚ»×â}¼éãM?Ví†DÈu?ƒ:Øv
ŒcËšµï©09|Ü”ÞŠ
Cq@É¬X¹"ªëÓªŠE‘1æÍ7ß<õ´ÓPøÄá#†—'Êï½÷?xÌ%bÉ­b$BùµŒ„™?1«W¯ö<oØ°á.¨ªª*ÜçîúúW_yeÄˆ£F?²¨×¶(‹—½»v­¯µeY¹ùLù%Œ|?ˆÅÊ&NœÐñÙ¼k×®¦­ï"=Øo?”Ì7¾þõ2ÊlJSÔVÌ†¡õóÏ¿pç]wF;C(++[¿îƒ_Ü~[$ü?•(ei­‰È¶,­??±-GëPYÖ¨#¯ú?+O;íÓû ^}õÕ+¯¼rî¼yG}t,ÖÕ1‡N564þ×ßß¶½–„”¥˜IkafÛ¶RM©k¯ýÞ?7~¿Àé[²tù’Ç—?üùÞŠ
Cq@É¼¼òÅLýf«¬Ÿè?¬ˆ"Êd²Šù¤SObî|WûL&³ì©g‚Tª¢ªŠ˜Y˜Y´h&%Ì"Æ"6Ì"&¹k—&uø¬™#ÆŒî¨·Ûv¼øÜóý÷Ÿ3w®êÂÕ»(ƒå+þ‘mh°#ÑPB‹“6*¶_?=jÒäINÿ£?·­_}èáÅ,Õ
EÀè@ÉXìTWÔøN‚Yk!bãÆ#&0O.^rÄÜy?,0‹ÅN=åäL&³ò¹ç™íH<&
‰a––Èˆˆ¨¬l˜YûÞ»o­~›H4I4Ø¯ÿ?áCª*«mÛ"¢Xy¼²OUy,j„T¯M= Ûvì»Ñó?¨å?M$L®EŠˆm;ÛÔ”c¸Ý6-jª*šÊ±e2Àþƒô dÎøÌ™^ºÉX–R*_‘/dÈ4%›.¼ðÂ_ÿú×]™¦LD+_þÇ?üc¶-[YùùmíµªÑÆèÐµía#G÷íWS??=nÃÆõ?>öØ¼¹ó–>¹Ôî½â""úå/}ûí·UVT´lŽ&DÌœlJNŸ6íÅWD£ÞæË¯¼rë?ßzxÙß{1(é@Éü×w¯‹ø?õ*j±‘æ9L¤µö|/‚®¤±Xìºëo8xê´×_yÕ‰ºQ7ÂÌB¹ñƒ½å†r›“‰¥Òij!9´ß¡ÓgÌ˜0a‚ã8½{›ç}áÜAƒºŽË­2!ƒpÀÀ?N¡•‹hòÄÉW~ùŠÞ?
ÀÜ€’YûÆ+•?Ê˜LËƒ»1±“jJ?;¦ºOŸ®w˜¬oxû?µ‘H4‹ŠáVù@[’ßhY”R-‹…aXYY1lø0îhþrQ“É?Ö­s\w¯Nµ6–R'P`U/nÙøþ€ác{1(£%sÂI'…©úF_1·©þÉ=Ók­§L>ð¾:ðÀ‰]ìÐ×á²%Oþôç?OeRÜRÊÓªÏ6í„Z9þ’%K¢½Z\ôûßýáê«¿fYVëéLj=bÄˆ·ÞZ?H”wtî[kß¾éê/Ý»ø…^Œ
@zP2W\y×ïª³#$fïÏ˜”‘º;×®^Ýõô ¦¦æ¿n¸næ¬Y‹??f¶-ÛR¬ˆÚæ
ûÂÌ^:=jäHËí?-“[Lœ8áâ‹/)¯ª0¦íc*ËÊl§Ðýjª?þÔ)½€â"€’É¦›\[¬hBiè?™[¾àÏÏ'ÖY\]U]Ü%6oÚ,$e‰rÇrˆI)eŒÉ%¹Œ!÷?¾EØÊø^4‹ôvzàûA&•²#®ˆ0±??+Öa¨X•w<t@DZ(hÜn"EÞ>tFJfÎì¹••q²ìtS1-¬X1kc˜H)jSQ^ÞÐÔxÄaGÜðýÜ­þ}ß_¿~ýï~ÿû×ßXø?ãØMÉ¦DE…ˆÑ¹mŒ‰´6¬ÈR–1Æóü©S§Þu×]]\1©‹þó?¯yâoOÄbñÜ¬kVJ)†aS™zÿý÷«},¶”÷âŠåwÞòãßÜû×^Œ
@zP23gºkÃÚ]¡?¨¨dRFŒ¥Ôž
&KÈ°ÔT÷]»fí“KŸ¼ð¢»Õ¿ëº³çÌ?~ìß_úû£?>þáGÆbqKYFŒmÛDbY¶1bDâñpà€ÜñÃzqŒ‘ªÊ>nÄebÊM´`#Zdâ
äDd[Î€ÁÃz7(ÅE%ã*m?a¬j²,!!bRŠ˜ˆk-F‚ÀÇ-°E@i-J±1¢µN§3~à™Ð(ËŠFc¶mÅ¢N?MÊŠcŒÑF+¶´"¡ÜÂ Œ¸¶²
Í=¡ Sª²Þ:‚Ñ€’Y¸ðøò'CÇ"CÌ”›>Üz}Ÿ=«11¥R©ñã'\{íwÇ?+~¡OËâÜO/ëíÞ½cÛ¶[7oIeRÿüç?_ýõéÓ¦ÿøÇÿíFzí_‡·ßzëëß¸&›Í8vsŸœK?Ä÷ýï|ûÛ'œtb?Óqû¯6®~õÆ[Ó[ñ@aHJ&Õ”ªû¸!u9ô‰™Y™æYFŒ)¥DŒˆ(e‰‘¼ðÂs›¶lüõm¿À¸^=‹?1rÔ¨Ñžïm"‘È½÷Þ×¯_?²:[ä¨;Þ\³æ?7_¯ª¬!ff&c$W¿¤µ‰Ø?ü3ôÖê··oØØ‹ñ@a(.(™ÀË’Ÿ´bU–e‰bRÌ¹¹Jqn’@ëU†,Ë
ý0™nªªªŒöêìa""’ºº]ñx<‰*ÕkÓ$”ŒŸ&VLJÈ´l¸&bÂPÇËâvÁâ"Ï½Ì.+ì/=(™o\}uuu\Ø£-V†LûýÊDÈ"Òd,R!‘b!²E{/¨ª®þÌÙŸ™rÐÁ½Ì›o¾uÇwL<pâå—QQ¡Gö®khh¸ùæy¾¯˜™•"cHi"ÛÒS¦L¿èÂ
œ^·}ç?~Ëèþñ/|é›½t
£%3jÄ°p÷Î£,›ˆ”ˆ0íµ?š2ŠÛì€ÌÌb„•¥EÆŒýÝï}÷¬³Îêù`Â¢E‹N?ãôc?Yðè_ÿ?E{Ø[ÎŸøó9Ÿû¬e[J‰2ÄL†Hˆ¬0¾õŸßþáM?(púŠ+Ž<æØ…GL{hÉó½t
é@É4ÔÕ?;3N•Eºyj²´ 0‹ç—1"jYÿ3¿ú±!J66Š1Ó¦Mëùj¤©TjÃÆ?••ƒì­Å‹¶oß¾cûŽHÔe&!¦ü¢¦"ÄÙlvø°á?+D^ÖûpÝ‡•1§Ï ‘½t
ÅE%óÐŸÿRå„Û‚¨Í¦Í÷?™?‘gž}F´)++?|öœC§NQE=Ü×ÖÖ>ñø¢ñÆêSŸê•Ò¢u~øÐÃ;ŽÓ.uaÏËNš4iò¤ÉNg¢eË–­~û­iGÏEz°¿`ô d†ì/õ»™I„›ŠþID‰òSO;ã¼Ï~ÆÌ™UÕUÝ
æÁþüÙsÎž>uÚò—–G£±ÞZ6›ýÌYg-zâ‰\fÐ>Ôo~ó›?ùÉO
ô°kwý”ƒÞ´éããçÎxxÙÊÆ]„ô dÞ]ýºÞ½©ÑígIØ“Ü€g3YÇuš’M^://?böìêêî­öS[[ûòËÿì[Óoæa3íÎÖí”1æé§ŸVŠÇm=q‚ˆD¤)•:læáýû×èÁ÷ƒeO-ó²™áj&MŸÓÃx ‹P\P2nØ8 œÓ©”M¤IÛd…Úd7ÿÌ½³×O¥É(R†Œ"%-i³Ÿñ]Ç?Tº¾ÖÏ?û|`BÒ?Fû0jÔèýû†•"-Ñˆk©žÖyž·dÉ’ˆí„Ji_‡dlR¹Ÿš%“LM™zHáÜ€ˆÖ¬Y#ÚDÝ2Ûv{tFJfèÀþ•¦~}ò“½J48°ß„ñvøá³f6jÌ¨AýºÑˆëºV«=~ø¡Oú¬yóæ>ùä²h´ø•‹´ÖW_ýõÛn»Ý˜'T,[¶lÁ‚:©«Ûyü'½ò¯—‰hÁÑG>ú·eEÇÝ‚Ñ€’¹óî?6nZ“v(2ÅíT,­6J?v›&äÞÃ0´ÑA:?z÷½÷I‘"0``,Öf‚Áa‡ÍºåÖ[†æ8N±7D¹½Û&Nœü³Ÿþ,?YÍ3rX©TSSUuõ‘óçîÄq#—]|éœO¬†ô/ïI<Ð-=(™wV¿?eµê¯($"C¤¨y_€æ—šˆ›ßÏ½T­fä^æ2?Ü§-OäÜü²yße"­uÖóBÏ7$Ìœß–Yˆ™mÇv·ªªzÄðáTìº¦»víZ³vmEEÂu#dŒ´[ë?‰'O.´`QÎÚµk/t¢‘PsEÔï7dB‘@7!=(™1#Gxé¤oDq›U}r
¿Ìí#@­ÞÜëå>ßÉ¥
D$$Í3†9÷3§2™cŽ:ú‰Ç¹±b6Yûàƒ.¼àÂ•/­H”—›Üp7‡-DD©têª+¾rËm·Þ¥aóæÍsf±iÓ¦X,žÌxg;ÿO?.."(Š‹Jæª/~ÉÛùQ­$ÖÍïí?tðØ/­>jÑf5£ÞiÝ¸ÍUDDëpÒA“Ù)rìà_¯¼2nìØ©‡N5íK¥˜?°mëëW­ÓÜ¶mÛqÜq'ÚŽ%B~N;p|qñ@0zP2µ›7V%œ€ã,ÝÞmŸ?üÅiîŠƒÀ?ÅbÕUÕ¬º×w:?ÞV»?-?DX)iÉr?AÀFÚ•`6oÚ¤”²-›˜´pœ<§r@‘÷Ý„ô dž|`?Mza÷žÅÛ?/t÷ôöc”ÛªÀÈ1Ç{ç]èú¶hbÌâÅK~ô£®]³Öq]æÜZ«m(fß÷/¿ì‹7ýè?vxû¯~uãõ7ägK(ËÙc?œ÷û{ÿÒÅx ‡P\P2Ç/\°cÓGa$AFw¡ù'Œ9?N>DYÝø§áíÕ«zè¡Êªª£Ž=FÄ´O;”bÏóËÊÊ/¹üÒN{ÓZøÁ3fÎŒÅ"Æ3ù?™0~T·ïŠ…Ñ€’q-²Èg§¬Ô?ä¡f"e)ÕÙô"ò}_D2^6æF•RŽ»ïåP³Ù,uq#­uà‘h´åúbÈ»=ÁÚ¦ûFJfáÂãËEZŒP®Ü?w DÒö?½˜‰ÛäÎÚ{.²äÚ«[aÓº[&6:ÜÝ˜<xòA·Þz«êàYŸˆ²Yï½÷Þ½ÿÞûþùò?#Ñˆëº¤)%${…ªX%+ûô¹ùæ?ßùôâ·V¯þÎw¾ø^Ô?†l%ÄœlLM›2þ†›Ñ[¿s(é@ÉèPv¼»zK@å—Ý÷¬‚Ö+5´¬JÊ¹b&""Ù×AnÔ–ƒÖ¹Cë3éÔˆ¡#MÇó¤wÖÕ=øÀƒ~ðÁ-›·x¾g»ï{s®ã|ûóçŽ?®+¿?ÅûÛkÿzÍ?¹Š÷¬óšñÃÆéÊéÐ+P\P2:ð”ß?á²"V.ú$£‰h¤ÃB t:³cÇveYñXœEdß5HÂ¬|ß‘X,VUUÕÅ«ïØ±ƒˆ”²Z¿©…ËL–+úv÷^ 8=(™/_ye\eÒœ°š÷/fÎ=u7ÿ$¢Ö/Ûµéù)­_??dð?ùóçíÚ]Ÿll¬«««ÝV»{÷.âÜZ¥Š™mÛffcLG(Å©¦Ô?ÁC®»áºD"Ñ•ßÃÇ›>¾áú<Ïw‡ˆöÄÆäù2÷?‘çù;Ÿü_é@)½üÏ˜úm[²RQV–L§Ër]»)?­,/kH¥¢®ËLéL¶ª"ÑÐ”*‹Fƒ0Â0QVÖ˜J%âñt6ÃÄ±h$™ÊT–—545E\×¶¬¦t¦*QÞ˜JÅ"#’Éz¹—eÑ˜øÚ˜òx¬1•®ˆÇ›2KY×iJg*ÊÊü p#î]ÿ{wøÌ–íX–RÉd*QoL¥Ëã±¬ç#e±hc:]QV–L¥Ûv»)?­*/kL¥\Ça‘~ý\páÅåå]šOì{á?ß¿ñ‘G²m'?õª*Ê›Rñh4Ôaà‡N$*Ééçù“ÿcŠ‹J©nçöˆi’Xu6??D¢Z‡"l;ÊÏz‘h,}&KYxA4õ|ÏRŽ?6¡‰D£Y/ëØ®–€4¹×Ëzv$ž"e9¶ïùn4ê{i[¹Ê¢ ÐnÄõ²×q‰Å‰8^&‰DµÅ°åX?çYÊÒbÄÂ04ÑˆãF"
ü0‹y^Ö¶]#?hq#‘¬ç9NDk?D9Žíû>³J65úž7tèÐššš®ÿÖ¯_oY¶qÉ?ïgÝXÔÏxŽí’2a(QÖe5?É¿ì?Ñ€’¹ëÎ;U¸?q”ÊÕÒ°°ä¦aË2bØ?²”ÖZ)EBB†ˆYˆ,6Ú(V¤Èh£”eÄ0‰(–Ð(K‰I¾VÌ’Ÿ…,Bª¥&c4³ÅLBÂÂJ±É_Š´EŠE
\ÑˆilH:äìs>‹uuK5"zî™ç=±¨¢ª‚‰m¶+ªÄ,Æ?Å¤…Yi¦ñƒ*?<ùœOòï{`ô dìßØPß“-?ÿ?°,{á‚c¿}ÍÎšsDnþ@W¼ôÒßO=õ”?;wn¶`ÎŒGŸZÙa@ç?”Ì{kWKrK½©Plˆˆ„Z–ôlYw”„„‰ˆ¸ÝA»¦­Ú5c"iþ´õGù+æFöZCµ]ûÜAîÔ ½lÖ#d×ô­œ5}†êrb?óÎ;ï®[÷a,7Æ[–j<y?X3izO~ÏÐu(.(™÷Þ][UI
5/lº×Öí„Ðu]ï¡+—f#™¬—nÊ2ð„Oä.ì¯ÜÞ¦M›—¿ð¢w]e5žjÎƒDöÞFAk®t*Š¸£%3d`ÿú†úRGÑm#G?<bÖìÏžsöÂ…#‘HwO_µjÕ¹ç?»æí5]lüÜ/CqÀ~‚Ñ€’yðÏ4nx¥ÑÁ¬ÅY”EPû:ÐDŠˆ;;Èí*–;"ÓÙ?!’=—%¡Šˆ(!MB"$ùþ‰DÌ€~ýæÎ™;pPñK%/¸àÂ~ýú“ˆ)3Ð§¬Ç¿iè*Œ”ÌªU¯õOP†¶*u(DDd´ÖFjúô©H$œˆ‹Æ¨˜Ò¡}ôÑú-[6Åbñh´Ã?™[cæ¬—­.?÷:º7ã€Ž!=(™Áû§“š·šR\BJñôé3î¹çž¾}û2s,SÌÊ²zÞs2ÙôÛ;îøÙÏ~º­¶¶[Ó´Ö§3ç¾'žíyÐ(.(™ë®ý^vË;Û­>›Üdà&ïcÒ°P»Œ¢££íûÜòæ^M˜½lö€‰G?îý¯ê7mþx×Ž?ŸûìÙ¬+•ÛÚ¡ðÍ
3yž?iìÈ^?:‚Ñ€’©Û¶‰³;ƒÈ ?äç–gÿÖÏôL"m^¶kAÔåü`Ï›´g)S&
E?3ºw2>X·®aw½b«¼,f¹QÅ¹»ku³­ÂÉ'{n–}m*í01À~‚ô d9øÀLS“XKqË—îuVG‹˜¶¿M?{P÷}ßvÜ/®5zDQÁìÕ#müøãßüæ·¿ûý±ãFXÈ?p‡9Ì¾5e3fO½ëÁÅ=ºÅE%sÔüc7oiPÂ¢™º<?[}ù^´Vƒù¡öéÓ§<ÑË1Õ××ß{Ï=o¬zýˆÃÓ­P[oòú°Cé…? k0zP2©d£ÎîÒV‚Ät¡y³.n?Öúý–Çí½Ž[µdfcLMMu,ïæ}´Q·£.•MëPA?F,Ëf&Ù³s7ºb¢ÐP"F*õ$$è:¤%³ðØ£w|üQZ”ÅJºüàÜÑÌƒnÙ×†ÈÜÔÔtÝu×]uÕUEt¸sçÎ/®üËÃyiåÊl6k;¶eYDù??‹ˆ67†?ôÉGÎºí?÷ÅE%3 o?/›ŒiÅû=h5kx/÷Ù¸#{%ì£C!J$‰ŠîÞ…1æýwßûß{îyöÙg³™tEUeW·-ê4°}|TAÖ þ5ÝŠ†Ñ€’‰:Ê÷v‰J‘eYaÚ¶mŒ!e©0Ô¶m­™™ç^êP+Kå6°m[‡¡eY"bD,KéP[¶m´&"ÕÜ¡ÖZ13³ÖÚ²mjËRBd´±ì\ËÉ9–mÙvW¦
ˆHà–eaX__oGK©x<nŒ!"R¬;Øˆ»U„¹€uÚ¶æVŠ‰DØš|«|?ü9£¥tÕW¾’llQ¬”çy±X4?Ê¸®ÃÌ¾ïÇÊb™T&q?‘ ¢ñ˜—ÉF"?D$âºYÏ‹E£ÙlVY–e)ß÷ã±x:?v\‡ˆ|?(‹ÇÓ™LÄuCjmbÑh&›?F#žç+fÇq<Ï‹Æ¢™tÆvK©T*uøG|ík_UjÏ6Îb´Ñj?J§v×íÞ¾sûêÕ«ß{ÿýÍ›6+æl&k;¶ã8AÄËâ©TÚ?¸bL„eñx:“ŽD"AˆP$Éf³Ñh$›õ,Ë²-Ëó½h,–Ig\×%"ß÷cñX6“‰¸mt„Dj™9yäW¾ýƒ’þ¡þ?`ôòTÚÀ¿¤?‡ôò?@ÒÈCzyH éä!=€<¤?‡ôò?@ÒÈCzyH éä!=€<¤?‡ôò?@ÒÈCzyH éä!=€<»Ôüßå%“¾&"r‰ˆU°©ö“I?ˆˆ"‰*—ˆ¨î…ë¾rçª=uòÐiŸºê¨A½V:™ô©ÍµJÈKnúðÝ-?¹ƒ9t¯?Þºï¬›—š:{Ô¨ÃÏ9gjbG¸çOCK$"ûûúÿAzÐ‘º¿}çS×­ "}Õ]?]4¾@Óuþò©?YMDDŸ»gÕ—§QØ¸cÍ{ï½³æ²?èÅôà?;Ž;÷njs­’ØöÊÝ·Ü~ÛÒ÷¼½Þ¯š|â—}óÜé}sU¸ë?5ï½÷Îšæ9óœ©û=Î7ï8â¢ûr‡s¯_ô«Skö{ÿ?Aq@çÖÝvÇ#Û:þ¸þ…ßÞ¾zÆSrÞª;Î:ã+ÿÓ>7 ¢úÕ‹oùÊQgÝñÆ>>€ÿë0zÐ/ýð/?ô?#öY™²ö/¿Xœn÷n|ÔÜK/úÁK«¶Uï?÷ŸúþëËw½ÓrËU#˜:m^ß?/¾½uçú÷v¦‰ˆ"³= ÷Ëê{Ðe—~nÓ[¯¬k¤~ñ]‚ô K¼¿Ü~÷™G\6¡ÝÛÝö«­û8!1ùœ+&]¶_¢Û¯Ö-¹³9rç^sÇ??3>a]EDÚßôæ¢ßÝüð?“§çS©aó¯ºb~)Ã€î@qüÛK'“õÉd}ÒÓ…Û­¿íöE;÷~Ó_þ‡Ÿ.ïÉÕµßùÕ½d²>™l?@Q qç·S´äº7ßk>þôÍ¹Ažå?zæ÷Ý·?<jŸò·ïw/„âÎêŒ—L&ë÷Lcø÷„Ñøw¥“kŸ¸ã¦_/zc[ËS¦Ûwê‘\vÕù³:˜½ºâ§w¬8î;sZ­Ìóî}ÿó—R·-ºâøå3‡óïxë«“‰è?[ŽØ3«ø•s¼?þè[w½”«Æ¡øø3®¹þ;§ŽlS¿ôñKÿóÃîþG2÷*qÐ™×Þtõ?nhç?îºé'÷?ýQ²å?Ä¨ùg\váåÚ>Á÷¦Í;ÿì  IDAT“DUíÞn}¹U·´Ï™ÁzëòÛ~ô­»_É‡[5ùœ¯~çêÿÇÞ½ÇEYæÿÿÌf@D@FEQÃM45MÍC‘Qfi«¶jeÚvØÚr•[[nû5ÛÜÚÊ¶Õ¬M7mW;XT´R×³bJ&©ÔAa€æÀüþà9{–„×ó±Üs?sÏJ÷û¾®ë¾ìû]õI›úáÖY}D¤àó'”â2øùõ¯Åýïosç¯ü©z«„'þòÒŒ~ç?Ú¸VUS?Ü:ÍýÑ_üh“òÿ}ÏqÏ¼öLR4]¡´IÄm’'ïóg&¾´±Þ•½óÔžÕóShúæíqæ:|üôåNç'o,¿{à´k•Ëß‚Ï,Ê‘sø1Kc]Œštdá3÷lª]@ù¡Ï_žæðK~m”òèÏŠ}ÝÿÈ¢µlû>{öWyCnh¸7gÚß¦Ý¿äH½¹¶Ã—<¿M‚WÏêwŸjŠ¾¾»|WÕ€°ñÙ»›þÔ¯ÆÜm>Û³_k+ÿé?_t¨Ö×?ýÓ'/OÚqÛèÍlU¸ñ?÷¿ºép­9§Sß™ñ„üûœ+“½dÖm·Öj3pøüÕåë_zÅÂ
-?ÎEÚ¢Š]ËçV]šûu÷üü??_¾â½ùsßNdÔ£Ìõ×ïÿøì]DDäð¢w¾.Pv²ù£¹Uwµ»Ìxæ¡.õ·ëÝ\[7mtú„šøð¤Ûãj®B?ßþkõ±ªIÏ¡%/?É¦÷ÌxxÚŒñ¦ò­›67ØÙÑä×•l`êÿèË,[þå‡o¿öü=CÂôbž6æ†Kün„èÄn¯¹³~:uÉË³&ÜykBÂ°á÷=?wIòÎZÍ""æ¨!öðó¿çžÉí®»}ò´ß3$LŸýÝê?Í8}ë¦ÃbŠ=õá{†„Õ|©#‹¾L½˜A›6n­ð2~ÚÔ1×Õüß-ûúèEì®Z´h‹ŽÞ§\PÞõøœ""]:_;`Ð¸™Ï;)?Ü3öë;ãé{–<ñY…È¦¿|´iÔ3C|-yã³
ýÄ§'õ.˜}¾5DL~{ÅïL‘G§ý·>»FDDö9\!>"?®^tøÌš«f)#}g$.˜ðàòìº»ªÈ9’V5ÕgÆœ‡GGˆˆtŽî“pû„gŽ-ˆ¸ä=‹ÚýÓ’gœÿuíéÚs?§müäÐÆOþöª)nÒko>>¤©.?©_|PÝÐÑeÒÇ?_6fNúä©{æ6?µyþ³¿O™™´èÎiïXDD*ÒrŽKB³a¬YæIüûñþ&™1sðóƒžß(""?ÎqÊ5-ýÖ9¸âh=ÐT÷aùrÑ;ß¥þ|´z@ªÆan¼G‰Ïài³‹ˆHùg¿<rêûåÊåûàgf¾€‹È„‡'%T0]? ¡z~žõ´ˆHö?š;âÝ§Ü“P3 Á§Ï=Sû5¨-°ú]À{>{ÅÖ´Ã5ã˜#®i¶_~ÅÖ¹}Å5øß£_4_½O·{Þ\ûß/ß{~Æ˜„èclû–?úð‚´¦ÆRùiSõ¢þ÷ß_Ó¡wß=ÍvÒ´{ªß.§éÞ{xõìô<[ÓÛœUÿ‡îé_ý››®Ô¿zþ±‚‹Ù+\­h=Ðu¸)év¿­ß–‹”ÿ´èùß.Ÿ°îCn›4ã¡Ñ×6‚Ç=>cÉæEÙ"if?ÔîH…ˆHç'Oê Òà‰Fg¥¯=~×WS?`ØNÖ<(¡kdí%á]cEvÕ];vØŒ.½sXDŽ|þê¬Ï«f¶ëÜÿ¦;f>1©XÓUø\øíq?)z@Ò’ž‘ò‚ìƒ÷n[ýÉ²ÕJ‡¨ÃË®™Øø+ŠËK?UO^Û¥ÎË¤}¢»÷i¦Qíá>—è¿`>µO¾F}µ´´h“Ú}í«·g?¹®C­§ÓTœ<´vÉËn›õmS/Hî1iÖx½ˆHù‘l‹ˆˆÏøÇ§^Ä ØKFÓ}ÆÇË_›:´Î?üÓGv~³à¡Û&½³¯¹€†ÄvïYç?/d<®_ptŸAã}yåÇÏÄWÏÛtøìcµ­§êÞ¡/ÈK»€£.Z´UÁSÿœ0U¤ÂVp<óð?¿þç¢ÕÊEÊ·þóû#·OìÜØ6ú!=3deõãJýFÏ{´ñ÷(_<SXw‘ª„Ô¬\éfäs^Vzcøu¾ý©WoJ¤ÜvìÈÁÃÛ?úÛò?§EäÈ¢äÔqMÕyÝÔeM=ßâ*Ž¤ŽïÑXŽ0‡ÇŠœå?²û‘ªs¸n×¾ŠQgjËþq+o€–Eë€6ÉSp¬º‰ÀÇÝ'áö©/¿0^™sàdi“†%Íú×UMÆ?>mdÃGþ_"Ñ=kÆú÷—?Õ\4WìùlÉ®†«;OYªoÃû™"b†ÜõøkORæä]âNô»>»ÿWIÃŸZðùž¼:/«ÈÛôÖ‚Oª??ìÕøöÁqCâª·X9ûwŸ:U!âqÛø×ßÍ?Ôø&€+…ÖmQÅ®?Æþ&Ù44iÚð?×Æt¹Ö,Ç¶'¿¾RYz{¯&®kED$zÜœ?»¯_sŸF[.‘ëGÏè²ü?Ã""ÙKf?xÏwÅÉ«}³µ‘qG“Ÿºó¯Ùq£ÇÝ1èæ˜îÑ]L%6,Y²µjaDŸÍ½Là¼Ù6}ó™ˆœÚ¸ü¥?Ë_1EÇ†ëŽ8Y«S—iÓ†7ÕM)|Üï§ý{ÊGÙ""ÎM™6ü/ÕKüô>åN ´AÎ?ßV!R±ñ³ù?«·Ì§ûãÓni¶û½Oxü€ðæV¸$4Ý§¾8é›êg˜Ú¶6wûg""~ƒ†®ÿêƒìÍÉi"²oõ’}«—ÔÛO»¤gÆu¿”…U”–xL"µ$lÙéuÛ'Ú}mÁŒø¦û]ùÄÍx÷/?ý¿äìz[ýeÐ×3ªûnZ?‹´Aú!?~T ¯ˆøyôíï–Oºö’¿(à‚øôy|ÅÊç'žyišøtOš³dîÌ®õ×Œ÷êO?Ž«÷"SüøçW|õü%îå>î/ÿÝúùÛs¦íYÿˆâvÝíO½½~í«·7xµ\=£žÿrýò¿??mÆøÑ·Ož6ûÕ?Ö¯}õöNBÓ´,U™½¹'Z@+Wn³)}Lí~¡ïÀª°Ùœ??Ét¶
+l6»2©7™|®@Î©uDÑ›L~Í¯]Ãi;­75|aÂw5o%4ç»ùãšy$+àò s€¶ÍïÜ¯h[Œ?Ét®ÏG:?U/‘;âÑäßÜ¹HÆÜ3îŽÑ7÷6™Lb+8¾ý“g_Ù¨¬7°¹×5.ZWÚÏïß3áïÍ¼¡óŒ¥=÷mÌ€Ö?±€+-¤÷=·woâê¿]Â¬¥ÉÐRh=´ŒŠ‚#~Ú·w^IÕgÿðÞýú÷¿C&M PÐ¹€‚x@A<  P(ˆÚ–.Z†«$7#»È%¢ŽŒ1éxÖ>ÄmQQÚòŸ§äH`¨A/"å6k…©ß½ã§ëê×|HpØÊÅàç{uýåt»Jíb0‘ÎÛUùsÀÅâ¯€6Æžö÷W¤÷¹û?Ù!ÕWÌå9ë¯:|zDW¿f7MÿtÞ«2ù_÷Ç^‘B/•CŸ<µLžþ¿)WWÕ¿WçÏ‹x mÉø*y›yøÓÎdñ‹þÛ'[²*~!TevgK×WÌÁ¥¿Yš?å¹YMÍ­U”¶rÙú?¬åú?„1IÓ†uõ+Ùþöë•ØŠÅ ½ë÷ªµ‰ÇfÙ½yÕÿÒÒ?ØÊõ¦˜½7>PI nëÞäÅ+ögä»ü¢ÌC“&Œï$"r*mùG)[?ØÊõ!±7Ÿš¢±çn\™üå–ÓbŠ˜8ýÞx%ÆÔšoîÖkü¯ã;hë–jŠé=xÒ¸ÁQÆ3EoùpÎ7–Óùv0µó‰öÒ#kê)rµ3›Ž?0>.¨Î×wúÊ¿-v?zmb¼®z–kïŠg¿5üæ÷I1º¦6/Úø?…iq3{SÐ™£ï‹}é‘?Ê¢Iw96¼ÿM–~ÌãRûxåÇS×~³cÃ?|«SÒ¹×Ô‡îŽ¯©¨Ñ³TšµfyrJºõ´˜bn¨þÖ[Î†/Þ_“e)ÕµëÜå®ñã†Fª~ô•³¿?ž£ì2ãóyïÉÝoŒë¡,š2³{Úò%Û”sþè½ñ?gý¹ õ¢õ@[rÊrÄeèÖl68µþO/néðÀƒoþÆ¬sånü`éÿ+œ¸`\ÂôÙ½Òþ3ïïrÛŸïë!¢ÕênU¶ÿÛmî>÷Íœ¤Gþ7‹>œ»6äµ[Í"b]·ðÙïãxðÉHSYÑÁ”o¶[âÍëÿôÒ–vcÇÍ~äšvŽ¢´5kSOÄ'\úÇ¥G†>øÒë]¥(}ÕÏ.°¿ùä€@±m[´peð„—æõ
Ñ¸,û¿ût·%þÖHñd-Ÿ»"sôÌ¿ÌŒôóelùbã?¾SÎTØâŸã÷ôÔò«Ç¦ÅŠh~ÕõLüÍcO†jOçnXüÎßþ>ã¹GûÔþ>ÚØÞ]Ë^Û¼uLüÐ€ª9¶­ß§éú>£kfs·³ÐvÚá®Ù‹ÓQb-¬ºåvÚö¯ZžÃà©¿¿»SP½sgK[½»¢wÒó“‚üÅ}|í’?ý-åµ9‰fÉoì,µO_:gÙ¡î~ò…!¾¶#[¾Ûx ï”Iÿä­ùYÝŸ|rVŒÉmMK~}Þ»å/ÌJì$"{¾M\gŽç*·YÅ#¢,ÚùÑ’â¤qÏÿ9Hò7¿÷úŠ¿GD??àl?7´^Äm?1$ fºhã?~™[5­Ü!NÿníñaSþØß,"¢‰úëa[ŸÝž>®k¬Ñè#"~~ÆÆÒEÀ€é5Ý“Œ¦a7†|õSnù­f?GÚÊO-3æ$ÆjEÄÏ˜0åqïJ^{$aÂÂ[cu"b4œø ˆX×¥¬O\pG×@‘ ØqI#ŸIÙyjÀ¨G3ö™FÏ‰ñ­¹÷Ý¿UÊÏÍ,ê‘8$ÒO'¢Šñ`L½ªt??ŸQDŒ&¿ªV…êzFEkEÄ/6éÉûs_òÝ¨>w×Ù6æÆ±?ÞÝºÏ6ô&“ˆHÞæoÓÍ·O7Ÿëæ?)ï<röÄ„ÆFw˜>0óÌ‘ÇÇ|}(§TÌÆÆÏ’å¿ß®ñüÚÄ³ˆˆ)öÖcE$/eÉßñ¯Lˆ‰ºiÊ“Çþü§O·}r@óãIDÄð¸é7EŠˆ'Þ²ûO‡²å¦x¿ænh½ˆÚ?ˆXóN‰t¨ú4hêcý<"rð£§6;="’›™.?9Òö¦UoS$.ëñ"‰íp¶?»Šr²rO;\ùÙÙ9¥â±—‰øX2]‘ãcêý±µäeIlR´®ÎL÷‘,kH9ræÐ¶r?k^¾H‡î#ÜóßYX‘4 wt÷Î¡å1D®³ö½×—?¾5¡{tdT‡s¸Å]`Étõ˜xí™z{ÄÆ”¦)’˜:?gÌƒF›—¯Þl¹)Ñ,’ñ¿Ý§‡? rü7oDLÏ¨&¯Ô=îbKÖ‘GyAnFnîqq•:DŒ?Ÿ¥ã9E~×u7×Ý?ë¸ÕÚ«*(‡‹ë"r?È€³Ž,îY3Ý®½Q2
­"!Ín­¯EÐ–Ev3ÊþKÍ?Áäg4ùýª{ì»JËëmyûã‰½?rÙÉOÿöÝåi…å¢?î^}]á(ƒ¶þ­Wi¹øÕï°bwÛë­fê7aÂÐÑÆN|îµ}Û?Lûô­y3Ÿ·4½jÕ?Q³žûóø(û?ïÏ?÷ëÇß]“¶:+e¢ÑëêÍu)}mjì;x`þî"Ž´5|ÇŽˆÕ?ÏæçÁ“µò/ýá?iùNñŽŒïÚÎ¿z·M?%Cƒ
\vñÑ5œ{e@Eë€6¥ë°Ä ””õi7OŽoüV{h—.’¦‰ïmn¸Lçc?ÒÆ¯8Ówl·öŸðÆ}ñU-ÇRä˜ˆˆ˜¯‰—ï2ŽJ¿:?o¢bbeqV–$ô¨5ÓÔÁl8]bŠí_ÿ2WDD?0*:aÔ8)ßùáÌ?7Œœ›h?ÉÜsð?=ß9ErVÍ{aUê°u7÷Ñ¥¼æò=4<F6:&ñQÊ×Ñ£Gtæ{¶?øÆ?»æ…ÿ¥?ê¹y[Ì€Éáç¹¹ˆ5ÏÚè¹ª/cwÊ©Ø'ÿoB|U“Èq‹ˆµ™³ÕÕd=”[,‘?µæú……úÍÍ´KHõÏj9š'1};5V×ñ\‘ÈFÔÓÌÏ­­ÚóÈ©SÂÓßšóaJº¥¼êÚÏe·µW–›n?/[õÅW96eFIÖšoÓŠED¤SDˆìLÛV*"Rï~yHhˆÉÍ©šY”ºjmõæ¾½‡??”¥_¤+[m[—V,ÚÞ7ÇëÖ$/?PµšÛºsý®‰~SçÔä÷w)Ûº¬i«ÖgxD<YÛÖeW±¬¸DŒ¾:)I[³ÓêRæÛO¹u~~¢Eh—.²u[j¹GÄ#bL¸}„;åß)9Uõ”¦}²ü`È˜Æ{à˜ˆÙ–<g•eàðÊµxs›‡tŽ1dìH³xDDÊ|±|Ë¹ý$B:KÞ¡cnåü|³»:U4~–ÌnŒÉØðþz¥¨<gý¶l‘èÁ÷Æd-[žj­:yk¯*8¢ªìkbâdËŽ´r?ˆ¸-ë“¿<zNu5ós@+ÆƒM´=ž¢´äË7äZJ•:cPìÀÁ“î`ö)Þ÷Å[¤fThý4n—6(!iÂ´‘~"â±n{ÿƒ÷Sm.‘˜É³þ8¼VwûªEiövA:§!~|\Öâôø7f©:Ü§KÞZcu‰ˆN3lÜ“÷Æj¤xß¯/LÍqˆˆøÅ$<:ãîø )ÏYÿÑâÛòÄÏè.wb‡$=zo| Xw-[¶x›UMþÛiS?‡Ÿ˜20TÄ~ð«¾Xµ×îj?›ëš³~›Ó°U$ûÛo$ï:%"æ)¯?6*ÀºíƒÞßiÓµåsë¤YI=šx]´{×/½½/á?½;¦fOÓ›Û®œ¿ü«·ˆ„$$Míº}þ®ª“`]3÷oÛn|ªÞóLkX·}øêÒ¬²@“Îé;ôž®?ÿ3kà¼§FuP~‹FÏÒâ÷Öî:%"¢ï1qúøQQ±\ùöò”ÑÝånÓÀ‰S½©ºèÌÐFÝ1iLéÒ¿+ï;K_:½Î;ã¬ëþöôŽš®éŸZ/â€6Ìe/¯?¡z¤o=[¹ü|tÂtÙË=ºFæ‹ˆÇ^îjj‘»Üîò3Ö¿xwÙm¢7Õ/Àe/wëü†,Øm.­©A?ÛUjCƒ?4 &ê©Ë’òÒ»»nnì²¾™Í¶rMÃ"ÏÊí*uéš¨§ñ³Ôè?<örg#§®É?œU3?7´FÄ@2¾˜ù†mú›Súù¶t%€+…±€F¹Ó÷f…Œ¹‰lm
­´P(ˆÄ
âñ€‚x@A<  P(ˆÄ
âñ€‚x@A<  P(ˆÄ
âñ€‚x@A<  P(ˆÄ
âñ€‚x@A<  P(ˆÄ
âñ€‚x@A<  P(ˆÄ
mKà—Çã.·ÛÏ|ÔütRnwùµVr»J]b0è4Êg—Ý&zSÍGqØÊÅàç«=3ÑÈQ\:ƒA'µ§mlMp¥ðŸamšÿÜ†üPƒ¾êcÂÝoÜl™ÿÜ–n³_˜­¬RžºüñNœ÷Ô¨""âH{ÿé©>¯‘ôOç½*“ÿulÍDcGI8ï©Q²iþsk?w0ù«Ý§óí•ðäãwÇ]Áïª4ªû£s'Ÿ¹¢?e±§ü{ý¨ÙÃCDÄ“»6ù KBj–[·¬OíÕ56uóÖññC.àp!÷ÎzjTOÑ¶Þ?ÿ^»7ª®,Æh”§¸ÔV^j+/µ¹<UsBbdíÊT»ˆïLY%Ag.ß=×$»ÇÞ=å®aE+ÿ›uQ‡ÕÓ7$;mï©‹ýà4*kÙÜw_˜ûîsß]•]5'ä®_%¤'o°ØÓ¿ü?}â}}ÛU¯êúqÇÚÈC;icnîëÿý–]Ž‹;²?o;±æht.Ð¨z?‹DDtÑ·Mí4oþœÝÎ›&.ÍÝ¦,³¬]uPŠ-sfoqŸvÙS¶Xû?¸ˆžAE§?‹y`ØEpþˆÎ?¡ß¸a)/M¼£«”å*ó2v¬*î1~Z¼¹ê£eû[É›3†Ý]g»ŠòòR›ˆˆhë>þ¨.?»<ÿ§ËS]ýï¾‰¡É´â€F¥¿:ýÊä°Éÿº­zv‡á|ODDÊª>Û¶}›Ú.ñ±ÄÞJ:?8ß‘«—®ÙsÛ°Ú;ÛöÅL¥­!öùÅ“<ÃHD¬KŸûÃR?Ñ3pÂ›÷Æû]–/ÎBUfw¶t~š@A<  P(ˆÄ
â¯EÚ?‚Â’â{…Óåõz[ºW•Jå£×‚Û´t-®^‹´N§û˜¥À×W`ôU©T-]€«€×ë-)uXJW„9X¯ç®"Ðú€6!ûÈÉ  ÿNaA-]€«Òñ“EEEeÑ?ÃZº—c€Ö¯ °Ä×WG6pÁ:…ùúê

KZº—ñhýŠKì!ÁôpQB‚ŠKì-]€ËŽx´~NW€Ñ·¥«pu0úV8]-]€ËŽx´~^¯—±È.’J¥â¡g@[@<  P(ˆÄ
ÞŽ I–¼“‹/OýaŸˆ$?9sú¤–®\^Ä?³ä?¼ãîk>&³¶ïq7Ä?Ã¦9«Wd?¨=Ã?ìŽ1½Ú_`!E;¿ÙsÌÜg\ŸËüÖçÂýŸ¯-Š9¸½B³w/M•Aúv»¼‡à?x qU?5,y'-^–ð÷yç¸yÇ„[FG_žÊÀeÃØ?ËËË¯7ÇvQ{t–•:Üâ,ÈÉÈ=^êeºÄYµÜã°•:Üâ¶?œ•sÊáib7G~NÆ™<[©ÝYç(eU‹*?%'33ŽYî3K½Îâ¹ŽæÛÝw\¯Ú:µÐFÐz q}ô#
?Ÿxà©°•–UÐŒ¾ÚÂý{¾¶H G§÷­°îÉîi*Îw}+¬{²;Ý8hD”þðŽ][K}]•ú ]i~Î¶ ÈÑ#»Õíéã8¼mç¦cÒ>Ô×™–³Ñ?<ñ¶kCò3¿ÜáêsWÿX½ˆ8Ó7ïØãÓ}òM27ïÜQìÛ1PJÓ3¥KÜ]×‹#gÝµö½;2»?Üø-{öî/wk?ÆŒìTÑŠÎóäpµ"h\Âq3§O^¸xY­?ç14Ùºo×ç5½“ÂºN%"â6%ÜßIUy`Ã†?ù>£’ú†WM=!Q‘""Ú·÷ïé+âÈüú«cûr£‡FÖÚi~fêQuÏƒú«Å{rkòþ­û#îº®S—½?e´ÅÆ™¤$+ã”¶Ë°ç¡?[Û?Jº.\%âÈü:9+½§I¶fš{?ï&"öŸw¬L;|ý-]õ?Ô~lçÞb}tü¸¾Á"•y»6¯)½ðÓÀÕ…x I3§OJ3"õ‡}æð°s”|FãcÛuR‰ˆZ«4…×L{¼Ê
Áa=}EDÄ78Ô?÷XA±ÔŠÅ'NÛA]ªnù«ÂB÷gŠDõêâûåáœ¼¸ëürŠŠM!ÃBåø¡Roú–=é"".§ÆYZzÂV â¶¬Ûlq»4vG©H#¦‹mn}Dç`Q‡ûËáóúê\ÅˆgÉ;Y3@Ù’w2õ9ß„ÐÕÙVp»œ"z‘J©ÑÔY¨Q«¥Ò[=j ÒíÑªD$°GXÈ?£‡rOê;£z÷9­Q‹PBŸðê¨õ~EÛ4bŒˆ¾1ªºC‘ÚÇØhZ?F*Ýgœ@kD<ÐˆÔöÍxô¹z3Íáa—ýí…'öæwîªµÍÍ±k;u©ð—ÒÂ»#;þlÙ—UÞÕ_Š33­êŽ};Šˆè»öîr|Í?kÔn‰T‹HTD ~{þÁ²èþ¡Zñ:­Ç
<þæÎá™?³uï®qäœ£¡±¾Eþá‘¦cä\e”â=™Å"?—ñ+ðKB<P_£Ù ªaáâeáá¡wŽyÖ?œHý~ijõÿ°;Æô:§c·o'»7/+«ôxÕ?=ã…Šˆ:ºkð¾í¹+Wœè9rðèí);v,ýADÔ?]z‰V®ïÃ»‡fçÉµQáUŸ¯‰Qœºaãÿ¨ÔRYiè>8<<j@\Üúýk>ÿ^£?WÒ³g´?U IDAT„Ù¤i¤SŸþÇ7g}þi–¨ô]Âýåô9Õ@+ *³óØ> •K?x4!þ<ÞAðò+o~õÍÚ¦–šÃÃ¾þâÃKSY]™¿ß*]§?§Ó£××½pw;?j½^éäq:5úº7þs÷,;óü¢3<‡øúÖÛ•Ý!ß³ßiä(@Û–š–Ûãš–®ÀåÅ{ÔWï…hõXòNVK¸ŒêgÑÖdipÕnÛós‘&ÂÛàb^S?ˆˆö\²AcG õ£s€ú’ÆŒÜýÃ?Í¬p±ïGkB—ûu¼°7x}zî×ÓÇték ?!¨oæôI"—süq4¾¦Æ%tV*½ÁŸ;ý\t.  P(ˆÄ
âÐú©T*¯×ÛÒU¸ºy½^•JÕÒU¸ìˆ@ëç£×•”:Zº
W·’R‡?^×ÒU¸ìˆ@ë`°”´t®nÖ‚’À€zq!€«
ñhý‚Û8®ã'‹ZºW«ã'‹Wpû€–.Àe§*³;[º—?Óé>f)ðõÕ…}é@à\x½Þ’R‡µ ÄápE˜ƒõzmKWà²#mHAaIq‰½Âéb¤2€s¡R©|ôºÀí@ÛA< `ìñ€‚x@A<  P(ˆÄ
âñ€‚x@¡méüòxÜåv»2­1øÎü¡pÙm¢7é4µW¶[-¹V?1ÕÌwÙ-GÚý{D™ZqÙË+ÄÏh¨YVîÑùùjkvèÒšüt¶ªâ°•»•I?¡ú¸gfjuC?bÀÅ!h hÓüçÖï`òW‹³ÄV=òµ'‡‡hDiï?½"5aÂÂ‡âu""Rž¾â…wÒÊMþb?]l;û¹;ÍÖ5o-Xš­Ð:Klå×ß½ É:çÅƒ#ç=5ªƒˆHúþüj~â‚§Šˆ'ý“§?×þþ…IQÖmïð~š½]?¡¬ÈæŠQŽ˜þé¼W·B´Ri?]löÄ“Sbgf–Û¬¦~÷Nš>"Ò¯¥Ï­ñ@£Bî?õÔ¨"žƒKŸYšrpø”X±nYŸÚ«klêæ­ãã‡ˆHÑ–ä4¹uæÂ±‘""yk¨HÆúOÒ£}çÁ??Í’/~áQ#£7oK³Ž"Ž´[D\i{K9¸gCPß?G‹å¿KþžuÍóoLŽ5ˆØ³–ÏûpÎç‘Æw0î?ûcE¤xË»?¯Úž;¼öÌòœäù¯,ý4ü¹)±ü5à`ì€³P®»=×$»ÇÞ=å®aE+ÿ›UµÄè+eù¹9§ì""áæ?ˆ^§“’Ã‡-å.?Éné?Ôœ±ã'«ˆëç´Ô˜áSZ¶î³‰¸wmKokÚö¢¨Ñ£c«úºŽf.ÞòcFÝ2œå.Ñˆ¾îL¿¨ÄÄþö5?º"g€Ö?ûmeýtþ¼µH¹í´ï€ç{ˆëÇk#¼ÙIxs_ÿ?mÙ•ÔµŸ¯ià”‡?H™ûbJ¹hÍ}†=úëáQÑ·Íž¸òýÅSJÜºóÈ&MŠ
Œ‹?ýgêÞSCÚýp0vàÝÃ|-Ÿ¤¤Zû¶ß•4ìv³Hºõ¨èkÝ¬k'¥å®ªÛ?:ý+qØOWÝùØ€@‘ãuêÔúû‰?Y,±?WøÐ4*hÌofŽ®þkIYuPŠ-sfoqŸvÙS¶Xû?‘ øI³â'‰Ûu*gÕ¢ßZ×õ?;"£FLùó—Ý’ºrÎ[É1¦ôˆ—²fûšÛz?lÒé†-Z½mcûÔÐ^cÃE$<<FöÖ†±d•kBD¬"Òç¶?ß×Ãºåƒ9ë»öŽ64¨ÓfÍ]¤™lÀ%Aç"?ÒüM~F“ŸÑ ÓˆdìXUÜcü´Ä©§NHzr\ä‘äÍwúúõ%n­.È`Ñé´’·=e¯ÅåÑÚ4R5„YLñý#3VmNßÛWD›p“uÕªƒ?oN0‹ˆõ¿9òô7É_eÛDÄu|íâolñ£o©ÚÔÇÏÏhŠ™4Ò³ý“Ö:5:Š2Ö­\™4öæWþÐ*Ñzà¬lÛ¾Mm—øXbo³2#Îwäê¥kö–Ÿ6ÿÙµUÝ€Bg?4»N<üÙÂ¸ED|Cî|ò¡~¾""~}ú”\¹¡WU^ˆ½1A·Á2´ŸNy©ü“·^Ÿ·Ò%¢ÓÆ??ùè@S?4]ÇÞ×ãñRvšâ/"–ýzƒˆh£ºÞõâc£:]ÑÓ@+¦*³;[ºW9—Ý¥®÷þ·Ë!:ßó¾ár¸/`+p©({@A<  P(ˆÄ
ž/´!…%Å%ö
§Ëëõ¶t-®*•ÊG¯0·héZ\!¼÷hœN÷1K?¯¯.$8 Àè«R©Zº"W¯×[Rê°”8®s°^Ï]E õ#mBö‘“AAþ?Â‚ZºW¥ã'‹ŠŠÊ¢;‡µt!.;Æ­_Aa‰¯¯Žlà‚u
òõÕ–´t!.;âÐú—ØC‚é7à¢„—Ø[º
—ñhý*œ®£oKWàê`ô­pºZº
—ñhý¼^/c‘\$•JÅCÏ€¶€x@A<  P(ˆ¼ÀÙ-\¼|÷?ZòòE$iÌÈ™Ó'µtEà² 8‹?>—úÃ¾š?/ËË;ùò‹¿kz‹œÕ+²NÔ|R©ÁæaÃ»‡ü‚ž­Z´ó›=ÇÌ}ÆõáMÒÔAç"ÍY¸xyM60‡‡Ý9f¤ˆ|õÍÚ¯¾YÛü†n™2á–)n™œØ­£ýØºyW¤^pQˆš“\+$?ùò‹¿K¸!ND¾>[<¨¡1Fô2ë?……""nûé“™¹ÇKœgÖp;¬G³>Yì¬Tæx?Å'rd³:Ü"•N»­Ôá®Yd/sxª7õ8jU:KêîÙë´—•9½nû©cNØªŽTz"÷ÀÑ|»[@£è\ 9–¼“5ÓÉß¬ÍË;Y»£Ñ¹©,.w‹¯?Ñ?»nUæÿ? UéÞLç5Ý5 B9«¿Ë*5jOíK=5üæþÁ;SÒ²5ÆIO;dŒ¿9¡4íëÁw%^("G÷¾ÝÖeØÍƒBEääŽÿî/?6ºKÁžuûö?Ö†„èJ÷fzÂ»Þ58ÊP”‘²¶@Œ•¥µÞÝ3Ì™ú]Zz™>$D·o?KÃ»_hñ@sÌáa5Á’wò«oNÖÌo~ÃâÌ=ë,""žrÛ‰bu§þ‘z­vÈ?f½^+"’»gÙŽ“‡Dt<|â„.ìŽ½Ú‹ˆ·RT"–cÙ¥?úv©¯ZlÁ?¥{gzf‘hÕ¹9'…†ÉQËaOÐ .jgFÖ¾¿þwôïé+âÈLI>¼óhÔPqKXü”¾Á"RúÓÖt»±Ö:¹öË|ê¸4éåWÞ¬ÝzPÛcFžÓ.´úð.?{…›;µ"•ÎÓ9{³Klnw™xCX@àOyëV—ui¬—A!>™;¾Ý™Ú.*"¼KG“& kLpÞþìüþF[N?Ÿ?þûwZrú…Tæk®¹¶‹Jç—Jû®=}EDÄ78Ø/÷Ø©"ñ}DçàªB¬§õ×¹Dg€Ö„x q/¿òfSã?kF 4#°[ŸÑugYö}½ÙÖi`¯Ûk¥0;%ß-"ÒþÚ»îîRx*ÿxÞ‰?ßËì?hDTäˆ;;Úòsò
öoßõctŸq×u»Æ˜z ?ÇXfî0"Âtú‡ô#9Çä¤:rp˜ˆ¨5j©p9Eô""•R)¢©>hõã’ê®G<ÐˆzÙÀ–pCœ%ïdß®ï{CÜY³Aã\n§JdÔVZØìb)ÈËñ‹êÙ¾c¨lÍ(.“’‚œÊ?¨=;˜Me›×•ØD‚ô1æ¨Ÿ27§WvìÝO/êž×JÙ“í1„Ý*"¨ß~bo~çþ¡ZûÑÜ»>*"HÄRûàQ?5;jÖ9’Sv&A€ÄõÕËwŽyÇ˜‘j‹ì—±çöêÔÆŽþF).´ìNûy³V«©t;}‚‡tòîß—úóF·V¯®tªqƒ#DDT?Ã3sò‚bº¨E¤}×`cFžt?¬Úó5ñ#Šw­Ûø¿""ÚŽ×Ç÷o/RXïè×²¤nÚð¿*µ>(°½AJ/öûÐ
©ÊìÎsXÀU,ýàÑ„øèsXQqÃ€15ÓwŽÙìÐÎŸÛéÔèõª³Íô:?eó9«t:+Ï²Í…ì€"5-;¶Ç5-]€Ë‹ÿHhÒÌé“gNŸt‰wªÕ7Òû¿áLÕ\Ä«õú³½ËåBv@Â'Ô7súäÝ?ü("—>€_6â€úfNŸ$B0 -:[C<€6ƒx@A<  P(ˆ@ë§R©¼^oKWàêæõzU*Õ9¬àêF<Z?½®¤ÔÑÒU¸º•”:|ôº–®ÀeG<Z¿Àƒµ ¤¥«pu³”Zº
—ñhý‚Û8®ã'‹ZºW«ã'‹Wpû€–.Àe§*³;[º—?Óé>f)ðõÕ…}é@à\x½Þ’R‡µ ÄápE˜ƒõzmKWà²#mHAaIq‰½Âéb¤2€s¡R©|ôºÀí@ÛA< `ìñ€‚x@A<  P(ˆÄ
âñ€‚x@A<  P(ˆÄ
âñ€‚x@¡mé\v‡³ ÐVZf¯¬ô6º‚Z­2ú‚Û›¾ú+^ø¥P•Ù?-]€ËËîpæÍ?2j4?·z<•E¥Çò
¢®%!ÐfÑ¹hý

máÁ¡šÊ"¢Ñ¨C;D„Ú®lu~ñÜªÒrUKà
¡sÐú•–Ù»F…žËšÁAÆcyM/O_:}Ùš3µæþ£ž|h°Ys)ª<géÿáU™ü¯ûc¯èQÑênÐ?_WgÎøI®G®½´Q9ËUN?×èS¯SŸæ/ªWÖ|RKl7ïìÉîð_Ð-;uÊÛšM×{æöV-ûXýñIqŠˆVþðˆû–°Æ;(h5ˆ@ëWYém¦Ý 6?FÝÔà„£žþ¿)UWæ%Y+|8çÓ?…÷õ¸$uWZˆwåoÝí/ãTëk6]ï™;¬‘VgÒH‰fåGêÙßhþ™ä¹Œµ\g¶*ïºÊ•?xŒjõžkf%kúOw[º*—Õ/èN€«L@×a7†”gY¬U=îâ£Ó²-®š+—½Üá—5cïÁœ·ˆÔ™nj+‡­Ü%R’›¾7ËêeÚâp×>¸xl9Ò2òìuf:,uöï±——Ú«‘ž_{s·«ÔîRmuyD¤A÷†6Â­ÊËÔìÉT;k~y‡ºÔ¡’
uîM^…ˆˆT¨3ÔdžTI¥ª´´¦×?ÊyZ“þ£&÷´JùXªª¨”
»ª´T]ZÑtçœÏˆë%÷°ª°j«‚Ú;©UÒMaÍN*U…G5{~Ôä9T"*g¹ºÔqfQ­’ª‹o¤¼ª5ÕÎJ•ó„fÏÑªëUéÑ:ß]ƒ{Ö0?Q+¢®º˜Ó
àªAë€f·ä–êÂÚ·{úÒ9ÿ9Ý«»oÑ’·Ý‰³*Öÿ-|z‡.¾BëR”ºÀ=ìŽîû÷EUMÏznJOm£[¥:oñq³NLQ’•º0tä­†ÔƒÚn’•º0tâ+??ê ""¹ëçÿÁåkÈÙ¹¢ìÚ¤—"b]ÿîÿÕö‹r&/ÏìvßŸ'Æúü|æÖ˜˜¢ãE†^I3cCk®n}òÔWGbµb•ôƒo…'$üYm–ôƒo…?|íÙá?ï­%O5®ç!í3ËTr?7Æ¡ž] ùý#î[Â¼é«4OäË?ERàç½ÿAÎÖ>ño•þoŒC[ØÁkÛ/½âŽ­ToúH3×"‰Ñ’ñ…Úy]å;÷È—ï©W”Jénõ3?IÌÏ¬M5Í©
‹D‚¼Æ
Í‡¯«7È??¼_hKo¨\˜ä‡æoª3"¼½4ªÿ£1Ó56T?òžf•Î{c°d~¥?¼Ó=¡P3þgï—¿qE$SóÈ¿T÷>æÛQD4«ÞQŸ¸ÃýH?†åyôš¹o«¤£üT"á×U.ì¤þ~¡æõIŒ–¿S½Ojÿ±]&OôÐt´zÄçgÃây{}EDÄa?­?zøéx?¸w-_¶ðÌ×îˆ‘{{~øxrÚ°‡âEDJ#Ç¿’¥‘´þaþÓkœ`ÖHÚ?ÿðÖž¬)=»6µ•ÕxãÂÇüÄš2ço+óï^ð¬2½m_Ñ¨áA""ùíF½:9Þ 2>õí'¾[“1`’1eþ
Óô7¦ô3ˆxrW¾¸bã°ØD‘RóíÏý1ÎÐà{ØÚ~á·ý’¿ö…Ùë­?¼ðÇ„ªéô½EÃG9Û[ø•>Õ¸ì¬ªñ/êª?xßy¥òP²Êt³gîˆJÕØíÉšþÓÝ""6ïøgÝ}|ED³ìªàêurS´ˆWDœ?ªçæyçÎr÷ñqhÞ~U½2Þ5ù÷^cUþa•¾‹öÃtg‘êÛ£òàÄJ½?ÜÿûÊ«*Äiï_¦JO’ÈÕ+ý½+ín/"•*Q‹ä¨Wœðþþw¬ˆˆJ*½Rê²NµÉ*‰!ª=»Tâ+){4c=’©úÔé}¹‡×ù£¦AyžÉ?""ÒÓóÕˆJ)Ý®û¿BïüZëœ¨©µR³êcUä=ž{2ðhýˆÎOÂ¯›ë¶fn^²0­÷ô‰CE$ëçT‘^Û—~²]DÄa×?,<]µvLd”FDD§‰‰2WO»<žf¶ŠêUu«^«“Î]ÏLKeu?‡„>ñUü†¨k£íÛr­Åêl‹?¤­Zñ³ˆˆäkŠB‹ªVíÒ/¶a6‘ ˜ÎµF/!µ¦]â‘â?í?xÐúÔ{P ýø´¹®êRÞÙÙ+[%·jQoŸªTlUíwÈ?ë«×‰ñ†oÉÌR9»T*ëøzc‚eÓ1µt;‡ôÒ§åí*#¼"*g?zÝnUžSÄ¡’J¯ˆ»x‡¤¨^Z¬½¹›·Ïµ•ÝÂD:zGÕ/-Ð&ÆÈ€ØÊØk¼àIì®ýøuâ0Õ¦CÞ'¦ÉÇËU™‰*Ù§ò¿¡²›ZÒ-/PDj¾¯ä¯õ5}½1Ár&d«¾ìX¹ðúFB€Ö‡xàü?&?£DõNzrŠåw‹>O˜79ÖW«õ‘¨¾£î?Sþ¤Ü«1ø‰X•XÐ”&·ÒŸuTTy¹K¤j×n—ˆZ«óÕJ yhÒ°NU+$%ê"EDt??XI«mú(?ï­ž?ø‹TÔ¼ÈUk€^ÍD€·£¨
‹Tâ)—<ÑkEÊÅ)¢¼4¤òìƒûzÝä~°Þƒ’r4O,VÝ>Õ3¡£Èõž""â~ùªÂ<uF–ê­¿kûLt?ØÓ3ù÷•wå«3²U+>Ö8o’¹7Wö‰ó¾¼N?")Ý½?tñæùjvPKº$>ä9KyÕõ×©ÍÏ{W_/ïCÚ†&¸@?ýÇ¦/Y›+ÒµßM†Ôÿí>m0ùM~>ŽãùösØÁ…m%""{v¬Ís‹HyÆæGƒúõòëŸŸ¶í°øM~Fƒ+?ÿôE|µK»7\5Œ•7GÉ—[4¥•"•êïwªÂ¯õÖoð©ÒS>^£I?¡.=¡yû{UU«R·^ÞÈLõº*qfª¿-?!×VŠx£BeÏQ•³ª_ÐYÙå„ÚÛ­s¥Ñèµå¨Ò«fžÔd:¤ý5ž‡yî?’Ì|•”h2‹ÄØÑÓg?çÁëe?U%"úë½÷;T/§¨îº¡R/•7÷•”/Ô·÷ŽìØLyut»Ö^{ë™EyÇT…GU¥yz\%h=p¡4‘‰c{¬Z”²íæ™ÇÍ|øƒ^˜¹^gÔ–»'LéUdcC1´•ˆHŸhùä•™¹R^aè÷ÐC‰á"2àÑ§­óß?÷k·ÖÏã–ÎO>Ö5ä‚¿Z@c{cHfëW9ä~Õ‰Eê»æ¨ýE|:yÿ:ÖÓà–¹·Ï}ž¹Éš·þ¥1yï¿Í{b™ˆˆtóÌMÔ¼üžö=µ”‰Œ¿Û“""ÞØáÞÿ¡N|Q-×V®›t¶ç–v¯œ­™ýºH_‰‰õÞ(""…'U~¥ÍÐIûJÉó÷¾Ñ¿ÒyRûŸÚnWKžxgO«Q{n¼NýáOÞ‘=¼"Òþo·uªnC+•ÿÛ6ZžµÞÑ=/'hŸ~WûžVÂ;{ûWw¬)ÊV-Ë—±£.þ¸
¨ÊìÎsXÀUì@Æ±øØ¨syõ?ÇS™–žÓ3&âBåv9Dç{¾÷.l+—[t¶rÙ]jCŠÎß¥Ý®n•Símª“›³T­7*·Þ?©ºÄõÞþÞ©,T9+D_ÿ%h"*i8ó¼ŽÞpf¥ÊYéÕŸß¿›&Ê«íBv UáÐúýE¥¡ÎºfAQ©ÑÿbzÙku¾Wl+i$ˆˆÎÐÌp‡ó?Ä%Ý®ÚfúÙ«2¿Õ<—¥ÙÝk¬Pí8(CFUFžYêÕû4¶Ñ¹gƒ¦ŽÞpfÓ¦iM”w±»ÐªÐz´~v‡3çh~Dxpp?±©6?§² ¨ôX^AÔ5¡_† ÍP9O«3s¥B$¸sÕ‡ õ m‚Ýá,(´•–Ù++¿”Q«UFCp{Ù€¶Œx@AC
âñ€‚x@A<  P(ˆÄ
âñ€‚x@A<  P(ˆÄ
âñ€‚x@A<  P(ˆÄ
âñ€‚x@A<  P(ˆÄ
âñ€‚x@A<  P(ˆÄ
âñ€‚x@A<  P(ˆÄ
âñ€BÛÒ¸rVlV¯ß§>|Råò´t)®:?tó?«œ0¸²¥kp…¨ÊìÎ–®Àeg)T½òÍ!‹ª¥pUênö¾xŸÇÜÞÛÒ…¸ìè\´dã?EõÊ4-]€+?x´~+6«É.Ò!‹jÅf.€Ö?ç@ë·~ÿÒ\ü1Úþ?­ßá“4¸øc´Ä õã9E.þ˜mñ€‚x@A<  P(ˆÐ
ê+£cÏ|L¸^F÷•î-Yàê mé—Ò3OÊ½ÊôœJ9²Gžù·L½W’¼[æ^èn'="Ot•Ôdyâ—®VÀ/ñZ?¤äÞ)=&Ÿ¦JA€Œ•„p‘m{¥P/ûZº<À/ñZ?¸"nùê-Y(""Ÿ¦ˆ¹ƒXDRÈ)ƒ©Z©ƒL,=´’º]òÚK{·¬N—î±ÒY+?JÒ1‹lÙ «O5qŒ2,Jœ'ÅÙM’:JÉQùë–+÷—ñZ›SD+·>*Î4Y¿E‰XN‰ˆÜ;F’B%y·Ìí.Ÿ< ?µâ¬?Ñ}¥Ô#ÆbY?.÷Ž‘¤@)ÐH°ˆheôuÒáeYÞè1båI"61ú‹SDßWÂeâ§Wú›.†&@ëñÎI-’à.2m¬,y]6¾ sÖYaÒ-ÒY+‡6ÈÐäžÿŠøÔZæ#›eàó²ü˜ˆ¿¼©¹ÝòÒë2t‰ˆtŽº\_påÑz­Hº<‘.!÷ÆIß(Iè"£ï”Sg–w6‰ˆüFDÄ²AÜ"µ¶®šÿNžLŠÑ4wœÒBY}Jä”¶K07š á?:´æ""rL>M‘çÿ!ÿ<,¢•îµžpjs‹ˆ˜ªqÚA|šØ ­¢õZ?iÈ­>’z@¶ã5’%â–CÿÓ?Ê
ŸeÊ½f4A^Í”Ý¤;÷ˆuñ_h=›^Ý(ÏüJfÞ$æ
Yý•¼SkK²¼³[lzt?3%ÕÞ‚Å~‰TevgK×àòñ¢®¥KÀ•6¨¯8s$µáÃI;È¤ëdÃ±ˆH¬|ö€˜-2ðÍ©W¥u¯¸Zº—?‹ Úº»‰ƒå‰›ä‰DqºDt¢wËêÍW¸4À/ñÚ’UrÏ>Iê#f­ˆ[R·Kò±–.ðKB<€¶Å’%³7&´ÂÚIDATZºÀ/C“(ˆÄ
âñ€‚x´~:MKW Uà?Ð€Ö¯K˜·¥Kþ»vlÓ@PQÒe$—¹'nÂ®Æ¹: b
@H ûH~$[º{¯‚‰fõw—9°L`äÌßns¹õÀX&°òæo¿½Œƒ;?à_ÆaÚoåÌŸ<€E8Î
ø³q˜Ž‡ó­§®aõñùuë€+9½¬Ÿ_×oï«o§<ð÷wO?ÓnsñnË!€ø\D‘@äyD‘@äyD‘@äyD‘@äyD‘@äyD‘@äyD‘@äyD‘@äyD‘@äyD‘@äyD‘@äyD‘@äyD‘@ä?ŒFƒ¥Þ–u—IEND®B`‚' height='200' width='200'/><br>
<br><img src='data:image/png;base64,‰PNG

IHDR
1K«Í/sRGB®Îé IDATxœìÝwt\Õµ?ð½Ï-S¤Q±Ü{7Æc\0¸Ñlj¨!„B‡B^ò’?„??¼—i¤/Ô`bÓ±M˜blª±?‹\dKM¹åœýûcF²dY#i$<ï·òý¬…Ö?™sÏÝWZß=gŸs8•ñ€H•:ø¿éä!=€<¤?‡ôò?@ÒÈCzyH éä!=€<¤?‡ôò?@ÒÈCzyH éä!=€<¤?g—:€_ï¼ùš1a`9Šˆ?2¢Ø&&Ò,,¤H‘PîÝnbb!Éf²A¨Å¨xÄNTTöí[•¨¨ˆ—Å˜5‘"b"ÓPŸ\ûÎ–íéÜYû¸¢V$Ú"f2Ùm¿cEÚ?%¤-R!“#’±ÉÒÍÁä»kÐFî¢D²V¢”‚ê>‰a£&õ€nCzP2N8Þ$Ói›XÄ!cÉÞOåÌL$"mD„Ú?ˆ?b–ü¡0,ÛéÛ·ß¸1ã·ð ƒ®ªîk9®eG˜f·å*O.{ìœs>‰*¦Ü“;±ˆpëƒ|ÒÀD$"¬ˆ¤9X&f’ü>I.Ë`!é(`¢6wGÍW$1ÄŠ³ÿÓGÍ¸{ñÊýÿ×ø÷„ô d.¼ð2·ig£[?F‰É"+|¶åödùïÕYšŸßE„)ÿxÝüœ?{L—0EÄh-ÌS&tøìÙÃG¯H$
3aÂ„/}éKŽc;®CÒêÁ?(?
!BLù¨Zôe_Ù‹jÎ¨]ŽADœOò‘S>™hé¡å^˜©±)}Èø‘ûáo9œÊø¥Žàß”Ñ…»Ùíg1I~Ð`ÏSvîQ\„òßÃ·|OÍÏç”?Î½#B¾ï'“??ï?=&_¤ÓeAd2ÇqšŸü‰H˜¹å€Ú|·Ÿe_KnÄCš›µœKm8?ä°'ïÙóNÛKQjeÒìV}2ØFJæˆÃf§¶*.¢‘!¥ˆ&!²ˆˆH1“2DŠŒ!RùcmH)bMd±6¤,bÛ±bñøü9ó.¸èB?ð\7Ò­`žyæéË.û¢"Ñ¤lâ?ÄfŠ²™C‹ŒaKEÆ?•56¢–/Œ´Õ)Öš”%¬‰lÖ!)[8$±É„­/Úú}ÃæN»ýÎ{ÿ·û‚ô dÆŽãx‰Ý:¡º?ç8‡™?Hø†xÐ€þ'Ÿü©ã??¾OŸ>EtU‘¨˜2eJÍõDÿ0…¡:tx©ãø7‚â"€’qâ0MnewÓƒæÂ~ñ}ßóýò²2fVªGkUcÂ0°·¥(I„r¥>ÜÍ:¥}¼w'ºm}]#Bþn?*ztFJæÔ“N³3É?Ä–1ù©-{¶¶×£Lb$u2Y¯²¢êšo~sþQGõøž^zqÅw¾w­Ý¥4£eFqë÷s~ªB·sŒÜâKM^pÜ3¯ýÑO»w2é@É|üñÆh¦i³6N~Y 5OÚm~Ú6’Éf'N<ð«_ýêÜyózžQc2µþã?H“²r“?;êµ˜Ò£–åP»‡©)?Ý1fHW€â ¸ d²éT9%¨Òæ–ì å{ø6L,&TŠ„È÷}‘šš×u^¡{êêê˜±Ê¯1Ôj?¶­‡dOxÍ;"´‰|¯1?6Zµn¹P›ƒ\-”à¤ŽõïÅÛ€0zP27~ÿz+³+iU)ÑÍïí;= fÑ¡ˆöýpÈà!ß¸æUU½³Ö§6&“N~ðÆëoÜ÷ÀýÊRœ_}hŸuNíup7tØyA0å€Q—|ùÝ½/(FJfèàéT£Å?,”+Ü7FÆŽËOo9þÄ…–²Š¾®çyï¿÷îëÖ½»úÝw>|wÃúuAn¯Ý¾nã{oÚÜ6†âäîŽ;»ÍöW4FN:êð?/~¡øk@w =(™[7Ûœj
£vËVÈí´ì†A&•>bXMß¾=¿ôöÚÚ­µÛ¼Àw×²”eÙ¶m)Ûfcš7Zk§yc´â®Ø¼árWÛ1‘¡DÌJôZÜE »P\P2KŸzJ™´oÜ›
“1¦vkí§N<ù°#fq•ÚíÛžZöÔª×WI ©y‡bË²•¥ò{!­c‰²?~üïÉè"²
fò=²åÂÓÎéÁ• 0zP2ƒöÏ4ÔwåÿÂ?^øÛßýfäèQÝêÿÕW_½û®»ÿúØÃ›>ÞRt?%wòü.]Yê(þ]`ô d/zÂdÒ¡í&Ü÷óL^Æ#EsfÏ©¬¬ìnÿ±hlæ¬ÃŽ9æ˜xy¼,^®µn5`ï:Ž•L6uÿ&>A"âD¢}b½²p+tÒ€’©O6::™öÊ,2{ÕÞ0³ˆ4¥ROš<é É]ï3ÃËWn­ÝJ$n$RUY!BÙL6›É¶ô\Ü‚¢OlÝC·Ngæ†¦ly¿XÑW€îBq@ÉØ?š­ßâuØ`Ì˜Q?=öÄ¤Iv©;¡×W½þÝï]ûÒÊåõ?½gi?0oÆCO¢¸`?Áè@Éüò×¿S[Md #Í›ˆ11­³Ùàˆé‡u57 "¦m;·/8öØ3>}šmEEBn·•@«MÍ˜H$·£™ˆˆ?äöCk©?’6!µêaŸ/©mºß‡F†W¢¸`ÿÁè@Élxÿ}ì0±AÆ‹Å+Í¬_3uê!]ìGH^}åÕLÚ+?Ç¬ˆk)‹˜•ˆ°b!fE¢…UnÿÑ:0F~Æ"îSUIJ‰6"D$lÙ,bX©==P(d3"abÃ¬ÄH¾êˆ‘Å¢‰•1"KD³RdD˜˜I(l³baf!f1†9·›‘==33¾®Ž5Ã'}’Øé@ÉL;Æ4ínTW±ˆ1D6s M&“9çÜsýË_E#N§?lÜ¸ñúë¯¿÷Þ{£×²lË¶?6ÌÌLÚˆÅÄÌ¡ÅÄJ‘1DdˆÂ ¨éÛoüØ±ÃF?pâAŒ·æ?57Üp=31+ffV–¥r=³1BDJ)c1)fÑD³¥˜„H)ÅDÚ3+&cH±+#B"J©–;-”;1ß1-¬“6b+ªO{ÇÍ›õà£KöËP\P:gösaº.´Ê˜%_OÃì{~¼¬ü+_¹²+¹­Y³Æ¶í+¾t…ø6[ÌÜ¦v‡òÅDZ‡AŠˆ:pð¸ÆOŸ>mÈ°¡ÑHÄ¶m"špà„­µ[=ÏWJå»6²wW­Š“ö.êâAû7;î“™Ó=óÀAÅÿŠ ›0zP2õ;k£’i0qÅ:÷ŽÑÆRÖðÃ»rz†>ZŠvW)¥”ÊÏ! j)àWLA¦ÓéÊÊŠaÃ
uëùÞÖ-Û˜…:-õßçCÿ'€‰E¸ÌÖñš!Ÿàe Œ”ÌQÇ§›ê2ì(ÎON'3Ÿ9çìÛ~ñÇéäÿÏuuu_ÿú×?±$s™UsV°Gnj¯ïû$ôé³Îúò—¯0¡V¶ÕQ‡O=ùÔÅ—\bYlYvûÞö(z]Óî&BÄÔ”
Î:nÖ­w>TìU {?”Ìá‡M·³»šÜ>"2F´‘/œ{n§¹½üòË›kk?YxŒc;ûzfg&JeÒa¨?uÊ)çœ}vYYYáûô©ž>cz¢"áX¦û3;Èí{Ð˜l6fB±×€nCq@ÉD\¥ÃÛî#F[–•õ²®ë(Uèé<Çó¼À#ÑˆÕ<O ·ÒOîÀ²¬T:•ÍzUÕU-ºBkÓ¼âéžÞš×%j©'’\îAûl¶?%W&Ô¦“®?ÈÄBLAƒG?ä6Ð[0zP2§œtšãèLÖ°âÆú†#‡ÿò—¿ìSSSø¬ž}á‡?ù¡—ñbÑ¨!­™)­™Ørì]»võÔÿÚÿüÞÌY3ºÌÓÏ<óýë¯wÝˆRl)K“Ë4Œ£,KDŒ1–²„E´aV¬ÈhafVl´a"¶”1Ê²rlY$$F³RL¬?VJ)æPkf¶”ÒZSîÀ±-«åÀ?¤š2óíÿºÇ¿lè¤%³}ç¶ˆNïÌŠcq:ëêÄSªút’¤Ò©{îûÓÆõ”e)•ûº=ÿe¾ˆ(Vž$*ç}þ3gMïn<;wí²‘Ü®D’ŸÕ ¹ÝÒ¤Õµö\”ˆ™YDrå@-mÛçÆXDˆssŽ13íãÄVW¤T:½£iD‘¿_è>”Œö3ì?2a†5Õ}”ÕI-?Ñf÷îÝÊ¶”R$B¹YÍ9YÏ#’Dy"‹u7˜0šš²Ì&÷2ÿ¼ž_©ÕFÆ-¥V˜¹Ý¤„–¥ùƒ=?Q«O¹í*H­nŠˆYn˜ä²¾Ý½(FJæ›×\“mÜ–•x&?ºàÂóO?íôÂíßzãÍ›òã Ô¶²òÏî9B–m??°ÿÀoü~¹½¾ê?[o½•™ÇÏËj-¹Gú–ÇøN~îÕcûeO÷J'ºðÓ0Ïž2þ’¯~§ˆ;€" =(™eO>m55mÉ¦*×|ë›…û¾óÿøáG.?—“í¸bt~è@)ßó˜Õm¿øE¢²¢¸`¶lÙúøc?+›s•EJ±í8b±Ñ¬”Q–Êí|l´a¥Œ1J)1†ç3#ÌÜ’-p~†q.Åh5P$†X‘˜æ1
EbX±a¥ÄRJŒ±,Õ˜LÙþÜKŠ»%è>”ÌÖÚõeÜXTE,5røî¬²hý†õ¤H‰eÄD¢Ñ¬Ÿvl7}Ûrê¢ndìØ1Eãg¼­Û·f²~6ðE„ÈÄ£ñL6‹Å3™t,M§³±h4“Í$ÊË?PyyY&›?F#^Ö?Dlß7ŽcaèØ*É²Äf"ÒLŽ‘À¶œ0ôm;Y×?z^6?f³™h4žÉ¤ãñX:?‰Çã©tº,OeÒñx<•lªN¨xÅ°¢ïº£%óØ_ÿ–õ›$´Ï>ëÌÂ¹?çûwÿïÿnÛ¼5?ˆä
ôóó†«d²ñÈ£?:úè£{ÌG>ºï¾<ð€³?ûÙŽÚè \¿~Ã›o¼¹fõšú††ÊŠJËV–²Ú—µhûf.[È­X*¹yÉ¹ÅlšæÞÉMn´?bàIŸ>¯'·]‡Ñ€’<°CC}<^þ?¼tÐAhùüóÏ/Xp\îûÿØñxùÒ¥KæÎ?Ó“`yä‘3Ï<sÞœyK—-íhö‚‚´çm«­}ÿý÷Ÿyæ¹®\ñòk¯ù¾×“ëvê˜Ù3zå'zh?ô dÞXõª4IYõôiÓ
·¬««[½úm¥˜¹Íl_¥T:?ªéÛoê!‡ô0˜úÝ»ß~gmß>5ãÆ?S]ÛLÍ„úí5k¶×íÔA ?vl'‰X–•[¢T¤è–ó˜9u¿Ê²QÜÃ® ‹P\P2uÛ·&Ó©Ùó
?ÑîúúE‹ž¨ªªh·%“?£F?îyn@DÉ¦¦uï˜’;fu-=P¶uÐÁ{‚ßZ»õ©'ŸNgÓ}kj”RÊRm*?ŠH˜LÚºjT÷O€â =(™sÏ¿¨¡¡~ÉÒeÃ‡,(Ðìî»þ÷k_û?Ž>ýÁnœ3§GeE9Ï=÷âùçá€^[µ*fó¯ƒëº¶cß÷‡ûW¬|ALÏ#Ê;æð©??ûÏ^ë
Bq@É,ùÛ¬õ‚NH$Ê
4{ýµ×7nX¯[‡†[fø)ËÊd2Ç· ¢¢²çÁlÚ´iéÒ¥ƒ‡=î¸–²ŠîÇó¼gž~fÇÎºhÄµÇR–m)“Û¹ËC¹–Žm×7&‡õKL›S(}€^„Ñ€’2tØˆaýç™LÚÃ¡Ã†2[Ì*Ée,”ñ2³Æ?ë•Ü€ˆª+ª&OšÜ¯¦?ÅÅçD‰DN<éÄÜñ»ï¾óñ¦-åå•1×?fVŠL(ì0‡b+"£…¦@ÄfeD¶l2¡°ÍlÈÔô7ý*Ü^¹Aè
¤%süq®ûúå_û¯›´yô‘Ç.¾ôâL&Óþ£xYù“K—Î™Ó·W‚yîÅçO?ý´yóç?ñø±x1û.·g±úÅm·<óÌÓét–L‘3•??êð‡¿Ð+ñ@§?”Ì—®¸âø“Ž)ÜfØ¨áß¸æÒF+æ–µ€˜Y›?ƒN™ÒkKúLœpÀõ7Ü0xð`Çuz«Ï±ãÇßû§{üÓýk?|Ç‰DÇÍ­iÔÅÓYq&:¶oÅ?ÂÜ€’©Ý¼yô¨A¤"5¢Û¶g=Ï¶­–uBs»†éPÐ??öV0¾lÙº¥ª¼¢ª¦º·úl-“Í~¼ñãX,jYVs’°÷BLÍš?b£âŽ­òI„í!=(™Ù³f¼¸|y"‘è¨ÁŽ;O<éø?Ö­‹DÚ¤Fk!¾çžûŽ=¶G;%·¶èñE_8ÿ}úô™>m†íXñx¼¬¬lÔˆQcÇ?:tðÀ~úô«±m{¯?ºnçŽ?W_ý?'/Šº!ÊmŠÜéY©löŒ£¿ýO?wQè.”Ì?MÒcF=pà «õFLaÄbåcÆŒîÅ`úöë{äü£…´úaÈétzÓÇ›Ö¬y[-³G?9eÊ”©Ó¦Nž4¹¬¬ÐDêÂýßrë­Ã†ý×¿þ?Å•2"?g~h˜ÔÉ¾Ð‹0zP2»wíèß¯Òq:|à#;êvZJµ~Šfb-:êº‰ÊÞY³('‚d2)F„öT1‘Ñ„¾ç{b$‘Hä6EfÅ}*«I9’P·³.ÛuI„š—j¥=EÂL"ÄÌ¡1•¶gb˜~°Ÿ`ô d.¸à‚‡zØéx&ðÒ¥K¿ûÝo;®Ûüäœÿ‘Íf?:ó7¿ý¥ëöÚ¢Ÿ+V®üæÕßPqË¦BÄÄBBÄŠH(ÔZDH„™ûÔô?>íÐÏ|æì)S¦t·âè…^¸é7ZŽÍŠ™‘H>O`ÊMK`&fÊxfþôn¾íÎÞºM(é@ÉDìSX A]]] ¥"žplÛäžË“P¨©¬<æH,ºÏZÙª¼¬R)&""&""abbEFçÞ/ã?öøÒµkß¹ðÂ‹Ž[¸ [“¤O8ñ„¿ÿã¥§Ÿ~®o¿~¡ŸR¶cS~Ø¢å¢ÄLŠÓN¤Èr&(Š‹J&ð2‰)UÑQcL6ëç&‰01kmGYV?ö/Û‹£?6Få
{rOç-¹gwf2Fˆ‰Å(¶´HdS©tŸš>ŽÝíï›“$?FDÈ²ìÜÒL¹u™šˆ‰Ø$}B†°Ÿ =(™ÿø?ÿøÙÿü$‘(ï¨ÁŸþtÏã??VU]EÒz
/§S©£Ž>ú’K.éÅ`V½¶ê¿öÓˆãØ¶-ÌfÚ3™XZ<i­³žW]‘¸àâKfLŸÞõ‹Þuç]?üõ‘:šZÀi/8dÂÈ+¯þn÷oŠ?â"€’yù+?1¼ÿþûK—.-++SªÍ–h??Éê>}z7˜;w>÷Ì³aØ¶Ý²!A›¥…
.2¤µÎd½çžá¦›n:õÔÓ”¥
µn6ó°Ã~~ËÏW¬X?F¥]ÿÌÔ”ÊøGÏ¿²û·ÅÁè@ÉÔnÙ2lèÇí°j?•JÕÕÕ)eå+|ò8‚ŠªÊêªª^ÆóüíÛ·m²Ù¬ÃÌÌ¬,Ë±mÛrò4Wþ´—›?œI¥le?;ªë×M64ÖÖÖº±¨½¯Z)m¸L¥b5#{pgÐ=(™»ï¼ëšo]ít¼øÐšµk|à/®ãîÉ„˜)“ÍN9ä óÎûBÑ›”µ÷á‡ëîºëÎÑ#Gœ|Ê)¢eGÝŽÚÚÚ>ø`û¶ñxÔ¶Ý½÷)?æñ…=£¬Åd3™òòòË¾xé°¡Ã:½n¢²bwý®Ûoý…ãFˆ¹Í®LY?œzà˜Ó?wAoÝ&†Ñ€’™zð¤—ÿõ¯ÊŽ·/X´hÑ©§žZYUÁ¬öì2ÌÔ”J2eÚ³Ï<Uô&eí=úè£§Ÿ~úü¹G.Y²8?d³ÙT:µ»®îƒ×=ùô²7ÞxýÍ×ßô}Ï?¸$Ôœ–ìs$?‰(?ÉL™6ýž;ï;vL§—njjºè’KþËŸ+«+I¨Õ0§Óé£gÏüË¢gzë6 0¤%³úõU‡N›dw¼-Zãîú5ï½çÚ6)æV3´1±XìÀ'2õÚèAC}ý«ßÐà„qãÚ÷êeý>ü ¾~w¨“X–?Çr‹QóœåÖ´æúÆÆñcGÖùBn××_£ººšIn?&âÜZI‰ˆ5xÔÄ^ºKèŠ‹Jfí»ï4e’Ýñî–ã®ûàC#Ú²¬6“„…<Ïïß§o¿?½¶?ðÖÚÚ7_[5qâ¤Ñ£Gµ_¥4u'M:°ååªU«–/_ž(/?ÆbJ)cÌ>F„7|ô?1râI'4¸ðÕkjjfNŸñÀŸŒÅ"®ÑZçê¨¼@?PŽô`¿Áè@ÉÔTWÔn|¿²ßÐŽìØ±ãðY‡¸îÃ}~ú›ßüöòË/ë­`¸ÿ?s>wÎá‡Ïzæ™gc±X?–F›­µ[ÿðû?üöŽßnÙ²%‹z™l?ösgÏ{èá¿ôïpõÒ¼úúúO>éï+_r£?ëµ¼ìá‡>öì?ºCP¤%óÁûïNž0@¹ý:j`Œ<ÿì3Û¶ns"‘ÜÎd’_ÂˆÓMMÓgL?ð É½ÌúŸ}êé1ãÇÎ™3ÇR]Z–ôý÷ßÿç¿^öš2å‰„ÅJŒ°?/2ÉÇiBÝ”j:éS'8 Óß^»öå•ÿˆE£¶ëÙ*lò‡é3uöÑ=¾?è”L²n[S2RQÓaz O:h²m»ÄÄªec"bcúínl‚Àq:.NêŽªDbÌ˜15}ú¨.Ïg7nÜ¸qãˆè…_È¤3åååÒz‡–ÙËÌ¯¼öêÀ§M;´p‡“&N¬¬H¼óöÚH4J,Ìô¡êªŽ—v€Þ†ô dN8õŒ¯]~ñ?ùY?6¯¼úÚÉ'?ÔÑ§=ôÐ™gžÙ+ÁümÉ“çž{ÎôiÓ_\þbáâ¢½A°éãM_¹ê+»vï*ÐÌuÝÇyôø“N(ÜÛú?Ö/8naëwN9rÆýKVv=è¤%ó­k¾5kú”ÂmfÌ˜ñË_þ*ƒ½ö#³m»1™4p`o3múÔo¼qØ°av»yÉ…9ŽóùÏ~Ô¨Ñ+–/·Û¶íö[§1s*?2…7^&"¢ÃgÍúÃþ°{÷îH4ÂÄB<°º¹
ôæ”L²~W„3‰~#,U¨ž'•JíÚUµbd)£Y³01Ã^6=tÈPÛí…ïz¼¬·­¶¶¼2Ñ§ºOÑ?ìÜ¶=ÙØ¯('b!aÉÅ*DL©t6?öÐù$„MovØ&‡´‘¸Êº•CŠº£%sèÔiåŽ÷Çû›=ûˆÍ–¿¸üŒ3Î´-KH8·Å€!RDBlñW\ñƒüÀ²¬³xñâóÎ?oÎa³[¼(âYîÿêk«.¾äÒÆ†úÜÔäæÊù?•µÑC‡»ï¾{¦M›^ “ .ÿâåÏ=û¬mÛ:4'/8âÎ?ÿ­¸x »?”ÌégœÂÞ.U`ã"":xÊÁç_ø…º?»lÇÒZ‹1¹9ÊB$D‘h4Âž§C‡ýô™Ÿ>`Â„žl´vìqoºñ‹–,r'‰Š˜Pk/›Ée5–m~¸­v[áNÇ¹üÒK«*«³^Š•5{æ!=ˆºÅE%£Äç°ÞSUenœœ#"™TÆ‰8¢E8ÿe<Sà‡:*«*{ŒÖ:›Í(ÛŽºæžnÆÜØØ?ÄrA¶™ŠÀœjjªLTXN'ùLÖ÷H‹²Ò!%ztFJfÞÜ£¨a·ÐïÁ{1bx?–®ûð¼óÎkJ68ŽC¹ô€Œ%¶?µq”}óÏ~zÌÑ=Úà©§–]yå—?˜=û÷¿ÿ}ÑÅE9Ûjk/¹èâõ›>ŠX.‘?Rd$ ’lJ}îs_¸ö{ß¶¬ÿ‘|ÿÆ‡yÈ
õ±óÿáíèI<Ðu]Úø>åå±²ŠúÝõë>Ü÷¾È-†>öüP¥lÅ¶R¶b'$ÑÄ¶ë¦ï‰Ç‚ 'Á¸v$^V‹ÆÈt¾¾Paý8ó¬Ï?Ø¹µM¤‰C#†Ørì·×®nhh*Ð3|ðÁŽã„–c»=­›€®Cq@ÉXA½¯ª¢+‰n,F,ÛQlå¾_7F˜E)KDß+/?;=øÖ_a*•rc‘HoQCc“af•ï!¥˜ˆÃÐ/OÄ?N&]HccÒˆíª,9(.ØOP\P2—^|‘òv‡V¹û¯®›<yr?Æ¬xñâÅüãËq1D$¹‡x"1J‹œvò)\t~qû(¿ñ©ìu IDATæ›×ßpÃ¡‡NýîµßíìÁ½KÖ}ðÁõ7ÜD¶J5òuQ¾L›6ã{×~Ï?t|!‘ŸÝrÛKË_˜;ëÐ«¿{cÏã€®@zP2/ýýŸŽnÌR<ÙÔxÐ!Nˆhâ·lÙº{÷.¥ö.ef"Y÷î#F?\¸àØ"‚©ÛU÷ÒÊ¬Äô¸¸(gð ÁÉÆÝo¯Yã8NëÙÉ¹¬fÓ¦Í]|Ñ¨‘#;<Ÿ•-ôêk¯ö¯èÑDè”ŒßÔ³Òª¿—IG·ª¦ºÓS“Édyy9I~bÎýgŒI¥R‰XYeßÎûi/‚Ý»wÇb±D¢×*yêëë}ß?¸‘½BÕFg³Þ€ý¯ÇšÍd’É2GT¬˜;€"`ô d~~û¯Ø«Ïh×R*™j:ú˜£N?íôÂ§TTT¼ðÂ‹K—,®HT6?sïÁÌFë¬çÍ?7ïô3N³T7&õ®]»ö÷¿ûý¤I“.¹ô’žï¢?ãF"·Ýv[c}£eïÕ!{~vÒ„/¼ô¢×Êd3·Ývû°~•ç]vU¯Ä?Âè@ÉŒ8 ÝÐ˜&?{9á€Ï>ýìà!ƒŸµêõ×O?í´6hã:î7¾þ?k¾ý­ÊÊŠ.óèÃ=ýÓgÌŸäÒ¥OF£½SÏãg¼SN?åÉ'—íóÓ&Nxñùåýú÷ëèôººÝ‡vøˆþ•‹ž]Ñ+ñ@§?”Ì¦ë¥±¶Q•ëÀ³,+ÃC=´Ó%Œˆhã†?ë7lpl‹-k¯5†DÄqœL&†áa3‹Åc]¦¡¾þ?÷Þ«©î3vôÚ»×â}¼éãM?Ví†DÈu?ƒ:Øv
ŒcËšµï©09|Ü”ÞŠ
Cq@É¬X¹"ªëÓªŠE‘1æÍ7ß<õ´ÓPøÄá#†—'Êï½÷?xÌ%bÉ­b$BùµŒ„™?1«W¯ö<oØ°á.¨ªª*ÜçîúúW_yeÄˆ£F?²¨×¶(‹—½»v­¯µeY¹ùLù%Œ|?ˆÅÊ&NœÐñÙ¼k×®¦­ï"=Øo?”Ì7¾þõ2ÊlJSÔVÌ†¡õóÏ¿pç]wF;C(++[¿îƒ_Ü~[$ü?•(ei­‰È¶,­??±-GëPYÖ¨#¯ú?+O;íÓû ^}õÕ+¯¼rî¼yG}t,ÖÕ1‡N564þ×ßß¶½–„”¥˜IkafÛ¶RM©k¯ýÞ?7~¿Àé[²tù’Ç—?üùÞŠ
Cq@É¼¼òÅLýf«¬Ÿè?¬ˆ"Êd²Šù¤SObî|WûL&³ì©g‚Tª¢ªŠ˜Y˜Y´h&%Ì"Æ"6Ì"&¹k—&uø¬™#ÆŒî¨·Ûv¼øÜóý÷Ÿ3w®êÂÕ»(ƒå+þ‘mh°#ÑPB‹“6*¶_?=jÒäINÿ£?·­_}èáÅ,Õ
EÀè@ÉXìTWÔøN‚Yk!bãÆ#&0O.^rÄÜy?,0‹ÅN=åäL&³ò¹ç™íH<&
‰a––Èˆˆ¨¬l˜YûÞ»o­~›H4I4Ø¯ÿ?áCª*«mÛ"¢Xy¼²OUy,j„T¯M= Ûvì»Ñó?¨å?M$L®EŠˆm;ÛÔ”c¸Ý6-jª*šÊ±e2Àþƒô dÎøÌ™^ºÉX–R*_‘/dÈ4%›.¼ðÂ_ÿú×]™¦LD+_þÇ?üc¶-[YùùmíµªÑÆèÐµía#G÷íWS??=nÃÆõ?>öØ¼¹ó–>¹Ôî½â""úå/}ûí·UVT´lŽ&DÌœlJNŸ6íÅWD£ÞæË¯¼rë?ßzxÙß{1(é@Éü×w¯‹ø?õ*j±‘æ9L¤µö|/‚®¤±Xìºëo8xê´×_yÕ‰ºQ7ÂÌB¹ñƒ½å†r›“‰¥Òij!9´ß¡ÓgÌ˜0a‚ã8½{›ç}áÜAƒºŽË­2!ƒpÀÀ?N¡•‹hòÄÉW~ùŠÞ?
ÀÜ€’YûÆ+•?Ê˜LËƒ»1±“jJ?;¦ºOŸ®w˜¬oxû?µ‘H4‹ŠáVù@[’ßhY”R-‹…aXYY1lø0îhþrQ“É?Ö­s\w¯Nµ6–R'P`U/nÙøþ€ác{1(£%sÂI'…©úF_1·©þÉ=Ók­§L>ð¾:ðÀ‰]ìÐ×á²%Oþôç?OeRÜRÊÓªÏ6í„Z9þ’%K¢½Z\ôûßýáê«¿fYVëéLj=bÄˆ·ÞZ?H”wtî[kß¾éê/Ý»ø…^Œ
@zP2W\y×ïª³#$fïÏ˜”‘º;×®^Ýõô ¦¦æ¿n¸næ¬Y‹??f¶-ÛR¬ˆÚæ
ûÂÌ^:=jäHËí?-“[Lœ8áâ‹/)¯ª0¦íc*ËÊl§Ðýjª?þÔ)½€â"€’É¦›\[¬hBiè?™[¾àÏÏ'ÖY\]U]Ü%6oÚ,$e‰rÇrˆI)eŒÉ%¹Œ!÷?¾EØÊø^4‹ôvzàûA&•²#®ˆ0±??+Öa¨X•w<t@DZ(hÜn"EÞ>tFJfÎì¹••q²ìtS1-¬X1kc˜H)jSQ^ÞÐÔxÄaGÜðýÜ­þ}ß_¿~ýï~ÿû×ßXø?ãØMÉ¦DE…ˆÑ¹mŒ‰´6¬ÈR–1Æóü©S§Þu×]]\1©‹þó?¯yâoOÄbñÜ¬kVJ)†aS™zÿý÷«},¶”÷âŠåwÞòãßÜû×^Œ
@zP23gºkÃÚ]¡?¨¨dRFŒ¥Ôž
&KÈ°ÔT÷]»fí“KŸ¼ð¢»Õ¿ëº³çÌ?~ìß_úû£?>þáGÆbqKYFŒmÛDbY¶1bDâñpà€ÜñÃzqŒ‘ªÊ>nÄebÊM´`#Zdâ
äDd[Î€ÁÃz7(ÅE%ã*m?a¬j²,!!bRŠ˜ˆk-F‚ÀÇ-°E@i-J±1¢µN§3~à™Ð(ËŠFc¶mÅ¢N?MÊŠcŒÑF+¶´"¡ÜÂ Œ¸¶²
Í=¡ Sª²Þ:‚Ñ€’Y¸ðøò'CÇ"CÌ”›>Üz}Ÿ=«11¥R©ñã'\{íwÇ?+~¡OËâÜO/ëíÞ½cÛ¶[7oIeRÿüç?_ýõéÓ¦ÿøÇÿíFzí_‡·ßzëëß¸&›Í8vsŸœK?Ä÷ýï|ûÛ'œtb?Óqû¯6®~õÆ[Ó[ñ@aHJ&Õ”ªû¸!u9ô‰™Y™æYFŒ)¥DŒˆ(e‰‘¼ðÂs›¶lüõm¿À¸^=‹?1rÔ¨Ñžïm"‘È½÷Þ×¯_?²:[ä¨;Þ\³æ?7_¯ª¬!ff&c$W¿¤µ‰Ø?ü3ôÖê··oØØ‹ñ@a(.(™ÀË’Ÿ´bU–e‰bRÌ¹¹Jqn’@ëU†,Ë
ý0™nªªªŒöêìa""’ºº]ñx<‰*ÕkÓ$”ŒŸ&VLJÈ´l¸&bÂPÇËâvÁâ"Ï½Ì.+ì/=(™o\}uuu\Ø£-V†LûýÊDÈ"Òd,R!‘b!²E{/¨ª®þÌÙŸ™rÐÁ½Ì›o¾uÇwL<pâå—QQ¡Gö®khh¸ùæy¾¯˜™•"cHi"ÛÒS¦L¿èÂ
œ^·}ç?~Ëèþñ/|é›½t
£%3jÄ°p÷Î£,›ˆ”ˆ0íµ?š2ŠÛì€ÌÌb„•¥EÆŒýÝï}÷¬³Îêù`Â¢E‹N?ãôc?Yðè_ÿ?E{Ø[ÎŸøó9Ÿû¬e[J‰2ÄL†Hˆ¬0¾õŸßþáM?(púŠ+Ž<æØ…GL{hÉó½t
é@É4ÔÕ?;3N•Eºyj²´ 0‹ç—1"jYÿ3¿ú±!J66Š1Ó¦Mëùj¤©TjÃÆ?••ƒì­Å‹¶oß¾cûŽHÔe&!¦ü¢¦"ÄÙlvø°á?+D^ÖûpÝ‡•1§Ï ‘½t
ÅE%óÐŸÿRå„Û‚¨Í¦Í÷?™?‘gž}F´)++?|öœC§NQE=Ü×ÖÖ>ñø¢ñÆêSŸê•Ò¢u~øÐÃ;ŽÓ.uaÏËNš4iò¤ÉNg¢eË–­~û­iGÏEz°¿`ô d†ì/õ»™I„›ŠþID‰òSO;ã¼Ï~ÆÌ™UÕUÝ
æÁþüÙsÎž>uÚò—–G£±ÞZ6›ýÌYg-zâ‰\fÐ>Ôo~ó›?ùÉO
ô°kwý”ƒÞ´éããçÎxxÙÊÆ]„ô dÞ]ýºÞ½©ÑígIØ“Ü€g3YÇuš’M^://?böìêêî­öS[[ûòËÿì[Óoæa3íÎÖí”1æé§ŸVŠÇm=q‚ˆD¤)•:læáýû×èÁ÷ƒeO-ó²™áj&MŸÓÃx ‹P\P2nØ8 œÓ©”M¤IÛd…Úd7ÿÌ½³×O¥É(R†Œ"%-i³Ÿñ]Ç?Tº¾ÖÏ?û|`BÒ?Fû0jÔèýû†•"-Ñˆk©žÖyž·dÉ’ˆí„Ji_‡dlR¹Ÿš%“LM™zHáÜ€ˆÖ¬Y#ÚDÝ2Ûv{tFJfèÀþ•¦~}ò“½J48°ß„ñvøá³f6jÌ¨AýºÑˆëºV«=~ø¡Oú¬yóæ>ùä²h´ø•‹´ÖW_ýõÛn»Ý˜'T,[¶lÁ‚:©«Ûyü'½ò¯—‰hÁÑG>ú·eEÇÝ‚Ñ€’¹óî?6nZ“v(2ÅíT,­6J?v›&äÞÃ0´ÑA:?z÷½÷I‘"0``,Öf‚Áa‡ÍºåÖ[†æ8N±7D¹½Û&Nœü³Ÿþ,?YÍ3rX©TSSUuõ‘óçîÄq#—]|éœO¬†ô/ïI<Ð-=(™wV¿?eµê¯($"C¤¨y_€æ—šˆ›ßÏ½T­fä^æ2?Ü§-OäÜü²yße"­uÖóBÏ7$Ìœß–Yˆ™mÇv·ªªzÄðáTìº¦»víZ³vmEEÂu#dŒ´[ë?‰'O.´`QÎÚµk/t¢‘PsEÔï7dB‘@7!=(™1#Gxé¤oDq›U}r
¿Ìí#@­ÞÜëå>ßÉ¥
D$$Í3†9÷3§2™cŽ:ú‰Ç¹±b6Yûàƒ.¼àÂ•/­H”—›Üp7‡-DD©têª+¾rËm·Þ¥aóæÍsf±iÓ¦X,žÌxg;ÿO?.."(Š‹Jæª/~ÉÛùQ­$ÖÍïí?tðØ/­>jÑf5£ÞiÝ¸ÍUDDëpÒA“Ù)rìà_¯¼2nìØ©‡N5íK¥˜?°mëëW­ÓÜ¶mÛqÜq'ÚŽ%B~N;p|qñ@0zP2µ›7V%œ€ã,ÝÞmŸ?üÅiîŠƒÀ?ÅbÕUÕ¬º×w:?ÞV»?-?DX)iÉr?AÀFÚ•`6oÚ¤”²-›˜´pœ<§r@‘÷Ý„ô dž|`?Mza÷žÅÛ?/t÷ôöc”ÛªÀÈ1Ç{ç]èú¶hbÌâÅK~ô£®]³Öq]æÜZ«m(fß÷/¿ì‹7ýè?vxû¯~uãõ7ägK(ËÙc?œ÷û{ÿÒÅx ‡P\P2Ç/\°cÓGa$AFw¡ù'Œ9?N>DYÝø§áíÕ«zè¡Êªª£Ž=FÄ´O;”bÏóËÊÊ/¹üÒN{ÓZøÁ3fÎŒÅ"Æ3ù?™0~T·ïŠ…Ñ€’q-²Èg§¬Ô?ä¡f"e)ÕÙô"ò}_D2^6æF•RŽ»ïåP³Ù,uq#­uà‘h´åúbÈ»=ÁÚ¦ûFJfáÂãËEZŒP®Ü?w DÒö?½˜‰ÛäÎÚ{.²äÚ«[aÓº[&6:ÜÝ˜<xòA·Þz«êàYŸˆ²Yï½÷Þ½ÿÞûþùò?#Ñˆëº¤)%${…ªX%+ûô¹ùæ?ßùôâ·V¯þÎw¾ø^Ô?†l%ÄœlLM›2þ†›Ñ[¿s(é@ÉèPv¼»zK@å—Ý÷¬‚Ö+5´¬JÊ¹b&""Ù×AnÔ–ƒÖ¹Cë3éÔˆ¡#MÇó¤wÖÕ=øÀƒ~ðÁ-›·x¾g»ï{s®ã|ûóçŽ?®+¿?ÅûÛkÿzÍ?¹Š÷¬óšñÃÆéÊéÐ+P\P2:ð”ß?á²"V.ú$£‰h¤ÃB t:³cÇveYñXœEdß5HÂ¬|ß‘X,VUUÕÅ«ïØ±ƒˆ”²Z¿©…ËL–+úv÷^ 8=(™/_ye\eÒœ°š÷/fÎ=u7ÿ$¢Ö/Ûµéù)­_??dð?ùóçíÚ]Ÿll¬«««ÝV»{÷.âÜZ¥Š™mÛffcLG(Å©¦Ô?ÁC®»áºD"Ñ•ßÃÇ›>¾áú<Ïw‡ˆöÄÆäù2÷?‘çù;Ÿü_é@)½üÏ˜úm[²RQV–L§Ër]»)?­,/kH¥¢®ËLéL¶ª"ÑÐ”*‹Fƒ0Â0QVÖ˜J%âñt6ÃÄ±h$™ÊT–—545E\×¶¬¦t¦*QÞ˜JÅ"#’Éz¹—eÑ˜øÚ˜òx¬1•®ˆÇ›2KY×iJg*ÊÊü p#î]ÿ{wøÌ–íX–RÉd*QoL¥Ëã±¬ç#e±hc:]QV–L¥Ûv»)?­*/kL¥\Ça‘~ý\páÅåå]šOì{á?ß¿ñ‘G²m'?õª*Ê›Rñh4Ôaà‡N$*Ééçù“ÿcŠ‹J©nçöˆi’Xu6??D¢Z‡"l;ÊÏz‘h,}&KYxA4õ|ÏRŽ?6¡‰D£Y/ëØ®–€4¹×Ëzv$ž"e9¶ïùn4ê{i[¹Ê¢ ÐnÄõ²×q‰Å‰8^&‰DµÅ°åX?çYÊÒbÄÂ04ÑˆãF"
ü0‹y^Ö¶]#?hq#‘¬ç9NDk?D9Žíû>³J65úž7tèÐššš®ÿÖ¯_oY¶qÉ?ïgÝXÔÏxŽí’2a(QÖe5?É¿ì?Ñ€’¹ëÎ;U¸?q”ÊÕÒ°°ä¦aË2bØ?²”ÖZ)EBB†ˆYˆ,6Ú(V¤Èh£”eÄ0‰(–Ð(K‰I¾VÌ’Ÿ…,Bª¥&c4³ÅLBÂÂJ±É_Š´EŠE
\ÑˆilH:äìs>‹uuK5"zî™ç=±¨¢ª‚‰m¶+ªÄ,Æ?Å¤…Yi¦ñƒ*?<ùœOòï{`ô dìßØPß“-?ÿ?°,{á‚c¿}ÍÎšsDnþ@W¼ôÒßO=õ”?;wn¶`ÎŒGŸZÙa@ç?”Ì{kWKrK½©Plˆˆ„Z–ôlYw”„„‰ˆ¸ÝA»¦­Ú5c"iþ´õGù+æFöZCµ]ûÜAîÔ ½lÖ#d×ô­œ5}†êrb?óÎ;ï®[÷a,7Æ[–j<y?X3izO~ÏÐu(.(™÷Þ][UI
5/lº×Öí„Ðu]ï¡+—f#™¬—nÊ2ð„Oä.ì¯ÜÞ¦M›—¿ð¢w]e5žjÎƒDöÞFAk®t*Š¸£%3d`ÿú†úRGÑm#G?<bÖìÏžsöÂ…#‘HwO_µjÕ¹ç?»æí5]lüÜ/CqÀ~‚Ñ€’yðÏ4nx¥ÑÁ¬ÅY”EPû:ÐDŠˆ;;Èí*–;"ÓÙ?!’=—%¡Šˆ(!MB"$ùþ‰DÌ€~ýæÎ™;pPñK%/¸àÂ~ýú“ˆ)3Ð§¬Ç¿iè*Œ”ÌªU¯õOP†¶*u(DDd´ÖFjúô©H$œˆ‹Æ¨˜Ò¡}ôÑú-[6Åbñh´Ã?™[cæ¬—­.?÷:º7ã€Ž!=(™Áû§“š·šR\BJñôé3î¹çž¾}û2s,SÌÊ²zÞs2ÙôÛ;îøÙÏ~º­¶¶[Ó´Ö§3ç¾'žíyÐ(.(™ë®ý^vË;Û­>›Üdà&ïcÒ°P»Œ¢££íûÜòæ^M˜½lö€‰G?îý¯ê7mþx×Ž?ŸûìÙ¬+•ÛÚ¡ðÍ
3yž?iìÈ^?:‚Ñ€’©Û¶‰³;ƒÈ ?äç–gÿÖÏôL"m^¶kAÔåü`Ï›´g)S&
E?3ºw2>X·®aw½b«¼,f¹QÅ¹»ku³­ÂÉ'{n–}m*í01À~‚ô d9øÀLS“XKqË—îuVG‹˜¶¿M?{P÷}ßvÜ/®5zDQÁìÕ#müøãßüæ·¿ûý±ãFXÈ?p‡9Ì¾5e3fO½ëÁÅ=ºÅE%sÔüc7oiPÂ¢™º<?[}ù^´Vƒù¡öéÓ§<ÑË1Õ××ß{Ï=o¬zýˆÃÓ­P[oòú°Cé…? k0zP2©d£ÎîÒV‚Ät¡y³.n?Öúý–Çí½Ž[µdfcLMMu,ïæ}´Q·£.•MëPA?F,Ëf&Ù³s7ºb¢ÐP"F*õ$$è:¤%³ðØ£w|üQZ”ÅJºüàÜÑÌƒnÙ×†ÈÜÔÔtÝu×]uÕUEt¸sçÎ/®üËÃyiåÊl6k;¶eYDù??‹ˆ67†?ôÉGÎºí?÷ÅE%3 o?/›ŒiÅû=h5kx/÷Ù¸#{%ì£C!J$‰ŠîÞ…1æýwßûß{îyöÙg³™tEUeW·-ê4°}|TAÖ þ5ÝŠ†Ñ€’‰:Ê÷v‰J‘eYaÚ¶mŒ!e©0Ô¶m­™™ç^êP+Kå6°m[‡¡eY"bD,KéP[¶m´&"ÕÜ¡ÖZ13³ÖÚ²mjËRBd´±ì\ËÉ9–mÙvW¦
ˆHà–eaX__oGK©x<nŒ!"R¬;Øˆ»U„¹€uÚ¶æVŠ‰DØš|«|?ü9£¥tÕW¾’llQ¬”çy±X4?Ê¸®ÃÌ¾ïÇÊb™T&q?‘ ¢ñ˜—ÉF"?D$âºYÏ‹E£ÙlVY–e)ß÷ã±x:?v\‡ˆ|?(‹ÇÓ™LÄuCjmbÑh&›?F#žç+fÇq<Ï‹Æ¢™tÆvK©T*uøG|ík_UjÏ6Îb´Ñj?J§v×íÞ¾sûêÕ«ß{ÿýÍ›6+æl&k;¶ã8AÄËâ©TÚ?¸bL„eñx:“ŽD"AˆP$Éf³Ñh$›õ,Ë²-Ëó½h,–Ig\×%"ß÷cñX6“‰¸mt„Dj™9yäW¾ýƒ’þ¡þ?`ôòTÚÀ¿¤?‡ôò?@ÒÈCzyH éä!=€<¤?‡ôò?@ÒÈCzyH éä!=€<¤?‡ôò?@ÒÈCzyH éä!=€<»Ôüßå%“¾&"r‰ˆU°©ö“I?ˆˆ"‰*—ˆ¨î…ë¾rçª=uòÐiŸºê¨A½V:™ô©ÍµJÈKnúðÝ-?¹ƒ9t¯?Þºï¬›—š:{Ô¨ÃÏ9gjbG¸çOCK$"ûûúÿAzÐ‘º¿}çS×­ "}Õ]?]4¾@Óuþò©?YMDDŸ»gÕ—§QØ¸cÍ{ï½³æ²?èÅôà?;Ž;÷njs­’ØöÊÝ·Ü~ÛÒ÷¼½Þ¯š|â—}óÜé}sU¸ë?5ï½÷Îšæ9óœ©û=Î7ï8â¢ûr‡s¯_ô«Skö{ÿ?Aq@çÖÝvÇ#Û:þ¸þ…ßÞ¾zÆSrÞª;Î:ã+ÿÓ>7 ¢úÕ‹oùÊQgÝñÆ>>€ÿë0zÐ/ýð/?ô?#öY™²ö/¿Xœn÷n|ÔÜK/úÁK«¶Uï?÷ŸúþëËw½ÓrËU#˜:m^ß?/¾½uçú÷v¦‰ˆ"³= ÷Ëê{Ðe—~nÓ[¯¬k¤~ñ]‚ô K¼¿Ü~÷™G\6¡ÝÛÝö«­û8!1ùœ+&]¶_¢Û¯Ö-¹³9rç^sÇ??3>a]EDÚßôæ¢ßÝüð?“§çS©aó¯ºb~)Ã€î@qüÛK'“õÉd}ÒÓ…Û­¿íöE;÷~Ó_þ‡Ÿ.ïÉÕµßùÕ½d²>™l?@Q qç·S´äº7ßk>þôÍ¹Ažå?zæ÷Ý·?<jŸò·ïw/„âÎêŒ—L&ë÷Lcø÷„Ñøw¥“kŸ¸ã¦_/zc[ËS¦Ûwê‘\vÕù³:˜½ºâ§w¬8î;sZ­Ìóî}ÿó—R·-ºâøå3‡óïxë«“‰è?[ŽØ3«ø•s¼?þè[w½”«Æ¡øø3®¹þ;§ŽlS¿ôñKÿóÃîþG2÷*qÐ™×Þtõ?nhç?îºé'÷?ýQ²å?Ä¨ùg\váåÚ>Á÷¦Í;ÿì  IDAT“DUíÞn}¹U·´Ï™ÁzëòÛ~ô­»_É‡[5ùœ¯~çêÿÇÞ?ÇEUïÿ3ÌÈ ˆhL
*áB).h®‰¹*e.”ZjjZ¦Ùb¿Ô³Eíf›Ú¢©W-ñ¦•]µÔëšR‰¹á.È"ƒ30óûƒÃ¾¸K¯ç£?Îœõ3gr8ïù~¿çt:ðLáIµlçÔ¶"’þõde€¸t›¾ù­Vÿ{ö¼µn6ù_3Çw¸üÑÆ%ªµlçhûòW^^¾Mù?Á½Å çÞz.²)]¡ÔHÄ5’#ùëç†ÍÜZæÊÞzî÷óžÈ0|??±Ô½{žÙ*b]ýnô?G·T.Ó¿^¸ø˜ˆˆ44úŸIª¨‹Q¥N,znð¶’˜ýêè\}Ì[}”[æXþðã‹–h40øê…‡’»·+¿7küû£^q¢Ì\Óñ­+¦ïßS;\ÃûŸš¶n&?4 l}á?§ž~¨»VM?»÷kIæ?<:iñáo?ë?Õ¯ÿåÞ¾õªØ*cë+ÏÙv¼Äœ¬¸ã'Ë.¹±¢"ÇVL½wëÎmÖƒ_Ï‰2{ožÓã†ß„ª?‹ÔDy{£g\šë›š>ïó¯£×|<oÖc}CëˆôÐÇXvýŽ“fŒo"""Ç/ø.]ÙÉöå³~Õn2þ¹±MÊnÓ IÓªJØ¹m«Õ£A—a?ï×ªè*ÔúÃgÎL:¯˜Yœ??lôø¡aóÎmÛËíìtÌÛJ60tœøêÒUÑß,›ÿÖôÁÝ¸‹qtÿv×øÙM#íWôËzVÜŠW§FÝwOXXxÏ§Ï^³§Dó…ˆˆ1°{¹=üõŸÙÅÙ ÎýFŒÿØàîÜ?ý¸aONØ¹í¸ZõõØàîŠÞÔ‰ÅßÄ]M‡ m[wæé}»=ªÿEŸDÞ?«¾;};€›­j¢³Ç(”÷Oš&"Ò¤qËN]MxîLŠTð›±¾ýøg¯˜üUžÈ¶-ßÖç¹î‡W¼ûUžˆˆû°g‡·IŸq¹541Í3aµÈÄQ=þïž6ŠˆÈ?Çó¤¡‡Èþ‹?¯¹~ª2Òw|ÄÂ¨1ÑÇJï*ïä‰ø‚©¶ãg=Ö·¡ˆHã¦mÃúE=wætzÃkÞ³¨N?×V<g}ì?MY%çZÏÞºúðÖÕïÏ1´þÖ{“ºWÖå'/nÝÒÂ†Ž&Ã?ÿ|RhAØ˜0|õÓƒg—?%tŸþÕGQþ"""ß7zA’ˆH^üÉ³Ve«’qøÒÿLêh‘ñºMï2}«ˆˆüqü¤UU÷Sçà†£õ@Mäí]Ø‡å›Å~Œûëtá€Tµ¡¡±â%ÝFÏè&""æ¯}sâÜÏÑÊå{·çÆw»‚‹È°Ç†‡0´îV8?9-KDäØÁ¢_Ä›?V4 Á£íàQÊÕV»ðYÀ¿õéš?ñÇÓ‹Æ17lTe¿ü¼?³ÛviUî¿‰ß¤W]½ÇmƒßÛôßo>ž>¾XÓrcL¢'>¶0¾²±Ô'þØV¸¨ãÃƒC‹"Ôþƒ\åa‡?\øt9u³6=g'$›*ßæ¢:ŽÜ±ð37´îÒ±pþ™ô«Ù+Ü¬h=PÕëÙO¿ó³ˆù?ÅÓŸZ,""šu¿wøø±}[V|M¿bûâc"ñgŒ­s"OD¤ñäI‘õDÊÝÑè¢ÜKŽßõT—¦”¢»…”\â"²·ôÚ!áã›,_p\DN|=gê×3ë4îØuÀ„ÉÃ;6¨¼
ï+ÿy\mhÚ)rr§ÈÉ"bN?vèÐ¾]V¯Ú tˆ:½hã°ŠQlÎ9S8Ù²I©‡I{4mÖQ¤ŠþE%‡7x\£¿`%O¾Z*|´Ô´¨‘êôxëÛùSûßQ¯ÄÝiòRoZñjÔ½S¨ìÉÍ‡Oê."b>q,IDÄcè¤QW1(öšQ7ÿyô[£z”ú!?ëÄžïŽ½wø‚UÝÔ/¤Y‹Rÿ5¾’ñ¸zß¦m»šøêÚÏŸ-œ·íøÅÇj§?+ý}zrüpíÐz ¦òõFØ(‘<SúÙ£Çîÿîß‹74‹˜wþûçý†5®h÷îcŸë¾¶ðv¥ú¾s'Vüå«ghÐL¤ !.ñ”t,ùœœ˜PÑúÆýžžÓïi³éÌ‰CÇ?ì^þ~ôž,9±8&n|«Êê¼cÔªå£.·¸¼ñ'|C›W”#Œþ!"¹ÄhÖ]¤àþ´÷@^ŸâÚŽíßÉS zÑz Fr¤Ÿ)l"ð0ø6mÖoÔ«/UæLÉ©tÃ‘SÿïŽ‚ÉÐI£{—¿åÿ5Ò´EÑxƒÃÿùæ?¢‹æ¼ß¿Z±·üêÖsI…?ÃëCÂºß?é­§»(s’¯q'ú¼½_=üPdÏ§~ý{r©‡ˆå%oû`áêÂW½[V¼½o«î­
·X;ã™Õ‡Ïå‰8¬g¶¾óÌ¼Ão¸Qh=Påí]>ð‰C?ÈÑ=;·nÒÒ(gvÇ¼½VYÚïöJ®kED¤é YŸ79›'žÆ¶¶0\#­ûŽo½à¸ˆÈ±ã{<ùþVòÛ†Åßï¬`œÃé˜§ï{çX«¾ƒt¹+¸YÓ&†ìƒ[V¬ØY°°aÛæU=Là²™¶}ÿ•ˆœÛ=skôLCÓ÷ôSJôbj2ztÏÊº)ùz~ôF.?&"bÝö¯Ñ=ÿU¸Dïîa¶Ò€Õˆx ²îùù«<‘¼­_ÍÛúU™eÍ&?¾»Êî÷þ¡?ü«ZášP7õòðïïajÚýÕìÝ_‰ˆè»tïVöÑÇ¶ÇÄ‹È?+lXQf?u"ŸÔìZ–—“í0ˆ”l?0K(Ý>Q§Ç[Ç‡VÞïÊ£Õøÿ•þäÿÅ+³Õ¿º|7¾°ï :Ð¹@äÞ}âò²yEDïÛ}âü£‡·¼æ
¸"m'­Y;}XñCÓÄ£Yä¬³'•]³é 9KŸîÚ Ì]ˆ¡C§¯ùvú5îåá?è_ÿÝùõüY£z´({DñhpG¿§çoÞ4§_¹GË•Ñ°Ïôo6G4}ôø¡}û?=cÎòÍ›æô»Uh:€ê¥º`©êŽàâÌ&“ò-èa¨ó}VžÉduˆ¨=†‹U˜g2Y”IwƒÁãäœGwƒA_õÚE¬¦,wCù&üXôT².³~œ7¨Š[²®:¨Ùô—~E[m<†K½?Òe¬z?\ÙOÇ<qßbé?xÐ€¾wµð5bJ?»{õ¯oUVhÕ¹ªÇ5®Z7Ú_ŸŽú¨Š§"4¿rùäVÿÐÆpmŒ=Üh~m÷kVÉÕ?°©+‘ ºÐz¨yé'þq`ßŸÉÙ¯kù·éÖ±¹ÿ?2¨ñ€‚ÎEÄ
âñ€‚x@A< ÐTwP=lÙ§ŽË´‰h}‚?>Zîµñ@M”½ðëØ“R»¾Î]DÌ¦´<C‡!CÇ…é«¹&³èôž7×7§Ý–c??üsÙnÊ?®ßzjKüG/¯IhûÀ»3Âü
¯˜Í'7/Y<«W?¾ÊM¾œ;GF|öpÈ)ôZ9¼úéUòì›#o®ªÿnÎ?®ñ@ÍräÛ˜]ÆžïŽ.Î"¢ìùÔ”ê¬
€Õ‹µºk€æÐÊ'V¦Žœ6µ³¡ªµ2ã×®Ú¼õ`šÙÝ/¬äèð }öîùoo9œm:/:?o?HýûŸÓÃ§Ä&SÒ¯Û×ÿ/>á„Éìn¾3bâ?ÐÚJ±§í‹Y²æÏ#©6} ±GdÔÐ6>""çâ£—Çî<a2»û…ÜÕsTd¨ŸZÄrjëÚ˜o~KÊCpçˆqCB•Sb¾ñ¶Û‡>ZOSºTCp›nÃuô*.êüŽe³¾OÊJµˆ·¡Ž§H@øÌÇ;Õ.ª'ÓVÇhì<0jh+ŸRo_ìkß_bïóÖ°Pmá,Û¾5/ü {âùÈ`me›gnýdQ|«Ouõ)>ú??™?wª­,~î–O¿Otï?é•^~%?g>·éû_¶LM³jýß>jì¡EUx–r7FÇÄ&¤e‰!¸]á»v˜NnY÷éÆÄ¤m?ÆMî:¨G ®àC_;c?<:mh°²Ë#_ÏýXxwPseÑÈÍâ£WìRÎùÄ!¡µ/úq€ë¢õ@Mr.é„Mw[ƒ*³Á¹Í¯½¼£Þ£cÞ{Â¨µ?Úºtåÿe[8(lÜŒÛã¿˜û‘ÜûÆƒÍE4Z]é­.üùÃ.{Û'ŒöÑHnê÷‹—ÍÞä÷Ö=FIûiÑ?ê†>:fJ€áBæ¡Øïw'µŠ0¦o~mæŽ:Íx¼Q?ÜÌø?›âþ?ð=´ò••'zŒ™ùvPmÉLX¿ô……–÷¦tª-¦]‹­õ?š9÷v?µ-éÏ¿ü5)ôžq$FÏ^s´ï„MÐ;2?ìX·õ`û‘aÅ•Õî8ì?Ð?—?½NzrtˆˆZ§/¬gØON©¯É:µeÉ‚÷??mbÛ’ïGÒ&èÂ[Ûwöíá]0Ç´óçxmû'ƒµUln·f˜²ríE{±æf§eüe·f˜þ\?Ú®Û¨ç¸Õ§Ì¹3Åoø5¯Mäôá>µÄ~vÓŠ×Þ?}kV„QDR+:KuVÎZu¸ÝS^jîçi:±ãÇ­Û?“„ÕÌKl6eÊÔ`ƒ=->æí¹š_šq«ˆ8,©&±Ïf6¥‰CDY´gùŠó‘ƒ¦¿á#©Û?~{ÍG›Nït±?\ñ@Mãåç]4?¹õ“Eßœ*˜V~!NøqÓÙð‘¯t4Šˆ¨z<¾ó…Ýƒ‚B¼µ=DD¯÷ª(]xwWÔ=ÉË~§ß·œ2ßcÔçÆ¯ý2)lü¬ˆ?ˆè½ÂF>."ö½1›N„E-º'D+"^†ÎÃÆˆHÚO±ý#ª-"â2(²÷s±{ÎuêSïô‘†¾³Bý<EDclóÀSJù§Žf6?è ×Šh}‚{?.S•V§×ê½DÄË /hU(¬§OS?ˆèC"§<|jÒŠû´} Ô¶Áw¼õÃ?L=ºDD’·ÿ?`ì7Îx©›WÄÜ¸÷Œaa?î0t~tBñ‘»…wødŽ½*>KIÿýa£¾Û[ÃÂŒ""†?{Æ„ˆHrìŠ-žC_?
õì:rÊ™7^ûrw?)?ªO""µº×5@DÄ+bØÝ¿¾vø˜tÕWýq€ë"¨IÔ"’–|N¤^ÁkŸ.£žìà‘CËŸÞnuˆÈ©£Ò¸Knü¾øÂm2Å–v6SBê]lç¶Ì“‰§²rm©ÇŽ?<’#Ë}zÒQ[ÀÐà2_¶IÉ‰ÙT[j¦ýDbš_=9Q|h“YŸ–œ*R¯YX/û¼‹ò";µiÚ¬q}?r¢zwtÞôñÛ«²îkÖ4 °Þ%üÄ?žtÔÖ|XËâzj7ÎI8‘)Á¥:Ï»ô5FoØžÔ5Â(rä¿f…êâ-rö7¯@p‹ÀJ¯ÔöóI‰'ÒsÍé§Žœ:uVl9¹"^Ÿ¥³'3õw43–Þ?ílZRýÛ²?r¸VMdË©Òé¢#‹ooP4]§®—ÉHñ«rpa<@Mâp›—üy2©h†VgÐ{ô^úÂû¶s™múMŠhã%q,æÙ§>ŒŽÏ0‹¶~ÓæÁþ…Ðy¹D§)ûSŒ-Ç,ú²V,vK™Õ¢¢z4MÈ°io?o_'%þËæN˜4weBÁª~}¦N{ch åà–OgÏ}dÒ‡S/Vg^îQ»kËÌµ)}mJ¨Ý¾[çÔ_·É?ß¸Ås`¯íål~‰k_œùâñ©VÑû„Õ©U¸ÛÊÎR-]¹
lñÐ–Ÿ{e@Eë€%(<Â'6vsü]#B+þ©½~“&¯õmc,¿Lë¡“œŠ¯8~Ù?Ö1êÝC^&?‰•3""bl*?9-Ju¾‘%‰‰Ö¼ÄLC=£.+ÛÒ&´ìe®ˆˆÆ¯iXŸ¦a}‰yÏ²Ÿoé=;Â("jƒ±E·ûZt»o¤œ\?÷¥õqáãÃJoî¡ñsÑå{}ÿ`ÙrøŒ„*3l§OŸÐ‡”oñ8pãKÿ‹ïÓbû®àN#ü/ss‘´ä´
ÏUYG~?=2åÍ¨Ð‚&‘³I"iUœ¥À CÚáSç% v‰¹úõõ§Oµˆ_áÇšt:Y‚ÛßZQ]gO‰T° Œ*>npa´¨YŒ½G?ôOø`Ö²Ø„$sÁµŸÍ’v:é¬²ÜvOè…õë¾=iRfd'nü!þ¼ˆˆÜÚÐOöÄïÊ)ó{¹_}?9qêdÁÌÌ¸õ›
7÷lÞKbW®KP¶ÊÜõSüyÑ´¹+T»1&ú`Ájö´=›÷fKpÏ®?ãb>Ý“©lkK‹_¿ùˆCÄ‘¸ë§Äó…G¼p>[¼<µ"’¿qOšM™oÉÊ´kõúrÑ¢~“&²sWœÙ!âñ
ë×ËûŸØ“õäÄ¯Ž>ä×¿â8ÆÎ?‚wÅÌZŸÔ¹g'åZ¼ªÍýëŽüŸä1\½ãÒ>’z~?%ùð»r~¾ÿµ0UT|–Œ?î>²åÓÍJ?ùäæ]ÇDšvœ¸*:.­àl$oZ²>³s¯‚²·’¿Ä›"bOÚóÍéKª«Š?\76Pó82ãcÖDo9•”£ÌÐzù„tî6üþNFO‘óÖ}°4îHžF¯¶Û4>a‘Q£{èEÄ‘¶ëÓ¥ŸÆ™l"Á#¦¾Ò³Dwû‚Eñ–:>Z«.th«Ä%¡ïÎèéWp¸/W|°1Í&"ZMpø )CBk«åü?uo/Š;™+"¢›8þ?P1ŸÜ¼|É–]É¢÷²›íº?î‘‡„Ö–´½«V-Ù•&µµrMY†æ?MÙ¹¾ˆåÐ·K×­ßgÑ××I¶ÉÖ¨ÓÔ§"ƒË·Š¤îžÿnÌÞs"bùö“}¼Óv-]úé“ÖKcÎ“à{†O?l^Éã¢í{—Îœ ì•w.ZÁQùæ–CkçE{Ò."~a‘£‚vÏÛ[pÒ6Î~×?O—¹Ÿi‘´]Ëæ¬L¼PÛ µzöô×¿;Ï}ºO=å³¨ð,-ùxÓÞs""ZÿæÃÆí¨Ë¡µó£c?ˆÖËn¶:9±kaPñÐÞ?gåGÊóÎVŽ+õÌ¸´ŸÞö—¢®ò?\ñ@f³˜óD«+é[F®É,:½g¹N˜6‹Ù¡­`¾ˆ8,f[e‹ìf‹MïUöâÝf1‰»¡l6‹Ù®ÕëÊY°˜lC¹»-Ç"ºr;©ú@•ÔSZRìÌ÷ÞUÑe}›çšÌêòE^”Ý–cÓVROÅg©Â9,fk§®Ò?\T7¸"â GÖMx×4î½‘<«»À?ÂØ@…ìûýúw%@?Bë­Ä
âñ€‚x@A<  P(ˆÄ
âñ€‚x@A<  P(ˆÄ
âñ€‚x@A<  P(ˆÄ
âñ€‚x@A<  P(ˆÄ
âñ€‚x@A<  P(ˆÄ
âñ€BSÝøçqØÍKñK?N¯³Å¦÷Ò•XÉnË±‰N§U+¯m“¸Š^J®É,:½§¦x¢‚£Ø´:?VJNSÑšàFáÏ0€r2·Í›¶%µ¾Î½àeØïÞ•4oÚŽÛf¼4¼©²Š9.zÒ'Ãæ>Ý§žˆˆäÆúìš¸°¨EcCµ""’ðåÜ92â³‡CŠ&*:J|ç¹O÷‘mó¦m:[ÏPËÍž•j‘À°)“õ¹?ï"¨P³‰³G_ÑŸK±ÄþgsŸ=ýDÄqjSÌ!›ø-OÛ±9îö ?¸í;‡†öð¾‚Ãù™útŸz"ŽÌ]K?œ÷q?wn,Æ¨?ã|ŽÉœc2ç˜lŽ‚9~Á²imœEDÎï‰]/>Å—ïŽCcìyxæÚÿ&^ÕaÕ>?û·÷;¿ïÜÕ¾pˆ*”¸jö‡/Íþð¥Ù®?V0Çïþ‡Âb¶$Y¾ùÂ2ìÁöu
WµíÿeS@§·j‚ïj_ëç{s¯îÈžu$-™x@u s€
•é\$"¢mzï¨[çÎ›õ«µë°…õOíR–%mZHÎ'Íš±]Äže³ÄîHëÐë*zef?cçWýÀå#¸tºƒÂc_>1 H.œRæùeýùæCG‡^&íþ fû‘ðJm—g6ç˜DDDSúöG¥9ìæÔ?¿ŒŽ³u| +C“¨ÄJ˜3îEe2|Äg÷Î®×ó•?EDäBÁkÓ®âêD<ÑFIÒÊ³÷†•¿7¼äÎv­› ´5„L_2¢Ü=ŒD$må´WŠh½Á?£Þª¿.o
\„ê‚ÅZÝ5øG`h2ñ€‚x@A<  P(ˆ<¨AÒ3²Ïg[ò¬6§ÓYÝµ¸¨T*wmmo?o]ïê®ÀÂcÑ€ÁjµŸIJ÷ôÔúùz{{yªTªê®ÀMÀétfçä¦¥gçæÚ}ÝÝùUp}Ä F8v"ÅÇ§Ö­|ª»7¥³)™™™š6nPÝ…¸î{¸¾ôŒlOO-ÙÀ»µ??§§6=#»ºpÝ×w>ÛâçK¿aWÅÏ×û|¶¥º«pÝ×—gµy{yVwnnÞ^žyV[uWàº#®Ïét2ÀUR©TÜô¨ˆÄ
âñ€‚x@ÁÓÑT*)9eñ’è¸ßˆHdÿÞÆ¿^GrXM&›»¡–‡úz\
â€Š%%§x`LÑË˜ï7µo×*¬]«kz?Ç7,ùðóø¤‚Tà°æÕï0î‰qAµ*Û ÏtÁêQËà.""ñ·› Ëw?ÑúšÖ@MF<P±‚Fƒ"IÉ)‹—¬
ûhî5;€#åç9ÓWÖâ?Oñ-j40%®™5ù½G<ZaBH‰}eÌÏ½–ÍÐàš•J`ì€Š%'§–™cô¿œ‹rËéƒ{ö<c•‚¾CYŠÿ³Šˆ¤ÇþëÃFÏ/ßÁW-¦“ñ{ÿJÉsXMÒ(êõ'dÁ:*ØO^VŽÕ*yæœ¢?”â°¦ŸŒßû×é¼âm/˜,"ŽÌãñ{÷ŸÌ,¹®édüÞøD“CÄRñ®Îþµ·ô®J¼?¢?[E²÷ïùëlÁì‚iËeœ$þih=P±öåúù_j<¸ppÅôÑËÿîÑÕ?øöÁ6/Fw?ŸðÎ±žý+³Û›kÞìujýg·Lû¬¥HÊÏoL_bíÚÐº~õßÇ%rÑkáÝ—îHÛ¢Y™ý<2`Ïºèb:ýæ„Xiñð;¯Ô+qLKü‡ÞÜGÏÖ¿÷‚í‘E³#üeÿÒ¨Ñ‰¡éy†ö^û×Çå?ž÷Õ¨–âH‰}åñYšìåõá‚[Bw¼M©æˆ¼¿–N˜øÝÙö]úg$„¾óÙH÷ÕÓG¯¶öŠ2ý4;¾ÕØè×Üª–ýK£æžuŸ²wý?[÷§}î­eïúÍüâ?ˆú×â3à†#¨XX»VÆ?X´dU‰——64ùÌç~¬?¶nÍ@™’g±zèB£ÿ=RDÎ~÷Üð-M¯%©‰ñÍ;D¹KÞž•3,m|³¯Aäì7O=žÕÀ âç[+ÛRÑ~žèèóÌ˜Ÿ{ÍQ®æã‹iÝûÑ«{Ì_ÕHDÆµ³GôÎ»Ÿë""r"è‘/Ç¶PK^Ç·;ÏØ²TË&[>z1!|ÑS:èD,;çöûNÚ”¬þô7ï|íýô²å÷7‘g,òRÿ;ácí´uóú‹L:½fÂãméùf¯Z"r°Nß]/…{HJ‹'ÇÌMzqë¼.Ó±¿fFDø\ÓO€„x RÆ?ìß+î·Fÿ—>(9ýÀŽýí»¾é¯¼ôÐŒ#–¼?>~ê³Û,p«ZÄz!»~#ƒÈÁ¿övì<ÒP¸më†"’ë°U±ŸŠüµç;«„÷áb1eø?ÉÈ)XÒ+¬…ZDÄCï%‘ãÅI¯Ùt""¢íØ]Ö—ª>~ûAw¿^Ø˜ «•S²u£mdî_Gßì*"Zµô(XÍ]:†M‹£|w%nÄKJN) œ”œ÷›\bBpw÷’¤LS™¹–ø?^?ð_Ÿ´.¸.w¯å?šiñÐy?3ŒO8½#&±ÞäZ"™û÷ø„Þ-îç*ÚO%Çô¬#-z<4²?!Fªµ‘³­j¨ß@âSL"‘œìô2{ò2Èßé&‘ÂXâîî%f[Ñõ~žCÜuÊ4·a¸â€
Äýv`üÄiefý\ÊÓí{Fd}»ç¡k‰#åà¯sÖ¿üêñG>y&°p%ß ÐÌx§´ IDATC[Ž;Â[‡?d7óÅäPIÈhÑ=loôï}õ×ÙÎ³æDÊï'°AÓ ÷¹‰yx8Dê7è ž”Ö?-»ôýÝæGººU-bM9xÚ½…¡âÖ†&]´~wå‡=‚ëè•¶aÉgIr«ˆÈ…ý_¯Ü&]F
íÕ×ö^ìÞ¨ µ¤>íÞ¾gÄKÖÿ:à™öµ$}Ãúõµ|¿åµ8Çü”Ua6(hCX´d•¿ýûú÷®jû:á¯|tê©g¢Úe‰èju{bÎÛY^Ûn•ícÚ½!""ÏþmRèÝƒ?xï»”ù÷÷?·.¼è™hQ¦VM-ƒ®’ýµ<¶Û£ovþZdØ«¿Méúà€¯§>ØîÃ³{â?ÙïÌÞõ3÷ú’nmõì‹ÏUÒû¿á +Ý?\øæäÕ·t6ö™^;×ˆˆäÛöÝRiôÐ Ð»§Ï>ûÂŒ]­"î¾ÝZ<ûÁ‚2:‰»äi{Mž31´ŠnNÜÜT,ô‘\\Â¡Óa¡M/}ýW_ïÛï7U¶Ôèßà»uË.iGV«¸W~%íH‰}eæÞÎSž‰hi(ì¥“—¼åó->õ¨z?%ç”^šg?Té‚ÉTËP0ÜÁ‘øÙ¸§ÎŽ_7­s¹:Ö<q/Õ}¨ê·ÔqñÇBš7ªî*\_´(«ÌÑÊHJNIJN¹¤g T}1­nñÚ;M~Z2ëÑ·•§&›­î!}ŸœîQfÍòû)9§ôÒ‹e‘äÍ/>º2»s×þî¦?6¬wZÜ¾¢:Õî/—Cëàú.·õ`Ñ’è_Û_Å
‹¯á³“«…Ãzöp|’IÄÐºYF—ˆÖ & ®ïrãTˆxÔnÕ]€
âñ€‚x@A<  ®O¥R9?Îê®ÀÍÍétªTªê®ÀuG<\Ÿ‡»6;'·º«psËÎÉõp×Vw®;âàúj{ëÒÒ³«»
7·´ôìÚÞ},9€›ñp}¾u½ssmgS2«»7«³)™¹¹6ßºÞÕ]€ëŽ§&5‚Õj?“”îé©õóõööò¤1€Kát:³srÓÒ³ssm?¾îîšê®ÀuG<j?ôŒìóÙ–<«?‘Ê.…J¥òp×ÖöÖÑnÔÄ
ÆP(ˆÄ
âñ€‚x@A<  P(ˆšê.À??Ãn¶X”iµN¯+þ¢°YLânÐªK®lIK:•&õƒ?>Eóm–¤‡,µšu±YÌy¢÷Ò-3;´zOMÑmƒ^[n«¹&³]™Ôê
?[<S£ÕéJ®ñ@9™ÛæMÛt¶ž¡–›X³Mæ¦½ßšÒÓO-’ÿé³kâÂ¢?ÕŠˆˆ9aÍKâ/Ô6ÔKÖyÝÀÓî3¦mü`áÊcZ?o?5ÛdnýÀÂÈ´Y/ê=÷é>õDD¾xcNjÄÂg»ÕGÂêg¿Ö<ÿÒðÀ´]Ÿ.ý4ÞRÇGw!ÓdVŽ˜ðåÜ9»u~ÞÉ·d?×…Ož22DW<ÓlJË3t2|\¯}uŸ3\ñ@…ü†L}ºO=Ç¡•Ï­Œ=Ôsdˆ¤íØw{PHÜö?CC{x‹HæŽ˜x¹gÂ¢?""ÉIiõEŽl^?8qÁ˜Î:‡))Uôþ?½›nßŸÖ§—ŸäÆoÙ!b‹ß—Ý­‡·È¡ß·ø´£©$ýwÅG‰?¦¿;"D'bIŒž»lÖ×‡‰ˆtôîÃ!"r~Ç‡“ÖïŽéYr¦ùdÌ¼×W~é?mdßf\Œ=pÊu·ãÐÆûÀFÞž¹ö¿‰K¼<åBê©“ç,""þF?µˆ»V+ÙÇ?'™m"jƒÑß â×±‡ñÈ/¤‰ØþŠ?î9²sÒÎ&ûÞ]~=B?’¿;3°oß?‚þGº þáÆó;ö)]†Õlµ¸—ž©ŒˆèhÙøÛár&p}üÞ Bi_Î›ë&b6eyvšÞ\lûÙÐé½[5µïj_ëµ{#ƒ:x:?Œ:¾4vöË±fÑÛ†O|¤g`Ó{g[ûé’E±Ùv­·±÷£Ã‡·ò©Ý*4äßqûÎu¯óÛ¡?Î„{&­Ž?Kk_woœOx?£HBÚiq/ñcEíu$Çl+x±ûëg¾•\KV¾Ï}Ovª-r¶T?šZz‘³)ç%¤ö>C¸"â€
ùôbBoß¢á¿I±ëÉù¤Y3¶‹Ø³l–Øizù‰Oèð©¡ÃÅn;wrýâeüôî€€À^#ßè%b³$Å­?õALðÂ‘¼CÃ[ÅnÜ½±Þ®æ=F´Ú°ðÅvm­Wÿö?þ"âï,ûŠC‹$;-?ÂüDÒD¤í½o<Ø<mÇÒY›ƒÚ4Õ•«Ó”–*Ú#Ù€k‚ÎE*¤ÑÕ2è½z/?V-rä—õç›1**bTTä”A'b¶qØ6o>’mÑh}t^"Z­F’wÇîK²9D´º::µaChÇ€#ë·Çumã)¢ëš¶~ý¡Æw…ED|:Þ?õ}Ì·ÇL"b;»iÉ÷¦Ð¾wúlê¡×{{Gövì^½%­T?¹™G~Z»6Ágà]ÍoüÀ%Ñzà¢L»~ˆ«ñdD£2£•gï+7þÞ-<5~Þ›
ºù…ELím´ý}èøW‹Æ,´‹ˆxúÝ7elO}Ûö?å”´»½ /„Ü¦Ý’Ô£ƒjw9Ó¼úƒ·ç®µ‰h5¡'Lìl(U‚:hàƒÍ'-?ÝÛed-Ù²ê‘-"¢©tÿËOö¹õ†ž\˜ê‚ÅZÝ5¸ÉÙ,6·2Ï°ÛrEëyÙ?@ØríW°¸VˆŒ=  PÐÇ¨)2r$Û¬2[ÅfqVw5n
*ÑjDï.Þzg]¯ê.ÀÁØÀõeäÈßY*›­ºëp3Ójå–:„Àõw&]•ž]ÝEp¾ÞÒÐ—öGÀ•1öped×Vz¶œIWUw®#Æ.+#GÊdƒÍÜöW%g¨ìùÕV€›ˆÆMüë:Û4qölUü­‘ž-z¡—àªè\¸¬„3ÅãÒMª•›Ý‚ü%ª«êö@qç——Àj—?OÊšÎÄdÙ3ß× t+Òj%¤!]Œ×D<\SFŽœN+îðÞ·êÈòÈÝtp%>ûÙ³Wž¹ÏQ4§‘Ã”×ÄØÀ5e›‹“ÀænAþdWî‘»UAþ²ù@ñeCÉ/®„x¸&s‰vÁ}ÇUQ]ùCàªDuUí;^üMb¦óà¢ˆ€k²Ù‹§“3T·Vg1\Àí?’œQJ~Ép%ÄÀE•4hÏg,2€«å®‘R7=cd2à¢ˆÄ
â€›O»Ný«»\ñ€‚x@ÁÝL\Ü¢%Ñ¿þ¶?)9UD"û÷ž0nxuW®â€‹?qZÜoŠ^.Z²*99åÕ—Ÿ©Ö¢ÀuAç"UY´$º(ýÜ×¿·ˆ|ûý¦o¿ßTÝ¥€k?x *1%b@dÿÞ¯¾üLX»V"òñWDç"UIJN)šŽù~SrrJÉŽF•r\8øÓW???[»D¼Ã§pfÊÞo¾Þs®nh¿ÝÖRf¦î]³>.­^Ë?á·ê.s[p­TÅèß (!$%§|û}JÑüÊ7²î_:aô²L‘eëÎÿbZGw‘”Øq»UDdÙæi_~ÕP$õ»§üx»ED¾[úCFÌ’A·^Ú¶×ÿ}PCÑ¹@¥^}ý½’­%èß»òíþÚ¶:³pÚºfÏ_""é{c®ïEDNoß—""é¿nÞn)œ÷ÇŽ½©—±-¸ˆ*öêëïU6þ¸hB%Zvw/zqw³‘:A¡?Eój…5ß ?&EóüCZø^Æ¶àz s€
”ÉFÿaíZ%%§´o×º}»VUfñ¹{úìiê?×ŸÈ1öš2³—?ˆˆºåØ÷_Ì~ÉÞT¯ÖÃžÛRDDš???/ç½¥ñI†–?üßØêKÝöÃëûî¨¹T,ÖKXÀM&þ¸ªhúÙeš]o_Æ¶e²Á}ý{èßûb‘à†j×©ÿo»¿¯î*€§óóòî{ÑËÐ&Îj-ÀuAë€²Êdž€@ÍA<P©ãFL7¼º«7ñ@YÆ?øõ·ý"B6 ¦!(kÂ¸á"j"nl
@A<póá¶E\'Ä
âñ€‚x¸¨â‡&‹ÆM¬öªÖ€‹²ÚESòªAUÅºnbÄÀ5iKÜµØ¿®óÏ“ÕYðçIñ¯ë,z©åÖè€‹"®Iï^<Ý¦‰sÍgUkÀÅ¬ÙálÓ¤ø›¤ä—WB<\“·¾ø¯xÏVù‰ÉòÙÏ$Wè³Ÿ?‰ÉÒ³U~Ñœ’_2\‰ê‚ÅZÝ5¸.Î¨l6e:Ý¤Z¹Ù-È_¢ºªnwz¸V»üyRÖìp&&ËÈžù¾%hµÒ?x¸&âà²2rätZ©Áƒ›¸í;®JÎPÙó+ß
iÜÄ¿®³MgÉviäç¬ëU}e¸žˆ€+;“®JÏ®î"¸_oièKÓà²{¸²†¾N_ïê.€!.?ÖÀõeäÈßYÅãà
hµrKú®?xÔ9’mV™­b³‹ðÛ€K¡­Fôîâ­'5ñ€‚±Ä
âñ€‚x@A<  P(ˆÄ
âñ€‚x@A<  Phª»7‚%×šžaÊ¹`ÉÏwV¸‚››Ê«–Î·®Açé~Ã«ÿªku×àú²äZOžNmèïëëã¥VWÜfèpä§gæœINlTŸ„@?Eç"Àõ¥g˜úûÖ¯ç]Y6µÚ­~=ï†þ¾é¦[€<»*Ç¬ªî"Ü t.\_ÎKP`ýKYÓ×ÇëLrzåËVŽ[µ±ø¥ÆØ±Ï”±ÝŒêkQå%KøüÅ92â³‡CnèQár2¶h‡þTjÎÐá¶Ç[^Ûƒ¨¬f•Uíôò(Ó©OýÉËnk‹^¹IÈmÎ#ìþÿ ŸìÜbç«·µvÌn£Zõ¹Ûç)b?¼ø¸ýîwPà2ˆ€ëËÏwVÑnP’ZíVÙà„"}ž}sdÁ•yvâÚ…Ëf}é·èÁæ×¤NàFós®}Ê^÷:@õÓõ¶ÖŽÙáü³*N#ÙêµËÝf|¯þw¤ã:ÖrE¬ÇTÉwä¯}ÜáåæöûÔScÔÇÙ½ª»*×Õ?è—
7ï ð;ýÌ‰Ii/öó§ÅK²]áØ,æ\»ØÒŽì;t2Û."¥¦+Û*×d¶‰dŸJØ—˜fe:)×^òàâ0?<$ÙRjfnR©ý;,æKÁ!RKnn·åXlÊ¡Ól)WFù½¡†°«’?ª?êf-úäsÝrrU’çvê :9ODDòÜŽîWMQI¾*'§¨×?Êš¥NØ¯>•¥R^æ¨òò%Ï¢ÊÉqËÉ«¼sŽ·£Wk9u\•Q°UzÉ?”(é :£h'ùªŒÓêß÷«“sU"*«Ù-'·xQ‰’
‹¯ ¼‚5Ý¬ù*ëßêßO\¨rN—zïîíìSÃ^·|_Ÿ«9­n´¸b–¤S9Úuëˆˆ%aå¬/7½½™gæŠùöˆOö©/iÿ[ôì/ÚÐ<?Þ/3n¡=|@³?Ï,˜ž:mdM…[%|9wÉY£V?’·¨~ï{tq‡4·IbÜ¢úÃ^²O=9µyÞ‹6}ˆîäž5ZFÎ|²“ŸHÚæ_ú¯¦C¨?5&úèm¾1,Dèëï¦gžÍÔÝ9!¤~ÑÕÍáÕO{"D#^õ%áÐþaµýåf”„Cø÷~ë…žï­:O5nëaÍs«TÒÈœë6#]ýüãö»8Ö«'§Ê?™’®w><F|?i&ÿGåÞÈœ«É¨ç4ý)c_·‡ä»m[®ž?$MåÈ:7ëùË7»­É‘œ_ÝžûC‚»;¦vª¬iN•‘)âãôÊS/{Ûm›·Üy«óÈ:MN»üE‘ÉUòžÛ‘†ÎÛÕªe_¸õš`Xß-öcõz­óN_9ú­&à>{T†zè_Îož°{‰ÈQõãŸ©†<ix‹ˆ¨×/pû{€ýñæåËs¸§«gÏWÉ-òG¶øß‘¿èV·Ÿ©ßN—ˆ¦²l?ÊÔ˜¢ùd·Œæ épyÄ—gË’¹û<ED$×’åøØ³¡Z±ï?^õg·o‘!-–MŠ‰*"’0ôõÈ@µÄÿûÅy¿Þz%Ê¨–ø¿øÁï‰#[U¶Uš×?‹žÓKZì¬÷×¦>°ðez×?Ì>=}DDRëô™3"T'24nþä7é4Ü+vÞÃ¸wGvÐ‰8N­}yÍÖð?‘c¿i¯´Ò•{¦:Ý^zª£NR7½4csÚã/½V0?°/³gŸÜŠöæ£O5®»4ÕÐ—µ…/œ^Ï?£2Üå˜Ý+_D50VóhŒºã8»ˆˆÉ9ô{[OQ¯úDå[¸Î©XÍ£âë~·ÙÉÎÙSím=ErÕóç¸­µ?xÞéUÐƒ?<¿üÁÿÜ¡Y– "bÍTýpZÆËw÷?‡ŸÏS0P¡•æáUª„HØï¶¶–sí#öº"’¯7‘“nkþv>ÿº=DDD%ùNÉqvÿIµ-M"üT¿ïU‰§Äþ®á?£ª/­ÎW›;­ûÕåÊsŒ¨-""-ßöÊ‘œÝÚ73œóJ¬ówQ­ùêõŸ«;Æ´`ààúˆ.OØCOŽ±§Ý¾bQ|›qÃ:×‘Ä¿âDnß½rõn‘\‹6%#«`íà€@µˆˆV+h,œ¶9UlØ,°à§z?VOK~a?‡°¶¡üºÀ–M-»N¥?w;–ä!ñë×ü%""©êÌú™«6éR>ˆˆOpc?ˆˆ›Ú]üJLÛÄ!çV´7â?ë)3ö ]óy–t¿£àRÞÐØ);åTÁ¢&Î¶©8Mõg®to]¸N°Ó§ˆÈÑD•µI¾²Ž§3ØW¶?q“Û.¡wiÛ1¿_T~€·SDeMwûéWU²U$W%ùNñjâì«š¹Ds×mÎ¶-óok r‹³·—ÛÌ…šˆ`é’ÒÈ)ÞŽˆfšÏs‹Wm;ìœ<Z>?V?PÉU­vù·¹IB…åÕ‘¢÷+§Î–x›žÎ`_)ŽÇTßÜ’¿¨u!€ë!¸<^^½—¶‰œ22é™Å_‡Íâ©ÑxH`û>CZ)_)CÔ:½Hš*SéVîe6ÛD
vm·‰¸i´ž©mì~kÁ
‘Z?È!mÅ7VÒh*?JÅ{ƒËó?Z"yEO²• W4áí¼ET™*ñsŠˆ˜%YDDÜ5"f±Š(É¿øà¾Û»ÚÇ”¹QÒIõä%ª~£Q·ˆüíöûAñ³¿ú¢*#ÙíH¢êƒ?4m‡ÙÇ´pŒx>ÿþT·#ÇTk>W[»Êì»òÛ¶r¾ú“ÛQ?‰mæ|¼‰3ÙSýËA7I?ˆ±Ž‹”W8Qv?’ôÎûÛ;y
PC04ÀªÝ1b`í„›N‰uèª‹ûß¯Y:ƒÞË ÷È=›j¹„\ÙV""òû/›’í"b>²}ËiŸ-|ô·‡†¦Æï:.z/ƒÞKgKMÍºŠ·vm÷†›†Wþ]?òÍuN¾H¾ÛÏ{Tþ-?e<ò»·?Ï7ªþvËù[=ÿgUA«Òm·;Žºýô·JD¬GÝ~H—î-óEœ?õå÷Ó*kA¿ ‹²ÈßnÎÛç{y9M'U3SÔGs¥n#Ç?áŽ‡åhªJ²ÕG3ÅëGÛ.Ž1­å÷4•ˆ¸·v>œ«z5Vu»|wÉ¿«½Ä®sû¼®³÷-U”WÊm-?þ%×I+^”|F•qZ•s•§ÀM‚ÖWJ1°ùúÅ±»îšÐyÐ„Ç–.}iÂf­—Æl×uŽÙ8°ìÈÆò‚¯h+‘¶MeõëN‰9O×aìØé4ñÙ´yÎ}Ä®Ñ;ìÒ8lÊ“A~WüÖ¼+ÚC2]_~÷‡U/v»–[-?[?ït”ûÉÜÙöAÇìõŸ©½|œßëü{•ˆˆÜæ˜¡~õcÍÇnrAdèŽ?q†ôtÞù‰[ÄËnÒ2ÿ§á»oi³üMÕ3ÞÔxJpˆóNÉHQ-ûVsD+uó%¹–óÝŽùÖÍk4¿ØÅßM’Å9ct¾ˆˆ›ãÎ;Ü–ýáìÝÜ)"uÛ9oûIu[?|åÛ
ËK+stÇ«ašg?Ô|¬ÿÆÎ¶¾…«D2?©V¥ÊÀ>W†ÜT,ÖKXÀMìà‘3¡!?—òè‡#?>ád‹à†Wz(»-W´ž—û»Ã•m%b³‹¶ÜV6‹ÍMWI‡¢Ëwm÷†›…]eusVÖÉÍšãæî¥üôn?ÓFlvþûy{€²PeÍ÷²AÉSIù™—uôò3óUÖ|§ûåý»©¤¼’®d·\
_€ëóª¥KÏÌ©_Ïû¢k¦gæxÕºš^ö­çÛJ*È"¢ÕU1ÜáòqM÷†›…¦Š~öª£?¨§%ª{7szå©~9$Ýûä/uº{T´Ñ¥gƒÊŽ^~få¦r•”wµ»àRh=\Ÿ%×zòtjC__¯ÊÚŽüôÌœ3Éé??êë<‚TAeÍr;zJòD|Üq\ñ¨,¹ÖôSÎK~~Å—2nn*¯Z:ßº²5ñ€‚†Ä
âñ€‚x@A<  P(ˆÄ
âñ€‚x@A<  P(ˆÄ
âñ€‚x@A<  P(ˆÄ
âñ€‚x@A<  P(ˆÄ
âñ€‚x@A<  P(ˆÄ
âñ€‚x@A<  P(ˆÄ
â…¦ºpã¬Ùî¶ù€Ûñ•ÍQÝ¥¸hÕÒ¤?³g«ü¨nùÕ]€DuÁb­î\wIª×¿PNRUw!nJÍŒÎ—të:«»×?‹€?làjNR½þ…ºº«p#×·f»ÙÀU:œ¤Z³?ËÀõñïp}›ð/À5À—Pðïp}ÇSh:pðeÔÄÀõqŸ"×_&@M@<  P(ˆÄ
â¸ .í¥oHñË°ÖÒ·½4«ÎŠ7Mu¸–ž›"C*Ó³òåÄïòÜdÔÓIÌ¯2ûJw;üq™$q12ù×®VÀ?ñ\Gä£2¤¡äœ‘/ã$Ý[:‡H˜¿ˆÈ®}’á.ª»<À?ñ\G«z"vùöY$""_ÆŠ±ž$‰Ä”s:9Q°R=ÞMšk$n·$×•ºvÙ? ÍB¤±FþÈ?ÈNbÙ±E6œ«äõ$<P¬)b½M"o‘ìÓòÎŽ÷×ñ\‡É*¢‘{&Š5^6ï?Ã"IçDD†ô—Èúó«Ìn&«•Æ±æIßö’ã¯ó²!A†ô—ÈÚ’®_ÑHß;¤Þ«]á1BäÅH“xÕ«ˆ{{ó—a_Þèw
¸Nš®cÁF‰Ëß&2z ¬x[¶¾$³:—ZaøÝÒX#‡·H?—dðE<J,ó?ôíÒyºDŸ©%?»Vu /»Ì|[z¬?t‘Æ?×ëín<ZÀ…$Èä‘†2¤•´”°&Ò÷>9w¤xycƒˆÈ¡ïED’¶ÈÁ»%¬ÄÖó$Ëð†"êªŽ““!Î‰œ“ãñå‡&p!|©€ë0Ö‘3òe¬LÿDþ}\D#ÍJÜáÔd1Üâ´žx{T²#@MEë¸ŽÑ?Ê=wPv¯F(b—ÃÿÃ?Ê
_•!Fé%sŽJ½Û¤¿Jã/¸ŽÃ§Åä.]î”ç’]Å˜'¾•%VHŠ‘¿ŠÉ]ºÜ!^G%ÎR?Åþ‰T,Öê®ÀõÕëemu—€­K{±ž”¸ò7'­'Ãï?-[$IDBä«GÅ˜$?ß«–qSúéu[u—àú¢s¸ ?¿V² ›Lî*“#ÄjÑŠ»]6l¿Á¥þÑˆP“¬—Á$²­5"v‰Û-1gª»$À?ñj–¤DY”XÝEþ©š@A<  P(ˆÄÀõiÕÕ]µ*m¢IDAT—À—P××¤?³ºKà
ø2jâàúz¶Ê¯î¸¾L€š€x¸¾¨nùÍŒüæàª43:£º×G<j„—t?\±fFçË:ª»
7‚ê‚ÅZÝ5¸AÖlwÛ|ÀíxŠÊÆ_y—@«–&œ=[åÓnÔÄ
:P(ˆÄ
âñ€‚x@A<  þ¿ý:äo½geL€é0=¦Àô˜Ó`zL€é0=¦Àô˜Ó`zL€é0=¦Àô˜Ó`zL€é0=¦Àô˜Ó`zL€é0=¦Àô˜Ó`zL€é0=’Ú°sîŒIEND®B`‚' height='200' width='200'/><br>
<br><img src='data:image/png;base64,‰PNG

IHDR
1K«Í/sRGB®Îé IDATxœìÝùsTç??ú÷Ùzß-­ @ØBðÇŽg<“û?ÌTæÖýáÖT}ÿ®©šª;÷[wR3ñ7™qâØƒMlƒ±YŒ’X$¡}ëE­ÞN÷YïÝ’?@B-àýŠ+QŸ>ýœ§™œw?Ïçy„O>ûDDDDDD€XïÑ~Áx@DDDDD5ŒDDDDDTÃx@DDDDD5ŒDDDDDTÃx@DDDDD5ŒDDDDDTÃx@DDDDD5ŒDDDDDTÃx@DDDDD5ŒDDDDDT#×»DDDDD/ƒrE/kzEÓuÃ0LË¶-‚ Ê’¨(²Ó¡¸ŠË¡Ô»›OÁx@DDDD´s†iŠ•¢Z1M°mA UO0MÛ´ôŠn,TQ€×íx=²´Ogñ0í„eÙK…R¡T¢(Õm`ùÇ‚`¶eÙKEµ j~?+ès‹‚°aËu´wñàÊ•ËöòÏ``Y–(Š¡P¸½­Ýç÷–J¥nÝª}H6 À{Ý‡Ø8|¨;ÖÐ´g?'""""Z­¨V²ù’eY?Ýª>?eYµ¬jzÈëö¸Ï§ƒ;´wñ`ffÆ¶×ñ½G?¶µ·¯1sfzf+­µµ&v¿‹DDDD´3–Û€eÁ¶ Ø`Dˆ"â~Ÿp¿]Ù|©P*DQ4M³zßoF.·¤8¿ß¶!I¢ 6 ˆ¢aè²$+¢lÛ¶mÃ²ìÅBI3Ì?Ï]ï7ôÈÞÅƒP(¼lI’âñøñãÇ…Uã)š¦i-
­J`ÕlÈû¾ªƒˆˆˆèåg[°*0õµ—ÿÇ6aš€¨?ˆNûtÂý¶¤—
jY[}Ä4MA*•ÊÄä„ašÇF"?Çã÷ûý~¿$Iår9?;Å4MÛ–`C JeÍ²íˆßS¿7´ÆÞÅƒ¶¶¶ê‚ vv´;œÎêCË²¦gfŠù‚ªª’$µ¯Lx·Çû<;KDDDDOc–aj[8¯z²S‡ä€äz¾½zÎ2KÅrEÁ~41ÆE¡P,ÎÎÌŒ??eù²¦¥—²ŠRû:;4Äã†iF#?Ûcš†$V«–m@€€²¦/æKáý‘ö.Ü±l¢ðá/?\ÉwîÜ¹wïÞZó¸^Ã»ÝG""""ÚÛ‚¡Â6·ýBSƒeBv¿ ÃÙ|I­l?ˆ*šV(&&'“©´MÓtÍåv‚?+Š%u)»”hjêéé1CrH`Cjƒ-jE5¸fí]<ÐÓ¶ÑwªÏã©£/.~‘J%Á†-BwwwC¼áÊ·W„§•wØ€eY{Òk""""ZË6¡—V¦íèåE(Ò.wì9+•µ’ª-/²Û¶N‡¦i¢(Š¢8t÷n6Ÿ³ˆ’Ã²,I±mË¬”Ë¶Iq¹]r*“‰F"KKKÁ`Ð´LIEA€•›ÚbYSd©î•Ê{zv8?GzzªÇÆÇ#ÑH45-«û@W0P.—{ª'¬,µ²ÈÑêJ?@`Û=°Íb~aa¾T©=–½?p$æ÷JÏa=)­?ÊU8Qÿÿˆ-5›)šDo$âÞw+[­a[Ï”–[?^‚â}?Æ,ÛÎÔÕG‡eZ `fnfn~®TV!Š¶¦C$Áa†ˆ– WÊlsttÔ¶íÞcÇdI²m»Z„+öò=`®Xv9•ú®vºwñ ?Éœ:uªúóüüüèÈ€H8|¼·×á¨ÝA›¦¹¸¸hÛOÿ…knŒoçâf~êAÿÈ’º~Èa€;ÒtäHGÌ¹?öžª8ûÃí€¶SÑ#OŒZzâ‡*€Ð¡“‘Öú'=‰¡>s6¨²a¨Pv¿šTUU·{÷ï©òÅ²UÛñ¬ö_•J€$K¦iNLLT´Š–ËDA!E[a¦e˜¢ –ËåÑ‘‘®ÎN¿ß_mV¨þg9Ø6ò¥JÐ[ÏòŒ=ÜÍ¶Ãápuˆàûï¿·,Ëçó=vl%TË”?.l;³¸87;»<‰hÍÞ6 ëú†Ùˆ™¹ëÆ´?~o,è£°”Éëjfî‡«ùÞŸO¼Øu2DDDDÏ™YÞI½Áflfy+•ï?¹¸ú³Ûãnkm9|¨{WZ6L«¨VV¦­EÑ0Œd*555%J¢`Y¶©;Dø?Î?ßãq»½^oYÓ2Ù\z)_,k¢Ë X,.Ç‚ ŠâªFmµ¢ûÜI¬Û¸ÊÞÅƒÞã'ªË˜æóùÆÆFAz?w:×|i/ËrWW—ËåÐèš^(<xPÍU«¹Ý[­ì¶Gœ6ˆÁæ³'ÚýkDµµÜìÝ?Éy)¬S6p%zßm´@âR­DDD´?ÙÖ×)*ßû€«çý§ŸjjÏ>ÅHUÕ+W¯©%µš
TU-•Ôû÷‡'§¦ÏŸ;óìƒ%µb¦UÝ­ Æ–DÉ0tYQŠÅ‚iZº¦Û€C:#?öÆ¨CC¿(Š†eÛÍ·ï?<L-U]ÒÄ;wn‡C¡€ÏoYfuÑ£û\AXN»;³eö.xÜµð‰‰‰|¡ 
¢ÛõØ-¹{U&SJØ>{öl:?~Tz`Ã0¶8z`§f3:x?_—Ž@âä¹h¾ Öm?TQ’Å¬.‡ˆˆˆ^EVe'UÏÜÎƒU?ô¬·ï·úï¨%õðáƒ«‡ªƒW®^{ïÝwž±ýRY{|è€(I’$‰‚@QÝ0`YñPÀ¯ÈAŸG–Q·Sr¸µÎßpº]–e™†ièº½vvL•`ÃPÖŒW"T'UY–588hÛÖ¡C=ÂcU­rñâ~ŸïXï±X,æp8DQÐ××788xóæMË2«³²º´míªåJµ†$‰lV 8—gÑ&ÌM¿œ-ß¿(ºüŽö³Õ‡¢¿aõ³úü?¹4ã:üÞ¦Í>[<˜ššI§3ë²€êÃû÷‡§¦fZ[;n_ÓMÃÜ`ÍLADA´-K-—-Ë‚ Ø°Ýn?Çë3-Ýl¶ ˆ²AˆD£‡S³!ØÐuMÓ4Û¶Q°mûñ[bÓ²tÃTäú|ƒ¼wñÀ¡(Õâã#GŽJ’ØÑÑñø9.§óÀ?’óI·ËÕÓsX’$ÇŽ‡Ã³³³Õ˜†¶wyÝØjŒµírvvb*µ°¤ª:ˆŠŠ7îj^?ø`W2Ó'³Ù²e?d8ÖÙ•hò®=OÏÍŒNŒ&‹ªˆ¢;=rô@Ìµü{°4þÍP@ÓÑ×TfFó€¿åloƒ•šKeò†ˆwcGç‘–€¼úWH+ÌÍNOÏ²ªa¡V\‘èì>¸Ë¥ÖDDDôj³ž4qCtù+ãßKÁ)ØÀÑúúÊSæÒtùþÅM³ÁJãâÎgY§3m€¶ÖDuŠÑ³Å£6Çe-lT´J!—³LË¶-Ñ4#±°+¯–]?†CÅcC(¨%Ëá…C‹9YVl»º¢‘-ÔF±…ÚU´W!TGAp:‚ Èò—D±±±!ŸÏkš&‚iƒƒC?€¿š%š››Š23;`Ëåî@HFÎ€:;8;Óö´Š…ÒÌµë“ÙµIÂÒõÌÌÄÕùtïÙUåË•äàÍÑéòªóL#Ÿš»?š›î9uz9[…™·'3+Z–šMþð]éÈÙãmÕs,­šBŒZ(µÌ²®ª€RžðÃý)}%«Zš:û`(S:tþpD3u¿¿Z_f­J>ÿðö­¹¶žóC/ÌRaDDD´ÏÙÆžt´Ÿœ~)Øb´‰ëæâ)ÜîhCtù}gÿoÁùÄ%émØy<H¥36,0p»ÝnÏ³Î\Òª_2°m{e6?`‚mÃ¶A‚²(šš.›FÜïÓM3tY?ryÕ?ŒMÀ!}>ïôBÚápDÂáh,º²jÑê9KÕBØp¼boìá¶hºæt:EQ±,K-—Ïž=³îœr¹›››K¥Òâââõë×«+MNN¾õÖ[Â‘È½û÷gggƒ~o0ÝÊuƒ-Í¡©É¬…ìðí‹ãîÆ¶xS8òºå·;p{‚"rNGg{kÔë’Øf1;5øã\Ö,?¦›ŽEEvîþ?Ñé
ÑßÖu¢#äUD«\Ì,LÝ}XŽ…œXž›7=<)º‚GNhv‹€ž»ß?U±¬âý‡é–jS›ÉÍÝÍ‰þ¶ƒ':NÀP“÷ïLÎWP™ž˜n?txH¿ÃÍPSKw[<äVD–V˜¾70o¨“c“‰Sûbgn"""zñ=mGZ¥ñ¨YXPû'ù?ß`ÌßSûçîûµäkxòkaYx¶/Ê£ÑÈfOyÜî’ªnöìV¦á±Á–e°EQŠ,{%æqù?ŽryÉ!‰¦¡—SœŠ¬Y†©iMÓóiI]N'<>­¨šj­“½‹¦iV—J4'2™t:?²,K\; Š¢ 
¢(ú|>ŸÏ‹Å¾ùúÃÐs¹ÜÔÔTkk«(ŠÇ{?g³Ù6æJ¼öºÑÿÃlÆ„¥«³£³Õã’ì‡ZZ-!·¸òG#„ºÎ¾~Ø±*¿
’7Üq¬#}å¡n%³YD#@yzl¼¡CÇÏ,oV º|±ö#o5ë†‚•xgäµ3‡"µÎ*±C½G‹7±ÒÔ¬n\V'{Ë—n&uT+'GSÏÏbÊêÎŠ_¢§=3?:»ê4"""¢ge?ýËlmâºäotŸü»êC¥ñ˜úãÇÚÄu÷±¿~öÆëÈ\?VßÐ›°aÛ²$ú~ŸÏŸÏ¤]‘ [q4›DÛÈ-ål¦¦¶Äc6,ÙBÉ’e9475„Í×k X»²·ÄŽìÝô“•?
ºvÇbñh4ªië×Æ’eY^5ËÊív¿ûów£±X<Ÿ™?5@ hkmsmg?*Ùß~úí×ÏŸhëˆ¹?+Í›F>•º{ëÇ/¯Þ?Ì?Êg²cƒ±-·ÇVEÓ¨Éy”øá–Çº¡(«ƒK¨½5²&È(‘¨,µøäê1Ò½®ñ@°½s¥å,(tVr{ÝP,oyy"""¢'6¾]-ßû¼<ô©6u€¹8!7ö¬~Vnì©N4Ò¦n–‡>­.xºõÆ·H-©žÍgy<nµôL£k–3]}°`[¶-
¢ßç—$ÉåqÛÔbI-”ÊåŠËã‘$¹T,-e²0mÛ´tM‹E£>¿ÿÙ`¹ñºåƒ½=zëí˜ ~¿!9of>Ÿç?wåÑ®a¢(®ÞA–å|ûí·€=<x@<WK*¶4·h™ xc‰Ã±Äa¦^,æ–SÓ“Ù¬«¼t÷æ~r¼íÑ:«¶¥kÅb¡²2Ë®TÍ†nŠZÌ"~ÿÓv¼ö{ûe­ý6XOùC÷y=ë_þ=²Ö%lË4ÊÅli¥`H«þ ›Oš#HDDDô˜šš?l:'£Z“?Ngž0éÉÌå2Q×AEI°m?Çsö'g¯g?x8*h—µ²"Øša«©EÍ"‘H1_,Ï%gUýÐ¡C‘HÄépVïòjmýOýì]<(
‹‹‹‘HÄétž<ÙwçÎMÓîÜ¹sôèQ×ò¢ >>+?ƒÁR©4;;[?áH8?\ØyW$ÅˆzÑD‡]œ¸:\´¬âý‰LÛá`æ§†o?f‹[™î%Ku®ý­¤ïŒN.=m2 Ñ3²7XõÝÞgR¸Ý˜¿§4[9bÌß“ÂíëÖ2Ú¤ñª.[?†7;¡ºxÑÔôÌŽã?(
æ†›Âr­²,+'N?ü¶?ªØ¦ÇçINO‡‚áD"áñxJjÉE—ÛñZ»K²¤ëú£yòª9aý×Âõ‹{ZZZ2™L$ÐÖÖ&B:?02<’H4‡#²²qzzzæçç«3”EQÅ½;[EÞ¶Î®é?aV¾\Äù{ß?È[€;ÒÔÕ?x?µeF¿Ì®u'…ÕÊ£‡Ç+€änéjn‰„–×SU'oêÙ5"""zÙ"ì§|{êhCíÿ?úãÇÕ)FÆü=3?ïîûõ–ßUU''§£ÑÈöEv»ÝÑh$•Î¨ªº³í“%Q4MK„•¡ƒê×Ù" ØeÉœ}ëüÄƒ¡%5‰‡Ì²¶˜œ·Ã¡`8$ÈV^+µê†Ó4!–m‚¸’ÖHâ+fffl@„îîn­­­sóóÉ˜˜œ0M3F£±öŽv§sý­¿¢(ÓÓÓÐÖÖ‰DA(•Ô­-\´eDTæ§ówók}í«÷QÖÖlÒìvû€?ZZB4¸«½Ø†¥ädš?œ8Ö°ú¨X)Õ«ODDDô’E<q-»’—»ï×ÚÄõÊðWÕÁwß¯QÖgï(ÍÇŸÒøŽÜê¿Sý¡ÿÇ;O>S-©;Þ>Y–¥êÖ«ToéÀ¶[€iGN¾öúÃ;ýz>çrºœN§Ïëu¹œE½| µÃVeËr»ÝºaT×Hµ±éd¢:NRÙ»x0¿0oÙ˜_Xhjjòz½^ãôÝ»w¯|{¥:©>™J=nimÙðåsóóÕ•O«+åò†§=niäÇqgç±u»‰-3g'«eÆAŸc¥À½. è©dqÕCw¬Ñy¿P?žœ\è6¬]ˆkƒí±Ÿ»:§Hv¸Ö^o)3ÇÉFDDD´»Øtg4}~¨|ÿ¢çäßIÁ–uëé³wÊÃ—lS{Òü"a'w¤ét&?Î,ÿ°Õ—ì`Š‘C–V¾z„Ú$+Û¶-Ø‚ X¶eÛp¹œ†iÚ¶-KnÓ”³KeŸËát{Ê†¡f!ŠÙY2LAT4]±ºÅòê«TVçÙö«Nž8Y?Œ3<2Òwòdõà‘#Gzzz&''“É¤eÙ: IRßÉ>À…j›%‡Â[û£5Ó“Sê¼54?ênîˆ'¢‘€Ë!ËlÓ¨¨Ù…©»—ª»iðú??™Ÿ.5tÔJƒíâä½¡Å5­zm-ÃÓ:f‡nËâÑ#µ-Šm-7{w ;}lçûòm?ÛB&cf&Ýå?ÖÂ?ž¾;?|Ò®†DDDD; *À¦ëÿ˜K3®ÃïU·L®®S´Ro 4·MÍÌNáñ`G[&G£‘¿ùè—;xáv97ZÖR¨Þß%I–$£6ÓD(—µ¹ù´b‹MËç²NÁPP??3Ó³ñ®#¢¤ØË{?%„Õ©>[&ïi<Ðt½:OË4?7n477'‰êGÓÞÞÞÞÞnYV>Ÿßpá¨……Ó4A¨†Ë²Lkk[Eˆ¾¦÷ü¤j™êìèÄìèÄFç8;Nõ49 ÒÞš?ÌZêýï®?‡3›*æ5±­549µªö@Ž>±”»•Ì[•ÉÛ·&EÑí”ŒŠ^ÝÁ¸´ &¼\g—¹š»[goLúìð_R“‘¸_)-¥rºé?µ9S“¹çß"""z¥H
Ì?¿„t~oõC+¿fGëëOÊÒÎ÷K~ÜÊøÀ³,U´ŽS‘eI4×?
?ª‡-ÓDQ„\.÷`hHEK7ÃAO<èQ$[¬b¥<<5¯D›¯ßátŠ¢hÙ–]Û!yƒ[_IùˆÓS“«?Õ‡666vuuµ´Ô‚¦(Š‚ T77XgppÐ0ŒD"!IRuŠQy‹»ßÎØÁ“ïµæ¦'ÆfŠymÍ´QqFZZ·Æ½+¿–®Ä™sÎêr@•lv2HîŽ¾žÃÂÄäÔš†å`×¹s‘ñ‘ÑáyÝ²,UµˆŠ»¹»óp“?•1?BäÐ©sîáÛ£Ù¢^IÍT¸ÚN÷„³ý©=¸<½ZDçfñà±3·sk+îÚ.®étæÛ«×Ü·ÇíN§3ïýü??Õ"?ÎëvæKeàQu2lH’dZ¦¦i†®çrùt:ešf©Tjkï¾}S„Û©ÈŠ$Ø¦Y©Ø‹‹KÉdJ.•?.§ÏëSŠP­AÖ$„êx‚SÙÍÈ´]Â'Ÿ}±7Wúæë¯_éÇ¶,—Ëíø[ZZƒÁ@©TaÝä?;w2™€ÞÞÞh4
`bbÂéP›š·ÝÛ~?DY–6¯°LÃ´QVžöû½Òæ“|ŽlK7,’"×y¥U"""z©™e˜ë·µ}&’’kçmÕý#÷ïhkké;ùÄzèí0Lk>“«fÛ¶MÓÈf³%µdèºmÛº®K’d˜F!Ÿ—±µ¡ñ~ÿ—Y<~¨C¡vª`MÌ4w÷4w(©%YVLËôy½§Óíry<Ó4[¥êöV±€WÚi¹ö³Û»Ñâ4‰¢nè™L&?JY¶-@8söÌêç³Ù¬(Š·»šlÛžŸè9|pG}ä-¦1Q’·|·Þæó"ˆŠÂ\@DDDÏ?ä‚e>u…Ó­¤ÝÍênkMìÖ Á
Y½.GA-ëº!I’ ³s³’(ÊŠât:ÓÐu-‹ëšîv8lAˆ64ùT¦Pö¸Ý*k†$)Édk×A]×ËåŠ,ËE¡¤iz:•jimq»\°Ë²¸?J³ÁžÆƒÙÙ™÷£^gåÛ}MÓfff¾ÿî;‚$I¿øÅ/–Û™?™?ikÝ‹ê_""""ZCvC/n¸EÚ6?wù&¾j×³AUÀë.”Ê¢(jš¦Z¥\QÅáp–ËeÓ4SétCcckkk6³¸˜]rùeÓ(Z–^ KN%ÞàO&‹ÅB$ÉdËeÕ²­2Ê’(EE–?N§eZ|»³»×Îí]<ˆÇ,Û ØX½üç£ªOiš–Ëå,Ë,WÊñxƒ$I'OžƒÕðððáÃX,öœþà‰ˆˆˆèIŠzéÙ‚Å³ãÝÐêB…?ß3Ÿ^T¹\VA(•J?§X(Æb±¥ìR!_…ÂlAd%¯™¦^ñºÝ?€×¥8?’ìkjž??=rô¨Ïë Ø°çfçbñ˜a%UEQ‘¯S…ºmˆVµwñ µ­ED€]«ÁÖn"][XÌ,V+Á›m@‘ä¶ö6qy„err²±±€ÇÃx@DDDT‚ÅCÝá,#A‚ì~±²A•ÏãÒt±\QUÕ²,§Ó©ª%Ó´4Mw¹\sóó^¯¢h‚ìvWlÁé,•Ë¢)4Æ#¶ ˆ¦¡§’•JÅçóš¦™]Êúý¾²ªºQVU¯×ërÈng}§¬cOãAÿ?ÛJ™~à?wÞq8+ÙàòåËsssÕFœ§Oû¡çÖY""""Úœ Bñî¤Ry·k‘÷X$è3L³R©‚ I’×ëõx¼‹‹Q”J¥’âPDQ´Q–e—ÛççrjÙURÃá?¦šN§+›Í:œN‡Ã!
‚×ç+«j¥Rq¹œ–®ù\Áz¿?ìmiò†;<æÂ…?@@Y–…Uc+—.]J¥­×ù„]$ˆˆˆˆh/H.ˆX•--x*)?/â Á:‘à¬×“Nš¦‰bÀápÌ/è?€ÛírMMN…Ãa—Ëe†Ã¡¢àr¹*•J±Xü’$»œ®T*ÕØØäñx‡£¬ª²¢hš&Kbkc¼Þï¬f/'µ== Ø…B²¼¦W•J¥¿¿ßårµ¶¶®ôy÷`ã1""""z"A„ä†ä†¥Ã6`Y°­åRS‚Q„ ïl_ä}«¯÷ˆLÎÌv¡?¯T*†nˆ’”Î¤c±˜,Ë†n„Ca§Ë©kºiš¥’šËå}~ŸÃáÐu€e™N§Ó0Œb¡ÐÑšè9ÐQï÷ôÈÞÅƒ¥¥¥êjMOf†,Ë¦iæóµTšž™N&“Âc%š¶«kîÑ³@AÝ¶úÝk'{?Ä¢‘±Éi§ÓU,=?Óá¬T*¦iB€i™N§SE·Ç]Ñ*ºahšf¦Ëí²,;ŸÏ546º+šeš?-MtÖûÝ¬±wÛ¢½LtÝŸšþæÛï?€Ëå,Šn·»!ÞP.—?@¥RÑu]Ó´Š¦‚à÷ûNçüü‚Ëåêîîv;äX8 È{8Õkö]‡ˆˆˆˆˆ^Š"<ÐÑÔËds†aær¹–DKue?B¡ (Š¢(’,†aY¶išáP0¶5Föa0¨Ú§Ý"""""z!ø¼ÞS'z,f—æ’ºaú|?J¥"Ë²(ˆl¯Ëíö¸|O$øö{-ãÑ.‡‚áÐ¾XœôY¼ðkKÑna< """"¢Æ"""""ªa< """"¢Æ"""""ªa< """"¢Æ"""""ªa< """"¢Æ"""""ªa< """"¢Æ"""""ª‘gæëÝ"""""ÚäDc¸Þ} Úk3ó‹ñh°Þ½ """Úw8¹ˆˆˆˆˆˆjˆˆˆˆˆ¨†ñ€ˆˆˆˆˆjˆˆˆˆˆ¨†ñ€ˆˆˆˆˆjˆˆˆˆˆ¨†ñ€ˆˆˆˆˆjˆˆˆˆˆ¨†ñ€ˆˆˆˆˆjˆˆˆˆˆ¨†ñ€ˆˆˆˆˆjˆˆˆˆˆ¨†ñ€ˆˆˆˆˆjˆˆˆˆˆ¨†ñ€ˆˆˆˆˆjˆˆˆˆˆ¨†ñ€ˆˆˆˆˆjˆˆˆˆˆ¨†ñ€ˆˆˆˆˆjˆˆˆˆˆ¨†ñ€ˆˆˆˆˆjöW<(–ÊÉÔb½{ADDDDôŠ’ëÝH¦ï?¾ûöé?¡‘±ñ^¯»³=Ñ{´«Þ]#""""z…Ô???ôí®>ŒÇ#Ç?v-$†F0!í™:Çƒ`¨·A IDAT/¿¾‘LfÞ}ç?x,\=âõ¸â±p<îìH\úúz±¤ž=Ý»…–nþ®?wúg:«?–'®ý×uÇ;¿îkØÂË‡WÉJCÛ?SÇ;BÊvÞÌBÿo¿Á…u×*=¼øélÇ‡çz¶ÓÔ=×Æ‰ˆˆˆèÕSÏxP,•×eƒÕ¼×ÙÓ½_~u½!îìHl¥Á…;C-}+ïÉÎÜÈZxZ4Xvð­÷_o,C/¦¯|ößÙ¿èkØVB """"z‘Õ³4y`hÄëuo˜ªªcwG·Ø ‚Å›ÃK+‹£wG­êÝ½eišn=:ÓÒ5Ý°6jeÅßÔwáµ,ÜË×Ú–žÏÌÎfr«_eäÓ³sKªe¯~½U^JÍ&—ÊkÂ*ff“Kåµ×´*K³©leõQË*­=hºfÀ¶ÊK©…¢¶–MÎ¥óÆ?""""¢-ªÛèA±TŸyêÄ¡‰j±òVtï.ö?Nu¿ÖªÆÂ½»8q$|³€¸xïÊ—•#¿~£I`Ì}ÿÇ»î·.ôE7oKˆ8à¼7›*ò»Š/^-‡#Í>cöû\øôÛç[úBÿŸ®:RéþWjË?ï@qðÊ7¦tdf­–÷><cüæ7Ã’?¤§./:{Þ>""Â.N|wíû´£5¡d¯ý`vô}Ð× X7ÿt{ÊhŽÈ‹×~ÐžþèXÉ??¿)FcjNU?œiÀÜ¥‹Ã‹¡X«rÿšî4·ñ‘=E?kâñÈº#ÉÔâ÷7VKåêÁ'2<ânë;<~é^¦õx$7|ªãØ¯ü“7ÑÎ„ïóññMœ(O?Ox>!$E†€·ãÝ¿9 ŠPŽ|÷‡ÑérkÛÂè‚·÷ü¹n/€3?
´pÏ…¾(`L_ýÃàxêXÔ ‚¦óôÈ~õÙàä¡·:³÷¿O‡ßü ¯YŽO_ýãà`[C_¤áÔ_½ûzõJ­ƒ3³p,ÒZ çgï5Ê€6qex±åÄßœnR}ú‡ß§Ôm|ÜDDDDDOTÿ•‹Vkx,x=.oGÂãqo±…@÷?†?ÞníHÝ÷¾þW,NÖžðwö4Œß›È8äœ?Ì5z-ð´¦Êª@ÍŽOLæU%LÈÑ¦À÷?Þø:×ÐohND¼BõEáæjê?€Zlðv$¼ÕŸB± îfsè@2e5?h®N}RB± >¾XDÄkF'S90Š0]Ë}·Ö**r©$ZÏ5Õ^…Áx@DDDD»¦Îñ TR½ž•›`tv$¶X…¼)¥åÄññ?ýeÐwìÜ¹5UÅŽŽ®Ø?&Ó?ò½¥–3o:6o`§¦ÆõÀá˜Ð§~øS¿xö?ÞƒN˜sÃ£àíüÉ?´ªÙÅLjbðO·Cï¼|ó
hC_)°I I
4ÓZ.þ0-@‘½û§/2.¼vÂ'¡0º0^YiBªÅQ’¡Ö~ÛÏŽˆˆˆˆ^u»Ëôz\^¯{!ù”=’†F¿üúÆöZîê=ÝyðÌÿºãbâàçôåË38Ü6x¡¦iº¦éšV\šî¿ÔOlx½ÓÀÔËˆúŠC\LÖJŸ‹ÙŒ.¹Cñ–ƒ'$ÔbNB?*Fçt°Õ‡£bK,D®™©y€ž˜õv4¹¡šä?…ÝŠÃ¡e2¹šŠ´¶+S#s6#=:?ÞÖGCDDDDôDõ=¨­[oVW?L-?¼ûÎÛkWènô„¿ãP ÿN´¯OUßÿe :Ý?z?:ÚT?2äjë>:Þÿ§?N»e¹«%ˆ<57v÷ê„êp)fYwé;ãò¶
ÀÛá?ÿì?ša™?¶w«åÑ‘cï½vãÒo¢åÀOÎôîg›o\þÏKn§nóoX=r¼ç›þO??J¢#Bq{Ñæ„O>û¢Ž—›˜9{º÷ñ„?L-~ùÕõÞ£Ý»¸qrúö¥Gëm—eA|ìuÜìõ–¸Q?µ-¢¸ÑøÆŽ®K˜™_ŒG7Ì?DDDD¯´:×ôí*–Ô/¿º?GŽíª– '“™‡³Éd&?ìb6@erp‡ÞÞQ66¾ßÆ=úÙ`ã£Âe6 """¢ç Î£UÕÅL‹ÅG‹ðtv$t$¶´˜éÖY†n@qì¯Åš¨.8z@DDD´¡}q¯?…?úå[Õ-ªV/g´kÄêj£DDDDD´±}ªžK$ """"¢-ãv"""""ªa< """"¢Æ"""""ªa< """"¢Æ"""""ªa< """"¢Æ"""""ªa< """"¢Æ"""""ªa< """"¢Æ"""""ªa< """"¢Æ"""""ªa< """"¢Æ"""""ª‘ëÝ›˜ùè—oŸY÷l<ñz\uêÑ+¤Îñà“?ãñ¸“ÉÌ»ï¼QÍßßXwN<y÷íÓOkiáæïú‡WIb qøí7Ú¼Â:QzxñÓáð[ï¿Þ°Õn[ºfJ…C/´·tÃ¨Tt]7MÓ´ëÝ"""Ú?H’¤(’Ó©(ò¾ø.~[êÜão¿qéëëï¾óF<ÐÙ‘ðzÝëÎ©>µWnñ+™ÛßÞ¸8øÕ±àÓ_æh8ñS·c'.+Ž^¾2Þvþ½nïÖ_CôŒ
EUÓ¯Ûå÷ºdYªwwˆˆˆhS†a–+F¾ :Ù÷ØÍí>Wçxàõ¸ªsŠVl=<‰3ÒÕæšÌ?úº%)"
ÙyË×t°*K©ŒîˆDBNdw,ê„²üZÛÈ-¦ÊR0p‹+ƒF>?,Â‹úEK«èL£¢k
dŽ!Ð^XÊeYjŒm#ÅQ½È²ä“%Ÿ×™Í•–rÅ`àEúNy_Œw<?ÚƒrIƒ×áVÇ¿üt1k± º;Ž}pO|wíû´£5¡d¯ý`vô}Ð×  uë¿†ž?èŠ/]š”¯1z9xóçÇ#}çê—#•p"æXXŒuv.L?¨0‡ï|6ŽpÏ™ó/X"¤N¡¨Ê²
xêÝ"""ÚžPÀ“Í•
EõCxij`aäÎÍY0K™ñ±ç|³ˆq ‚Äù8è`Íüð}:üæ}Í
p|úêÛú"+äï};ì:õî¹@×àWWÇò6Í^»/žøå{=^ÐuK9Õä¹te¼í4'ÑÐCÓŽ½ BÏ|jI7Œ¥á¥ª=¨‘½??M‡^?„œ"JÜ­ÍµûøT2e5?h®Î#RB± >¾XÄJ<PSS9swo¦%1çVËÉÅ\¨±u9(œKD{«RÑ½n®ÜEDDôóº]•ŠÎx°%»[{ÐÐ}|£Õ‡Di¹„@’h¦µ¼ÝƒiÂªÛ}Iv@Ž8|ÐW;pB”13µR8R@u¡ë¦ßËx@DDôs9å’Z©w/¶ªÎß…??Ï|ùõ?b© ™ZŸyüŸê³»"šhpÍL=È[ôôøÃ¬·£iÕ`…£±£I}0‘?âPÅ.+¢ÒØÔl,ŒÎj`«Ùœx!,f²:®.IÏ™iš\§ˆˆˆè…&Ë’išõîÅVÕyô`àîh±¨&“oGâûÅ¢úø9[¯=xºÈ±÷^»qé‹‹·Ñ‚rà'g®©öt´ŸyméÛþß< 9-ÞCgßÅÛÎ½Uüòò_~k’=òÆ»GÃ¡ƒ±‹ƒÿn'~sºiwúF´&P""¢—ÀôèÂ'Ÿ}QÇË'S‹Å¢ÚÙ‘P,•K¥?âÁ®,uº–eY¢¸<rbL_ýÃx¬ºrQ•mYö£çW^ƒu‡?B/ˆ™ùÅxôÅ(öM¦—?»ÿ¯í¥èÞ£Î£ñXxåîßëqí`Ó?Y¹÷ÏMÜ™ŸŠu?X=Œ ˆâãÛ-?ž˜ˆˆˆˆèåòbP??Ž`¬ãxÛ©X?µŸDDDDD¯z<p›šëÝ""""¢}‚Ócˆˆˆˆˆ¨†ñ€ˆˆˆˆˆjˆˆˆˆˆ¨†ñ€ˆˆˆˆˆjˆˆˆˆˆ¨†ñ€ˆˆˆˆˆjˆˆˆˆˆ¨†ñ€ˆˆˆˆˆjˆˆˆˆˆ¨†ñ€ˆˆˆˆˆjˆˆˆˆˆ¨†ñ€ˆˆˆˆˆjäzw€ˆö”®›ÅREÓÃ4ëÝzDÛ¶ëuuI?ŠìõºYªWˆèÉn?at™<¬ºýUñÒDüèjÄ‰Îzwe`< z…hº™]*È²ì÷¹Ü.G½»C?ÌÌ/FÂþz]]ÓtM3³…PÐçP˜ˆö—¼Š/~D*Wï~¼¼,©R9ŒÎãç'áw×»CõÆÉED¯
Ý0³KEY–"!/³­æp(>Ÿ[Ål¶ ëV"Ú_˜öL*‡/~¬w'ö?ý2zP,•†F’©E?í‰Þ£]õîÑË¦X¬T³A½;Bû”ßç.Ôb©
ò—„h¿¸=Æl°§R9Ü{Õgí‹Ñƒb©üÉ§_??Ï‹j±¨ŽMÌTsÂš®[»Ù?¢—‚¦n—Rï^Ð¾æpÈGˆö“Ñùz÷àÕÃÏ|_Œ$“™Õ‹EõÎÐè»oŸÞn;åùÁË×§Ó€ìlïí;ÝTúû.üº¯X¸õù¥ìÁ?.ØÖ7c–®™’CÙIŠhçÓäœ"z2‡C)Ëõî=’É×»¯~æû"KëÿßÈëqm·‘òÄµÿº^l={îÝ¿«œ›˜Íu£«Îi8|úí¢s›'ÅÑËWÆÛÎ¿×ÍÑv"""ÚS\§hïñ3ß_‰7ÄÃëŽx=Û-ÏÜ»?õ{í\«_At[^?$*¬=Ëá‹…Ý+ïÙª,-ÌfrÆòL$CÓ¶–MÎ-,iÕS,­¢[0?Š®iœ²DDDDD/·}1z?…{?v?ÔÆ#Û.M.-¥*ÎŽDðÉg-ÜùË%ôýæT`,ô_¹œñwDÄâ??˜‡Î]èò.ÜùË¥l ¹b*Jzâ¶Ù}úWÇ­?KƒÃ*Ìá;Ÿ?#Üsæ|Ç+¿Ø½¼öE<Ð{´«³#‘Lf¼^w<¶~0áé]‡¬lùÝX3·¿J6}ðÞá€›¾òÇûSí¯9ýÇþúXT€ÕðÃ¿_ŸY8~üÄ§Ý—®Œ·?æä"""""zéí‹xP­=¨(‹ju<a{MÈŠC7¶zz*™²lcøÇ;]•Õ²€–Xu>’¨ˆàž²DDDDôŠ©<H¦¿üêúºƒ^¯{{»x‚1çðøÌÒÑÀSæUI’‚PÓ±£?µÝA?Š’‚Ôö:NDDDDô²©siò†Ù :†00426>³å–"ÇÎ4hƒ?\É”-À6ŠKã×¾LÛ€×B>½vK‘h¢Á533^‘‡CQd­PÔ„ÍZöBXÌdu¯|%;½Üê<zðð‰`àîhgGb‹M)}¼9xùú??ôËûÀÛt$1yõ¿?¿ÝÕwaåìÈ±÷^ûáë//Þ–DTàk;x>´é°CÃ¡ƒ±‹ƒÿn'~sºiëïŽˆˆˆˆèÅRçxðäÝ‘‹EµX*o}Wã±÷>:ÛÐmyÕ.fÞösÚ-¢¼ÿ›GG_û°0Èµ!pêÑ³hèûÍ¯WN=páWPk?ˆˆˆˆè¥UçxÐÙžXxbBØÁþhdåñ™B›ÝÙË[þ˜ˆˆˆˆèeWçxÐ{´«·¾= """z%ù\hŽàÁÖ+=éÕPÿ•‹ˆˆˆˆhïýãÛ(”·ÚšáX{Ä,cìIsA6•èÄaPÆ¥á?¼œžÆ"¢X¡Pìï(‹ssIŸÏ{°»³¯?ƒ²D´U¾íOâ>{¡Çj9\¹?‘ÒöšŠÆÐŠ;ŒÑ8B2´"&s[8›¶Œñ€ˆžÂÔòKº£!äsˆ`èÚª=%‡"U«}lKÓáp,WéØ–¶rž =:^}*ŸMkJ4ìwHµ3×´³úáFM™šnbU›¦®’Ã¹Ñ¥%Å!Wß…n.¯M¼¦qÀ,f3ø¢!÷Êßˆ¦®™’Ã!®i
€¬8¤Új.[€7òH–®­Û“qÝû}n†G^¾|måa¡P¼Õ?0<2ö÷¿þh®ND¯²l
i  ?;€ŸÆÈ­í5R*!«Û+ŽÂa/²3˜Øa´!Æ"Úœ]ýâó¯’JÄ-™jQm=÷o%–nþç§ãÞ`mh9Ô÷þO:<Pºøï7qîWïJc_}|;íu¹E˜jQ?ŸúÕÏ»|Ì…Áÿþâî,\§¹T´:~úþ;Ms_}<Ùñw?;ä]yáª‡ænÿ¯K?€©Ñzî£#éO>?ìþð¯OÆ»ôàóOï·¼ÿÑÿ£ó/Žý.PKe÷Áó?ñŽ~ñéÕ¼7èôrÆˆ¼óÑÛ]~@Ë\üúÚ’q£?×}=ç?:—uøÊ¿=lûÇ»Ü«. züÂ›ÝÎÂÃï¾¸:½${ƒB9£»NNO,f!_†ËëS€HÏûowºŸóN¡P¬fƒS}½}}½…Bqn~¡¿°P(^¾üý›ož}Î×'¢WZ)ƒKãµŸýGð›6¸ƒèF¶ÓÈÈàöÎ§½Áx@D›[xpy¶é¿ùI«°õ¥¼U½Mn>ùö/z<kÎ4’C8Ô†;2GNG–?†^ÿàg‡¼€?ùñß/Íu?‰Ï\»xWê{ÿŸŽù œY2=?]u#áÞ÷?ìrÈ?øóïŒ¿ö³÷Ogþý«þæ¿é“î\ºŒÿpÜ¿ö?oý}q¥Ñ/78zìÌêngnüç†’]g£³×¾¾)žø‡ìò@iì«ß_¹ûð?Î?/]•{ð—ËÍþöW­
3›-øB§_?¼ö¯_ãÍ_žiÞÉ'½ýý+Ù€Ïç=è;ÐÔØð¿ûdn>¹G? "ò*4À!Âü?Ÿ#ŒŒ¡¹~3wñ§I´ÂÙ„0uŒ?àÒ$à(þ©(â_¾+ÞëBÔZ“£¸4U»D÷aœJ¬j!ƒ†<"„šðO??¡gÇx@D›“D7Ê™t¾¡Áï?”` vØÔ5­¢`Õ,müîÝæÞÿëí«?ïŽ÷žïX7™U×*?$X˜»k¶ýâðò­¼+P`še]«þ…TÖM<ÆÔÕŠ.Z*›÷D¢øŽœysâóo.¦‘õ¾ù7‡|›m|¾Á’ÄzEƒ$öÂÔCóÈÏ»j¯õt=ØÿÉÃ…sÚ6¼tuV’:=™ô~«U©}B¡Í·T|Îª »»sõAŸÏÛÔŸ›KÎÍ-455Ô©kD´5‡ñ×olpü¾ÿèçB_ÝÁì6ëŒO5À ‚1à°8ÜØ0¨Çð^$@-¢ø½è>·„??"$¨þ›Àß?»:mÉDCÝ=0U|?FâÞn?he”x¼Hx‘W!»á–`êÈë@ù?z„ñ€ˆ6;òþ™[W/q³l:\ñãçÏžL8,}÷iu<¸6‹&?:”í;›?\Ö‘öþ›£ùŽêà²7?ûó?µTöµ½þ³¨÷ó@È¹Á_<ùþ¯¾¸_½“·´%ºÖ=Ÿ»ÿÍ§cLUó}3(ðzëÄøÇ·pæÃCþÇûæ÷s`ªEµíÌ›^Œ³?~ý‡»€V.8ï¼Git®Ê¾@éÇÂÉò¥«3©<ù,œ?ëVí¨#ŸÏ»þˆ×$Åb?zDD¯„ÄAüS7@Dµškfùågµ,þxiÀ‡!éIüï»Ðv4"Ñ‚ÄV¯™ôÓv¸…G§¡ÿÔ…¶6 ?¾FH@~¿½ð Í?É4Þ>?Ã^äÓøÖì*Æ"z%Øsæ—=€©&n}úÅ?‘ÿóŒó±ÉEæäÝkYË÷íŸÇhÈÌŒ&÷ÅÀß÷ÎÛ]®dÿ¯i­>…$äòeÄ×¯•±<@qô¿?ž\ß‘•>öÜÕÿ÷ò@ËßžŒ^@`ÃéI‰3žj€jÉr@ÃÑŸ¼{È±póâWZS³€?"AÓ, –KÒÉ4‚=n@ÝðÒ5ÅxQµáÞl¼b¯ø|žB¡øø(AuT¡©‘CD´Æì"þùó5Gªãën›…|#“¸1÷èØüt-ð; }·öprZ#N4cM<¹ÀÆßÿôÑAwõ £ËGK˜Üi53mw&¢Íå&ïNåM?‡"Aª?¯U¿?Ù|ìõs§ûÎœî;óÓ¾“î‘;ã€$¹‡7Ñ÷F|ôÚÝ¤4´õy’ýß?-€m¦GSÛì’¶ÑÔ£8œNÅáT-gHŠÃáô´¾vªuæVÿ¬Ä;{\woÜ˜Ê[´©Û×Æ\¯j ªelr÷ïnïê2F¿ý!©š€YÉÜ»7U§íê´¢ËW®
?
þüÙ—…B±©)þø¨Ñ.šÆ¿|Qûç·×Ödêìæ¯4`VÇžv‰|ÙU1Àd$Ø+= ¢M™–ž½ùÅÿsÉ9tæço7ËHS×>ý—ÚršÑ7¹³ÐvîgmÍË?D+“ÿkhl©AYiÇÑyâÌÀçßu}t"ròÃóøúÚþ¿›& 9£}ïè[êJêÖ¿ýë-?”Öož‹=Ã»rµõ¿ûñ?‡?ê‰¼öÞ/íË_þþkdïÛï?Í\ý×«wåÐ™Ÿ·¹×]h=óá/zÚÞü@¿vùÊ¿š?¶sÍ\uøªå`÷?‘‘±¹¹äŸ?»äóy|^ïðHu
…R¡PdB ¢ý@3¡åU?¸è?†ªT?QZ\ž\ÀJB2¢G€å§üä—Ó‚ôÔœAÛ$|òÙõîÑ^›™_ŒGëUPº=ÉôR¢1¼+MÍÌ/î¸)Ó€´»_&Ø–i‰ûçïô?¼AÛ2!J»4Åhf~1Þ „âÉ
…âÈÈØ­þG³n«‘ š~ùÁ…$„Ìb~·~åˆèÙ=ëÌŸ'ÚÙä¢¿!`æ>þ4¾é³÷?Ç×ËGŸÂÛqÀÂBymQ8¤Çñ¿ï½øŸ ˆ¾'þÇ!8ld³H—!¹ÐDþ!þs´V®Ù4Ò&¢aHüö6ºûp¡°?]‚&`ðÚ®-“ºº\{·¼@÷= ¢§Ûål@ØGÙ`‡oPëþ|>o__owwçÜü‚Ïëõù¼>Ÿ·P(þù³KÕÿÞYB "ÚE÷oÁóNEÑÐˆ6²³¸xýiù1\RðÓ6„Âµ]™Í
òLþˆïOâTB1„ª-X0ò?^tz
6RÛÜu?6Ãx@Dôb«îx°úá/?¸PM—¯|ÿËÞ­kïˆhÿújuç­õOmØðÙ[?à?h„ÛÂÈª}Yº«û,o<?ù“à£Áu3«ŠnÿˆÛ?·PÂÅ+@Ý^¨Kk
?éY0½lª¡¿ ±)^ï¾Ñþõ`oo¨gæW=HàB#ÈæÖœ–_|´@ê“ZX‘ÃHn£ã´SŒDD/!ŸÏûæ›gëÝ"¢M„ÐläqãîÎ§=Äx@DDDD{kÿ<Xï>Ð&öK<(–Êcã3©ÅRI?…{?v{=ëwN"""""¢çg_Äƒ?¡Ñ?¡5µæÅ¢šL-v¶'z?vÕ¯_DDDDD¯–úÇƒuÙ ³#16>SMC#^?«³#ñ´6nþ®øñÃ‘ƒË}òMñõÏôìzÇ‰ˆˆˆˆ^6uŽÉÔâêl?GÎžî­Æƒª?»£ñxäi³Œ^ÿõû¯n}~Ûþ½îåu¾mõ½Ÿ]ŽçÔ}""""¢çÄ¶,»
Ø¥m8·@Ü³+mèáøS–Ô*Õ±§?óDJ òÊ,K3,Û*/¥f3EËPý9oÙ«N7òéÙT¶b=Ã‰ˆˆˆˆž‰mÛ†aš–@QÜ£lÛªÿèÁSÏYH-öîüƒ¿îk@êÖÝ]láôb!uÙßÒãJ-~,¤.ûþÕ;¼@qô»Ïˆ­Mnón:râƒ¾eÇ×%""""ÚÛ¶LÓE%IÂ?T´zO.*×lÖW]¶¨÷h÷ºJå]Rqw¾{¾UFqä³??òî{-ÕŸfÕ?û_ßvœùë×ZÀn»ýùíÑ|C?ÿ9ô‚ˆˆˆˆh¶m›¦%¢¢ˆ’X‡™>uŽñx$™Ì¬<,ÕOþüÍ…·ßèìH|òé×Õƒ»·¼©;–@%xc?~6a£œ\ÌÉ˜¼³Pí‰ zU€ñ€ˆˆˆˆöŽmš& Ô+Ô?4ÄÂ«ãA5!\úúz<^}Î.]M”6–‘dN×Ñ®@õñÑÃ§Ñ²,Û©nÙ þ¥É.ZººÙëuoaaÓ] 465çÆ¡8ŠC6u¯"""""Ú-¶m‹‚ Iõ¼E¯óè?×ã:{º÷û›?pöôÎË’·ÇÙvî­âWWÿò[STlá–7ÏE¼\•^"²$©eÍÍ…~isš¦K’Tï^Ñ#¢€5K,þÿìÝyp›gž'öïû¾x_\?ÁC¼‘âe’:¨[²lÙ’-Ûm?ínOwÏôLÏNí$›JRÉlÕ¤6SIö¨L’­d&•ÍìÎlïvºÝ§¯–Ý²eËºMYiJ¢IQâ!P$HÜxÏüð?DII$õûØU?<x_àù='yòØ•[AtÉð`¥æ!Ï?ùäø—é|}ÀàmOWOÿ=Ó”ÍfãÖ–ZçZ+$Û IDAT²?,Z0UV]zÏò¤y¼gvfºs± ¾ñ©|×ò\“SQUÓ²læKVšÇÈ²§¶S8Óq¬-“NBV‹?¾†?˜îL<eV¼ºmù“]`ÝC––eôBÚZð¢œþ]““CŒ’s”Çü?H4žœlP[S–žÜ°º4?¸"äÉ0›ô?©ðÄd8Ë–‘î¼?Õ(Ž©ªši¥MæYEÊ\¬´2Wºs?n«"<HŽ22ç¯Ì4BžN<ÏÙ23&§"“£?§QFd†(J¢(kŠj·eð:\DÈ*R_‚~/E+ÇaE}Iº3‘n«%< „¬?çì6s$’…ã?©Hº³Cf13¥ëÕ9ŽÓóœÙbâyŠYužmÀ—W)BX+žmHw&V
yºð:Î–I£G!dÍ°ñê6\D¿!š©¼üXY”¹¨ß …ÂB!„?Õ®¾„*¯d…Ð,\B!„BH
…„B!„?
!„B!)B!„²&©ª–Hˆ’$'·T“$YÓ4‰„$ŠÒâÒ¤ð€B!„?5)!ŠžQÿD ÀçxF|¢()ª:êõûü“‹K“ÂB!„BÖ$Y’?`801ó$YÖT-0š
…—&…„B!„¬yšª©ªŠ%ïŒAûB!„²ViÐ$IŽÇEYVEMˆ"FVüâ¤ð€B!„?µ‰a4¾ñII’S!Y’Ý£:ŽÃfãâ’¤ð€B!„?5IàuN‡-Š0ãÈÊÔ–aÀÀé°gÙ­‹K“ÂB!„BÖ$?ŽË²gÚmVA˜J¤iZ,çy\D!„BÈÓD”d¯w\V”<—Ãb1±,@QTÏˆ?×é,¦E¤Iá!„B!k’,Éã?©É©p4ÏËs8²m¼N§iZ(ôÔ{@!„BÈS†ã8«ÅÌ0ÌÐ?7Käº²=¬()ÍáÁàmÏ#?q:³Ì&ÃŠd‡B!„?µ„e˜ì¬LWN–gÄç?Æâ.g–¢ª‹N0?áÁÅ+]¼ôâîGEcíïwÞš{GVÅKûJÍKÌ"!„B!«Ç±™Ö?ç½¾‰±±‰?¨'Š?ÎÅ¥–Îð`ð¶ÇéÌª«);yæò¼”çç8ì¯tù|æâüG&X±ëùæœ'?QB!„BV†a8—œ‘l4ê7äç?zÏˆOVTÇ-.ÍôÏ=¸ÞÝŸ¼‘Üö${|þ€Ù´È@“%Iåx?eª,ÉàxdQá‘qoŒËÊ²éÙÙ§È¡q_böNM–$ðŸšˆ¼Ý‘i`Rª‰)ÿDŒËpd[¦ËPSãÁ‰€¢wÙ-,s_f!„BYV‚Àç8³ô¯ª–e³³2õŸiÍ°Z2—fšÃŸobæöÖ–Úä"§Ãîó"‘X$ëêî[xj¢(Jâô¬Ž×!ðíWg‚Å‡v—šå±ö/:U;”'n?ÿêkåD6;Sºs1b®lynSDú¿>~“Ý?kTz:Ç³ê6æð¾®ÎErre…Ï&ÆFÔ‚/nÊféûúØ-¶8×¨Üì:i®}½%—•ÆÚ¿¼æÏr9t±ö6uã¾m4°‰B!„<y?ÉàT0<ó§¦iª¦±‹m®NïA’Ùlœ;» ¤(ÿ±ƒ$÷ÅÓî™?Êßz&'§qË3g¿:ÑÉnŒöÞÉk<Tn""ªã¥åf[&{>ùòæíòm¥bïÙkÂ–ÃMx@+¼öùµþPÎFí÷5fòð…ß}{Û¿)Û9Õß,kIdªƒ@½ÓÙ9V¼õÅêL’óÊGÝ£e›sÙ‡e–B!„?%Q5ŽLLLÝÿ?Ñ ‹Ù8yµ„‘H,?ÏDƒîMY¾Ç<ssÅözÿ§×:-e/mÏ™Yä)»0×œ¨lYy
L!/ê0òíõ±d~˜˜9–<Öž—Ðñ€ÅµAæÒWâ‡+ß•çÈ4`blÈjïYæÂ±@ý„B!äÉáy?3Û>ïög–ŒEVEÓ”ç›MÆdGÁ©³—k«Ë¸G"‘Xr6BiQÞÅ+]KyiÂ;¢‚?ò?DËgüÄ%9uKS€cÀéXè-e5e© «¦Šãß¼I²9õ{^¯üžžŽ?µâC{29låõ¹©) õŒnIëÍB!„ò(,Ëz^7Ï,d?_d=??á?ÙlŒDã9{òÏH$vO$?ã°G¢ñ%½FdàÌ…@ñö½CÇÎtZŸkLö DGÊóÄÝC·9G«¼57¯£ïv ¬Ù%j|bR´g= æ''[–%;Ï’mŒ¹OG"(ÝPÌŸôl*,·2€"Û&,)ç„B!„<”(Iw<^ÿøË2ÇÍ?o?—ëÈÍÉ^Dšé’æÎN¾ÇÌôƒ’¬j
àÖ¹Ïg·>Èªxi‡ñÆ™[¨ÛÑœ# §eOèÜ™¶¾ƒ»sdïœ<qAV%E¿qûŽ:@WØº+ræÂé_+,¯©°ìl}@x Æü7:¿ð©F+ÆájjÉP»eëå+Ç?èçô¬¤ðEMv›@s!„BÈ“Ã0€p8‹'¬s–ÝÊ|2Dàu‹¬ç3ŸÿrysùX|þÀÃ0™ŒË½eräÖ©¯nî8Pn†ª‚½¯¯Ê*£[ÈToUUÙ{Ÿ®ª2XÅ«?Çpfg¦;âŸÊwÙÓ?B!„,Éë²¬°,£Z³×4Ä‰‰‰)ßø¤(J–Sv¶Íj1ë8ŽeÙE,^”å4Ï=p:ÒZï¹?6^»¿/6À²«e²7!„BYçFƒ>/×‘iÍ˜'ƒá;Ãc™VsžËaZlûSX™5—íÜ[ÌÑÄB!„²°,›‘aÒét²¢¸‡FÑn³RxðXžfB!„?uBQ”`(êŸG¢ÙY™v›eÑ±ÁSB!„²hšGÇü?ññ)EQl6‹#Ûf2¡A–Ý|ž>…„B!„¬IQõÝv?Š’d1›âqqÔ;ž|È•“?ã\Ì,_
!„BY“Àh0äº²†asV*b{Õ¢
!„BY“?ÏÏu¸r²4U“eEƒ–\Ñ”a˜Å?,¢ð€B!„?µŠaŽãbñÄD`*Žiš¦×ó™V‹ÝfÑqB!„ò”™œÞ¾3GY–eY6ŽøÇ§r]Ùù9z?_D‚B!„²&‰¢äñú#‘X~žÓj1s—Hˆ#^ÿÈ¨?¹]Ú"Ò¤ð€B!„?5)‰…B»ÝZ\˜—œl išÁ ïéœ
†“S–7MÚŒB!„?5I”dEQõ?3™a“É ¼¬(Ú¢Ò¤ð€B!„?5É`t:]4–HˆRòUÕB¡H"!
¼î®…NŒBÒ#‰ÇâRr¶tçe‘0:g4ðæÅï]OÈ2Z—Y.É/(g¶%Ý!O–ÙdÌ´fŒù&úîX-f†a¢466Á0ŒÝf]ÜÖBVš¢¨“?ŽÍ´~m‰’‰&|ã¡,›™ã¨?–¤Ízº¬Èr%9ÝY OœNÇåº²EQŸ˜ò?Ojš¦ÏoÈÏ±Û¬‹Ls¹3I!?011ùÓzhqx??©Gã“j¥#i´ž.+²\(P|H’,ËrŽÓîÈ¶EcqUUy^—iÍ°ZÌ´-!dmGâ:»Î*1&ƒ$)áHœF‘´X——!d!¢äõMX2ÌE\ªªiÐX†aÙ%õfSW8!dEÅâ’Ù¤Ow.–ŸÙ¤?Å¥tç‚<¥ÖëeEy$MU)‘EÕ4TU“eE–U]ä¤ô÷\¼Ò5xÛ3ógIq¾Ùd,)Î7S+!ë‘,+ë²¿[àu²¬¤;ä)µ^/+BÈB(Š2æ›P”{ƒœ»#Û¶ˆÓÿm2xÛc6?{ò6€H4vêìå}»7S„@Èú³ŽTYÇo?¬rtîò4Ó4-žCáè=÷gZ3—`úÃƒyE"!B!„òÇå8ì
\÷Üo4.rÌájJ‹ó“½‘h|kKmòÏÇ1Öþ~'v=ßœ³ÔœŒ}óù©ÉŠ—ö•š—š!«”ø'b
Àed9¬nzQd%.AÏs‹Z#™¬(YeV0,rI
²pJÐï‰‹Ëa]‰§Ë?ò¸X†1›?YöE.cz¿UD"±“g.'oû|Ÿ|z6y»¤8kKí
g&§ªewDo\áW%dehÁ[çOžê‰[?@4îW¬[ìoÊ3ÞK?;?#ï´ÞÛú@Vœ"‰
+¬ŒzÛóáÕª×~¼™>«'Hô^=qªmŒuØJ(4îÚ×ZmçŸä«ÒeHy<œŽ³XÌFcj¸?¦i²¬h€ŽãXv‘-«"<˜a6#‘ØRS‘E:ž“'ý¢?•“)@S%Iæxa¦”TIT8?gMü˜]vKêQ!Ã!èR+:ij<8y{v¦??s?¢Ÿ=ž?µÃõ‹‘ò7~ØèR÷ˆþÞv_yk|Ÿ,)Üúip?õ?üé@É_¨zP;…«ùÍ5°Â%Ë!>pþT—uÛ_,1&Ï+My:z&<Ùð€B?^àMF4MVŽe'A¯oBUUg¶=;+sq[¬¢ðÀl6îÛ½yð¶§«»o)éŒ]?}jÒš—Pø~Ü}M)oy¥.ãÎÅÓßØZ¾S—‰Ûg>-~iÛ†ð·'Ï?¨9›ä??™ñÌ?mfŒ]?}
?o=“ƒÈÐWgz<:[±M½tQÙ´oG…0Öþå5–Ë¡‹µ·©÷m« Hd-ñõÄkwÖ9æÔ+GU«#?yzZÜóÍÉãW¸Öï¬ž¹ôbC>ýªs\8Gõ¶ƒ;K,ë%Hx/¬¢/ïõHè34¼9`8KÁæ-éÍ!„ÜGQÔ©`ˆã8§3+KÜöNÃ¼Ž‹Å,Ë$×þy\«è¦¶º,?E¢Kî=±l:¼)›?šÓñÛËž±ººâ2Ç•ŽÑñÚ¬lA÷?¿¨b?>tóì0W»ã`…@°çÜ§?CÅ;
§“Pït÷xsê_mÉåH²Ä«w.wŽo}±:€ä¼òQ÷hÙæ\Ú9‚¬-Ñ„<¸-A?{:Î·õø0UoÙýLþLõ(6Üqöò€gR±ä8+ŸimÈ3Š·óØ9©ùµÍù©Ï¥?»-ûTO€¿:ê-<²­p©MÝ±¡sŸ~u=æ6©GzÎœuìûÑkù‚äíøôÄ‰ž¬×j–mðåò?·ÚÛ;ûî)ÒøÀ¹ÏÜû¥ëç®Çù‚Òº]Ûªl:ÿÕ?ÎßŒÆ!Nýþ£n•Û_m@ç{mØuÐé9éúpÁÁ?Úl8ûûáüÃ»Ê“eélû¦Ï=,™

¶n©ÎN5oÏÞïtÕ57—Ù…§!vZ6¢ø°},¤É¾ö‹WÝî ìÛ·7å'CV-â½ÙÛÕç‹Ãj-­mÝ^eçÀõ£óØþ‚cø|[?¿àÙ·[]@ÄÓÑvéæh$j°U5n¯Ÿ¾Üæ½c}§?_GÃ{K×x_!dYE"±©`$ËnÕq¬?…£.g–-Ó2pÛ˜..<XE•Û÷€Úšr³yÉ#ÿÙ°<EÀæVbøæˆ
Í?Ð+W–æ²1ÿ? qC^ªÒšeÁèD`6‰‰±alØ?›ú™åu<&Æ†?ÀP{çõöÎë×¼2Ž-G(CÈŠqT·8Üç>;Ýí™ŒHÊ|!º/œq[›çõ?|¾B¹zêl<y¨÷øÏÛÂE;_xçí×6Û‡?tnX8WA?Ø5è?^jYt÷¶û¼þéô"ý7í9¹Ë0Æè¬Ûýò¬¹kçÈðÀ?«¹!_`ÁU[Ÿï-ýµ–‘â½ôáñ›æÆÃo½ýã·^hd;ujP%‰x®œi?—ï}ùõ½Òl¹|ìšpÔ¾pxoƒÎM{_8|ä…ÃµN@“ü¾¾Ó§ú„š=ðv£C¤˜?’*ôØ­ã??©Øùêÿøí7Z]Þ“G;ÆãG?{ó[?üàOß~ã¹FÛHß(íÊ°pBamwñÓc}þPüþ‚S¼WŽþ¶/£ùÅ×üÃ××ãâ§’×Êø­®IsíÎÃo¿ýúÛjÐq¼m8ùt%ê‹ôœ9yÓPsà•×›@¸÷Øo/ZýÁ›ïj­?úúƒ©ÔtBÈýDIV…ã8†aBá(Ë²ÙY™ÙY™½ J²ª-fÕãUÔ{`6’L¦å˜?pÆQZeü´¨73K_ÎD?U?ùÚ×nn“*ËéIˆ€0÷[Ay}nê°zFGCPÉÚb¬8ø‡ÆÎ¶«><O€³¸ªk›«­3?ÊBUkk¹µ[žùö=ÿÊó¡u¶ªŸ;Píà†Æ»ü?9w½úí&‡£°Úp¢TÉ/à€¸{À[»¥ÆÛ3äop8 èî-ÙúÜ²\(›ˆÜ}_8èFfót[ª`Îà<‘(`yœtoÜì‡"-ÍõsïôŒŒ…Âá?•eKÌt¬¯³=kó?j“ã¹®†-?¿nï?”$GEò÷6¸8†’­-ƒ]Ý¾P“ÃbàÍ<Ž7ø9aWÝº»öþ6 ÍÛy~ªå¥ƒEVàìåÛ›ÚçmÊvÅÆ}?ŠšJ;Ï0;ªw­•1d«çj>ò†­½ýêÉ+'%…çEµõuÕ®ä'××Þ‘¹ïûµ]M»jsÉ)­2ÃÑøìLIJ*K¿úÒ@Aê.®ºuoMòST<×:†«vü¨ÆÅ€½¨e÷ÌkÏË÷¾Z¾Â¥@Yýôz^§ã¢ÑØäT(Šo6UU5?e˜Åõ¯¢ðÀç”çÜöø|O"}kiEÑ·='BÒ†ÆFÁUœÛóMÿhEc.?Ø@ÿ_Üè¦›=³6ó'ú‡‚…åVÒä”hËÚPÌŸôl*,·2€"ÛF“Éc,h|¶ €†û.œù¸½hÇ;{J’§r®cvdŽÙ˜‰Ñp0†ƒ^©pKîlü,ä…'cpæw=Û
¹øpÿPyãþrûíÏ†Æ›„†ûüU?®[~Ól-@pÇÝëÆÍ~3‚gdìè'_ìÛÛºä)>Ÿßa.÷ÏlKü‰0`€gÖLÙ¦<,¶)pÍÛ?ôKY•?gxæ ¦bpJŠÚ¾:Æ75;?Ùvã*ú²_#ÞQ¾í`ù6hŠúÝ×Û>ý¸«éÀ%àw;3*Ç=3ŸkTÜÒôç*ýÞ°ˆX`4àE0w¶ó¡À9ó)FcJYCî¼Çü—á|«„?5Ìl2ÚmÖ1ßD÷??„(äåèõÂD`J–e£Ñº¸aýbÌ]Þô‰ÐåV–õ¸Ý•yÉ!UBÑ–¦©s?ü®‹…Ê9‹÷×æÌk•]»¥õÒ•ãô«kq´îjÚP»eëå+Ç?èçô¬¤ðEMv›°Š†gò88ƒÕQÞôrûÞ{½î-%©}È¢Nwß¹.«`)(w?n-tºûÆš]ŒÕTiüU¿·Éat÷ÆZv®Üâü‘à0Ðü˜OÚXYEf"„™Ø`é]€ªˆ÷|Ë‹6ï3e.9á²(Þs?½æHN¦À\uè{¹Þ¡¡?ž†ÑüÍoì¯z*æm/;†ÌöüšÝ¯™ÏþÃÉAoƒÃ.‰÷T×M¶1eÏ¾{:\ºµªÒj´ç•©Þ›ó'*Šq<ý€B–ŠçuùyN–eÂáXv–Í•“Åq,Ã0N‡}Ñ;!¤?<¨­)óæ}èq6GËi~ýùÔ­gžköîÆ·^Ÿ=(»~ß[sGðŽúýê5UÅìÊ°³OgÌE[÷m™û¨¹hËž¢-ª*ƒ½¿®DÈê§÷TyáÑ{*Zì.tú'‘?Ýô©Lú‡ù¬æäÌki]YÇ-wy¨gªz‡€¥´¦èW}žbãÕxÅóOtHK†µƒ?’#>ÄHX)Ì_Äwa²ßàrûµP8r£·™b¼%‹DWAþcÅH/@Qä…j±»0ÌYòçÛ‚ÕU^ë*¯mÕWw¬s¸|×ÚImÁî»X¸éÑ^‚5Ó:3åæß÷¹ÆÝ½CŽÖW÷nL^Š<ø ÔíÙÐã`ú"„,‰ªj:çÈ¶Ù2-:Žc&??†Œ“À/rpoúë¸µ5eûw·Ìûÿâf[?6æ¡»FÌó(K±Y“ÄÁÓ?ÿèt·wfª¥ôv|uu´¼ªèá„ÂÚ&åâ¥.²¥Zô\jtl®šÞ¸ÉPTìºyå|—¶©4YÕ1”?;{ËØP¾luMã’—(Jò†˜‹ªËW»<¢ˆžö+žÒŠG¼•ii®ßÜ\¿¬±8*z/µ¹§çL(ÏÕ^ÿ£æ‰ÖL«§o Ùlòðƒ…ÂÚ&±íÂôGˆþÞ®;qâ?^wxzX‹‹Æ9O±Á‚:ýócî@LT@SbS}çÎ÷ÙŸ)qÈ®Ú’7tîâ`,ùéhJh¸óÖ8ƒÅÆ?ú}¢JàzW÷ƒ^€+¨¬â®\èK­Žs÷º>Yôv]¹Üå}ØjJ„?§?(Šž__ÿ?Ûî‘¾?;7z{nƒaUS—fú{!+D(Ù~Hiï8ÿÞùx"yÏ5ìþÃgò5‡†s5¿pà«“ÿô:gFTd‹šÞ4Û^-”TÕž<ëßY8½¬?¡¨Ôu¢?¼«`ùÖ?ö?øÅe7`øƒßœƒcï÷V›¥;÷…NœúÉ?*çjØýBÙâ×|li®¿g‚ò20W|mg?þûã0™UøÒÚÖÝ?|VvÝó[G?~ïÝ6€k:ðã9”s5>üÍ™c¿èL¼.¢r¹…[v–àÒ­/{,È;,M*®¦i#Þ…³7Ù?¶Ž/~~\JÅXkíÖC¯U&­ÌÏ”¿>ÿ«ü
f^Ž¨Ö’ª];ÀÕ|`ëç'~òóv‡œ³¹ºî¼—³ùÈK'Žÿæbg*ª:à|h–¤)wG/,5µ.Zƒ2‹a?Žã…ÙoUQ“Áp$Ê0¬Óa{è³?æ'Ç¿\ÖL²x¼gö2‚|ãSùóOJ]E”°‚ð˜ÍÉš"& –Ôíñ–ÿ)ŠÂriß5ùaoM‘Då1\SDŠ— ¿oëèåøÈžrJ\R´?¦ˆ•»¿ØI¿À?N%ðKÝóû‰\V„?eµÀº‡,+,Ëè¼ù¥¦i²¬(êlG?ªªãSƒž\WVUEñãæ3!ÊÔ{@ÈÓˆ5Ð„á„Õ¹#Ç­öú/·ÐÊâ,†gi4Î0_£òªýÈÖÎðà‹…áæ½8~á'Po!dñ†áù{—ÚçìØØ„(Êªª=týüh=!„B!ë„¦iñ„(É2»Ø?¨÷€B!„?5I–•`(ŸžT¨’$?OLI’lµ˜×ü¾„²vµ}3Ô¸jU4ê•]i£æX"µ¹cÛK4˜BÖ'I’ýã“?©äŸ ©Ã /×‘?½˜yÉBÈRMÆŒ¿í¬>`¿còä);´Œ-]£9ÐØe3ÆÒ?#BY!:g·Y„9³˜8–5õ‹Y¿Ø©MBÈ’Pl°zŒ-¿í¬ýqëåtg„BVÏë=ÏëÌ&#§ã0@<!Š¢Ä²¯[LUŸ:Á!+Š¹wßæµ­m°ˆbƒUe$hi,Jw.VÚ:»¬!'ËÊÈ¨ÌÐ4?e–a†…¢·‡F?ÐâÒ¤ð€²¢t:N”ätçbÙt?æ¤;ä^Oá‡²Î.+BÈÂ…#±‰À”,+s—øÖé¸P(:9\\šBV”ÑÀG¢‰tçbÙŒ…ÌéÎ¹×Sø¡¬³ËŠ²p‰„(ÉŠ è8n¶Vo2x^'J²ªi‹H“ÂBÈŠÊ0dYGãéÎÈò uŠV¡§ðCYg—!dát:ŽeI’çnœ‹%DQâ±#Z2ÍeÌ!„,D–Í<1‘$ÅlÒ<}²è²"÷%™N†u/Ãl4›?? gÄgµ˜9–MˆÒ?a¯,+Ú÷€²VpëÌ¶„#ñ©`L–‹éú\h>(Y=ÖÍeE–F§ãœÙ´vÂ:'BžË1èöó¼ŽaYVdEÉÍÉÎÎÊ\\šBÒ#ÃlÈ0Ò?‹5€e j ã ¨XÔ8Rò´ ËŠ?§Ã ;;“åX¿?‰ÆUUÍ0¶L‹Ói7ô‹K“ÂBY¥ŒVÄ%ÔÃ¤‡/ˆ@ÃãPÕTÌ@!ä)§ã8GVf¦5C–dMÓXŽx~îLåÇNpY³G!dyl¯FEö7@ÏÃa?Åˆ‰0dC>\»?ö>tôCQ?!„?õŽa?×-×T“ô‡>àá˜LF³‰ºJ!O‘?Íå¨+B\Â­ŒM"?Ãã0êÑR?º4•£Ë?ÿçêC „²ÌÒtu÷wu÷=ò0§3kkK-E„?§Äÿüvn¼ß†Ã¸|±¾):P[„†ì®E©ùYø«Ÿ¦;»„BÖ—ô†}[[jKŠóÚˆôÍ IDAT~Ø'Ÿ?óù&Ì?8l¬ýýÎ[3q¬5¿j÷æBsz–QUQ/,r±YBÈSìßü{ë0Å¿ú5¼ÃÌNGòcÈ?k·qî[üåØW‡ÿõ?ðÏÿsšóL!d=Ióà¢÷È€{äáÇD"±¦V±ëùæ@bâZÛ•ÝÖW6-rE§¥ñóq'f2CÈê/ôR"iÁ2øo^Ã¶?á/ÿz‡SSî_ªhxcSøï‚û§h­Æ÷üï¤%Ë«?í„$Y3ŒéÎY{Òø|O$]}VY¡¹{h"²)ÓU?†üS’?•eÓ³ÐTI’¹Ù¦}UeE'ð?%•åÙØ¸7Æ%?T#³·“45œ(z—Ý’|º*‰
'ðˆŒ{C°æd›“éK"Q”DpÔ‡@Vú‘XÍXÏ7¡±Ñþú]Ü¸óˆI’Œ›üõ»ø7?DKµàØ••ËíêGg;!„,ZšÃ§3ë‘“
9wy^ñ¨³`TÇÚ?]»c²æeé—:¤Š–—6eÜ¹xú†«õÅJ„nÿ<°ñ¥m9w.~2ÄåÉ,oŽÝiSËªcž˜-y{÷žf'i¬ýËkþ,—CkoS7îÛVaŽôŸÿêkåD6;Sº=tÍµyïn§÷ÒÙ>€«Æu(jÙSŸ½ÈÂ!„<=LÔ#?ïž†Û·ÐÇý£øÙ)üÙAl*D[&#O<Ÿ„BÖ½4‡u5eN‡ýáÇœ<»Ð6±±¾ëí# D'n?±wä±,ûÌ¡ýÍ,¾ýàœglS]q™ãJÇÐxÅ¦lãƒžpQu±1bfýóÕ6#W>?ë^<Pge0råóóž‰fgÖ?ÎÎ±â­/Vg?œW>ê-Ûlas_y®Øl´œùtp8^Tºã ¾ýýNlÞCƒ‹!´1Û«MàºþàBŸ5ÁM†ÆñòV|Ñ‰É?'›IB!«ÖTLÍ4Îîu0Qýa%×ÊY??½Bú6]~:³«$·²95(H?õùƒ2 G °y…•7Gª³ó&î¸QÙš›*¶l›?Ž6ëômUS?‰±a g¨½sd™Çb°ÈÎs$»?8^Jß8!dmâX˜°šp¶½Ã?÷Üë·Ñ7›+8–vB „?§Ž7¨t¸E?c6™&†ç˜± rÓ+w?ˆŽ®Ø¡+°s9ná¦?<ˆDã]Ý}9»Ó™5³ÎimMù"V2Í)¯»·Á~²çØ—¥ûšê38„ûÇn'€q”V?íªÇÄÍÌÒ—gÿ<l{9–ÓÁVP^Ÿ›*ÜzFÇƒ¦¾B–Ï¡z¾)LEï¹’ï$4 f¾¼ú¤rH!dujëKt?HŠ¢q,3Qkòø`\'´A¿$ÉðL*Þ â°p{ªôÎG‹ßoyy™ÍwM#‹F—©æ-É"gvØ?¼ ˆ3=öÖÒŠ¢ñ??þe…‹B²6ów=1^à?×IÁˆüàƒÍÖ,ŒMLíXDyYÅmN^Å¥›?ýÜ„UC¦:æÜfsµ ¦på^‘BÈ\Y»8?èã¢&)ˆKÚXPiëK|ëoŽJÒtEUQŒ©ÁøcTIÓÙ{`6Ç|?'J‹ó“!AéœÍ’3’#‘Ø’BGéÖ¼+ç?ž2êuöBËì$a]neY?Û]P™·Ð)»vËÖËWŽÐÏéYIá‹šì¶=×\¼)ïFÛÅ_[ÃŽƒæÅçŸò?œ¹ŽÏÚaÒÏ³Œé#)
XÒ†6þÙøÁ~töãŸýû¥ç÷OÐX†ÿï$Š±¹G/¢{h’%„ò¸t,#ÊÐÀÌm?åy~E2M¬Ýô]éJŠòÝžGnœ\RœÿÈ­Ó€œæ×ŸŸçnÆ\´uO‘¦ª`YØ4ó€œ’¬U…ÙÓ«ŽšËw¼5“Ö3ÏÏs›1mÙS´EUe°ºTWì{¾sR(OÝæsê^zµNUU–]-ý3„?Õ,&@4ñØOÌ0ÀjÂTÑ"ñ'‘µù}Ý_?4šBÒ„c‘ef¥ùâ?{ˆ²¦ãXàbûéjkÊjkÊVâ•˜û*é·®?ÛžÙbyü´XvÁeF±!äIcTæ#.¡wø®ý•)'›P–‹þQïÀØ˜ôØW?gJ!Êøò*Ú§[o^Ý†úô?Ìþ¶\éÃxƒc(u¡2£Ô¡2=wðës©cöÖag|Aœû…ù©«?B–“¨hs¥HV<u,£jš<§Ky"¬~ãN”:ù\+Ç/`Bú§&§‡µâÐaÏ§;„²,ƒ=µÈ¶@UáöA]ð²EÛ«ñ—¯ÃeCBÆ‹Íxcþæ}¸}ø›¡4q‚‡7ã?~ŽŸ?Âÿö#ì¨†¢ÏÌnÈð?VÙŠ£áâûŠÂbËà…&Tæã_ýõ&oFrèÔ›;aÒã÷—ŸÎð 8p¥7º¡±ÖE?9„?e#)?’=e&6àXdÙ?y|n&ç?RnŒJ¡¸63Öèú°ä?R$MEBMÞ#¾ŽžÖæm?ÀóOë{'de(’—”¥ÌÎ×1.‰YàéÆ0pf¢±™f|Ð†@ø1žû?V8¬øíWØÿWøåY8¬xc†Çñ‹Óø/ÿÏþø»?Á0Ø\‰ƒMh,…gñÿâ?þÏT'Ãý¢üÅ¿Ãß}QAÍl®@ëF£øëwqøÂ?á‡®·:-úôÓ”»Oû˜·£×=%>ø€õI‰K¢¸ µ¾Qã?¿*ø#‹ñé(gòtòL*úâ×îHƒþÙ/©,3·¯ÆÐT$äZ¹úÂ¾jƒ+“›È¢ÁRC1utJ™w~Â\Okï!ä‘"½Ç~qÙ=û7g*ª:°»)ßïÅw?œ»†¦ÁZÙÒº·Æ‘ê±Œx:ÎŸ¿âNÎ•ååu»vÖº„9inþáUÆ{ÓPõÚ?7»ˆ?žKç/t“Cñ9³£eßžü¡÷?œoáÎÆ#ï´º–ÿÝ¯/mÁ¡ÜF÷„gâÁD9Õ–ßÞ‡›‘ŸV^k…ÍŒ,ô:pŠs`pã®ß€ÃÈ?o+ËÑ®ß†?G(
–…3f¼“8ÑWÑXºLïya.x#¶o>:=§³‚3;êvîl-š³VD°ûÃ_wxsšÞy¥æ®‘¦K;ýb7Oü´Þ8X‘?PßW'Ú½Î|ôŸ®ºwîlÊö?þÅÙÀæ—_«µ.÷›^¢HÏg?rìýÞÁjôûÅåá¢Ío?_eI'K^­þ¼!|üg_XjÞx«É13ŠYvýøÜ˜ëÀ÷Tè%ÿÍKç.z“'¤ÁÞ¸ggk‘÷\þ´»?äù¢†?ûžÉ^z÷ž¢.Úóê¡ª{ù˜[Îó‡Vw9ßuWãËo¹?½·o9øV£´HÏçŸv£hÏË‡2»ÿþhïœÃ9WMÓ¾mU6Ý|Iy§5ã¾??¬;îqùæ˜gkù:•.?3ƒK6q\V®(‹óîjäPT(ê£ãf
!eqÔVdéÄ|?=ÝG?7¼óJMòWeUA%ä¼yþg|}o?Hï±ß^vKœ£¼¼ÈÊ%Æzú:??½öÚf×¼ß73é€"Ày/ýîDû$8³£¶*KŸðöŒ†+rªš› 4Ü{slæÕá0Î—ìºÆ±x|w7þì b"Þûjv’À©*˜é½^]êÆK›ñ'Ï!Æo¿‚I?ïïEò·˜éö'ýÂ~4d<‡"'Ü>ØÍ+Ý{à2"|Qm©C z»;?fzãõ†Tx£xº®zŒ]ïòVµº¦Gã*K;ý”¡+m~än.È€â½üñÉÁ Á^ÛäÔCöŒ†›òr‹ŠÐs¹} |_é
.D»Šûò‰osï­^Jêj/tõöxv¤
Mñ\oƒµ¡®Ô x¯ý°#Žä»–ÃÃ7=?Ç?ö¼|_ý^ñ¶ý°#ž/ª)uÄÀÀÐ@¯7òLj%’™á¾¾…9å<?a•—óÌ™&ù-;›Ý'Ú/?¹?{¤ÕÅ‡zÏŸv+Öú}«Ìðrò›“_¸wg÷åß²ÆmÏš')HÉó|d]ˆ$´¡À]±–aòl:vN@¨9Žc™¹ñÃ`*¦É*<…„?‡²•´´T nß?Ñ?4©IÖ¯r«7oI¶›–Þº{Æ&ö–8<W;Ü\ÛMÿ,5–}ýáÑk½m7«^«™ï‡j6ý”P÷¥öIpsš¾¶ìˆÄf£Á±¥¼JïÍ±9¯þ4txlÌÇ³?xm4{Ç®<ú‰ÎLü?ßMÝFqg¥.jÁdoì@†_ß€=:ÁÎváÏ_„^€î!„bØ˜?>M[NâÂO`c>þÅÛ˜£¥<5¥ùùgð_A4?ßœÃ›»`Òão?â`šËñû+ø?>X|ÉÜ£ÔŠÈ,mØ\m1KüÉÏ°/Ò`7@|ðz—b­¯)ìîìlv•',C½K:ýDw_—Ç†\#à½ÝjÍ´4‹" ·À?>O?;Rz_‹øjãmûâ‚ãHë]³&¸üMu®®Î®ƒ[’…¸1¨ÀÚPíâ‚Ýmqð%‡¾»£H[j»?ý²ÃÝÖé)ßq×„ÁÞ¶Ž8xÇÞ7V'«ø-ˆEâF&U~ø>·œ§ù¯~tÛ_mHíŽÊ¯îrž=3§¹¶¼¸ÙÿÞåÎSíE{„sgý°U=Û’?;‰4·fK‹´ý¯?_ìòúSáÁ}IERÿÎ÷ñ‘uÂ$°À]³ÍTcAÙe?­ö+*üa•½»IÐ1™FÖ$<¢_‰ÂBÈÂhb"@Ðß÷[#†ÂAÀªç€€×­Žê’™H€Ï¯¨°^ëö?Æj¬ó4ôÇÃÃSêØLWç
¨«ŸÓ-Î˜?«±ýoå°,
²P?‹{ëà²¡Ô_ÿé‚bÅ9(žÞTÞ7…¿=
A‡­Uh.‡ªâ›~üä¼“Ø\?-•øÍ?Çè$’ÃîÛzð~¾»ÿôz‡Q½€­Ð¢üßãŸB‰.Ún`o’ÝßÉ½F&=t<Lú…öK,Z04@Ï§~;ýÝí°îªi*²wžï¾ÙR^› ¾ÄÓÏ?æPà°0Y¬@°ç›¯mRyA®Ý"ð‚F[¿Û7¡T™º…iZ8E’¿óÓ“¶7VÏ­Kd–×•uzûÛ»Ê›@pàz?PVSi…8àõ\MyÑÌ§™QQ]ÞáîGþœ*lllÈ º®zNó¿qÎÆ~AŸÇ3=&Â”?o»û#˜[ÎÓ”¨/2w+ÒÕ]Î±ÉQ?'õ¦8K®ËÂUûvþüTßÑOÞ±÷Åô¸*±H°pÜƒ’JÞœþøZÿèàŠ¼#²rX::s×&R5mÐ/»2uYf–cÀ0¸3!_»#Æ¥ÔUÁ0(sê2ìû£/
!5Úùû?º ÷GÀ•—:?¾Û9s˜­dçFàM„dÙç6eÌ6 ø ±Ž¾¾Ç¦GÆnþá²Àn[Ä²Ãë—¦á•mxþd ðÇñœºŽ‹½?~îøÿá³yîÿ¢9™¨-B—{vÂñý(u!×Ž¶žÙ#ÿñsüâšËÑ;|×Ôäý›Ù—Hº|¯üËÔm—?;…Ó×à_~ƒ„ŒcWfã™wO§n,0ÂYÿé_Ì¼¸ÜÆæ”¡ž«Êš+­„šÒó_·};T½½?ƒ²´Ó/œ`·™ÀR¹s×èm}}§‡û’s¶Øß?ÃÃl-Üþ`°=*EI–5UEi|bòAÇäºz½þA?.ž¡d×.ç±ºOzÙþüÜŠ¸¡tc×?xåæPƒ£0ÐwÝ~kC¹Ä$@?mîˆÞdpß,a
l™zñ?§f6Õh<òNë]áÁ]å¬„½Þ)$ƒ
>Ó•cæVu9G:OžšþþtìýÞÁdó¿±|ËÖ«ÇÚ&`ªm¬¾gÜTïù÷F8J(?`¦ÐøçM*ysúã[¦“UÄÈ3•.^Âqu,˜êCPUŒ…Ô¯ûâù6]n&w{\îòˆÒœy¥]]??›É-d¨'…„?…±¹š[jê*]3=—®Êª‚%0Ð7 æxqG‘§·!_ ×Ìo[<2‰ïÅ’ßøÆ³U©ªË
Põ€ÀdxÐ¨â§?ÍYÁ?qzãD'âFKMvl
c×î½sÀ‹ï½wF8÷íã%þönTå#!CÓ`àqÛ‡ÏÚ—–ÝÅHËŽ_òf×9Xkc ÔÛÙ%Á*û;¯E±@éê¾ÙPXm–ãôãRg»Î^»ÿÍÚÝ‘ÉñÑá[½—ºýmÇ.9¾?=ÆÆ{ä&xš¦MMeYq:²Ìfc$»ÿ˜L«å‰Ä]vÓ¡=¾_?é=ýµcn{#WP·=gð\Wï@=F¯JÈiªpÇÜ?)`¦…@ŠFpÜÝßÉ#‡'çy—Úƒon?îïâæ©r=?GÏøS÷%ƒŠ™ÙÏ«·œí»¾ó\åô[Ÿyƒ¡ÞKmýæü…ÂùÇq¹%»ªêª‹¬Ó£ˆîK*šº?üø–/Ïd)sêJ:oPôËí·S£%$mxR™R0²ªÍÝGÇaCW°€~ƒÔñO$×„?u#·ñðUóÎþM.~ýA÷‰/»GjmŒ#¿”ÃÕ@Ïí`ujî?ä¹u+¸
sçŸBÌñf?gŽ—[à@ŸÿúµÞÚÜéZrð÷ykB ŒßžÇ‡0?(ƒ°òDšýÅ¿Ã‹ÍØT–ÁH]xà¢¨ORjXvcÖ©Ÿžè>zÉñ£?…œæ¿u5 èîkŸ]9ËßÑë¯nr,çé?Äôf£Îls•Û\úÄû'úÃÁ8RáÁìà?E1YU?Åâ–óýÕVÇ™3L?Ÿ³Ç`©Údòè‡Wýwßm­¬u?ó¶:?¸ÊúÒdw‹?“_?»gÐÝ’Ÿ_¾ÕÓð…ÙÀœÅµ¦?¼ÞS›?ÓL‹ÄgÆéô¼°°27Vüó*Þÿp÷¯c¶JË™ã÷¾AÅ{ùØY?l5o4_úàrç§—òÿpÇì0­ª?ol?w6Æ<IÍ°Tí_Öl“U„aà²rƒ[cr06Û‡ "9-ù.²ûëXQx@Yšìš-å½Çû®·–?[jpÕ6u_v·{o¬¤ÈÊ%Æúº†Øª¶—càêeï˜ÛpöÌÙParðÊ•àtÛ™£º¥ÄRÞØ|õD»ûò¯~9X=½tŒR{ð{MŽ´½ÇU`<4{{Õ‡Hv8¼ß†÷ÛÒ?€PR×bó\ì¾tµº°v²ób®?/Ï™+ìúÝÇç®öºëEK:ý¦þÉ0`†¿û÷ï]…«¤¨ ƒCÜ×ÕØœ0™`7?|Â¬¦i¡pj’i8ÍqfgZ-SÁÐÜc23-¼îIÿŽó®-ÏíýøÜØ]÷
%u?oçd–š†’éÊ©¹¼¹éº»cðØ/§jkœz9ìîñøÁílÌ¿§’ž:Òú½ßTL¯\¤T½ñVSòñÑžË—î¤Ž5Ý»©Ü]åü@ñÕ\ÎSW/‡¦ÛE•›KMžK§zpì}±É‘?};~jðø—Ž·Ÿ¯zÔH·û’º«¨i^òzÆ0ÐfÕ~AÇLDTUÃc
!Kd(m®sõuÞ¼ØY]¸-ß\uè­ŒŽ³ç¯ôõù‘\¢{ó¾mU6?÷ÂÅÞNp¦¢ÚCÍsÚÀBþ®Ž™†É°£¾Ä"¸¶¼vÈòõùÝ©‡ô9ùÍ¹4Òˆ,ãhh-¹òéàÅKªè\u¥sÓ[+k]çN¶ß¨+ª]ÊéÇ9?tû¡8\kQsãxgÏÍ>/pö’ÚC{ÄàTp< ?mZ$?iÆN$Ä`0lÎ0E"QYIÍFÔë“iE–õe¬µÏnv¿w÷.%œ«¶ÁÚy>èj(ŸÝœ«åÈÛ–K§.vuR3.îiÊ»¿q{öHww¯;¹}JƒËÞ›½3cÜ¬º’Z×Üðì®rž¾3³úÐ>Ì™Ë°ºËYrwõÎ”g¥½"qëlgˆ+Ú³3Ù—b¬ØxüÃ£×.Ÿèr¾æ|œ¤²Ks~<YWB1íþ=Îsß?š?gdEtŠ˜OŽ¹Œ¹$dMðxÎìN‰[U|ãSù®ù¶¡Zý4EL¨œžŸs¬Èà³EB‰K
Ï«oÙ‘ÿËqê»_?þÅÁ“KOd1§_¼ïøÏ¾(ßñ£ý%Óí¹Þÿp"0»±—â>ÿ«cÝÖ]o½ü?%éUUó?'³{-ë8.ÇåHÄ3sgŸÔŒäå"K"xa!—¼,‰*+<VAÏSÎ÷xjÊ™¬¬{È²Â²Œ~AÆBêÙÞ¸/¤¨*x¦Ì©³›Y‹?ýfHœŒ¨’¢)*¶–é7?èZ¹OB”×Ü6÷„?5‚á?w>âãÆ8ÃªŽÈú¶˜ÓÏPÒØÀ£¯Ï=;Î>³úÐ¾æüéFnÅã¾®¦±ú¡ÛUƒá¹uV²¢LM?Fƒ^/0›?‚°ÐûôÐ-,6Hù¸=O9ßíé)gòtË±°{ªô­åú|;—a`6åóu„ÆB¡Ä¡ÛSe¨ÉçËston1/<6H¢ÁE„BÈrá\ÍÏ½Vfœóƒ­`Î†`\áÖ×Ôé]©K²‰Dï¿?‰Y2ÌfS"!Z2ÌÌBF¯[÷—ó=?S9“§…ÓÂ9-Ü»n2ªº¬¬ÅÀ`82X“ <r´yQx@!„,?ÝõÐiÌB¦ë!íx©E6eÞG“A§#ËéÈ¢á.TÎ„Ì•?Á:2î´¸Ø€ÂB!daÆ‘?åÈ~Ø1+4#y]£r&ëÌòvrÑÜBY<ŽQÓ?r/úP!d)(< „?ÅË±DÒ?r/úP!d)(< „?Å«Í[ÀQdEÑ‡B!KAá!„,Þöwž5´€É
É³†¶—¸p !„¬JLrò|:³@á!„,É4vQ„°JäYCÐØ•î\BÈâ1€¦¥9> •‹!dIlÆØ?[/·u?æŒ…ÌŠFÍ.+?cÔK¤6wŒú!kÃ2ª¢)ŠÊ²iÛ”ÂBYÛKÜT7%„²D,ÃhŒ&+
Ë1›žö&jå"„B!d•`X–IR%=Ë4Sï!O‹`8–î,BYQÖÚÜmía†cYEUEIæT–cY†eXfy·>{
yZÐ?!„²&0,Ã1¬¢ª²¢*ŠÊ0`E"EQ(< „B!duaFÇ±šUU5Éÿ`©K1Cá!„B!«Ã0à¸•^Âˆ¦&B!„BR(< „B!„¤Px@!„BI¡ð€B!„’Bá!„B!$…ÂB!„BH
…„B!„?
!„B!)B!„BR(< „B!„¤Px@!„BI¡ð€B!„’Bá!„B!$…ÂB!„BH
…„B!„?
!„B!)B!„BRtéÎ!dí¹Ò~Í3âÍÏsµ4×Ï„&'Dù®{?^XØŽO¨:½^@ã2gÐs>=J".³©ÛËI‰C£A`3²,Ó²§¿2æ)!„òpôkAy P8âñ&oçç¹,f§Î\¸ÑÛ¿¹¹þÆÍþ‹yceÙ<ÏŒõ:>Æ:ÍÓw(ê@?Ý~0ïùòŒG¼è¨ço~ßÿæÆÝ¹ßpÿÛ>ó{$oþçŒzþæ7ø“V¼¸Ó6ø;ÉÛËExŽ½ê™R; ðÅíúƒ/ÔÙ—7HPâeÁ±ÓÍœî.ÒUM%ð<Ç<àaMnžr’%…›çYË›™¡ˆqð†{‹H“v«rBÑÝÀ/2µõK•âgà8¶CV`õº{ÏPUVw_ñª‰8«7<‘Œ’uíi¼ö!á;úÉùy9É?-–s26ØXUÖÒ\ïñŽŒŒÍ@áö‚77™¦ÿÒâwÜï~0zýO+êLxBRnþ_þU§¼ÌnØ^ò—[Øåüôýô—Qû¾Ü¿¬ÏœN6>úíÈ¥;±e¢cGÿ1RóÈby,s',¶HŸïÅw?¹Í–ét4¼°·Ô@tŸþôºß$pQÑòÌsjìwõiq÷¥/N÷)&“Uö¾¸­Èˆ]øüÂME0)"
[o-42XöÔž.ZÜ7zòx0ãÀ|Á¤2ÕqÂÛæc,œ²f¼õB¾ƒÃt ö™>¢Ù¶ºÕgêîIó¶ûƒ/²™‘"(}®p±a©­£gcŸö"sú2ÈÞÎï©ÔZl ñÙï5Å9„¢ÃüöÒ»ß¹,}û{¹Ý3?ˆ?}é°Þž|<.~ý¾rS†Y‚ZÊ~V0€è?>ùJ3[ŒßùáÊ¿E²Ö­»«Ž²LN?iÛ··uní?ìÛÛz¥ýÚ»¿ú(Š¼³wûB“c2*á?GÔƒyÃ"*²œÞð !H‹½~!:Ù?õÃ»ª&†ÜM¥G–ñEVÎ¢Šô©Þýj«ëî»4ÿÕCùGÞ|6Ð"=Ç?»šózSöìãâà…Zó;ßËçeäë÷.æî/¸p[^ûAHž¯?¶:Ÿ-‰z¿… IDAT5,sjOe´£ÿó@Fuâó<ª?vŒÝÚ?ÿ3mòÛ¾÷;&ÿd³˜¼ôûhé›•G¬¾~täR®u»sNd•ð?<‡Ý\µ?”ñ“¿ôÜÊ-«Ð/6µu¢æã¶{º:ãbÛ—ØúçÆ| ‹mÿYîÿC]Ùì¨ù.Éƒ¥ü÷_ÑZðZüØ%éíí< ô©¨{„ïoàÅó¥ØvSy¶’Ã¨|ü&óÊa°®ü{#ë…„?ù…BKÆì¨ždlpä¥çòórFFÆ’·“Ã?HQã`2’•ø¨÷óßÅJ_)©H…
Ñ[_<_nºï¡¹âw.{NvJ>p5ÍöýÎÙÂ}ƒÜ6~çYW—~éÇ¾Â¼;É#ÙÊÆ¬ç7gOÿÊªá;Ã'ÏÅš­Ø¸_ÆÈïüØW¹åž†Òhðæ ³ý»ŽCF/?ž½!ùâla¡qû®‚&fö}½`?_õ]¼¡DÌ\u“sÿ¦TŒ!FÛÚB×n«°s¥m»›áŽ›ŸßÐ|Ð|¿»Ù`£ãM˜›ÿ’—6î¶>¸¬æäd ÂÖ”·ì²ÉFÚFTÇy“r·<Ÿº+…¨¿íT ûŽ·r¥íû›R…“,Ã#Mê¥Sáž;ªyƒ~ë¾eI5¯‰¡žìª7’çc®¬ÍýÉ ·){&†?†}•û’g—WS{ñ‚;VRÁ?Œ•6ìOæ?Ï¯ÞØöµ;VZe\ÞÔžü»_E¸Ü¦ò€½s.80Ï£S]\ÓwSkÛ˜Yøïƒ£›m¹¾Ð5§õ‡Öd>£º?ÿÛ¾ÉíNûÌÓâwÂC³¥
<»©aâäíhE•¸¸ÔÖ¯Ä?6²‰{6ù]¡jšc_Èe53ßAò?«Lõ%ÿd¬5\Áÿ¥x·ó®¸<8ÄÖNoþÿÏÞ?¾7qåû¢ÿ•JRi¶dK%Ï66Æƒ˜˜Ñ?2?Mw’Ý½§Þwßgïûœý¢ÿ€óâ¾¼/ÎóÜ»Ÿ³ï³ûžîsºwº;?t'??„„!@0`À`3Ïx–%[²f•j¸/$Ï³±±1ßÏãV«V­*•ÖoÕªU;7/
¡"6Ø%Ù*Õˆ`¥ÀâîÜmžˆ¦Æ¯%Æ"ÑhüßˆÏûøÚØPuÊ‰:½äuS[(#AÉ?{ÖÄ"íçž~éÓž:?•Î‰?§Ãg¾?©3£BWPŠ¯qIm—û;mïþ„#ŸûüÝçMú“Å"ŠttÿâœT}2ã³©(:VÁÝå’ŠfoÊm&e¹i¾6ËÀƒ3ý·ô¦ïf™Ù˜»ÙùÉGOOý,7—?gž¿ra¤¼6ýÃ½ªÈÐàg_:l¦CÑáóû'³þé„–¢Á¾fw›'¥²"û´Ý}æãpa?£ÔD¤Ty".©íBŸ»Â|ü£?“)º@YÅsb<v2ë4'†Ü?âáW²íCCÿ×—tàÝt;)Õ›LÁ7øùošƒ¶Õi•Ñ`ó÷®ÿÏ'ýóA›2^†½¾³‚v]ö~.Öwcðw_YÿÖ±Ú,„}=?[?!Ò¥—–eé‰(ìqM™ãG’X­V?2¦´ñªù¨»'É²wb}­Îäqû‰ÈÝi1MÞ½Òê-ƒn­jj/Wx°àp†¡ÈPH™7qŠUt>oˆ>`2L4r+u¬ÁM´,x]1[òÄñ ?ŽírE)]Yj›…Žu7Š#Ò¦+Kò”
"ï?lµN^r´¦gHš\! (s²d½Aö(- wØ˜ÉóYCI]²Ÿß óVó†*¼d0°),îöÝæåÆD½·†?ý¼'þwæÂX½?-´ëWÞ$ámxÂ>–?kâ4œÎZœ³‹<ß²Ú2Ûáb“?ã¶¬šj¦q8OâqC¬¨Î¾ßnÐpœÆ”z¸V7õ??¯CŽÐç>×Ç9˜‘®ã4œÁ^•uÂ=×èŸ/;ªÕéÇ™s2l‘û\A""O¸Á¢+·ë”Ä(9CnUn¥…!–ÓèD¤ÒsŽ›xQµÕv¼ÜjÕq³Ùœ3'™öx™äd-ORr\<ç.žæÔ„îF_×VóÑ­fÇiLÉÕÇ’r›<®ñù!UM?Ýnâ4œ¡poRµ/êö-°ýyð •·o+Ìä~õÉ}7‘DYÆ)õ??Þ<ýÈŠ±dãä?Réô¢(É$š“&'«µº­~j0Aìª)«6&Ë²Ã4å«¢WZhZ?YM“·5z6 H+Nm³xÐ ŠÊÒ"ßû´>FD2‘Ù8y}ä´œ¾Šè`¦Ü¬et’ˆH  ?™R¼Œ>@2‘$?iÓÅTð!<€E<ië$"£Q?56¸|å†?\p=GMÖOß/ÿ+þù»º¡3½W‡„Wš—àáÛlÚ¼É»åLzú¼êí¶Éå:yø‰Q·Ka·MéOnÑÌ3Òc ˜74÷¼€'Øª·O¶Ìiì¹ìÐ`$?øÈfØ&:äp=?ÙL‡ÅÀ™s}-}^oT\xgs3’^`2'ºôe´†<ƒTžk™R1ååÊCžñ]µsÖ‰Ô8Ö@¢gžBX!KQÝ?_¯*´š´I™•ªÌ÷º?D¤ ~`r¡HÐ;=(bU£þðÄ§X(È²C¬wlr2Å‹}uSƒŒ²/6¥`yÿ(£$"%Óë‹NN
šVàJ%¹}“§Q$(”Š§¶)$•²?þ‘¦ ]©³ªwœP$_?D‘×?yuŒ†iFÏM¶WžrÅ•CR‘’ô.yJñÊA1D
%ù°R`ƒƒÃDô»?¿tNÜ7xÒÚé÷/ÌdJ¯.—ºý+Ë… HÄM¿b­]çH‹¦”ÄA×Ü‘L$*«˜µñÅÚ8YËþ¿vÝÂú;FÏ|Ôþß>îé[$FX\$*Ç,§¤H””ìÌxBXaÈ¶|jKÚd©Æ`Ši-6½/Ì?Oæ}c”–<å¶N²5{Ì?Yó§YÍDfk¾'8y
ú=Îl«eµSƒ:MºNLTÝ£¼—Ôf,jƒ/6Ñù-â‹Q†fj»µÙ¦rù&Žy=B©M·âÔ6­Umšü0¦ÉDætÆí?¼ŠøÜrÁÔÈß H5Pp²d$)Ì"3SàšrŸÁKƒ¥Œ™”æòûŸù
//„°ˆâ¢üª?å¾ÿö‡?~{}Šæ'
"f?×MDDaOß"+kLªô¾¨{Êž×µÌî¬Æš!µôMé.ã
=žsI.¹´‚êœÞ™3b‚Hf‹’ú"îÉ‰‚Û%lK©ÄèÒs2ªæÿôgùo¥†/=ò±¬?ˆ–QAŸ,+«MMÝSs2ŽUÌóÀ€Ö–A}®)% ]}”ž¼Šƒª.Dt¶·ºÇkŠ|wW¾ÅBDÉŽ’‘-""’}m­£%v+‘èpD"UV®í~K7/Ç×êhKÍÍR©ÓóR[[zbDDrl ½+-7]½ê©?rù¢¤¼2±áÑIÞVß`™1?ˆlÆr—¯Ùï&xüH,ÏI""Áçé

D»Áq×Û•‰ˆ¢îÇO”Evn¹©m*’óqt$?äh—Ô^É$q&ã–ØŸáÛ1¹–Hôtñž)írSsL""’|?%W…ÂFDe®CzÒ¿0Š}?¤Œ"%GdËS¸Ïºî'¼Èðh2,"3#uÎ¨Àh\Î°E¼·oàb“¢üý$""?Önò=îl+7E‡n{ˆ³V2$«‚Ý>y›‰!›¹:càÊµáôƒ©"ò^­‰–ÕÄX^«iüÔy–„šb?àò64Dæ¹*sk­‡?vÿê?=oÕYs-:%ÅOóeÏcGê?TZß¾Ú<v¼<ICr¤¯ÿb{ø'æE6î~@¦m‰®MÑH?4éJ""Nm6‰ÍcÛ*“æ¾1Y)íI‡•Ã—n{Þ­²hˆ(4üÀeÚ–£!ç Ïã§Q{7=M.·B{åsw£]Siãˆ¢}õÞ«6Ã¿>¯×¥±&mðê—Ÿ:YµNŒøõÅÇ¨‰ˆ±V¾¾íûóŸ~¢PSˆÒö¾v0…ˆ"ý?—»òÞ>^¬Wç½ò¦ÿ»?||_§áCšâãGsÕDDš¼ýuþóþÏ;j]„çÊ??Cºº©½\†ÛÎ?¡˜?‚OÛºY*9TT?Îw7Œ<.Ð?ÞªK¯Ê¨¾8øï¿6’LæSGâç¼¹æ$þ›ö_CArÊ8jcˆ(Ò7ò›ýÏOê\êÑwû>ÿ¨­^ÏøƒLõ[9…1ËJms1jä~qªH£1#sì-µ–ˆ4ÜþGÏÿ2rÇHa?m{O?¯!"±õ7"ýŒöØ[?ªâ\ìw¿ôD’CqüXüâÇæSú>ã?ª'­Ÿ´»•G‹X"¢tõñêèùÿVà½°Ì×ç.®wž·§Ç–òb4I¹FÆ2ÓÖ§?Ãå+7üþ@qño=öû'ßxuÞ•CÎô~Ö=m’5ƒ;p0c›-ñÀ€àêûüóàã(‘RQs,9ã‘ûq?ãôV…??|MX¨ýbÿ—¥€Íð¯ïg™C#õßºÏ÷‘UGb²þôNñ_&^þxÔ>þ~å‘«ÿæ¦)ož2+þÖ'gCƒ¿ÛGf»±¦ZõøÓžFk©w_lÜñ¦}NQ¹Ór¸Êj "ßðùsžzceå«Üÿ†½:þ Ä´Ìõ]{ò+²þ×Úò¹®~ïiè#›…ñ{$ËVËñƒ©æ™E¡ý§Ö·ýÛÌ,Í[VD4^&DdÐ)k^Ëª±kˆdoÇÓ3ç¢]QnÒÏëä³“¹’½OÏ^ˆ²Œ*$³¹úSÇ²Ò9fVAÍ*ÉÕ#‹"±s<u-ˆ¤œìO!öÜlÒï™|e?,Š;«g‘(ŠŠÅS›#ËJíå%<}Ú Ë©™G8&?jŽ¸ZŒÑÔ·öŠÃ—Õ‡«&ÂfY¥ÙÛ–šÚ¦4ç>Ê¢ ³Ê‰®²§!ê)×LyÂ<%#ˆâÅ+ÅÅ\Åëâª{ <€—Ñô]ÇðÀ¶¶v:gÏÊÌH+.Î_ÖKæ&Q?8õ"¿^b4BêÉxD>Bª…‡ôY*Ñuþß½ÖŸU.TÄ²å¥jbX¡)«óRÎ1}ÁMF¢¢rŽ]^´(\`îœˆ‘¨¤áæ¬cÉB”'ŽÛÐõ>dzÎ¸Îäˆ/¬4é–}ªDƒ¥Þ€Ã÷Œ¤P@Ò6ô–ìª{à”€¹ú];ËwQùnC¡ä–Ð¿›å¦uó`Õ+îõéxz5d¬.N2s,‰ÁökÞúý¿.~1ÊùªÑ+É«áæ¬1-Z.0wNæÛVb§ÎèúS?{üÏŽÑ˜Vôh
§ßt?¯…Î€‡DáùCx/?Ýìh9ó‘«+DDd/ÐýÃ‰ŒÅx™ <€——TR›TR»ÞÙØ°pÏ
@ÂH@x á$ <€„?€ð@ÂH@x á$ <€„?€ð@ÂH@xÊõÎ<'¾@x½³Ï•É ]ï,À‹áÀË?°(t.€„?€ð@ÂH@x á$ <€„?€ð@ÂH@x á$ <€„?€ð”ë?xñÜ¹Û<0èÌÌHÛµ³|‘E%!å"?Éd5©_ÌkŽ‰
¤TkXf½s°Æ^ÌŸjx.ü?àÀ 3þfFšÑ '¢ËWn<ií¬ÚYþ¤­Ó`Ôo)ÊŸoõ?ëê7£—ÉnS¨ˆb¾‘>b?ž°×Ø5«šKYˆòÂ*×ÝÅHTTrãÁLhøÌ/}Tç8½U·z›x™1‘UÍ{¼d‘?‘ZÍÎ1]d_Ðs3ù©f}Ýd!#n?Ã#QQÉ©V)µÍKŠEdVÃÎÛ·C£¤à”3¿=’ ŠJvVñJÑˆ‚[Ý.¼^Æï,ÅÀàð™¯¿ËÌH?4Fƒ>l)Îßµ³|`Ð988<_x>ûkÏàVËÏÿ*Õ?˜$úúÏvø»fU¯<á–s½?Vµî>óË`éÏ
·Å“Ô¥žü§dRªW-ý—W¸÷Æùm¢Z'òäØ{b·C;­šó>þáÌ½Q?Ž…;_?PfQÉ‘ž†ï¾ïu:1$e|}O¶vÝö`““#®¡Kç|†º-ûÓgÍÇ/8ë]Œ‘•ý&Ã?^Ë´²DD‚gàìg—žQeóî´ãåIÊi>íùü»¨ gbAÊ{Õq8Gó©mCWÃi¥¤ñº|J?ê@‘’HwE¿ýF?$ø)û„ª&oúž±Gßw]¤WQÐ¬xãg‰Ï?ð7?ÛÒÇHÊcOQk‰ˆDOcìëë²Þ¨}÷ožÿ.Â‹nÓ}ë`•\¾RèàÞ©µÿxlpèàÞ;w›÷‡/üþà‡kæ^Yèkð6Øÿzp"6 "Ö`Ï>mY_u¬†›Õ–ËéºÑ@Õïü4CE¸y¦¾Ûv$oJÓæÈƒs=iï¼ÈÈŸýËƒ´÷*­ñÝ7nÈ;?ü “%oþéFwúá\k«Ojì<ï1”dPdŽ¹òPãp»=ó_Žˆdï£ŽÏ½ÿPe&ò6|Ê;]tÒÄœlH7ÕØ¦D}Q×¥k´ÿïŠí,‘8réã?öôüBn¥©m¥¯i÷Ì¸Føú‹´û×f*‰¾þ×Bç_+ó'¿²«AèÎSýä-%‘ìkŽœmˆý¸FE$v^¥êŸØY"qà"_ß&)biH8×Æ¼õhLÏß`3@xsóûƒFÃdå>œ|ãÕÌŒÔÁÁáøÿñîFs­ÜÕ,WÖ¥˜çM=ê~4x©‰ïõ16»ºº&³$ÞLLž†?ÝtÈ‘Ñ7pé~ÌEŠ¢íÉG«R¿‘¡‘†kžæn1¨WäækªÓ¬žþÿ¼ö{(2ÜÿŸMD¤=ú¾?ÛÎ“õ´-pþZ¸ÍžòóZEÃÇn:TT=Þ:ÔØvž¬?­´LË‰‡l9\uuº¹¯çüÙE²ëË¶F"Úbýi%MO!Ô}{èê“˜+¢p8´5µYvCDržÿ2œ÷š%ÒäºõDêÙ’JÛá­›¯ísÅø¡®á¼ŠÃñ#­Ê,ÙR³'œW<q'ÀÝ×n-~Ç¯ŠË2þØåª´¦Æú»]E‡â›QZvëFO8·7V›^YðSRô]óuÍ1w¬ë![ù~ü’À˜·$9~áª2§»üÍ6Óß˜G­¤Bõÿtxkl–‰Õ"}?Þ-ÉÇ‡/¥²bôÒÓPa1¿²Ô6¯h¯<¸•=¿\(Õ¥;Ã7»„üÒ‰Ë‡Ð×Ä”ümü#c*e³þoÑY£J‹Ý½Šò‰âÍÜ©¸yQ±Á.ÉV©Fl+…ß-XÜ?»Í±ÁÔ8a¾åC‘!?±[æëòë»ÖóÉwêDÎIN<þòã§á÷*-‘qIm—û;mïþ„#ŸûüÝçMú“Å"oýçî¡ÊŒëŒ
=~<$ìÏI;ýnèñ7Cí…©'‹5D
Q_Pêzê>“¡¯~Í~TÇy#.iêæ… ÔEÒÔœ¼õšý¤Ž?xF:|…ÕÙ§íî3‡ë¥&"¥ŠÈ3%…Àƒ3ý·ô¦ïf™Ù˜»ÙùÉGOOý,7—%"Éëâ¯\)¯Mÿp¯*24øÙ—ÎÛ¦lû\¯»Óbš¼ß¤Õ[Ý>¢ñz~Äë”Œ½§Y?AáöE(uÌÝ“dÙ;¹šÎäqû'WƒÕ4ÿp†¡ÈPH™Ç?dU?Ï"ƒ‡˜_u¥Ž5¸¢¢‰–¯+fKž¼×£Ñ±]®(…¢+Km³?Â±îFq$BÚteIžRAä’­ÖÉK…ÖÀôM¹n¤áeN–£7È¾¥ä3ùíÐPR—ì'Á7HÆ<Üò„ÃÀ¦°¸Ûw›—$(ŒóÜY Ÿëj#søXv®‰Óp:kqÎ‰jéLƒk¢?ƒ¶Ìv¸Ødà8ƒ-«¦ši…Â}£\å“†eˆÕ¥oÍÝŸ£"Ri8•JIÄª4§™xð‘Õ>’™kÑ-Ò)h<'…?†ãÌé™G÷Ú”,§Ñ+ˆH¥ç47ãA¡Ï}®?;r0#]Çi8ƒ½*ë„=z®Ñ;>_vT;ªÓŽ3çdØ"÷¹‚‹ïËB&Ñœ4Y«Wku±©³EA¶L=iôÚ$’D"cÉÆÉÕT:½(ÊÏ)Ë0Iìª)Õtµ1YˆH?&nr²^i¡iGGÈjš|.H£g‚´âÔ6‹¢˜¡,-Rð?±OëcD$™?“M¶œ–f\:D3åÛÁè,$‘@A3¥x}€d"I Ó¦‹©à9Bx‹xÒÖIDF£~jlpùÊ`þš/£$Ñã›{žàáÛlÚ¼ÉûÞLº?£ŽÈDÛn›œgÐ)ÈÃˆH—Tž=óåÓOGÝ¡Øìd§±k¬KØ3ÁÃ·™¸ŒåÜ?xb?­zûdÐ¡±ç²Cƒ‘@â#›a›hþæ4:z<]Fê›C¬w,<ñ‘‡¦´Â*?Ê9?‘‚%"V5êŸ\-
²av0Ê¾X`ò#ïe”D¤dz}SNò à¡iGG©$·/4ñ1JÅŠSÛ’JÙÿHS?®ÔYÕ;N(’¯‹N"†Èë&–‰†iFû
Û+OùvÈ!)ˆHIz—<¥xå ?"…’|X)„°ˆÁÁa"úÝÇ_:'î<iíôûçtštu»æŽA"nÖµG?…9—ž’hÉÉÜŸÖhb½c—>ïü?ÑÙâ{ÖfÅxN–5ê_$*«˜Õ-sS6p®:³5ßœ<iüg¶uJ¯r?9MáND~1ÿ(¥[4DÉÖì1ÿdhÌ;œf?ÿ©X#:MºNLTÝ£¼—Ôf,jƒ/6që/â‹Q†fj»µÙ¦rùø‰?^?PjÓ­8µMAkU›&®!Æ ™ÈœÎ¸½“Ÿ[.HŸrïÓ H5Pp²d$)Ì"3SàšrŸÁKƒ¥Œ™”æòûÅç³;°!<€EåWí,ÿðý·?üñÛ‹÷)Š3—îd»®?vÏü}’QÐ˜Té}Q÷”Y^WŒr¹%Ôø8szZemÞé¿.þ—jñ“F·@ña…ˆHZ|í„?×“øO“Ìå¹¢C³Û÷YÖ@DsÅ+f‹’ú"îÉ‚Û%l›¯³Ôéy©­-=1""96ÐÞ•–›®&¢ˆg ßÃYí…îæG‰*’¯½e¤Ð‘LDª¬\Ûý–n^&"âû;ÚRs³0nÑs#†ÜC>?()¯Llx4FDD’·Õ7XfL'"›±ÜåköÄ¿€?Ç?Äòœ$"|žî¡ @¤±w½íQ™ˆ(ê~üDYdç–›Ú¦"9GG"ñÓ\ŽvIí•Lç`2n‰Ýñé¾ý“ë`‰DOï‰‘Ò^!75Ç$""É÷XrU(lD¤Qæ:¤'mñË©Ø÷HÊ(RrD¶<…«Að,˜€ùáÑdXDfFêœQ?qÞ‡ˆÈ\ž~ª»ÿ7w?¬³•ÚôVŠøÆß¹1þË‰”¹½W®§Ç‡=õ^º&ÖœHY¤†u=Ò•äè•DDB$(­øœ!™yühÌ½Õ`%™æèŠ`ÈØâ¾Øî®N·jHò¶:oõÅ­-–êÜÞ+ß¥K7QtìAŸ¼­ÀLœÚl›;Æ¶U&Í¸3 Éµ¾1|µyìxy’†äH_ÿÅ&öðOÐ˜½$š¼ýuþóþÏ;j]„çÊ??j:Öqæ,½ó?Ui)•ÇË¯žûø3ÒQH²Õ¾¾?þ¨¦:ï•7ýßýáãû:Ò?ŠQM×ÈPcÛù'óQði[7K%‡ŠªÓùî†‘ÇºÓ[uéUÕÿý·ÃF’)Ã|êHü´7×œäÏÓþ+b(HŽCGmEúF~Ó¡ÿùI½?K=únßçµÕë?©~+§?#"fY©m.F?üÃo#Néc4fdŽ½¥Ö‘†Ûÿãèù_Fî)ì§mï©ó5D$¶þF¤ŸÑ;c«QUœ‹ýî—‚žHr(Ž‹wÍcó?)}ŸñÕ“ÖOÚÝÊ£E,Qºúxuôü+ðÞXæës×;ÏÛ€ÓcKy1š¤\#c™ië3ªßå+7üþ@qño=öû'ßxu‘$"}?ƒWø¶xó¼’)Új<º7ÝÊ1$z¾q]í–5:r‹ŠšCG‹ãÑÁÈÕsÓéÉW2µÿ·ýÏOfDOã÷µ'’Þ¦ ŸÉÐŸ:aOÜ|=_Ÿí#":|zK^û“_‘õ¿Ö¦LfÄ7|þO½‹ˆ¨´6µ28ü»‰Ä±ßŸ{(ˆˆSÔÔ¦Æ‡"\}Ÿ|%RjÿéŸõmSså>ÎSïb¬¬a•ûß°W§sDD¡ÁO§¾L?¨ïÚ¬œ‘(ŠŠ…žbg7^É¢(±,FcyÞ„§Ot95¶‰1?Ts´-Š1šúÖ^qøR£úpÕDä,¢¤œãð--µMiÎ}”EAf•];dOCÔS®™ò„yJFÅ9ŠWŠŠ¹ŠÖÅT÷@x/£è+ºŽá??lù§•å IDATmítÎž•™‘V\œ?ïKf£A9× B±HT±Ì7ŽIB4F7W}"!µfÞJ§,Dù¹Wœ7'’ˆSÏ½ŠÈGH9c\#€MGŽøÂJ“nÙUÌh0 ÔÍ=#)?tTð7‡¨î?Sæf4èwí,ßEåÏžËiæ®%¨4ÜœÓ Pró¬Ãr>dÌÌ»â¼9Q(¹ù{±°êe=Óðbb4S†%]N?rV?Bg@<8ë á$ <€„?€ð@ÂH@x á$ <€„?€ð@ÂH@x á$ <€„?€ð”ë?xN|?ðzgž+“A»ÞY€Â€—~$`Qè\ á$ <€„?€ð@ÂH@xxk2ÀË‚ç…˜ J’,“¼ÞyY9†…‚Q)Yµz¡jLs7u:iÔOÒJ÷UÁP²‘òÓ¨<w¡Å6B©.±L–çÀæ'Ir8Â‹’´ÞY2É¢$‹¼D­F­P03ð‡éb¹}Ïº!I&·?Ü>êtÒ‘
2jg-°aJuÑ2X:t.Øü6H-vu‰’Žð³§¯Jl0•ÛG›æ˜¾Ku¾2X:„›Ï­»ZDIâyaê”æîUŽâÜ>jîž6eÃ–êì2X„›\L×;khÆÞu:×jC3RÞÈ¥º‘óÂ€MNZñÃ¹/‚{7ê_«ÍHy#—êFÎl|6¹zœ¢EÍØ»µ«ÏHy#—êFÎl| á$ <€Õ'E…Xl#ìÃkÑ€¢?7¾nòL|T¨¹åU;³Þ¶T£ÏÞlK.{ã@6·ZY\]:Ú½•¶ZHôÐÞ^ÃíŒÞ?{y0çPÝÖdÕ”)]9‡ÞÙš¼œt¤¨ ²J*n°öp–@œiÇÁ=ïë}tïÞ?z½áH‘eeIr÷V¥³Õ]úQ1DDÏcÐÈÓ[Í¶c;mÏÐgcôáÙ›my{Nm_VL°è\q¬‚Sª8¥Ê˜œ_^˜NQ—'L’‹
’D’ßëK¼ŽWò{]C.oP""…ø‰åÕú‹ÙÌ)Æ'†F]®!oH˜±Øø§¨¯§Kßè?ktŒ_ÃwŽõÒ°?š›É»f[˜F¡ˆôÜ½Ñžsæ´ÂŒEt¢\¤XTˆÅ¤X4"‘‰M)(€5‚»0K4!2ªTän9sÝãÈúCRÚö“{,®†ú.2s¬?¨
ö°{~¸Ð¢ÙY·7[MDÞ‡/öÚ?¼žã­¿|—ÊÞ8?Í{n\z8@œ™?y£”¹ýÀÞ<-EúÎ=4î;^žšh÷WÚ—Ï?6_½Ò3iU$D¼ÚÒ×eëÖfÿ.79Ê×&õÌÅ¯Ø??4Õ?4*›zA
Ì(ÌR³8|ÿë;î¬]‡«4póÒWÒÎ}™×Qïý3½”^qh_þŠ;},áÀKG{Ü£a‘ˆ5$[M–Ÿ‰§šø¸Ê„/(ÔvÕù©Ö&Û²èqú£Dœ!-Å´âMˆ‘ ?HÆýÌ?_¥ôWbÍ¼à-?‚J’B#=Ã?¨&gG†’F‰È7Ân?þV&§ X_ã­ACõk»Z"_Çå‹­ýy;
l-íý¡ì<?àìîŠ%—:ÌŠ‰†ya éá€®àè¡b£‚ü-WÏßoîÍØí˜;ÞþŽPêxõ76hß¤ecMù;w;/Ý¸Ó’Q·ubjl eVaîv8¶½r¹ñ®ÎCmNUÑ¾ª\«2÷CóŸÑ¹ž„/Ù×þÃ¥Ë-“MÃQ(âM»ëWfhˆœ] “îM[“-;ï~úç¦âwþ±j5“ç=-·®\kn[ Û²ÈG%vÙaOÌÛzãBý@È¤Ñ)âe­{§®Ð°Ìº¿?³KÔdí=4-<X¥ôç#ÆxQ¡VÏ[û_“Ã›ˆB—R¼­,;7y¼oeegÆÿ÷?IjËHÛ#Q˜hÄëS—åeÞ¹ÕÑ;’—|Ú)¥T;ôDi|#N¢<k¼£¿13ÓÜÒêõ‘cî³Ý?’¡h{ðÃåát[rrvNæfˆH?YU]táæ•zÃŽñ}Ÿ«0É¡Q&—×ì»|·“Ò·*OEUž7œs/wÓw‚ïýÍv«:1…w·Þu(C³Ö›NÛyúï+ê%,¹D¢çáÙ¯D‹Ù\h¹PÇ…ßwç}p¬D¿œÔåpÿ°¶æ¯~œ_KŽÜúó™Z³^+^ÎýHû­ëžâ7ÿ®Ì´6éÏ+Üqé7]¹3j«~8`³0d–lÍ]¸7£ …9{K¡‘ˆˆŠ·«"…¢°Â4Ð:ÐÇyFt5ŽéW…‚Hï//ÄøÙiJ½éÕ™{^{ÇïñŒôw6Ÿoñzskò¦yLR•\¾¿ÌááÝÑñ)s&QØ5à%"p…ò³u›¦à?3àåáîm‰”•m³N©ª­Å{K­ÏcãJÕêveaMŽêã§ÞÛS0«ê½SYmUæDDÁ¨2só¨×ç[^*cîNJ·Î•ÁÕIÿ¬öá€—‡9ÃaŒôu„H©`)êíŽ(ˆHï(Lu=¼7j(Î5Ï\#GE}Ýc’$øº<)2Ó“‰X¥Š¨¿Ï?†½­‰…yoßhDg¶e”¤’ŽÄÖf7R¨fÚF«¦CÛ¨&wm64ƒ>{Ç6ËDÝkîÂŒ?6_}8l.{½®,Õûð‡æQ‰ˆHkL&r…„hDXpÏ
w^.¡hŒhþz¡hü¡¾Åí!MvIõþ™Úñ>9áþÆ«·»¼¢1ÕV´coE††HtÞ?{-¶ó?ªÌDŠâ@ÃW??‡ëJÆ«Ä|÷õ3NÇÉ=±ëê7ý™'j´änúâªyÍÚ?×†ä˜»­áÆÃþ¡ ›ž·­v{ÿò@ö±ýy³›ÁYSZÊ";ëlúâZï!É}î‹‡
¢¼WÞ«°NÝ„%=kû®?…–Åû/ð¡ÙlsßÎ{Zn<ìñùUšÌìm»w˜•îºúM“ËODW¿èW‘µâµƒyÝ¢Y(ýð@Ó­û-½ž?ÆRX±ww‘EÍQ¤ëÚ·=Y‡·Ç\kêí?¨²ò¶Õî)6+ÝM_üÐŠ?öÍ?‰¨¨æí
ºÿ§zª=fø¡áAÖ±¿­2M"¢ðàýú{=ý1]–£bwuIJ¢@&§Û¬ÙÛvîÌ?o^j
ÛÖWvÅnÝÿáÌ}"RpÉ…¯ä‘NIªÌœü{#?¶<‡qæÉå5Õüí;—¾½K¤P§îØ_fS)Ó‹Jº†Zî~Ý£0ç;²É!"12Úy·évL""….w×îÌ5zi‚?
3(ÑT¢§=ñªï^›mM§Ë¯:à¿r¹‹æ.ÌÜðp}CåªÉÖ©hïÞÀ…ë7Œöåk³Kòºou]=÷”;ßÙ•†ö]X;Ì×ç.®wž·§Ç–’´Þ¹X×ÈXfÚ
GŸ-Ü~î·?„‹vWoÏ¶u3ºã;oü?=)ÖìŠêíY
´^þú>[{êX?†ˆü­çþÐ¤­=´3ß ŽŽ=ºö—ã«§j³Tänüý×áƒ?Ù?ø®ËÿóÂ€©úØÛãw$‚-ß~1P|úHž*Üzn¼»ËBrßÿìOm¶ƒ‡væÔb ½þúcç°¡r¡®AÎÿcþG&„?Özîóž¼w_-Ò)UjeÌyëÌ™áì¶[Õ|¨ÿþ¹kceï/[øt?ƒ-ç¾hÉ~ó?ÒY·ç??_ÊÛ_WfãÄ@OÓ¥ËžÒ¿:^j–b|¬ÿÖG×éØéÝ©D*Õü,˜~°õì¿Zã0±¢§ýú¥»I~´Ý/ÛF¿)­¸ºº8™ãûo?»Þ[pìƒJ«‰y:¾ûÓÓì÷Ž›ˆXNÅßþ?3=–,[YÅ¶üƒšSñm‡ƒÂíç~{ÏpìØžl+z:®]¸o:|ª2…h¤ñ“¯\o.2«(änkìÖí­ÊF›Ò‹É˜{HÍg!Åb•Š¥×R%)&)f¾ÕK’b²BÅÎš#·Œ
°É0Ù„ðËóK_oÙ~vtòÿU,Õ¥¦“ª%•ÌÔ2??àª{ øx‰h?ýõ«¹b÷??ÿþÓÿñË?|rörS??—'PïÝ[`ÑjTZkYõU—{”ˆHì½_ï)©ÙWbÕ«5*cÚöºZëÃkÜDdu”hz;‡âý†#=]Î²êRuK¯;ž¦¯§e(·${Ž¶ùù6ÔÒ î>´?¾!­µôàÎô,XŒR¥Ö¨XbY?J­Q©•D¾öú&uÍ?ªL“J­Ñ›ö©\»Û=Ggè)ü­?\ó×ÏÑMÈßÖp_]Q·+Ó¨Q©õ–Â½vùïvÇˆU©5Z%‘’S©5Æ¦ï|Øè­8P›mb"¥¥p÷vó½nçø!fl?X‘fÔ¨Ô¦ÜÝ»2}ƒ.?«QéU,±*½F¥ÖL?lÉÞýeY­fzX(;ïÿ0¶ëÐ¾lKD¬¥ ¦2éN‡“ˆÂ#.Oai‘EÅ2Äê­%µˆ`…j9±)fÅñ‰³¿
Å²bƒM`é…¹ÄØàYà$x¹h³¶9~êïþñÃüÉñ#ÅI=W¾úÝÕÉÊñÔŽòzmya"
øœ1Gvúäo¸:Ý‘íwyÃDd-¬Ð?ì‰(ÒßÙ[PTQP¢mï!"ò÷w¸‹isÕŒçÝe¥L¹YÂZ¬Y«ºû¢Ïã´åeM©‡[3ó¨Çí™ë¹?4°‡^¯škGDÏ¨ÏZ?5Ù™‚±fæQçèèìEW”¾Ï=(¦¨ø?þ?ÄßH„b£žPbv–-yb%µÎ@ÁÐì4Æ—?û.”ÏÝKf£›p‡IôŒ…‰´Y¹Ùí×ÏÞjíqzÂèêðÒ@xð’b5&kAå›o”[[{¾C.ð<±ÊYWA""2f¤=îí)ÜÓ1R‘›Æ˜²‹´w:?D¾žÖð®"Ç†zVŒñ¤RÌÌÒüÏ>†û®Ÿ­§Úy‡•Dž8åÌôÄ%¿Ót±ôy>2cŠeÛñíY«8Ð”ÀÏ¼sb)=Y™¥&"}ññŽW§ÄZnœùøwÿëb«_ž'ØDp«àe"Íx´T¥^üÁ?£%?î»½”9Þü,zÝýªä?ñçLyÛòÛ{
ü-c%û¬DdÌ+ÍþCÇ@Ž¶)RxtY£"Liª=ƒ±l{¢??ÔÛC”·œ4fR©9i¼^«6%™Ü?Œã?ÿèeÏÕ­‡HtÞ>s!Pñî±’y_G 2&«ú?.qËÄ;|î!ÊÞº¤Þ¥KH?ÉœJOYCfÖòÆgbUjÅ%µø-iÔÏ33çÜ‚Ú”VP–VP¶Wö4}yö~A­}C…{°úp÷à¥ÁwÿÛ/¾ìôG?Û¢ÏÙx½i¨ 8{áØÔŽ²JñVÃCw¼?™h¨ï¶V??¬ÉÎIk»óÃCyk^<Ðdå;z¯]m×V,oÌTÖ±½ÆÒrá»†O8âswÜ>×46o½XŒñ‘DB4ÆGb<?W£½Ú`1zZº=?ŽRŠ«³n4t‡OG<¾v+X¶uŽ?‘Dwã™¿t¥x%_ßPŒ?ÄfoÁZ¸=»ën}Oâÿ“õžÜ²ÜÅ›÷—–¾*»¬˜¿uãáÈøŽˆ»åqïÂOJŒGA]ñ.S7ù«e•|ý?ñƒKÄ»[öEˆˆïkíŒgH‡"¬rŽNâ°ÙàîÀKC?[s\¼ÛøÃŸ~ˆDãSTªìŠý½#s±×c±i;_«»~é«ß<`õâÙ•u'¶NÖÛÕ¹Åe—®º_qŒ?v®ÉÎK»Ð¨]f›7‹?ýµþ~}Ó•oÕ–¼íuu¦ËŸÌ=Ö`¸ãÒo®¸Î}ú?ˆUs½ÌZQWÖÿ—³ÿqƒHUüÎßV©]¼ôÛ_ÞäôõeµÇkís<<íî|ìŒ‘óÂ-S&fxûxñôA”ôÅÇÞŸ;ÿÕ\QèÄ˜hÉ=ôî¾¥<Â»ÄôÙÔª“Ç/Ÿûì¯Ð±±(k*ÙõJÑ¢©§l;º{è«?ý®žˆ­¬ûGû‹²i;Oœ¸wåìïïGÕ*ePbÓÕ¯ä«‰µ_üãYŸÊj$¿WL«¬;†w,¼0°)¼Œ^ ÁÅVw`Ó"I¡^x<?Ùd‘?Òs}?ÖØÃ?}:Vý÷û²Ÿy›b$FÜ”A{d‘?Ñ²K`BŒg¡èYÓ'•zYM:ËÜÇ™E4‘Ès>è°ü?ˆ¼È?¤CŒÑ0yËî~GÒÚì«‚¡¿uòãF.ÕeÁT÷@ç"€—«V­¤fÌ°k]Mt7]nì''â~xó?§Ì‘µÛdgèÉ°«ÄQ]Ó²Q.36Xþ>Î,¢‰D¼øŠÍüB»{—<ó½l«fFÊ¹T7rÞ`ãCç"Ø@¬Å·oœ¹âñDˆTª´ÂÊ¿ªÞXc¼ˆTJVä¥õÎÅZQM=,??Ü¾5ÙPþôþu¹TU³FTX:„°‘è3+fV¬w.6µZDQÚ uÙgÁ*êéwÖÊs©Ó¹ú‚ÕDå¹Ó¦lØR?]&Ë‚ÎE›ŸV£f—÷–ã«Ph5sŒ­p¤‚¬Ëa!V™«Ýb–ê|e°t.6?…‚Ñë8žb‚(Iò†}¦v)b
F¥dçk#7jéí=ÔÜM?Nõ¯üIeCÉFÊO›yß`r?Sª‹–ÀÒáxY¨ÕÊ—§úXž;oµ~u½T¥
/ƒ?uGÖÂH@x á$ <€„?€ð@ÂH@x á$ <€„?€ð@ÂH@x á$ <€„?€ð@ÂH@x°¡1ë?xv/Ð:Â€?eYA×;°r‚ ²,»Þ¹X*„šJÅF¢ÂzçV.T*„°8NGÖ;°rÁp„ãTë?‹¥Bx°¡©”JµJéõ…Ö;#°^_H­Rª”ÊõÎÈR!<Øèz­ ˆˆ^8^_HDƒ^»ÞY„/€$“^–e§{,ŒâIe€NÄ@0êt?É²œdÒ¯wv–ç…¹Íð’3èµ1AˆFc¡pTEy½ósbˆX–U©X£Aûõ)š pzÖ;ëÀ52¶ÞY€MH&DQÅp„_ï¼¬„2Ùb\ï<¬V?žu3¡† á$ <€„?€ð@ÂH@x á$ <€„?€ð@ÂH@x á$ <€„?€ð@‚r5‹úBdÒq«™$À&$ð¼8õ3«æØgLRŒò"«V¯êz^²Èóôìy~ÆÄEžYµzus±¦»6÷æDV­f™5É†öŒxÂ"«·¤˜´3·²ôt¢<ÍÎäxþI¹JGaÁ#:¾/¬ÎbMÒÎ\&1W©M±YÔ3ò)øF†<‘Ú˜–bœ7£"Ï“j®}œ–Tplt,$q†ÔdÓRÊSŒ1c£Ä±ZJ6È¬‚Hd¦ý§’Õj"?áI^ü»,0¼4k"+¯üXÈÄÇ˜gJaé†—dµz•R“‰?1¬J^ñ°¦$ÞïõE%b9S’Q=»¼,ýÞ0O*}r’v?›ïW³61tÿ·ŸÒ»ÿewúª¥‹F%–ãžO•à9¾÷ÙWíšCüGXô»#¼ÆTZU³«`VÍf©œw~éÁ¶ÃÿP•¶ºY?›ëÞGßÐ›·+u=v\9ó4÷äÑBýzl}•„;¿ÿ¤;çGG‹u«?Ù×YÿýÕÖˆÑªa‰(M»Øž®]~ZÎ;¿¿D'Þß=;7áÎï?¹Cµ«sÂ]ßÿ¾;÷ƒW‹ff1<pÿêwFU)–Hô»cÆíÞ¬L¯ÄòÃ?ßž}Ä›“Ô$ñ^¿aÇë‡·§¨‰ˆOë­kõ]¼9IMD¡± ˜µëíƒEÆYß2Ñuç‹¯Ûìsîcœài½}«O™_œmM1“ÄyïÑ>cÇBßY?i¹ÏÜñ‘ZMZ†H Q‰)Ì•·+™K=ãËH4£$ŽÆ÷…Ù³O¢æ,Ñßl“..Wsv„’UÓ&&gÓ>û"+Î+¬¸z“(?êrWšÂ’¹Z˜³.æøaÉ¶*É…WoRÎ¹P·„…ž§¨»µ©ãiP¡åDR4,pöâ½Å)sÔkÃ}wnöz•jŽ%1ÚF)y»·¥k×/âÝ 5ïèÀ?Ë—ï´ŽˆDDIi•{×[ælÑºõÿŽÇ$¡Ö³¿n/øÛ3i×Â¬m}õ¿þ†^û‡ûÔ"úêu?;õ~fë¿}êyíïß(6¬}Öà…PXóö”ª<?ÒvëÊ·_y¿]•¶¢–»´]œÚÁ®V[¼ðF\¼ÊûÃŠ”ñ“‚i»çÒJÂƒùió~?CÊµ=ñÄÑAþ«?9:^÷·œÿÓ•;Y§ãUy±ÿÎÙŽ´c§wg¨‰ˆüíç?»Ôœñî®T–(èÖîúÑ‡™‰ŸX~àÖ—WntdÎfç?km^"û|9œ·.ö9½vd|Gµ:Kª£ˆºóý=û‘Ê¹¾³2Ó|ƒiâèø+RòÄ!UÜîd„]Ò›[r+~ÓLûöM«%»–^4)ò›‹EË •ö¿Â»æ±ÙJä÷‹e\°`ÓÆ¼áŒ’ÃYIÊøU(ÔÛp£µÝZS’<}9ÙßÕÔ+åUÔåè‰ˆ„‘–›­ú“ªí«zÅ^Žµ|?·[hëîüåÖÖ£]ß}ô•{ë[ïÿ‹ÃÄ*„¨§¿¹ñéh±eušÖˆÒ^VcýõÝ–2û6ÓÄÄp×“ÛÖŠŸZÉ¤{ÿ]Ÿ^³®9„L?RT{T<ÿÇ+·2OÕd®$@`¹çÑ#^î¾'‘Òš²”)õ/uJÑî”ÕÞ³
ýâÅfíª?úÙèÈ±ß{êRªžˆïëxšR~"c|O?…{v·|Ó1´#5‹¥¤’ÚÊ)+ª3ssé+o€hjxÀß«ï+,Ùv§ežíó}w™÷ÎP“¿«þû›}~?J©ªkwì:¹v«ßR“5³¢~Ê4
T·WJžò«N–ö%ÏL}aH­~±‘±¼”©…Û§~ÖYÓM}C¡0%O¯÷û‡Ÿ†-[íã—&eJq‘åBÇpÐž³ª÷Ç—aÍÂ_ç÷ß~Ûmyuë²×t?ºÑf;ü~MN¼š­ä,9UGr3%Á72ä#SFŠ‰]´_V,ä?rÉ6‹.Ñ?#XŽ#Ÿk(¤L±Z´ã»OVÔÛ¬–É®L1ŸË9}1¢¨gÈ%è2æº/dÊ+ßzáf‡k[åxãëhîÞ¹ë?™HR›lÖ‰”Å°Ç5"êÒ¬&‘$Dc¢’ÿ??E£ÌDw*!?267CQiÉ½sýÎšÌL""âÇºîÝiîíõ“9£`÷Þãqvx¨éVSgï@LgµÚËvìÈµ¨™ðÓëßõf¾Z›«%"’ƒƒM·nuº½‚ÆQ¼«&Ó}î&Õ¼Y‘Jî¾vn óP©ø¨áaÇ@L—ißV½«Ø2þKxp»¹µßâ,å»';NÈáÁ¦·ZÝ^Òç–îØm?gäàpGÛãÎÞW„Œ¦Ü­»wÆoú¹|UO{^Mˆ'¢qïª©oÓ]bâD¢§íV<ÛÙ9;*‹¦Í<?÷î5wMM\nþ¶>¶ãÍ?“ñ–8tç«úC¯–$M-ÆLû¶ª]ÅÉóTWB÷oÜéŽDu¦ÌüòÝe‰l?—$=ilj?¶ÌÒ©%9G~(qXÛï\oîŒªr+v,tFˆá?ûõwFÈhÝº{ïöt-Q°óêÅîŒƒG
'[!üí—.ºó?íÍ™ÑÊæy¢¹[žø±§?;[Ý#QUJjîîš&ö7â,Ž¢Éý%)<xöá‹Ù“ÛlD®¦/nRM?upfž‰d~¬¯íQ[çàp0Äé3ó§È
„Ã^2hãÍ-g'›Qjš2×dN£[Ãîš¬ÙíøpˆRlÓÊDn¾æ,ª;a}2_xíëÖ”×H¾ó—{êÚS§3ÔDrxÄ+±DlN‰îêÓpÖŒQÌ?‹érÖ:Ýž÷).ŒÐþ\ji¡ÎétTV"&%æò^Eãê“ZKe%²º›éK‘÷Ùe"æÑu†¶¢€´ì&IDATH[SˆF_=¡=;å¡LK€HE%…ryÚxð 0]-ÌÃQ#ÊJ•÷ËÝ¤ÃNÅínê‹ot‹\h–‰f¦vè?dèS\¡ºí’–˜žûL_Š\&07ûhH¤tíÙ*%Å‹NfFŸ2·ûÉ%?ÍB{réá²WJÙµ¨2?®3T,'»™ÛÃã9Ü"?_mÆŒQ’?Ê
å<óóŠˆ`Ó’F;î?ûŠ­ÕRÉÝ~½›Û^å0Î\˜‡I£žù?nØˆSÌSj{
£ÞöŒFI¿Nô®ÍÕk<6x÷Õ¢ewô¸ÝÖB»eöÑuçë/ïQAir´í[gÚ¡w^/0Í•‘0të·ß>µä:ÒYÏ·_Gv½õî…:.þú!›ÇòJ›%Úñm¿©êÔÛ­llèöŸ¿Î,Ï`}wÏù
ß9µÕD¾¶¿|ù@Y?c›¿uÙ^{«*?%_ÇwŸ^Nß’ÏÝ­?r³ŸÓæm©ºôm{_…ÍÎ‘Ð÷ðfhç[9,ßúÅ§tú¿ìK'aèöçß¹ÒËÒØÑ†¯iÛ»uE¡æ?¾cßúI¥?ˆ¢ßÿê²þäßÕØY"±§þ­?;^Šî”/6)ÙB=Á0‘–ÄáÆoÎŽ½yô?#
»š/|ù}ù»s8¢Ñ{g/¸¶?8QkVSØÝq¯sØ±Ë®”¢¡`XˆŸ”á§W¿¹Ì?öê+)jŠß»V?02êHlD?4]òw×œØ¥Žß»xîÂ£”÷v¤0D¡¶óŸ?48òv­‰=?7¿ÿ*\{ªÜJ~zõ«ËÁüc¯¿’¢Ž…š.×;‰sìÁhÇc¯¾´æµ5?xçÛïnéâ7CÄ?;ØWÍ^^uì-=Ú®ýåJ½éí#yÚå$~ï‹/»Skkß;hbyÏã;×:¼”¸òŠÎ;g®Œ–>vÊª¥ðð£+ºûÑ?œÔÌLþÌ“§e™ù‰ËkøiKë8‘Dî8ÿI“¡îÕ“?¬èé¬¿üMøà;Ûg·ìÚÎñP»§öø+&–÷<¾uåOÁšöÄ¿àá‘?¦Ë|~Mõ‰ê˜¿·ñû/¾ß=Qš4o~ÔD#Íß|Ñn­=p¢Î ŠŽµ4\íô’>gÖf‰ˆ¨·þ*¿cÏ‘÷4ªèHó÷¾
z»&Ko·.ßé)Ø‘’¨î¸;ï¹S÷˜^_²W¦|rý»kü®r‡Õ ?ñÄmx°µ[ÌÚq¬RÏRÌßqý‹‹-§ß(1NìoUÍÑW,œ~ò°Û—YšDDÔwëÍqøÄ?;Hñú•q÷Ö_?”WyOCþÎë_ýå†ñƒÃù?ø¤Ktì:²K£"Ñ×zý»­'ÞÜ2ïå{aâPgk4§6?%"
ùÆÈ<£yM­Q‰Ñ¹Öt¶všŠ+§lW¸sÅYzôDãœw{·:-ŸˆFzÚÌå'·)mJü7Š±fèÚFÄ"ûôVœ‘Ù2V¶Ë!ÏO;´‰ÇsõÑõvª*“+ÕäzÂ\hR$×JÉÑ¨âì}²åÉof+Rç#æaˆã‘C(JãG“F£t³‰)+‘ßÖP ‡9ûˆ1˜å<ŽHdo0£érÝ+²–W;óç{Ì{;%5Qø©â³^:´CÚo Ñ§¸ÙÄ„·ÊåÉ‰Ô®ßg¶äÊoZH-/Ðh$±Q>BCÝŒ˜&ïÛMjžï1Ú™S%2?¶2_¹hßVù??Äsû¹¢”ºX}>¥þ'LV¶\·—(À\obnêé?C&"×Cæ\€•Ë6ñ>¦i?²Í„8x6Šd«éÿoïÎŸÚ8Ó<€[-ZHBâÐ?$„Ä!Àrpð_qg<ö$SÉÎ‘ÝTMª¶j~È_“ÚMU¶¼Ud]9Ö‰'×Ø±c'v‚ÃXsX\ÆÈÈœI¨QKûƒ?l|ÅÎæù”~°[­·ß~E«ßçí§ßŽuNL–«W®#ò“žY‘Æ¾)6@Ì7=!Ö¨6oGBaä×?Q‰s8$ðô¢×'ø{ÎŸï™¦.¶º.n~Û¸ÿ¯Ögèý§Ä„dâõ
¶;Å»ÿüJµØeï;Óz}ôß÷›²”"Ömÿó[ÍÉRLò?Î¸g5Zðeo³)?–šî¿?ê³¾\>3Ðž·ëíÝ6Ðô<`¾ïòòýÿ¶×˜ÀÒóù÷ƒ•¯™ýÎ³³¶×_ß¥Ë–ÝmÜlÚ¨Ñ¶Kó?}c?F³Qw_‡¦ñ­õQ‚§ýï¶×?×)Ô—\ùà†§boY¾¼=Õ¤Ña~¸V!wÝž|ÎhG=£}5Ö¿Plðë!­üd„GoÜÈßûÇZ•¤ÚÆÛg×ÇCe•òÈÜì¼Ùf.äX2µu×¦Áö…ÑîQõÞ?:ôàJ››ÏŽ_K[!ZÜ¸Ë®àŒMMf×€/UfnvÏ×8\ªq¡i‡}ìS÷L?Z»èî•7ÿÞ¡Wà¸Š–æÀg_teÚ•}ßjúŠ¤Ì\Þ~Åç‡!UCÎ²³¹B’Úíö?/¼~THÜbáÂäðpÐÖr¢RÍ?7´Ôú>r&'€‰Üî¹QèxÓ¦æ’­Uç¨ÿ¬k,\fU™ê4gÇ&"¦
)Ý7ÇŠkZ”HL÷þ#Ðøòa£ØBSs£û£Ñé†¢â?íïž¨lysu£{¾?®õYŒ©@b1¿þ·v­§ªliñ?¹0à±î4òÙê#ñõ,Û´XU,NkßSï;u%–åÏA0;ZLùÀûvLŸî­+©Vl³Ø~ºæ™kT©RíÒË1ýÆŽÔ|øi?³ÏùUû¶À µÚš¬F%Ç?–=·oeENU^^êœ˜ã«ÜÊþV%“é9cÓZROæ¯o#Îº£9Yg•­©±ÿ¢×“?”5¿°ºŽÚ\®rNøù*åÃ¤—ð?íî‚ç_Ù´ÇkdR%ÂËÖwû?¡k½Á†¬kglÞÓquÁþJs~¦RVDBP¤®<ä3^ç_G?M¿ÔÒÜ'bŸc.t¬[`oJ¤FÖØâ1”T1W1F‘w=ô‰]+7W7`¡?YÌR|eu<ù?UÂ>ÉøæQQŒÈ8Ó›‹?T&³ƒ+êÚ˜;aTJ™þÛ°×ÇKò€UÆw”‰NO0õE©mYªãÕYš:¢Lì²$XšÊ™A³ˆDžÀO É¯LnE‰]¢?³¥€­Ç'v”&’ŸjÒ‹¾žJ?EQÇ,Ï¥jÈ©›>yùº
yÏ”?/IŽ„'Ýsò²šM?ËÞ‘ŸÜÒ¨ÝJHš“#E<¾y$úçò$ÂƒÂò¶Á¯]ØñÊ‘íºÍWEÄ9÷¼R"fÅÇ6Ÿ1CÓãî’Êý©?¥Z‡ï§üYÃ@zFÝ³‹<?? Zib³9•´„B])Úý0«Jjf¸xÙ_n(ÑJ4yâð¬Û-ƒ¦×™¼E, š–/!àEÅ+ºä49­›Â ÀRkû±ÿvÀ\ƒ[ýwìõ6Œ?ÍM¹Â0ÝºD—d?ðŒ¦Æ¢Ï†=ÛuÊ‰!¡þå=Á3·Æ›?º;#½uU{hšØ_~95ž&ø½ãj¹Ù71¹òV„çÆ—¹ÔP^z­ý‚¸±~›ZU”žø–",|j­*í'_µ¾×[¬^KŽãr¥ðÏ‡?¼€oJP™øÉ‰‰Õmbyn>UÀ?£.Û›6¢*Î4ºŸ”šDri~Ú?3?`ñÚŽZÕÚÑ “*1ŠÜVÍÏ
Ö¦´>¡¤Ø¨‡Ÿ×§’›}k5_Šæú¢‹€Li®)n¿éVT+ßh¤iŸI,x'—‹ÌÑ‰É´}æKï»Qã²Û¿’6j4ê×Ú™Uk…ÁÅ0„…lõY^˜Y6:Òndå4z=Æ³4e¹>íV…Æ h,& `?Öºk_?xêTF÷?ÛÐø[U¦D©Á¾Ï` Dó£Î«g»K[ÞØ]ÆH‘€w>$aï´ozˆÆ.4?+”×e>seüú6ÅÅªµþŸTZ€™ÅP*Ñ_ˆ,øüáØrpÎë› ‘}nÏ{ˆM;ÿ~u²ü…cæ•ón¦çÁæ¬?BCß?w²?'×ZŸk¿j<±ó>™½Reâ.¯0Ç9ímÖmèQ
|,_±©!Xs‹ÔO8B¸Ç­ÉR¬ÝöÀ%¤`æ#€œ.¢¤"í#b¨¤È¤}ç?r˜‰0@b.€"æ¦W›ž‰²ˆ†?3•€)ÆL­^‰Y‚b"H$›G“=Ó)×b9.ˆ ä…˜Y ©`m56[œQ“–2$•óL.ˆY1vÒ!äñ“ë·É‡îL†ôer`áî_Z¹ñŽ¤˜oÀ9ìÕXŸ/É”Ç`ã…‚h$‘üéÍnúD¶¬¬ØüD:Î·‡Å’?îsÏ@žF¯öŽxü—‹Ù\Dc«?T?‰³`þž/?î‰«jjjmú´ÎG”_½ê[?g9ôæ[/6˜òq·ý“O;fb¬XEIemCMmCMmÃóGþÒ¤Ä2ÂýNi’òêºÙÃ³3Ã=!GMÅ¦Î½X•©&Uróþ×^4çÛª4®ñ)¯gUFµ¾Ô6rëŽâÖØŽ
ý3:³y"¾é?¢¸P
Ëü†÷¤%Ž£É\:™åðëG*~bÐyîÓ?O]>žÏ/mXRh{É®—@Xæ‘³þ¨e>òø;m§>iw—€Ü‚b½jwTm¹pž_Ë®+õ?AØØZ¹¥Û_¨JŽ»o³ØæûG}€àê“Ö™Ô+[]¯ êhƒaÓ`v¦?HdÏár¥Xâ÷¨?°Ìƒ]··"v«‡8—›Aˆ€ÊT«r»£@Ð}ónY]Å}š•(U?G?Ô(†‡< áíûêÌ¹ÎÉ V¦6hóWgÖá—Àå<?T‹¹ž/>>ßy7$ GQ¤/~¨Ëˆù]W~ð”¦Oi
H•E9¾ùuC5Tò´p"âq~ÛŽÆuSšònçÕIEN`¨»³³«³³k`˜ìììr7l·¨˜?š•Ù^Ð×Ö~Û‰ò‘…Ñƒ^&'XƒvS”¢Rân=ëaãà]ÂhNX@ÿð•‰—*Ÿ¡[?`)•ˆ<œÖ ‹ÌÜ]ï?»âŠ’õ92±àíCÓê,Sšyr9áÈº?QH$9™ÖþY<©ÀD²mïñuÑQw†!öûPÛ4D¿?eÈ?ñXØ?Ü~®sVRR^ïïòD |k¨OS¿­?)K0å€LYˆÉÙY¢|€-T©e‰$:ë¹½VºÇåšŠ@ôÖÀM™MW¼þe±¬PWfmn¨ôûx‰ÎdŸpû?Œg†DÐ”Ø4}· ÌºF2×ž5Ú¶‹;Ï~Ó)k°lžjISbÓ¸ÜÑT $Â1Pšk·uüøM?ÄV^Öhipw^¼îÝ^i¤²_aª·sLYW®À)ó‚´Ø 7¤½
Wz<œR[QÛ¼÷Èkÿr¤q±³obý#Ö”…Z¯{bam‰orlÛWhfóÖmÑP¬`Á)ó“Þ…´>AÐŸ1Q;âö¨žÛ³§Ê”ülÁ¦êÚráÊ-&çÒF¿/µ"—W˜3ç´ëjnÈOÆæ¬±n‡´{Ä¼3ì*©6'G
ò
µˆ°ŠõÍ«‘o:Ü2n”-Ê_éŽO{çÓÚÞ7=ežôõÉ+ÔbÚ7ŸVÞ¼wÙLûÒ:ªüìädž4õ40…ÅaóÞøFû#u–Ìi6›ƒÆœ•‡PyÝ?se-­¥½Á /Z?.
UFx¼›†fÙŒ{Ðgm>Ød1zƒAõÃ·‰ÐÐ•‹®üÝÇfU*Y÷´wm?09~+§\»:îÍÏtž¿´XýÚÁ?;ÈUÕXŒ›Sƒ7c?uEã?3<d–Ã¯6Lw_øöüåžEm©àgº†ÖÍ?Ô‰X3¼éü·©oý3K(02Ë¬ýÙFOøÁJÈ“cMqB—öÊ—yÐ"ùºå:UâáÏbò„†?gfmïÃÝ‡.à”(Šb.ã})„<"Vmª?ßõFf&¦
ŠõéÙ†‰Èø?¾;y–ÝYb\a¾<èŸK‹°CÞ¹H‘²àéõŸàuÉ¶]Ç?7f¿É +V·ëøï-KgÞï½wÿã¿N~Õ+˜ME?”í~­Êwþý“'[Ožj?ï:Ò¤c¥±Îý±õÝ÷:¦ 1·hÎþç»ZÔYZ§Î?<ýùé/oDµ•k…›-ÊÛg[O}øþûWÛÓb#u~vòÔßNÿítëåpËör¤¦=Ç«}—[ßý õÔÉ÷O_wG£€¦áÐ¡½õ½ÖZ¿€&kZ“ºfû¶ÀÂ¶ÚŠL7ÞiG*>ïä‡­­ï¶^òFã 1ZíÞ ÆšœVWÖ›ŠÙŒÏôL®äÑK|”O½‚ÞÑç?úÆ­Ú»Ï–ì¯Y:O{‡;’ºMPNôŒÎwØ³¸rr"á%vC¦æ:¾ý»6×L€û'Ûœ£[ù?áŒ6ßqÍµúûõzxE¦:?ÇÙ¹R™àÀ?»B™J?æå³3s^>‚¿ßµ•,á­Î+Ëæ»:RÕKð“]]C+ï©ÌvÃH‡s|åƒBh²oØ·Ò?V”W—º:¾íöÚ¬eÜê¾6ðNg¿oe_yß°ënÊRŒ?Mñ«m"¬Ûh‡« ¦r-»ÄãìšHî/?×½/n«4r÷¨g´Ú–:¯¯l—ŸèìðdošPgç@êÒPØÝÙ=­­7­d±úJK¤÷»+«×C6àÝmŸ|Õ68Œ¦þT„àô?k½3&«Q
È•xSQJ"âqøV‹5[Ø.ç?ÙT»DÆ‡=?£/¥P`Æ»?Ü—ˆûfÆ¯8»DÈýÓ·m|ÕžZ5ø•£&µk¬¾ºFÚÕÖžlm!äéèÒÙ­©–â}½ßŸ»¥Þ¿Ó$Yû /$®ØÖäp¬½ªµ€¶Êáh*Û2(,ƒûŠs<™Áöü?Ç~{t¯]/Mvµ©›m™rfX]ü%œ×E]L$B„¹; úßˆf·’LœÏ3ë^¯D¤­&lí*¢ÎÝsÁÅ,D˜Å9QW7ðuQ)t>¦cb%Ø˜©!Ñ\àâÕ:tºD«?!üœh`êžêÄ&jË12(êš`"<37.º|?”¤LÔæ¡«_´˜ü
xfÄÃX¼+êr%oÀ`î¸D]wéÙËäaÈõÅS·?£!]‰ní¢Y"2Õ×7Ó5V(ãcËÉW–ýî¡÷<²’ÊâÐ@¯;¸ ÎÜ7oÇJËuOñâÛ3š¼"18ŽüÉq$‹ÆÅk3?æ¨íGß¶Çc‚(-­(Ï´ïõ¿î‰?h<þv£?üwÞþWßÞ/¬,_+Zfjyµ®%ÃÊíÏ2có‘?5c}±¬¦ñÈŸ?Äb‚xu¡XÓpü­†˜³"Ž¬•7¿üÎ;ëév­.QVì=^±Ë1ä¤5¾Ä´ï?¿®þO³ýÍw¶?L»‘_Wû)WêŸ¬\®Õ•zãHÚxƒÜ´ïÅXGûg­í?ç¡¸b›¥¥Ø\þÖ•3‚9ª<„â†7>ç•Ó:^9¡ê¾á¼2„<}mã¡–ÑSßÜ¿F¬ÆqôPwÛ¥/Úy‘”]æY¥µ©ÅJÛÁø¯~Ôê”Ê!äWÝm»”¡mãÇwßŸú¤K%«n²ÖfM«O³ÕÂYƒãw;?—Ï?qr9,Ï•ïv´ÌÿàN¾'³|ÎŸÎþ÷%Håˆ9å¶æ–ÕOJÊl¶Îsã–}kÃì¬¶ñÈK=mN÷ò\Š³ÅFÇóe 5mo=÷Í™>”½ô¯-F?ãðîö+Î8Ù6gK«Ž®Í_í<×7«GÏ}x5Ì!ÂçZw¾ØœœC5k}X½ãÅgÛ×Þääà%úýÍõßdk$Óþz¾í“Óó,"!è›^8dMqP™ê¤íj»9ãø7WÖü’ÐÝÝþEûRª«–“SZ·û»? ³<¿ú»³§{¹?³6ZJRbX?ãèËÝ—/?é\ÀJK-ûÇ½›Ró®C3ß}þápA>+p¦Æ•+ûE“"CÃKÀÍ¯?¹™¶Ô’zªt~íK¿.]úê¿Su®:¶oušQÿ­N¿ÿ¥OÓÃ0ÕžÍ?©¾7Fj|î°j¢§íâ´?_”'¢O¸Ðñ\ËEÖÓ·¦.~b\Ô1ÂœLýÅä+pÀ×lePÎË|ì]· $ãÃŒ×­Æ(©HÜç™Çòø¡?ÌMóc¸\ØíEãÞB?ÖÈâû›DýÌƒŒ”E$?mÅ‰?@òag‡™K?‰xDÄ¹hªy¤ÜÇ¼òøk¹¢7siùêÄÞæ§>Jy‰Š&ýÌWDªÊ@Ä?ÞYÆhKä3S¸) ©äQ¶B~­8]©Î}Ã§Ý¦N;È£¾ñÙ0ål›J[Uå8h-B3žYÈJÊ
ˆµ5öêþç?q"NW]W]ðôî<˜Ï¾¾ð¸Ê
{ºG`µŸÙ¹v~ÎÇ*“g+zšÞV%žXnÃÄ”ÉåØâ©„»í­]Êß«½ç-ib<ŽÛ<t ð<¸û?}m‹«=ì§„¨ÀfÛñ•Öz€ÍFyln^?çëZ@àyä¬[-2òíGcå|Ñ"½G•²Õ'!ð›¡…³ìÓ†M#9ÚÇ×ØÃ¿k¾ßÏÈÜ&÷hÉÌ}D÷Ûëô&}O¤Î›e;$ïA`x!Á=;9øë0?1ñ?1«Àðñ—)7Zàˆ÷6Ñƒ
ˆ¾îDÓñ’GÌ¸ˆƒ?¹æS¢ËK÷±yr±˜ ‹Ÿ~ÿäqÖ@fl|†c2óÁ¿zà‡8òô0,'ÉÔ¹×Ój#î¶¹fÉlaÑítºµ–Ò­ÆÄ™b K'óaW{ØOe?’…<à¶ÙŒÍËnl?{w³V)[}˜­ÆÙ6ÍßvÔÚ¶0=Ëem“{´äƒu·èAöú!<‘:o–í?¼öYŠ|¢˜…ä-?qfn„éäQ¶ñ
äÖ°™c,÷xbƒ¹!QïJv¢ÌÀ ÔÝ£gc‹2Ç3€ÝH±yzñ³<»ÉEOKO &ÿÿIõfCw÷•Ï&C‘e 7·Ü¶>/…<b©Jö´~NBÏ¢­>C–ü/ÛÓlÒ_?Â„ÅÇ\ëd¦–@š‹?MñÇÐá~2ŠJS.æÂ0³hŠpÌö÷:ß_Bc¥Ø€<æä"B~A~ÉE„B!?/ê!B!„BR(< „B!„¤Px@!„BI¡ð€B!„’Bá!„B!$…ÂB!„BH
…„B!„?
!„B!)B!„BR(< „B!„¤Px@!„BI¡ð€B!„’Bá!„B!$…ÂB!„BH
…„B!„?
!„B!)B!„BR(< „B!„¤Px@!„BI¡ð€B!„’Bá!„B!$…ÂB!„BH
…„B!„?”ÿ?´OrpKIEND®B`‚' height='200' width='200'/><br>
<br><img src='data:image/png;base64,‰PNG

IHDR
1K«Í/sRGB®Îé IDATxœìÝéS\ç½/úß{ž i?1H`ca[‘+Žg¨äï³SuÞœ{ëþm÷Å­ÔÞIíìØIœØVlÙ²e!?Å !@Ì-šž§Õ½Æû¢Ô@B Ð÷WÌZ½Ö³žd=ß~&æ“Ï¾ 8w®¿9|Ø[ØS8{ ñ* ñ* ñàÕòç?ÿy¯—^!ål°WB@<xUT§‚šñà•°;ì>ÃŸ`}àÔüö·¿=ðÄ€?Š%¥(+%YQTUÕtÃÐ‰ˆaXžc?7‰‚YÌ¢pÚÕ<~ˆª¦åò¥¼TÒ4?È0ˆˆ!†aâÊhš¡éJIQÓ9‰eÈf19mVž;?#öH×?t®?+”""bY†¨ü¥A´ùeCc0†®é¼”“d‡Õì²[X†©YòÙrrñàÛo¿16¿fˆ"†H×u–eÝnOkK«Ýa+
÷ÇÆ*ßWƒˆ!ƒˆ1vü<ˆêîêôO¬òpŽå¥R*[Ðu}W»ó`º®ç¤¢$+n›Åj_LOÎÉÅƒµµ5ÃØvÆátö÷ö¶´¶n?QUmmu­žÒZÂ¡ã¯"‘®?¡’®“¡c1,±,1<±çmÀ}*[ÈŠDÄ0Ã²¬¦iåv¿ªª™LZE§ÃaÄq,Ã0Ã²ªªð/°¼a†Aºn$sYÕÜvËi¿¡çrrñÀíölÆƒã¸@ 000ÀTuÁÈ²,—d·Û]ÚÊ7ÔÈpâyœpš?ôiÊö“›ÿ24Ò4"…H"N ÖDÌypOç¤¢\}FÓ4†aJ¥ÒÒò’ªiOžx½^«Õêp8ÇqÅb1ˆ‚ išapdCDCD…¢¬†×a=½7TÃØØX=—?h<hii)Á0l{[«h2•u]_][Ëgs’$q×ZÕ™°‹Õö"+ðŠÑŠ¤Éu\W¾X!M!N$Îübkõ‚%ÒùbIaÆx6ÊÅ`Y&—ÏGÖÖR¹lQ–ãé” T>›v:?Á@@Õ4Ÿ×kµX5MåØò¬eƒˆ!†Š²’Ì</YB¨ßÉÅƒ©ÉÝ †e>úÅG[Ù`bbâÑ£GG(Íj~Ýéòw^=†NªD†vè5™t?xËíFHeR©F"*Ér.—[Z^ÞˆÅ2ˆ!U–eE6[,Ãdr¹|AJ§Ò¡ÆÆžžUU9‘#"2ˆa*?-RIaÉu6G?\<PTÍ0hphÐj­d©/>ÿ"Û b2†éìì‚ßÞþ–9hFˆA¤ëú‰Ôà\34R
[CˆŽt{ž+1Ü1Wì+å‚$o®˜C†aˆ&Q–e–eY–?~ø0•Íè±œ¨ë:'†®•ŠEÃ N0[Ì|,‘ðy½étÚåriºÆ1,Ë°ÑV5_”ž;‹3•O.ôtw‹&Ó¥žžòáÂâ¢×çõù}š®w^èp¹]DT,{Êl­"µµÈQõLƒœNç¡k`hùl4º^(UŽy›Óãõ;lÜX‚JÎÅ2%"29}Ž}+t)•ÈkDÄÚ¼^ËyXÎC®l°Y
)lg¨A7ŒLNª>#Š¢®éDD­=]{ºþ´P”ˆeY!†á?%CUU"Vg”R‘C›ŸŸ7£¿¯?ç8Ã0Ê3j"c³A—ÉÍ&áÌ­vzrñ žH”§;ÑúúúüÜy=ž?þ~Q¬´ 5MK&“†qðïhSCà0×²+?ÇçÒÒÎ.‡§Ddñ6^ºÔæ7¦¼å#÷$ˆ¨eÈwißx Ç—î?–ˆÈÝuÅ>“=PpV©Òsgƒ2ƒT‰„ãŸ*I’Årü¤l¾¨Wv<«ü_©T""Žç4M[ZZ*É%ƒÒ5Òu†eX–8†XÖ`XÒMW5–a‹ÅâüÜ\G{»Ãá(Ë”ÿ·ƒ²…’ËvÆ¦gœà¶h†áñxÊ]wîÜÑuÝn·÷öõmeƒò4å††“ÙL†‘H&ŸF"›ƒˆ¶í}`)ŠRó!µh‰™±ÑU•ˆˆX“Ãæw™X"5—Nd•’FRâéýï²ýo„ÎØÏà9hÅ£Ì7Ø‹¡‘V<Æ™Ê3?çfffË_[¬––pswWç±”¬jz^*m+ÚÂ²¬ªª±ØÊÊ
Ë±Œ®š"²ä0™Ü«Õb±ÙlEYN¤2ñt6_”Y³…ˆòùüf<0ˆaX–­*Ô?JŠÝ"rì™éW9ÑxÐ?p¹¼Œi6›mhh`¦`ÀdÚö¡=Ïóf³™ˆ:‰YÉås??.G±jK½“Áõäü?«*±®¦‘Ë­Žm¢r&òpry?sºN)˜Cý7t""KµÀI1ô:×)*>ú™{>8øRM&V|þ!F’$}ûÝRA*§I’
iffvyeõÚ[WŸ¿3¡ •4UÓË»TË©ªÂB>ŸÓ4]‘ƒHd™v¯³µÁ'r¬Ûé`YVÕ£)ø`fîI,]RNf'&xÜn§Ý¡ëZyÑ³F+Ãl&„ã¦òb?\<°Z*ð¥¥¥l.Ç2¬Å¼«In?QãQðˆž‘‘‘ñññx<þlê?AªZgï?‹$""[ïÀŽl@DŒè]yË—Í±§¶N*Ëñì›Êgž^ªã¢ò•‡éaÐKÄ=oó}l|B*HÝÝ«»Ê?ß~÷Ãû7Þ}ÎòEyw×±ÇqË°D$‚¢ª¤ë·Ó!ð.»•ç–e‹‰-ò…OÖGM³®ëšª©ŠblêRÆd0T”UÄƒ=0LyøÐÔÔ”aè]]=Ì®‰%¹ôùç_8ìö¾þ>¿ß/Š"Ë²D488855uïÞ=]×Ê¹:/´Ô÷Ôb©<íÄéõî5€1mx5h{~ÒZœùœ5;ÄÖ‘ò!ëV¿ª¬Oké5s÷û{û|ñ`ee-OìÈDT>œ™™]YY‡CG._V4U«±&Ã2,Ãº.‹º®ÃdX,V«Í®éŠNdc0ËÄ0^ŸOM²AŒAŠ"Ë²lÃ2†aìnßjº®¨šÀŸ™?ƒO.ˆ‚Pž||éR/Ç±mmm»¯1›L.\ ¢htc=ºa1›{zº9Ž#¢¾¾>?Ç‰DÊÉÌérîñŠZoò5Œb*²´‹¦%I!"bÁhêîhÚÙù`”«KO–S©¢®Ç;<þöŽP£mûuJfm~i~#/)D,kqú.õ^ð›7uÒ‹·¦ãDÔØûúE•Ö&'ç³DŽæ‘þ [š^ˆ%²ªNÄŠ–†¶öKÍN¾ú·NÎ=?¬®Fr)IÕ©2¹"ÔÞyñ˜§ZÀ9¢ï7
ƒ5;J‹w8W3çj&"1üúÖKZzµ8óùžÙ`«pöèC¦ã‰µÔ
-áPyˆÑóÅµ2`e;–2¨$—r™Œ®é†¡³šæõ{Ò³RAUŸÇm¬19© ‹V·ÇMfx^0ŒòŠFSé-xÆ`*O‘j+Æb“(2Ãó5Í°lCC0›ÍÊ²Ì0Œ¦ªSSÓN§£œ%šššDAX‹Dˆ¨î§›§ŒJRdjÙµå …µî.§¶']QkKß­ÇûGª¦/—6¦îÍ¯«®ÓÔlìéƒØÓÕž¡áÍØ¬çÖF,'¶
Ôu)µqÿûÂ¥‘?–ò5º\N!j%ÇêZQ‘$"¡¸þøþÌŠ²ouYŠ<žNº®u{y""-63>¾ªlÏ¿z)›}ò`ìiKÏµ‹î³4NŒ¡îó¢Ø:Â˜œ«YËEå¥»Zr‰ˆ8O«ØúkvØGþcÚw}yC%:z<ˆÅDTs‚?Åb±XŸwä’\þÄ˜!Ã0¶F1Ã†À°n§‹gYMVxM8ìŠ*ËªÂ3\&+9œž¹…%yg°Án·­Fã¢(z=Ÿß·µjQõ˜¥òDƒ¨fÅKë·ESd“ÉÄ²ìÜüœ®ëR±82ruÇ5ÅbÑåt555
…d2y÷îÝòÊEËËË×¯_'"?×ûhf&‰¸6—ÇWÏs]ÍMî•å”N©ÙŸ/ZZ?—Ûfáknw`±ºXÊ˜mí­aŸÍÌ3dhùÔÊÔ?OSZ~z>ÞØçc‰ÈÈÌŒÎ¯–ˆˆu´t\nsÛV/æÑ•‡OŠ~·‰6‡ó­Î.³f×¥¡M–HI-ÌŒ¯”t=?ó$Þ\.j/™§3¬£åâå6§‰H•6f&–×KTZ]Z{Û¬DÄ9¢ÎjîÆæÎ–€Û"°érîéì£ÉuUZ^Xµ?ÕÍ¼àE:h{Y¡¡WËE¥ñ?rŽÓÅw‰H]$?ÿÑ2ø1gî/é:=ßå>Ÿw¯—¬KA’özµª¦³«ó€!]72X–u:?ÏÛÁo5;Lb±˜9VS•‚ª1D&?—uU“åÆ`pu=ÎqlCCƒÙd"†v+*gƒÊCÏŽ“‹š¦•WŒ
5…‰x<Óu?ÝÞÀ²,Ã2,ËÚív»Ýî÷ûo}}KU•L&³²²‡Y–èH¥R5;j3‡^{]¿Ih¤+Rd~)R>Ïñ?»9jv[Ø­Ÿ&ãîy½[¬Š¼gó´õµÅ¿}¢è©ù¼DÅÕ…Å‘»kàêæf¬Ùîo½t½IQÚŠdò¾vµË[©¬àïêïÍß›LÒVQû¨.œBWú‹7ïm(TŠ&KmV‰?=?õÕ•eE{¨§5±>©º`ãà³å¥»œ£Árå–…†>éÇ?ÉKw-}¿zþÂO‘V?ªôd<Ç:œ»Ý‘MÄÍ^—E›\?¬¡fÒC'M–š~ƒtÞá¦‚Îó¼Óéljldbö^¯‰!F?–½%NÊÉ?ÙÚ© ób§ßðù|²¼s9-žçùª?Y‹åÆÏnøüþ@ °‰¨ªJDN—³%Üb>ÌšV¼£uø?×¯]nió[L[Åkj6{8öã—ß=\Î>‹t¼X£;Ìbµé%Y!"ic]""ÝÍ»ª!ÕÁÅÝön2‚×g""Ò¥üþ°ÞÎ…;]å´ž)l†fF¨QYÎb³å‹u¯H¯¦vsµøèÅé¿É+÷ˆHK.ñ=Õ¯ò=å?FòÊ½âôßÊžÖ_x?¤‚dÝ{‘Õj‘
ÏÕ{°m9ÓêóD:ºa°ë°;8Ž3[-CR¾ å
ÅbÉlµr_ÈÒ‰i†¡éŠ,û}>»Ã±O6Ø,ü,åƒ“ë=˜žš¾þŽŸa‡ÃÝX×T-›Í¾ûî»‚ð¬…«ª*Ë²Õ{!ð<áÂ…Û·oÏÅ‹‰(H‰ê[´‰lþP·?ÔMDš’ÏgÒÉØêr*¥?^L?¼7Mo´<[gÕÐ9ŸÏ•¶æÊùAU4"AÊgˆˆÈëp´I¶Ã¶ë÷»ò¤ð{b·Yw¾ù«§ïåº¦ó©ÂÖ#¹ü‡FÑöVð²YYY#"ŸwÏå9ñxbŸHûÓ6§°,»-(0ËrŒaX­Ö‘7Gî~o<~2Ï_håå¢À²jH±¤¬3^¯7ŸÍŸnD$¥««ËëõšDS¹ÉV)‹©õ¯3åäâA.—K&“^¯×d2]¹2811!ËòÄÄDoo¯ys–awÛ
.—«P(D"‘r<ðx=ñ?èÑ«Â6§Ïæô…ÚŒüòäw³y]ÏÏ,%Zº½DZveöÁ|*_Ï1ž;å¹¿¥øÌäürú ñƒÕŒ«þïØûŒó´ªë?„†¾­3êú#ÎÓºc-£=
?¢ò²E>Ÿg¯Ê‹­¬®9°,£Õ\Ø”ˆÙœ«ÌóÂå¡+·s±’¡YíÖ?ÕU·Ë
…¬VkA*è,k¶˜½Vg¸£›ã9EQžzg¨œv~Æ{¦bÂÉÅƒæææD"áõz‰¨¥¥…a˜x<NDs³s¡P“Çë%"^¨]Ÿžžžõõõò%AA°ÏîŒ­¥½curV"=[,±ë?î<ÎêDocG›Ïk3U*”˜ÿr*µóîÓGfdfFgKDœ¥¹£©ÙëÞ\OUZ›žÍ?fÕà¥Æ°dðQ¨Øú†4þGéÇ?•‡©ë?´ìºeðãº
?I’–—W}>ï>û"[,ŸÏ‹'$I:ÚöÉËjšÎ0ÌV×Aù³i–ˆ1ˆ%2ˆXž³¹œ#×¯-=žNKYoÀ­åäÆºáq»<n†×³r¡¥«“Ò4?F7t†a·²ÁC‹xPËÚÚšAÄ0Lgg'…ÃáèÓõõ?(1´´¼¤išÛåòùü­m­&ÓÎ¦¿ «««QKK‹×ëe¦P?ê[¸¨n±TZ_ÍêDdizm°µzeyÛ&Í‹?(GK§Éç:ÖZBzc¹DDÔtér_°úw._*œV?à,`YÚw-£”a³eðcyéniö«rg‚eðc†å•È„Ð4p@áG26>QþbüÇ‰ý¯”
Ò‘·Oæy®¼õA•r“ž!2"ƒ!MS‰%—Ç{åµ×ŸLŒ+ÙŒÙd6™Lv›Íl6å•â…p›!ˆE]·X,Šª–×H5hÏÁD§>âäPN.¬G×uƒÖ£ÑÆÆF›ÍFD¯¿1üðáÃoo[T¿‹=ž?m7×¼ýéúzyåÓòa©X¬yÙné¹Mí};vÛ¤&#ËåiÆ.»¸5À²# (±?|Õ¡Åß`šÉ•HÙXŽ¶¹‚Û×îª±£ö‹a”Çñ¢yûóÒ‰§lû`x¢=wFSÖ§‹3Ÿ[¯üOÎÕ¼c?"%2Qœ½ihò~ã‹˜£4/ãñD<žØü¢Þ[Ž0ÄHä¹­ÏQ¦2ÈÊ0?†atC72›Mª¦†ÁsMãSé¢Ý,š,Ö¢ªJ‰$±¬È›
ªÆ°‚¬(Ã–·X®~Jù°<¦È0öpåò•ò`œÙ¹¹Á+WÊ'/]ºÔÓÓ³¼¼¼±±¡ëíî: "Žã¯nwe³d·§¾ß-¾¼"­ëÓëó–¦¶@ÈçušEžgÈÐÔ’”Š®<|’.ï^p©ÅID6Q†(±¾Z¶U¦ùåGÓÉm¥ÚB-ÍK³«
E¦ðlï¥ÊÅ†œ‰<œLù‡ûŽ¾•_ý,67%R¤®­Å;¾JøQâ'7öÛ€ˆö\ÿGK¯™»ß/o™\^§hk¾?Ð4`h²–Z¡}âÁ‘¶Löù¼¿ùõ/Žpãa™j­QÉ”Û÷±ÇsœZ6Â‹òÓõ¸`°%YÎfR&Ž\nÃ›ÖV#?ŽK,'›{0»B5?;3[&Ÿh<?¥<´KÓÔÑÑÑ¦¦¦P(Tþn¶¶¶¶¶¶êºžÍfk®5?F5Me¦t]×ôúv—`í?Í–õeI×¤ÈüRd~©Ö5¦¶¡žF‘ˆÈÛÚâŽ,§tiæû»‹ngÐª¥bù¬Ì¶„ÝË+Usx_÷åtfl#«—–Œ-³¬ÅÄ©%¥¼ƒq!*…l5žsÌÌM?áÈèŠªDfÿ[öB!Ë(šÃßbŠ-g^|àìâÒj¢hî~¿úPÏn[F¿¾_6àŽ¾_òn[ýÏ³TÑ&?ç9VÛ1ƒ”y6{X×t†e†Éd2?§§–ÕÍã²\V?3FÏ—Š³+ë‚¯I°9D“‰eYÝÐ?ÊÉ5Ú±Ë<âA-«+ËÕ?ˆ'Ož444ttt47W²)Ë²Ã”77ØajjJUÕP(Äq\yˆQ±Îó“ÿâ•÷[sOW—ÖòYyÛ°V0y››»ÃÛÖo²9tõ-Sy9 R*µœ"â,mƒ=ÝÌÒòÊ¶‚yWÇ[oyçæg×]×%I'"V°4u¶w7Zh×4æ€ñv½e™}0ŸÊ+¥ØZ‰ˆ,Á–áOj<v?€3Œ5ív]y˜¦-{l[²Æã‰Ûßý`±Z¬K<žxÿgïm.òn6‹)[(=›?Lq§éš,Ëª¢d2Ùx<¦iZ¡PhimŸ}p?%‹IàŽ14­T2’ÉôÆFŒ/Mf“ÝfD?)ÏAf¶%„r‚I8ÎÈt˜O>ûâdžtëë¯v¯ôcèºÙlq8ÍÍa—ËY(†Ùñ³Ÿ˜˜H$DÔßßïóùˆhiiÉ$
?M‡®„a<‹,Ïs{ÏÐ5UÓ‰X^8è?ÄV™ûøº¢êDÄüYØ§J+’¶s?ÚçÂ‰Ä™ë¸®^3?çfff‰¨¥¥yðÊ¾ó¡CÕôõD¦œÃÐ45•J¤‚ª(†a(ŠÂqœª©¹l–gØp°af|Ô¬åºÚ8–dÕˆåÔé¥µ¦Îž¦¶©Àó‚¦kv›M4™,f³ÕjÕ4?ÈàX®¼W•ßiãŽ:]ûù]s˜ˆÆÆÆê¹xhhèD{ˆak¬éÄ²Šª$‰x,¦CÌÕ‘«Õ¯'“ÉT*Å²¬Õb)gÃ0–—zº/©_g€c9¾Î¬\™/
Ã
rg&];p…Óz1Üñf"êîêl‡Ž«Ó`Ï±6³˜“ŠŠ¢rÇ0Läi„cY^L&QÕTE‘ýþ€"+Q4ÆlP³±D®h5‹%E/Ê*ÇÑ??pÇEEQŠÅÏóy¦ ËJ<k7[Ìf2]×‰ÈbN1ÍÉÅƒHd­æÖ;l}º/ËòÚÚÚ?ï¿'†á8îç?ÿùf9‘µÈZKø$fÿœg¼…”|Í-Ò‰!þ˜ñeÇžÊœ6K®PdYV–eE•KÅ’ ¢h*‹š¦Åâñ`CC8N%’ÉTÚlw55¯ëJ‰ˆxÎ$‚¦Å??|>çõx©d±(é†^¤"Ç²ù\^ày“É¤k:Ù?g«®urñ àê†ÎcPõòŸÏ¾(¿$Ër&“Ñu}jrªX*AŽã®\¹âr¹ÊááÉ“'~¿ÿý®¼B–+)…çKÖ#ï†v*X–q;¬ëñ¤ ðÅ¢Ä0L¡P°Z­ù\Þï÷§Sé\6çv{ˆÈ`†²²¦)%›ÅâtÚÌ‚ÉÄñöÆ¦H$r©·×n³3Äd<?<õüª¦$‰eY?l&?eÎÒ†he'Â-ÍÃDdT¦m0Û÷?.÷-$Éòäñ†ÆƒHàø–Öv³Sfyy¹¡¡?ˆ¬VÄ€çÆp$ØH•Ž8Êˆáˆ·œ­lPf·šeÅ‘/–$IÒuÝd2IRAÓtYVÌfóÓõu›ÍN,k0o±”Æds¦‹EVc^ƒaXMUb¥RÉn·iš–J§{Q’TE-J’Íf3‹¼ÅtÆ&%—?\<ÿñPÁÔáp¾ûî»¢(neƒo¾ùæéÓ§åBLÃÃv§û…Uà•Á°$ØŽ2Sù¸ç"Ÿ0¯Ë®jZ©Tb†ã8›ÍfµÚ’ÉËr…BA–e"–çy³Åárå×Ÿf¤¢¹ y<nYÒL&s*•M&QY†±ÙíEI*•Jf³IWd»ÙuÚïïˆNpjrÍvyï½÷œN'Ã0<Ï3UÝ17oÞŒÅž­×¹ÏÆphœ™X‘ôR]žr±¦³Øi°CÐëŠØ¬ñ8#Ë2Ë:EQ\?*N§Åb6¯,¯x<³Ù¬ªª(
Ë˜ÍæR©”ÏçœNÇñf“9‹544Z­VA‹’Ä‚,Ë<Ç†§ýÎŽî$µr»Ý<¿­V¥Ri||Ül6‡Ãá­“vÛl<ð*aXâ,ÄYHWÈPI×ÉÐ7ç?2Ä°Ä²ÄðGÛù¥5Ø‰!Z^‹¹\¶T*©ŠÊr\<÷ûý<Ï«Šêq{Lf“"+š¦
R&“µ;ì¢(*ŠBDº®™L&UUó¹\[8Ôs¡í´ßÓs9¹x?N§Ë<íOUUžç5MËfsR¡°º¶º±±ÁìšÕ!ËÇºL/la"?ÎÒV¿ÏåJÿ%¿Ï»°¼j2™óù¼Õj5‰¦R©¤i1¤éšÉdbYÖbµ”ä’¢ª²,kªf¶˜uÝÈf3Á†KIÖ5­½¹ñâ…öÓ~7ÏëäâÁ‡~XÿÅÇ¹Ý.·ÛÕ:üÞg‡j|ÞÅ•ÕY³…eXŽcyŽ?F£Á@?a*ÃŠX–µÛí%YVUU–K¢Éär¹2™l lð{ý]í‚ãö_˜óðž“ ð/´5ý³ó‰TFUµL&Ój./““ËåA?ãyUUuÝÐ4Íãvù<®–ïùeçç?<'»Í6t¹Ÿˆ’©ôÓè†¢jv»³T*ñ<Ï2,1†Íl±XÍv«Õëq9íçp6,âÀN·Ëã>«‹“>?3¿Ä¨@<€
Ä¨@<€
Ä¨@<€
Ä¨@<€
Ä¨@<€
~m=yÚu€—jðœvNÚÚz2às?v-^:\ˆP?xˆP?xˆP?xˆP?xˆP?xˆP?xˆP?xˆP?xˆP?xˆP?x/W<ÈŠ±äi×àÅŸvˆˆ6bÉ‰›][ IDATéùïONÏ-,®‘Ífioõ÷vœvÕ^!§&§ç'§çú{;Ë‡?€w ·#º‘œœž#"$€sÊñàË¯G767Þ}#à÷”ÏØ¬æ€ßð{ÚÛB7¿¾›/H#Ãýu”½÷ÇñÌðOßk«Ï—~øË]ñÝ?ƒuÜ>»uÄÁ–Cmná0o&:þ‡[ôÞŽgž|þ·HÛG×.ZST?^háðê9Íx?/wdƒj6«yd¸ÿË¯îýžö¶P=F'¦£ÍƒÁ­÷d$M¦t:(lºxýƒ×ƒDºªäcSw'?ûgê½Ÿ•Î²Óœš<9=g³Yjfƒ²rÂäÃù:(yo6½u˜Ÿ8¯—[÷º.ËŠþìJ]‘U¯UËŽÆÁ÷^ë¡è½…lå¤¡+ÙD$’ÈTß¥fã‘§Ñ´¤Õ÷ëÅt,²‘.n;Iz>ÙH·?S/¥£‘XªT}V×ÛOª"«dèÅt,š×‰ˆ9µñ4žUëü¶ÔéÔzò…âÂâÚ?‡.´…Ê“•ëÑ6Ð™Ÿ_é|-,©ÑGéò%Ï½q"b“?¾ý²téã7Y"RŸÞùô¡åú{ƒ¾½Ëb¼.˜EbÅ.‡9ÿäóÏç‹o“]?ÜÉx†ß¹•èø_¿ËÛœ\aæ+©ùÃŸu:‰ˆòSßÞÒ—˜ˆFôæ÷?êó©‹÷nÍr·û&iêyçÚe/KF~éûîÄÅpHHýp_küp0(èÑ{}°bu6yùä÷•‹Ã¿îóÒÆäŸnå}~)#—®ééÍÏg“nX˜ùA1i‡ø–à”çÞg6bÉ;£“[‡ùB±|rŸN†g,-ƒÝ‹7%ÂÞÌìÌJ[ßoË÷ˆˆÈ×²ÿcqñrãW—l¡?öÉDDÄ<é¤‘­íÆo.°,QÑûýŸçW‹á–è|ÔÖí­N]}ÖQ {zÞô©«ßýyj1Öç³Q‰¯}tÑFD©©¯>›ZîºÞ&FfîÄ=?ùp°I XýîÓ©©–à 78ôË¯—ŸžúÓ­µhŸ7HD$;{~ú~O$/};›l¾ü›áF?HY½ÿ_1éßn€}?þÊEÕ‚»2€Íj¶µ…¬VK?%8;/?}8n‹ÍØ^ÿ¥—’Ë•í=ÁÅGKÙ]¦Èr&Øõšó ¢Š’L,qDD$¥—–³ÒI#Þ×è¼óãè×™`S ØòÚ˜òMž¦rêà‘ˆ*±ÁÖ²•¿rû]ô0•¡6Úˆé?—›ÊCŸ·ß¥,&óäµi¹èür,£©yÒÌ›uñ„+3*2±
¿ÕX¹Ïãöâ›SŽ…‚d³n5‚©½-Tç,ä=Í—ÿú¯){ß[om›U,¶uøGï/ÇøGéæ«?÷.‚ˆˆŒØÊ¢âìö›‰”•ûgGÞí¿h"íéäì<‘­ýÍÿ–RÉDliê¯Üï~0°÷hUÙš&`qqœ@²¦oNþÐt"†¥ÔÃ¿~‘¸ðÞk—íåæ£‹¥­"¸Jü`9ždUÙö³€óáÔZ™6«Ùf³D7Ø#yrzþË¯GWrGÿpûÅ«;Î³¡‹—M«ß|³FÝ->¦Æ?²,+²¬Èr>½:~sü|½ÝADš¬ê6§Ï.
"›Ü¨L}Î§
gqš/^¹’òeŸ•Ï?U"Cz2e›ý~"_(h^[yœÕ‰H‰/>IÙÚ-¤¨2gó{,‚(Ê‰D¦FQÞp«°2÷$c‘Ÿ_?ê[°¯Óì=¨¬[ðì5¯`#–œœž»ñî‡+—q]tÕzÁÑÖå¥Ë­;“CÙÒ?-k²4\èÿuocyÈ?¹¥³wqü¯Ÿ®Zx¾£ÙEY"’2¿[’D³ ó¥Á«¢lÍR‰ÈÖf[ÿìÓIYÕ5gË?òôhoßû¯?Þüâó«“páÍ«­D–#M£ßü÷M‹‰÷´8jNŽð]è¹5þ·?-°&!ÔærSþpß€½1Ÿ|öÅ)>~rz~aimd¸wBØˆ%¿üênoç1nœpóÙúE‡¥ëÄîº¯æÉ½î×ÙZì:kè:±l­þ?#=jX[O|53$Àùqã'W‰hll¬ž‹‡††NîAoG¾ }ùÕÝ@À;ÐÛQž‚¼±‘x²ÙØHÞcÌTZžš§®wŽ”ˆj7ÇÑF¯‘jŸeê(Ù^€Ó_¹hd¸ÿB[èÎèä—_ÝÝ:ÙÞØc7å£šÞúe“pÐœd€WÖéÇƒòîÈ¿þÅõòeÕË–G6ØÇKÊ^H$€ºa;T @âT @âT @âT @âT @âT @âT @âTð§]"¢Ééù…¥µ_ÿâ:-,®íx5ðÚ¬æSªÀ+ä”ãÁ'¿eµZ667Þ}£œîŒNî¸&ðÞxgø ’¢÷þ8>»uÄ±ÎP÷;o´Ø˜:*Qxòùßf=×?x=XoµuEÖ8Q@×œ,EUK%EQ4]×uÃ8íêœÇq‚À™L‚À¿¬¿h§ü&ß{ç?›_ß½ñî¿‡ˆÚÛB6›eÇ5å—êqq«‰_J<¸=úù´ó·}®ƒoƒ—ß¶ˆu\¸)?ÿÍ·‹-×Þï´ÕÀsÊå%]7lV“ÝÆ1!œ†UÓR©Ä(ö]-Õóç”ã?Íj.?)ÚRØ?ÉÛÑb›^Nä{¢¢sK¹Ôºnor‰D¤—Ò±„"z½nKDÄ[ü>›÷j&+r.¿ÓÂnu>¨ÙøFžì~ŸƒÕå’¢“¦–Y }pÒ™¼Å,šLB9 œƒŽãœk©¤¤3y—óœ@üRt‘¼ˆ¹Å‚L6Ñ"-~ù·eòëÉkiëûµÓ²ôýwâb8$¤~¸¯µ~8(6ö—YçG×.Z‰òOnÞ\æB^›:ÿMÂù“Ÿ5>ñÝ—s%OÈ/¦'“þööèêœDÚìÄg‹äé¹z­íü‡H8]¹¼d1‹¢( œÃ Qˆ¡\^:ß}çfîQtnâ^„ˆH+$£lÏµ&–‰Jºö¿.ÚˆH_»'îùÉ‡ƒMÑÀêwŸNMµ½[dÝž5Ýx«™'¢Ž©¯¾[È~Ôùa†½ü‹÷{lDDŠ¢C?Ö›ß.¶cpœEUuÝØê7€Sd…bQQTõÏC8Ws*x[C{c×ë^·‰¥YÂM•v|l#¦7^n*?#Ü~—²˜ÌÓV<?b+?ž>¼#"¢›±HÅ?dÆÝÞÆÁÉ*•›Õ„lð20²YÍR±„xð¢ïÜƒ`ç@­Õ‡Xns
Ç$kúævšNÄT5÷9^$Þ¡û¢½râ2ËÓÚ"I¥"z
àT(Šf·q§]¨à8VQ´Ó®ÅtÊŸ…/,®}ùõh¾P$¢?Xraqm÷?åW?…/4¯­<ÎêD¤ÄŸ¤lm?U?bC[£ôx)A‚(ˆ¢`äò%VhhlR£ó™ˆÈ?R™ÈætS2‘RˆŸéÂ¦ë:SÏú¼pR4í<ÇƒSî=˜|8ŸÏK[[èÎèd>/í¾¦þ¹óö½ÿÚèÍ/>À°:Þ¼zÑZý²ØzõµôíñÿúÓ$gÒ5²u?¼á´¼u=ÿå7ÿúƒJÄ±¾KoÜpŠÁ®‹þÏ§þôÇ)j»üûáÆã©@-ºa`dÀKå|ÿÍÌ|òÙ§øø?X2Ÿ—ÚÛBD”/…ZñàX–:ÝN×u–Ýì9QW¿ûó¢¿¼rQ™¡ëÆ³×·î¡§vŸ?3bm=ðb«‹S´OŸ•ª¼"ÎÐßÎ7~r•ˆÆÆÆê¹xhhèô{~ÏVëßf5aÓ£Ùjûg–&¦æÖWü—«»–Ý=œcw@6€óåÜÎ¹®“èò·´ù]'”K^b¯z<0»›N»/?€
Ä¨@<€
Ä¨@<€
Ä¨@<€
Ä¨@<€
Ä¨@<€
Ä¨@<€
Ä¨àO»¯C“å¢”NT"í>§U9æPEdï?ŽmYÃ—{ÄPSxe½,ñ _(NNÏmÄ’DÔÞêïí8íœKù™þ÷­•ò×ÂÀ¯þÇH?;ø¦Òâ¿þãöœR>èúÍÿ=|±•<‡¤èã“3KEyç+œ»µm` ¿3`ÛÌÕ?#¢?ÿÏÕ%­??žØ:
;ûzàø¼ñ _(~ò·¯·–Ö‚OÀï9bqª¬¼ `ÜÀþ”‰öüªßuÐ§×ñ™û›ÙOZÿú›Ñ5m?—µÔÒü­¥ùÛÞŽ÷>¶žpåvz)âÁÆF¢ú0Ÿ—&¦ço¼3|ØrŠëSßÜ]?—ˆˆˆ7µöwº„èønÑ{‰¢cÿ¸™ºøë÷.ØS¬®È'"nÀ9´15¶ØñÓvË~×ß-ž\•Î™ìÃüyl¹Žp¥%æo?îø÷AÿáÊ×4õÈu;¢í?ááÿýó®}?àŒy)âA¾°³ña³š[Hqé‡¿ÜÍ‡GÞºÑì`I/f"S“‘L‡ËWuM°{ø?¼é?“åç¿ùv±åÚû?‡Êg‚6w÷Ñ@Û?oÏyåÇ±å“­ÓùQZüW?lÀ¹ýæÊˆ.©Ïoõ*8:êÉÎžßm!Ò
±õ¬B„–9³—"žÉémglÖÃþ?—xô eïy+ì ""Öìj~ýÚ®«D»_ä·ºôR:–ÐÌ·³|N•âNMÅ²èºD"]—KŠNšZRd?xô!À¹“{xo®ëƒ‹{¤ßÄÔ?‡{?Š?ýÉ+÷ïl”%Øºß|{¤Ó/V‡±Rråñ?£ã‘xCW»£žb-®?ÅED
{•^’xð{ú{;'§ç*‡ï¡§&Ò±’©-äÚÿªèÄ¿nÒàï‡‚DjtüÛoŽ6/›ÿñ¾ÖõÖ{¶èÄ¿n¦œM%M
ñ¥ZçðoôÉ›S³i³Ÿ-’§çêµ6|VçÍò÷?®´¿®ñƒüÌ½‡©Ó¨Òy??Û–¬|#¿úé€g×"C&Oxà§áÎ•™„ÿq€—ÁKˆ¨¿·£½-´±‘°Ù,G™”¬*
ñBÝïF_{ðÕFã‡ïw;¢¾Õo??Yi}M$¢¼£ïW}>†ôàýÿ¸»¸üá°åæ·‹-Ã\ç–²xgº+|yçÈmõÇÛ+{ÜRÍÐ¤ÌúòòJdm=•.Æó‚Ïew7wôöt·Ïµ•£¬æ7?üÝ¯µ9´|döÇéÇëk±¢,¾¦P÷¥+½¡Ü´llqmq}u-š.ÆÓZy”ŽÛßÑÝÛví±¶§œYy29S.ÜlöC½ýÝA[?jì¸±”\YxX¹‘8·ßé«õvö_˜ŒVß|³F6Øbw7×Y°}ô`¹°yäënuî¼¤¾Êög±y½–¨ŽŒ©…±û±º?:ß¼¬^ŠxPž{Pž œÏKåþ„ÃÁ©JÝsôb1ÝPg,/¨H¼T”I$¢fy6+°¤aL¼*R£÷g:?è®n>±‰;‹ý?ÓOÆ¾ý~>²cö?¢ÄcÉxltn|¬ýíŸÿ´Ç³µxª–Y?o]º(ÿðÉèB±êÆ¥ÅÛK+3ƒïþæµ†­»¤§?Þ¹óh.±£:Z*–OÅ,<œòõ¿ýáaËöZ|ì¯{ÝÞS,Æ—æo-ÍOt½ýv`[5Zªµ†?üò³»ÉªHµT,™*¿?ë¿øÙÅ]Íñ2ÑÅêqE}õÜU%µüxüÙ²§ámñà0•?ìÏbÇõ¹øô^ßI8›N?lÄ’_~uwÇI›Ír¸Ý¬.¿ivq-Ýë<`|QÇänìëÝlô²œ@±ƒî8gZÂ¾å•rÛ.~ûÇ•Î·Â[-ryqr,]ùÚÝÑd™?DjÀ¢‹;³Á6ÚÂíZì¿{»¹æç·þ®dkÜ®ÅÇoO´ý?AoåXM¯ìÊÛ¯Ÿ¼õ¹ýW¿é­j(§'ÿúß£µ®N=¾}+"ìQ”ýô/{½%máÖßÿA¿ÚsªÆ#—­þŠ?è3pÇqxžÊ×û³€sï”ãAÍlPîC˜œž³YÍím¡úJòö].Þºÿ­påõ^3£æ3«S÷òïõùlv7Eâ
Vµ|¡ ùëµÅKÍ=–=ŸÌrÞ½r…Íé¦d"¥tÚƒèpû›¼Ô\¯³ÿMiïNt‡+­@m}ìn¤ÒÚF.û§çk¥âš.v9¦f‰DWCgW¸Åkãˆ¨››Z¨¤mzl~ ùR­••lŽÈìììl°óZny±*gVcƒÞÊx'Gû¥öÛwˆ8›³½½­¥Ùc!"-¿<16±^¹%zo2ÒývS%ßäg~xP?Ä@ÓP_—ÏTL-=}˜Ìæj/5ª­Žþu«y-Ø®]¿Üê±p$§çG¿¸3?&"mùû»‹-?mÛ¿¹/åÓÕ‡NûÌ+x¾Ê×ñ³à->¿?ˆ
é¼´õýß³‘]{….8KN9<Y\ÛçÕÉ‡óuÇ‚ƒþdê›»£'ÚÜ÷ÀÉÙ/…–¿ûç?t¾·uµ·ïý×îýåç8–Jdo¹xÍ½g·C°ë¢ÿó©?ýqŠÚ.ÿ~¸±þwð²cý#mcÿ("*ŽÞ{Üýó.Qzft"W¹¤åÍ+aÓÚô^%øÚÌîK]A{õîË¡&¿ø—ÿ«4Ð7–7¤KŽZd®eèãŸ]r”S÷P‡û?ÿ9ºùÜìzRºì¯Üd
wgº[{Â®m¥4…,ÚÿwkºÜTUVÖÔ "¢ôÂtÕ¬®säß®w”‡5…::ÛGÿò·Çµ¦\gfÆ¶ÆSq½ïýbd³ÓCtu¼ý3)þ§Q"R"2m=‡,d5ï=íà°ln7Q?9!Ï[ùƒí××¾kßƒ†+bß€óåô{öy5Ÿ—ò…bý{ ˜úÞÿuªbðU+?ÚZßz¯U×‰e‰>øý³³¯}ÔJ¤ªÄW¾Î¡g¯Rpð÷o]zá½ß^ Jç
×|åíðb¥µ·26¶Úö¶?2v/SyÙuéõNIûàé~£ÖL!‡'H´ùù}*™«¹@¿04´Ù%"ÆßÔÉÑøf7•/<»I_ªU{?¯a«­¬%2,D$ÅÖªÆÈûÞî¨ž– 6öµ?¾¹°«´ôòÌÆæ×ö®îÐö&½«½»éA4BD]Y—zœ‡h§35¼Ø6ôóV¾þŸœs§Ú[CÑ}ÂöG#†vÚ«eÏ×ý@6€óÉÖýú¥‰•ò¦Úô?ÖðÂæjý\ïHßÞ;¦=£IÉx2_Oˆ¨”Y‰åˆ´lÕëšQó¾?Ï½íØápm6ìs»P3ñh2žˆe"5]ÏÈD…êA<†^þw6SÕ7`øv.7d„<´°ó¿<Z.S*6fÆF·7±µÄÖ[zšÉîß\¶Ø\DÏ¶““dù7¯Ÿ»ò‡üYÀùuÊñ ¿·£ÿtkÞ¾‘K??+/ÒŸ~<ºÙàæ:F†kO)®’?¿ýÕèôÆÑZ?¢ÈÕqÉë_ß]Vê}LukÖmÛ½)_+íËRîÙÁöyvª=s¡
ãr7mÍ×ˆ­­ú]u/ŠzÏ]ùºpÞ?þÊEpÚÄðk#?s··mñKÎ‘Á¶ÂAiñ_®Þ˜sûýMÍN‘ˆ(?Ô\8èÐŒØø'_Ž>ë%à,^g¨Éoç‰HKÌÍ/çvÞÁ™„g­à•–¤ÌÎ{hûÂv_o§wï·ï?¨+ÀæÙúÖÄ'æbÝ»v–8NÇYyx¥!‘©mèõÉ¹ïŸ5šÃÝ­,­Ì<ËöŽ_þv¤éY›týÎqÅƒØâØ³là{ûß>è}¶
R~&^#8þª?î"ñá ¯êe#¶ò¨ÆGè§—£x¥ß¡äí>ÇJe¾öþàèØÖw 5zëNÃ¯F‚{4Ú‹3É`ws­v»ªhD~²¼•ß—ÙjA%ÀKãé€ˆÈÕ=<°ÕìšF.7Ø$•¥ü³·Ç]ÝôM®×\õdIª*äõU¯?ªÆ¢µöu›ZÚŸ)£_Ý^ÙÚfØ?VîÜÝ•(ˆˆ¼Ý[+s*óãsùZQ6[ûüNŽŽ¡KÕßÂâÄ§ŸÞz´žÝ>@J“’+ãÿÿpûÖØâæì›»zÀJ,U{æÆ‹¬ü~8±úc¥T&‹yçz€ˆˆ¸†¡‘¶È?1"rt¿vÀºþDD$ZlD›í¯/,çººËCMNß{´÷à÷Ã-Žh³º¼½,oH+£÷gjÞcj¸¿0±ÙE?^üì+n¿™#ÒrùÔ^û†qáî+æéÑòËÚò­Oÿš¹ÖvY924YÎg×&¦ÍI]¿û·¡:fl‹á7Þˆ|9ñ¬ë£8sûË™ÛœÅk¶²D;*³ñx%}©×EDd²Ùˆ6Ûñ¹‡ÿúÖ<rÁÉgohpìÚŽ¹òûq¸}U³–ö¹6Òvp$e•@vM8ó Bl}ûw­‡¸ÞÒÔÞBñÊú<JüÖýçtS(H±…H^R8N íÀ)¼õð†{í?7÷a(N|ú_+¡`“¥YM¦Š{=…]X®nšk©ØÖçæ–ny¹Æçè¾Þ·f·îÒ"÷oÿçýÝW=ž‰\~;TÇL^¾aäƒáÜ_F¶MJäk-›ŸXˆõú‰ÈÕÐâ ‡[K¥?}ö˜ˆ|×ÿ?cïùÍÇ\ù½YZ:Û)¾µ0¬¼6kmžˆˆ<×›ÛzpÆap•µë­ë¾g-ME‰/-N/å%…¸Ž®¡†cz
×0ünWÕp-µ™žK¦ŠD®®¡î=îâF~}cdw;ØìþèoµU­˜,ì¼kø qUÑx¬Þ5ö®Ÿ}\«»ˆ¡K×»7ç.{û~:°{Mg¯{ÿµ?Ž½ò{1u\­þ¹?“Œ§1ÒàÌCï?ãâÿÛ5yûöÔ\b«]Èùº‡övCäó‡Çõ.8üñ¿ùïÜ¾3±ö¬õ)†ú>|ï
ý¸÷SÄ†?ÿ½7[\]LˆHp4´´7yD†¤ÙªËœŽíw~ô»ö•©Ñ»?v4v!ØÚ5tåRØu˜M?Å†?ÿ½;½8óãäƒ¥Œ´£¯C‚­?Ý=]ÝA[õ=Áá_üRøêóûIùOz•ßƒãâ¿·?Ýúúñr¾ú)\®˜':Ì~Òðòa>ùì‹Ó®ÀI[[O|­ËórØˆ§ÏDU5Y.dc9²û\NñÅ}ì ÊR>™*‰n·ÓràBýÆöå>Ÿ‘æoþ×³]“/]ÿ¿Þ
×.K“eµ˜?çd“Ýg·‰¦cØ@+Éš–O¥$²¹Üfóeš,eR)‰søñpßØPùš‘¥d*ÏÙ}N«(r/j¹$€—ËYùÛ™ˆnüä*???ÕsñÐÐzàxp¢èð…^ø´T^´¸êZ¶¿4ÿÅLrƒW†:Ã.Ë¶–qvæÖ×Ï;ƒ{6œ9QäD_è8?çL"GbÐê©ëj†­žz/Þù¤ã¯|Í‡XÄËÙø+ê‚xçPváá‚’§»·çî™Í>»+Øì¤äZ4^ŒW?‡q]8hó7€W
âœ?±ùUû"‹ñb1[ßy•à~·ï9Wù8g°rœ?þÁ_½;ÒéÜ§_@u|øÛ_úÐu°zà<²†Þ\×²‰õt2¶žUHÍ¥‹—?39üM?aŸý…LÕ8ëàüb8‡/äð…Â§]€³ƒ‹ ñ*^–ÁEùBqaq-K
üžþÞN›Õ|Úõx…¼ñ`rz~rz®úL>/mÄ’í­¡þÞŽÓ«À«åôãÁŽlÐÞZX\+'„Éé9›ÕÜÞ:¨Œè½?ŽÏî>í½øë¾Ì'·ò¯tí¢õØ+pÞœr<Øˆ%«³A àî/Çƒ²É‡ó?€÷ QFÁ×?þàu""ŠŽýã?ãÚû?¶Ê+†ôþÛy3V6€ÓdèºQFôRoÉyÊS“ŸT%?šòyiá kö%8}nODº.«º¡Ó±H"¯DTþ:«U—«Ùx$–*éÏñD€gÃPUMÓu"b†eOèÃ8J›öô{¼&Köý“ºEï}<¤ØØ_&ƒ,™l?}ãhî1Ç¢Œƒ¢±oùîQ~þûÏ³áF‹öp<î½üá`P8òsˆC×4?ˆ8–ãX†!†9¡Þƒ’|”»N9äóRõayÙ¢þÞÎ3•?IÉÒ~ãZ˜§üÜgŸÏ¿yãýæò×Ñˆtá¢:óõñê¯^DFËƒ<˜Ï{/ ðj0CÓtÌ‰-• IDAT†a?åØ³±£À)Çƒ@À»±‘Ø:Ìç¥Oþ~ë½wÞho}ò·¯Ë'?oyS‹ÏÃ1,G6ÿ³¯52¨¸‘Ìð™šˆ–kÂH6‰ñŽÈÐ4?ˆ9CÙàôãAÐï©Žå„póë»¿§úšczËíÝ“Ãñ,™½Îòqo7‡¡EpTºnDw–²ÁéOM®¹hiõtd›ÍRÇÂ¦Ç@hhlÊ?]L’ Š‚Èk¹œTÇ]5†Á2Ç?¥lpú½6«yd¸ÿÎèä^Œ}Zòá˜ZÞºžÿê»ýAcC'OóOÞòÚ°"*I9œÔ<äcÃ|òÙ§]ZX\›|8¿cš²ÍfîÛÈ¢ºéªÎðìYûAÂ¡¬­'>×i×¢.ñôY©*À+¢Î¿?UUcYÆ$žÚÇñ%Y}ÿ?7‰hll¬žë‡††N¿÷ ¬½-Tž£?%ó…by²AoÇéÔ†åÏXÀÿÏÞ?ÅqçyƒÿffeUTÅ!îC !dÝ–-[¾ÚmO{¦{»ûÙ™§ŸíØÙÝgâ‰Øˆ‰ØÝgã‰xŽ?Ø{Ä¾ØÛ±ÏìLÌÑ=ÝÓnÛm{äV·,Y‡%#ƒ‘DAAAAuWfî‹âH A‚ïÇŠpUVÿÊÊü“¿ÿIDD´I¶Ex?led.)HM7"""""ZÊ‰ˆˆˆˆhÃ"""""šÃð€ˆˆˆˆˆæ0< """"¢9ˆˆˆˆˆhÃ"""""šÃð€ˆˆˆˆ(ýTU‹Fcñx"9¥Z<žÐ4@4?Åâ)KÃ""""¢ô‹Æbî1ï”Ï`Âës?NÄbqEUÇ<ÞïtÊ’Áð€ˆˆˆˆ(ýñ„ÏçŸ†LMûÇ½¾x"¡©šo:0˜MY2¶Ë¬ÉD´–‰É™t'?ˆˆˆRJS5UU¡¥áÐˆ¶»—=ÝI ""¢En?o‹ö¬A‹Ç‘H,‘PE?Æb„„¢è!oÑÅð€ˆˆˆˆhMÃÄät<žðÍñÄàÐ˜N’üþÙL³)e©`x@DDDD”~zY—ã´ùAAœŽ,rœv‡Ýš²d0< """"J??NrØ³ì6«^¿Ø”HÓ´p8"Ël\DDDDD´›Äâ?g2¡(ù.§Å’!Š"EQÝ£²NgÉÌHM2¥_"ž˜ôÍLÏÌ†B‘ü|§3Û&ëtš¦!½?µDDDDD»Œ$IV‹Y„áaO8Íse§²YQRšÃƒÁî'®““ã0gS’""""¢´!Û‘åÊu¸G'<ã“¡pÄ•ãPT5•iHgxÐÚÖ½žðÀ[¯Ÿ|R„0Þþ›Î{K8*ß:]f~Æ$¥?$‰YÖL½,{&¦ÆÇ§Bî@ h2å¤,é¸srûkË/^¾µê
¥%¹N{k[÷ÄÄ”¹¤à‰;¬<ñêÁÜ-H(ÑAÒIÉÉ&“aOA®Édp?N$U'I)KFúûÜé¹Ÿ|‘<p'k&¼>sÆ3Ì¡%âqU’õ¢Pñ$Y‡DL‘ô2‚“ž°äpØââ&‰ÀäDtq¡–ˆÇ!ëÅÈÌ”/&Û?YFanE5:ã?
K™ÎlËü9ÔÔˆÊ§\v‹(<’""""¢µéõrnŽÃ —UU Šb¶#Ë —³¬™VKfÊ’‘æð`bbjáõáæºd¢§}ÂëÃÁ`¸»§ý{‹ÅbñØüQ'ëàûæËËþ’7N–™ãíèôU;S½wíËoE«³³â[ƒæªæWö9D xÿ«ówÅ=y&¥·sÒQ¶1Wžèþàj07/¡ÈYú©ñQµðÌëû²û¿:wO,É3)w»/šë¾×œ'ÆÇÛ?¿íu¸œºpûuuïé*Ù°‰ˆˆˆˆ6È7íŸñÏ.¼Õ4MÕ41…eÏé¯=H2›MK{”l(0HjýbháMyã÷äæ6¶¸òå…Nqo¨ïa~ãf  ¨:ß:SaÐ2ÝûéçwT¼Pë»r[ßòfÓÐŠnÿþöý@î^ˆÙ÷žnÌ#7~ûÍï¾ìœ™û}þòædC¦ýÐ¨;;ÇK¿^“ žÓöQÏXù¡<ñq‰%""""Z¤(j`6855óèG&£HÑÄÉÛ%<ÃÁPd!BZW—åVé{ ˜+?Ö{?»Ýi)ëhîÂ¸PÙEyædfsäcØ7ƒüYŸ_‡ÑoîŒ'Ó#„Íáäºöül€NÖÐX\{—o~Ûãt¸ò?YFL??¹Ãí?Ã?HH³á0Àú""""Z'YÖådÛW?þÌ’™ºçÊ4‡¥%æS²¢àÒ•[u5å†FƒÁp²7BYq~k[÷³">åU!ÎxGC~"ñÄÜ+MUI€¤a°”×–ÏÅeµÕ’L¬ºK1·þÔ÷j>ï”»·ã­ä?SY’¶ÂŠú¼¹^#õ‚.ÕCÔÑóLE“Ñ ëVé…¬—S÷ÐžÎðÀl6C‘\§=ù6¯ˆr?ö`(òLÇ\¾á+9úâÞ@Ç¹Ë?ÖW“5Á?ÁÑòÆ|="CÃ$ç;dk^~Gÿ_ùA—P#SÓ1»c?0-6=¥Ø–ì|K¶)<ôE0ˆ²=%òÅA÷¾¢
«¨ÁI?²múgJ9í&±xü¡Ûã?œEA’¤¥ýòóœy¹Ù©IF:Ãƒdƒ¥½“WXè~PºŽQMÜ»úûÅ©•o3}{ùö;˜«Gnó©ÀÕË×ûÏžÌ?]dzxñÂ?„W{?Û£tEGN/ßøâWŠ(k*ì…Ç?¬¨aï·?˜PMF1?«©9@]Ëá[mç?¸/Ä¸"74Ùmzö= """¢uÀìl(‰Z-f‡Ý*ëådˆ ëR÷Ð.|zþó”ìQ^ßãWÈÈ0mö”ÉÁ{—¾|PtìL…ª
ñ‘gx5¡
ºõôWUU\¹¹ª& êlwn?/';+Ý©X—‰É™—=Ý© ""¢Eë|?H$Qúõ>Ùk"ÑèÔÔÌÄät,·dfdgÛ¬³N’DQ|ŠÁ‹¢±Ä™“/øúë¯×³þ?Òß÷ Ç™ÖçžGc`ýO÷?ÄDq»tö&"""¢ç‰ Àd4äç9³¬™S>ÿ´öáÈx–ÕœïrflrqùãìÂ‡YsùñK$v """¢mGÅÌÌ?N—P”¡á±h4f·Yl-Qf¯""""ÚŽEñBÞÉéÙ`(Û‘e·YRìÒð€ˆˆˆˆh»Ñ4mv64îõMNÎ(Šb³YœÙ¶Œ4$ŠnµO·Ã""""¢ô‹Æâ#c†Æbñ¸Åœ‰ÄÆ<“É?\¹Ù¹9)ê²Ëð€ˆˆˆˆ(ýÀd4æ¹²AKF*6<jÑÓcx@DDD´-ÜÄ}¦Pµt'å¹%
pXPîB}iº“²qz½\?çtå:4UK$ZrDSARÖ²ˆáQúÂø¼^ºÓñüS5xýðúqßƒ—`1¥;A!‚$IáHtÊ73;Ö4Í`?³¬»Í¢“Rp"""¢4cl°é¼~|Þ•îDlÜô´¿àáðCÏŒv6ž˜œîxøÐ=?ÅS–Ö¥ÓíAÆ[ÂëÇíÁç©•Q,w{¼Á`¸ ?Çj1K’?ÆF=ÞÑ1orº´Ô$ƒµDDDDétß“îì\Ï×¹Ã?@Ðn·–åç8í»5Ï•]VR(ŠâŒVÓRÔ%…áQ:MÒ?‚?ëù:·±xBQTƒ^^èˆ,BF†Q¯—Š’²þêˆˆˆˆÒ‰ãm?çëÜ?z?N
Gz¨ª£Ñ˜^Ö-èt+±ïQú™3LYÖÌñ‰©û­³ ÑX|||J»Íš²©¥ŸN'å¹²c±øäÔŒwrZÓ4ÐËòž‚\»Íšºd¤ìHDDDDD´–x<‘H$rsìÎl[(QUU–uYÖL«ÅÌiÑˆˆˆˆˆv—h,î™˜²dš‹÷¸TUÓ ‰‚ Š©î*Ìð€ˆˆˆˆ(ý4U?Fãz9¦(jr‰ªiªªEQwM×äÖ¶îÁî…·¥%æSiI?9Ã˜Öt¥”¢(ãSŠ¢¬Xžã´;³m©ICúÃƒÁn³Ù”ã´'_†Â—®Ü:}ò#""""Ú=4M‹Dc?ÙÐŠåYÖÌ”¥!ýáÁª‚AFDDDD´»H’”ë´ï)t­Xn2R–†í”•$k‚¡ÈáæºäÛ?oÿM'N¼z0÷YS2þõï/MW¾uºÌü¬{"""""ÚQÌf“ÃžºaLµ-Âƒ`0|ñò­äë‰‰©O?»’|]ZRp¸¹.Å‰É­n>4˜R|T"""¢-?iD¾wÝëX•ÒMÒI‹Ùdšk;£iZ"¡h€N’RÖ/y»„ÌfS0~Ö½$bqèd)1í?Šé¹Yzhj<ž?dýÂ‰Uã1EÒË" %ü>of—Ý2÷©>Ó©×Í? ¥©ÿ”/&Û³³Œâ’%Šaq}"""¢íê'1yúð  vHô`ÐÈ@i$ãà´ÜwÐ·™ißuz9Ãd„¦%EÅ)Ÿß31¥ªjN¶=Û‘•²©¶Qx`6›NŸ<4øÀÝÝÓÿ,û¿óÅ¥ik~T‘såÉ¡ÛJEów÷g>lýâk[óíw@ôÁåOÇJÞzaÏì7¯Žª¹N[Ü{m:óÀ™*Í¿óÅ%4~ÿ@.‚Ã_^îuël%6õf«²ïô±Jýxûç·½—Sn¿®î=ýB%[ Ñö–ùT9-{p¶¶%O¤Eˆùñåmôçàd5ô´zp€ù <Cx??›± †ýO»‹çŸ¢¨3þ€$I99Žp8úpÄ3íŸ•uR8E!9?O
l£ð ®¦<
CÏ\{ hÙ÷æ¾ljnÇ¯o¹Ç÷ï/)w¶uŒMÖ9²ø‡†½Å•§?»WF¤ºcg+Íü½W?ë.9V4¿õaO¯'·þ?æ<@<—Õ‡·:ÇK¿^“ žÓöQÏXù¡¼TÏTADDD´Å,¥x·
zŒO#‡d„+&3,+ÇÔÂ˜ž€À3q_ªÍ˜vc¸ûYþ|Ã3þ ÃnÕI¢×?˜¹r¶,ËÀ·oÚ¿Ãƒ?¡Ñýµåuµ^ß³61*tf Ê"€˜_TÕÑqw´&;j /Qu$O<ô›öäÏ•ÿ[|3åÃBx05>‚=Gòää;Y'Ã;>ä·w@"!Í†Ãëˆˆˆh‡i.„@—:Ð¿d 9_?ºö}¼?ÅÜ™bñ„¢(’$‚˜‰¢˜íÈ²eYFÇ¼±xBÕ4QHEÓöm˜3ŒÉ¨ #c3z ¬ 8ËªMŸÝ®ÇÔÝ¬²ïd1?Éyè -mÑ%J:£1@¿t‰­°¢>onµzA'or*‰ˆˆˆÒ-à~¸$6BÛªa@¾_…Œ8Z¯à8]?"ô?Àä.ÜAØw‡ù0nD©’%‚ozÑjÄ÷«?!€-ÿÒñ7_¥êËn'ƒ¬ÓI¡Pxz&õzÙœaRT5¤¬Óë6
&¼¾²’‚?î‰‰©­Ø¿µ¬²ø›Þ?øžÆF#½«$¯÷ëûc•?y2Â÷Çå’F'à?[Ý±§D¾pØ_TaŸž‰Ù{Jä‹ƒî}EVPƒ“~dÛôO8*QªäÛñæ¡U–ÿW¯.¾ž?àòŒúÖÞ‹&&¬ï¨"$ÉÔ3‡Pj@lýXìÈÍÇYïII‚ÅKÓA2`2b_9Z‡Cg‚I‚G D6ú½ws†Én³ŽOLõ|;?Åósý”o&‘H˜LÖ”Û(<X:¼é–ÐåU•÷Vå'ûè‹[šf®v~ðÛnª”SòR]îÒŽÙu-Gn¶?ÿà¾
ˆç‘M{êZßj;ÿÁ}É Æ¹¸¡ÉnÓ³ïí(ÉÖ
ž¢-‡¥¥ €oÌuExûeäæ ba?Z¿ÂíP?Y)õ£øx'?¡ÚŒÀ$ÞßÅ}dYW?Ÿ#ŠÂìl8Ûaså:$I!ÇiOåLéêj+Æ½«°™-÷à÷æââÜ¯~qqã÷¿·¸Rvýéï×/ÙHvÖ¿t¦^SU,&»¸¹`.>|ª¸eé§æâ–SÅ-ªš€¨c\@DDDÛË¨õûeK’õ+>A
 é`ÛxJ3@ÑãìÑ¹%zÓ€X·“–P€ÕùœPUM§“œÙ6[–E'I‚ C“É˜™™¡—S×¤};„å©žùlA|Ü“þ*ŸŠbúOÑÖE 6 »è}Ö?EÃˆ>Û F»G,s?Nø|‹c»
‚`0èssìG–˜ª`ŠÏ¹DDDD´DÃØ,È.Äéi\›[œ]„“9¸ÐŽ€
ðhÌÉ(H1œ¿±X2êYùQÒî®MA§“dýbE?ª¨¾iÿl0$bŽó)ªsžÃ""""Z¦µÙ‡Q £¢¥5D‘‘?d‡Ëæ,\F`/²%ì;Žìúg7t÷Ã??Þ=·Šˆl;2Bø»›O8¢;ˆj3,9xïb¾¹‰gš%÷ù¤×Ëy9®Üì…%ªªNNÍº}Ó3)Ø€žˆˆˆˆ–á\+úýP4H2l™Ð‹@ÃÐ6m£P}Š²–÷`á\7ÜèÍ(ÍG…6?0,O:`ÿ]6;r³?»•_nÛA–uFƒ~á_†É˜ë´›3Œ±XBUµÔ$ƒµDDDD;ÖånÌ>ÝlR!\ú
²s`Ó!<÷’9†»ñ7(Í‚„Û?¿[:êÎM(Í"œ€æö-Ü^ºÿË·
áÂ—€f„gà~ª$ï<š¦E¢±x"a2R6ñÃ"""¢ëî3?hON`rÕB­úÁ:>]‹ýþu¬¶C%Š?ŒD¢É·?'&§fâñ„ÕbÞ?óm×‹»ÇrÇfEcãÌ”’5×¬Ë?Z:”î´m‰x<á?œžòÍuæÐMÕùyÎììu<`x@D´^ÓaÓ¯;ëFýOl@K[BÑÄQ¿eÔoéËýãÆn›ééZKm_:?d·YôKF.’DÑd2X,fƒ~7Í{@Dô\`l°MŒú-¿î¬ûé‘[éNÑ&“e?Ñh?e?9Ã$é$‰Æb±¸(
².EÏí¬'"z²ëƒÅŒ¶?Q¿åú`qºSAD´ÉetÌ;>áÓ4MQAB†G}¾ÔÍ,Çð€ˆèÉºÇvç {Û"Úyfƒá)ßL"¡HKæ‡Óé¤@ 4=“º.Ûˆˆžl<`Nwhþ"D´óD£±xBÑëu’´øˆž‘a”e],žPµÍ{Àð€ˆèÉ8NÑvÃ_„ˆv?N!O(ªº°0ŽÆbqIS5í»&m™f“ÙlšòùÝ£V‹YÅh,þpÄ“H(Î{@DDDD´«èõú|—spÈ=08"Ë:A%¡(y¹ÙÙŽ¬”%ƒáQú²³³DIôz}ÁPDUÕL³Þ–eÉÉ±›Œ†”%ƒáQšé$ed”æBážÂÈdºÓDDDé “$§#+Ëš™ˆ'4M%Q/ËK{*§"©<-%K(ÎEU>ŽìE})fB0Èpd"G×Zï¢ã>C"¢ÝE½¬ÓËi{JOx0áõ=~…Œ“9Ã˜ªä¥‚(ÀaÁKõx©e.˜?E1êC$†¬¸lxåŽÖb`ºp¡“¤jD;"J5Q€Ê|k¤n¸Ÿ$?áAwÏýîžþ'®–“ã8Ü\Ç?ˆv—?z§öÃbB×®öàÞ(
ü!L?kCs^Ø‹úüäTæã××p×Í¢?Éa?7us^í.Îw¿qéú7×•–<~µOwubbÊü„ÕÆÛÓyoá?$ZªO*2§'dTÕX²ž+­*ÓˆŸ¼‚—0>?¾…Onbd¢ˆ…q®gÇ0ìÅ?oq¬t'ë‰ãï/Â3?æ”ÑV(w1<Ø*å®t§à9”æÆEC£C£?_'¯so•'^=˜ˆNÝ¾Þv¡ÇúÝ}©jï×Ÿtb!1DDKX3ðrÞjÁô,~ö;\¾3·|É8O`Ø‹_^Áý1üÙ¼Òˆ`ÿxÓÁ´¤šˆ¶P})î{!l>§õ¥éNÄs(ÍáÁÄÄÔ–ì×à(/2÷O÷e™¡ª¡€w&®w8lš?'¤Å¢}U?%?^F"®Š²žô„¥äšjpñu’¦FüS>Åà²[’›«ñ˜"ée'=Xs³ÍÉýÇcb±xëˆh¹}E8Û„á|p­ß>yý®Aüê
þÇ?Æ?Oãö´ö!®¤"?D”J/7àó.F›ÉiÅËéNÄó)ÍáANŽã‰?
žØwyU‘Pf½Io?wûa†5ß¡óÝìˆW6¿µ/óaëßºŽ¼^e€À½ó¿÷í}ë…Ü‡­ŸKùQ6‡^WËkœãî°-ùúä©ƒ9"âãíŸßö:\N]¸ýºº÷ô•æàýk_~+Z¥˜˜?0|ÛuèÅ“9ž›WúÝºnLêPÜ|ª>û)OíHÇjQ‘‡smø²‘ø“×?ÆÑ9€¶~¼¸ß}·îˆv‹ï¼€Ûƒ¸ïÁT€?ž^rà‡r×Î©7Ð€¸½”º#¦9<Ø_[žã´?~?‹WÚÖ¹·ñþ;í£ „¦Œ‹{?å‹¢xà?—Š"ìùæƒ«îñ}ûKÊ?mÃ“•û²Lºg‹kJˆeÕ¿Zc0Úöû+nýëgö[Œ¶ýþš{ê`ŽãagçxÉá×k²ÄsÚ>ê+?dó¾ûJ‰Øk¹üÙàH¤¸ìØYCûo:qèÑ£NÕ!Ó„?tblÝE3!üê*Jr?gCm¾¾¿µ)$¢t©/Ý9µ´)â
ZïGe2b¾M²DÝÖÇéØtóéÌ®Ò¼ªƒs?‚”ÙñûÃ^H¡ˆùEUwGk²ó§¡êHÞ\ã¡l›MIœ6ëükUS?©ñ w¸½si6†@v¾3Yý!É:¨,Ô#¢Ç©*@nF}èÚØ@¥½™Ä¡*”æâÎ$˜×íDc3Š$
9@4¡zc3Š' È¢?c?™ÒñJƒ°Å×ÓC‘îžþ\§='Ç±0Îi]mÅSŒdš[±e?ýtï¹Ï§ÊN7ÕgJ˜½?þ 
‚³¬ÚôÙýázLÝÍ*ûÎBãŸÇÍH'J:Ø
+êóæB¶zA'c½}¦‰ˆ’êŠ‘Pp{pÃúf12…ÃÌd†DD;Ðõþè 7‘¡öæÉ£è?U½?_W4·OFµj—.×ºµ5é’ÌfÓÒ·¡Pxs&:ˆ'b’Ùi7É‚SS~˜“‹­e•Åßô^Ä÷46®ï0Ž=%òÅA÷¾¢
«¨ÁI?²mk­l¶:poj¹YÐvM&¢yùDx0£Œplêuš€^‡‚l„¢[˜Â¥r³ÐX†„‚¯úRwP"¢ÝéÂ7‘oÇâfÂñ)‚ƒ,Db++š…­®;Hox`6›Æ'|¹9(+)H†eK&7HöHÃ¡Ð3Ò;Ëç·]ûø’É ³Y;ëòªÊ{‡†
«òSc°Lv]Ëá[mç?¸/Ä¸"74Ùmkmk.Ù—ÿíõÖ_}[Ã±³•æ§O?í,ŠI€¢B\oÞ³H?P!‰«·Júù_ÂeÃÿþÎ­·»ÖšÞhÆ_þ<Óø»‹øË?B0‚ÿø?¸uo[ÑÆi@ÇƒØ€7‘|›çZÓðhl?P´hBK(ØÒéJ‹‡ÜOœ8¹´¤à‰S§¹¿÷ê*‹sñáSÅšªB`ßÂ1ÿLÜZ]”=€™+Ž}a_^]åµ`.n9UÜ¢ªˆº¹?ì•§_­Ä’=TÌ½–s÷¿õÎ~UUÅ§x ¢J¯Ã°:Ê\F6¶m\A™²÷äV%ïQÃ^œï@4Žñ™Ô”ˆh·I(šªjë
?ÕÚ£û
d«IT5ägmI”?Îð ®¶¼®¶<GyHŸºw{Òv å)&ÚÅuŸ3ÆD´TBA(Š™ òlÈÍÚØ3·4”BðÍðÆz´ÇkàZ®÷Î-¬-Â‹uÈµá®}5×p¨Ì…ï†¬Ã°wnµûchí¯Çk¡×!ÆézhÀïÚqç’?Þ9‚+®õ ¡@¯cK$"¢?‘%a?C×1¼¬É© @Ó ×š¦iXìr6âS¦Ãªª";Sl.1Ú7?BØ.}RÍZùÆ›:YNw2ˆh7Q5<œÄ€yvìÝ³?ð@QêÂÞB£øz`Güw?Àkçê©ß=‚ßµã?ýÿÍëøÑ‹ hxí ^=€¿ø^Ü?¿xöLD$«H÷á¿þã?â_¿…<;4²?„“ûð¿üþí÷‘gC,?W@UŠ²%Ñ†eè[†8áW“ofƒÐTl?%è$áë¡˜?¬Fâtvî] IDATsm?‚ÀD@õUW–¤ÛìâèÝZ¼­ÓËònýîD”>CãðÀnFa6Ìë!ÏŽ³MFqéöÆ,z¹'öat
ÿÝÿƒ?û¿àžÂÉ:œmÂÕüâõ?·þ¾BQNìÃ™FX3ðë/ñÒ¿Åû_®>%“,áÓ[xýß£{ŽL4”áµƒpÙpéÞüø¿?çq""z
0PÂKzˆNï5îß#×äËå9ºU†=iEë£XB(›ìâð€ˆ(ŸÜÄ¯®â“Öõ¶ÀÉ0àXNìCÿ(®|³?cUäÃdÀ˜w`ÀƒoG`Ô£$š+ñÿþÞÿŸ°·¢ID?±z† ½?Õ†„H®ŠbÀ?DäÙ ¨ð Åo®c‚]ˆˆ6(–ÐzGãý‰ÙÈ\x “ðr­i?C—D®,)?K·¢àFÓ ßšf@»µqQ:¨*îºq×½?MŽïÃq
ùvüŸmlÂE4ó¥@†ùüþÏ_Cc9.uáï/áÝ#¨ÌŸK˜0?û‹^÷Øi`–Ç 
0Ê°¿&ý’GDDqç»Ã?ˆæª?²(ŠXZW?ÌŸõ:!–Xr¬¢QUëéÓ¼!ˆˆ¶)“Í•øé«°›ñq+>½…Èc§JÐI8½-Uso'˜boþôeh*G „;p¼ŠŠ>7‚8æV¾?†²<¼ÑŒé Þ;‹“?'§ðÎ®Æ›‡?kCY.rm˜ôÀÿö¬À?·À›ÍhïÇùü›·Šâý§?uŸ "ÚÁdFYš\Ölt6¢†—iš¬7ˆ+‹÷æËEv©"WÞôØ€áÑöKÀ(c:ˆÖ>ü@øI?‘ô:œÚ¿øöãVüÍü«Wñß¾3!üâ2®÷"ÏŽÿú5üë·?ÃëG†þúòh*GS9†&à›]W
ÿö"¬f¼Ö„#{Ñ=Y7W?`”‘a˜«¯È0À(C'!ÃMÛÚ±º‰ˆž;‚ @ÀÒÎ[¢ˆÑÅ™)æZ%Q€O%nôG&½±…ò]™s«ã…OÏ¾E»&Ú¶Ü_NvVºS±.“3.{ºSAøOç_JËq³‘›…a/&«Ï†¶‡*¬MèhÆ|ð,[X[³aã•¹ÐR…K·1>ƒ÷ãx‘8þç¿›ëÃ°ÕþÝÙ‹©8Ñ#Öù ‘H(¢(Öî" ¨x0™¸ÔY•(É(FY8P¬OvNèŸHLÎ*CSäeI¯Ö™,Æ'WDc‰3'_ðõ×_¯ç{8p€µDDÛÚÈ$Fžy´U÷æ@Xj£?õ'÷á_½Šó6¢qÈ à\[Šb"¢@a?“^H6]è?‰k‘¸v¹/"‰ˆ'ææ@X0TÂ1ÕbÜªÚX†DDô”þö"nÞÃkM°f ¡àZ¾¸“î4=W
mÒå³A˜œU¿‹?N/öCPÕ¹‰kVÔ‹¢ðÐ§8ÌÒ5×dx@DDO¯g˜ÕDDÏ¤<GÀž!Ø¤O:Ãþ°úøõU:q»rqÞ""""¢4ÓëUƒQ^Ù£ Ã d…d—eA€AF•K×P´…#I³ö€ˆˆˆˆ(ý¢-º¼?r‘CÊÍ’ò³$Xë?£ê¾}²ËòÖax@DDDD”~yV©8[7T&jLÑ\V©6__âÔÉd›EUC¡}ËÇ‡fx@DDDD”~‚€£•†Ùˆ:6£„ãÚLH-ËÑ-LcŸoKÑÄ1ˆˆˆˆˆ¶?[†hËHg÷`vM&""""¢9ˆˆžLž0Ì¥"¢-Âð€ˆèÉr-Át'?–á/BD´E=Y]Þxº“@Ëð!"Ú"ˆˆžìhéP¾5?îTÐœ|kàhéPºSADô$MÓÖ±ævÂð€ˆh]þ¸±›Âv?oüqcwºSADôd iÏ_|À?M‰(=fƒ‘p$žH(ž—|Ó÷f™ûöxõýé=Sa«Êâ•Ô’5×¬Ëg½=Þs˜·ÐV èt’É(gš?éI€(¨Š¦(ª(¦hÊ‚MÁð€ˆRMQÔ©é N'fYMzù9Ë…
\ÀÄÂÛX<EÕa3K¢tz®óÚ"É\zb2?–\ZMÐŠ"J‚$>7#ž›„ÑŽ154™d{–yüýÖË:{–Ùd’§¦9?Qší¤¼…6KºsiAE@ˆÇEyn†cfx@D)5ŒètbfFzêy·Hf†Q§gƒ‘t'„h÷Ú‘ym–4æÒ‚ H¢¨iˆÅ±xBQTuÛwE`xMD)ŽÄ³¬¦t§bó™33þpºš·ÑNÍ[h³¤1—DADEUŠª(ª AHÁ¡EyŠ­QJ%ÊŽ¬÷×ËºDâira"Ú;5o¡Í’Þ\Z?$jTUÕ4$ÿ[‡g­gž*á?DD)µƒÇÙÁ_?hûãHO”î‹DHÒs0„ûÑÖí:JØç?
+€”épZ?Ò|Å£‰Ã K©hIÏ&?%D½ñ9(‚¢`­c?È¼ˆ(­í&šÿÞµ‹—z#Ö£ ñ*ÖÃg^jÊ7ž›oÿèˆ+Ý‰$%SD½~Í§Oû?}ØUýîOñ·¢­õ¸cë0/"J3†D»ˆ·ë‚ïýi£S?·$æíkŸ˜ÅÖþ±ßz‰¸"íœ²ÆpÿÅ¿(ýÓ×ª×„ÅuðO~Ò ê×ø”h³ìØƒˆ‹áÑîáî?Ôßï\ò\©wVq¦3M EÜ__<ß&ùáÙóüÂðð?Ï¾ìœTÉYóÂÙã¥–?$<ŽNÖ3ó¦-÷œçDô´ø†hwEãÀÚmÖÕˆ»ãÚõ^¯Æâš–“
LóOÛá‘Ž+·ÜÓŠ%7§êÀ‘†|# x:Ï]?|÷PÁÜ÷ÍOz,/?©±ÎmüòcOÑÛ/=kQwxøêg_ÞƒÑ€¥EêÁÞËW†
OÿäÝ}ÜÓñÙ…½Žwk­?ÙM$|÷ÚÛ;ûWœÒÈÀÕß¾Ô¿sµkx$"–í?ñBµMçíúèÚÝP±™þ¨@ÕÑwÐùþuœ8›ã¾vóÎHáÙ?;d¸òÏ#ož¨Hž‹ðhçõ¯û‡Fâ…E‡[j²e¬Xžã,Þð`¹]¿b'ÚT?Í1âÓýí­]CC~Ø+?m*HÆíZÐs·¯»hd<«µ¬îÈÑj»Þ®?®áèkÎ‘k×{½…/ÿàˆˆùzoÞèòû`,®Øð@Å\4²z^äíúèÚÝ²ãï50F!ÚBÒ?ÿË?KwˆR-Œ˜Ÿ“™5Cá¨%s³&úÉ°G¯^ë¬¶£,Kâ²‡ÅàÃö?¡©:y¸±¡H¸úÕ°¥ªÂ¡è;ÿ‹6­þÔÉSëJ³Ý¿»æÉÙ[lÕeê‚?×¼Îú"‹±mçîŒù2òëó2’û¼ûÕW‰â*í‹??`äi¾‘l°æT©1<¼3m¯Ÿ€Þ¼¦ìµ1G¤ÌlýäÕ»êÞªÃ3Ÿ©§³ÊWS<7?¼ð°àè«/~¡®4sâÆ‡=ò¾2›„¨§çöÝÁ±@ÖþcGªÌœìüª-ž_Ÿït–V¸ô#=ñÊ7^=ÒPYå²Jbðá•ŽAÏT4Ëñ–b‹$)ß^Ïj¬Ì–?ð½óÿpShyéÌ‹Gëkœ±žÏ/û\µùÀdÇçÆ+Ï¼öÒ±†}EÖÐÝ?haA«£x|Ž¡xÚ~ûáHÁKgNžh®-Ëô\þô[Cu©]Lö´ŽfÔ<|¨±v‰aäÊå‡öÚb«®~Ûï‹ì?zøP±U’TÏ??.æxùø‡öíÉ
Ý{?((´†×Î‹Bžo‡§ìÅû\?&÷)óÚM6ñ"yŽ$ÊŠŒ??­gå¼¼<lJ´»˜*Ïþø•ReðÆ‡¿ø§ÿüW¿üÕ¹K]CþØ’a õÕGŽTØMFÙä¬k9 x§@î¼î«9z¬ÆiÖe‹«ñÌg÷Õ;^Î¢ãðý±äD3‘¡O]K­¾wØ›Ü§¨w¬´¦XÞŒ´mNóÊe³þ!dYæóg½9SrCÜï·wï·µß^±Ð=:þíÝûOŸØyáþÎvÇ¡3uN“HFWCKãxßýàÜ§ÁüÆ\£¬·–n.ð?NÉ(›e’l6ÊzãB‡
©æÈÉºB»É¸¼‹…æé¼6Ó|úX±U Ù+Ž6eµõ{„''|•µUvY ™?5'³¶˜6èq9F°¿½#ëô©:§I‚ ™\M'ê&z‡‚àl|ùpµË*ë?²ÞZZU¦{}û”jŽ¼X[`3Ëz?»7;õgšKmfYo´ºjO¶ì™Ë.VÏ‹àlxçVm5þ¹ Ú]L…?/6P"~ßHÿ?ËŸ´ûÑ©Òdq|žs±eŽÙ”…±Ù0`šõ{âE-y‹5ú¼¢âÀàtN“³²ÁüóA÷ÑÂ")2r¸¢ñ¥
ûƒßO69?Œô{«])~Ól-„ÿ)¶KFÍë“oÝ£ãú‡Ó/yæ)^§¹Â;âž_Ž½ÑYÀ…9Ž…s£ÏÈ„;,«ïªÐe_m±ß;wTEÝî‘…#@ñÍ„á2–_ÿòœÜÔP’““m71³§§²VŽ!ù¼C9™U“î…‹;ÓÅç/î„ßë™?!ìóyÆàÏ[œª¶0gáRV|S~kIÎª×üêyÑ~Q"ZÄÚ¢]J2Z?Mßy«ÎÒ×7~ìª‰X’î‘Ü"¡€¥°ÂÕ3<¢ <Ô?ÙPê¬ÅU¦¶ûÀ?Ôn®*JÝàüAÿÈ:ÖZaoUùÞªò…:„…Ø`oUù3'HUb+–˜Š?®Ézæ/HÄVÁ^ûvS¡€¹ú?¾Ñ’w÷Þøøþ7Ÿ÷8¥,=ƒ9†_yéeìiy»*@lðÊßüÃµn0Ùó
œ™kíRUbÐë8Ñ¶Ã%¢ÝDVtN•õOn©o±»Ðé?FÁ|©Ÿ2í‘“?}¬eûË;îUzgjŽ9XÊj‹Ùï.1uE*_ÝÒV™Öbú‚p™ œUŠ
ž¢cr²ÞàVûíÀlðÛ¾û›?-ÙÒ»
6#I²Š’XÏª»#’¥`õ¯­·º*ê\uG4_×oÏuŽTœØÃ™Ôh#ÖÎ1ôÖ,ët8#¯à‘‹;2Ô7ì<òÎ‹{“„’\kï²=×ìõLÄê¬ˆ¶Öí±Á/þá£/z<?È\E¿â÷t|Ù5VQ]üø:{}Q]“Òz³Û›,.Œ¹o^tªžŸ³ÈX\âºÛv­[ÛW–Œ…åEÃW¯Ü35TlZt )±H<‰+P”ä0×TøººÝ1ˆ¹ÛÛÜe•Oø*ki>Xè`ý¦Æà¬l,ì»y}h¾·?twõyŸTŠ¯·fYÝýÉÖÚ?_Y_T×»~cþ§bÞ¾î‡±‡}C³ó-:”p("édÆ´?Ï1²«[ò‡¯¶†“—¨¦F:ïM0ZlÒ˜w"ÙEAñÝéîYó¶ÒÚâáö«÷æÚÆ&û&Ÿ&ÿ@Û­›ƒOÓ†?ˆÖ?µD»†¾ôèJ{Çµ÷¯E¢É%²\ÜpòÇ
žTt'¹¾væË‹ŸüíÉŒPL,n:óæ¾Åòj}iuÝÅ+ÞãE¶¹Æâ2×…û³'
7oŒÑPÿ…_ÜŒ|ðOWá|ñ‡gkÌÆ²ã§.ýõ_)€äj8ùZùÓ?#Ñ|°~¡ûÁ¦1WŸý.®_ùägç‘aFH‘ËêŽœ|âVÙû_=<öÉû?¿HMg~ºç1«J®ƒo¾ùõås¿èŒêe]P•òŠZŽ—?Œñ{Ÿÿúœ_vZ˜V\MgÎrZÚ?'äæÊ—Ï&¾ºöË¿úf9T­¥Õ'Ž€ëà™Ã¿¿ð×ÿÐî4CÊ9XS?¡µa®>û]\½tîg—†ÜÒ#'Ë›¦°§£¯³¡¨¥t›?_L´³Ÿžÿ<Ýi J5·Ç—“½‰À·ÐÄäLÁê?RŸ‰‹+õú'kJ,
½ñ™
¡Ýßæ#EQD)í³&?î«)ñ˜²Á®)±8Ö¿‰‰ÃðÈÔÑ›ñ“=.ÇÐ”XT•½ö”xòz¯ßD<&¬{å5lIÞB;Ë&^$ÏÑƒÄKÇ[|ýõ×ëYùÀ?¬= Ú¥$ýS54$ýöåY’¶ûó¯´ñGAÒo¤E¶d\mÙmû“Ñsåq9† ­Jò®_ÝFV&¢-Æ¾DDDDD4‡áÍax@DDDDDsÑ†DDDDD4‡á¥”°rÖ?c5¢í?7 =/’ubx@D)¥ÓI±x"Ý©Ø|±xB§ÛîÃ«í`;5o¡ÍÂ\zýQJ™Œr0Mw*6_05­:ó¥ÄNÍ[h³0—^?†D”R™fc"¡Î†"éNÈfšE5ÓÌÈˆÒfGæ-´Y˜KogM&¢TsØÌSÓÁx\1gôòó?Åâ‰`(šH¨›9Ýi!ÚívRÞB›…¹ôSàÍCD©&IbN¶e6™ñ‡Eƒ–î=%‚N'™Œ²=‹uˆÒoÇä-´Y˜K?†D”™f#ëy‰hÓ1o!zFì{@DDDDDsÑ†DDDDD4‡áÍax@DDDDDs8rÑnáŸ§;DDDédÍ4¥;Ï†D»óD"""z"6."""""¢9ˆˆˆˆˆhÃ"""""šÃð€ˆˆˆˆˆæ0< """"¢9ˆˆˆˆˆhÃ"""""šÃð€ˆˆˆˆˆæ0< """"¢9ˆhñX$®héNÑN¢)±H<–Xå%?E””&#UGÛIÖü™”f˜k_E´@‰Äc¼Ä7B—îÑ¶é¸t¹o(˜ÌX%WmÓéªm“·~öqÎüùa×âªÁ¾s¿¸5TtèO_«6ynýìã¾e;*:ô§¯Uû[þa—±ñí·?¸ääbOëÏ?ìr¾øÃ³öîŸØµJßþÑ‘…ƒûÎýâÖHñ¡¼Zm–tYJ÷õ_Ü?º7þøD¡´°OëÏ?ì²žø“ïÔe-ÙûdÇ¯>èñ5œùóÃ.OëÊŸzç?jóSŸ:Z—ä/øèòÂò½ã÷¿?/ùÉ"ƒŸÿòË»p¾øÞÙšàŠlþÊÔ{÷ÑÃËö´ìÚ&b¾Þ›×nôø£Éìl>}ª)ß¸òŽ“ÍU‡?œ¨qéÁÞß}ôÅ˜óÅ÷ÎÖd&÷’ü²ÕïþÐÚ¾ê9LÞŒü=þªÃ“Ûô£ïÖZ–®tw\»Ö6OÞÞ†ÜÒ#'K¦ßÿ¢s•W¿ûÓCgÑ³ö?\³xÇø»ûÉÕqë‰ï§Îº°Ðsã?_èÌmüÁÛu6aqïÞÎß¼3Òøö?Žd>z=,;ô¶ Å½wo^môD²\Üpüô?“°â”JÎŠý'Ž×¹ôxìIkœþÅ…ÇžóUÏäêWQÁðoÖ™‘®r’“líÉŸ/ZÌ:¸øÑù~ûÒWùò¯Ï¢îäOŽ.®™ÌBßþÑWòÊ\q=¤EÜÛuñ\‡7­u‡?Ÿ¨¶§7MÏ†D´¦ð½óÿpÉ«@rUUf"0:t¿gØÛ\m[çö¹3çßèç‹·"?ŸÝ,øñ±âåÙOFnõÁ&ŒôÝ‡«ª:¹©Ó´r¯ÊÐ­ßä½»ìïäþ¾Ön@÷?þæÂêå[û¯·V½TªŸ{ì½Õã[¾õÂq@ÏÒ¦­'g7U;Ä¦îu{ýg]¥Ã £¨î nüã¾«¿ïp½×ä‚÷.u7.U?9U“?%˜âêì¹õkÑô“£ŽäN‹ëÊœó?sâ€œÆ¯¸’â¹ùÛíÓ?ÌÎºj‡!230àé›mÊ7ÎÝq²¹ª¾Ð¢‹yû†ï^»àœyï°kî!,îýâóî¼åÏÖkŸÃ,ww—Àø?nOõ‘ù=!Øwî×·†â0äì/ÌÄìØÝÁÁ¡©ªª¦êƒ0;ÒáöÀZÕ”ggÆÊ¯±ú?¼ø-Gî\àïêõÔ,¤?iüNû`ÅËeÆ…”Ü¼Y¶ñÂW3b€Û†âiÿøÃŽd¹¸¶ÌiŒù†ú<Á¦¹S*9+*Š­Rtr ·¿óÃÉð»ïrÍ?¥UOšÉõØs¾ú™\ã*ª\wFºÊINî¸çfWMQSöÂ·½s£ENèïmTt÷Üm(Jwð8á{?lõ"»à`]©]ñŽôNÌ2<X†D´e¸íšWÁÒâ®N#’˜Yßòj[š—•ú…’ÿ‹žÿÜ¹X°”j)?Òwwy5‡ZÖ.0ô\ÿÃçb!ÜRÞþ;¸7+­m?½Þê&çòïÔßÞÝPšüË§<ì¼:¼róÇ—6ŸÞU—¼H‚}Þn¯ßVÚÜ¼Ô9^lú°«çóö‚³–ÎKCŠT{òÅ…gÊ¥˜VjøÕùÖn?w.<È*k8´mŸZ}7Û§!-©k9GÍówœõÄ»ó&?îï_êìºÙ[³¤Øx¼óüMç{K¸w?Èà?nÅZ_[6ØÓÙ=xÐU¡ÅÝÕ1‡½a1ö8r4–Ì&)§<J‡Ûƒ¼ºæµKîW»‘Ž:ðí b©8\:ÔÚug ÁUi\ú©r·­§¡´É)ˆ}Ý±²êcÅWØVü}×;"?—Tã4#Œ˜„¹Sê:úÆ|áEcùW~|»ïúÝêwkç¿UNšµ¬ùÐÚç|õ3¹ÖUd2:×›‘>z’ãsGlë¬K£hþÞ¯úü+6ôöw?£¬¹ViëéèóÖ¬Èd·‘øØ°W?ýÅWO×d(­¬=t4ÁBŸuaß"ZÃ¤§7ÔÖ-y
×›?Òc7ZfÖëqÏýó-–;1tëÜMÏSæÓ9Îb[¤ó³‹½³?|éoo‹KuÕµur¼íÛáå‡0Úm‘Ö[}aš·ëÆ b‘WÔAø'Üiž^^ I)'»š?´Á×qé××½Š¥âÍŠV¿ü”p0X¤ùOÃÓc¿£'°½ž"ža?€ýõK³ÉL{‡ã@QuùBû7]Ae?ø‡Æ®Esq±Ñ×ué|_p?Çóö´ÀÚPÛT×`Åýž»s±½w¤Oìû–†fÓnïÇÞÈÞž›÷áj¨mªÝï‚çNÿò'L›Ñ>Ýsón&ïÜèQ¬–å¡~Ä7²?uŒ·Õö¨Ù_“¹¸Ðd6>Ï?8kJ2¹ ²Ò
x†ÇÂó‹6œû­~&×¾ŠÖo?“lµÑ³Ý£ˆ¶_—­ËZ¤EîuõøåÒý?u’¿«ohûv{?3¬àëºÑyoÄˆ)$ÝF.ñ]ŒµD´
€ì,Ë:Ö]ÝýÎ?ïÏ¿n8óç‡çþvÙOÕÈ?ïºtÞñ?ƒO±[cé‰9ç>èùâ³[öW—=Þz ®*’$Ô4ÈÝm?½õEKZ!9;ÿYGÛÃ²ÃÑÎÖiãá3µc:–>¹Ü¸40ÿºñíÙÐŸÛ?ÅÓ×g©ª
Mù‚Áðª+úÜœlQÜÊb&ÉÕòRíÀ=¾¸±ñõƒ+þdõ]{T ‚¾8ìŠœ€‚?/Í7æ^WhMÓÂáˆÑhŸ˜ŒFc«®c6›²vAX¥¨|#”„Àn{ô¾J(~ö¬¥ºfSà…ºððf*;v0Ï¾õòïnÚ^yò½©÷vÅQ~°Ê
½¾¶ìÚW×¿®9Z$J€Ãúu,kßÈŠûnŸ®–2+ŒúýånÝq×+Xx0+>x$ÿ«s×;‡ÊÆ:{|¶Ú³õç¯xw0Ñá\ÿÜë…?
…?FÃ”ozË/W
mY?| Dö¥§Ôh¶þ%}”7˜û­u&×¾ŠÖo?“l«oiøöÊÕ¯zkÞv´ºQq¬Åüå……þþ?;÷am®.?$TU[»{Úïî/®]£©çFlÅ=èj<stüÂõÁîƒÝ`´>óR²“=Ã"ZƒN²þÉ™
žòoPÝ±Ÿ4Îïmié ±ìäéÆÉ?×®!ï©’–ÝôÆ©‰_^îûâ+çbY?2ÜÙê¬¾·n>fM?¶{6ìi<Q4øÅ??xŸT{²!7<¶"ÉgÿäpîÜkÉ€ÝËsëÃË}Å(|¥Ü?ÄÊ*e?v›ukcƒ¤ì‚bôøP\¶Z[²$)¯ôDõþšbë|§û‰?z¥jþ)m=¿c0šœšÎs9í6ë˜Çûè
:IÊÊ²>sl@oÐðM€ÌåŸ$ï8ïT®…;.žQæÁÙôú¡±÷oµ_¾Qü¤.?¾Îî8¬og›P”¹öâ’Á¦üAd>a'k[ãFNöÿ±(cÝ·|@4!#>ØÙßX°ØÑßT| ©¸çÖ?Ïf”1©îõýy¡‹Ëv\ÐøÞËÕs?œ¢øÄ~ÑhtÂ;•í°eemùå*Éz#Ó3ÀŠÐ*yJ'|³p-œÒHpÀ²«f#¹ßšgrí«hýÖ:É‚£æ…ê®?ï\útÀ°žx½Ôòí—óŸÍõcqùo¶&3YOWŸ§ú?ë™å·äÔ9ÞøA]Ìï›˜ðö·ßó¶~ú‡¦Ÿ~çYÓº°q­ÁQP&îžnO|aY,¸‘Ñ%“Þ(Ïý[Q¡syýP1¼C?´þ_'KõKo7}CÞ…?#±Á¾î8ÿÝŽ¾öŽ¾ö»~þ®;ËÚ™kÕÚ§}žHÁ™Nž‰¸ IDATæUZªèòBš¥g|^{¿î0t¹gJ§3›é•
˜Í&½>ÝÝE«?¿÷Î;ï½óÎ{¯«+¶.ù5%É¸?ßQUÕÙ`@`6(Ë²Ù¼JQµÙœ!ë6¥@MÎ+t¸s»/°P¨¬Ã‘…;®h¡oOÂ}¯7X‹s——wfVŸ}½Ú>íšxì¡4ï½.?ÿP{G_{GÿP€·£Ï8Ê$À×õÍ’V.±`x£íxV»‘½ýw<ÞîŽ¾öŽ¾î¡8€¡Ž>ïÒ?>ÍÕ--Fß˜/XñÂá=?D9’l^øõOxðÔ4-00I¢¸Õ—«>· @ï?¥?ÃÁÈÂ)í}°Pwß»ç\EyË.©uç~kŸÉµ¯¢õ[û$K®ýG*àóÛ[Ž,ê-2x§[à¹Û×ÞÑ×Þáö$cÐÁgmˆ¹U÷`,Ó é­ÎÂŠºãgÏÔXÙ“‚VÅÚ"Zƒàj<î¼sÉÛùñoÆªJçF.sœþg*“+ŒõÜl›ÿû–QÔXüÈV¬P»¼‹\fõÙ3Þ¿þlðiË®–WNŒ}ru y»oy —¾ý/Û0$Gß»Óï¯\:ÌQöþ—O)ncm™q¾¬yi’{oÝ|8Ÿä=?uk—Xïdžžù±AûÚûj_«ÌŒD£K«û7¯(}‹ÌtÝ
Ì?:«•=¶íC(N~»`0lÉ4?Zm0è­Ö§/c_ÁTÑx°ëBûÐ­_þã`Íü˜3JÝÙ6ÍÝqW?üÈSShÑÅ<=ƒ#Ø›ZjI¿ä:töèØ/¯?îY'v¿³5×ñï,ö‹M‘ÙÕ7Tï,®k*î¹5ÔuáïÆ
jæF.ò»N|ïlÅ›^¬¸‘#ýímq,D5ÐóÉÏ¯õõŽì?±gq;gÝ©#{KõÀÊö@ÓƒmmþùZgMséc*0c±X²AQ4…ÂVë_®æŠƒMw†:¼_¼ÿO•ó#)Õï}¿É•<¥×Ï½?^Zl•¢ãýÝ#
lÕG«ùýÖ“û=þL®y­»£ðãN²±¬åØQk¸ nÙÞ¼=í?–?­_ýû+ÝÝýÓåu?`·áÖÜƒŠ»í£?ûÍUUy?˜¸È¥ÜÉ.Åð€ˆÖdª<ûcsÇ¥K}Cwû=sÃ{—:²?qwûøüë"ëþGÃƒ¥+X¤²Ú•#hH{ZÞn[u”îu¬u/zÿÖ Œôµ’-b—ì¿ ºÙ2ØzëÎÐÞcK˜ÈÎêCkýõÜíóÌ¿¶êJë\ÛvPŽ­ã¹±dJ?¡Ë×ú
Ïî1g,}ÞÚ¼¢ô-êî[§ÊÑXf]3Ì‹'33?…·¾inN¶Ùœ1ã_\˜iÎØÌfT’«åÝ7,_]»Ñãíîð0äÌË\zÇÝ½Ý‡ä0í§Ž­¶ÿÿíÝûWi‚7ð/©¤B‰@‚ÂMÒÜï¢âÅÑÑn»íîéÝÙžÙí??9ï{ö=gþš=çÝ³{¶wßžëÎôô¬öEGF»ñŠ7A”F¹‚@‚?r©ðþ?â5Ê÷sø?TªžzêÉ­¾UÏSñøyBÁ?ý__ˆp¿À´ëAû0`.Z°S¦Ï-4_þ®·ùû"k¡íèßÄß¾t¥©oðÎAkÍÉNz‘>"ó?Èc]÷{€¬Â¬ù;ôº¬ü¬+×Û›;‹Rç} ”Æ¼Êe>_n¹eÆâLÝ2‡þC¡?sl.#??»Õ±êøµ}»
æÊã«»Ùp£·ï~g€X}n‰9@ÜL“vu9ÂsæWÕî°%DjÔg~û=£%?.÷.Z­¥?<ÿÙøô’Ê…óû;ZÐåç-ø’MÏ+Qµ7Ý½;`Ë]¼‚ÃÒ´eãÁš}…Dk^îhgw[çì?=êjkž³?M*æ›úo×»D¯Úà°ÓdX:°l#²?Ž[Ìà"ÍRÀPˆÏsÕ"zMy;ëuqaÇß’ºÿµ=ytfŒò«‘ü
??¹æï…0$%hµšÙñ‘Q‘™4?TªÝg¤€_R<³_MtLK~_HP¿–½é&&&GŸŽÍŸ²E¯Û²E÷ŠÞ®Á€?éezµMºì»è5±æŸÁµy9^£‰»·hiiYÍÌeee{@D«#¨˜6…ÉÎ†‹K¶ž¿>£‹—bFùPúºòù|‹öKÂG ¥P(~¦».>níºQ±ËìÕÏîs51Âk:ÒfÑQç°q—Ûï÷¿¢·«r™—éÕ6é²ï¢×Á«ø¾¶ïðuô†|ÅÑËn¿±¯Ê?–NIãâ4jµ¨ÕnÐÛU=¯Ù!­‹%irÂ£ÕjÔjqCŒÀ¦eLNx"^¤hvxë›ôv}#ñ3¸amäÎ£DDô
ßZ¶'tÿ­Reë§C¡7æÔÁä¤g¹kä?»Ü?:)qKŒB±?G`oj?:‡MNzcÕê-[Þ¨·ë‰ŸÁ‹ñ€ˆˆæªÿý‹ªõ®Ä«ÿw£u¥V«3¬©«˜‘6.~7,¦j"""""’1‘Œñ€ˆˆˆˆˆdŒDDDDD$c< """""ãÉˆˆˆˆˆHÆx@DDDDD2Þ?h³pMD¾9%Ñ&¡?×¬w^ŒD›¿‰ˆˆè™Ø¹ˆˆˆˆˆˆdŒDDDDD$c< """""ãÉˆˆˆˆˆHÆx@DDDDD2Æ"""""’1‘Œñ€ˆˆˆˆˆdŒDDDDD$c< """""ãÉˆˆˆˆˆHÆx@DDDDD2Æ"""""’1‘Œñ€ˆˆˆˆˆdŒDDDDD$c< """""ãÉˆˆˆˆˆH¦\ï
Ñk@
`l>@©?AAHðKËÎ/Š@þ DñYEá-™(@^¾ÖDDDôÜˆhEAÜkÆ?qˆ"´1@£!Ø²Q®Â¹ž™yB A?Ù]úš}Hvà×wpüH^±ø‘{øÊƒjÁDCö¦¯ÉÖÑÊˆhyÓh¹Œ–XßÃÌyÿ(®?D°'f÷àGðéìÝ÷Œ$°,N”D©ÂDDDôr8ö€ˆ–åíASuUsÙ€hÀÞHˆYÏŠÑ›eøÚÜ^å¼“?gÎvzßú·e—šì8û»3?“Ë.»z/°ÑkŽgˆhYƒ#ÐmEú:}OxûqÖŽÚlÜ»‡®IhãP\[ÂÌÓ´´¡k>%
Þ‚Å‰«À‰|@ƒ÷qÃŽ±ÒÍ¨IÆÙû¨yá“´1%—ÿì§XflK\î??²Uä'‰ˆhEŒD´¬Q7’S×~5!øý&*1@£ã¸Ô‰Å¨RcøêoÃPCàCÃU¸Sp¸j`ø>®:1š$/ÞÛ„?WÂ¨†ÏŽK÷0ê?¸bÚp¤)Iˆ$—cØ/šz!fî‰1Ç8ôÆ„ùs+ÂÏ VÍÎ)ùP©Å¼³ãK—?–üˆ3ãßÃ+•ÿŸt:Æ$­)QÇÑñD´Y1ÑJ´êµ_Ç(N_[0¡¬
™Z€„²
$+ ½90:C<Æ¡K‡¿/’§—À}?á…ÇÑ2†½û`Q€˜ŠêIô?Zû­ (¾ù›;®\A¿E=e¯’òÎ‡åÆHÃ·N~k7ÛLêà}OŒFB"xºÎ_Fí‘çí?w[´'U©¿ñKGÞ‡åRóç=ï4¯¼¬M#¯´?ëUf¸:ê/nIÑ)á¹}^*|ï`Vì:·Ñz`< ¢e1?ÀšwÊYah²ÆÙo)Z`ÌÄÃ=Câ¼Ž%10n‘ÿ•&1ª†a^ªIH^þÔ²w
·˜JüöT?½Ü˜ìê¸>?ûÃ÷JÀßuþ¿œ‰óæ,¹¶­½þÔð÷v:
·c03&aåeÑçýà?¼ðYˆ‰¸¯¯öy³Âù?ˆhsáÐd"Z–aúÇ±üíˆ¢.e&éÅêâ%i€×=’jžÙ«Í–ÅýÝŒ9%÷¸¸´£(K?ï¹g-»ˆÇÑ×yçfÓ­›mýîé¨mÑë…ñ€ˆ–•žÁ?ïÇO—‚ëSŸYñÆØìÜ4Gå’}œWçQû:Ô?¢*œÂÿ†|‹ŸÕçjZ»ptµ›lK:­¼ì<®û'¿î”R
**ª¶—d&¬0'Ñ?ñ€ˆ–%lÅ13o¢iÞ Hô·ãw—1²ôVÇ‘øüðÏÿDš)47ƒ´ºC¶º,K8ß„7¼ã¸×„®Ù1¬:ì0£ñ6î?ÀïÁà\g<x½m1çôvÈo?±þÇ’9ÄL[zûÝí=¹¹éÂj–Uc““Ó =é•ïï˜òšÌ©z•ïÐàÀ’9‰ˆ6Ž= ¢•$—àÃG¸ñ=~wOž’ G]5’Wwl¡þÂÂÇqø¸‹ûsÛñë…³¥çàpöŠå*Q]C®ÞÔ(¶aW?ÎÌÖ¹'úÐÒ?NÀ’?CyøuÛªjKRlÖÎšá¿œüc“(@ÌÎO·.?EHÏ+¾ùÅPÑ?W·¬&«bÛé¯ÿ»O§….Ëjw 3äï?;w²~Øª÷Ä'¥ÈsZÓNýE_Vå‘ý©LD›CÌ7õß®wˆ^µÁa§É°e3®?ûè¸Å¼Â`ÊWH‚_‚¸Ìuæ×]ÿm4Åá„-ÂSÒ þßC|¸ì.òz“$/z±ÑˆËNK!f_fÕDô&z?v$ìÞ ¥¥e53—••±s­š°‘²?7š1â†4LÃ=€Ø¶ÊOöÞÁ½ø%?&p½É[™^/³ƒqÙ˜%1`¹‰ÌD´™°s½†DäÐÒŒ~?$@T¡¸:ùI‹-?øS+¼Ó€™)8´m?ëKDDôº`< ¢×P¨Ëˆü¤˜ˆê¨~Õu"""z°sÉˆˆˆˆˆHÆx@DDDDD2Æ"""""’1‘Œñ€ˆˆˆˆˆdŒDDDDD$c< """""ãÉˆˆˆˆˆHÆx@DDDDD2Æ"""""’1‘Œñ€ˆˆˆˆˆdŒDDDDD$c< """""ãÉˆˆˆˆˆHÆx@DDDDD2Æ"""""’1‘Œñ€ˆˆˆˆˆdŒDDDDD$S®wˆèqMx×»
DDDëI¯Yï*¼ˆ6~'Ñ3±sÉˆˆˆˆˆHÆx@DDDDD2Æ"""""’1‘Œñ€ˆˆˆˆˆdŒDDDDD$c< """""ãÉˆˆˆˆˆHÆx@DDDDD2Æ"""""’1‘Œñ€ˆˆˆˆˆdŒDDDDD$c< """""ãÉˆˆˆˆˆHÆx@DDDDD2Æ"""""’1‘Œñ€ˆˆˆˆˆdŒD´,ÉpÊ?†ß¿´%¿ü?õ®ÃsŠæK\›wmŒD´¬¦øõ½5(×ƒ†hx´%G?ä‡Šü”÷~}ÞW]#9VIÓ/²h_Ê‘{kó® "¢??ñ€ˆ–U¹_°åjQ»µkPrô4]@“c½+±ˆÐåy‘E×ê¥ŒŽákÿqkx•óNvž9Ûé0|ëß–]j²ãìïÎtN.»ìê½À"DD¯9åzW€ˆ6.A„°åÆ@×¢\ZÖZ½”ë(¹üg?Å2ï£¸ÜeªW]%"¢7ã-«·ý&ìM€¶‹@>#¸1Œ1 ÝŒšhbÐu½ÔeÏ-åîÆy7Ž•BœÆh®÷c$ˆ„x¿…œyž¶‹@Š??:ÛqÏ‰1 Ýˆ²<D{„¦^ô? Cu1,ÚÅÕóöã¬µV´ÜG¯ÉIØ[å0®~?þ üP³xCf<R€ ºî¡Í?1 Y‡²B$ŽâlÜîa°ˆŸ™s!ßnßC×$´q(.€-aî©ÕÖ<÷"–àAKº&àSÂ’ŒyÐÄ`ä>®Ž`pÜÂ½À„ùð»ð°?ã•`ˆGu),±KÊ~TƒáÙpàä¢®A&œÈï®w£?\Ÿ|Øgf˜BËÜsjçÂ°ê÷Ï?¦$!V?\Ža¿h6è…˜¹'ÆãÐæÏ­?€Z5;§ä@¥óÎŽ/]vZò ŠÂü•ÊÿO:c’Ö”¨ß´<ED´JŒD´,ÿ¼3cp½>ôßCz&Žän\º?«ñ¨Ë@z2º1šCxÿl]??œiÃi7WÀ¨†çÎß‚o;
¶È¥!Ü³?ˆW1lDíNh•{„^ŒÜÅéß?:5¼vœk„2ÕëÀè8®öaG%j€–h¸A?šíØ~øÇsoˆ¼à”üoïm´¨ql41p? e{³qÌŒ[€\T™€˜H‡¨}hø5Å¨RÃý7¬–7mõ5¿Ô‰Å¨RcøêoÃPC0?úkÐdãX9îµãOwðq’sq,çn!³Ûâä}ßÁHÉ8RpwãäMüÍ^èfÊo¸‡â·P¥ƒ8¿’plçìŒë×¡6€·x„ºJÔê ?ãêmxŠQf|h¸w
Ž—CD'Ç€¤—{c-køæoî¸rmüõ”½þIÊ;–c ß:ù­Ýl3©ƒ÷=1‰àé:µGrœ·ÿÜmýÑžT¤þÆ/y–KÍŸ÷d|¼Ó¼ò²6?¼Òþ¬_T™áê¨¿8¸%E§„çöy©ð½ƒY±k´?DDÇÑj‰[Q???•ôŽ€˜†|ý£ò<ÒZ€·R7®£ºD¨ÝŠÆNø–éîA›€Ú"$h!ŠHÎE¥˜DËì-‡!ˆ?&5)èˆT§ ŠKaÐBÔ"?#n”#aöáè³?Œ!?% @·{s¢% TA!Fì¢Dq’uE²±Ë„=?ð<5—PV!—?^€œ F'`ð!?¨É†F„¨CY9,v´?Ê™Z‰EˆJÈ,Eq*4"D†t¤OaÔ?WÃÊjä–ôãR@åíê½oª“?i´u¡¬é:¶`GZÀÝ‡.5j‹ !j‘SŠœ½jþÔ²º=•UÛwØ“ÔÙcàê¸>?ûÃ£{*«¶ï¨Ýe˜XØœ‚%×Öÿ}ox»ý½?ŽÂãì9‡g,»ˆ>ïïÜQµ½²jm‰çA‡ÑæÄ³D´Zæy;´±À¼€FÀ[[ñÕc!½}HÏ†!’#jìÕÍ-b0­’ç•96?ºë?4Ž~5rœœ™â¢"R?â`œé¢Œ´Hœÿp™KÍ—¹§[ eÂ’„„xÌõfYY,óN?úà´«¯¹ÆÙ/`Z`ÌÄcÌÛ¶yãÔH?C¯‘ûôLÃë‚ÓÉƒÆòÉŽ¸yåGâîÆUàoÃ½Â\œFNƒC³õ†4/06ƒyÞƒäµ:u–bÜþ'V/9¦xÝ#©Y3=?D³%õáÂ%Œ9%¸r
õ®í(:¬Ÿ÷Ü³–]ÄãèvàêžÎŒâV½Fxö€ˆ^–Á
ƒ½>À?{nä§€$Â’á°K<KAù@ø‚‰Kn‰ 1ãèÚ\é(¹[µ-Íøõy4?¼H!¢
? E£æ~Ê¥_ÌØO£í"Nw`B‚ ÅÖ„åÆéF ? ¾ÇªfÆTŸÕAŽÚ †_ …¯¢r•*š¤¹Ë¹J!ßâgõ¹…šÖ.]í&Û’A+/;?ëþÉ¯;¥”‚ŠŠªí%™+ÌIDôFãÙ"zi:TšÐÔ‡?¼[a@ÔBçÁXº™¯÷8 [|¢ aF?ðcÁ®­¨…Î?I.*êÜçk°`Ë‡4€ÿ×?œd$¢þN>xà” ™©Þè( ?65OˆGË?2óX‚ÃC¸ÕTçGšü8¼–ðþúøª×DS;2‹?<û C2 ÄÁ¢[<¯.Oœ?0—ôãÀ–Üº²ÅœÓÛ=PaISëïqÀ¶h1Ó–þû»\OsË…Õ,«Æ&'§¡‰?ô¤·B€À”×dNÕ«À;48Ë¢9‰ˆ6ž= ¢(°¤ÁûOPd?™d@¥7îÂÞÉv£ñò­‹/”?Št7®öÈýNôŽTÆ£±mfÙi¸Ÿ k/Ì?€þ!¸Cà·ãúì)‚iôvÏÅÏ D¸ÓPB<î=?z™#÷À?vø§å:7=A~DD¡æé™?ãžS^|°÷ÕÈ_âID‚ß?–Ÿ‚`t\~Øß?U­g?·0–?JÓ¼‰"
¶âFûÜÐÿ(î=C:’?¸>ÓgßÝ…¦•ŽÀ¯…Ø¬?5Ê›'ÿxêÔ§ÎôˆéÖ¥³éyÅO;¦ŠòŒ«[V“U±­ïëÿ>õÅ©Sçí¢%<Ñ?¿?îþÉú«×.œiÓÈMc-Lëùú‹Sz¦@D´9ðìEƒEJ4j±mÞáçœ*xnâç!
ðN#?5–%Æ¡®
WïàÓ‡ ª±£D^VjÃŸÎ$:=v•¾xí6TßÀÏ€Á€ê,œ™¹Ÿ–0??}¨ •àV¢næ¦™ùÈiÂ¯Ï@ínä,º8©Õ‰8}¼!Ø²±cëÜV¿LÍ¿…†fÜˆ? AˆÇñH˜9t]\ŒÁ;ø´ˆÁñCØ•‡ó·Ð¦‚z¶,¤¯æ>nv\rn|Ú53%× ¹‡ïáìEø$±¨*èp¨ßµãÓh¦‘?ŠÚdÔ?Ç­†yç/ÌÿsõÇòMúÎ÷ÓwJ€|ò ÎvôÈ\ÆÒþ÷¼v~Æ²P™+ßûÇ
I‚ Ä%á‰±–ïüÍôÌDY¬u÷ÿ8»8Ñ&óMý·ë]¢WmpØi2¼Òî/Ì>:n1'®bÆ,¿´ÌõæÂ³¸›;¦á@P­zÄð¬  )"<%ÂòçY%?„ˆ]þ_ºæ+¬ZòóJ^¶/¶^? Œ°^)(£ôB½æ^£‰»·hiiYÍÌeee<{@DkOq5Ý•‘FÖF÷þÊWT‘o*üÌï.»_þÒ5_aÕ‹VÅl°Bi¼1Ñ&Á±DDDDD$c< """"";½ÉÂƒ
V‰gˆˆˆˆˆHÆx@DDDDD2Æ"""""’1‘Œñ€ˆˆˆˆˆdŒDDDDD$c< """""ãÉˆˆˆˆˆHÆx@DDDDD2Æ"""""’1‘Œñ€ˆˆˆˆˆdŒDDDDD$c< """""ãÉˆˆˆˆˆHÆx@DDDDD2åà°s½ë@DDDDD‚2)Q·Þu """"¢??‹ˆˆˆˆˆH¦\ï
Ñ+âšð®wˆˆˆÖ“>^³ÞUx0müN$""¢gbç""""""’1‘Œñ€ˆˆˆˆˆdŒDDDDD$c< """""ãÉˆˆˆˆˆHÆx@DDDDD2Æ"""""’ñ®ÉDDD´IùýÁ@P
…¦§1½Þuyq1ˆQ(bTJAWÚ¯këE÷0žºz‰mUÄ I‡l3Š3WšmÝv•mB±ÉˆˆˆhÓ…¦½S~)ZïŠDÁ4¦¥Ð´ä‚’&VT(bÍàöâÛV8\QXWh.tã`tš%3lŒ†}f›Ð
Ø¹ˆˆˆˆ6??°uR(ä?ò/?­l0ŸÃ…o[#Lßh»\›Ð
ˆˆˆhsñûƒj6Š¤PÈïÎŸÒÖýlæp¡­wÁ”?Ù°KÛ„VÆx@DDD›K (­wÖÐ¢­ë^Ãu-*|Ã6ì†­ØÆÄx@DDD›Kèeçnx‹¶î©{×µ¨ðÛ°¶bãm.¯õuŠžiÑÖ­éŽñ¢Â7lÃnØŠmLŒDDDDD$c< """""ãÑš‚ß†»ªÑR¼-ÑROÛN^0÷P¡3fmßaKP½XiÞ¾Æ†æ§µ'
’¢VÃ(3¤£v”èü+.­ÙZ|Ý×¾¹‹Šº?™qó¦´¢âðÎLís”
%(T*éŽ¾¨ÆŸË½VÍ"‰ˆˆˆÖMzéñ¢d 0eïijîjhŽ{‡å…‚:9¿j¯¤ÖE¿ŠÑQ]?â-¯je!gsSOòž,í‹ïÛ{ûšQøö>+w<£.š‘kèÎo?½3Åðù|¼?­e¬J­T©5º´‚’„žŒ¹C¡€/
!4åzj÷†{…¦\O‡ìOÇý
|ÁÀ¼ëì‡|Á@P¡MLLHŒŸ?!÷˜}È>æžën
³{=Á` 0óT(äyj·?yÖrŸèþFŸ É¹†«˜G¡ë¸Òö4r_+Éï¶ÛívW¸B?`¸Á1Û¶?PÈI€ðúæ5EÉí\äljhhê•`‹¹|ç?]¶D!ÒœC7þõs¼ÿËêÀÓyæ³‡9Ÿ³=Ï©©´d]ÁÇ?Ÿ?Æ‘Ú•6¿Iƒ?ÿó²úƒ[:ÿåsç‘Ÿ½m‹_ûªQôýS€¨PL=¾Yß®Øšb2³Û†öë]^½F…À”d(Þ·cËÀ•‹-êâã»ÓTF;ê/=ÎÚ{Èôø¯=µ'
’BÞþÆ‹7íÐÅ©¦&}0Öí²jaäyË@IDATÞ¾Æ†æ-;>(Mð´ý¯ã…oï³ª=?¯}Ûf´qJx½SÖ?(6¯Iww'NÅUkQöRé;w¢íêÍkú}5YšùO„F;.^y4«AÀ2Tï+·L=<±¹»~P˜0v¿áÛÈ­)ÂÕ¦Ðùí™NdÉ?FÑ²–ñÀÕ}«ÕÙÏ»·îë9÷›¯ïþøÿ¤ëEÐçh»ýè©-Ñ´FõŒ
eZá.ãgÍ…iEúÙ‰ÞžïoKþÞ½öÇï»âb×µ†D3$¯ÓñÔ+B|’Q+ÄÌLŸ
@­š}eÁ€?¨c#Æü—"ùP­Mµ§%÷è°Û¨ãÍý¯BšštOBgˆ[¼ñQ*ÿE¬ÙËAô¦±÷´·÷ÀÐ O‘Rš‘;€A_ÜÁ£GÔ€³ó¯¼¹»š€ÀpË™¶ÞÑCÙÛ-Í=ýî´l]ÈÞûÈ£·¥0õX.20pï¦][¼on"àêjø¶½õqÊNkäõû†3jß)HàóÞ”®öbrÁöÜ¡oÛîô&ïÜ:7ÙÕu³g*sÇÛ%I@pèÖù–®1KqÞî’±úÖæ–?ÁÞH)ÙWœ¬Á‰ZÝEv.Z+k\ÝÎžíM<TðÜK:î]{`:ðã]áÝl¥:1£ê`†üd(èrA¿Õ žùxœ£O}ê$S¢6ü(ù|AA­†Ë>äQŒ‰š™Í+Å™Œ‰êÙ&¸ìÃg|Î!{P»Õ¡ÝôYÅç¯wÙ‹ÊgrŒ««­·¢²6‰z“q¶dÉë´?JZ³Q¯BA_@RªÕò¯tÀç‹QÏÌôùæ=Eôò¦]¯|×Ð1¥7Å
<SI_]w |k,0|ó7çqüã?æ5Yópóç'[m'~QÍâýÎŽ/wL­PíiÉïÏ{c?×Î7zô±ZE¸¡Œu'ê¶=ïÀ‰Þ½Þ#ÅZrwÖ.ˆQ*9RÀ/)DqÙ/?5y9ˆÞd*]ê¶šÌŒ½HIKOP€ÏùÔµçÉ½ö'BeÀ3î}Ëš‘ÝÒÜÙ;–?;ÑÕ²T¤j?©™²ÜOG€C"@Ÿb?ëlqNÀª‰¸buBR‚¢ëÊ™‰ôÔ„„”ôÌäWµÅk/!WÅèÅæK÷*föòà³O!Ö3ÔÞ: à<—ÚìªÝc—ºµÖª?Ù‘Š¢hmâÁL6xÿPîswô™°?q·¥%.}F²7}óerò“|Î›kOü0G©ÝøíÙG‰™é)‚óì7S•ï¾_f‚§ëÛÏÚ…,Á¯4%úºÎè«>x»Ô(†n?üfÄR¼Up5×»¶?ø @×ƒ¿|yW™“¡—ÚÎÚMGÞ­Jàê:÷yÃHÊ[ÙêæFŸziw9MÖ[Uß?}ø¸Ä”&>n¿î©x7C0rãß?ÇG¿¬IApèÖÿœ³§š…§7¿AÑûu¹ž¶ßœÞýi¹€¯ëÂ6ÄÿÇ]i õ5þ{»ñçGó_Ag)Ú$­çÎOæ|ø¥FQžâwt6Û'°uÍÏm™+>úY‰B\Åœ«$9ÛÏ|s×—›nÅäJóyºÎÿ¾7ëïçÅ­4×bÓÞ?Í®ý­%¼Ôt`ðÆÉ¯®t¦±=ÏïÒÔÃW?¶wþ±pÉWUtÊ_–·ë»_õdþÃò¥Eýå zc™²
KVì¸@›’cKïR½•¥‚Æ–ßý`¨_36(fL[øi‹Q!)"”*Í]H²|;ÓýÔ1:ô¤ûZÃ`QmÍ³¬ÐdîÚî>½ù{‰?q)Y¶­á1¶B…B àðŒØÇ¦¤¼x­ÖZÄgëÙ³­CÀÐ¹ÏîŸ[útZí?ß/Ž°÷/JAh•êåú¾ñ†r÷OŽåé?š’»þ¬¹ûÕf/SŠ2¥â'ŸT‡KÉŽûýŸ?”™’à±”ñÉ;ùz`WAËÿüæV¯í‡™#?ñ5?ß?¯ÊwÆî6\Œ«ý‡½i*¹­'¿û~Û9Î§íù}T“¢?.ÿªÏµd¥iù5¦_ßí-KËÑÀ÷èî-SÙ'{DI?¿ÌÿèÝ"=€âÔ¿ºó8koF9¾ì*7¥`ìA»]w¿çÉö´4¥ïq÷ÝÛ?1Pô8ú;¦
wçýN‰FÛNã+Y¹R%FõûFÐ§o?j3ž^kë?f¹a1úÂ=ózàÆ¨,™YøÊåžçgyÜÑ?”¥Ù jå¿„h¿D›–ÚlIQ´wu»’óTÓ>W¿=dµ&Úô,K{{Ó½PR~qÂÂþ)éÚîþÝVCfüdoÇ}¿"Û”„D008”«Oœzôà1?·aKŠÉ¢3Ä†Fº¼¾5úž°mƒ%¢E¨ï¢s-Ö4Ÿ*©°"cèê#wø¡Æ”ž¤¸ùðQN²-A
ŒŽHiéooãÍÈ¨=œ2pñúÅÆøÃ{¬Z…F¿E?GƒOÆ-[ÕPÇò-šÖ¢53«ò¿ÿú>ªŽ©HYÚ!L©Z±“˜RPÂ\:}r¸ÿQê¶Zù‡VoLÁwCÎeã ¹w?²Oøß$ÃÌÁþœ¹ÓSÒÑèGŽ!µÀ~ñ\ƒ3Ó’ºÕ’jŠWzì?iaj»a¸ÃqSp?v#ëXJ8°ªLÉ,‰@Bnaþ¥öWNºÚûJŠ,Ú/x:tßƒì®fÀ7¥uy¦?–]–ôÅƒÇ)úÁN©ø‡{Üîê¯NKé{ØVôÖv¨£(óøÀòÖBSƒ·¯4v8œˆµæmß[fÑÌôÉñÜ¾t«gpLÒ%›rËv–l?¤á;g.*NTYä¥Á›_ß×¨Ë›yëû{¯~5œ~|GºÔséô€åØž­§®`×ã@¤Mn^kšR²Šöw­‡÷f-ý5ôfÃ36v¸õÔå.¿!Gý©v?µûÃãüU$¦¤–VVlK|ö‘(¿g&Sä¤ßÙqóZ{ŸË­ŠµX‹ª+r”ðö\:Ýjw¸tj@cÉ‘ýY+?¢Y©|ï`ë?;ýNOlâ¶’?Õ¹‰b€©žËgûR”î^ní˜R¥fíÙaKP:ZO]yà™‚üô©ûrw½W‚;_4bÏaÓà•›wRR¥Ÿ{9ÀûäNcKWß@@›š^R½=Ï 7ÈÜt“ÑZTQ‘^5Í£µîÜ=uíúÍoºBTñ–Ê+”@¬%'½}°ß?“¾øÜ¥"¹`_…ïZË•“w…*½pW‰E(RÞ²™®v^­ïWh3rÌò€ob¸ãö­«AP%äìµ%¬Ñv˜“‘3SÓä­H¤WErÁîW}kø‘&}×Ž©Æ[ë{B”ñÙe‰qm7›Ç¶TÔ$i‘´·Ð}¾ýJ[|]iRÒ¶üô?ûÍßýú¼ÌâáÔ(Z“°¥Ïª}÷=áËSgu*Š|Å¡eÅ›¶;žaP
±ðg»ô„­R¤HeÎÖ/ÿûqÞGµ…:nað®æŸß„ßBÁ•ˆÏ­ûi–gÜa·w7þ¡ÑrüGÅJ5tÆm…ùòNa©R…§CZø$i¥+êÌ¼¢†KìF´NVÖe-ù­WjaÈ.(L?*(„RÀú–éjÿPþ–N¼UkÜ:‘¶£¯$ÔÕ[UTË0LÑdÌ«46]>{Á¿½ÔjÒi#tÇï»v%Û?½?‰Î†o.é?8œÀÝYÿ‡VÍžÚ#µñ¢oüÞå¿œrú`OªÊœšêÿ¦w¸ÜÎþ¾Îfû°¾Ç‘W>%1Ùý}o¢m»x^Çdøó*yì“}W.Z#­ÈÑúÕLûk?Ž¥‰‡?îÛãÍ/z›QsÁ±ã©?õÿÓ—µïPn T?á›_}5b=VwÂ(ú=wê¿<ç;q´på«}OOvwšm~–ƒÃ×¾lÊÚ{ø}“ZšèkýîOõþÍO°î<¾uàÆo®¢úXu2 Z1?¬Pþdç™?ÝÕ8ôá>½ 9^ýî¤wßß”É799ØtQ²mßÿÎvµàFýÕ3mIWn,<rÌÒuî‹GÖýmz@P#‡½ïBƒ«°dß?öÄ‹ÓðÏ½ð>¬ÿmKüáÃïÔ’³ëòù¯¼>(7£·¿ª·—¼{|‚
ÇƒÛ]CUV~)Ñ&’T|âhñÒÉZkÍ‰ãˆ[Í1‚Á?B©˜;Q 0Uù r^q¥G?(?-£ü !_H¡ž·@RÎÞwrB??B¥
äU§Õ¦!Ä(Uk9ñÒÕ5¼Ú|êì?,<º«ÍÞybvŠ*!wß¡ÜP(R¨Â_8igÛqÖšw­³ÿo?f­”›‹¢i­TmÝûî{E¾îG±?ƒ±ä@©ï»³:¾ 
zœÏ4ÙÕ©™ÅÎöÎÇ>ðtuÞ5[“­>Chõ‰xb·Kàó»„DƒQ«V«}öÇ=s¥?¾_Žã]÷´ù)I€Ëá(µ‰)¶êÒmÎÑq¿:%»d¸ãÑ(ÔjµZ­†Ë=©€)5ßÔq·Ë’ý~ÇÃÈµÒò+”M§ÿÒ¤-Í]z©%Sj~JÇýG¾pÁ‚ä
_ÂXŸSh½ué/­êüÌi¹¥?šÎ5;*¶¥qP2E—fÛáŸÊ”z¯?üýçÿñéþx¦¡µÏåŸž›A´íÜ™“¨‰UiŒ…ÛËT=Ž§ õßitæíªÉ3Æ‰±*?¹´n?±ýò]cz^l÷PxGsª¯g¸p{¾ØÑï—éêëÊÌ³FØ3^nE7¥êÚ½áiŒùû+RVXð,J•« ±*1V%*×ÃÆVq×¾*‹^%ÆÆ%äÔ,™¸ÜÜë_±wç•ËnÛ.[„nBî7ïˆ%u•]¬JŒKÜ¶s_¥ûvso‚JŒÕ(¥Z%Æª–$üŒò‡Ûo?•ìÛcÕ1€2q[uiBKïðÌK6¹µt‰Y«õ™Õ•×»bUq*‚*.V%ÆÎ†@!oçÞÂÔDMìÂX8=|çÊxem?U/sv•oiêàµ;·åç&ª„qÆ¼=ÌD+RÎÏ«2?ÌMŒ¸³«\Ûl°á(f²Á3gd6Xkøe¯žðž‹?Róî‡ê††?ÿûÙ¹û$AmÚýÁø¹Sÿþ)ô?„¬š·ËS@ŸVTÒvö³¹´ë£.ÏÙeúòôÿm¶ùÙÛ¶ƒ¶óg>ýÜ Wr-Ûæ
ÏÉÕ÷œþìœ×ç÷¼ýnšW÷?‹§ì}\ÐåŠßu,SUöžw]çþúÙ¿Õ‰Ò*?Ôa*­«8ýÙ¿6nÑê³ŠR²±Ì?CŒÖË§±'+R‡cSå‘ƒ—Nþë%¥V9L¬ØWkHT+ N³•œîÊ?MÉ(6~Ÿ_»¡¯äJ¯+MjéÁÔRÒ”Ë9Ðuíâ×ÍÖš?÷e†Ç#¤çÞ·qš-šðš×p }{ÊÜO“˜’nu÷ŽyaÔ·•Äý®wpWjº05ÐÝŸSz 'ñÑÙþÑr£î?.‡­Ôé'mÙ!uû¼‡B¢1QÜ|Éå6eÕÎût-Yhu8‘¹Ü5|Ü?õ¸)Ôž¨Š´!’ó©Ë˜“:wÔ£%MOŸÌZí5?V,ßåx"rüƒƒ3S¦xêôÀ©¦¤Ù…Dm<'=À2÷dM5Góår’r}ƒƒ3S¼?œã^˜5©™ÖÆ«gTå%&“aþ%ÜˆˆèM¶A¿ïÕ–Ê#W}!åÜ•FUÆ’£?/%…rîg4>{ÿGÿ¼'A ìÝŸ—Iáÿãkßÿy­43}®hmö®÷‹vƒ˜þ¬M«>òq5+˜ÊŽ|\v$””³•¦Òw?)J!¥ 0ï|á¢Êçüð—¿\8)¥fvŠ>kï»Y{b~.Vgïÿå?Ï>2Uüô—/ÒnD«'Äê?9åï$)¾ø¢³o{æ¶†ºý~Ê%hÂ?ýt©9æ+ý;ÓM}]£%æ½6Wó‡îár£¦¯Ó[¹;}Cð’~¨‹«é²!aÞÇWÏ4bÏ‡Ë]r4$ù¡V..OZ¦×ãó—ï÷O-š’XtÔ¨‹â…¦‚þÅgNó?'oÄÙŽþ]ÊpOÇµkýN?¥êÃ6Ç½é¢ô–]û±ì¥F_„Bá´›bÉO1Âàÿ/°ôÒH‘Š…réDå³ï·°«<gF]Óòeãæ¨Äg?×%šqÇ1ËÌágiÌ1 JªbÓgeß~Ø—ãîÏ«1Ðeå[ÿÐ5˜¡i?Úöƒçº,R¼Þ¬ºÛ÷$`M“û#ù‡úû€¬ç)c1•¨†„™Þ8¢~‹~ÐáB7ót?‚5R·@¾õÕù‰’÷ç-{;•.I50l—Þš½§?Ë1kÁÊCV_þ–„d<â-©Ï÷Õ*¨DHÒÒK<D K4c@ÐY,× êÍ9…æœÂ?ÓÎÖ/ÏÜÈÙÃ>?DDoºhvØÒ¦••¤mä?ãÚœƒÿT÷Ü7q&zSø{/üöÔ…ûÃî)ùà¶ä¾}µu(Ç¶ÌÝxfˆé…åÒ?›íŽðqfÿàÍÆ^c•m¦÷L¬5Ãü éJûtAV8Ä¦f§÷_¾ôPS’ó|MÒKw%vœ?w³Ïé?r9ºnÕ·Ž/»_,üSÿ”7}ÿTÀï?tÐ^ŒOÔ9;z?§#ƒm»uðÚÍ^¯<:âþå“….Œ$9nõ—ó¾ÝÙbxEÿT`éŒÛJ­=Í?}ò÷÷×?™…™Ï>¼¿ºòUÖB›ÿÆµöÑ™SŽŽûý+?”˜IA]=á?Ó+Ïš^Xîo¼6óâ~Ggûã)þÇ?}3’¼ž)a“õ}&"Ú¤6×1l?w ¦ÍLÌÜuTj¾}å‹+S¾ð•ÊZ²÷'e–gÝK0W©»úÝ×¿º+ÄÁãWXËëŽÌí·‹™¶Âï.9v§Ï\x'Öše>ß=±ç9?yÐÙÿ$îNcëÅÓ·ÅÄ¬Òº:}Ã#ßÖÀÛõÝ¯.:äõŸ·H¯Št#0cI]áÀ_ÎüÛ5@e;ñIÕ¶ƒužo¿ûí§×ÕqðHq…{ŽîI‹0xÚÑ}8€áó§:æM´î{ï¨má5
ãl‡ßöÖÿõë»¨ÐJ)1³öýšÕá]eùBrÕñÃ·êÿ|Ù¯Ð
Ÿ Ï«Ü?ûÌÒE?¨úú‹ß5ByÝ/ÒV˜U0W;ÖrñÌïïøD•r2$¤¤oß?@ˆ<üöOg\*£î1É\^w˜÷X&"Úb¾øº~½ë@´„ç½ÀÄ:±?Ž[")})’? A!®|=?¥¦%¿bì+LÙãí_|>¾ýg5Ö—^§4€zÞE{¦%ÏÝ+ü1Ï¸BÑË–?ç¼—Ùsnãâ&š-ä¿èDkÏ=15ýŒ3k¯±ÄèâçÎaþ×9„Öl[1øÙ¡¹‡¶aµÉËvš«êGºîìÞþ¼‹¼{HD]‚¨z‘=ãa­w­·ûœÞp¯ù)Gûõ»ÎÂôÔh¬SXtAÏ!šÙ |Õ5m›¸Ïñsnãâ&š-„Ù€Þ8
Å›<Ê~ÑÖ%-s9³¨XTø†mØ[±?isu."¢Î˜c¼uí«‹Nç R™·•ÿhûÆºö½TJAò¿è7<ÕÂëªd›áxþ»P­RöÂ>‡¶aU‘.@CËa< ¢?$ÎR²ßR²Þµ ¢7›(*AI
mÄÙ—$(âÂS?Å™è^“„`Ô£8sÁ”?Ù°KÛ„VÆÎEDDD´éhbÅ×eÚê
…&6ÂÅ&–ÀÕ+Ï‡³ÁÁHÇr6ZÃ.×&´f)"""ÚtŠ˜8­Úï‚R(4½1Ô®RbŠ•RXî¹Nƒ÷v ­ÝÃxê~©‘ÊŠ$é?m^|Þ`n†?Ñ°ÏlZ›Œˆˆˆ6)QTnžÝÇâÌe÷é£nS5ì›g?ý!""""¢õÅx@DDDDD2Æ"""""’1‘Œñ€ˆˆˆˆˆdŒDDDDD$ã5§ˆˆˆˆˆ6…O>ùdéÄÏ>ûlþCž= """"Ú%?ˆSˆˆˆˆˆ6‹ùy`i6`< """"Ú\Â© b6`< """"Út–ËŒDDDDD4‡ñ€ˆˆˆˆˆdŒDDDDD$c< """""ãÉˆˆˆˆˆHöÿç¦"„2_,IEND®B`‚' height='200' width='200'/><br>]]>
  </system-out>
</testsuite> <!-- Runner.TestRunner -->
