<?xml version="1.0" encoding="UTF-8"?>
<!-- Generated by org.testng.reporters.JUnitReportReporter -->
<testsuite hostname="praveenkumar" failures="0" tests="3" name="Runner.TestRunner" time="55.612" errors="0" timestamp="2024-10-05T15:15:37 IST" skipped="0">
  <testcase classname="Runner.TestRunner" name="runScenario" time="10.430">
    <system-out>
      <![CDATA[<br><img src='data:image/png;base64,‰PNG

IHDR
1K«Í/sRGB®Îé
ˆIDATxœí×1À0À°¬ü9g?9´‡„À¯¿Ý€™s;x…=b€Ø öˆ=b€Ø öˆ=b€Ø öˆ=b€Ø öˆ=b€Ø öˆ=b€Ø öˆ=b€Ø öˆ=b€Ø öˆ=b€Ø öˆ=b€Ø öˆ=b€Ø öˆ=b€Ø öˆ=b€Ø öˆ=b€Ø öˆ=b€Ø öˆ=b€Ø öˆ=b€Ø öˆ=b€Ø öˆ=b€Ø öˆ=b€Ø öˆ=b€Ø öˆ=b€Ø öˆ=b€Ø öˆ=b€Ø öˆ=b€Ø öˆ=b€Ø öˆ=b€Ø öˆ=b€Ø öˆ=b€Ø öˆ=b€Ø öˆ=b€Ø öˆ=b€Ø öˆ=b€Ø öˆ=b€Ø öˆ=b€Ø öˆ=b€Ø öˆ=b€Ø öˆ=b€Ø öˆ=b€Ø öˆ=b€Ø öˆ=b€Ø öˆ=b€Ø öˆ=b€Ø öˆ=b€Ø öˆ=b€Ø öˆ=b€Ø öˆ=b€Ø öˆ=b€Ø öˆ=b€Ø öˆ=b€Ø öˆ=b€Ø öˆ=b€Ø öˆ=b€Ø öˆ=b€Ø öˆ=b€Ø öˆ=b€Ø öˆ=b€Ø öˆ=b€Ø öˆ=b€Ø öˆ=b€Ø öˆ=b€Ø öˆ=b€Ø öˆ=b€Ø öˆ=b€Ø öˆ=b€Ø öˆ=b€Ø öˆ=b€Ø öˆ=b€Ø öˆ=b€Ø öˆ=b€Ø öˆ=b€Ø öˆ=b€Ø öˆ=b€Ø öˆ=b€Ø öˆ=b€Ø öˆ=b€Ø öˆ=b€Ø öˆ=b€Ø öˆ=b€Ø öˆ=b€Ø öˆ=b€Ø öˆ=b€Ø öˆ=b€Ø öˆ=b€Ø öˆ=b€Ø öˆ=b€Ø öˆ=b€Ø öˆ=b€Ø öˆ=b€Ø öˆ=b€Ø öˆ=b€Ø öˆ=b€Ø öˆ=b€Ø öˆ=b€Ø öˆ=b€Ø öˆ=b€Ø öˆ=b€Ø öˆ=b€Ø öˆ=b€Ø öˆ=b€Ø öˆ=b€Ø öˆ=b€Ø öˆ=b€Ø öˆ=b€Ø öˆ=b€Ø öˆ=b€Ø öˆ=b€Ø öˆ=b€Ø öˆ=b€Ø öˆ=b€Ø öˆ=b€Ø öˆ=b€Ø öˆ=b€Ø öˆ=b€Ø öˆ=b€Ø öˆ=b€Ø öˆ=b€Ø öˆ=b€Ø öˆ=b€Ø öˆ=b€Ø öˆ=b€Ø öˆ=b€Ø öˆ=b€Ø öˆ=b€Ø öˆ=b€Ø öˆ=b€Ø öˆ=b€Ø öˆ=b€Ø öˆ=b€Ø öˆ=b€Ø öˆ=b€Ø öˆ=b€Ø öˆ=b€Ø öˆ=b€Ø öˆ=b€Ø öˆ=b€Ø öˆ=b€Ø öˆ=b€Ø öˆ=b€Ø öˆ=b€Ø ?#¯_˜>™(IEND®B`‚' height='200' width='200'/><br>]]>
    </system-out>
  </testcase> <!-- runScenario -->
  <testcase classname="Runner.TestRunner" name="runScenario" time="1.782">
    <system-out>
      <![CDATA[<br><img src='data:image/png;base64,‰PNG

IHDR
1K«Í/sRGB®Îé IDATxœìÝg|T×?7ðÿmS53š¦2*£†º ?1!Æ$¸$ÎÚÉ:‰S6½ín¶$Ù$ëxKòlÉf7Ù’Í&N6mÇ±ãwØ€i* $?:šÍHM½íyq!„?Fˆß÷š;÷ž{4ÀçssÎÿæÑG%"6Ý€ÅñR ñR ñR ñR ñR ñà*Ôtw`ÁðéîÀ¢£h¨Ä’BŠÈH"±,q<«21“î>ÎÄ€‹¨¤1¬’<´ó•þ³gIÅXLä•’
sÿû?l³Ùx~i>H/ÜoµoßÞÉA†H%bˆEaY63Ó^XP˜a1G£Ñ£ÇŽ¥‚˜JÄ?JÄh§N¥Rù²RWVÎ‚unÚã*£*ÄªÑñ6áã"Ïé8ŽXŽ“Héç?yüŸþÏ¨
Ë³KnaáâÁàà zñ¤-‹ÕZSUUPX8yD’äÁ?ÁÙ´V?ï¹ñ]"RDR%RRbT""•!†%–%†'VHwÿæOêYŸ•Å—ùc+#+‚ ‰Q˜$ËO„cf«E&™#õÉ§žúà¾G!aéò.\<ÈÌ´Ÿ?*Çqn·»¶¶vêœ­d2™L$333§¤Ü¥­étKøß%@:¨
)’Å‹žÿC•I–‰D¢q±zb–Ú³±ª©ÄÈÉg~öÃ,%!‘$1ú„Ê?%’¢¢8l¶‰h,–H&$šèéùßþðƒÿÌÒû.h?0[ä-ÔéõÚKEQ#á‰X,Æq\á”Á„+0šÌóÙY€[Œ'99ë“E’EâtÄæ·WH!’bÄØÉÃ»í¼Ìéô±87§@x‚ã¸ÊÜœh<^˜ç1˜3bÉÄá§¬ÊJÒÓÝñláâA[k‹¢Ã2ÛîÞ6™ZZZN?:u­™«¬6û?î#À­GUHŠ‘*ÏùB9IŠL¼qi|ƒ®qrr¸çtïé®d4nVÍÁMÄU¥…¹¼BIYêé?7á?˜lN^N?˜‰'Ìˆ×L”dU¥úõ&“I;òúŽ×?£’Ê0Liii–;kß[û˜™fM¥)Š² ½XÒT™Äèµ/ë¯Ê$FH0ÃÝàŽ-8fbì¥çž?Œ„ÇÇõ¦Œ¾±1?Ãâ1³«*ŠXF!R¹çtºFI&ÏMÄ¢³·CX¸xPQ^®Óë++*´—g{zN‡Óå”¥´¸Ä–i#¢x<^¡? uÊ"GS+T²Z­sî?*GÂ>ßp4‘zÍ›­v‡Ëbææ¡Þ<9O‘Þê´è®t¢Fd"bÍ‡q©U¾À¢¦*×•Î·Bb”óÍ>†ÀšLw½óžŸüìgã
é"ÑÒ<WMu•,+1I°8FŽøc‰Œ‚2?ÑÐyð€Åj)-­4Méîõ?·pñ`$\±b…öóððpwW9ìöÚš?.õ-Ër(RÕ«ÿÍÍvÏåær¸ÿts×Xlú?Ã9"2:r*+½.ý\Ú»ªÈÐÑA"*Xá¬¼b<HŽô=#¢ÌeËùKmp
5)vƒ¶VIŠ‘pãKCc±˜Ñ¸PHŒÀ[2?þ¹/(ªü‹ïÿGIN&§çFù¬_?ûÌGßóN‡Þ¨°ÒS/¼62>úÙw½3’Œ…ÇGù%8x°?Û¢©ªÝn×†<¨(JFFFUuõd6ÐÊ”³³³õ©j0:74t~ÑE{¨D¢(Îx“™ÈÁŽcM±z‹ÙeÓ³DÒÄX0,&dŠÏÝ®¹­Ö³tJk®FŽ_K½Áå¨2ÉñX©Üqº«££SûÙh2äç•/+½Q?_Ã²Ú::õåe§ŽÞV]ydßQ#eèxŠÇ³íÆ?¾k‹*Æb¡ˆ#Ãboú)U—Z¸xPS[§-c‡³³³†©©­Õë/úÒžçù’’ƒÁ@D¥DbRœˆLœ>}š¡éõÆYå(¡îã±¶ÜÆºBËE¢ªÉñ¡“­}ÃœÕ–¦l`ðÔlÎVˆˆ8,Õ
EUf¹NQüÔ«Dd¨¸ëê§ÊIbu×?Å(‹íÛ(?i© ‹E£±ŽŽÎ¾þ?uk×Ìã`3ù'““•e_Yg’•ûWWËå‚ï<{F‘Y¯—GÇ‡'Â2'¬jlT9~éM_¸x`2¦À{{{Ã,Ã—<’«ÚÖ)‚N°ëì???ÍÍÍ###JT’¤YŽ¨?¡ HDd®ª?–ˆˆÑY=Ë×:ÃlÚÖIe9~)æNXÔ”Ä,NÒÎœËƒ’ îzß?5·Ä¢±òò²©ÃÚ`Â¾ý‡¶lÞx?íÏFVU­/)?£\"Ééˆ1â²¬ŠIÔQYžHnz÷ý*ÇIª,Üü5ÙÓ,àä"†Ñ¦µµµ©ª²lYsÉÔ‰dbÇŽ×-Õ5Õ.—K§Ó±,KDõõõmmmGŽQYÛ±¢´¸`vw?'bDDdu8.WÀè-–ëûÕn.òe¿i?wì`]a£ö’µdM}Wn—Çå[.ÛìõÅƒþþÁ‘‘à´l@DÚËŽŽÎþþÁü|ÏõÜb‰Õe­Z«FÇÏ>,ÈbŽÅRRè…‡ÇqñÎûß£r¬JŠp“WcÏháâ?N´âãÊÊ*Žc½^ï¥çôúââb"òùüÃ>¿Ñ`¨¨(ç8Žˆª««ívûÐÐ?6ðcµeÎíö¢4Ûä«ªñÑ¡Þþ€o,‰ˆXAÈtç–—äN|PÁ?Þ3}££qE!"Ž·Ø]E%žóÅç‰ãƒÝ½ÝþHL$bY£ÕYYUì2œ?Fc={ÚGˆ(§jU™?ˆƒ­­Ýa"K^cM–èm?†%…ˆÕ³½E•yÖ‹±’ç††&Fc’B©â
OQiÙ.µ€%D¹Ò,Ö`Iôälyœ-?ˆtù«&ß’Çâ;.›&g¯}ÊôH0HD3€‚|?6Åhþãq#3g²ßq{wGKW?&U.J<ãÈ<xpïò†½ÁLW[Žÿf´Ð£Ãèu:†ax~†[3,›??‡“É$Ã0²$µµµ[­-Käææêaphˆˆ8v–YÍhÍäi\¢ØP[ŸkMÁÕ*¢ƒ‡÷?^œ$Qöî©iœR¾œð·éˆO9O–Â?s'ç*V4œ?ÍÊÄ`Ó‰¾àdƒŠõ=­l¬-ÐÎQ’Z
‘R«*)r\ŒÅˆ„øðé£ýâäbKJ26tº=]¶®ÜÁÉ?ŽææñâÕ˜”D8|æÄ±sëÊ2—`ž€ë§JWxSWØÈè-œ-Ožð%{Ë¡^"âì…ºÂÕ¬Á’Ñø£¿âúòªDtíñ 0$¢ŒF£Ñ´@«1ËI%jvÙ[Ž„KìvR¤¾þ@ÃÊ:S†!<>b4˜I&Zjs‹r[41©×ëY–íêîR%?76®™vN<·Ym¹¹¹Ñh4
>|X[¹¨¯¯oýúõDdw8NutÙ,f›Ý9›ûÚòr3ûûFí<±£Ç˜]àÎ±Û2ÍF~ÆíŒ&Kãz‹·¨0ßi6ð©rd´¿íø¹Q9ÒÞ=’Síd‰HïhêHk)(©ófšV‰G‚¾þ“gâ®L=?ŸÎ7ÐÙÇl•+Šs?,‘8z¶£¹?¡(‘Ž3#yZS—3~îä8k)(«óZõDRÌßÑÒ7œ Ä@ï@¾Ãk""ÎjÑ)¬œ™“WZàÎ4
,CJrâ\ç©Öa)Öw¶Ï³Â»—â€ëvµíe…ì*yÂk~Š³dëË6‘4|*Öü”±þ.#ëÊ×’¢\ç³Óé¸Ü[&£1‹]Wë³Æ’Bj\Ï¨:‹yecãXßpVŽ?·¹ÝîÌß`–#gl$`qd-½oc.È²LD,Ëzr=ÁàÈÈH@QöâA–e–aY6#####Ãåríys?$‰ãããýýýùùù,ËÖÖÔŽŽŽÎ8ø03ƒgå*©ùèPP&EŒu÷iÇ9ÞbÏÌË÷äeÙÉ¤Àd–4®*×M‰¼g¶{«½#ûÎˆŠt”œ¢øÀÙžQæ²Ú5ç7+`®ÂÊõ¹¢$Ðd< ½cåšeŽTg×²šªÈ‘ÖM6uSçÏòšø®#~‘¾PÂkÒ‘.§âN—0µ³¬.ÃSQîšrÀEÔ«Ä"Jöæ,ÙÆåïÖ^
ÙÕ±ãO'{«ßyý?ß$TYUQIÊÌrËqzíõƒ›7ßÁÆ‰h,ÇÃwœì\é¸ZXº-\à™Ü© ´¬Ôår;?ÎdrúrZ<Ïóü…¼i47¿m³Óår»ÝƒCC’$‘Õf-È/0ÌeM+ÞRØ°aÕºº¯Ë¨Ÿl^–Â?ÀÉcÇwî?Ù¾0?ˆ×Í0f4™‰ˆ”DR$¢˜8FD$¸Ëó.é† L.™…ùŽ‹‚Œàpê‰ˆ”XäÊ°ŽÒi?[mÚ?ÀñèùÐÌ3t–3š?DD‘ø¬W$€[
3ón^ñS¯ÆÛ_Jö!"9ÔËgWL}—Ï®Ð&%û?ÄÛ_Ò<?}ã³‹ÆL—ŸAd2cÑ…=PUUUY’T-$°¤òKIWv¦ÊŠbB2ëLr,ÁÞÀ?#?…=hok_¿ÁÅ0ŒÅbñù‡eI‡Ã7n„O¸’$±,;u/žç‹‹‹ßzë-"õ¬Ý^VVFDn·;?Ñ¬æ?Çf—§Üå)'"YŒDÆÇB??¾ÑQ‘”øØÉ#ít[mÁ…uVUELF"‰É‰yQíï^e"!'""‡Årµr‹ù’ß©
wå*{f˜MÓgÎ_9-”+²?ŒF'kŒ’ÚQ¾Ò´B€Å¦¿?ˆœŽËN°ÐjFF‚W˜€t£¨ªÊ°Œ—Edôº¼‚‚ûïÛ&ª’?·H¢<x°eèàqyƒ`¹b%ÆMháâÁÄÄD(r8z½~ùòú–––d2ÙÒÒRUUe8¿Ë°—®vêv»m6[4Òâ?Ýañû®½+œ`¶:ÍV§Ç«FúZ÷wF%ÒÑ,(wÉáþÎÝ£‘ÙDAžKól³ÄHGkwßØÕæL¥24Ó÷”S÷>ãì…Òð)!»zòˆ4|Š³N[Ëè2?_#mÙ"§Ó~¹´Å‹úç;Hªzì•]†àxÝ;nŸˆ%32ìª,?ŒŽØŒn1CqÏêåUÉäÁ^½ýÁw³³]2çæ°pñ ///:"*((`fdd„ˆº:»<ž\»ÃAD¼0s***†‡‡µJ‚ ‚`4Þ?YõŒ¹ ¨d µ3FJ8'b‡O<VˆŒŽœ¯ÓaÖ§:ìÞÙ6:ýjåºÆÎ®—:ÞÑÔÙ“ âŒy%¹yŽÌóë©ÆúŽµwN¤³k°¨1,]mVŒ®pu¬ù©Øñ§µ)FÒð)9<l¬`V?_“X,Ö×7àt:®°/²Ñht:?‘`,›Çí“‰8…LQ¥fÕšD[Ï?<fÉusªÚÔÔtÿ>]ÖŒƒÏ¿\½þöÜšêY4v“Y¸x088¨1SZZJDùùù¾sÃÃ~1ÔÛ×+Ër¦Íætº
½…zýôGA¢‚‚‡ÃÁ0L4›ÝÂE³ÆK‰á?°BDÆÜ•õ…S÷QN^´I³Ñ˜A4A#§í†öbÆü}"¢ÜÊºê¬©1=’ˆ¦«Op3`Y’¯ÔÄ8+Œõ${':ßÐŒõ0,/µ¹µWiüšknÑ~h>Þrå3cÑØ|oŸÌòlÕ¶;i4¶÷õãîåeŒ¤ª’RXX¨ªj4?[¾û›ÿþïòç_\bC†}ÃŠJÃ>_NNŽÙl&¢U«Nž<¹ï­}Ú¤z pº³3/?oÆËÏk+Ÿj/ñøŒ§]j¬ëx?¾¨zÚnbçI¡¡>­ÌØ–¡›¬0N(bÀ™òÒèÊÖwL$Hô÷ù¼¶¬‹×îRjU›SÄëßo,x“?à
žè²;£‰ÃíñŽ¦åïælyÓÖ)‡Zâ?»T9y¥ùEÌµ<^ŽŒGF‚ç˜í%ó7ÅH&•3ðä“ŒÀªñDñ£Zm6•T1‘dxþ§Ï<çÊ.°ð†Y4v“Y¸x°¼n¹6§³««~ùrí`eeeEEE__ŸßïW•ˆ.: "Žãê—×©™™©Í’3í³û× ?ôõÇ†•öánc®×íq:¬Ï3¤ÊR"6êë?yfLÛ½ ²ÀJDfÑ8Qpx šåM•«‘¾Sí¡‹Z5{
òz;Dj?Á³U•©-ŠÕäøÐÉÖQWCõ¼oåGDFs&GI)±8SáG9Ùê¿ÒFˆ¬@tÙõä±ACùmËdm?¢Éz!·V•“òh?]!\Ó–ÉN§ãžíw_Ã…ó„UIaHGc6ûHUHeÆÆÇbñ(ÏñFŽ“e•]‚«Ñ‚Æƒ¤(jeÇ²,555åææz<måÂÂÂÂÂBEQÂá°ªÎ0¡ßçóÉ²Ä0ŒE‘•Ùý…°9yÆá¾˜"Ç†º{‡º{g:Gï]Q‘£#"rdõ?*±Ž‡{2­Y&y4'Ù‚üÌ¾þ)µ¼³¼nlü˜?¬$úNëcY£ž“¢¶ƒqÔó˜g¸ÏfÈ-Íjê—Ä¡ÎÝ?>‡Û"DÇã¢lqè}ãóß¸yqÉ3£h(ß2õ¥¾h=]þª+eîÚ÷K¾ÔäøÀÂ,U4•öÔª×ëEYá9^Ud1):Îx<n4úúÎqœ ªq•f÷Xúû¦–òž9s&;;»¤¤$//•MY–eFÛÜ`š¶¶6I’<ÇqÚ£ø,7Ìcô®²å[
'ÎôžŒ„“M»a½#/¯<ßmžü—lð¬Y«×–JŒŽö?qFo}E9ÓÛ×QÃ¼­díZGOWwç°¨(J,¦+sK‹ÊsŒtIó<`ËV¬5vžè?ˆ‰À`‚ˆŒYöÑæÀÜnb¬þrñà’3ç²2{Ã¶d¾µÿ?Ñd4?##Á-oÛ8¯µÈ3ÒëŠ(åäØUŽIHI?ç?.‹dgåvžVdé’7—æÑG]˜;íyó?KWúQÅ`0Z¬–¼¼|›Í?F†™öwßÒÒ‰¨¦¦ÆétQoo¯^'dçäÎ¹ªz!~°<Ï]þ¯T‘%Y!byájÿ%&Û¼rƒóHUDI!"Nà—Z|€y#ÇIž¾GíuátÄÝÈ¹ø§»:::‰¨  ¯~ùë¡o<E%öÕ»û‡ƒ¦Hè¹_?ˆú‡voN"!vŸí?t°#8:ü¥/}‰]raáFˆagøøXV”Ä`08(ªÊ³¦qÍÔ÷C¡Ðèè(Ë²&£QËªªööôV”—]S^˜Ý˜Ëñ³ÌÊ³os¾0¬  ÀÜpRä«®p:[wc³•/+-È÷,ü ?†!Ú²ùÎ~ýëÌœ,%.s‚‰G¬Š”HÄ’˜©çþÔ'TY¥W¿¹™-\<œ©¬`ºÉo÷“ÉäàààÁˆa8Ž{ûÛß~¾?¡Á¡Á‚ü…¨þXÊx#‰‘·H›#†øyyˆOW6 bˆT’¥Æµk_ëðš˜Ž7%‚Q ÞÌ¢ÖlNï×…Tn?Ö¬\8Ü®,EUbTšºüç…´·’Éäøø¸¢(m­mñDÜíÎâ8nùòå6›MgÎœq¹\éû·°T0,&£×—L×¼ÚbÅ©ÏŸôËzû3¯ìÜrÇJVaûN?u8²ŸÙ±?çˆ7˜Ø%W—¼ ñ ¿ ?aX•ˆTbRUÒŠ9.ä•ˆ(C1Ù9Ù*‘Àñ…“ûMôõõegg‘É„xpÝŽ3I±kœeÄpÄ—\6Ð0ÄÐª5+ºžÞ)ìï_+`Y–3dðÖH8 È*Ëž¢]B.47ŸS0µX¬7nÔét“Ù`ïÞ½çÎ?ÓÑ74dX3ç­³·†%Á|-•Ê7ºy1R“,£(¼ êõ’Áª7èIg¶˜õjr‚ç8æú§e->Xš<ãŽ—Ø´i“Õje†çyfJÛµkW pa½NõL’€ó8±:R³Zð”ˆÕ/ÑAƒ‹ð¼A`™”p|âÞíw½úêk™V§,©,³äFÎ[ÈÉEW*effòüE½J$ÍÍÍƒ!??ò`†y6¸•0,qFâŒ¤ˆ¤J¤(¤*çëFbXbYbøkÛù&%p¬¬Æ?Q•üÂ¼Ò²2_0¦ãI–%•T†!Biò5Såª§I’Äó¼,ËáðD,ðûý—Æ³dò†.Ó“X?H ¹ì‡¶T)
éõ‚(ICƒ®¬¬4ÚÖ=1¾;à¦ËÂÅƒ­[·ÎþdŽã23m™™¶\ÏÜ÷>¸´ï¨yžUI!Rs=ÙŽ´²,§-ª¹$-ýc×FUUžgYŽå8VUd“Qo6T†Ün÷R›TtÞ–&ÜTX–q:í¢D=g,Ë(²b4ÙnoEYáÒ«:Ð0?>úhºû‹&@
â¤ @
â¤ @
â¤ @
â¤ @
â¤ @
?8Jw`Qà=Ùöt÷`¡‡ÜN[º{°è`r¤ @
â¤ @
â¤ @
â¤ @
â¤ @
â¤ @
â¤ @
â¤ @
â¤ @
â¤ @
â¤,®x‰Æý?Pº{p‹âÓÝ"" ÔÒÞ½yCCk{×ÙžA"2›?E…žšª’twà’þxÐÚÞÝÚÞUSUª½t»µU%>¨µ½‹ˆ?LšãÁÎ7›üþàæ?«Ý.»vÄl2¸]v·Ë^äõìzóp$kl¨™EK¾#O5?7Ü¹É«›z4Þ{èùÃº?ÔgÍâòÎÉW¼?UP¼¢Ö›)Ìå—ñ5?±‡6M»WôÌŽ—†¼ÛÖ•™æÒÔ,ÍkãpëIg<ˆDãÓ²ÁTf“¡±¡fç‡³\ö"¯g6úZÚ}yõY“¿“<Õ:ªÐÕ¢ÁyeëïZ•E¤Hb$Ðv¸õ•×F7½½>kNàf–ÎÒäÖö.³Ù8c6Ðhc­'»gÙ @¡#?c“/#Ý'»íé^Q’IQ¹p¦"&EI™©"–,9õ›VV?ïÈÙpê ªˆáàÐPp|êURxdèœo,¦¨S¯Wâc?!ÿXü¢ƒ¤D‚Cþ±øÅ÷Tc¾¡ÀhbêQE‰^|P•Ä¤Dªø"
‘šõŸK³üXf)m£‘hülÏàU'{=Z±òlxkK#ÍÝý¥+ó"Éwê$ÕUÚ?4:µog¢ò?Õ9,Iç¾pÒ¸~S½óòm1Žâbý©¡@|™Å9³cGwÜîÈÍ?†ŽÛ6¬Ë×‰¾æ÷G²¼V.ÚñF,oëÛJ­DD‘¶}{dÁ¦ú†”¼-Ûª?DDRÏ‘=?œ%Sìé+6¬«s°¤Fz:8¢Ë÷£‡ŽÊÞú­õY‚â;òâ‰~“5×Á‡Ë¶W;ÈßúôžˆÓ?Ù•k²èÜ®?¡LW¾ÐqHÔËsøÈ®"Íµn·cÚ t°©uòe$×^a?ácA}yÏ®SÁüZÇxgG¿·ú>Kß""ry2^íé©Ë)ÖS| §×ìÙv…l@DDœÀ“B2™½›ï)fY"¢¸ãÀ³Ýñü_·Ï\³nm©™ˆÖ\(HÚ+6Õ;‰¤?ýÏ¶õª?f"JPÎºmef"m{ã•¶¾eë½º¡Žƒ#ö;¶Öç
Dµû_hk+Èªwd­xÇæUÚ?òÛžÞ3è«vd%­wnÉæ‰’½û:Cyu÷4äDâÀÑg±9|ÜW”þ•‹¦Êº$˜M³×c2gÙ‚µ´8ë…“?ùÞ@‡yÕ;êK½a)ªÈê9Õ.^¦êÏZ¶Òzµ¦â±$±ÄQl´§·/#¢¨H
ÉÄ;s¬?7½9ž•ëÎÊõ8ÌŒv‘=WK¼ #¢Tl0{=fí§L—?NŽŽ“—ü%§.W›ú$dºlbO(B³<áëîŒKDR„dÃù¾ØóSã?å¯ÍI]gÏ´âÜ0iŽÑhÌlš|¦"¯g–UÈ—%äÕÕö¼¸»-£zíÚ‹ªŠuÞWÓÑ¾‘lþÔXÞš;t—o‚ˆˆÔ@?h-wˆÄþ£/6³?kÊô$Ÿkíì&"2Ýöù±ÑP0ÐÛöâ‰Ì?wÕ^¾Z'ËT"Ž#"Ž()+ç‹?d…ˆaiôä‹¯‹7­¬Ëàh¢Û×“˜l‚KÅ–ã)))‹mÍ+S IDAT?;XÒö”i6Ìf£Ï•=’[Û»w¾Ù4·–KjŠÊÖ[¦g=euú?½{©¼ÀÉÌpa2™“I1™ŒŒ4ïj>Åf­*²‘œ”³Õ™¡tlÈŸ*}ŽŒEÎ˜éÎ+[^ì‰EÆÅ+ô(qºûœ¨©±3Ý>6Ïå"rz²ƒý§Ã
‰#=gFÍÞ#‰R’3»ìFA§Kƒã34åÈ/ú»ÎŒ«D$?tŒÌé£¸¢tŽ¤Ö-uÛ/WWà„ZÛ»6o\=·v[q½m¦7,ÞeÖæ&ª+œž4½w÷«7f×l¯ÊÑ¦
J«zš_|aÀÈó%y6
QlüìÉý½1?A?ã¢¡²~?‘(<c«Ddöš‡_y¡5))²µ`³Ví¨Þ²²i×ë;N0¬BBñmkÊLDÆâÆÜ¦½Ïí2êy{?eÆâgemÅžæ—ž>Ëê?×–I‘¹}8—Ç<úè£i¼}k{÷ÙÞÁÆ†šK‚?ÚùÆášªÒ¸qòÈ‰]Ö/š+E!ö’ëf<x¹ëv¦.9ª*
±ìLã×t_˜ÁàpÈíœ1CÜÒÒ\{PSU‰Æv¾qØívÔV•h%È~ðLï?ßt»70P¢¯­›–m¸¦l@4óãøžÑgÈ3efÑ(²Ìƒ4?h´ÅL#‘‹ðy=Å^Ï¬3?=E%t‹k±&HŒÌhQ<+»]öíw¯×¶8ÐL]Îè†aµÕF¯ºººÕ«Wçååñü¢ø{˜W’$õ÷÷8xèøñéî¤,¢ÇÐy‰7?­[·®[·.Ý½X8<Ïåy</¾ôrº»”Î…Maªºº:d¸e­_ÇòåuéîâÁb±zõoXZnk\“î.!,
ªªæåå¥»é”ŸŸ¯ªjº{ˆ‹ƒZd¸Åñ<Otå?Ÿ`!à©4ÍT9€´ç""b„„tÂèAúá¿ŠÄHA<€ÄHA<€ÄHA<€ÄHA<€”E´kòÙžÁƒM­n·£±¡Æl2¤»;·œEÎöÑÁ¦Ö"¯Çlj-.Ì5›?n—=Ý]¸…¤?ì|³)?E"1"òB‘H,‰iG6o\=ë„à;òTsçä+ŽµzÊ7¬.0Ïfkîè™/uÚ×ßµ*k¶}VÄ¤ÌéÌÌ¸qü#cDÄ0³y€[ Çq‚Àéõ‚À§ÿÉy¤ÿ—ôûƒ›7®>ØÔªí Ûew»ìgzç4€P6ùˆŸžx«iG»õ¾jÛÕ/ÓeÕÝnÔÍâÄó"Ý{÷õ¬ÛRjžý5pen§m±Å"bH•d%K$1ÃlLwwæ]úã?fûÝë§9ØÔzíÍé%æö¾`¤Ê¢N`ibtXÉÈµéˆHIŒ‚¢ÎáÈÔ³DD¼ÑåÔ“pþZUâœÍe5²“ÿ8¥ðˆ?B.§…U’Q!YJˆI?xŒ!,e*1ÇY-¦DB?Ø¬KüâÅn¸x4If?1Ö³ó¥>r)¡Öè­Þn5ö8tpD—ïF•½õ[ë³
{¾Óºm]™‰(rf×®>Îã0KÝ{ƒÖ;ÞV›%H#-ûwv%ì—n¬5ä**òtÅHîly¥‡ìkÖy—~ˆ¸Å©*ét14‰-í1„%|]-G†ˆˆäh°ÇÇV¬Ëe©‡(AžuPf&"eðèÁû[ës¢Ú?ý/´µdÕ;&Ÿz«Ó°bóÚ<žˆJÚÞØ6¼-gèP[w÷–
3‘(*ÂŠÓ®}=‹jrQ<žˆÅâÚÏ&A®vÅ­¢à\oß UV”:ìs˜C0?^'Äã¢(IK¸a)þb¼9»(gÙ*G¦ž¥(ósSÏñ@É©ËÕžœ…L—MìEh2Äýã?;y$@DDQvÜ‹ûCã™Ùùçƒ€°Èæ©ªÚv²ó?ÿúxK‡¢(ÚAžçîX»êãyoA~Nº;xu¿ýÝËßý¯Ÿ]z<Ï“ýþ÷Þ{÷Û7ð<w=í8Ô¬µÿOÿ—?«—_OSp‹SU2›±xñàæ?UZ;ÓêC,w¾„€ãJÊÊùÝàd…ˆ™ò¸Ïñ:â]Ååe©u,Oƒ=KÄ‰ÑHÁy’$?ñÔÿóãßLƒÉã»÷:ÙÑýÏßúra~î<Ý=žHþÛüï‰ÖŽM?öáoxûƒÃÿø?vŸéûôÇ¾Î„p5Ÿ8ùOÿú#K†éËöIo¡'ÝÝ€…Æq¬(ÊéîÅ<ZRñàªœž,Ã›ý§Ã¹Vé93j.Ë1…Soë²½9'?õËês†(M82³sr?vu•9su¤ÆFÃ\¦ÕlÍ¤PpT,5*Qújë÷ì;¬eƒ‚üÜÏ~òý«WÖ‚ ŠâéÎžÿ~üWV‹%'Ë5?·WÕ`h¬¯h||âú³Y-ÿò_)+)Ô^†'"ßÿá¯žqçK¯½¹uËúŠòâknyû¶Mo»s­6çêúû™H$ûú‡lV‹(I×ßÀMêð‘žÜ,OnöÔ#ƒCÃ÷m{Zûµ@dñ`ÉpToYÙ´ëõ'V!¡ø¶5e=1ê
×¬{«ù™§[9½"“yYãêLwÁÚõ‘?{w?!q¬³rõf«.kY™kGÛÓOµ‘·î¡†ôLàÿêÉEñäfÿó7ÿ2'Û­¡ºªìÛßúJ8<¡ÓÝ¬–ó#xÿ‘c­ƒC¾“]×½Á ¿¡½¸Õ}ão¿384üüÓ?káð‘ŸøÌ—=¹Ù·H<PÓÝ?y•þxàv;|þÐäŽ“"Ñxqáì'Æd­zà®›Š·<pÑ“¥¹°a{!)ŠÂ²ç§IbròmÁU·qK?ª(ê…÷gåÖû*IQhò?¹xÓ}ÅYpg{ºÎôÑ½ïÜ4™&ñ<g·Û¦Nzÿ{ï-òæýÏ?Ÿh>qò3ø=ïº›ˆ:»{ðø¯›?·'E©´¤àÃx`Ým«X–ÑªNwõ<ýì«›Ž!žç–•=òþwÝÞ¸‚a˜þä7»Þ<à÷‰èµ]oin#¢ÉYFãá‰_üú¹—_}34:îrÚï}çæ‡ÞóN“Ñ0§_P§xž×æJÑò›]oÜ´¡ñwoüÁãOì?pôî·oøâ>BD?‘Ð/Ÿxþõ]o…FÇÍfScCÝ}èÁÉº‹K§©ªÚt´õ'?ªýTÕ×UþÑ‡þ º²lr•eEQ÷8òóÿ{öt×YEQós|à•å%ßþî?|? 6¸ñW?þ‹N'`–Üš~ðŸßúÄg¾rÏ»?úüÓ?ù´lð?¯ÿiºû7@úãAmUIK{÷¥Ç³\ö"ï|=uM>û?÷¶´u÷»Jê¦#0,{é”¡K“@ú²uvõ$“¢N'ÔT-»Òyç§5mýáO~??¬¾ðòîïþçO“¢äv9t:¾¯oèëóoûðƒ?tÃ0­í?öåoÅ©è$Irû©®¯ÿÍ¿þõW>wçú5ãã}ýç´·"‘h$%"m–Ñ™³ý_ÿÛëë²gZòs'&"?þÙSÇ[:ûÚç-s¨à:ç†F‰Èé´k?÷õ?ìè>p¨¹£óì…Ï¡»÷¯ýö°od²3;ß8p°éÄ×¿ü™ÛW\:H’äŸþòéŸýß³,Ëd¹]Z~øâ—¾õ¥?û„6I’äÿ~üWO>ýòdEÇÙÞ?o÷ñOüá?AßØx˜ˆEö´9Q˜e· OnödBÐ^~ãëºzU]ºû7@úã?Ûeß¼¡!]w×Ù\ÞÚ‚.ÛÜ¾Ù^"Ñ³yVSê_}}ïŠå•_ûÒ§‹
ó22L}çþ÷O+ªúØW?¿áŽÕÃøÁ/ÿõ·ùÄs«WÖV”{ó¶¿cómkêWÕW‚?LŠÿþß?æù/¼¼û¶ÕË¿ø…?|æ?ú÷ßÛðØýÛ·hßâQ2)þô—¿ëëºÿž-Ÿûät:A’äÿúŸ_>ù»—Ÿ{áõ‡º÷rÝSI‡'B¡1m4 ídçO~þôÄD´ ?§ª¢tò´CM'JŠþî¯ÿ¤ºªÌl2Æã‰ÿùñÃ¾‘â¢üo|õóE…yccáÿ÷íì;pô‡?~bY‰×uÉ®Û-m¿~òK†ùþîÏµ–Owžýò_ûñŸ>YSµ,;ËyèÈ‰ß=÷½÷=ïüð0Ã¾‘ß¿´kë–u=°íàáãñÕœV)pòäfâcão¿CDŸøØÃÈKFúãAzl9óµ²Ï<›ë|úò²¢Ç¾ö…L›U{yèðñaßÈÚÆ?«—k“jÜ.Ç?ë×üèŸlië¨(/6›M_øô'/×é„Ûo[ùÌó;‡|±Xürwïíj:Új³ZîÛ¾E«|àynËæu/¼¼»ùÄ©îÛz¹ÇÇ'þä/¿9í Íjù“Ï~8;Ë9yÄå´?öÕÏ¤†•ÚNv?q’eÙ?zäŠ
óˆÈf³üÑ‡lmïììîmi?½iCãÔUUÝùÆ?x"¹mëÆÊòí`IqAÃÊšW_ßw¶wÀåÌÜ¹{2)ÖÕT|àïÓ&Deg9?úÈ{æôi,y‡?œøÆß~G«=øÆß~gõªº©•ÊpóºÕãÁÍK¯ˆ(?k{®ªª¢t2QOï ?híøØg¿6ypb"2ù¡=o5?ìè>ÙÑ-Ir,¿ê]‚ÁÑ±ñ0Ïs_ÿ›ã¸Ôä«dRŒ'’WÎ,Ëº]ŽÉDQY^RSU¶iãmÓæ#••z³ÜÒÂÄD$‹Û¬–ÜÜ+Ú:í6›Í26ÖvC›*‘HžÑî76m½ÐíÐ˜¢(ýýCõµcãDTR”oµdÌd²ù_ÿSOnÖdÂ€xp³*òæëtB2)mn[^[1YV;'n—cõÊši++JˆèÀáãý7ÿO$í™ÖªÊ2OŽûÜp`O i6ÍúU+ªzÝÔƒVk†îâ#SY2Ìß|ì‹7vºÎä6Ò—*ÈÏ-/+šv°È›ï°„iã“õ“uGöÿ>Ý]ƒë…xp³*+õÖV/;r¬í¹vÞ±vÕ²‹vã‰¤Ï˜œ„s)³ÙHD9Ù®?ä¡K¿ÑEñ…—wÇÉ·o^÷•?ÿ¤¶+Ù®7îykJ<`­Â;žHÈ²Ìqéõ:?NàXîÝ÷ÝµSóµÛÅâñpøÂÞ‘h,O‘·0oÚùÇj¿lIqÁç>õ?K3•(ŠÚ}C‘hÌl2^ÒÇ²¬(ŠÉ¤8o¿Àb§LŽh•ÊƒC¾4wn„t®½×Ãl2¾ïÁ{z]`$ôg_ù‡'Ÿ~90’$9Û±ë­?ökÿóãß\áö¶5õ½îÈ±Ö7÷VÕÔê½ñDrÏ[MZÑó4ñxbç¦1èu9Ù.":Ñzzèœ_;XT˜WZ\86þíï^ž\õHQÔ­—Nõ¹~Úí’Iñ‰§^Òº-IòÓÏ¾êó?¸œöêÊÒiç‚°vM=Ë²;wh>qròxx"òÆžC²,‚°þöU,Ë;~òÅ—ßPUkóÀáãZû‡Íf³DcñCM'´wnA—Vxr³Q?¼4`ôà&ÖØP÷…Ï<òÝÿüéØxø{ßÿÙ÷¾ÿ³©ïªª?N­7˜ª®¦ü]÷ÝõÄo_ü»ø¯ïÿèWFƒ?HõûƒŠªþãßýÅÊúêµkêßØsèõÝûÇÆÃÞOk{ç¹aÿ´Fî\¿æ…—vè_r:ìåeÞ¯}ù³}ä=ßøæ¿¿ðòîÝ{9ì6­B 4:þ¾·ê?Þwm“ .Çf³<òþw=ö÷ßÛ·ÿÈƒøc‡Ý‹Ç?Ë²¿÷Þ‚üÊÎ7o¼mÿÁc»Þ<ø§_ú–Ví ËŠÏÈ´Y‹¼y…žukW­m\±oÿ‘ï}ÿgÿ÷äóFƒ!EQûXòr³W.¯z}÷þÇúäÓÏ¾Bóõ/}¦á’Z7)ŒÜÄ†Ù¾mÓÿó›w®_£ÍÿÑ˜Í¦÷=¸ý{ÿüõK·K›ÄqÜ'?ú¾Ç¾úùì,W êëêë?§ÓëÞÿÞ{+ÊKˆè®·ÝñùOÐh4j:ñäï^6™ŒŸøè{§5R_WùÇŸý?Ùl’$yØ8Û;8Ž4®^þßßý›†•5±X¼¯¨¯(<¹sýš{¶m¾±Ù@³î¶•ßþ_)/+ŠD¢}ýC?@(;ËõØW?ÿî{ïšñvƒþ«ùé?þì‡22LÃ¾@_ÿÐàÐ°ÓaÿÈß£}\f“ñÑ¿úÜÞwŸA¯Ó>™D"±eÓíZØÐé„Ï}ê+k‰(4:
?uu÷Þð_
 ]˜G}4Ý}¸¥i{{ì±ëlGQÔpxBQ?^wéŒù+‹DcÉD’ã9K†yÚ#µ$É‘Ë²—¾5íÖ*©fóÔ”"ŠâÄD”a™iÇçI<žˆÅâ—þ—Û©@UÕðDD–äË}b—û½¦Þî>m¸œ¿úê×µ/@ÓÝ‘«ð?Œ¹?¶t÷b¾`rÑÁ²ŒÍf¹¶kÍ&ãåžqyž»Üô¤«ÞZ»}áþçúKk¬C¡±_yƒˆì™VÇÅ?aæÊK—^ù#?ñv7;ÄX²þå»?~æ÷;´Mî»g‹=ó*9`É²Z3Š‹ò—×VÜóŽÍËJ½‹¤ í`ÉúØ‡üØ‡Lw/n&X¹R ñR e±”&G¢ñÖö. DDE…žšª’t÷à–³(âA$ÿýKoN¾<Û;˜å¶»]öklNJŠ*/˜›EüþàÔ—‘H¬¥½{ó††¹¶nÛ{x`$ADD¼¾°¦¾¡Ô&øšŸØC›¨Ï"ò{u×hÙöMÅæ¹4«ˆI™Ó!nÀ’·(âA$ŸvÄl2Ìµ‘xï¡çGò×nÎ³°¤ÄÇ‡ÚZ‡ÆKlÎ)çd•7lˆè?sì]÷Þ}=ë¶”Î)SÜ|ÅWâYîéóˆÌ¦9>ÃSðÔ‰ÑŒê•kó-,CÄ°[Þªu•Îiûäê2\vãäï¬$Æ|CÁqII½–’¢¤?šõŸó?%µS”dBTH–b2)*°„-ŠÑ·Ë^SUÚÚÞ•zévÌ¹49:Hè½Û•ÏòµìÞEõ­È"’|Íûö-^9~T^¶vS‰Ù×²{×¨57!YÂHï¹´á¾Z¥uW[gŒäÎ–WzÈ^±f?w®¹à¦±(âÕT•y=~Ðl6^KQ²$ŠÄ³þm”Áoøs¶n)·2DÕû^èè/\©#¢ˆ¥ú?ÕN†”¬£OôÕÖÖmm0îÚ×SÐ€ÉE°ä-Šx ÕhÊ‘HLO˜[¼ ?$J³==à(ªÔy¼…ˆˆÄ‹'IGDy.m>+°$ËsýEnjé?þ@hç‡§4›?sÛýÀdsé;{Çª¬W™_¤á8?2sª«²9íuË˜[Ç–š4—&Ï˜´1„Öö®³=ƒ³nÉQ½&+Ùvt_W0®©Rd¬çÐÎ¶•Èœ‘Iá‘ñ‹Îvz²ƒƒ=^Ðé?OND’ÌåZ6[3)‰H?ã¯pSIóèÁ™+€Ö“ÝE^Ï,›²ê·ÞÑ¶÷pÓ³ÍDç÷=°2DæœJOßþ×^=QR¿iòlGõ–•GßÜ¹ãÇR‚2
ÊÖe^vØ!kY™kGÛÓOµ‘·î¡†œÙÿv7—4Ç t…w#‘X$Ÿý†ìê-Û«I•D•Ÿ²‹™¹pí¦BE!–%ºë¡GWn+$’$âS‚uÅ…w)«þ¡&O-Þt_1¥ZX²ÒŠ
=¾+&„kØ?^¸t¦ÐåžìùYÈ°Ô¥9ÔT•Ô¤·p¾€ÄHIÿ¾@D‡›»ÓÝÄƒÅauý¬7€X¢žz"Ý=L.€I=€Å"’ ?v,JŠ2·Y–l&Êw)fý|õí?x‹B$A­½lž“
\sÞqJQ(8A­½lM!ÂuÁä"X¬ÇA.ëµìFË²ä²’ÇAý<ß^||°(ŒÅÈ‘q¹7YŒøÎ…Ç¤+Í:rdÐXt~:wËÀä"Xårã±Óo?¼îcFŽÜîØê5ÍxËÎ¹h¦A<€EÎè©ËüdF??øÑÙè^“9Ý}Zª0¹;s†6ëHI$ÉœÁÒÝŸ%ñn²?°£?½³ÒÊ¥»'KâÜä ïÙÝbÉ?ÎJ3ž`ç>\Xô"?—_=wºosëÒÝ•%¥É°Ø?ŽŸ”ˆvøö±ï¼ßSiLwŸ–¨Å"ÑøÙžA_ ?ÆˆÈí²×T•šM(;Ê]‘ÿÅéîÄ­aQÄƒÖöîÖö®©G"‘˜?**ôÔT•¤¯_°p´]¸ë¨;¾üÎ0[é?Ó²A‘×s¶gPK­í]f“¡Èë¹Z¾#O5w^zØQ¶½zü÷{"«¶­+›yëX,lF
N?Ûví-'È†§¾ë“æxà„¦f·ÛÑØP£ÅMëÉn·ÛqµYFY«¸kùŽ½zÂ²nKéù?2ÔØ–Û#†%ZÁ?&†cáH2™L.ð­¿é¤%²?o
‹œ7£tµcýûK>Skk¸†Ëó\Jk/Ë0äÈ˜ó €¢Pp‚ƒTS¸d¶MVEÕ1v×4Çƒ3S’ÀŒ"‘ØÙžÁë˜b$X?™ODŠ’TH`“ãÁ?lÌ¶›YF‰?C²>Ûna'?p)<âOpG¦~±?K…#‰³=Ã‚Žwdš22œ|÷–³û;î—ø¦°È=7ðË—~û§‡Þÿ÷+ÿ»Ñyç\/7ë©¦Páƒ¤Ìñ!ŸeÉf¢šBÅ¬Ÿëm#UUeYV‰X†a†˜Š²,§ôàªçø¡šk¿AëÓ{hÓõY8öüÉPKz3ù{-y†€?±?/°×RöŽ?Åf¢H÷?WN³ù9Fùdóˆ£nk}–pÍ÷?gÑXâLï0¯ãr²íéî@Ê½yß›÷ð§ößÿÕcŸüÎê_\Ã‚YOyKæëÿk¤ªŠ,+DŒÀ±§¥ƒŠ‰dº÷=ˆDbS_jËÕT•ÎÏÝÆ¢µ[Ö¬Ü²©Äˆä­;ÿ³o(Fîxó„nÍÛÖ¬©¯]»iuápGwx~zq#ûÇtïÉv¤»#Ó}í3å–š_tÿgº;rSRUU–†au:N8–e,hÒÜî‹p#‘Øï_ÞSäõlß¶aòà?[ÞÔè´óDDË‘Ùuág™TŠûCã|r¨­åHsË‘ã}£Lìâä²¸„#ñ3V}€Ej[Þ{?ìIw/nFª,ËDŒ °\šÖ`Jóä¢,—ÝïN=‰Äv½yØí²O=çÝ?å.½8ž%½¥¤ªÄª½®*çíÔ"¢dRÊÈÀ^ °HÝ›÷ðŸ~$Ý½¸ù(Šª\Ú²AúGf\´T+GÖ~6›?³XØô²sr#çzB$èt‚Ž—'&ñà,Aªª²Ãqé|DOóè?Ùdhl¨9ØÔz¹®½,ynôk×GÞØ¿û™T…ìyw¬u˜—èŠ¨°iñ`ak¦Kÿ¶hÚà@ëÉîieÊf³±±¡Æ=Ç™EY+îÚrÑëú‡Hý´ê?¬ÔASñ–Š/ýYpVnÙ^IŠ¤0<›Ö¿¸%1Ä¤9¤?hÁívøýA_ ‰ÆµbƒëØëàú°übßò`~,Šx Í22{=Sf3Z,ñ–6UU‰¤¬(DdÐë8ŽSU5‹k[„ëúÉò|Q”’¢¨?3y¡ ðŠ¢&EQ;Gà9?N7y²NXŽMÄêùÛM¶©ªª(Š‚ hƒtÉd’ã8­eYQ$IÒëtÚ]’I‘ø©Ý`Y†ˆâ‰¤v„cY½^—æÉ€óñ‚$ÉÏ>ÿêÀà9½^žˆlÝ²aÙ²âŸÿò©D2Éó|<¿ÿÞ»‹‹ÞÚß´÷­¦ŒS<¿kË†ºÚJíÂ5«ëG‚¡]»÷›LF"ª­)¿cÝš·ö7½¹÷ Õj™˜ˆÞ¾¶¡«ël$Œ„ìv«Õb¹ïž»œŽLI’÷ì+¥¥ÞU+j†y}×[å%ÅEDtèpsk[Ç>tŸÉd”$ù™ç^©¬([^WIDñxâÉ§_¸ãöÕDô«ß<k³Z‰¨È›¿õíxÿe`)Ã³,œwÝwwqQÁ°/°ãõ=……yF£á?w½#Ëíììê9ÑzRøŽÓg>ý‰X-ç†ýÏýþµ¼¼\«%còòMw®]½j¹ösÿÀ¹ŽÓg>û©Y-’$)ŠºñŽ5‘hìÉ§~ÿŽ»7g¹?SïûÊko8ì™Z*ÐD£±ÁÁáÜœaòTi IDAT¬Î®-ÑþƒGŠ‹ò-–ŒÎ®³'Ouiñ`e}í¶­w.Ô'?fˆ°p‰D$ö›L&žçE?ÇccáS].‡ÝñäfkyÀé°Û¬–ññðÔxÐÖ~zttœˆV,¯>7ìËÍÍ²d˜‰èÊßèëõºíÛ¶ì?xÔå¼°Ewoÿ Ã‘YWSñÆÞƒ%,ÃêõºÂ‚¼–¶Žúºªî³}ÕUË´3{zû_{}••yóçóãH?ÄX8/¾¼ËbÉ(.*Ø´q-Ïó¢(kn?ÆâFƒþ¶Æ•Ç[ÚURUUeFUUEU§]îv;µ£Ñ0§ûæä¸uzáå×vkU‰dòXs[‘7$8OôôhÍÖT—79±{tIQAÿÀ9íZ›Í¢½k³YnÜ'°HaOX8ïºïî?}ä}[6ß‘™iÕ¾×_{ÛªwÝ»5‹÷öæ{rÎiã~ÿH$u:íªª¨ªª×ëˆÈír”–xKK¼f³)ß“{æLßðp€ˆ&&"cãá+ßzYYq¦Ízèp3?;çŸ˜ˆLLDzû2mÖ¶öÓ’$iý©­©ðB%Å…“fÚlÚMí™¶ùÿ„Ò£·œ—^Ùù?ÿô+êkþò/>›“?5‹+æ—Á _ÓP¨©ù]÷n½mÍŠýä×C‚ ÜwÏ]ñxâ§?ÿm^^ŽÓiÞµ{ÿÁCÍZiò†;7Ü±æñÛ±±q›Ízßö·Û¬WúvŸcÙëC£c²,?Ñ¾qýmåËŠµ‘„ç~ÿš?ÔN++õ–•z§^x´¹¥ûL/J“&ì~ºï§ï.xä6ÊóÒLQTQY–^’dUUyžc&‘†t:áÚd}ôÑyè*Ì–ªªDôØc?ÍéªÃÍÝe%¹s½×K¯ì$¢ü§ÿØ¶uó±ÿÏÞ?ÇGUŸûÎ:[f2™I&û?@X@?­jQTêÒª@­ýu³ÚÕ[µUŠ­Ök{Û{Û«Ý®µâÖZÅª¥"¢²ˆ²C€–?}_&ÉìËY~œcÉd’Ï»ÿœ9sæ{¦ñõ:Ÿùn¥eIIË—/NJtL/*¸Ø¦f¿o>uƒt±Ÿ€h÷»“?þîÄ£D4'~Ñóóß;Ï•ßà/öiá¡?LD£ñ¶Žîû°+?$™e?8ØŸ#ý?`sK‡Ñ OtØššÛC¡pR¢?øúúžçSS.¶€`HÂO¡ãÅ÷¸®¹¹­¹¥•ˆ—–5·´6·´jg~ý«õCH0Þl¬}NËD”jÌŠt9@RXêìt)Š’H6g—ËçØí±Çuv¹E??J0÷`9\ZÖ;šHD4½¨àšåK¶lÙéê`´ÛÓ¾ý?CwkÇsâ=1ã™HWŸ¡*ª¢(Ôm—‹†Þƒñå¥žîwæÉ_>¡Z jìiß¾z×Rí8Õ˜uþaE0’TRÃa)I’,ËJ0"†‘dY¤¡L<@<€O5øªÏ5Ôà«îÍD„~ƒQ„aT•Ú:ºÂa©³Û-…¥êÚfžã\.OŒÉ0´&€ˆhõ®¥{Ú·§³>XVÑ{²ÁW}ç®«z_>?ÿ=,X4zˆŸou¹½ÃÄÛbU"–aˆ¡„ø8[œehm"Àˆ’eÙãõÅ˜ŒÚe½?`8,ÅÄGÿbc[ƒ¯ú?Cw÷v<pèî_µvŒl0Úð<g‹‹?³Zú®aªªªß.‚Ñ­ÃÙõìs¯¼úúÛ¡PHÅ{¿¹ö‹·^Ï²ìñòÓ¿}ú¯Ú†eéi)ëþ®¶ŒÒoŸzö¯Ï¿ª}VÅóK¾z×ó'æDúß0fÝ”¾fOûvm…¢Tcæ½ù?hýÚ»÷NzÙ`´…¥––I–“ãÍf#Ë²D$ËJcS›ÀóæãÚÄÊE0BÜnOr²cë¿_8ðñ¿þúç_½öÏ·ËOT0ÓÐØrç—nÚ·ëÍ}»Þ\}ûMzæe·Û«}äË«o>¸{Ó¾]onzý/“òs¿ý½Göî;éÀ˜µ*cí½“ÑŽ7ÖnXòn^o6˜¿èÞüG"Z@
K?Ý5uÍgªê[ÚœaIÒzÜnŸÇçZ›è=€’•™–•™¦gf¤Nœ?ÓÜÒVX?¿üª½×Ì˜^ðïÍ¸Ü³ÙÔ{’ã8»=î+koeYö•×6æUUÛ;:š²³3z÷K‡¥ÓU²,çæf=Óqº]îŠ3ÕI‰Žä$ËbäÀù¬J_³·}ûžöí½Š³DÇq³‰a˜ºº¿?˜”hò°"M„ãAuMã¯IH°™Œú)g,›^TPZZÖ»ãA¯æ–ÖåË?p1ÎÎÆ¦–ÌŒÔ~ç+ÎÔØlÖ¸?fÒ0sÅÜ™ïnÝÙÖæLKMzæ¯¯9Z>yRÞoŸúëª¯Yqíç:::²þ¿ÒR“ôzÝÁ'?=ºîÙYi/þí?g7¼ò¹EóêšfÍ(ü_ù’ÖéJ5f=1ã™%ïæõ=ƒl0š±c·Å&:l?Mm-­> 1Á&+Ê?Œd<Ø{ l0ñ€ˆV\³àB¡õàÆÒŠ¾'ly+g›Îý?ñfÍê[7<ÿ
é¾hZÁ5Ë—Œd%>¿ÿOÏ¼<oîÌœìŒ¾çÏTÖüõù|ïÞ»{øïG'Š<Ï)Š²gßáS§+Ÿøù?bbL--mOþú?sfÏ8VvÒn³þð»_ÓëuŠ¢2Uœ©ÞüÎ¶??ýŸy¹™ªªúüd€Ò‚¶Zª1ë…ù[#]\Ç±±–QZÚœ­­Î*_£Ûí5†²er„ãAo60™^ïùFGµµ9M™)l0ïÊe3—¯¾±ezQÁô¢õ‘®‚‚ÁÐŸžy™ˆÖÜù…¾‹54¶<þäS_ºueIqÑ¹>ëõúü? Ë²‡K?wtt¾ðòëD$I²Ëåñx¼9Ù•Uµ?ûÅoç”L/).JJL8uº*##55%Që|0‡¸ú/Àx³*cmƒ¿Fktö60z0Ãñœö¨Á KKqºÆ¦6IVøÏ®9x‘Ÿ{?•™2{VAuMãÞeÚP¢¾ïú|þó'‡óQ¥pXá±gÀ¹"…%âž¤?Ì‰y;ZüœÍfÕõùEYrw´?=©Já0"èvv†„¸øXý'c×•`w»ÓÏÅÄÛÍŸ|‡ªp9;e]bœCÜ$Ëò³^iii{à‡ßìÛEÐÞî|ôñÿ¹zÙ¢×~î\›ªªºgßáÌŒÔ„›N'æççÞvóõÚÅ«ïX¥­”ºá™ßÔÖ5<|ìÛß}ä¡Ý£Ó‰.—[’äü'Œ˜ˆDQp$Øt¢ (*±,k·ÅêD!Öc1Ç­ÍÈÇƒÙ³
>ØyÀçókÙ ;#¹ï»­í?ƒ?¡P(úäË<uÿh‡+óÚÙ&©õàÖÒÎ‰ó–æ+v}t’µp!Ö®ßë5M˜uÕKä­Ü³å4›–d?O”vØ¦./rme¯èu$I²+:[›”Ô¥×L±3ä=³çí
63É Ÿ.ûÀT°jVn=øþÑv[b<ï?ø±’¿xN6}–,Ë/þí??>>ððC÷©*uu¹8Ž‹‰1vvu?þäSÙYéKÏÓÖ,Òëuz½Nëjèêri»"¼¹ië?6nzì§?4³‹‹ò©öç„¼lY–«kêz}{G'Ïó¹9™Y™igÎÔ47·M›Üír9V>oî¬@ ØÞáLO»p@téìru»<½/UUUTuÈ+²D>ì=P6{V?Ïçß{ ¬­ÍÙÖærSµ{·×ö¾È)ºuºÃQT2}çGï•²ù¾SõÉE×æšˆ¼DäUâW,Í51TÒubÓû§krçd‡Ní<*–|~Fš@¤¦}÷h¥Û‘ODŠË_\d'’v¿y¼¦}Š=¡»ò”+g–6?©?T"RêKK[3g_3)–ˆÂÞ(oÎ)NÂ8÷¾ÜnïÖ÷?<vüÔmw~[;síÕ‹~ð¾ªêºm;vÑ+¯þK;¿îÇß¹áúåDôò+o¾üÊ›Dd1Ç\õ¹+ŸýÓ¯ÒR“ˆ¨° ÿ®5·Þ÷ƒõŠ,ûÁ¯_þµ»¿tº¢êwO?§ªª$Iò²®˜;Óg½ÿ{_[÷³ÿ®«o´˜c¾õ?5©)ÉX¼ÆYVÜ¯ÓÙ}ö[½H4”?“#LFCYù™‚É¹ZïAáäÏì{ÕÚÖYV~f?M0÷€1å]1µ}óÑRsÎŠ+½‹<ÙÓ“LÚS¢Õ–Lu?Ý”ìétñÔtü˜¶²?—ñ›z:-â’íDDÄ"©DdNLÓíØ÷Q(->1%19>VOÎÖ"GÝÁÒ:""Iâ<~?úú²Z-žùõÙçgÍ˜zp÷¦³ÏßwÏ]÷Ýs×€M1³üªË¯Zà÷t:?öÄå¼’+ç•H’Ä0Lï¬†éEo¼úç`($
öc€1Fø{Ü€ÛŸ™c†ø(ùxàõù&ç–•Ÿñzý^¯ÿƒKè=PØÙÒ¤ÛÝÞäËíðK=Gª"qq<K:sÎäœž?5y"'µØ$ë˜ºpÕ$wg»³ñÄ¡©™×.Œåx²¦æNMêy*?Êð—´Þ,ŽÁÐ=+žàOZ'Š#UÀÈaYÖ ×ü³?EaˆÏù‘ŒÚ‚EÕ5?m3Áàâx«vìîÌ¼bQ¾ûÐÛ;J-Wi=Þªê¦œ¢d‘µu5\üÜ8,IÉ‡ÎÔtæÌL‰”€³+g;Gæ
u9e«ÍlO6ÛþÚí^/e§e
T7NIÏµ0DŠ·ÃEv+I`…ÂáúÆ–öŽn–e8Žë;ˆ:9)>ÉaB›‘ŒY)ÚÀ¡fƒ¬A¬jJD¾ûéÖ¶¼ó'wTPá¼™‘³º?Üññ™å’ˆÈžn¨ÿà½Ý’–uùWÌKã‰øô¹WzwìÞþŠÌ
ªBq©óçž#(þö“¥[Ûƒž(qÆ,”ÌÞ`Ëë•œŽËBÆ´qVs`øhc§=Ÿ?´˜M¶8‹ 
ZDR1‘Œ“sqç¿Æh4nËdÇÌUËfžuvæµIŸòŽé‹o&"ò¶‘!µäê‰%ŠB}öÉì“–®˜DŠ¤0|OôrÝºê3· "¢Ø¼+æ)Šòé6[Œ)£daF‰¢HÄòÈ0ìDAHMqôº¶Ž®P(Ìóœ-Îb1›xŽòn°ž{??x0¼üÖýt?Ð—Î²‘ŸÍãÃ?A¯KNŠ?µÄ8;]].O}Ck¬Å”œoÔ/ì‡³¦œù‹29L€±€eÙ˜#Ïó’,×Ö5ƒ¡8«ñà"°fÀ!Ë²Ëíkïèòx}v[lœÕ<äl0NãÀ ªªÇãkmïìèè–eÙj5ÇÛ­F£?T’$™hÁÓB<ˆJ¢(z<þ˜C¤À[/eÆäFºŠ±/
74·ÕÔ6‡Âa³É„š[:´·ö.4 Äƒ¨d6‰oñF§Í¯Û®ŒtcCdÐë“íÃ°CLŸ·˜ó}ð<¢Rb|ì™êæÆgJ¢-Òµ|Æ7vßpÆsò7%/Fº?±O…”¤øD‡MUTI’UR9ŽeY–a˜¡?,B<ˆVF£.+3©º¶¥¹¥3Æ¤G7Œo5¼´¹áµ3Þ“?Íøcaì¬H—3ö1Ãqœ?tvv{<~UUu:!ÖbŽ³šyñ`œ1›t¹Y‰-mÝÎ.Osk×ß½Ð4wâøã€ÏÈ0å–Ø¯üMñ‹È#¦«ËUSßìñøX–eYÖåñ¶wt'%ÚSS:QBƒxÂ‹bFƒ.;Ã‘[o¤#r_ÃÚ:ºµ_Ä#]HÔ…Â?-í^¯?%9Áb6q†šZÚ›šÛµíÒ†Ð&âŒ
)‰qQ[:#]B¯×ïv{ãâ,™éÉÚdUUõzÝ‰SÕÝ.?6eùbÛÄþ`Q)–dYÑ‰BïDd†aŒF½(
’,«Cjñ *éõ"Ïó>0
kgEu»½Á`HøÏ,t:h\•LFC¬%¦µÍYYUo1›††Â­­N†aâ¬–¡?ÒB<ˆJ<Ï%%ÚC¡p‡³»½£KUU•H„´GœÕ2Ä6/w‘0ÂaI’$GB\¼ÝêóE>Öc1›°-Àø…[ÚœæSFZ¢¢¨*©,Ã°ì%Í.F<ˆJª¢ƒaQÉ²¢?QTUQd"bY–e£sjòÞeÕ5?½/³2SLFCVfŠÉ¨?h]£?,Ë­mNY–û?Oˆ?‹·[‡Ð`äãAuM£ÉdHˆ?ÓŽ‰ÈëóoÛ¹ñ‚b$€óPU5¹=¾~çc-1Ck0òñ`@^/Àpçˆ?KKMìwÞ`Ð­ÁÑ²3S´Þ¯/0{V?öòb´ÜXJW.›é¸ÔJZ¿»­+oÅâlÓ¥¶0¼X†1™¶¸!.cz¶Q¼^ÿ;ökÇmmÎM›wjÇY™)³gŒp1Ž‰³xu†¾+ÀEâxÎl6=ÃmTU•$Y%â9nhó’‰è’–=ºìL¦ËñX.…Â’Bj¨«­¹µ;DD¤*áPHQ?½D‡ÂÚônUr9››œîOßcâã=ß‹ªºÛ›ÚºÊ'ïjgú^:Q0ô¤ª’,«ªêìt?®¬;UQÓÖÞ)Iý'+Ò¨è=Ð˜L†ÅŠ«kËÊÏ\J;­Ç¶oë²$eÁ!tÔ•sg­,Œ©ß»ý°uÖM…6"¢`ÍŽMÍ™+æ¤yŽða“âˆ·†ÛwuÅL_:'ÏD­Ç¶o£¢[§;È[÷ÑŽ?¼5ÓªìÛ+OY</Ol=øþÑv[b<ï?ø±’¿xNF @„È²Òírs—?`óûƒõ-].?Às~?emíŸ‹5ŠâAÁ¤ŸÏïõù/C[^ó”ÏO±3¤8½º¿±µ°03'þÀ¡æŽ›?!Wm]{FÞB?ûôÎ®`Þò<¹N|¸¹´.s^ú'M(õå'ZSo˜•$QX
JýþÒÖÌÙ×LŠ%¢pÂ?7Ê›sŠ“"Øÿâó[Ú»ÝÞP(ù»?Þ¶æ˜w÷ÈßF­LSn±ýÊ;r¾U;+ÒµŒ^¯¿ÛåµÅYxŽmwyÜ_b‚Ík®ªiììrE}<¨ªm*œœS09·­½Óë½´??ogˆˆX?%Y&"69}Â¡C§›&Ù“?U§¤s“XU½Ë?–Üóû¿Åf¦ãÎNê?ÎÖJ››$h¯^ öÖ"GÝÁÒ:""Iâ<~?Q¤úÜÞ`uM‹ ò6«1&Æ>ò«Þ}êiäï£Ö[/mnxí{ûîxlÆgÛEºœ±/–dYæ8Ža·ÇÇ²¬Ýk?575·‡Â’¢ª,sÑ3FQ<0õZ*0—ÎÆÄgO4l®¬›JÎÓ±Ù×Ù‰B¼HÚ¦rDD¤q\Ÿ°OÞ`ˆHì{Æšš;5©ç²©/\æ*ËçVÕ¶ð"—”8”P0®O½ýúÔÛ¿±û†þúoŠ_DÂpÓéžç|>W·ÛíöŠ¢`2dEÑ‚ÁÐæ&?¢©Émí?&“¡ª¦±­Í9í[²ó2:ªÞ+mOËI×‘˜˜™<]ÙV‰TUe«?éˆÿôr[Z¦ÐTYçR‰ˆÂ]Ý^²¥e
õÕ?~ADQàÃ.oÄ~;oië>%Ñ©Îåsß˜h.x±òéH2ö™Œ†8«¥Ûå)?Yåöúb-1:?èv{%I2ôC£¨÷ ïò¦Ã‚Oš?s¢¶6uB²ŠÄŒ’Ý–¾þfK
—?¹¤ÀÑ7-ÙJæî;°åõJ…ˆ5ÇÏ½rFZAÉìý¶¼^ÉéØ°,dL›g#°ÜÞ€Í:Ä?ð†Û5©_øŸòõ‘®bì>%9?e?Ço·Y6Žc†Iˆ?òNÌºuë.w?§¬¼²µ½sÀ·
'çmFÅÅQ…Î½2ìï*ŠD,yr?ªªD´~ýÅý÷³¿´2/'ù²0d³ß7cîœËÄ7ø‹}TÐžK‡:(fä4¶t&Øc‡£eI’Y–Ñ‰ƒý_QÔ`(%Iæ9Žx–e‰ˆãXQ†°õA0$E¾÷ `rÎHï|ÖÃžïI€wY6ò_Œw¡P¨±©­³ÓÕ{†a?Nt$ÄÙl±,qçýôÀðœ•†áyN?].G‘•Î.—Çëc6!Þ:„6¢’(
)I‰ŽO×¸W¥ÃÙ]UÝØÙÕ?xQ¬±¥sXç¤Œ¹á†„þKísñlk«3’EÂôÄlqæá‹ÎN÷p4;Ú¨ª†Â’d0è†öE"ÀˆRUÕï‘Á '¢`0$<ÇqÚ[Á`HEVBá°v½ÀsÇ)Š*<ÉŠ"…%†aÂÒ§+!p,«Ó‰Ã¨ª‡AÐŽC¡0/ðË‘,Ë½?h7Ò>¢µ…xžïw_QúŒ’$»ÜÞ@ ¨½T‰Âa©ÃÙK³)ê÷=€1¯½Ý¹ñ?Í^¯?åØ¸ØØ•×-Û²uGIqQvV:ùü?W7nºöê%µuÛ¶ï6DTX01=-eëû~ñ–•f³©££óãÝ23Ò>Ú} z¼>›Íš?™¾üª<Ïûü?—þöÏ%‹æååfJ’¼yË¶+æÎr$ØeEyçÝ?@påuWi—½øòëW/[”™‘JDÝÝ®×þ¹ùºÏ/íwß…WÎ‰ôp>á°ÔÞÑåììÖ^ªDª¢2%'ÅÛíC™x€x#G–å?v˜9cê¬…Ã„B!E=çÅ‹Í-ž9M;®ª®khlÞ²uÇÊë–ig
¦Lœ^4¥ªºnßþÒ›n¸Fëè½Ë¦·ß»ý‹7Xc?]?¸«Ëå÷XŽmhlÑ"?,+{öJINäyîð‘òöçÙ÷åxž‹³šÅ>+q,k0èÌf“NÎûÑs·yùÊ8Ÿ@0Ôáìš3{†ÖÏ%Šb8|Î­RŽ—ŸîêrÑôiSˆhvñt?N<r¬<=-åüw±ÅY'NÌùð£ýË—.ÐÎ¨ªzêÔ™yÙ±±æòiiÉDg1õgªjâí?Yigß7>ÞvY¿€ËLx½^'¼ÉhàxŽˆ¢@0
…Y–ø¡<ê_ž­.¯„{vVzvVº6E?eÙùWŸ®¨:yªò‚Ÿ??›•äˆß¶c·,+DäöxOœªTTÅçó746·µvË°³fL=zìÄ®?öM›:Y§¼/Àh&IrSs{k[§ªª,Ã°Ã0ŒÛí«©kêêTlÄ!z½.ÑäèI’TUmmë?¤sö$ÄÛrs2ss2M&cïÇ—,š·ï@i0ºÀ?fæÌ©>¿¿¢²šˆª«ë9Žmow646[c-å'+TU%¢ØXKvVº¢¨)ÉŽóÜ`ÔòxýÎÎnI’µ…^4<Ï¹Ý¾®n×y?zN\4î4·´nØð?Ã¥eDtõòÅk×Ü:2÷åXvÑ‚9oý{ëOþßD4­pÒÕËÑŸÿò2Y­–[o¾¾÷âmÛwïÝWÚ;5Y;™èˆ_¹bYé‘ã¼—N¯Y¶øÍMïúý?ce'–/]˜””@D.·ç_›¶ºÝí²â™ÓŠgNë;Æ©ï}15`@{Ú·¿^·á¦ô5sâEº–ñ.…%YyŽûôG£Q/|(,)ªÊ^üâEÌºuë.w?p´_²×¯_QŸÚ_Z™—“<„Û5·´Þ~ç·Ö®¾µ¨¨ ´´ì?-Ûþãþ{¦¡©Ùï›OÝpÎŸÿ`LúÝÉGwâQ"š¿èùùï?çÊ‰oðû¨ð£<¬û\®mÑ[:ì±ƒ¸ð¢I’Ì²ŒNì/øÎî§ªmq–‰2µÅÜ‰¨³Ë]~²*Îjž41ëb¿Ì`HBïÁø¢uh=Ó‹
J?”mxþ•éEN`|ÚXûœ–ˆ(Õ˜ér€bL“Éàìt56µYÌ&Žeƒ¡p}C‹$Éfì{ƒÑÒÜÖ·¯ )ÑqÞËzìißþÀ¡»µã9ñ‹ž˜ñL¤+E191¾º¶±ªºAx†a$I–d9Éa·Û†Ø¿?©ÉãKQQÁáÒ²Í[>Ð.-KLLˆtQ0Úíiß¾z×Rí8Õ˜uþaE0b†ìöØœì´„ø8AX–?1²Ò“ÓÓzÝÐÚDïÁø2½¨`íê[ŸüåSOþò©ž—#55F¿_õÙ£†|Õ½Ù€ˆÐo0ªðo‹?µÄHaIUU–cEAè;Sù¢¼¬åAX»æÖ«¯^|¸´,)Ñ1´IÉ0&­ÞµtOûöTcÖË*zO6øªïÜuUïËçç¿‡‹F†aD?…Ëó`ùxÐÖÞyþŒFƒÉˆ=ª.mLÑ'4z‚¢¨n?Çh0Ÿýã–eÙãõÅ˜Œ}ô€aÒà«~àÐÝ½]º»ÁW­#Œ‘Œeå•eåg.xYB‚mö¬$„Kw¸´ìÉ_>ÕÜÒš”èÐöÐú¤ÀÒ IDATFr÷íqÓæ~÷ô_Ÿøù?fÍ˜JD~à¥¿¿ñü‹]nÏó·ÝrÝ7¿v§Ñ`èpv=ûÜ+¯¾þv(EñÞo®ýâ­×#$“›Ò×ìiß®­P”jÌ¼7ÿ­?A{÷ÞI? Œ‘?gfÏ*ÈÊL9ÿe›Þù°­ÍiºÀe­7–~ÚÆ±–”‰ŠÓMÃ²lî)JH"Ad#s÷?5·´~ÿ‡ëÖ®¾õê«÷.XÔÜÒúÎ;Ûž{þ•Ä¤„k–/?2\nÏ“¿úÃñ§Ã¡pïIŸÏÏsÜ?^þ}B¼­¥¥íÁ‡Ÿü`ÛÇ+®ýœÛíINvlý÷11¦“§*ïðñ‚)FOwÀ³*cmƒ¿F[ºtcí†?µzûæÄ/º7ÿ‘H#!Âƒ‹ªj›ªj›Î?×ëdkyW.›©=÷?G?>ð^¹eå”aÙ±âBÚÿ«”z‹6løÇÙ‘“k×ÜÚÒÒ¶aÃ?F&˜cLw­½ÅlŽùá?õž´ÛãÖ®¾Y;Ž?·MÊÏ•$‰ˆ²2Ó²2Ó´óiiÉy¹™²¢Œ@‘ãÖªô5{Û·ïißÞ³Œ%ŽmmÎaiWgËI7•×9½SbM¤(>w{wX´Ù¬:–T%–¸OÚW”?$ó¢@RXaÖßÑâç´+ï§ÇU¸œ?².1Î¬}\‡dNÈÛÑâ&‹ÃnÒÚ‡ˆ(
‡¨çF’»£Í+cã-†Hu).-›^T -iÚObbBsK«6èh¸Ë`&7'³«Ëuö[^Ÿ?
WVÕž®¨¾õæë´“ªªz<>Y–÷<"ËrvVúpW0ž¥³ž˜ñÌ’wóúž‰x6h;ðÊ¿iÑÚY‰‘-cœˆp<HH°]pRÁç.(à‘I4(­ß>Zo´$ÛøÎ}‡Ây³VL‰©ß»ýdâÜk&˜‰ˆÜ[ÞíÌ_1ÇQ¿wS—,±‚É_ÿ±’3)¾µÑoÕŽ,œ™ÀR¸õàûGÛm‰ñ¼ÿàÇJþâ9y&oå®?N².ÄÚcÃ5uG‹-HhÙ·óL#ÙÝÁSÆ¬…“äÒ·w{™Îwj‡?uùçr-Cü¶.ÉÕË—)kÞÒ:à»Ó‹
"¾EÚ3Ïþí¯Ï¿ª×ëÖÜ±*9©§˜`0ôÄ¯ž~û?msÌwîýJ¬ÅÙ"Æ<-!h; ¥³^˜¿5ÒÁˆŠp<(œœ“wþk>Øy`?­µž9v°‰ˆHö9kZÙüyÉ,ËN¿vÉL–%"J;þú‡?­S
3sâªëÈ›bg¨£ºÑ“1)SG~"
ÅN]6ÉÊPÓ?ww6Š×,-´0ÔtàÝ]?Î™¶úÒÒÖÌÙ×LŠ%¢pÂ?7Ê›sŠÍDäe“V^•©'Ê7ïØ\ÝÈÈž·\wpc)/œé "©vw«©`ÞÜ\•¨—þ?Ñèßßà¾{îºïž»º]î_þú?/ýý?/¯¾™a½^÷Øúû[cSËúÇþ'ÆdZ¶ôÊHW
0Æi“´±Fgoƒ0|dw{›“l3‘ìïtv…Dk|¬á“UI”@w{gH—‹kÎ©¦]jó(6›båôÂPF­D~aÓË?7%f%M˜Ù3(Hö´VÖµ»$"ÉK²žˆØäô‡?nšdOvÖ×Ò„¹I=ƒ‡ìV+CDÄqDñVË'ÇŠª9[ˆuKëˆˆ$‰óøýd&"{r¼öÊ<)$ŸU?=É²÷È??.Gr‚#9Å¡ÙÒQ#Öb.™5mïþÒ`0¤ï³Û_JrbÁäå'N#Œ€ˆLD~õƒ½1¹³¯³*µ»ßû ^ÌÉ±Ê{?’§.ŸFD]å;ÿ-‹IBÛ©fiêçnœ?òå?Bî€Êsd"RTêô*¥õ¡–n9,ÃP®ƒŸ™©‹?¹¸-Ò"¼¾@YùG|\B‚­w?Ó‚É¹CXÉÔ‘[Ø6p×‰·ßwf/ž15†#OekM?ˆˆ‰ÏžhØ\Y7•œ§c³¯³rñù¶—c9ž¬©¹S“zòëT†hPs¦MYsnNówu:Ûk?¿}ÔºpY¡#òßzÄh›t»Ü²,{½¾®.—ÉdlimÛ¾sÏò«ÆÛãÚ;:wï=”—›¥Ó‰eÇO?<]¹tÉ|‹9¦¦¶ápéñÛn¹>Òÿ.·­ü<ÉÍ{v4'_½ª$‰'*Ë’àì$êŽ+¸±ÈÆ’œ¼û…íµmSã"]mÄU·KåMá?¤NH¬F6V+Û¥¦.YVˆˆT•Z\JK·}ñ@c2ú¾ôùü—g£ƒ°âLñq?!¯Óé"“vÚ’?—qüÄ{îpZQÑàncKË>¨nœ’žkaˆo‡‹ìÖs]l²Ø¨ÂÙMŽXRÉÛícmÖ„T«•Zßªw…i<Ç—Ë}ß~z¬ì$}÷‡?ÑŸÿD^NfW—ë–/}SÛ÷àó×,¹ù¦k†±Ù¬ÇÊN>ù_Ôö=XsÇªÅçFú_ÃËÙÒ gÌKêy^8í 3ÉÆq‚HRDëÚÜÊGÁn¿¢ªä
(=ëô*þÐg²ûCª¢’ªs1£W"ù j2ZÛ:”?™¢E‚ì>›h3’½^¿Ï7Ø…MŸ=;ùÀ®·¶t|\º¹·Ÿ€ø¤9'jkS'$6NÙJfï?°åõJNÇ†e!cÚŒ8ë¹>kÊœ’|òã½¯'ë´YS='v×úE½ ÂúIE%†s|h|°Z-žùõÙçïùÆš{¾±Æïèt:ö“Õ?’“?<ô?‡¼/êõ:æ¢þ´ :qKîPˆHŒt%£V«KÞSêòõ,øîö«nÿY#Ü‰$YuzeO?7ë/â!*’ñ +#¥º¶ñ‚'ge¦\pë4"ÇÌUË8Í˜2f/ÌP…X–!šÒûFÈÕ¶LL·ò]™rçõNÝuL_6À1cÊ(Y˜Q¢(±|O0È[¼¬wÝ/Sî¼[s{ŽGáŠ
EaY–hÞMÓ‰…Ø‹ëÙ‡†úr†ð<ŒI¶ÔœØCUÓ3óÍD¡Îîð–±‡ºä6÷yàlåMaž¥¤XžcIà˜d+wÁEö#
&çLÎ‰;1g=˜;+ŽvX§—a•L–ôwÆö½-²À`ØŠ®Z¸kÛ[¯ì–ˆô–Ió?Èób4™ž.vù”Š–p¸OF`YÒö?eYRURU""E¡ÒºðéVÉ(2z?Y¬7XÈãu¼%ïÚÏó‚é2à,1Yó¯Ë"Y&N[&íÖµ½ï9f®]ÁÒF†’c¹Má¾çR¬ü¤$>,S‡G®é?Ü?Oç!ø‚ª/¨Æè™Æ.Éb¸Àðx?¼ˆh0šqÜ .—d™”Oú´Õ7ãÍÜÒÉzƒÈ°ž úÖa_—OQûÌUöTw@J¤;oÀˆ€¨’ÔZ§TÑúi×?Qd'&ò&Ó;¯À(2Eé¢pV¾jè’ˆ.°Mïxí=ˆB;N»¤@øÓ§ü°¬ÅÏüèÏ2$ðŒÈ3!©ç2Ž%£ÈZô¬ŽÇÜ€1ÁR=AÅøL@ ¬%UQ©ïªD¾àgF%X¸ÂT!;þÂãë1¸ :0%Çö3Ä0t´>Ô»'š¢’' –7…ý}z&'YvþìáFgCïATÒ‰¢Çã?‰ß[¬ÀhõVÃK™1¹ƒ¸.Ž^`ÌzÖ¤g¼}:T•:<Ê‡|9¼ÅÀÊŠz¬!ÜéUz/à92‰¬x¡aE=Oå0¼bL¢Ç@<€ÑisÃkÅ¶+#]ÅØ4)Y8Ö2
Œ?¬öeÔíWÊÃ²¢J21ŸCÕá4Û…÷DÃà¢h•…[œ‘. ¿oì¾á”«ìŽœoEº?±‰!º"W?'G7?OŸëà"Ci}Á°*É=Ç}…%jî–k;¤Á´?Þƒ¨d4ê²2“ªk[š[:cLzt#ÀhðVÃK›^;ã=ùØŒ?ÆÎŠt9cÃPº­g?=†=Xê·?Ú€´QIƒiñ Z™MºÜ¬Ä–¶ng—§¹µkä(4Í?øþ~àS¦Üû•¿)~Ù`dXl¬?å9F’ûô0d™8ëò«.¿Â²gd§§‹öÄƒ±ÎhÐeg8"u÷?ôa¤nÚþCz?<JÏvgG“’„¬x^ä™.ŸÒÐ)E&ÍÆeØûØ?x­’b¹v×Ò-{‚*ÏQr,_”.ÆXmÔ\‡ (ª^ÔšEÄ€h•båR¬†°¬6tÊ?>%>†³?D$rDÜEdÄ€¨'pLV<Ÿu9šÂÂ¦Ðñz @Äè?x0:0D¤ªê ®6ˆ£C¤ªÎXØFg§›ˆæâÖéK–QdU––å"UâŒ
)‰qã<°£2ª$Ë,Çpld†ù D±¶@sWØé•Ü!9¨RD©À¸Ç#r:o¶
¶}R¤Ë‰RË²²¬„Ã2ñÄqHˆQ©-ÐÜà¯Ê?HÐC%5(‚rÀlkð×¤2†€aŽeeE…%Na9–eX†ÁÄƒèSí©h4Dº
€s
Ê?JÏI¯äÉŠÉ‹t-Ñ‡aŽaeE‘dE–Fn5"A–eÄƒ(ƒlÑB{hAB†axŽUUREUIûß \êhs†a¢I[ ¹_6ØÔð÷ý;«½’Ž\]Ä³B–)¯Ø¾`Eêm½'[&>£Œ†„aâ¸‘^Âñ š4økz?[?¿?õx¾eÚú¢§‹âf‹¬.¢¥ÀxR‚¥?{_ªúÃú#ßþæÄ‡úí|ƒ¿ñ Š`[´¨Ñhî;ù÷§¿9ã®ß¿Xb_€l'²ºû‚ß¿xsÆ]¿?õxïù h4G´4¸ˆQ£+ìì=ÞÔð÷|Ë´¯ä}?¢à+yßÏ·LÛÔð÷Þ3}c`”C<ˆ^ÉÝ{¼¿cçíÙßˆh9çt{ö7öwìì}Ù÷1F9Äƒ¨’ƒ½ÇÕÞŠ¢¸Ù-àœŠâfW{+z_ö}Œ?Qñ jô]ÎJRÂ˜o£–Èêú.«8ÈU9a4@<€ˆÐñz @ìš<.¨ª†dE!"½Nä8NUU¿? 1D:½Žc{‚b8,…ÂaíšÞ
¯(j(Ü3ÁHà9Q{/?åØ` Ø;ç¨·MUUC¡0/ð}ÛgYFk\VI’t¢¨Ý(‚À0…B!ŽãÎ¾¬ï?GQí.Z½µq†ˆˆcY?NÔ€Á@<$I~ó_ï646ët:·Ç»|é‚²_xic0ây>àÜpýÕÙÙéï>°ëã11Æ€?°lé‚©…“´–u8;·mßm4ˆ¨°`âüy%ï>°s×^‹Åìñø®˜;ëÌ™j¯××ÞÑg±˜Í+¯[f·Y%I~ã­-“òó¦M?DD?@ðÕ×ÿ=ÿŠâì¬t"Ú·¿´ìø©/ÝºÒh4H’üÏ7·äæfÎœ^È0ÌûÛ>ÎŸ˜söeDÔÙÕýú›Ý/ÇrDô¥[WVÕÔõ­-=-å…—_·Ù¬’$ÅZÌ_¸ñóf³)ÒÿDÄƒqäÆ•Wgg¥·´¶¿÷þ‡©ƒ~Õ?×:ìgjŽ–?þÔéªo~íN‹9¦¹¥í­M[SS“-æ˜Þ?/^4·xæ4í¸¾¡ùÔéª{¾±ÖbŽ‘$IQÔ…óK¼>ÿ«7]{õG‚½ï}wï=˜?•f6ÇTœ©>qòÌü+Š‰Èçó76¶$'9*ÎÔhá?ˆ¶lÝa‹³j©@Óï2Y–w~¸wÚÔ)³f2
…8ž§šº¾µUU×åOÈ¹é†kxžÛüîöšÚúÂ‚üù‚¢âÁ8½>KK›ÑhäyNQÔ@ ØÝí>yêL¼-®­½#%9QËv[\¬Åìr¹ûÆƒãå§»º\D4}Ú”æ–Öäd‡9ÆDD<¾¿"?NÌHO=vüTÑÔÉ•ÕuS&OÐÎ×Ö7ÚlÖ©ù;víÍÏÏaV§W\³t÷ÞCñv[ïÇû]&IrgW÷Ü93eY®oh–e9)1¡_mD$I’Ïçs{|MM-S&ç—
0¦ Œ#o¿³ÍlŽÉÎJ_¼p.Ïóápøpi™Ï0èusfÏ8r¬\%UUU†aTUUÔþÛ—$$ØµßõýEÝ·`ÊÄ?nïÚ?“•^ßÐLDÁPèpéñ¬Ì´g—Ûí©©iÐZNJJuÂ;[·k³Î¾,55IQTUUEihl>VvrùUûÕæöxÛÚ?ï9T[×0»dzjJâeýÆ2¬\4ŽÜ¸òê¯ÞõÅ¥Kæ[­íwý¹sfÞxýrŸ?P[×˜–’ÜÐÐ¬ýßÖÖáõúìö8UUTUÕéD"Jˆ·åædæædšLÆ´”äªªº––v"òx¼Ý.÷yî«Ó‰…ùmí?9ÙÚ™ææ6?Çëñxkë¬±–ãå§%IÒÞš?—m?µìÛ_:àe<Ï%:â?=Á²ìü+Š33Ò´Oõ­?ˆ’“K—Ì¿îóK?)÷x¼ÃÿÕŒè=ïôz]É¬¢}Jo¼~ùœ’éÏüõïC‚ ¬¼nY ÜðÂk©©Iv{\cSË¶í»÷î+Õ¦ÿ.˜?{Áü’ç^|­»ÛkY¹âªX‹ù<wÉËÍÌËÍÔŽeY>r´|á•s&NÈÖºÞÚ´µ­Ý©½Ë±ì‚+gwvuxYGGç¢sÞú÷Ö'~ù´ Š‚ÀkóúÖ–ž–¢5•˜˜?œœx¬ìäÜ93±~Œ+{Ú·¿^·á¦ô5sâEºˆ2Ìºuë"]Ã¸¦ª*­_¿þ‚WîißÞ{¼z×ÒS7HÃ\D¥ß?|ôw'%¢9ñ‹žŸÿ^¤Ê˜øß÷îƒ*ÚséèÿQ¯±¥3Áé*†ŒkŸÓ²¥³"]DÄ€1bOûöÝ­Ï‰_ôÄŒg"]DÄ€±`OûöÕ»–jÇ©Æ¬+‚¨†xM|ÕžìÍD4ä~ƒ77mýãÿ½ÔïäþƒGßÜ´uhBÔA<ˆ«w-]ònÞ’wóúžlðUß¹ëªÞ—ÏÏïR,zë³aÿÁ£_ûÖCn¢â@”iðU÷Î1 ¢ÝÝÛ¥p‰Ù`åŠ«®_qUoBÐ²ÁOþÞÊWâÓ0`ß€¨qSúm­ó?µÏ¥3ïÍdõ®¥½«Ÿß;é‘Kßèàë_½?ˆþø/65µ¼¹i+²ÁxƒÞƒñå·O=ûÛ§ž?Tãg_PU]·æ+ß«ª®¦’Æ˜Ukï?ôˆv¼±vÃ’wóz³ÁœøE÷æ?rYîòõ¯Þþõ¯Þ?l0>¡÷ š¬J_³·}ûžöí}ç(_öÐ¾þÕÛµnoÐ{0~É²\YU{ôØŸßß{2–Ž—Ÿîw²Ûå>\ZÖÖîÔöx–e¹Ûå‡¥¦æÖ~WQ0:zìDUu?¢¨U?¢¨-­íë½Q8,u»Ü²,WU×=v"iûL»ÝÞ@ èñx:ÚÔÜªªj ìv¹{ïØûÁKþ’F?TcV¿…‰°Œ)\Fè=§ªkêúóßÄZÌ11¦ƒ‡ËÖÿä»³K¦··;²þ¿ÒR“ôzÝÁ'?=ºî¹9›Þ~ã?7Ïš9µüDÅ´©“ïþò­µu?üä?“’Ì1&·ÛSYUûØúû§M?LD‡K?ÿàG?ONvlÛ±ûöÛnøòê›ûí‹†ºº\½/Ýn?¢ªDäììzðá'yŽ›?—µ}çžW^½æŽUGŽ•?²þ×yyYñ¶¸ÓgªÍ1¦Çö:Q|âWOww»Y–±Ûmï¾·sÝ?¿;yRîC?üòáï??—MD¯¿ùNù‰ŠïÿÇq‘øv†—–´ÙÉ©Æ¬æcÕQ¸lÆ#Y–7þssñÌißüÚ?ÇíÜµï¹^›<iÂÑ²“v›õ‡ßýš^¯S•a¨âLõ››¶þâgÿ‘˜˜àv{ñË§*«jyž÷x¼K®¼áúeDôÒßÞxýÍ-“òóˆH…Ç½?Öb^xåœgŸ{eÕ?×ÄZÌ}oýò+o¾üÊ›}Ï$'9ˆ(ÎûÛ_ÿT'ŠD´dÑ¼§ÿôü?+—k_YskÑ´É­mßýÁúªªZíFöïÿ–(
ò²vîÚ;Þ¬éÓ¦ìøpo^n–ËíÙ¶ýã;o¿I…ÿjFÈªŒµþm¬Qª1+ÒåÀØ?x0y¼¾ce'¿ñÿîÐ~\OKMr»=íÎœìŒÊªÚŸýâ·sJ¦—%%&œ:]ÕÙÙý??ÿæyŽˆššZ]n?-Îj·Y‹¦MÖz&MÊ}gëŸÏOD“'hyÀhÔK²¬ž5¾èË«o¾ïž»z_VU×­{ô×ÚqccË®?÷{<Þ®.—üÉgs²323R‰H^àeEÑ.ž>m²öôo2dYfvé’ùÿó¿YyÝ²ÆÆ–e¦LÁo .×Dd€¾Æ#–aõz]0Ö^*ŠBÃ²lfFê†g~S[×pðð±o÷‘‡~t?N'f¤§Ü|Óçõz}ñ–•&“±¾¡)
C!íã²$óÇ°Ìyïyå'*Öýì7ÜÿÍÜìÌêšº?ÿåoÛÂ„Y6›uï¾Ã'OU^¿âª~½06œ<]yààÑü9³fN?t-c¦&?#?-‡K?O™<!&ÆXR\ôÎ»Û½^Ÿ,ËîÚ—ž–œèˆoimw¹=¹9™«n¸¦dÖ´ææ¶Iù¹mmUÕu±±f‹ÅÜÕí
Ka"òx¼ïðQ(C[ÞÛYX?c2^Jm¡PÈd2de¤ÅÆš«kÜïÅ¶`4VÝxÍþüBYù©™3
/¥µN?ªt»½'OWFº?1½ãÅÏñ»½ýþo¹nÞ³†¹í–ë~ÿ§®¾~Ë²Sóú?oëõºý?üîéçTU•$iB^ÖsgÚâ¬ßÿÎWòé¶uD4»xúýßûÙmV?N¼íÎ{:;»‹Š¦<üÀ½—8xâÄœ©…“n_{_bbBÉ¬iÖØ¡üö_0ebJJÒìâ¢x{Ü¥£ÖâEW8xtâ„œH2f1ëÖ­‹tãš¶‚çúõë/xeï¦'D´z×ÒS7Hu#Y–Ï~‚—eYUUžÿLJ”$‰a˜~C!žã´“Ú„?õ?|?3#-,…µùÄ—Å€·¼ú†¦¾ë@M|ƒï»Üê`¶sÖžKû-{8
5¶t&Øc#]ÅpAïÁx1à3÷€'û¥Í€€e™Ë˜ÎuëARUõÝ÷>ÌŸ˜“™‘vK€Qs†â\´ì¬ôùM¤«è?a˜»ÖÜé*`xõÎ=@<&ˆ50÷`¸!@Ô0Ç˜/œé*Æ2,l
QãäéÊ?þßK?t!câD?S§*µ?éBÆ,.Š1*©Ú1Ï
!%(²ºH0€?äY¡÷%C—m­RÌ=nè=ˆ"÷iÈ2å•vî?h9çTÚ¹7Ë”×û²ïcÌ%Òæ¤$;.WƒÐâAÔ0ñŸn$\l_ðRÕ"ZÀ9½Tõ‡bû‚Þ—}c`”C<ˆVÁÖ{¼"õ¶“®#©øuD+À_*~}ÒudEêm½gú>ÆÀ(‡x5ôI:Nßûò›zµöÙïí¿c_ÇÎ?ŒhiR‚û:v~oÿ¯Ö>ûÍ‰õž×qú}RDKƒ‹€©ÉÑ$Õ?Yé9©;ô)ë¦ýï¦†¿¯+ýVµ·BRÂ‘®Æ5ž²LyÅöë¦ýoßó©†ÌÈñ š$è“¼’§%ÐÐ{fEêm}{îF•D}*º¢E™¬˜¼D}j¤«¸°D}jVLÞ .„Q½Ñ'+&ÏÄÇ4øk‚r Òµ@ÇéS™è7ˆFˆQ)AŸ” Oj4w…?^É’ƒ½;¦DCŒÈéL¼Ù*Ø¢âAÓBB¤«€±s âô@<€ˆÐñz @Äè?x= âô@<€ˆÐñz @Äè?x= âô@<€ˆÐñz @Äè?x= âô@<€|¤"¢ý¥•‘.ñ`t(.Ê‰töÖÆHW\½ âô@<€ˆÐñz`aS[:‰ˆa˜ËÒCÏs½cÒ_–ÇÄRã.c< ¢PXòú‚mn›ÕÄq53(øš`l>.Öd0Ît`˜Z IDAT.o¤k‰ˆ0–Åõ<Ïz¼?H`Œ3uþ@8ÒUDÄãD?—$9ÒUDÄûTR#]Bt@<€ˆÐûìÅm´µ”Î4Q£UG%?£ÜdºªˆîX|?+Ÿ{áµ-[wTœ©‡¥*nü>/7kùU×Þù…ó\æÙñßþ#¯IÍeªÁê†Ã‰|R?aÚb~÷<—?ù?ÅAþÀ(‡xÐ_Cýä:Qé:à¼Â2?¨§õ´µ”~~'¥Ú¸¦¾¾éG?y¢üDEêgÂa©üDEù‰Š-[wüçÏHKKîw?ÔQÙùòZ>aBìŠ'„ôb†×E¨Òa¡JÁpÝ~ïÞgÚþwAÜ—žãí9ý.Ðþ³2Ó~ð?ÿWX?/ŠB„*^¡PøXÙÉ×þùö_þÎ€0¸ ?dƒèr¢ž~òÂÀo!Œ¼ò?úÉgŸï|y­¡è–¸Ûþ"fÏcÙ€ˆ^'fÏ?»í/†¢[:_^{ö?úÉ×,_ôØúûgÎ(«Ù€ˆDQ˜9£ð±õ÷_³|Ñ€>ãÅmÈÑçD=½¸­ÿÉç^xÙ "ÊOT<÷Âk}Ïxvü7Ÿ0!fÁ}‘+j„Ä,¸?O˜àÙñß}O>÷ÂkY™i«o_¹ºFÚêÛWee¦õû3€h?xð[K#]ÉÙÿÇmÙº#2¥ÀY_¾ÿÈk¦ÙwG®œeš}·ÿÈg‹·lÝñ…¯?\E‘ñ…¯ÅƒQ
ñà3Î4Eº’³ÿ?«8S™Rà¬/_j.Ò‹#WÎˆÒ‹¥æ²¾g*ÎTäG®¢È(,ÈÇƒQ
ñà3°NQ”:ûÿ¸±º8LTè÷å«rhìÍ78†×õ[—)–Æð|ƒsEÿF)Äè?x= âô@<€|¤û±T”M¾ í*Æöë;¨¼îWNN§,U·^øÊÁÜQ’iÏ)ò/©©(’èˆŸ^4ÅçóïÜµoøÚ¯oh.;~êüWL™˜•™V]SÁ+Ç2U•]?DÄYRˆa"]MÈ²ìñút¢¨×?—U¡`d £ìDzèš’N,KDÓö£ôäÆËùHýµ«éöE¤HUiïizhÃÀ?i!Ý±˜l1Ä0¤ªäôÐßwÒó\Ä?ŠóÈf¦Ó?TÕB³òè‡7‘7@?þ?ö?ƒ?‰s²3yè;…Y–%¢@ øþö?~ñŸOy}þËu‹o}}õêÛWét¢ªª»÷ú?°ñ;¿tÓÚ;¿`³Y†QUÕéìzñoÿ4ô_^}Ë¡ÃÇ¾qï?/W=£™*Ü[õîþ?5ì#"F0ç|%fÞ·?ÏßBDö¯þ›5ÆEºÆáÕÝíúó_þöêëo‡B!"*).ºï[_ÎÉÎøù¿#¢‡¼?.âÀ0úÖçiJ?¬§-‡Éj¤+§P¦ãr¶Ÿ‘@Ë¦S——ÿ}qMÍ¢+§Ð–Cý/ûêrZ½„ˆhïirºÉ¤§éÙ4!ùâîµösT”CÏ@~‡êÚiË!
†©µûòýcF±ûîùraA~ù‰Ó›ßÝn?µ,Z0';3ý2¶Ÿ™‘zõ²…]]ÝëûŸ;¾tcÑÔÉÌyû?mý.ûúWï¸kÍÍD´{ï!§³Ëd2Î˜^0qBN]}ãe,f”S¥`çËwÊ7‰%†©«ˆåƒ§ßUlSÇÍ®ÌÎÎ®~²²ªö¾{¾œ›“
…ßü×»ÇOœÎÍÉŒti0F £T;¹|ôÜû´ýÑ6SFBÏ¯ûK¦Ò¬<yÚUNÛ?}æ·ù¾£€jZéš™4%ƒZºè?Ý?Ž«*I2™
“û¬_œ?:Z0…X†þ±‹~ûÖ§…i&§ÓÕ3È¨£ý=¹br:¥ÇS];]9…­t ‚Þ>@ó'“¶­“ÕDË¦Ó©Ú{Šˆ¨ÝEó'“È“ÛO‹§’JôÎA:VCÙ‰4!…êÚ©¼®g$R§§§Ÿ¡÷ŽÚ?<*¤¥&»\î¿lxåƒmÑSØ?™‘ªýº¿tÉü’â"Qv~´÷ƒm—ÅÛãNžª¬¬ªí7
hþÅ®œMD[ßÛ¹ÿàÑ³ï¢¨ÿ¿½ûlê¼×þHGÃZÞ{à½l0f dÒ¤7?¹·ãw;n:îÍh:ÒÝ¦½I“&·$)!Í ‹•?°&`^`lllð¶±<dÙÚ¿?$Œ76ÈÈÀóùË:çèÕWG6œGï86³Ù¬Q«FSW—nÈ^•R±0g–X,ÞþÖ‡¿ÿÓßíCB¬]½tÈ‘«ò''Çµ´´íùø ½’7&'Å­\‘«T(ìÅOæ)tS]¡¡ê€<rž÷—wˆ$nTs¾n3êlfÓ?#mF]ß¹Ol}?òøå‚{0ØlæËÕÆ‡E7yBžXái¡$¤€ÈP}X1GpŸ`n¾éNŸ:]ö»gº`Þû–ys²m6ëð{?é{{«ªjDG‡+
ûÆÎ®îóU5
7·Ø˜H©TÀjµ56µÔÕ7NðÝ‘#µh Æ"¢IÔg„»›ÂßKÑÒ‰‹­ð—o #
F3VecÇ1ôð@¾¨À÷_?RŽÇ7"È[?Ã÷×#>F$–MÇ¯ß4˜çb+ŽU`ýlüöË‹ñÞ1záðÁ8Wï8&3~èèÁ±sWŸXý“$ÌÜ5«²ñãW±~6VeC×¥‚Ë¦#Ä‹Óæ /ïE^&<½ÿ¾?^°Ù  ° Ï¼‰Œh<´{Nâì%ÇH¤3Qp?.Ãæ…Ä°Ú°"?ÀoÞ½©ŸÈõéíísW?´yC€ŸïþƒùÍ-mµëüí¯¿ÌÊH5?bA¼fõ’wvìÖ÷ömyàîü/N}ç{Oª”ŠŸ<þÁAÏþöùwç­^¹Øj±X?·è¯½ýò?Þìo¿öb}þ±Â?ëWþñwObá?»ƒ‚üôÃÇv¼¿·ü\•ý˜¬Ì4?ŸŽŽ®£ù'ûŸX_ß4¤Ô¨Èi¿xú‡1Ñ&“I*•lÚ¸ú¯/¼z¢ è—ÏüWlt„ÁhÄÂº5ËŸxú÷éi‰[6o?‚Õj]•—ûþGŸüò×ÿ{³Îèõ3^:n3t»¥n°g;‘Lm3kf¨:¨ÝþˆÍlRÛÎÇ=ÖýA‘vOûk÷*ö‰•^6C?H¦ô~ø-‰o\ûÖ{¬½?6£ÎÚ×åµéEÅô{]ñ¶ÆËb±Ÿ‰‹?LNŠíß(‹aH<8~âôOžü­›\ Ï`üù“ßŸ9cú®=ûõÛçCƒÍ‹F£úõÏ¤PºýõùW?þôpP€_sKÛ—Üxÿ½kApÅ›£©‚+M¢}Žúv¤†ã?ïÆ{?ÁŽã?x÷(~ü*ýOlCw/2"q¨m]HÅœ¬ÌB˜/ªšàçŽ¸`ì<?Å?Å_vÂ[?ÅiƒÚ?@BÄ"(ä8[‡m±$’ Q\=F£pÌL°Z=71yYÐðÄ6¬z
%µÈˆÂ=ó@ãR+îù%Þ>
AŒ”plþ-
*a²à•}XòSG×A?©€?È{eá­FZäÈg#1+³ÐÝ‹ï¿‚»žFyæ& åVñÆ¿>¨«oJOMüá÷¾±ëýì|ïÿ¶<°ÀÛïîüÁ?>7wÃOþç7]ÝºÌŒ”ýó[ÛÚ“cçÍÉ^½rñ´°àªªÚ>ƒañÂ¹55uëïýÚ–/÷r{Ç’ÅóTÊ«RTä´Ä„±X¬T(Îœ­|mÛ»Ë–,X¸`¶F£î?F£QÉår«ÍfòAvïÆÕ1Ñáû]ºróïþø’L*Ýpw^VFjXhðÉÂ’ù‹î¹{ÓWÿøÜËÝºžÕ+ëºußþÞ“ËWo9S~~þÜ©)“|"?ÀÒY@$HÇ8ÆfÔuï{FðøAYàOj©zŽ¾³Ácõ³?ÿ}1ð§µ¾ßø6k_éöã­úËî«üŒvŠg&“¹³«[,‹Ec]Âuw÷üãµ·—-žÿÎö¿½÷ÖK+–æ¼¼õ_-­—?äÜ³~å¶Wÿüæëùý¯ÿÛÛÛó‹/N;~ê¥ÿýÕ«¯üáO¿{rï¾C?M-7ñÑTÄÞ"¢I´§{
‘†…ÉH‹Dò4<²m]?X3?­‚?
´:”Ö¢¤ÆqqïïA@~9fÄ@z$^ûOˆÅ?óÔþc«‚Çà¥FN2žzA^h×êaèî…Á‘È1=º_„?<”hîÀ§EPZ‹äi½2èèB3Z:Q^ƒÂµÆÍ8{z.4#>Â(×-þðRÃhÆwÖÂž[4
„ù¢´vâgöæÚµgÿ®=û““ârsfOOOJMŽôË÷µ¶]–H$÷®]þíÇ¾ìëã¥P¸iµ?%¥åEÅg—/]°pÁ¬€?‰ É/Hˆ‹V*îê?ÿþIû…¾››<))îDA‘½ýoÿû#ññÑoïØåíå™›3ûOÿ08È¿½½£ÿûŸÁ`‹D‚x¬ëÂˆðP‹ÅZ}áb?¾÷è±“÷ß»ÆÛËS*“´·k³³Òv°µ®¾ñ½>Žõòò4?ßÿîW¸kÔj?zZXpIiùäŸÎ"x„°Y†%ÈÒÝbn«»i:ÞþKWƒ¥³Þ¢k±öutïÖÒ^cn«´öuÙ¬ŽF$>Qn«n‰å?¤R‰‡»¦ÖZoµ?•Û.·×^¬_±,G&“˜53cÿÁ|?®'.6ê¥WÞ¨©­ËÌHYœ;×Ã]SRvN,´ëS‰Dèë347·6·´…†LõV×G„[à#ž
ˆˆ&Ñ4?\lÅÙKŽ…DŸûÒ£0'ÙÑ?xû(t½øÒbÇÁ»‘ƒŒh¨ÝPÓŒ·? 3+•9&$h0÷ 1ÑAèèÁþbœ¹„§ÄœxXmC§&V¡µQ?˜õ[ÿx(aµA,‚R½2éd]bÇÿÉ+¬6´t`ûaÇ.³E&åE?+|ZHíÅú²3ö…D_xîçÓSæÏ?1#;]"þõöGÝÝ=ÿö°ã‹ç?»?›‘?ž•™ªV«ªk.½ùÖ‡>p·¶óÕµ{>>h?¦¯ÏpæÊš¤ÉIq1Ñ]û>;ræLÅ/~ö_óædY­ÖÝW¶;YXÜÒz9&*|îœ¬cÇŸ±}îÁ@ö¾û
KjµÊ>J¤úÂ¥¯=ö£¼¹™éÉii‰?ÿ›{>>h³Z›[ÚþùÆ{ö'šÍæÓEg&ùD:?,l¦H®é+yW™ýPÿø"›qÐT‘X,’À÷¼Ÿ]Ù"ØL}í¯Ý/ñ‰ö¸ë×V£N»íK®(ÿF‚?ž–ôöŽÝeg*ûçX­6Ûà´ ‹Aèïh2D"Ñ—Ü°*oÑ™³•Ÿì;ü¯·wþéwOH$?ŸwçÙ''<òÐ&•JéŠw6éŒ&³DÂASãÂx@D4Y”rüâ!¨Üp¢Å5HGBô´wC.Ew/ŽW 7îJté ¿gë0'+vŸ„Þ€ÒZdDafÎÕC,Ââ´AwN8{]zD`Ùtøy@×³Rq!Ž+~;½Ÿ!Üç"!MZxª??ÓÕhÖ"Ì_[?ÍÈI†Áˆsõˆùí4u SŒé‘X7ÒkýïÑk€ÕŠÔ¬Ÿƒ¼L¸É ¼?íóC\0òÏ!=a¾øä´“N÷¤Q)¿ùå?U*åÇO•œMM‰OJŒÕë{/·kår™®»'ÿ‹SKÍsw×tvu8’_pælå¼9Ù‹eçîÏzô½§ŠÎhÛ;’ãN–Tž¯Y¸`–Élþtÿ{ûeg*ººtQ‘ayËúûùtëtf³Y*•ÆÇE©”ŠþåM{ô½Ÿì;ùhØ½W'&Ä45µzzºOOK:|äÄ¹Êj«Õêçç³zåâ5—²3Ó.˜]QyaqîÜÀ¿¢â³}}†o~mËÁÏ¿xû??OÿÏ÷æÎÉêÑë[ÂÃBâ¢?ädLOž²÷“C.=Óã"Ÿí¿¼·dGÛËé÷ˆÄ’¾s[º|~K$q³tÖ™‹¤A©ÒÐlã…ÏÍ?%²¨¦úS¦¦2Yø,˜úÏ0IPjOþÖÞW¿•ë4{VÆŒ¬´§ñ§û7­IIŽ×÷èßûðãysg¬_»BáæV}ábSs«?·WjJüî=ff§xó­?büý}N?.Ÿ²pÁ,o/?SEe==úY3§ðÑ'…%KÏëí5ž*?77KzÍ¿ð[P?Þ pkLõ»?~"¢©£¢ó“p×¬™é¸ÛÀ?à?CðTay^ú\îFï€Ûä—#3
?z*€¿ò²ðÌØ‡•×jû!|e9ÖÌÄÚY0Ypºb1fÄàWã™7¯.sôê~˜,x0Ó#!Š‚Í†æÕàƒãø?»pï|ˆDè5à£¼s?Þ4ò{ù¬™ÑÈˆBZö?°îÎ ‡Ê?“Œ”pü`=š:`0Ã>‘úùÝøÎÜ·÷çÀjEéEGËW~®*gÁ¬uk–Ý½v¹ýn[_çõ7vxzz¬\ž»õï¿»|Y«ï½ºhÔ‘£'²2S:;»÷Ìp¢ è…¿o{ìë}ë±GD"‘Éd>’_0°ý×ßØñ?¯>x÷šåë×®0™Ì…§KÅbñ¬ÓûìOŸüÙš[Úì‡ýß«o™Læ‡·lÌœžb¿ïASskEeõ?ƒù+–åÄÇF=þƒÇþð§¿´ûÓÕy‹žýùã6›­ªºöù_òŸ=+sÍê¥"‘Èb±Í?ùÒËoœ((þÞw¿ºùþu>p·Õj-.-·w’Üô³;A"‘ç¦¿!=ÇþÞµë'Ä
Oå¬¯ˆ•¾Êw~ðýË¿ËsÃ_<×ÿYûæ£íÛ‚Í
AªÌx@5ûkÊ™_ÖùkoÑ[²Ð,±\=Ž›Š<Ü5¿xú/½²ý¥W¶?F‰D²`ÞŒ´”‰DX™—ûøOŸÝpß×_zþWßýÖ£¿ýÃßÖnü
€9³3ÿß·¿"‘HŽ;ùØwþÛh4Êd²o}óaûŒ—ÿüÎWÿðÜËOþì‰dÙ’ù3²Òú—9ºmèô}f³ÕËCåêBn¢'žxÂÕ5ÜÑl6€§žzÊÕ…‘Ãœ8¿M¤„ãBóÕ1Bö?q!(¬×-Òæ%¢]7ê­Ž#æ‹‚ó×nÊßÉÓPvqÐ©‰aðV?÷ŽÎÙ1è1Œ÷¦Ë‰aPÉG¸oÚøž?üßz˜9{µ3[ü}ÓRªª/ÚWíß}²°x<·HKNŠóöòí¦ËQ‘Ó¦…Ÿ((ºfSþ¾)Éñ¥eçú“ƒ½q¥RaŸ® R*fd§_¼Ô0°Ô¨ÈiÑQÓŠKÊ>kü/:Q…ÇvöÿÜð#uð/‡.Õzã¬z-€A7A³š­=—ÅjûP9›¹Ïª×
šÀþ‘s6sŸ­¯[¬ösz1y¿™³W<Îb³Ùôú^77ùÀ…†¬V[o_ŸRáf_Ÿ´¯Ï`à]Ò¬V[O?^©tø¬›ºq×ñÆí×¥N\\Õh2÷èf³ÕÛS%Œ6/jâšµ~>ÎjmªaïÑ¤kéÄgÅ#lÿ=ÅÆ¾v<Æ®¤eØÿã¼Ö·›Ð=’GkyüO)Í-mŸ|úùð?¯¶ÇVv¦bŒ½Õ?±+þ¢ïÑ÷8tl<í?ÿE§ îŽ,–ˆ5ý?D·!÷1IÜDj·¡Ïº5‰D¢áóÄbÑÀE±†ß>Y,i4C¿D±)—hhÖ:1ˆ ’H…›”ýÂx@DDDDSBp€—s{è:ð¾DDDDDäÀx@DDDDDŒDDDDDäÀx@DDDDDŒDDDDDäÀ•‹ˆˆˆˆhJèÒõNêÊEîêÛíŽo“?ñ€ˆh©“ÅÕEÐÄI‡ÝÍI*•˜Lf×TsÇ“J]`ˆ™ÍlI†®Á[²™"A6p‹T*1M2™ÔuE¹€Ñhòk0öËw.lêZ\DD4HtÐ8¢©gøášRhØÉ—&›.¸®œ›Êt©@˜<pKLtDiÙ9×Uä¥eçø7x‹b< "diº«+ ë2üƒ[¾4Ç5¥Ð°“¯HÛØsüe×•sSõY‘¶qà–åKsÞyo·ë*r?wÞÛÍ¿Á[ãÑ æ"!ÔÕEÐ%„âÁÜ¡Þ²11!Æ5ÝÙbÞ2èúX?ó]sk¥îðŸ]WÔM¢;ügsk¥:ç»7>¼ecMmÝkÛÞu]]7ÛkÛÞ­©­òk@·
!7wØ?¨tÓ-Z´ÈÕ%ÑU3bQ\ƒ¶.W×Aã“Šg¶À]9Â®YÙÓOŸikkwAYwªÄ„˜gŸyÜÝ]3d»<:·{ßÏ?>T¾bM€H|[Í~´™¦Ú/º>~ÒX}Øë?­b¥×?feOá¥ž*õòôðññ„asenF£©¨øì_^ØZPX2â¯Á58pà–˜{ÐÝÓ§Rº¹ºŠÉ"zâ‰'\]ÃÍf³xê©§\]õÏØW„ªFÎTž¢¤¢ƒ°4}„~ƒ!¶¾þÎÇû?¯ªáLåÉ#•Jb¢#–/ÍûcÝ¡?ö¿cn*³YŒ7±ºI'd’ÀdEÚÆ!ýCÜö¿Šãü5ƒýºtêÇƒ†f­Ÿ?‡««˜,Œ.Æx@DDDdÇx0pî90‘ã90‘Ãmµ¬QóñmïÚ2-gÝÍYYP¶Ëjºu0Ñm( 6.D}å?Ì"Êpm=·
Æ""""º&dÏpu· Æ""""šj/Öøº¹9ç†Ä]­Wn@§ôö¼mosìdŒDDDD4%x¸kär¹³Z»pìÀ…+?§¯Ù<›ñ`|ˆˆˆˆhJP©•Nl-yù¦™þŽŸ§…ŽÛãÁ”`6›%~DDDtç2›ÍR§^IäR{&Ž—¤SB}}}xx¸«« """r™ºº:ç6ØT^pâJ“ÊÐôäRç¾Äm‰ñÀõl60Ñ?ìäÉ“6D"§5Ø\YÑ|ågwIÄ´ÎBMÜr§µ~ûb<p1‘H ¨¨(00pÞ¼y®.‡ˆˆˆÈŽ9RTT$‰?fnþúÌá›™Æ…ñ`*°‰D¢½{÷666fgg‡††rÝÌfsUUõ©S…gÎœ‰D€p^÷]^†ºžH$²w¥Ûl6‘6›ÍÕuÝÎ[:|½Ý]]Å¸´µwù{ºº
"º´¾²ûüh;CçÝµ(Bf³Ze2ÙÍ-ëcµZ[ÛÚãˆ{U*…—§G_ŸA©TÜôÒ\ÄÜÑÒéæï3ê_cWK¯Ìßc”ýã8ŸžƒQ¥RˆD¢+ƒ*ÈÅ¦Û•?Û€¿þ‰L‘H,‰]]Å¸ÜB¥‘‹d?úH¶«‹¸å‚80ÀìcTª;éòIêà;Ö~¹GàK†Žy>×<‰#°ë`Š¸“~¿§0G2°A$Û{Ÿ'•H±øÖ8Ã·P©DDDÑñ#l"¿?*¦F"""º£ˆD`0˜j¦†„›@$Ý*çù*•ˆˆˆnÓLDDDDDŒDDDDDäÀx@DDDDDŒDDDDDäÀx@DDDDD\¹ˆèNÑ¥ëuuDDD®ä®¾cnw}ˆîü7‘ˆˆˆ®‰ƒ‹ˆˆˆˆˆÈ?ñ€ˆˆˆˆˆˆˆˆˆˆÈ?ñ€ˆˆˆˆˆˆˆˆˆˆÈ?ñ€ˆˆˆˆˆˆˆˆˆˆÈ?ñ€ˆˆˆˆˆˆˆˆˆˆÈ?ñ€ˆˆˆˆˆˆˆˆˆˆÈ?ñ€ˆˆˆˆˆˆˆˆˆˆÈ?ñ€ˆˆˆˆˆˆˆˆˆˆÈ?ñ€ˆˆˆˆˆˆˆˆˆˆÈ?ñ€ˆˆˆˆˆˆˆˆˆˆÈ?ñ€ˆˆˆˆˆˆˆˆˆˆÈAâêˆˆÆ¢ëCe*ê‘?Ø`WWCDDt»c< ¢qéÖõTTTwëzÎUTk4ªà €  ?Zä?y/ªëÃ›‡¡vƒF?Ce˜ˆˆˆ&ã]ÛÉÂ’‚Â?*;3µ[×ÓÝ­³ç„øØ¨¬ÌÔiüT5
«®>T»á¾èÏrRä…]¨l=XLF›T6Ê?iƒ2© º‘2Çd³??ÉG®i1Í&õÕ‰ˆˆœ‡ñ€ˆÆÒ­ë9p0¿¡±%;3uH°÷'–œ«¬^³z©F­ºŽö+PX…Ìè«[ÔnØo ëC“µcuôž?úf™÷Úõ©ÞÃ¯Â;Îíù¨ÌÉ†A×Qà(,&£E?É®ä?¦’mŸbõ–t¿;?yëÆ^Ïé!º3Ø,F‹0Z¼`1š –±m£2™0ùõÝjx>éÆ0ÑXìÙ`Íê¥ÁAþÝºž“…%ýƒ‹²2S³2Sƒ‚>Ü¹ïÃ?û6ß·î:Ú/¬Bl02¢mìÏ9)hÒ¢°
…UP»J#ÐWVD/?WÞj¨-,oœ;ª÷üÑ7/„Ý—¥¸Ö‘Š˜¹›# ÈœúòD·[ßÅûVY”J‹Þ²0oÖ´ÁTíÙƒ{JÛ”2AoÔL_º$ÑKSÇÙ#žnW*½^?™—“ì%uÕ;˜Zx>É$ÍZW×@DSÔ‡;÷ÌÛ¶¿oßp®¢º¡±Ù¾kóýë¶mÿðÆkôIDATÀ¡c¹9³'úº>hC·ôgƒ /hŽl?“âèX•§ÆP\Ù?î7ð{?–Šz¥º'Z˜ÓR~G4cÍ±c¶ÌÍ€¥ñ‹wŽÕ.Š¸š¦mmÅŸ^
^³i±°õ”¼·ØC†p¹ôã‹wßŸ«º³»÷”lÌðåø=žOr‰·—ÆÕ5ÑTt®²º¡±%wálûäã“…%öíÁAþ¹9³³2S·mÿÀÁ|û°¢Ü…³<uƒ3•‡dƒ!¯Á?y&N?µ:µÿŸ5}eauhúáà±þ£Œ—ªKk*šÚÛÍRoŸ°óRƒ”Ð[õÅ'“¬g?—W‹Öç…´>Pœ;/Zn¢ý€eÜ«ß?Qeìƒ¹ë“÷+DÏY‘0ë›Š??mëƒ›wâ¬™iÁrh9óA>æ¬K>îˆèŽgª¯i?MËµ'h!(1ùø±‹½1ý_´_*÷‰Û¨ˆT±É?ÿWÓœáÐVwÞ7în?ýúU—ôö…ÖßI\%áVÁóIÎÁûÑÈ**ªƒƒüãcã~›íS“³2ÓhÔ*{—‚}opP@p?ÿ?Cù7ø¢‡J¯7€Ô/mº¦¬¼Îèxl¹Tv©éa{É?g/YBS—­Yµy}î|ÿö½ŸUêì{Ì}íMgïöŸ±àžE
XŒ==½fËÕ§šûÚ{¬€wBÞâù‰¸ÇÍÏ[œ—·8Áqá_âpƒ:{ÁúË–ÅX‹>;^Ýg/ÂÔÞmºÁÓBt›jo»è¡¹:P¡t×jtõõj[{Üý_~
…êrg/ú:š­Uÿßµ T‹ÛºúnfÝSÏ'9ã?ªÿêß.8Èó}ëötw;°ÏK¾¾ÙÉý*Ð¨Efôõe€[XJ\ë‰Òv°uWµ¦g™ Ÿ379ÂS!—ÊäJï˜°ÐŽÖË†+;>™KÒ£|5#¯At… —*¤©B.•Éû§÷IãfeFy)er¥wjjº¼õrûÄOÑÆbò0¼PªTY,¶»­Ñ¨¯>tSyÚXÌ6/Í€lT
X$ù;Ï'9ã?,+3­»»§L‘F­jhlihl±?ìÖõ44¶ÄÇ9úì#‘ì×­QAÞ¨l”µŽNÇÃ;ezÐ¹’ÊX.–*S|‡a³öj[ëšêÎ?),¾Ô“Ñ|e—¯ŸÏõÏ!ö÷ñìÿÙM¡Ag·þºÛ"ºCÒöîÞþG&}?0h91ê»uWöõtˆ‘¶{Àw=½?sŠx>ÉYˆhdÁAþñqQöë~¹çØ'+8tìÀ¡cÛ¶¿¯Ñ¨ìK?64¶8x,8Èÿ'4¶Cí†7ãPÙ ~ƒ&-tãïè–§g¢¨¸¤ðdGffØÐ«}[{Ù{î)hÒ™!¨¼ƒü4\RˆÈu¼}§ÌÑ?-¾Wc6^~ª®Þ+£aìêD€·nžâîžþ1{¦îvz?½pÁ‚ç“œƒñ€ˆF••™ªQ«Ê?YX¢Q«6ß¿.;3µ¡±¹¡±9>.jó}ëì]
îÜä¿fõÒ|¹ oÈŒÆªlÜ·`"cŠSÄ¥ÆÕU–$ÇzÛ×r©°'löÒÔØˆÀ ÐÀ ßŒ†Òuvôÿ,È¤°XØûNtc¤!~Eå5Fë«*ý#Bd@Ÿ¶¡^kà–p¹´Ü¾Â¢­«²¢=!Ô€ohL[É™û°™®óå—cÂ¼]ûF¦žOrÞ÷€ˆF¥Q«rÎùpç>û-“í7:è¿9ZÿmÑ4Õ?g9É7Þ@ä?¶~M² ¡w\­BU{;‚|›¡®´¢î£´¢ôñ—¹P¯‹‹U‹`l.9^\I,2?F­­©½›ìØFi€ˆ®E9ï®î}on/Rºõnq+—EÈtV}¸w%;@ä›‘—rð“·þ%–A?€Ù+ú|2V¦þxû»PBoõ›Ÿ·€«pÚñ|’S0ÑX4jÕšÕKí1Àž‚ƒ4jUCc³}ÐÑð»)OH?Œ”Ù5?d¤l@5{^ëg¿_êæ&³Hã2¢CkZGkÃ;eÞŒO¿ýÏ@ðÏœ1Ýsoí•}¾‹S[÷ì~÷ Ä/x(tâH}ÓV>”j±X¡ÿ?6 ûë_¹ò³:báú˜-?ú›ÖD.Ø‹/dáù$'ý×?~âêˆ\@ß#ëZ/w\ï §êÖõ44676¶ØW8µ‡„¸¸¨_­¨°
AÞCoŽ6Par’|#¯3”Å`Æ\žè*³É(åÖf6«Ñ™ìÖø]"""gihÖúùx¸ºŠÉÂ?HDã¢Q«âc£úoƒà,AÞˆëCE=*G™|¬vCf´“³€ñfé¨Ó—Eb§6Ñí…ñ€ˆ\Ií†Œ(d89tÑubŸ890‘ã90‘ã90‘ã90‘ã90‘ã90‘ã985ºôg¶GDDDDD7“3ãASÑ?_.jrbƒ0³3$""""¢ÑMÑÁE††“{·½øÜ¯¼øâKÏ½úîçZË(G6þ¹ãöL¢¯Øýü®
ýM)pØk™ëò_~1¿nH˜1×å¿¸½°MGŸ{ng…î¦”FDDDDt½$“ØvWuA9’fF)'ø<Ã…}¯Ô–´öþÇÂÜ±Ù ­/9UÛçå7Iu:…$4yŽïÖÂòäÐ÷þ?½Îø¦=äwåýë»Tn.­?ˆˆˆˆèZ&­÷ «úàÞ½e]£}é?†¶3Ç*ý­˜î.ˆHä^áÙ‹§;²?ÕÜÕZW×Úe±Ž£%“^ÛT×¤Õ÷a±V2wµÖ5i{|Óoo¶I;h(“iØa€AÛ4Ú«»G¦&Õž®j½º¥«ª¤&3+Þ€ÌÝÏWy%‹YzµMum]&ÇK†«§É4p8Õà]DDDDD“lrzºªîÝ[ãµtýÒØ‰v@×ÚØæê5|?¥õäÎN#:ÑÛP¹·9 ÷î¼h÷‘ZsÓñî­õŠ´{wöe­]?ÝúªÏ¶–‘‚Qâçe¨Ú[ïž½auº¯`j*xogKpj?ÐUøqWÌÝ’ÜÑU¹çƒRIt¸»¥do«ßŠµÙ?ºªö½u %0>J^˜o?OŠÈøìý{Ï×¥ù…
Ìue_è3×†ZŽ¿ø6}kn ÌM;öµ&í'v"eý’X}Éëû„µ[2üª¾r@µæ‘9¡`¹˜ÿb™ï£+'|‰ˆˆˆˆ®ËdÄmñÞ½ÅM@Ó¾­g÷ßš{ÿúÔ®þÌ3”’êê:—\2ïÁUîÀÜ´Òw·V-7j”V$?™><ÓÞJ”ê?wk[¦ûù@?%üá»Ý?9I§w¼^P—ÑRž¯žûè¼D%?1ÐQzà?*÷KB¥b‹ßÛ.fC´öø®ÖÄM›æJSíç¯^ìö¢¡‰sý^+­™­€¡¶´ÀoúÃƒGDYêòw6$nZ›â 5äà«Eu‘Â3ðÁ…¦¿@tT–µjTg/4Î•êªK“âþ?Ù€ˆˆˆˆnšÉˆ^Ù‰ç>:‹ìU+2åÃ_R:|ÛÀÝ‚zóðõŠzš/Õ†Ää:úÜ}±¿I;j<,ÝuÕµ­:#`h?ÅçÊ—ýÑÑáŽ&¼Ã?¯íD´OHRë¡}´Á!AÁ!~j‰¾µ¶V¿’ãö?B]âfUº.W#rU  õóÆ°xxÆ&'.»Ð?„ª²‹i©‹†to´7?Õ#ªªÐ>§ÙÐ§ìÒ÷!4jº÷;•u™?î–Ô¼ùÝïV]šxñ|IJüü1Ï‘SMÊà"÷ÈÜµë„Þß›¯Ù´4ÅK˜Ð“Õ~A¾mçë´Ižƒ{$‚æþ!=V@)€Q†æk‹?Ø^—°)7Y# [h(5^Ùa0û7òf©PÇ.Ù©ïlkm­Î3?xÍ=©94¾1É‰Ž‹ûät‰íMJ,`Ì·#?HH9p¸²ÕÅ=YK"‡]ÜK”ð‰JJ±?JJ†D`Z¼ßÑKM‰ˆÏõÒ%î-¿˜f­ªÉNÉ?Ì©ãDDDDDCLÖÔdù´k×¥ªkGøŠý|Ó¥öï=XÑf0V³^[™¿ûd«<$"U[VQg}UE©_ê4o@é‚¦¶.Pº{¡±µÕc—àåã«”Ëå†ÖºW[¯;{¶É†ªò3ÊÄ@o «Mk’(½Ããf¦Çh/wå?QiÍåµ—!—Ëår9ºº{ÄðIô+/­êKëÙòó#W/„&fJNîÚsR™;|©%¿?ÄÀò³µ{Ã‚¥Ko÷èäi‡÷Ë#<!„Æ¦×žÜWØ–:±dEDDDDtc&ñÛiù´¹k§]Ï…À¹k7Êx÷Å½ðÈ˜½Èr¿y:÷½ÿâËp‡Eˆœ»:#PÜCSÒJön}îðœMßÌˆžã÷Á®ÿ-œ¶âË«ãÇ}ºûå·|Üå>±Á1W?Žu¿°kë¾^ƒÖì;õÚPô]ÕÇ½ßªpW™»ºÔsVE(!?š¿¶kß'[Ÿ3Ë½L„f­Èõ…_ú’ìú][ŸÏ÷PºG¦FA;rù¾I™Ó>ß…ù‘#Í›öËZ±øð?÷ž?,QJ.›½2sr}¼äbÈCãÒv]0;?Ï0çŸKÌ?Ò+¹ÑmHô_?ú‰³Új:þü[Xÿ­™?ÎjV³Á*‘K†n´ˆ%C¾V·˜!H®ñ3 ¯Ø½õ|ôÃ«â”0›1dúóHÍÂl¶H†l4[¬áÆ;]LfH9rÈ•ñ½'à­—;ƒFŸÊ?]º^§´CDDt‹rW+œÒNC³ÖÏÇÃ)MMAÎ¼Buž³£.5z=ÄùðK¸áñ˜Fýy?áK#?Ô,†fÎÈ³Ý|Îú7‘ˆˆˆncÎ¼HU†NOsbsÎ§Œ^üoá×"""""Ù?õ¶ —s²/Ñhn?á×DDDDDt0‘ã90‘ã90‘ã90‘ã90‘ã90‘ã90‘ã90‘ã90‘ã9H\]ÑXt}¨l@E=2£ìêjˆˆˆnwŒD4.ÝºžŠŠên]Ï¹Šj?Fä¯Q«ƒƒü'ïEu}xó0ÔnÐ(p¨Ñäb< ¢k;YXRPX@£Qeg¦vëzº»uöœ••™z#?ŸªFaÕÕ‡j7Ü·ýÙ@N
‚¼°«•£Ç‹Éh“ÊFù'Íb0A&D7R¦£‹0ê«e³?–a[™üÕiéëhoë3•—·§üÚ§ÑþÆ%R™`ÿ#¿åáçgüçvÄ:'ôéŒó)ßËõÔd2šGÛwÃ¿7XÑ(ˆh,Ýºžó[²3S‡Ä{BAaÉ¹Êê5«—jÔªëh¿²…UÈŒ¾ºEí†?ýº>4i¡Q Q;V×Aïù£o–y¯]Ÿê=üâµãÜž?Êü—l˜tÔZøÖá²¸?Ìô×áúšC;J.«Üƒ.Ãæ¬Kßó§[wõçG?Ôö©5nc_»E“™3/-X>Ö³ô5‡vœÆŒ¼¥ñJ4•lû«·¤?ð–›J¶}Zãao,ºn“œ”7?ÖCvµŽãÓ±Y?F‹p5(Žã)ßËÄsfoMá'¥Ž¦¾ö>x¿ÿMRÿàÚnm6‹Ñ"Œ‘Ó,F¤ÃÎ¼Íb4AÆx4Ï'ÝÆ"‹=¬Y½48È¿[×s²°¤pQVfjVfjPPÀ‡;÷}¸sßæûÖ]Gû…UˆFFÔ ?ýÙ 'MZV¡°
j·A)búÊÂŠèa—J†ÚÂòVÀC ü27­I¤yŠgæò…±×“›¦„öS‡õD¬Ý”ä}%Ûª‹šz0v<PFäl
ƒd<'*bþºÉÁÐQ¶ÿ³OJ|îÉòžx±ãøtô5‡v\
_ßÿ‰Œã)ƒÞKká[‡1‘œ©ˆžµ¶ÿ—¶±èŸbÐû?¨!õOà<Oa¶¾‹'ö¬²(•½5daÞ¬iŠAû-Ú³÷”¶)e‚Þ¨™¾tI¢—¦Ž³G><Ý®T
z½:3/'Ùë?ÎÂóIÎðÿÞOT±,m-IEND®B`‚' height='200' width='200'/><br>
<br><img src='data:image/png;base64,‰PNG

IHDR
1K«Í/sRGB®Îé IDATxœìÝg|T×?7ðÿmS53š¦2*£†º ?1!Æ$¸$ÎÚÉ:‰S6½ín¶$Ù$ëxKòlÉf7Ù’Í&N6mÇ±ãwØ€i* $?:šÍHM½íyq!„?Fˆß÷š;÷ž{4ÀçssÎÿæÑG%"6Ý€ÅñR ñR ñR ñR ñR ñà*Ôtw`ÁðéîÀ¢£h¨Ä’BŠÈH"±,q<«21“î>ÎÄ€‹¨¤1¬’<´ó•þ³gIÅXLä•’
sÿû?l³Ùx~i>H/ÜoµoßÞÉA†H%bˆEaY63Ó^XP˜a1G£Ñ£ÇŽ¥‚˜JÄ?JÄh§N¥Rù²RWVÎ‚unÚã*£*ÄªÑñ6áã"Ïé8ŽXŽ“Héç?yüŸþÏ¨
Ë³KnaáâÁàà zñ¤-‹ÕZSUUPX8yD’äÁ?ÁÙ´V?ï¹ñ]"RDR%RRbT""•!†%–%†'VHwÿæOêYŸ•Å—ùc+#+‚ ‰Q˜$ËO„cf«E&™#õÉ§žúà¾G!aéò.\<ÈÌ´Ÿ?*Çqn·»¶¶vêœ­d2™L$333§¤Ü¥­étKøß%@:¨
)’Å‹žÿC•I–‰D¢q±zb–Ú³±ª©ÄÈÉg~öÃ,%!‘$1ú„Ê?%’¢¢8l¶‰h,–H&$šèéùßþðƒÿÌÒû.h?0[ä-ÔéõÚKEQ#á‰X,Æq\á”Á„+0šÌóÙY€[Œ'99ë“E’EâtÄæ·WH!’bÄØÉÃ»í¼Ìéô±87§@x‚ã¸ÊÜœh<^˜ç1˜3bÉÄá§¬ÊJÒÓÝñláâA[k‹¢Ã2ÛîÞ6™ZZZN?:u­™«¬6û?î#À­GUHŠ‘*ÏùB9IŠL¼qi|ƒ®qrr¸çtïé®d4nVÍÁMÄU¥…¹¼BIYêé?7á?˜lN^N?˜‰'Ìˆ×L”dU¥úõ&“I;òúŽ×?£’Ê0Liii–;kß[û˜™fM¥)Š² ½XÒT™Äèµ/ë¯Ê$FH0ÃÝàŽ-8fbì¥çž?Œ„ÇÇõ¦Œ¾±1?Ãâ1³«*ŠXF!R¹çtºFI&ÏMÄ¢³·CX¸xPQ^®Óë++*´—g{zN‡Óå”¥´¸Ä–i#¢x<^¡? uÊ"GS+T²Z­sî?*GÂ>ßp4‘zÍ›­v‡Ëbææ¡Þ<9O‘Þê´è®t¢Fd"bÍ‡q©U¾À¢¦*×•Î·Bb”óÍ>†ÀšLw½óžŸüìgã
é"ÑÒ<WMu•,+1I°8FŽøc‰Œ‚2?ÑÐyð€Åj)-­4Méîõ?·pñ`$\±b…öóððpwW9ìöÚš?.õ-Ër(RÕ«ÿÍÍvÏåær¸ÿts×Xlú?Ã9"2:r*+½.ý\Ú»ªÈÐÑA"*Xá¬¼b<HŽô=#¢ÌeËùKmp
5)vƒ¶VIŠ‘pãKCc±˜Ñ¸PHŒÀ[2?þ¹/(ªü‹ïÿGIN&§çFù¬_?ûÌGßóN‡Þ¨°ÒS/¼62>úÙw½3’Œ…ÇGù%8x°?Û¢©ªÝn×†<¨(JFFFUuõd6ÐÊ”³³³õ©j0:74t~ÑE{¨D¢(Îx“™ÈÁŽcM±z‹ÙeÓ³DÒÄX0,&dŠÏÝ®¹­Ö³tJk®FŽ_K½Áå¨2ÉñX©Üqº«££SûÙh2äç•/+½Q?_Ã²Ú::õåe§ŽÞV]ydßQ#eèxŠÇ³íÆ?¾k‹*Æb¡ˆ#Ãboú)U—Z¸xPS[§-c‡³³³†©©­Õë/úÒžçù’’ƒÁ@D¥DbRœˆLœ>}š¡éõÆYå(¡îã±¶ÜÆºBËE¢ªÉñ¡“­}ÃœÕ–¦l`ðÔlÎVˆˆ8,Õ
EUf¹NQüÔ«Dd¨¸ëê§ÊIbu×?Å(‹íÛ(?i© ‹E£±ŽŽÎ¾þ?uk×Ìã`3ù'““•e_Yg’•ûWWËå‚ï<{F‘Y¯—GÇ‡'Â2'¬jlT9~éM_¸x`2¦À{{{Ã,Ã—<’«ÚÖ)‚N°ëì???ÍÍÍ###JT’¤YŽ¨?¡ HDd®ª?–ˆˆÑY=Ë×:ÃlÚÖIe9~)æNXÔ”Ä,NÒÎœËƒ’ îzß?5·Ä¢±òò²©ÃÚ`Â¾ý‡¶lÞx?íÏFVU­/)?£\"Ééˆ1â²¬ŠIÔQYžHnz÷ý*ÇIª,Üü5ÙÓ,àä"†Ñ¦µµµ©ª²lYsÉÔ‰dbÇŽ×-Õ5Õ.—K§Ó±,KDõõõmmmGŽQYÛ±¢´¸`vw?'bDDdu8.WÀè-–ëûÕn.òe¿i?wì`]a£ö’µdM}Wn—Çå[.ÛìõÅƒþþÁ‘‘à´l@DÚËŽŽÎþþÁü|ÏõÜb‰Õe­Z«FÇÏ>,ÈbŽÅRRè…‡ÇqñÎûß£r¬JŠp“WcÏháâ?N´âãÊÊ*Žc½^ï¥çôúââb"òùüÃ>¿Ñ`¨¨(ç8Žˆª««ívûÐÐ?6ðcµeÎíö¢4Ûä«ªñÑ¡Þþ€o,‰ˆXAÈtç–—äN|PÁ?Þ3}££qE!"Ž·Ø]E%žóÅç‰ãƒÝ½ÝþHL$bY£ÕYYUì2œ?Fc={ÚGˆ(§jU™?ˆƒ­­Ýa"K^cM–èm?†%…ˆÕ³½E•yÖ‹±’ç††&Fc’B©â
OQiÙ.µ€%D¹Ò,Ö`Iôälyœ-?ˆtù«&ß’Çâ;.›&g¯}ÊôH0HD3€‚|?6Åhþãq#3g²ßq{wGKW?&U.J<ãÈ<xpïò†½ÁLW[Žÿf´Ð£Ãèu:†ax~†[3,›??‡“É$Ã0²$µµµ[­-Käææêaphˆˆ8v–YÍhÍäi\¢ØP[ŸkMÁÕ*¢ƒ‡÷?^œ$Qöî©iœR¾œð·éˆO9O–Â?s'ç*V4œ?ÍÊÄ`Ó‰¾àdƒŠõ=­l¬-ÐÎQ’Z
‘R«*)r\ŒÅˆ„øðé£ýâäbKJ26tº=]¶®ÜÁÉ?ŽææñâÕ˜”D8|æÄ±sëÊ2—`ž€ë§JWxSWØÈè-œ-Ožð%{Ë¡^"âì…ºÂÕ¬Á’Ñø£¿âúòªDtíñ 0$¢ŒF£Ñ´@«1ËI%jvÙ[Ž„KìvR¤¾þ@ÃÊ:S†!<>b4˜I&Zjs‹r[41©×ëY–íêîR%?76®™vN<·Ym¹¹¹Ñh4
>|X[¹¨¯¯oýúõDdw8NutÙ,f›Ý9›ûÚòr3ûûFí<±£Ç˜]àÎ±Û2ÍF~ÆíŒ&Kãz‹·¨0ßi6ð©rd´¿íø¹Q9ÒÞ=’Síd‰HïhêHk)(©ófšV‰G‚¾þ“gâ®L=?ŸÎ7ÐÙÇl•+Šs?,‘8z¶£¹?¡(‘Ž3#yZS—3~îä8k)(«óZõDRÌßÑÒ7œ Ä@ï@¾Ãk""ÎjÑ)¬œ™“WZàÎ4
,CJrâ\ç©Öa)Öw¶Ï³Â»—â€ëvµíe…ì*yÂk~Š³dëË6‘4|*Öü”±þ.#ëÊ×’¢\ç³Óé¸Ü[&£1‹]Wë³Æ’Bj\Ï¨:‹yecãXßpVŽ?·¹ÝîÌß`–#gl$`qd-½oc.È²LD,Ëzr=ÁàÈÈH@QöâA–e–aY6#####Ãåríys?$‰ãããýýýùùù,ËÖÖÔŽŽŽÎ8ø03ƒgå*©ùèPP&EŒu÷iÇ9ÞbÏÌË÷äeÙÉ¤Àd–4®*×M‰¼g¶{«½#ûÎˆŠt”œ¢øÀÙžQæ²Ú5ç7+`®ÂÊõ¹¢$Ðd< ½cåšeŽTg×²šªÈ‘ÖM6uSçÏòšø®#~‘¾PÂkÒ‘.§âN—0µ³¬.ÃSQîšrÀEÔ«Ä"Jöæ,ÙÆåïÖ^
ÙÕ±ãO'{«ßyý?ß$TYUQIÊÌrËqzíõƒ›7ßÁÆ‰h,ÇÃwœì\é¸ZXº-\à™Ü© ´¬Ôår;?ÎdrúrZ<Ïóü…¼i47¿m³Óår»ÝƒCC’$‘Õf-È/0ÌeM+ÞRØ°aÕºº¯Ë¨Ÿl^–Â?ÀÉcÇwî?Ù¾0?ˆ×Í0f4™‰ˆ”DR$¢˜8FD$¸Ëó.é† L.™…ùŽ‹‚Œàpê‰ˆ”XäÊ°ŽÒi?[mÚ?ÀñèùÐÌ3t–3š?DD‘ø¬W$€[
3ón^ñS¯ÆÛ_Jö!"9ÔËgWL}—Ï®Ð&%û?ÄÛ_Ò<?}ã³‹ÆL—ŸAd2cÑ…=PUUUY’T-$°¤òKIWv¦ÊŠbB2ëLr,ÁÞÀ?#?…=hok_¿ÁÅ0ŒÅbñù‡eI‡Ã7n„O¸’$±,;u/žç‹‹‹ßzë-"õ¬Ý^VVFDn·;?Ñ¬æ?Çf—§Üå)'"YŒDÆÇB??¾ÑQ‘”øØÉ#ít[mÁ…uVUELF"‰É‰yQíï^e"!'""‡Årµr‹ù’ß©
wå*{f˜MÓgÎ_9-”+²?ŒF'kŒ’ÚQ¾Ò´B€Å¦¿?ˆœŽËN°ÐjFF‚W˜€t£¨ªÊ°Œ—Edôº¼‚‚ûïÛ&ª’?·H¢<x°eèàqyƒ`¹b%ÆMháâÁÄÄD(r8z½~ùòú–––d2ÙÒÒRUUe8¿Ë°—®vêv»m6[4Òâ?Ýañû®½+œ`¶:ÍV§Ç«FúZ÷wF%ÒÑ,(wÉáþÎÝ£‘ÙDAžKól³ÄHGkwßØÕæL¥24Ó÷”S÷>ãì…Òð)!»zòˆ4|Š³N[Ëè2?_#mÙ"§Ó~¹´Å‹úç;Hªzì•]†àxÝ;nŸˆ%32ìª,?ŒŽØŒn1CqÏêåUÉäÁ^½ýÁw³³]2çæ°pñ ///:"*((`fdd„ˆº:»<ž\»ÃAD¼0s***†‡‡µJ‚ ‚`4Þ?YõŒ¹ ¨d µ3FJ8'b‡O<VˆŒŽœ¯ÓaÖ§:ìÞÙ6:ýjåºÆÎ®—:ÞÑÔÙ“ âŒy%¹yŽÌóë©ÆúŽµwN¤³k°¨1,]mVŒ®pu¬ù©Øñ§µ)FÒð)9<l¬`V?_“X,Ö×7àt:®°/²Ñht:?‘`,›Çí“‰8…LQ¥fÕšD[Ï?<fÉusªÚÔÔtÿ>]ÖŒƒÏ¿\½þöÜšêY4v“Y¸x088¨1SZZJDùùù¾sÃÃ~1ÔÛ×+Ër¦Íætº
½…zýôGA¢‚‚‡ÃÁ0L4›ÝÂE³ÆK‰á?°BDÆÜ•õ…S÷QN^´I³Ñ˜A4A#§í†öbÆü}"¢ÜÊºê¬©1=’ˆ¦«Op3`Y’¯ÔÄ8+Œõ${':ßÐŒõ0,/µ¹µWiüšknÑ~h>Þrå3cÑØ|oŸÌòlÕ¶;i4¶÷õãîåeŒ¤ª’RXX¨ªj4?[¾û›ÿþïòç_\bC†}ÃŠJÃ>_NNŽÙl&¢U«Nž<¹ï­}Ú¤z pº³3/?oÆËÏk+Ÿj/ñøŒ§]j¬ëx?¾¨zÚnbçI¡¡>­ÌØ–¡›¬0N(bÀ™òÒèÊÖwL$Hô÷ù¼¶¬‹×îRjU›SÄëßo,x“?à
žè²;£‰ÃíñŽ¦åïælyÓÖ)‡Zâ?»T9y¥ùEÌµ<^ŽŒGF‚ç˜í%ó7ÅH&•3ðä“ŒÀªñDñ£Zm6•T1‘dxþ§Ï<çÊ.°ð†Y4v“Y¸x°¼n¹6§³««~ùrí`eeeEEE__ŸßïW•ˆ.: "Žãê—×©™™©Í’3í³û× ?ôõÇ†•öánc®×íq:¬Ï3¤ÊR"6êë?yfLÛ½ ²ÀJDfÑ8Qpx šåM•«‘¾Sí¡‹Z5{
òz;Dj?Á³U•©-ŠÕäøÐÉÖQWCõ¼oåGDFs&GI)±8SáG9Ùê¿ÒFˆ¬@tÙõä±ACùmËdm?¢Éz!·V•“òh?]!\Ó–ÉN§ãžíw_Ã…ó„UIaHGc6ûHUHeÆÆÇbñ(ÏñFŽ“e•]‚«Ñ‚Æƒ¤(jeÇ²,555åææz<måÂÂÂÂÂBEQÂá°ªÎ0¡ßçóÉ²Ä0ŒE‘•Ùý…°9yÆá¾˜"Ç†º{‡º{g:Gï]Q‘£#"rdõ?*±Ž‡{2­Y&y4'Ù‚üÌ¾þ)µ¼³¼nlü˜?¬$úNëcY£ž“¢¶ƒqÔó˜g¸ÏfÈ-Íjê—Ä¡ÎÝ?>‡Û"DÇã¢lqè}ãóß¸yqÉ3£h(ß2õ¥¾h=]þª+eîÚ÷K¾ÔäøÀÂ,U4•öÔª×ëEYá9^Ud1):Îx<n4úúÎqœ ªq•f÷Xúû¦–òž9s&;;»¤¤$//•MY–eFÛÜ`š¶¶6I’<ÇqÚ£ø,7Ìcô®²å[
'ÎôžŒ„“M»a½#/¯<ßmžü—lð¬Y«×–JŒŽö?qFo}E9ÓÛ×QÃ¼­díZGOWwç°¨(J,¦+sK‹ÊsŒtIó<`ËV¬5vžè?ˆ‰À`‚ˆŒYöÑæÀÜnb¬þrñà’3ç²2{Ã¶d¾µÿ?Ñd4?##Á-oÛ8¯µÈ3ÒëŠ(åäØUŽIHI?ç?.‹dgåvžVdé’7—æÑG]˜;íyó?KWúQÅ`0Z¬–¼¼|›Í?F†™öwßÒÒ‰¨¦¦ÆétQoo¯^'dçäÎ¹ªz!~°<Ï]þ¯T‘%Y!byájÿ%&Û¼rƒóHUDI!"Nà—Z|€y#ÇIž¾GíuátÄÝÈ¹ø§»:::‰¨  ¯~ùë¡o<E%öÕ»û‡ƒ¦Hè¹_?ˆú‡voN"!vŸí?t°#8:ü¥/}‰]raáFˆagøøXV”Ä`08(ªÊ³¦qÍÔ÷C¡Ðèè(Ë²&£QËªªööôV”—]S^˜Ý˜Ëñ³ÌÊ³os¾0¬  ÀÜpRä«®p:[wc³•/+-È÷,ü ?†!Ú²ùÎ~ýëÌœ,%.s‚‰G¬Š”HÄ’˜©çþÔ'TY¥W¿¹™-\<œ©¬`ºÉo÷“ÉäàààÁˆa8Ž{ûÛß~¾?¡Á¡Á‚ü…¨þXÊx#‰‘·H›#†øyyˆOW6 bˆT’¥Æµk_ëðš˜Ž7%‚Q ÞÌ¢ÖlNï×…Tn?Ö¬\8Ü®,EUbTšºüç…´·’Éäøø¸¢(m­mñDÜíÎâ8nùòå6›MgÎœq¹\éû·°T0,&£×—L×¼ÚbÅ©ÏŸôËzû3¯ìÜrÇJVaûN?u8²ŸÙ±?çˆ7˜Ø%W—¼ ñ ¿ ?aX•ˆTbRUÒŠ9.ä•ˆ(C1Ù9Ù*‘Àñ…“ûMôõõegg‘É„xpÝŽ3I±kœeÄpÄ—\6Ð0ÄÐª5+ºžÞ)ìï_+`Y–3dðÖH8 È*Ëž¢]B.47ŸS0µX¬7nÔét“Ù`ïÞ½çÎ?ÓÑ74dX3ç­³·†%Á|-•Ê7ºy1R“,£(¼ êõ’Áª7èIg¶˜õjr‚ç8æú§e->Xš<ãŽ—Ø´i“Õje†çyfJÛµkW pa½NõL’€ó8±:R³Zð”ˆÕ/ÑAƒ‹ð¼A`™”p|âÞíw½úêk™V§,©,³äFÎ[ÈÉEW*effòüE½J$ÍÍÍƒ!??ò`†y6¸•0,qFâŒ¤ˆ¤J¤(¤*çëFbXbYbøkÛù&%p¬¬Æ?Q•üÂ¼Ò²2_0¦ãI–%•T†!Biò5Såª§I’Äó¼,ËáðD,ðûý—Æ³dò†.Ó“X?H ¹ì‡¶T)
éõ‚(ICƒ®¬¬4ÚÖ=1¾;à¦ËÂÅƒ­[·ÎþdŽã23m™™¶\ÏÜ÷>¸´ï¨yžUI!Rs=ÙŽ´²,§-ª¹$-ýc×FUUžgYŽå8VUd“Qo6T†Ün÷R›TtÞ–&ÜTX–q:í¢D=g,Ë(²b4ÙnoEYáÒ«:Ð0?>úhºû‹&@
â¤ @
â¤ @
â¤ @
â¤ @
â¤ @
?8Jw`Qà=Ùöt÷`¡‡ÜN[º{°è`r¤ @
â¤ @
â¤ @
â¤ @
â¤ @
â¤ @
â¤ @
â¤ @
â¤ @
â¤ @
â¤,®x‰Æý?Pº{p‹âÓÝ"" ÔÒÞ½yCCk{×ÙžA"2›?E…žšª’twà’þxÐÚÞÝÚÞUSUª½t»µU%>¨µ½‹ˆ?LšãÁÎ7›üþàæ?«Ý.»vÄl2¸]v·Ë^äõìzóp$kl¨™EK¾#O5?7Ü¹É«›z4Þ{èùÃº?ÔgÍâòÎÉW¼?UP¼¢Ö›)Ìå—ñ5?±‡6M»WôÌŽ—†¼ÛÖ•™æÒÔ,ÍkãpëIg<ˆDãÓ²ÁTf“¡±¡fç‡³\ö"¯g6úZÚ}yõY“¿“<Õ:ªÐÕ¢ÁyeëïZ•E¤Hb$Ðv¸õ•×F7½½>kNàf–ÎÒäÖö.³Ù8c6Ðhc­'»gÙ @¡#?c“/#Ý'»íé^Q’IQ¹p¦"&EI™©"–,9õ›VV?ïÈÙpê ªˆáàÐPp|êURxdèœo,¦¨S¯Wâc?!ÿXü¢ƒ¤D‚Cþ±øÅ÷Tc¾¡ÀhbêQE‰^|P•Ä¤Dªø"
‘šõŸK³üXf)m£‘hülÏàU'{=Z±òlxkK#ÍÝý¥+ó"Éwê$ÕUÚ?4:µog¢ò?Õ9,Iç¾pÒ¸~S½óòm1Žâbý©¡@|™Å9³cGwÜîÈÍ?†ŽÛ6¬Ë×‰¾æ÷G²¼V.ÚñF,oëÛJ­DD‘¶}{dÁ¦ú†”¼-Ûª?DDRÏ‘=?œ%Sìé+6¬«s°¤Fz:8¢Ë÷£‡ŽÊÞú­õY‚â;òâ‰~“5×Á‡Ë¶W;ÈßúôžˆÓ?Ù•k²èÜ®?¡LW¾ÐqHÔËsøÈ®"Íµn·cÚ t°©uòe$×^a?ácA}yÏ®SÁüZÇxgG¿·ú>Kß""ry2^íé©Ë)ÖS| §×ìÙv…l@DDœÀ“B2™½›ï)fY"¢¸ãÀ³Ýñü_·Ï\³nm©™ˆÖ\(HÚ+6Õ;‰¤?ýÏ¶õª?f"JPÎºmef"m{ã•¶¾eë½º¡Žƒ#ö;¶Öç
Dµû_hk+Èªwd­xÇæUÚ?òÛžÞ3è«vd%­wnÉæ‰’½û:Cyu÷4äDâÀÑg±9|ÜW”þ•‹¦Êº$˜M³×c2gÙ‚µ´8ë…“?ùÞ@‡yÕ;êK½a)ªÈê9Õ.^¦êÏZ¶Òzµ¦â±$±ÄQl´§·/#¢¨H
ÉÄ;s¬?7½9ž•ëÎÊõ8ÌŒv‘=WK¼ #¢Tl0{=fí§L—?NŽŽ“—ü%§.W›ú$dºlbO(B³<áëîŒKDR„dÃù¾ØóSã?å¯ÍI]gÏ´âÜ0iŽÑhÌlš|¦"¯g–UÈ—%äÕÕö¼¸»-£zíÚ‹ªŠuÞWÓÑ¾‘lþÔXÞš;t—o‚ˆˆÔ@?h-wˆÄþ£/6³?kÊô$Ÿkíì&"2Ýöù±ÑP0ÐÛöâ‰Ì?wÕ^¾Z'ËT"Ž#"Ž()+ç‹?d…ˆaiôä‹¯‹7­¬Ëàh¢Û×“˜l‚KÅ–ã)))‹mÍ+S IDAT?;XÒö”i6Ìf£Ï•=’[Û»w¾Ù4·–KjŠÊÖ[¦g=euú?½{©¼ÀÉÌpa2™“I1™ŒŒ4ïj>Åf­*²‘œ”³Õ™¡tlÈŸ*}ŽŒEÎ˜éÎ+[^ì‰EÆÅ+ô(qºûœ¨©±3Ý>6Ïå"rz²ƒý§Ã
‰#=gFÍÞ#‰R’3»ìFA§Kƒã34åÈ/ú»ÎŒ«D$?tŒÌé£¸¢tŽ¤Ö-uÛ/WWà„ZÛ»6o\=·v[q½m¦7,ÞeÖæ&ª+œž4½w÷«7f×l¯ÊÑ¦
J«zš_|aÀÈó%y6
QlüìÉý½1?A?ã¢¡²~?‘(<c«Ddöš‡_y¡5))²µ`³Ví¨Þ²²i×ë;N0¬BBñmkÊLDÆâÆÜ¦½Ïí2êy{?eÆâgemÅžæ—ž>Ëê?×–I‘¹}8—Ç<úè£i¼}k{÷ÙÞÁÆ†šK‚?ÚùÆášªÒ¸qòÈ‰]Ö/š+E!ö’ëf<x¹ëv¦.9ª*
±ìLã×t_˜ÁàpÈíœ1CÜÒÒ\{PSU‰Æv¾qØívÔV•h%È~ðLï?ßt»70P¢¯­›–m¸¦l@4óãøžÑgÈ3efÑ(²Ìƒ4?h´ÅL#‘‹ðy=Å^Ï¬3?=E%t‹k±&HŒÌhQ<+»]öíw¯×¶8ÐL]Îè†aµÕF¯ºººÕ«Wçååñü¢ø{˜W’$õ÷÷8xèøñéî¤,¢ÇÐy‰7?­[·®[·.Ý½X8<Ïåy</¾ôrº»”Î…Maªºº:d¸e­_ÇòåuéîâÁb±zõoXZnk\“î.!,
ªªæåå¥»é”ŸŸ¯ªjº{ˆ‹ƒZd¸Åñ<Otå?Ÿ`!à©4ÍT9€´ç""b„„tÂèAúá¿ŠÄHA<€ÄHA<€ÄHA<€ÄHA<€”E´kòÙžÁƒM­n·£±¡Æl2¤»;·œEÎöÑÁ¦Ö"¯Çlj-.Ì5›?n—=Ý]¸…¤?ì|³)?E"1"òB‘H,‰iG6o\=ë„à;òTsçä+ŽµzÊ7¬.0Ïfkîè™/uÚ×ßµ*k¶}VÄ¤ÌéÌÌ¸qü#cDÄ0³y€[ Çq‚Àéõ‚À§ÿÉy¤ÿ—ôûƒ›7®>ØÔªí Ûew»ìgzç4€P6ùˆŸžx«iG»õ¾jÛÕ/ÓeÕÝnÔÍâÄó"Ý{÷õ¬ÛRjžý5pen§m±Å"bH•d%K$1ÃlLwwæ]úã?fûÝë§9ØÔzíÍé%æö¾`¤Ê¢N`ibtXÉÈµéˆHIŒ‚¢ÎáÈÔ³DD¼ÑåÔ“pþZUâœÍe5²“ÿ8¥ðˆ?B.§…U’Q!YJˆI?xŒ!,e*1ÇY-¦DB?Ø¬KüâÅn¸x4If?1Ö³ó¥>r)¡Öè­Þn5ö8tpD—ïF•½õ[ë³
{¾Óºm]™‰(rf×®>Îã0KÝ{ƒÖ;ÞV›%H#-ûwv%ì—n¬5ä**òtÅHîly¥‡ìkÖy—~ˆ¸Å©*ét14‰-í1„%|]-G†ˆˆäh°ÇÇV¬Ëe©‡(AžuPf&"eðèÁû[ës¢Ú?ý/´µdÕ;&Ÿz«Ó°bóÚ<žˆJÚÞØ6¼-gèP[w÷–
3‘(*ÂŠÓ®}=‹jrQ<žˆÅâÚÏ&A®vÅ­¢à\oß UV”:ìs˜C0?^'Äã¢(IK¸a)þb¼9»(gÙ*G¦ž¥(ósSÏñ@É©ËÕžœ…L—MìEh2Äýã?;y$@DDQvÜ‹ûCã™Ùùçƒ€°Èæ©ªÚv²ó?ÿúxK‡¢(ÚAžçîX»êãyoA~Nº;xu¿ýÝËßý¯Ÿ]z<Ï“ýþ÷Þ{÷Û7ð<w=í8Ô¬µÿOÿ—?«—_OSp‹SU2›±xñàæ?UZ;ÓêC,w¾„€ãJÊÊùÝàd…ˆ™ò¸Ïñ:â]Ååe©u,Oƒ=KÄ‰ÑHÁy’$?ñÔÿóãßLƒÉã»÷:ÙÑýÏßúra~î<Ý=žHþÛüï‰ÖŽM?öáoxûƒÃÿø?vŸéûôÇ¾Î„p5Ÿ8ùOÿú#K†éËöIo¡'ÝÝ€…Æq¬(ÊéîÅ<ZRñàªœž,Ã›ý§Ã¹Vé93j.Ë1…Soë²½9'?õËês†(M82³sr?vu•9su¤ÆFÃ\¦ÕlÍ¤PpT,5*Qújë÷ì;¬eƒ‚üÜÏ~òý«WÖ‚ ŠâéÎžÿ~üWV‹%'Ë5?·WÕ`h¬¯h||âú³Y-ÿò_)+)Ô^†'"ßÿá¯žqçK¯½¹uËúŠòâknyû¶Mo»s­6çêúû™H$ûú‡lV‹(I×ßÀMêð‘žÜ,OnöÔ#ƒCÃ÷m{Zûµ@dñ`ÉpToYÙ´ëõ'V!¡ø¶5e=1ê
×¬{«ù™§[9½"“yYãêLwÁÚõ‘?{w?!q¬³rõf«.kY™kGÛÓOµ‘·î¡†ôLàÿêÉEñäfÿó7ÿ2'Û­¡ºªìÛßúJ8<¡ÓÝ¬–ó#xÿ‘c­ƒC¾“]×½Á ¿¡½¸Õ}ão¿384üüÓ?káð‘ŸøÌ—=¹Ù·H<PÓÝ?y•þxàv;|þÐäŽ“"Ñxqáì'Æd­zà®›Š·<pÑ“¥¹°a{!)ŠÂ²ç§IbròmÁU·qK?ª(ê…÷gåÖû*IQhò?¹xÓ}ÅYpg{ºÎôÑ½ïÜ4™&ñ<g·Û¦Nzÿ{ï-òæýÏ?Ÿh>qò3ø=ïº›ˆ:»{ðø¯›?·'E©´¤àÃx`Ým«X–ÑªNwõ<ýì«›Ž!žç–•=òþwÝÞ¸‚a˜þä7»Þ<à÷‰èµ]oin#¢ÉYFãá‰_üú¹—_}34:îrÚï}çæ‡ÞóN“Ñ0§_P§xž×æJÑò›]oÜ´¡ñwoüÁãOì?pôî·oøâ>BD?‘Ð/Ÿxþõ]o…FÇÍfScCÝ}èÁÉº‹K§©ªÚt´õ'?ªýTÕ×UþÑ‡þ º²lr•eEQ÷8òóÿ{öt×YEQós|à•å%ßþî?|? 6¸ñW?þ‹N'`–Üš~ðŸßúÄg¾rÏ»?úüÓ?ù´lð?¯ÿiºû7@úãAmUIK{÷¥Ç³\ö"ï|=uM>û?÷¶´u÷»Jê¦#0,{é”¡K“@ú²uvõ$“¢N'ÔT-»Òyç§5mýáO~??¬¾ðòîïþçO“¢äv9t:¾¯oèëóoûðƒ?tÃ0­í?öåoÅ©è$Irû©®¯ÿÍ¿þõW>wçú5ãã}ýç´·"‘h$%"m–Ñ™³ý_ÿÛëë²gZòs'&"?þÙSÇ[:ûÚç-s¨à:ç†F‰Èé´k?÷õ?ìè>p¨¹£óì…Ï¡»÷¯ýö°od²3;ß8p°éÄ×¿ü™ÛW\:H’äŸþòéŸýß³,Ëd¹]Z~øâ—¾õ¥?û„6I’äÿ~üWO>ýòdEÇÙÞ?o÷ñOüá?AßØx˜ˆEö´9Q˜e· OnödBÐ^~ãëºzU]ºû7@úã?Ûeß¼¡!]w×Ù\ÞÚ‚.ÛÜ¾Ù^"Ñ³yVSê_}}ïŠå•_ûÒ§‹
ó22L}çþ÷O+ªúØW?¿áŽÕÃøÁ/ÿõ·ùÄs«WÖV”{ó¶¿cómkêWÕW‚?LŠÿþß?æù/¼¼û¶ÕË¿ø…?|æ?ú÷ßÛðØýÛ·hßâQ2)þô—¿ëëºÿž-Ÿûät:A’äÿúŸ_>ù»—Ÿ{áõ‡º÷rÝSI‡'B¡1m4 ídçO~þôÄD´ ?§ª¢tò´CM'JŠþî¯ÿ¤ºªÌl2Æã‰ÿùñÃ¾‘â¢üo|õóE…yccáÿ÷íì;pô‡?~bY‰×uÉ®Û-m¿~òK†ùþîÏµ–Owžýò_ûñŸ>YSµ,;ËyèÈ‰ß=÷½÷=ïüð0Ã¾‘ß¿´kë–u=°íàáãñÕœV)pòäfâcão¿CDŸøØÃÈKFúãAzl9óµ²Ï<›ë|úò²¢Ç¾ö…L›U{yèðñaßÈÚÆ?«—k“jÜ.Ç?ë×üèŸlië¨(/6›M_øô'/×é„Ûo[ùÌó;‡|±Xürwïíj:Új³ZîÛ¾E«|àynËæu/¼¼»ùÄ©îÛz¹ÇÇ'þä/¿9í Íjù“Ï~8;Ë9yÄå´?öÕÏ¤†•ÚNv?q’eÙ?zäŠ
óˆÈf³üÑ‡lmïììîmi?½iCãÔUUÝùÆ?x"¹mëÆÊòí`IqAÃÊšW_ßw¶wÀåÌÜ¹{2)ÖÕT|àïÓ&Deg9?úÈ{æôi,y‡?œøÆß~G«=øÆß~gõªº©•ÊpóºÕãÁÍK¯ˆ(?k{®ªª¢t2QOï ?híøØg¿6ypb"2ù¡=o5?ìè>ÙÑ-Ir,¿ê]‚ÁÑ±ñ0Ïs_ÿ›ã¸Ôä«dRŒ'’WÎ,Ëº]ŽÉDQY^RSU¶iãmÓæ#••z³ÜÒÂÄD$‹Û¬–ÜÜ+Ú:í6›Í26ÖvC›*‘HžÑî76m½ÐíÐ˜¢(ýýCõµcãDTR”oµdÌd²ù_ÿSOnÖdÂ€xp³*òæëtB2)mn[^[1YV;'n—cõÊši++JˆèÀáãý7ÿO$í™ÖªÊ2OŽûÜp`O i6ÍúU+ªzÝÔƒVk†îâ#SY2Ìß|ì‹7vºÎä6Ò—*ÈÏ-/+šv°È›ï°„iã“õ“uGöÿ>Ý]ƒë…xp³*+õÖV/;r¬í¹vÞ±vÕ²‹vã‰¤Ï˜œ„s)³ÙHD9Ù®?ä¡K¿ÑEñ…—wÇÉ·o^÷•?ÿ¤¶+Ù®7îykJ<`­Â;žHÈ²Ìqéõ:?NàXîÝ÷ÝµSóµÛÅâñpøÂÞ‘h,O‘·0oÚùÇj¿lIqÁç>õ?K3•(ŠÚ}C‘hÌl2^ÒÇ²¬(ŠÉ¤8o¿Àb§LŽh•ÊƒC¾4wn„t®½×Ãl2¾ïÁ{z]`$ôg_ù‡'Ÿ~90’$9Û±ë­?ökÿóãß\áö¶5õ½îÈ±Ö7÷VÕÔê½ñDrÏ[MZÑó4ñxbç¦1èu9Ù.":Ñzzèœ_;XT˜WZ\86þíï^ž\õHQÔ­—Nõ¹~Úí’Iñ‰§^Òº-IòÓÏ¾êó?¸œöêÊÒiç‚°vM=Ë²;wh>qròxx"òÆžC²,‚°þöU,Ë;~òÅ—ßPUkóÀáãZû‡Íf³DcñCM'´wnA—Vxr³Q?¼4`ôà&ÖØP÷…Ï<òÝÿüéØxø{ßÿÙ÷¾ÿ³©ïªª?N­7˜ª®¦ü]÷ÝõÄo_ü»ø¯ïÿèWFƒ?HõûƒŠªþãßýÅÊúêµkêßØsèõÝûÇÆÃÞOk{ç¹aÿ´Fî\¿æ…—vè_r:ìåeÞ¯}ù³}ä=ßøæ¿¿ðòîÝ{9ì6­B 4:þ¾·ê?Þwm“ .Çf³<òþw=ö÷ßÛ·ÿÈƒøc‡Ý‹Ç?Ë²¿÷Þ‚üÊÎ7o¼mÿÁc»Þ<ø§_ú–Ví ËŠÏÈ´Y‹¼y…žukW­m\±oÿ‘ï}ÿgÿ÷äóFƒ!EQûXòr³W.¯z}÷þÇúäÓÏ¾Bóõ/}¦á’Z7)ŒÜÄ†Ù¾mÓÿó›w®_£ÍÿÑ˜Í¦÷=¸ý{ÿüõK·K›ÄqÜ'?ú¾Ç¾úùì,W êëêë?§ÓëÞÿÞ{+ÊKˆè®·ÝñùOÐh4j:ñäï^6™ŒŸøè{§5R_WùÇŸý?Ùl’$yØ8Û;8Ž4®^þßßý›†•5±X¼¯¨¯(<¹sýš{¶m¾±Ù@³î¶•ßþ_)/+ŠD¢}ýC?@(;ËõØW?ÿî{ïšñvƒþ«ùé?þì‡22LÃ¾@_ÿÐàÐ°ÓaÿÈß£}\f“ñÑ¿úÜÞwŸA¯Ó>™D"±eÓíZØÐé„Ï}ê+k‰(4:
?uu÷Þð_
 ]˜G}4Ý}¸¥i{{ì±ëlGQÔpxBQ?^wéŒù+‹DcÉD’ã9K†yÚ#µ$É‘Ë²—¾5íÖ*©fóÔ”"ŠâÄD”a™iÇçI<žˆÅâ—þ—Û©@UÕðDD–äË}b—û½¦Þî>m¸œ¿úê×µ/@ÓÝ‘«ð?Œ¹?¶t÷b¾`rÑÁ²ŒÍf¹¶kÍ&ãåžqyž»Üô¤«ÞZ»}áþçúKk¬C¡±_yƒˆì™VÇÅ?aæÊK—^ù#?ñv7;ÄX²þå»?~æ÷;´Mî»g‹=ó*9`É²Z3Š‹ò—×VÜóŽÍËJ½‹¤ í`ÉúØ‡üØ‡Lw/n&X¹R ñR e±”&G¢ñÖö. DDE…žšª’t÷à–³(âA$ÿýKoN¾<Û;˜å¶»]öklNJŠ*/˜›EüþàÔ—‘H¬¥½{ó††¹¶nÛ{x`$ADD¼¾°¦¾¡Ô&øšŸØC›¨Ï"ò{u×hÙöMÅæ¹4«ˆI™Ó!nÀ’·(âA$ŸvÄl2Ìµ‘xï¡çGò×nÎ³°¤ÄÇ‡ÚZ‡ÆKlÎ)çd•7lˆè?sì]÷Þ}=ë¶”Î)SÜ|ÅWâYîéóˆÌ¦9>ÃSðÔ‰ÑŒê•kó-,CÄ°[Þªu•Îiûäê2\vãäï¬$Æ|CÁqII½–’¢¤?šõŸó?%µS”dBTH–b2)*°„-ŠÑ·Ë^SUÚÚÞ•zévÌ¹49:Hè½Û•ÏòµìÞEõ­È"’|Íûö-^9~T^¶vS‰Ù×²{×¨57!YÂHï¹´á¾Z¥uW[gŒäÎ–WzÈ^±f?w®¹à¦±(âÕT•y=~Ðl6^KQ²$ŠÄ³þm”Áoøs¶n)·2DÕû^èè/\©#¢ˆ¥ú?ÕN†”¬£OôÕÖÖmm0îÚ×SÐ€ÉE°ä-Šx ÕhÊ‘HLO˜[¼ ?$J³==à(ªÔy¼…ˆˆÄ‹'IGDy.m>+°$ËsýEnjé?þ@hç‡§4›?sÛýÀdsé;{Çª¬W™_¤á8?2sª«²9íuË˜[Ç–š4—&Ï˜´1„Öö®³=ƒ³nÉQ½&+Ùvt_W0®©Rd¬çÐÎ¶•Èœ‘Iá‘ñ‹Îvz²ƒƒ=^Ðé?OND’ÌåZ6[3)‰H?ã¯pSIóèÁ™+€Ö“ÝE^Ï,›²ê·ÞÑ¶÷pÓ³ÍDç÷=°2DæœJOßþ×^=QR¿iòlGõ–•GßÜ¹ãÇR‚2
ÊÖe^vØ!kY™kGÛÓOµ‘·î¡†œÙÿv7—4Ç t…w#‘X$Ÿý†ìê-Û«I•D•Ÿ²‹™¹pí¦BE!–%ºë¡GWn+$’$âS‚uÅ…w)«þ¡&O-Þt_1¥ZX²ÒŠ
=¾+&„kØ?^¸t¦ÐåžìùYÈ°Ô¥9ÔT•Ô¤·p¾€ÄHIÿ¾@D‡›»ÓÝÄƒÅauý¬7€X¢žz"Ý=L.€I=€Å"’ ?v,JŠ2·Y–l&Êw)fý|õí?x‹B$A­½lž“
\sÞqJQ(8A­½lM!ÂuÁä"X¬ÇA.ëµìFË²ä²’ÇAý<ß^||°(ŒÅÈ‘q¹7YŒøÎ…Ç¤+Í:rdÐXt~:wËÀä"Xårã±Óo?¼îcFŽÜîØê5ÍxËÎ¹h¦A<€EÎè©ËüdF??øÑÙè^“9Ý}Zª0¹;s†6ëHI$ÉœÁÒÝŸ%ñn²?°£?½³ÒÊ¥»'KâÜä ïÙÝbÉ?ÎJ3ž`ç>\Xô"?—_=wºosëÒÝ•%¥É°Ø?ŽŸ”ˆvøö±ï¼ßSiLwŸ–¨Å"ÑøÙžA_ ?ÆˆÈí²×T•šM(;Ê]‘ÿÅéîÄ­aQÄƒÖöîÖö®©G"‘˜?**ôÔT•¤¯_°p´]¸ë¨;¾üÎ0[é?Ó²A‘×s¶gPK­í]f“¡Èë¹Z¾#O5w^zØQ¶½zü÷{"«¶­+›yëX,lF
N?Ûví-'È†§¾ë“æxà„¦f·ÛÑØP£ÅMëÉn·ÛqµYFY«¸kùŽ½zÂ²nKéù?2ÔØ–Û#†%ZÁ?&†cáH2™L.ð­¿é¤%²?o
‹œ7£tµcýûK>Skk¸†Ëó\Jk/Ë0äÈ˜ó €¢Pp‚ƒTS¸d¶MVEÕ1v×4Çƒ3S’ÀŒ"‘ØÙžÁë˜b$X?™ODŠ’TH`“ãÁ?lÌ¶›YF‰?C²>Ûna'?p)<âOpG¦~±?K…#‰³=Ã‚Žwdš22œ|÷–³û;î—ø¦°È=7ðË—~û§‡Þÿ÷+ÿ»Ñyç\/7ë©¦Páƒ¤Ìñ!ŸeÉf¢šBÅ¬Ÿëm#UUeYV‰X†a†˜Š²,§ôàªçø¡šk¿AëÓ{hÓõY8öüÉPKz3ù{-y†€?±?/°×RöŽ?Åf¢H÷?WN³ù9Fùdóˆ£nk}–pÍ÷?gÑXâLï0¯ãr²íéî@Ê½yß›÷ð§ößÿÕcŸüÎê_\Ã‚YOyKæëÿk¤ªŠ,+DŒÀ±§¥ƒŠ‰dº÷=ˆDbS_jËÕT•ÎÏÝÆ¢µ[Ö¬Ü²©Äˆä­;ÿ³o(Fîxó„nÍÛÖ¬©¯]»iuápGwx~zq#ûÇtïÉv¤»#Ó}í3å–š_tÿgº;rSRUU–†au:N8–e,hÒÜî‹p#‘Øï_ÞSäõlß¶aòà?[ÞÔè´óDDË‘Ùuág™TŠûCã|r¨­åHsË‘ã}£Lìâä²¸„#ñ3V}€Ej[Þ{?ìIw/nFª,ËDŒ °\šÖ`Jóä¢,—ÝïN=‰Äv½yØí²O=çÝ?å.½8ž%½¥¤ªÄª½®*çíÔ"¢dRÊÈÀ^ °HÝ›÷ðŸ~$Ý½¸ù(Šª\Ú²AúGf\´T+GÖ~6›?³XØô²sr#çzB$èt‚Ž—'&ñà,Aªª²Ãqé|DOóè?Ùdhl¨9ØÔz¹®½,ynôk×GÞØ¿û™T…ìyw¬u˜—èŠ¨°iñ`ak¦Kÿ¶hÚà@ëÉîieÊf³±±¡Æ=Ç™EY+îÚrÑëú‡Hý´ê?¬ÔASñ–Š/ýYpVnÙ^IŠ¤0<›Ö¿¸%1Ä¤9¤?hÁívøýA_ ‰ÆµbƒëØëàú°übßò`~,Šx Í22{=Sf3Z,ñ–6UU‰¤¬(DdÐë8ŽSU5‹k[„ëúÉò|Q”’¢¨?3y¡ ðŠ¢&EQ;Gà9?N7y²NXŽMÄêùÛM¶©ªª(Š‚ hƒtÉd’ã8­eYQ$IÒëtÚ]’I‘ø©Ý`Y†ˆâ‰¤v„cY½^—æÉ€óñ‚$ÉÏ>ÿêÀà9½^žˆlÝ²aÙ²âŸÿò©D2Éó|<¿ÿÞ»‹‹ÞÚß´÷­¦ŒS<¿kË†ºÚJíÂ5«ëG‚¡]»÷›LF"ª­)¿cÝš·ö7½¹÷ Õj™˜ˆÞ¾¶¡«ël$Œ„ìv«Õb¹ïž»œŽLI’÷ì+¥¥ÞU+j†y}×[å%ÅEDtèpsk[Ç>tŸÉd”$ù™ç^©¬([^WIDñxâÉ§_¸ãöÕDô«ß<k³Z‰¨È›¿õíxÿe`)Ã³,œwÝwwqQÁ°/°ãõ=……yF£á?w½#Ëíììê9ÑzRøŽÓg>ý‰X-ç†ýÏýþµ¼¼\«%còòMw®]½j¹ösÿÀ¹ŽÓg>û©Y-’$)ŠºñŽ5‘hìÉ§~ÿŽ»7g¹?SïûÊko8ì™Z*ÐD£±ÁÁáÜœaòTi IDAT¬Î®-ÑþƒGŠ‹ò-–ŒÎ®³'Ouiñ`e}í¶­w.Ô'?fˆ°p‰D$ö›L&žçE?ÇccáS].‡ÝñäfkyÀé°Û¬–ññðÔxÐÖ~zttœˆV,¯>7ìËÍÍ²d˜‰èÊßèëõºíÛ¶ì?xÔå¼°Ewoÿ Ã‘YWSñÆÞƒ%,ÃêõºÂ‚¼–¶Žúºªî³}ÕUË´3{zû_{}••yóçóãH?ÄX8/¾¼ËbÉ(.*Ø´q-Ïó¢(kn?ÆâFƒþ¶Æ•Ç[ÚURUUeFUUEU§]îv;µ£Ñ0§ûæä¸uzáå×vkU‰dòXs[‘7$8OôôhÍÖT—79±{tIQAÿÀ9íZ›Í¢½k³YnÜ'°HaOX8ïºïî?}ä}[6ß‘™iÕ¾×_{ÛªwÝ»5‹÷öæ{rÎiã~ÿH$u:íªª¨ªª×ëˆÈír”–xKK¼f³)ß“{æLßðp€ˆ&&"cãá+ßzYYq¦Ízèp3?;çŸ˜ˆLLDzû2mÖ¶öÓ’$iý©­©ðB%Å…“fÚlÚMí™¶ùÿ„Ò£·œ—^Ùù?ÿô+êkþò/>›“?5‹+æ—Á _ÓP¨©ù]÷n½mÍŠýä×C‚ ÜwÏ]ñxâ§?ÿm^^ŽÓiÞµ{ÿÁCÍZiò†;7Ü±æñÛ±±q›Ízßö·Û¬WúvŸcÙëC£c²,?Ñ¾qýmåËŠµ‘„ç~ÿš?ÔN++õ–•z§^x´¹¥ûL/J“&ì~ºï§ï.xä6ÊóÒLQTQY–^’dUUyžc&‘†t:áÚd}ôÑyè*Ì–ªªDôØc?ÍéªÃÍÝe%¹s½×K¯ì$¢ü§ÿØ¶uó±ÿÏÞ}ÆÇUŸùN›Þ4#?z—-Û²-wbl ^³$¹Ù$„lê†d78&esI6¹›,¤-!ô„ Ícî¶poêmŠf¤ésæ”ûâYÈ²-É¶F#ý¾¼9sæ”Gc‰ÏùÍ¿ÕÎËËY½zE^®{VmÍp/µàMë‰¥áž™îWÇøÕ±ˆhaöò'–¼qž#'¿À÷iá»ÿþ="ûÓˆûºzr\—¥[?$É,ËèuCý:2žHvzºLFC®ÛÙÑéÅT^®‹øÖVÏó…9Ã- )Jø*t¢øú77tvú:=^":Pw¸Óãíôxµ=?ÿÙÆ$˜h65?¦e"*4•¥» )%ƒ!EQrÉèÅb—ËÎq\°;¬Ó…4ìx€±È?ºÃ}½‰´?@D³jk®]}Õk¯½?îê`¬ÛéßzßþÏjÛ³—ÿdö#é®>BUTEQhàÜ.Ã†Öƒ‰åé'°çÁŸ>”¦Z cìôo½sûJm»ÐTvþnE0šTRS))‘%I–e%)ŠÄ0’,ëh$àŒ¶XãÙ½†Úb?}Ù€ˆÐn0†0Œª’¯«;•’‚=a)%56wò
E,fãÈ.‰xDDwn_¹Ó¿µÐTöÖªS};Ûb?wl¿ºïåKÞÀ„Ec‡Nàs²¡p”a˜l§]%b†ÊÉÎrfÙFvMÄU²,G¢1‹Ù¤­PÖ'‘H¦R’Åbû“Œom±Æûö¶¯‰à¾ýŸm‹5jÛÈcÏsÎ,{–ÃÖSUUãñ„  sŒm]?îG{ö¹ç_EQ§ÓÝûÅ»>yë,Ë9zò—ÿQ[°¬¸¨`ã÷¾ªM£ôË‡ýãÏiçêtº¥KæîîOVO®H÷Ï0nÝ\¼~§«6CQ¡©ôÞêûµöíÝ{§Ü?l0Öˆ)Éãé’d9?7Ûj5±,KD²¬´wøž·ZL#¸&f.‚QGòóÝ[þñäÞ÷ÿþÇßÿì¯{ùè±SÃ´µ{îøÔÍ»·¿¸{û‹wÞ~óïy&Žj§üó?·ìÛ±y÷ö7?ÿ‡)Õ•_þÚý»vH÷Ï0n­+¹ëÞ)÷kÛ›š¿êõª¾l°0{ù½Õ÷§µ:„”’º‚=M-?§Z=¾@J’´Öƒp8‰ÅGvM´À()+-*+-Ò¶KK
'Oªèôø¦×T¯¾ziß1³gÕüã•·BáˆÕjîÛÉqœË•õ™»neYöÙ¿nž>½Úd4ªªêï
¶µu”——ô­—œJI'O5È²\YYj2öÇé…O?nÌËuçç¹Y=—Îg]ñú]þ­;ý[û:e4H#ŽãlV3Ã0--žx<™—ëq·"MšãAcSû?ÉÉqšM†Q)g<›U[SWw¸oÅƒ>?ïêÕ+F¹˜®@°½ÃSZR8`ÿ©ÓMN§#k°‘4Ã\±hÎë[¶ù|?¢Â¼Gþøì?N?RõË‡þ¸î¦k×\÷±®®àlü¯¢Â<ƒA¿ïÁCløFyYÑSzáÑÇŸýØòÅ-msgOÿ?Ÿù”Öèƒ*4•ýdö#W½^Õ²ÁXÆ2ŒËiÏu;Û;|oW,žÈÍqÊŠ2â¦3ìÚ{x(ñ€ˆÖ\»ôBÁ»oSÝ©þ;œUkV”›Ï}ÂD³þÎ[âYú`àþÚ™5×®¾j4+‰Åã¿{ä™Å‹æT”—ôßº¾é?Oüåk÷~¶ï‹ÿô:ÏsŠ¢ìÜ}àÄÉúŸüðÛ‹Ùãñ=øóß.\0ûÐáã.§ã›_ý¼Á W•aèÔéÆW^}û÷ÿßªÊRUUcñ²ÀiA[­ÐTöä’-é®.€ãX»Í¢?/àõbíápÔhÉ’ÉiŽ}ÙÀl6F£çëåóÌ¥¼`Õ•«æ¸/]}ãË¬ÚšYµÓ]%“âïy†ˆÖßñOý'/jk÷üøÁ‡>uëÚùójÏun4‹'’,Ë¨;ÒÕ|ò™ç‰H’äP(‰D+ÊKêšðŸ¿\8Öüyµy¹9'N6””äj?fÓgÿ˜hÖ•ÜÕoÒú?½ŒÃp<§}j4ê‹
ÜF£¾½Ã'É
ÿÑY"‡.ýcÊJÌ­iljßµ÷°Ö•¨ÿ»±XüüÉá|T)•R8A×Ûá\‘RqO’(s:?¢]ž8çt:ôý¾Q–Â]¾ä™?ª”J‘ c=? (deÛö]W’=þ@œ³d»¬~†ª’‚²>7ËŠ.îƒ’eùÑÇŸõx|÷}ó‹ý›üþÀ?þïkV-_sÝÇÎ5±©ªª;w(-)ÌÉqêõºêêÊÛn¹A;øÎO¯ÓfJ}ü‘_4·´í;pèË_½ÿ»ß¾G¯×…BaI’GñG'09#èt‚;Ç©×Š¢Ë².§]¯ì6‹ÍjÙ5ÓÌ­ykÛÞX,®eƒò’üþïzýÁ¡ÇQSâ‡/X^à)xä½wB¥×--7KÞ}[ê‚“¯¬LžÚþÞqÖÆ‰¬ËžjÝ5Oš{õ4'K­ßùÚI¶(Ï(«ërÎX]ë|‡Ÿ7êÎ“dÁ®x;”Â•×Ns1=½óåSližQ>yø-sÍº¹ylÊ»ïÍƒ~gn6ß÷¾R½ba:6}”,ËOýé…÷Þßû½ï~EU©»;ÄqœÅb
v÷üøÁ‡ÊËŠW®X¬ÍYd0è½ÖÔÐÝÒVExqó–¿lÚü£ïÓd4.˜Wûãòw&U•Ë²ÜØÔj4ü]Ažç++JËJ‹NŸnêìôÕÎœÚ
pèèâEs‰¤¿+P\tá6(€Ììõ„"}/UUUTuÄ3²¤?ìÚ{xÁÜšX,¾kïaŸ/àóF|©æ][›û^TÔÞ:Ëí®??kÛ{oÔ±Õ±­ùµ×Uš‰¢DU²×¬¬434¿ûØæ7O6U.,Ol;¨›ÿñÙE‘Z|ðõƒõaw5‘˜U½¢ÖE$µíxñH“š+§§þD¨b®Ö‘i:©D¤´ÖÕyK\;ÅND©œ½/í¬˜—‡~îý…ÃÑ-o¾{èÈ‰Ûîø²¶çºkV|ï;_ihlyû?Dôìs×öoø÷½ñ†ÕDôÌ³/>óì‹Dd³Z®þØ•?þîgE…yD4½¦úîõ·~åYŽ'’7Ý°úóŸýÔÉS¿zø1UU%IšTUvÅ¢9Î,Ç·¾öù?ø-­í6«åK_X_X??É‹`Ü?e%‰=g¿e4èˆF²prúã?Ùd<|ôtÍÔJ­õ`úÔ?¬{åõ==ÄK2ö€1W]1ÃÿÊÁ:kÅš+Ü}“<¹ŠóÌÚS¢Ã™O-ÁÊ?C<u9¤ÍìeâæÞF‹¬|ñ‚ŽˆT"²æéßÙýžX”?[?›Ÿm7PÀÛFänÙW×BD$I\$'BûA‡íñG~~öþ¹³gìÛ±ùìý_¹çî¯Üs÷ —bfõÕKW_½4Oèõzí‰ÿÊÅó¯\<_’$†aúF5Ìª­yá¹ß'EQ'X?ÆAàs\Yƒ.fµŒðQ4ýñ ‹×L­<|ôt4?Fão]DëÁ RO‡Bl?¿#VÙ×á'‘’z·TE&ââx–ôÖŠ©½!kêdN òzIÖ=cÙº)á ?Ð~lÿßÕÒë–Ù9ž…•3òzŸJg0üEÍ7Cc4œÏŠçù•Öët£UÀèaYÖhÐü £?uÂŸóÓ´‹›Ú}Ã`0<Ñ†wvK¯X^Þÿò;u¶«kµ„hCcGEm¾ŽÍ-M\ö¢,lyùûO7+æäêˆ”D [Ìrž#s‰ÝÙá´ºò­.c¼yk4JåE¥Â[?íÓŠ+m‘í
‘Ë?GR¸ŒÄTªµÝãïêaY†ã¸þ?¨óó²óÜ®\3?ñ ¬¤@ë8tÁlP6„YM‰èÔ»¯ŸYúÀYµf±ñø;§húâ9n¹ç.¿ûÎû§W/Í#"W±±õ­7vHJJÖW_±¸ˆ'â‹]}gÇÖgeVPÊ*\²èñ@‰û?×mñ)F+&(wö\7ÕÌ_°gïkÏ×sz6%%3gg9t{—?Öw:‰ÅI›ÕìÌ²:A‹Â`]*†"?ñ fj…;'ëüÇ˜LÆ¡-™ìž³nÕœ³öÎ¹.ïÃMÞ=kÅ-DDQ/ç_3y¾¢P¿u²×”•k¦?")ß½Üµ·®ûÈ-ˆˆÈ^uÅ²*"EQÎ,³Å˜Kæ/+™¯(±<r\v:A(,pz_W·(¦xžsfÙlV3Ïq#^6Ícr²/.¯A?µ!?Ýö¡³lúGsÀ„À0d4èóó²í6K êEZÛ¼v›9?7Û4¤oØ1fÍK–—rãË²‹‰çyI–›[:“I1ËaC<VÀ¨'dY…cþ®îH4ærÚ³ÖgƒÆUU#‘˜×ìêê‘eÙá°f»&“‘T’$™lÂÓB<ÈH:?.‰[,Æt0ˆ—Úž.µT¦»Šñ/)¦Ú:}MÍ?b*e5›±ÓÓ¥½•ëv]p A!d$«Y‰&`lz¥í¯óœW¦»Šñ?!2y¹.†aX†!¦ß[ÌùN<ÄƒŒ”›m?ÝØÙîä:Ó]ÀG|aÇ?§#Ç1ÿ©t2þétBA^v®Û©*ª$É*©Ç²,Ë0ÌÈz!d*“I_Vš×Øìéô-fš`,x©íéWÚþz:züG³;Ý>7ÝåŒÃpO$ÁžH$®ªª^/ØmÖ,‡•ç&«Y_Y–ëñõº#?ÞîQ¾ûtó¢É/à—>¢Ä\9ßuå/æ=…l0jº»CM­?‘HŒeY–eC‘¨¿«'/×UXàÖë„\OxÌdÔ——¸ÓrëMônZîã˜¯«GûF<Ý…dQLµ{üÑh¼ ?Çf5s—LŠG§_[.m×D<€1¡ 7+#âA»'˜îzE£ñp8š•e+-Î×¨ªj0è??hìE´!ËÃ½&ÖÈHbJ’eE¯ú"3c2t:A’euD×D<ÈHƒŽçùX<™SÚEQÃáh2)êþ#?:d$³Éh·Y¼¾@}C«Íjf&)¦¼ÞÃ0YÛÈzi!d$žçòr]¢˜ê
ôø»ºUUU‰t‚PTàÎrØFxÍK]$Œ†TJ’$É?“•írÄâEQ?·Û,6«Ë¢L,I1åñ¬sIQ®¢¨*©,Ã°ìE?.F<ÈHª¢$“)? Ê²¢íQTUQd"bY–e3shò®½‡›Úû^–•˜MÆ²Ò³É?ÖºÆ:Y–½¾€,Ëöçdge»#¸`úãAcS»ÙlÌÉÎÒ¶‰(‹¿½mÏŠ¥ó?ÎCUÕDRGböÛm–‘]0ýñ`PÑ(ÀpçÎÎ**Ì°ßhÔ?ì‚c%”—h­ÑXbÁÜíåpx÷mª£+WÍq_l%Þ¯¿Ý]µfE¹ùb¯py±c6?Y#œÆôlc"D£ñ·ÞÙ£mû|?Í¯lÓ¶ËJÌ­åbÜ“ç.?ê?£|W€aâxÎj5?½ÝmTU•$Y%â9ndã’‰è¢¦=ºäÌæKñX.‰)I!Uìöuz{D""UI‰¢¢ž9DI‰)mx·*…??ð™wu–ì,cïç¢*‰‡¯'¡|ø®¶§ÿñé ×&£?TU’eUUÁÐÉú–§š|þ $¬<Dc¢õ@c6W,?×ØÔ~øèé‹¹Ž÷ÐÖ·»mùIYp]ÍåÊ¹k§[Zwm=à˜{ót'Q²é?Í?¥kEŽ¼õn‡âÎv¤üÛ»-³V.¬2“÷ÐÖ·©öÖYnŠ¶¼÷Î±vÞQêPvï’§­X\¥óî{ó ß™›ÍÇ÷½¯T¯XX…H?&²¬ô„ÂÇåä8ãñdk›§;x.O²,£Íý3\c(ÔL©ˆÅâÑXü\+j?öñi.†÷þçö´{§O/­ÈÞ»¿³«Æéb(ÔÜâ/©Z¦ŸÜÖÆÕ,^]e&¢Ð±w_©k)]\üá%”Ö£Ç<î7ÎÍˆ(%¥¥uO?·tÁµSìD”ÊÙûÂÑÎŠyyil‰Å’O8*Š¢8úwÿ±oý¡èŽÑ¿/ŒY¥æÊy®+?]ñ¥éö¹é®eBˆFã=¡¨3ËÆs¬?Gb¹9N‡ÝÚÐÔìe|<hhî˜>µ¢fj¥ÏŒF/.$f»""V`I–‰ˆÍ/ž´ÿÉŽ)®ü@ÃiÒ¢<6ÞÐ2å÷~ÿosZéH H}ñ àm£¢Ey‚öJàò{ÛˆÜ-ûêZˆˆ$‰‹ÄãDéj?G“?MAÇ;&‹Å5újÜqâFiôïcÖKmO¿Òö×¯íþô?fÿv?kyºËÿÄ”$Ë2ÇqÃ„#1–e]N»Ãníèô‹)IQU–ö„1Ì&ƒ–
L&ãÅÆƒ³1Ùå“?¯Ô·Ì ÀI{ùõ."‘×‘¶¨©D×ï–ã)š‰tý÷8
+gäõ6ƒá…K\åPÅâÉ†f¯ãòrG
.‡
o¿¡ðö/ì¸ñßüË/æ=…6„ËM¯xž‹ÅâÝ=áp8ªÓf“QV-ŒllòšìóÍfcCS»Ï¸×·•W•t5¼Qç/ª(6‘.·4/y²¾3¥©ñ†z¯PêÎ>s¸³¨Tè¨o©DD©îž(9‹J…ÖÆö¸ t:?O…¢iûîÜãëÑ|A®3]œËo½0ÙZóTýÃé.dü3›ŒY[O(rôxC8³Û,z½.ŽJ’d4FÆPëAÿéM/>oRÅ±ææÂIùZ(Ò•ÌŸÝónÝó/fIárJ¯ªq÷OK®šù‹vï}íùz…ˆµf/ºrvQÍü{ö¾ö|=§gS²P2sv–C—–€Ž&œŽ®„p¹][øOÿ}tcº«ÿ?/ÈÏaY&‰»œŽ\·“ãX†ar²³F¼³aÃ†K]çð>Zïõ}kúÔŠ‘?¨UQèÜ3Ãò®¢HÄò—&¨ªJD7ïïgO]}UEþ%)`Ä¼iÅØ8—É/ðÃ}TÐžKGÚ)fô´{‚9.ûå¸²$É,ËèuCý_QÔ¤(&II’yŽãžeY"â8V'#Xú )Jéo=¨™Z1Ú+ŸÀ°ç{Òä]–MÿÇ?(Ší¾`0Ô·‡a½^çÎÉr:í,qç={pxÎÈHÃð<'èÎL—£ÈJ°;‰Æ†ÍÉvŒàšˆI§
òrrÝgæ¸W¥+ÐÓÐØìîA<€Öî^Ö±ãnFx†aaàTû\6ëõDQRuÃ`LpfY/_<Ã—ã²c?ªª‰¤˜’$£Q?²ñF•ªªñx‚ˆŒF%“¢ ðÇio%“¢ YS)íx?ç8ŽSUx"’EJIÃ¤¤33!p,«×ë†QU5•J‚ m‹bŠxŽe‰H–å¾‹h7ÒNÑ®?EžçÜW§ÓöŒ’$‡ÂÑD"©½T‰R)©+Ð“JI6«9ã×=€qÏïlzá•h4Ærl–Ý¾öúU¯mygþ¼Úò²b"ŠÅÏmÚ|Ý5W5·´½½u‡Éd$¢é5“‹‹
¶¼ùî'?±Öj5wußß±·´¤è½{“Éd$s:å¥Å«¯^Êó|,žxúO»jùâªÊRI’_yíí+Íuç¸dEyõõw‰äÚë¯Ö{ê™ç¯Yµ¼´¤?ˆzzBýÛ+×|å€û.»raº?0€óI¥$Ww Ø£½T‰TEeÊÏËv¹F2ðñF?,ËïíØ;göŒ¹³§3#Š¢¢žóàËÍ›3SÛnhlikï|mË;k¯_¥í©™6yVí´†Æ–Ý{ên¾ñZ­M ï.›_~ãöOÞè°Ÿ™?¸»;?'XŽmk÷h‘@–•?»öäçò<wàƒ£þ®ÀÙ÷ãxžËrXuýf.âXÖhÔ[­f½N8ï©ç¾æ¥+à|I±+Ð½pÁl­?K§Ó¥Rç\*åÈÑ“ÝÝ!"š5s-˜7K¯×}pèhqQÁùïâÌrLž\ñî{{V¯\ªíQUõÄ‰Ó“ªÊívëÑc§ŠŠò‰(+Ëf4N74åd»ºº‚e%Egß7;ÛyI?€KLxƒA/¼ÙdäxŽˆ¢DRÅË2?’GýK³ô/À¥•“ã*/+./+Ö†(°,»äŠy'O5?QÁs'U–å¹³ß~g‡,+DŽD??¨WT%‹·µwú¼]DÄ2ìÜÙ3:¶ý½Ý3gLÕëuƒÞ`,“$¹£ÓïõUUe†e†aÂáXSKGp¤C±`”ú\wö?I’¤ªª××%Içl=ÈÉvVV”VV”šÍ¦¾Ó¯Z¾x÷ÞºdR¼À?fÎœ±xüT}#56¶rë÷ÚÚ;vÛÑã§TU%"»ÝV^V¬(jA¾û<÷³"Ñx Ø#I²6Ñ‹†ç¹p8ÖÝ:ï©ç„ÎEN§Çûøã9Pw˜ˆ®Y½â®õ·ŽÎ}9–]¾táKÿØòýþ?"š9}Ê5«–Ñïÿð9¶[o¹¡ïà··îØµ»®oh²¶3×?½vÍªºŽ\ð^z?îÚU+^Üüz<ž8tøØê•Ëòòrˆ(Žü}ó–p8¢6oÎÌysföïãÔÿ¾š0¨?þ­Ï·<~sñú…ÙËÓ]ËD—LŠ)IÖéxŽ;ó¥¿Éd^LIŠª²ÃŸ¼ˆÙ°aÃ¥®†Aû&{ãÆ?Ã:kO]}UEþn×éñÞ~Ç—îºóÖÚÚšººÃ¯¾öö¿}ëžYµ5#¸Ô‚7­'n<ç×ÿ0.ýêø¿:ö-Ì^þÄ’7Îsääøá>*|û;ÿ~Y×=¸TË¢µ{‚9.û6I’Y–Ñë†ú~W çØ‰Fg–mò¤Rm2w"
v‡?oÈrX§L.î‡™%´L,Z£?Öb0«¶¦îƒÃ??ñì¬Úá…˜˜65?¦e"*4•¥» ‹Ùh6ÁP{‡Ïf5s,›S­mI’­X÷†ÂÓéëßV?—ë>ïá½vú·Þ·ÿ³ÚöÂìå?™ýHº+Òétù¹Ù?Íí?m‚À3#I²$Ëyn—Ë9ÂöMžXjkkÔ~åµ·´ŽFêçææ¤»(ëvú·Þ¹}¥¶]h*;·"5C.—½¢¼(';K–e-fcYq~qQ®Ñ Ù5Ñz0±Ìª­¹ëÎ[üéCþô¡Þ—£54Æ¾¶XãÙ½†Úb?}Ù€ˆÐn0¦ð—í´Ûm)%©ªÊr¬Nú?Tö/iy?îZë5×¬8Pw8/×=²AÉ0.Ý¹}åNÿÖBSÙ[«Nõíl‹5Þ±ýê¾—O,y?5Ãè^'\šûôÇŸ?xþL&£Ù„5ª.­OÑ‡4v‚¢¨áHÄd4
ýå–e9?YÌ¦þúÀeÒk¼oÿgûšîÛÿÙ¶X£¶?l0¤3>Zøèé–“ã\0·áâ¨;üàOêôxórÝÚ:ZÂh®~ =€F? IDATîo~å­_=üÇŸüðÛsgÏ ¢x<ñôŸ_xâ©M¡p„çùÛ>qý?‡Éhì
t?úØ³Ï=ÿ²(Š:?îÞ/ÞõÉ[o@H¸Ln.^¿Ó¿U›¡¨ÐTzoõýZ{‚öî½SîG6˜ÒN/˜[SVZpþÃ6¿ú®Ï0_à0ï¾MugšÁ8ÖV0yé¼bóe™6÷‚E”HÐ±é¹ûà:=Þ¯sÃ]wÞzÍ5+ú&,êôx_}õíÇžx67/çÚÕW?B¡päÁŸýæÈ±“)1Õ·3‹ó÷—g~?“íôx|ßùÞƒo½ýþšë>GòóÝ[þñ¤Åb>~¢þ[ßùqÍ´Ic§¹`œYWrW[¼I›ºtSóã›šïk7X˜½üÞêûÓ] Œ†4w.jhîhhî8ÿ1Ñh|ˆW«ºrÕí¹78øþÞ7ŽÚÖN»,+V\ˆÿÀßë¨¯˜±áñÇÿrö@ä¼\÷]ëoõx|??þ—Ñ‰V‹ùî»>aµZ¾yß?úvº\YwÝy‹¶??íœR])I••••iû‹Šò«*KeE…"&¬uÅëwù·îôoíCYÆ“4ÇŸ/pY®«wV›?¶¢ÓìfR”XØß“Ò9?=Kª’JIÜ™¯öE”d^'?”RX??wyâœv¤=³­Q•D(”õ¹YVít%%ÊœN h—'L6·Ë¬]?%‘(¦Dê½‘îòEe“=ÛfLW“Â?ºÃ³jk´)MÈÍÍéôxµNG—»†a*+J»»Cg¿?ÅSbª¾¡ùä©Æ[o¹^Û©ªj$“eyÏ¾dY./+¾ÜLd…¦²ŸÌ~äª×«úïI{6ðí}ö´ü®¹¹é-c‚Hs<ÈÉq^pPÁÇ.*É¬3*Þ}/l5Ùò?|p÷þTÕÜ5Ó,­»¶Ï]tí$+QøÔk¯«×,t·îÚÜÂåK¬`Ž·¾¯TLÉö¶ÇÚöÒesrXJy÷½yÐïÌÍæãûÞWªW,¬2Gë·¿wœµq"ë²§šZæÎ[¾4Ç³{Ûév"ú`GO%s—M‘ë^Þu—Ú¸Ø‰wâ…«?Viá§uQ®Y½¢îƒÃ?¯y}wVmMÚ—H{äÑ?ýñ‰çýúO¯ËÏë-&™ò³‡_~õm›Õò¯÷~Æn³¦·H€qOKÚ
h…¦²'—lIwE0<qQe2#üN:Íñ`úÔŠœì¬óóÖ¶½C¼š÷ô¡}DDr,Ðäe«ç³,;ëº«æ°,QÑ‘çßm÷N›^Z‘½wKWÕ4C]?í‘’)¥zŠ‘hŸ±jŠƒ¡Ž½¯ok×]»rº?¡Ž½¯ooÌÉq¶ÖÕyK\;ÅND©œ½/í¬˜g%¢(›·öêRQµõ?WÛ%å‹Wë÷mª£yËæ¸‰HjÞá5×,^Ti&¢ùêÅf#4ö×7øÊ=wåž»{BáŸþü·Oÿù…¾ó†aý?6~ëG¿ÕÞáÙø£ÿ¶˜Í«V^™îJÆ9m‚Ö×èìe.9ì÷I–|§‘ˆäx0Ð-êÙvã‡³’(‰PÔgåØ1cÍà’’úÊÁ¸J”gçŽ™]¢cˆ˜aÆ„ôOlzéñæÜ²¼Isz;Éo}‹?$IQ’DÄæOÚ¿ÿdÇW~ µ™&-Êëí<är8""Ž#ÊvØ>ÜVT…(àm#r·ì«k!"’$.?“•ˆ\ùÙÚo('ð¤?|V5®<Û®ön¹ósÜùÎ4?–Îv›uþÜ™»öÔ%“¢¡ßjù¹5S'=vñ`¤e òsoí²T.¸Þ¡4ïxã­V]E…CÞõž<cõL"ê>ºí².Oð?è”f|ì¦Ù£_Þä+þ°<5_ †’)µ½[Æ”XRmÊ?9åM-®Ô;‡÷ÀŸþx?%=íÎÎÊÉqöÍsZ3µr3™º+§Ü}ìå7å+fÏ°p©÷6%‰ˆ˜ìòÉÆWê[fPà¤½üz×‡Ÿoy9–ãÉQX9#¯7¿Î`x?†4fÚ\¶ð–¢xw0ào>òòAÇ²UÓÝéÿÔÓF[Ü '–e9?uw‡Ìf“ÇëÛºmçê«—e»²ü]Á»öWU–éõºÃGN?Y¿òª%6«¥©¹í@Ý‘Û>qCº¸\n[ûq"’;w¾Ó™Íºùy<Ñ¼”,? QOVÍMµN–äüOnmöÍÈÎIwµiç+;N'zbŠ7$—çð¡¸zÚ›J¦z;«$RªA`â©a÷]+ªf³±ÿËX,~i:HI"gÎÎ2
E?™µÝ¶òª’#ÇÞ§Šjk‡vgQ©ðVcû´âJC¤D»Bärœë`³ÍI§=ä¶“JÑž€Îîtä:ä}©5”¢‰B¡ðW¾ñýC‡?ÑW¿ùýþ×?©ª(íî}âS_ÔÖ=øøµWÝróuÃ8?ŽC‡??ø_¿ÕÖ=Xÿéu+–-J÷O—WÀÓ&—,Îë}^8m£4ÏÉq‚Ž¤´Ö76´uËï?JúB2?ô¤Žv¤Ô³‚@JVùáÏŠ“ÎU³ÙèõÝ9T^Z E‚ò~‹h#’£Ñx,6Ô‰M‘]¾ ïö—Þ6êù¬bk_;ñy“*Ž57NÊ?O‹ÁG¸jæ/Ø³÷µçë9=›’…’™³³ç:×\:-ÿøû»ž=BŽ™sgDŽíhŽë‚œH¦ÔÎ7žã¤‰Áá°=þÈÏÏÞÏÖßó…õñxB¯×³þçç¹ïÿî¿~ï;_I$’ƒžn×9È@ÇRX‰té®dÌ
'ÔC­bW¤·W{ê¬ÞíšhRíè–?fÖfd‡ÒÊJ
›Û/¸prYiÁ—N#rÏY·j?ÝŒ¹dÁ²UQˆe¢i}oˆ¡ž”mr±ëÃOÊ\¹¸oè®{ÖªA¶sÉüe%óE"–ïU+VõÍûe®\|keï¶àž¾æÆéŠ¢°,K´øæYDŠBìP£È„e4Ò–Ã0Ì û`\rVØ÷Ÿj˜UZm%ƒ=©Lc3ÑP–ƒú UŒŠŠÓÌéy&ßÁe[.ü8šÎxP3µ¢fjÅhÜ‰9ëÁ<pê`—cÖüÌ’É²CþÌØþ·E6
gíÕË¶¿ýÒ³;$"ƒmÊâ£ò¼˜IS‘#øÂr(~¦GË?ÙÀªªI¨,ÛT•Ny$ž“?uôp«k.Ü?e¢ö‚·U]÷q^Ò]œÅR¶äú2’eâ´IaŠn½«ï=÷œ»Ö§±´±BÏ3zž!:fvJ¾à0±Éï[ƒgºI²–)’”Ä)ªŽ»@7£‰x¢ÀXÆqC8hBRT’5)õf†!§™½¾ÖdÖ3Ú»EYÜŸvE’©?œ¥ªÔ”Ë²/ðü?/™$UýR4ÙT•fëŒºÞf–!³ž)u&íx
Æ.<^a¢¶d #í©ž”§G–?|Ô7ŒŽcÌMTààê}gš8Žòí|¶åÂ-2h=È1Qõ‡Ïd?7ü‘ÉM•dE•úö14«X·t²¾Ø‰x0ŽäXÙ«$%õ”'IªÊ‡•cIõP[ªoÉ(³Ž)rò6ã?žüÑ¹(#éuºH$n±Lì%Ö`¬z©íéRKå„aËµqÉÔGVHVU
'Ô—ÄféŒ:&Uý©pBé[G9ËÌ²qa4ÄƒŒd1ë"ÑâŒM¯´ýužóÊtW1>¦ÒÍ{BJ\T%ùLNèŽ)[?'Ì†!Š‰jÿEÓÂ5šPÈ>¤© Ð¹(#åfÛSbªÝHw!}aÇ?'B‡?]ñ¥t2nÍ)ÕÏ)ÑÍ/×Uåò}KïjmÑ„I¨Tî‰)MY”†tq´d$“I_Vš×Øìéô-fš`,x©íéWÚþz:züG³;Ý>7ÝåŒ[Ù6ÛÂ**…âŠYÇÔµ¤Î<ÇËPRRuü…{!d*«Y_Y–ëñõº#?ÞîÑ/`ºyÑäðûg”˜+ç»®üÅ¼§?FË?ÃÄæÙù“^)–T¼Ë±DÉ2‘ÛÊMÊLº!?>Àã]3õå%îtÝ}½›®[€FRT=ÏôÅžc
\U® Éj[·ìÉYfva…>Û2Ô1ˆ™Êab]6.ª‰”JD3½H(Ìây–¦'=©l+ç2c¼1â@¦rÛ¸?M5jC%Uòíœ–´ÞGÕyÂp/ˆx?©"ž¥Y%º¨¨ò,é‡0øøü2žyh#?/ë@/Äè…x½Æ†ˆTuàg£
ñ`L`ˆT5Íù3À˜†‰ˆa.Í<™ˆaEVeYaY.]5 À˜P?›5ÁãË0*£J²ÌrÇ¦§›âAó%:»S?¨å¤Jií¤CŒŽÓ›y«CpæòÒ]N†bX–•e%•’‰'ŽKCB@<ÈH¾Dg[¼))'Ò]@/•Ô¤œHÊ‰@Ò×o*4–"$ŒÃ0ËÊŠ"¦$Na9–eX†ÅÄƒÌÓ9åI´¥»
€sJÊ‰úÈñ¨)³T¥»–ÌÃ°Ç°²¢H²"Ë
£u·•„ Ë2âA†A6€L¡=´ !ŒÃ0<Çª*)Š¢ª¤ý7ÛÛœaÄƒLâKtÈ›Ûþ¼§k[cô”¤¤ÒWñ¬Pf®šçZº¦ð¶¾?žD›™· —Ñˆ0C7ÚS!d’¶xSß¶7Ñþë?®¶ÍÜXûpmÖ«Oki0Ñ‰J².¸ëé†ßlüàË_œü]·¡@ÛßoB<È X-cø?ýÇ"ÿúÄ?o)¹ûóžšïZŠli§cõó]K1ï©[Jîþõ‰÷íOÊ_¢3­¥Á0 dŒîT o{sÛŸ«m3?Sõõ´V0ˆÏT}½Ú6ssÛŸûöôŒ?1ñ cD¥pßöž®m·—!­åœÓíå_ØÓµ­ïeÿÇã2†('û¶£§j³¤µ€sªÍZÐ=Õ÷²ÿcŒqˆ£ÿtV’’Âx³t¬¾ÿ´ŠCœ•ÆÄè…x½ âôÂªÉ‚ªªÉ¤(+
ô:ŽãTU?Ç*C¤7è9¶7(¦R’˜JiÇô?(¼¢¨bªw€‘Às:?®ï`? °›L$ûÆõ]SUUQLñßÿú,Ëh—E’$½N§Ý(•J‚À0‰¢ÈqÜÙ‡õÿqEÑî¢•ÑWÇq‰¤HDËêõ:í‚0ˆ‚$É/þýõ¶öN½^ŽDW¯\:iRù“OoJŠ"Ïó‰xâÆ®)//~ÇÞíïïµXL‰xbÕÊ¥3¦OÑNœ?¯¶+|{ë“ÉHDÓk&/Y<ÿý{·mße³Y#‘Ø‹æž>Ý?Æü]Á¬,›Íj]{ý*—Ó!Iò/½6¥ºjæŒ)D”H$Ÿ{þK®˜W^VLD»÷Ô>râS·®5™Œ’$ÿíÅ×*+KçÌšÎ0Ì›o¿_=¹âìÃˆ(ØÝóü¯„#QŽåˆèS·®mhjé_[qQÁ“Ï<ït:$I²Û¬ÿtÓÇ­Vsºÿ2âÁrÓÚkÊËŠ=^ÿo¾[RRh4ÖÝt?;ÇuêtÓÁÃÇ??q²á‹Ÿ¿Ãfµtz|/mÞRX˜o³ZúN_±|Ñ¼93µíÖ¶Î'îùÂ]6«E’$EQ—-™?ÅŸÛ´ùºk®rç¸úßwÇ®}åeEV«åÔéÆcÇO/¹bÅbñövO~žûÔé&-<Ñk[Þqf9´T p˜,ËÛÞÝ5sÆ´¹³§3#Š"ÇóÔÔÒ¿¶†Æ–êI7ßx-Ïs¯¼¾µ©¹uzMõ¨|Àñ`I&“ÑXÜãñ™L&žçEM$’==áã'Ng;³|þ®‚ü\-¸œYv›5
÷?GŽžìîÑ¬™Ó:=Þü|·Õb&"ž?ßo‘^¯+).<täDíŒ©õ?-Ó¦NÒö7·¶;?Ž5ÕïlßU]]Á2¬^¯[síÊ»ög»œ}§8L’ä`wÏ¢…sdYnmë”e9/7g@mD$IR,Gbž5S.ç‡
0® L /¿ú¶Õj)/+^±lÏó©Tê@ÝáX<a4è.˜ýÁ¡£*©ªª2£ªª¢\¾$'Ç¥}¯o4†ußši“÷î;¸µ{GEYqk['%Eñ@Ý‘²Ò¢®@w8ijjÓ®œ——£Ó¯nÙª?:8û°ÂÂ<EQUUU¥­½óÐáã«¯^6 ¶p$êóÞß¹¿¹¥mÁüY…¹—ôSÏ0sÑrÓÚk>w÷'W^µÄá°ißë/Z8ç¦VÇâ‰æ–ö¢‚ü¶¶Ní;xŸ¯+?¹\Yªª¨ªª×ëˆ('ÛYYQZYQj6›Š
òZ<?E"ÑžPø<÷ÕëuÓkª}þ`Ey‰¶§³Ó‰D#‘hsK›Ãn;rô¤$IÚ[“ªÊvÛî=uƒÆó\®;ûƒƒÇX–]rÅ¼Ò’"í¬þµQ~ž{åUK®ÿøÊ>8‰D/ÿG0N õ`¢3ôóçÖîÞ[wÓ«ÎŸõÈÿÌ0$ÂÚëW%ÉÇŸükaažË•ÕÞáy{ëŽ]»ë´á¿K—,XºdþcOýµ§'d·ÛÖ®¹Ún³žç.U•¥U•¥Ú¶,Ë<ºìÊ…“'•kM/mÞâó´w9–]zå‚`wÏ ‡uu—/]øÒ?¶üä§:? ðÚ¸…þµh—ÊÍÍÉÏÏ=tøø¢…s0L(;ý[Ÿoyüæâõ³—§»È0Ì†Ò]Ã„¦ª*mÜ¸ñ‚GîôoíÛ¾sûÊ7J—¹4ÈH¿:þÀ¯Ž=@D³—?±ä?t•1ù¾ÿÝ‡T´çÒ±ÿ¥^»'˜ã²§»ŠË?‹Æ?MÍ?iÙ€ˆ
Meé.2âÀ8±Ó¿õ¾ýŸÕ¶f/ÿÉìGÒ]dÄ€ñ`§ë?ÛWjÛ…¦²4v+‚Œ†x?IÚb?ƒîìËD4âvƒ7oùíÿ>=`çž}_Ü¼ed„Œƒx?1îÜ¾òª×«®z½ªÿÎ¶XãÛ¯î{ùÄ’7.fÂ¢—>šöì;øù/Ý7â«AÆA<È0m±Æ¾1DtßþÏö5)\d6X»æêÖ\Ý—´lðýï}míš«‡p6ŒX÷ cÜ\¼^›ë|Sóc…¦Ò{«ï¿sûÊ¾ÙÏï?rÿÅ/tð/Ÿ»?ˆ~û¿Outx^Ü¼Ù`¢AëÁÄòË‡ýåC?¦ëâgÐÐØ²þ3_khl¹L%Œ3ëJîºwÊýÚö¦æÇ¯z½ª/,Ì^~oõý—ä.ÿò¹ÛÿåsŸF6˜˜Ðz?IÖ¯ßåßºÓ¿µÿåK¾Ú¿|îv­&´L\²,×74<t,?÷íL¥¤#GOØÙ
¨;ìó´5žeYî…S)©£Ó;àH"J&Åƒ‡Ž54¶(Š:¬zEõxýûöê»Q*%õ„Â²,74¶<t,™µu¦Ãáh"‘ŒD¢{÷ìèôªªšH${Bá¾;ö?xÑÀ˜Sh*01¦1…K­TcSë÷ø»Íj±˜÷8¼ñ?¾º`þ,¿?ðÿ«¨0Ï`Ðï{ðÐ¾QYQ²ùå77ýí•¹sf=vjæŒ©Ÿýç[›[Úïû?ÿ›——cµ˜ÃáH}Có?6~kæŒ©Dt îÈ7¾ýÃü|÷Ûïì¸ý¶ÿùÎ[¬‹žLŠÝÝ¡¾—ápDQU"
»¿ó½yŽ›TU¶uÛÎ›Ö^³þÓë>8tôþ??¯ª*Ëvf?<Ýhµ˜üƒÓët?ùÙÃ==a–e\.çëolÛðï_?:¥ò»÷ÿô{ß¹wRU9=ÿâ«G??úÎ·¾Äq\:>]€ËKKÚèäBSÙ“K0ë(\2ˆ‘,Ë›þöÊ¼93¿øù;8ŽÛ¶}÷cOþuê”Iw9ßüêç½¢¨C§N7¾¸yËþàßrssÂáèþô¡ú†fžç#‘èUËÖÞxÃ*"zúO/<ÿâkSª«ˆHÐ?zà[v›uÙ•}ìÙu7]k·Yûßú™g_|æÙûïÉÏsQ–ÃþËŸ_¯ÓÑUË?ü»'nZ»Zk¸øÌú[kgNõúº¾ú??ÍÚ?rr\ßùÖ—t:aRUÙ¶í»–,ž;kæ´wÞÝUUY
GÞÞúþ·ß¬Ó£þÑŒ’u%wµÅ›´¾F…¦²t—ãâÁD‰Æ>þ…ÿóiíËõ¢Â¼p8âï
T”—Ô74ÿà?¹pþ¬ùójórsNœl{þ²é<ÏQG‡7Ž8³.§£væT­e`Ê”ÊW·¼‹Å‰¨fê$-˜LI–Õ³úýó?·|åž»û^64¶lxàçÚv{»gûû{"‘hwwHþðÜŠò’Ò’B"Ò/ð²¢hÏš9U{ú7›Œ²,³»òª%ÿý?X{ýªövË²5Ó&?â'
?—j 2@ˆË°ƒ>)¦´—Š¢Ã°,[ZRøø#¿hniÛwàÐ—¿zÿw¿}?^¯+).¸åæ?z"úä'ÖšÍ¦Ö¶Ž¤˜JŠ¢vº,É<Ç1,sÞ{^ÀÑc§6üà÷}ë‹•å¥?M-¿ÿÃŸ†{…I“ÊœNÇ®ÝŽŸ¨¿aÍÕZ-`|8~²~ï¾ƒÕ“*æÎ™‘îZÆ'Mž@ÚÚ=êŽL›:Éb1ÍŸWûêë[£Ñ˜,Ëïnß]\”ŸëÎöxý¡p¤²¢tÝ?×ÎŸ;³³Ó7¥ºÒçëjhl±Û­6›µ»'”’RD‰Dß|ë=QL%“âkol›^Sm1›.¦6QÍfcYI‘ÝnmljG¢Ã½‚Éh\wÓµ¿ùý“‡?ž˜3{úÅcÖ‰õápôøÉút2n¡õ`¢øáþêï/¿ùÉO\¿øŠ¹ÃÜö‰ëý»'¯¹a=Ë²3¦W÷ß¾l0è÷ìûàW?¦ªª$I“ªÊ®X4Ç™åøú¿~îÇ>ìÛÐEDæÍúÖ×>OD.§C¯×ÝvÇ=Á`Omí´ïÝwïEž<¹bÆô)·ßõ•ÜÜœùsg:ì#ùî¿fÚä‚‚¼ój³]YSŒY+–_±wßÁÉ“*Ò]È¸ÅlØ°!Ý5LhÚž7n¼à‘}‹žÑ?ÛWž¸QÖ?dY>û^–eUUyþ#)Q’$†aœEžã´?Ú€??÷½´¤(%¥´ñÄ—Ä ·ºÖ¶Žþó@M~?ï?ÝêP–sÖžKL{8µ{‚9.{º«¸\Ðz0QúÌ=èÎiA3h`YæfƒsÝzˆTU}ý?w«'W”–]Â’`LÁØƒËñ†­¼¬øñ?ü"ÝUÄ0ÌÝë?‘î*àòê{€xp™ @ÆÀØƒËñ2†Õb^±lQº«Ï0±)dŒã'ëû¿OïÝw0Ý…Œ[ˆ?1Nœ¨×BBº·Ð¹(c0Ä¨¤jÛ<+ˆJRÇêÓ]À D%É³BßK†.Ù\¥{p¹¡õ cè¸3a Ì\UÜ•ÖrÎ©.¸«Ì\Õ÷²ÿcÌEÒÆä»/ÕaÄƒŒaæÏ,$<Ïµôé†ß¤µ€szºá7ó\Kû^öŒ?1ñ c8gßöšÂÛŽ‡>øÃ©Ÿ§µ"€AüáÔÏ?‡>XSx[ßžþ?10Æ!dŒCžž3ô½üâäï>×üè×ö|zw×6QI¦µ4•äî®m_Ûóéçšýâäïöí×s†C^ZKƒaÀÐäLRh,­?×¶Ý†‚3ÿgsÛŸ7Ô}©1zJRRé®&4žÊÌUó\K7ÌüŸþû?¥é+
†ñ “äò¢RÄ“hëÛ³¦ð¶þ-wcJ®¡M™?‹2L™¥*×P˜î*.,×PXf©Â?0† õ ó”YªÌ¼¥-Þ””é®`zÎPh,E»A&B<ÈH9†¼Cž/ÑÙ?
D¥°('ûVLH†§7óV‡àD0È\ˆLé®ÆŒ=€^ˆÐñz!@/Äè…x½ âôB<€^ˆÐñz!@/Äè…x½ âôB<€^ˆÐñz!@/Äè…x½ âôB<€^ˆÐñzñé.ˆˆöÔÕ§»Äƒ±a^mEºKH³—6¥»@ç"èƒx½ âôB<€^ˆÐ›À˜ÐîÃ0—äj1<Ï‚Ål¸$œ `L(ÈÍº„ñ€ˆÄ”?%}]a§ÃÌqè53$ø˜`|ÒâÙÈ IDAT|–Ýl4
?îhºkÉˆ0žYLžg#ÑDºÉˆ0Î™Múx"•î*2âŒs:?—$9ÝUdÄÿTRÓ]Bf@<€^ˆÐëŒª¶.òõP,I
Z¹Ç$–!“žrìTè:ßa­m^oW4WUeôŠÃ†5›Œn·«¨0ÿ<‡É?z©§ƒ’áqö¹1Kz+oÏçœç9lÜÿÚñ×Æ8Ä€Qéx+E0±ÞØ¦¨IP$A¾ª."£nàñxâè±S‘(æPÿUU"Ñh¤!êõvM?Re4\¤V£©¶¬Þ,äNe?bÆWÿUQâÝrw³Ô°](œÅêÌÞ×~mL&CeE‰ÕjeÙK¶ì×˜¢(j8îèôîÛhÐ_Èãë?`C6È,‘od?²ÁùE¢Ñ£ÇN?½?Õv€³å³X“s¼e"bXÖä
fq¶üTÛ?³ß?zì”ÛíšR]e·ÛÆk6 "–eìvÛ”ê*·Û5è¯d„q÷÷0&µu!džH‚Úº>²§µ­Ùà‚"Ñhk[Gÿ=r žÕ›y×ù:ÞŒ¼«‚Õ›å@}ÿ?­m&“aBõ·)*Ì7™~ S Œ_Oº+€ðçõv?óPègÀ%õtpŽ’ô•3ª8G‰Ôó‘Çb¯·+?Ï?¾ŠÒ#?Ï?¿—…x0bÉtW#2à.‹§­”Œ2ðƒJ†Y£#mÕŒ.Öè d¸ÿžh,nµZÓWQzX­Vü½d(Ä€Ñ€yŠ2Ô€¸ñ:áÌ%7àƒRUeŽ78†=ûÇÇãÎ…eü½d¨ó·
‚x½ âôB<€^|º€rZˆc)§dêr]Ÿˆ‘fÒ“Ù@)‰º/n¹0Ž%‡…XºŒ?ÑØäÌrp
…“¢8ô³8ŽËrØ†î‰ãŠ” "âé®#=TU•e™eY–Å·½p)!džª|rÛI{$PUŠ&©ÁC=—n1ß,Uå“^ "J¦èTn;ç?Q×ûR’ÉÛCM^’‡<™¡ÅH&ÅDŠÄÉj¤Ê\â8:ÝAÞ‰±ŠÜ¤ªò\w¶öl§ªj$«ohîéå\«Å\YYÊsÜÉÓ?^¯ÿò;–¨Šä;!›H‘‰ˆXŽs”ðÎr±uéK'¤»ÄË+•J5·t´wx´™Cv{yY‘Ùl:q²žˆ&Oª@`€‹?x?aŠ²Ém'I!o?D‰²Ìd6?î’þïÜí ?§fQ‘‹\ÖAâA®ƒÊs‰c)£DŠ†ì&²†‘ˆ(?‹räé¦“qJ¦È&–¡øÄø*¼¸¨ ×?-I²ÇëE1+Ën1›õ:ÝN%"JŠ¢ß`Y6O\æJÇUÛö«/kt°Ö<"F?u©±.&«4Ý•?QL;~:‹U”—˜MFYQ<_85›Mé.ÆÄ€cÔÃ??D?"¢ö.Ò$É¤}ï²’^ h‚:ƒ¤>ÒíG/?ÍH²B?eYzûùÃçlvPÔÞÔ¡]|—?xŽü!:ÖÚ»G/ÇönäØÈd X‚|!J¦z; %Sd5’Ù@‘8µÈaî=žc)ÇNÑuGˆcI”Èb$£Žâ"9-¤¨'JÞžÞÞGªÒÛßÉi!†¥îÉÊ™;j?ø°"Jº†a|¾®†Æf"jkïÔët’,‘Õbq¹²ôz]4ëðxõz?ÅlE±»'DDz?Îf³Ê²öp'&E«Åb4âñ„ÓéÐëuÝ=¡¾ö„ü\·Õf‰Eã¡pÄ`ÐG¢ÑX†/d«Ä{”hkÌÒ•,è]jÍY¦*©—TI‰øH‘XKóa$UŒ)±.bXÖâf´F)¡CDJ,Àš²˜1ßU©»'Ô
O›:Éåì]ˆÚ™e× )Ë²¶n±Ùdä¸ÿßÞ?>·q&f?û$HP¤H‘EQ%{,Ë–e[kìXyâò¬3ÙÉ&©MíVås*•©üSµ³å­É®³‰×ŽÏØš‘gtØ#[–hKÔA‘"ER$$@â"Ž>ö@Š·x€â¡ç÷èn¼x»Hïƒ÷h±°Q’¤T*­Ñh,Káfmªªf³¹L&k2†¥TÚÂˆˆ6™BÛ×eƒ¢b$ŽääHý/ªÜ<vÜE]HL P_ÂcpÙà-T:
Fpoæà”hN¶•CŸ@<?~ÄÓ÷Çü˜ô0ë!+3z
Õ˜˜¤(Ð8àwáN6å?eˆ"Àc‡Åƒe(·ÃeÃÀÊí0èÐ‚ÃRì!5?F=âiÔW@šŒµÐjÐ)CPçƒQE…ÇŽr;:7A„¬ÈÜn§¢ª##ÑD2Y˜BP[S¨òŽñzÊ=×½?P]Ý6EQnuÜI$’Ûª«|>O8q8lƒ¾«»·Ìn¯¨(—$YEA€×ã6?}ý{šw¹œEQà?,Ë¢¨½7ìëxPÕ64%ƒ"‰vÿôÛ0-äV”Ôh>øTÔ¡[:_³è¨ÌÝ»¬¦F Ñ©Š$h´ºêC½%{ï2ä<YUòºÊ}¢½r=Nk©TU?Ç“V‹ÙfµLman<‹ßº}GÔhÈŠÒ´sGY™}hx¤»§Ïh0¨PEQÜ½«A5w{"#£Fƒ>›ËWWù+++
Ò#‹ñ€ˆh“Ç`ÒÃaAÀ?€’‚hÝ!DÈæ€=50 ?ÈÀi?ÛIF™’I‚Ï…‰,nÞƒ¨AS5Üv£3~qwX Ñ@# '!…Í?9éþ4
3fñ;¡×"EOÛ+Pé‚ß…ä
Áææ=ØL¨õÂjÄ·=h¨œ\D!'Ldrè@•~'l&ÄÓó_Ÿ-î? ?‚íð9á¶c`Ã?Æ…‡Í&“Ãa¯ø«~I’G£±;Ý½£ÑX6“Ð²g—ÙdÒh4ÉDÊét”»]’$9ÊìyI?ÆÛTi‚ LLdnutþJ…Ýf­ðzvëD&Óq»[–å¦]&qKü§ŸÏ˜žæRIé„ÖhØö8D?j—c}¢­BçÝ­^uj&žëÿZI„5îzªœÓùšEGàá?ÅJ©ª*IyX¼/IÒ½? §Ü]·}›  çî½þ{A“Ù‹?ù}ÞíµÕ…c´Zíèh,66¾¯¥Él6%“©®î^—«ÌdÚè](´¦¶Ä¿DD?’t7úaÐÁmƒÝ‡;dÃãpXPé‚NQU…Äp˜Qf…¬Â ÃX
* j ±»´"D6Óýu‡
s’ˆ¥PåF]2y¨*ÒÙûuÈæ¡¨?¹M£ŠZÌãix0êŠO3y$& j Éó¼pÞ3Íæ‘œ€R¶Øñ…¹Ñåv¸mÐÐ÷gKodéôDû?ƒ^ïv»[™Ãîõ¸eY)+³WVúôz?(jTU…€hlÌá°9Ëì²,ú±±x46V·}Û¬³¹\"™RE£Ñ šl&—H$$âI“qK´ùtP@¦JY5—†F›] ä3?2Š”…’—‡î¨ù´šMaÚx$Ao­©þ«#‚V«ƒš?;”hº\^J§3žrWaøPY™}d$*I²ÕjéëL§'ÊÊìn—S«ÕÆIA†#£ +J6›Ëår[5`¯È’0m2…™Ù<‚Q£ØæA &j¼°›1G,Ÿ#„bð8`6Àmƒ¢ 2£…–wdr¤?¬"1m8ºÝKá^På†C‡x#ÓÔ™È!?ƒK§Cc÷+Vˆ%˜ŒaI1`
ƒŽ
TŠŠ¡1ä'û7Ò~dQa
?$ËÙ\.
Cášm?ê@¥ÙdÚ^Sm·ÛFF£÷Ç*}ÞÂ|Ó`hÈãq[Ì¦r·SQ”áÈèË—P§V°Ñë·Èb>£­‰eÕS}ª"Mÿ ‚A6Ñ»€Xlª¹?+Ð™u»UEÊ~»^§°‚ ØíÖPx8‘LMÍ=˜@3íë§*Jáµ?*¿ÇãN$R££Ñ`p¨¹y§ô:_…§09¡:P95Ka‹Éå%­vkžZÉ1m2Û<pÛŸÀX
^ ?…Ý¨He +ÅPMÂj„ÅˆD‘q”Y?—`5a<?T.T£ÓšþÙ< Ì‚l* +50èà´Î˜iƒÝ·ûë?ÎBÔÀnÆD©ÌxÈËð;!ŠH-|ç„B/„ÍŸ™Ýë@R z¶y ×Â ‡$@2³N+G¡×ÂmC(¶Šëû°ÔÔÊÝ®x<×h4^¯[?J§v &SiY’?Ó~ï?FÇlV‹Åb‰'Ã‘???çr^«ÕÒÒ¼ÀÔH¤õµÞò±ñøððh}]?$Ë‘È¨ßç•d¹««g<žXË“.?Ù)Z=J"œí½(:ü€ $#ª”ÕWQ•&”l\0Ø£CMG‘Mf—š‰Ë™¸Æì‚ªhôf?É.G{¡lÖ›k¸œŽ2‡­³«§ªÒg·YeYEœN‡¯Â+ŠÚT:?Éæô:­ÍfqØmƒC6›Å ×??ÇM&S¹Û©×ëÆÆ’$9?ŽððÈØxÜSî’ee|<ár9€-ØŒN¥³&ãÉk?ñ€ˆh“Igá°Ài).=¤(‰£oj¼¨­€¢ '0GEºâŒÞ±ú#¨ñ¢Ö‹ÂòD³-Å`2Àa†ÝŒBGÁÐ<vìð£'ŒÑÉÖc$A@µV#¬FÈKHL ƒN‹2¨*â)Ü™1©`º‘8\6X?Øá¿ß›±?äbT8±ÍI†<¹žRO:eÖâDç\ºÍÐ¶I§&$‡ät:\®2Š¢DFF{û¼žòÚšªºÚjEQr¹¼8ù‡?VTxŒ}4:ö ² ‘HööTüv»5›ËÇÆÆ?ee4‚FEQ#
A5*TÍäƒÍ2!UW¹OŠ˜¤XŸ4Ô@u¢³FõbY ¾‘ëûZçoÑùöäƒWóƒßªª*h4¢½JãªÕ”U+±ÞlGP0–šÍÚÒjµ»vÖ÷ßõõªª"—Óa·Y5ÁëqÝìˆ^¾ru_KÓöíÛzzú¿¹r€³ÌQ·}› ÑÄÆâ×®ß.¼ª®¶Úfµ‚P¿½¦§·¿³«G4žrgY™}ëõ$ÓIRœËŽ%ÿðÿ°Þux¤:ÿñÿq½+BDkë‹›¥/Óe…¢Î¾W±ÓŠl~Æ<?…XMÐ‹ÞYÔ Ì‚‰Üƒ‹š÷HƒVÓýU•X­f©7].¬Ö:žš½zéÒ+¼\Oí¾ÿøü_—¸tÀå,SelæÝÐ\Î²L6»ÊEHý¾ŠôÄÄøx\Å–æ?V«¥·p` ¸ê*/ÉÑ§¾7õ8sëcÓ‹¥?ÂjE3n‚¦BÊAk˜|¦¨rnÆZ¥ª¢Êyaê€µ1ë|Ïñõô«QB…»&OÏuªª*Š25@HQÓï’V¸×²(Š³ÒàÜ¢Vo'^h—–°¹¼”Jg%Iq•Y¦Âöê‡b·£T¥m4›5:Ñ¼-ûyoo<¯ä¢-OY¹ßQ°¸y?Ìæ—–R“%–¼ô
o4ÑØ<½ón\»ÍVð?YV‚ I$¡ÐÐ*‹ÝXæ¹;²€éMA3û>‚f­³ÁÃ4wž€ Ó7Î½}² Zí<Í¿2å 8+a< hµ¢É¨c¿Á²0mAñDâêµ›o¹ÅlP¸Ãš,Ïw‹;¢£²ÂYÚÞZÆ""¢­)›Ë=´¡DD´e”lmvŒDDDDDTÄx@DDDDDEŒDDDDDTÄ©ÉDDDD´!Ä“kºr‘ÝjZ£’·Æ"¢‡A#@Q×»´|š™­AÐ¨ª²àÑ4I4³Ÿª
„GcÌ‚ªÌ=}EQ5šGk±NEQ…åÿÅÍw.lº¾?/*Ñz3o?1=Zfýá
÷ š}¡6ebµ7zÛ,”‰1lÓ·XÌ¦DbsÞ´o‰¿/›ãÑÃàq¬whEfýá¼^÷ºUeS™u¡´¿<Ö¿~Õy¨ä±~­Ã?}‹×ë…‡×¯Fë#æ÷e“b< "zªÜ°×»´LV#ªf6oU~«Å²nÚ$¬K jFûXtÕ)Ù”4Ú³~•zH¤Ñ%›]uÓ7ªüétf`0´~õzØCétfÖÇ€6Æ"¢‡dg€a3±±30Ïö¦];˜aµXšví˜»]Wµ_Ž‡òÁï”t[oþ†ª(éh>ø?éªöÏÝß´kÇððhÇí;ããqeëÎCRu|<ÞqûÎððè¼Ú85™ˆè!1é±¿ƒ£ˆŒ#?åLåJ#Àl€Ç1»ß`ŠÉdl=°g`04<<šJOp¦r? h,f“×ë^èc?ÞbØ~DŽöä‡n!›Øb×M40Ø´¿®ržl0ýcÓÝÓ¿…?6Sƒ];™61Æ"¢‡ªÊ½`»“6‘@•Ÿ'V@tÕÍxóHáÇ†6."""""¢"Æ"""""*b< """"¢"Æ"""""*âÔd""""ÚR†.½ý«k3¶l;úÊó¶[zÿ¡u«ÓæÁx@DDDD[PECc•uò‰^Öû¬o}6Æ""""Ú‚|»=V±Þ•Ø„ˆˆˆˆhCèëôU”?¥¹Ã|<JÅÇfweï[¿4ŒDDDD´!8ì6ƒÁPªÒî~uöîäã}/¿ñãÁÒ0Ñ†`±šKXZó½ö¸·øX,YèØú6I’´Zþ-ˆˆˆèÑ%I’®¤Í!­A§g?Áò±Iº!ÖÔÔ¬w-ˆˆˆˆÖÍÀÀ@iw\þf²Hs`_s]ißbKb<XªŠË—/3Ñ£ìÊ•+ª
A(Y?C]?C“?íÚÚmãm¶Æ?*Yé[ãÁ:ÀÕ«W}>ß‘#GÖ»:DDDDëàË/¿¼zõª hJ*ã¯Ÿ»™Ù`I6U„Ó§O‡B¡C‡ÎC ""¢G?$IÝÝ=ß~ÛvóæMA(]÷­›¡ëO„BWÚµk×®^½¦ªª @UÕõ®×V+wÙ×»K2?û½eë]"Ú†ÛþéÓ;íùãgkõª¢èõú‡[­MFQ”ÈH4›ÍÍ»×b19Ë™LÖl6=ôª­ilxÜèu/8Ã7žÐ{ì_Âõ,Ëfs‹I„ÉA´Î6uò+¡Nûfð+²VA#šõ®Å’l¢ªÑ:«8ô—~h½+±é‰¢ÆWá]ü‹åQj>é\å‹í78|‹,ºèõ,¶y´Úb6`×Áñ(}¾7°b2P!šBïãóšh4›ã
o¢ª-ÇTãGTAà£ãÁÂH@DDD?AƒÁFÃx°á0$<‚ l–ë¼‰ªJDDD[Ç4Qã1Qã1QW."zTÄ“ë]""¢õd·>2·»^Æ¢GÿM$""¢âà""""""*b< """"¢"Æ"""""*b< """"¢"Æ"""""*b< """"¢"Æ"""""*b< """"¢"Æ"""""*b< """"¢"Æ"""""*b< """"¢"Æ"""""*b< """"¢"Æ"""""*b< """"¢"Æ"""""*b< """"¢"Æ"""""*b< """"¢"Æ"""""*Ò®wˆˆ“Ì +ˆÎA´Ö£¡r½kCDD´Õ1Ñ’$’©ÎÎžD2u»³Çf³Tú+ü~¯Íj­ô{×îM“¼{V#l&œ¿€?ˆˆhm1Ñƒ]ik¿ÜÖÀf³jmI$S‰D²?v6ÔlmYMáßö ­ûþS«¯??©làèø?øä2º‚Ç9ŸSuúþI“³yèu¢°šj.JUr9èó×”ó9âš¾;Qé0ÑbÉÔÙsƒ¡áC­-³b@¡?ár[ûí®ž—_:n³ZVP~WmÝh­¿¿ÅjÄô~ƒdál&„b‹uLÜùÃ»7\'Oµ¸æ¶ÂÇnöëÞç_}Ì¿‚
.@ÎçdQ¯ŸÌáö·?ÇK?Ùç™·bßàÈ©gVryˆªœ“Å…â=9—‡nNÆVå\z½¸öõÛlx=iuˆh1…lðòKÇ+ýÞD2u¥­}jpÑÁÖ–ƒ­-~ÅGŸùèã3o¼þÊ
ÊoëFC%ÔÍØ8•ŽîA8†¶n´uÃjœ‘"æ‘îjë¬?¾Ó<sk¶¯­#”vÔÄ??¼{·úõu¦iÚñäµõ%}{¢-CÍôsæ\·l6Ëi¥ê™ßÛ6óK%Çn?ûìúˆY/¦s¶ýÇŸorŠ?»õåGßEÍf1?¶¶ž8ÚìÔ­×l,¼žT
ÚàPl½ë@DÔGŸ™žÞ~çƒÂöJÅíÎž`h¨°ë?¿òö;œ=ÿÕ±£O,÷-’ØL³·Le¿6S1ÝSìXXP™-{­+R¿Ï3ýw?áÎoÒfË­XÉˆ:þG´?\ïW_©­oü§J?C_ÿÇW½¾gkï§iuäÚç÷*_~í9+ ¦:~súš÷Õn`ôúoú+~øãc6HÞúô³ë?:PÎñ{¼žT"Z—Ó¶Þu ¢?èvWO04|ì™'
“?¯´µ¶Wú½ÇŽ>q°µåíw>8{îbaXÑ±gž8{î«Æ†ºUÎTž•f=}oóã¸réVÝK-Sÿ¬¥»ÚzûÏ}5uTnì^ÏõÞÎp4*é\îêÇŽ´øÍ0ÑýõoƒÏìVn]êèv?:Q5|áì@å±#õ†Â|ÿi{Ïßtç2?â¿ý @ýášR:|íË«·F20ºš¾÷øÞJßüð"¿²{î¸#¢G^~°7Ò°÷X!A‹þ¦æK_õOÔî˜úÉ z¯ÃÝø#+@°44ûþwïÐwÅÈÀ?òÆÚ
íWkc³ÿßïF”¯á*›¯'•ï{@Dóëìì©ô{w6ÇýCC…©É[÷°Y-….…ÂÞJE¥ß{öüÅU¾éùë+Í óìÝo»Ñ1?+>—ïÝø
-ûª§÷’gC·îÉ?–ï¿üâ§Ž=å?žþ]W²°GÊDÃ7Ï]Jx{úOž­5AÎ¥R’|ÿ¥R&šR×®Ï=Õdƒ½ñ©Ï?8ñÜ®bÃð›Aë¡§O½úýïïP®þîRO¦P‰|4‘_åe!Ú¢¢#ýÛýñ€&³=›ÖÕ7‹¤ì¦©¿E“É2:>?ÌØ?b³L}¯E³U3Ï<ÌzoT¼žTŒD´ ©ÖA¥ßûÆë¯LïH$Šæ%¯lvò”® B1´Ö¯,ŒÕ{#ß\?€šèºÙwhÖôCÍá'›kËL?Þ`ví¨ŒEF³“;³îÖç÷Õ•Ûæ_ƒh’hÐ™t"D?É Ó¦¦÷é¿×Zç4ëfWKË>Cd4ºüK@ôˆ‘ó®iÃuf‹,«Óv+¨²Yï?5ZÊT²¤:mÓþ±±˜P¦%ùG¯'•ãÍï`ëÞD"55¦ÈfµCÃÁÐpái"™
††w6û
#‘
+Š€ß…®àŒlŠW8]
×žýþÛí])Èýmæ–]åsŽP•‰X$4¸}³íÚ½1äsÒä®r?{åsˆ½î²©ÇF“ã‰ôŠË"zDˆºhbbêY>?g,§£Á`"yÿi&5&µB,1í·‹ÔÄ84œâ^O*Æ"š_¥ß»³±®Ðîpì™Ã…ÉÊgÏuöüWo¿ó?Íf),uŸ=÷U¥ß»Ê‰¡(¬F¼{çoÌè7Ç?\zG·¾r_+®^ko»2ÖÚZ=»µ¯Foüê£Ï.‡“D‹Ëï±qI!¢õã*ß6=G??W”ß?Ù09=–øÄähAäâã¨p™`,«Ð$RScöò‰(|ÎÅ.xDðzRi0Ñ‚¶¶Ø¬–³ç/^ik·Y-oüø•C­-ÁÐP04´³±î?×_)t)|ôñ™J¿÷å—Ž¯òíü.h­Ç‹‡ðúÓËS4“©±¥q «£¢¹¡lÎ¾á{m©ê'Ž·4ÔúüŸ¿|£¡’ãcS?E½²ÌÞw¢ÕÑUÕz®vôæTÈvwyk«ô@&Œå¸ªw?^ï(¬°¨Æ»:£»åÊ;FÚoŽ†ÍÄïtŒî¨v­ï‰l¼žT¼ï-Èfµ{æðGŸ)Ü2¹p£ƒ©›£MÝÍf³¬>8Ú¼ú2‚kï©—›EÝ<½ãV›ÝÑ(ün@Í\ïŒÂ¾@)f·W÷åÝÁdcƒU@n¨ýR70™Xô6›5ÖÛ7ÚÐìÔ
 ¢Ño?òÇ‰3ï¾sÕlÌ¥???ø~­Àx÷GŸâ‡u¨B(?pbÏ¹ß¾÷o=Ò¨xâ…gÜ÷?´\øÍ;ïÃŒ´âyêÄÓ\…³€×“J‚ñ€ˆc³Z^~éx!’@¥¿ÂfµCC…AGsï¦¼,~'¦?”?ß˜‡v¾lÀR÷Ä‘Èï~óÁu£Q/ëÔz#•áÚsä±Ï/ñèMëºIDATüû¿¶¢«¦õ±ýe§û&÷•ïz®%òÙ§ïˆ;Ÿþ³ÀòkHD +ßûƒ?k‘eE§¾´‡þú¯&[kŸ9UI†vÆwÚ¶ýém‡,AdCf^O*áoÿîï×»Dë@ÔlŽ‘u‘ÑñÊŠ•²)©D2…BÃ…N!¡±±nõ«µuÃïš}s´éÚºq´•«yŸÙä¬".º<Ñ}R>',pk3UÉå¡×oŽÏ•Jp(æq;Ö»k…!‘ˆ–Äfµìl¨›ºB©ø]hÌ s]L>¶ÑZ_âl`©Ù€V·àôeA£çÔf""ÚZˆh=Y?8P‡%DDD´Bì'""""¢"Æ"""""*b< """"¢"Æ"""""*b< """"¢"Æ"""""*b< """"¢"Æ"""""*b< """"¢"Æ"""""*b< """"¢"Æ"""""*b< """"¢¢’Æƒl<?-eyDDDDDô0•2„¯þë/®†KX òÙlV*e?DDDDD´°:¸(¼rúí7ö?ÿéÍ7ÿ×Ïþùý/:còG†/ýüg—
™$ÝùéÏ?éL?”
Îy/iàâ/Þ¼80+ÌHß|§má?üìgw&JÕˆˆˆˆˆVJ»†eÇ{.w`÷ãuæe¾.{÷Ì¿üzd÷Éÿ÷j»¨‘²±Áöoû¢?NÏÕ³$´?æÃåoµu4öØ§6NÜ½}¹|ïŸ•Ãnþñ©¸Å¸®5$""""z?5ë=ˆ÷œ;}úF|¡ý1ró«.Ï³/®±‹Zƒ³æÐsû‹Ù@‘â‘??H\V–PR>„cé©JÈ…ÁJR<2ŽMLû¥¿Pl86c(S~Îa@6^èÝíÛ[v÷}×¹¿%ÞÝÞÛzpg½ÝSnžÌbòD,<0Ïß:›ÍÞ¿LùéÃ©fî"""""ZckÓ{ï9wút¯óø©ãËí:@2)ßpÎÝ#G®|üáw¨ore»NUûá‰zû|%€¾ô¯§ûœµÕ>1vúãÌÁ“§ö{?îþÝ[7ÄíbNëqf»OÚ½úÒ¾r1¾ü«?‡+[üb¼í7ñ?|u·ñ®Ï>¼®­¯±Ëí§#žNò‰ˆwŸyïì°og?¡íbÖ07!˜¶ï<ôûÓwöz"iàÆ×éÖ“5"€áKo¾‡×þæI¤ðå_ž‰øš+Äè7cÏ©çÒíÿrF<ù“ÙîsÿtÖòòŸˆ€ÜñÍåùƒ¦e_C""""¢Y‹x»vúôµ0>óÖ­3swŽýøTË<­ÿ"I–`ÖÎS¯øí‹—´GþôÅ]vàÉ½×ß«­ç¿«[ ­¯õOúx¡”:Ëÿ{¿ox¿ÇrÍOÿ¸ÉÞýÝ/ÿåroã‰ÚáŽ‹Ö'ÿòH“8ð`ìúÙó–cÿùé€@Ãµ_ýþöŽWëc—>‰4½öÚ“>?ïûâŸûãsÞ4Ðô¤çÿ^ïÝ¨7!Ûwý²gÿOgŽˆ’.~lzíä;€–ªsÿ|u`ûÓ5ðáÝð?c]7"6Ë­»¡Çmv çúîÆ¿`6 """¢‡f-â?³öPÓí_ßÂ¡_hõæ¾¥nî¶é»E-ÒÒÜõŠRC÷úªv+öØË}ø}8¶`<äÄ@O_$™²Ã?Ý“?ö×××‹púªq16ŽzwÕîÈù3gcµ•UþÊ*?U›Žôõ™ái¿T(×Y2ˆ?ö`û‹>@çñVbN<Êš›.Ü¸¯ß?îý{[ž?Õ½ßJ£®»­0§9›1ÇÓêö»þ£k ÕgvÊ-'žJ¼ß}ïñ€¯ÿNûž?O-z­ˆˆˆˆˆJjMÙ·;ùŠøá§/Ú^;¾Ç).ëÅV?¿|äÎ@lwÙÌ­hDVšÒ£f­,04?víÃwv½v¬Ù&"!¯ç&wdsY ð‹¼”‡¨ÓÖ†ç²==>‰ô\|÷båËÒ¢5ÀV¾£¹©Ø¸oÞ§Õ!6#+ËÀ¢§c¨Ýµçì…®H9®¥>¿}Nã^k†»nwsUáÙîfh¶íôüá^¸ÉÑ‰?ÇÊýÉ¦Óý{•îÞC{Ž­åÔq""""¢YÖjj²aÛÓ'_Ù“íé›ç'ö(ßûì¾ìïOŸëÉJ€"¥c]?½1TÕ¶Äntd ÝÝyÝÓ²Í˜íU?ÄÀlw"‰È?ÍÅE§»Ül0²‘?»÷K¸u+œ€lwÇMs“ÏÄGby­Ùé«i||ßŽØèxÎà«Û;ÔÑ7
ƒÁ`0O¤4ðT5y:®wÇ@ŽÜê¸3íÅ@S«öÊ'Ÿ]1ïk˜»Ô’§ªÉ×q«/[(X”ãiìõÍÛ._øìš¡©¶b a_ß•3m#­;ËKVDDDDD«³†¿N¶=yrÛJ^(úž<ù#ÃÙ³ï¿yZGÅ?'žuÁà9òêø™Þüì?ÅíO¾tÀ'öÀž½í§ßúÙ…Ã¯ý·õ‡=~ò?Ú¶½ð_^j|®ñóOñžÛnp7Tî¸_x}ƒýî'o?™ÈÆ¤ò§^:Ð"ï¹tþƒˆÉn‘âqëákÍÐÕ=u2~æ·oýL28óY¾p¬ž}Ïüä­Ÿ_t˜íÛ÷øê›¿úå»[·}ñžÚ>ß¼iÏÁž»pöW?¿ 5kG%gëÑcn§AC qï'w¥â"°¾šÒÅÛMÇ6ôJ®DDDD´ûw_ª²Â—~þNýÍã¾REÊ*ZƒvöFY£?õ³º,AÔ>à1?îüô­;õ?}±ÑIÂ¬éÏóI’µ³6J²¢Wßé’— ãÈ¡õ$j6è=g‰ŒŽWV,<•9âÉ‰’”CDD´IÙ­¦’”ŠyÜŽ’µ•²…j¯<ü\jt%4ZÃÜ&ÜÜF<¦g€Ï0wi¤ùŠÅìl Ù`6 ‡¯Tÿ&ÑVÊFª9°o‹+=sýsQ#r- """"¢ù=Z¿a‹'û-ds¿&""""¢‡€ñ€ˆˆˆˆˆŠˆˆˆˆˆ¨ˆñ€ˆˆˆˆˆŠˆˆˆˆˆ¨ˆñ€ˆˆˆˆˆŠˆˆˆˆˆ¨ˆñ€ˆˆˆˆˆŠˆˆˆˆˆ¨ˆñ€ˆˆˆˆˆŠˆˆˆˆˆ¨ˆñ€ˆˆˆˆˆŠˆˆˆˆˆ¨ˆñ€ˆˆˆˆˆŠˆˆˆˆˆ¨ˆñ€ˆˆˆˆˆŠˆˆˆˆˆ¨ˆñ€ˆˆˆˆˆŠˆˆˆˆˆ¨H»Þ "ZL2ƒ® :ÑZ?†Êõ®ÑVÇx@DK’H¦:;{ÉÔíÎ›ÍRé¯ðû½6«µÒï]»7MfðîX?°™pþ&""¢µÅx@Dv¥­ýr[;›Ír¨µ%‘L%ÉBNØÙPw°µe5…Ûƒ¶îûO­F¼þ4¦²€£{àwâ“Ëè
.ä|NÕéø'MÎæ¡×‰ÂjªY,G|—ÙT%—“çlõ†M6ªSÎŒEG2 µ8]e†_ÆÂ‰kuz±ðóŸòÜë³ôk;o=—õ×YâK¦ŸËJê”ÏIí[õ'a•u#"Zã-&‘L?=w1>ÔÚ2+ú.·µßîêyù¥ã6«eåwÑÖ?Öúû[¬FLï7HfŽÁfB(¶X×ÁÄ??¼{ÃuòT‹knãuìög¿¾á}þÕÇü+¨àt‘¶÷.Üh|úÏ÷,éðtïù_¶?ZŒ¦?ÀêÃ¯ì^Úë75ÑóÅ¾ìËXmF@.•m­G?ì­4,öªtïù_~‡ÇNßiF¸ýíÏñÒOöÍsÊáö·?ïuJ9™È‹•»O<ÕàÐ¯ ®Køë¨J.'‹÷ƒâ^2ý\–Ÿ3'zÛ~{}¬ø$Ÿ‰f0í|—ÿI˜Uÿ™uÛÜT9'‹‹ä49—‡nÎ•Wå\zÆ£¹x=iuˆh1…lðòKÇ+ýÞD2u¥­}jpÑÁÖ–ƒ­-~ÅGŸùèã3o¼þÊ
ÊoëFC%ÔÍØ8•ŽîA8†¶n´uÃjœ‘"æ‘îjë¬ŸÓTÊöµuD€R?ò´¾öò>Q·œ—”µþÑ3+ÉMBôÛçSµ'_ÛíšŒ¹‘ž«á?æÚ£¯UC»”UûÔ+Ó’CvìÆï÷Ûv÷Ÿt-¿²Køë¤{Ïÿò^Í©©¿È^2ã\"mï]Àrr¦©þ{'§>´¡«ÿçsÌ8ßåšUÿe\çLÍôsæ\·l6Ëi¥ê™ßÛfš±_ŽÝ:÷Ùõ³^Lçlû??ßä ?vëË?¾‹šÍb:mm=q´Ù¹É¯C©ðzR)üeXGËƒÁH‚IEND®B`‚' height='200' width='200'/><br>]]>
    </system-out>
  </testcase> <!-- runScenario -->
  <testcase classname="Runner.TestRunner" name="runScenario" time="43.400">
    <system-out>
      <![CDATA[<br><img src='data:image/png;base64,‰PNG

IHDR
1K«Í/sRGB®Îé IDATxœìÝy`Tõ½÷ñïlgf2“B„HXHˆeiDÄKŠâÅBú ¶?à½EûÔÝ«V[7,.Ïµx¯ÒŠJ‹RQÄ+²X"eÓ°H"!Ùg2™3ÛóGNB6 „?!áýú+gû?ïüq>óûýÎOçt©"ú`àJA< !Ðhˆ4Äâñ€†x@C< !Ðhˆ4Äâñ€†x@C< !Ðhˆ4Äâ?1ØˆˆÔ¸Ü•UÎšÕëõúü?`—tƒ^g4CB”ð0[ˆÕìrDçt©Á­ ðt™Ïˆé¦(&?N¤\5t:] PUOñ™*ƒA×»WT?ën<8‘_aµ’
p5Óé¤ºÚUVáèÌ2‚
O—…Ú¬v»5XW‡ÃUít±!hS“k\nŸ/J64¡¡VŸ/Pãr«€ ÅƒÊ*gLÏ0Æ‰éVYåVÁë=¨QÅ¬»W&E1ÕÔmüÐâ?×ëÕé‚usà
¥ÓéT?'XwZ<ðùŒ,š‚ùœÌªÉ4Äâñ€†x@C< !Ðhˆ4Äâñ€†x@C< !Ðhˆ4Äc°@×æØÿÑ»»Š6SnZ8±OPÀ%è6ñ xÝÃ—ìlÓ©ã^¾tZÌe¯¨ã”}þð-/d×oe¼¾eajpjDÍÏ\¹²¡6™s-ñ cpñÊìpºÍà¢&âÆO™2P9×Ñžñ¶Î-§;³?š÷ê‹ªHÅñ¬Ü3"=?N¾^€®ª{Æƒ„ëf/ìR³º.sìˆ´X‘´ô`—€KÆà"šîÙ{pqÔò¼¬ÌÌ?{vd?<~¢¸Ì%JtLÿ„¾co˜ñ³©#¢­]R™›¹å£uëïorþ´›Æ§'„‹”ì^ýéÞªús{^;kæðÈæ-”|³úÓ¬ús"Óo?•u>šÏ™·oë6~s8?ç„*V[r¿©×??zCFjô9/*Û¿þƒO7~³/?§D¢Æ?žrë‚éìù[W¬oxEQÏkçÍn9µmù‡ëwÇŒŸ}kª]Zßo-ÏÙòñ{ŸïØs°¸Ì¥$¤Ÿ8mÞÜIIöV¿aÃÕ\¹_¾³ì¥Õ¹Ž¦»Õ’âœ’âœÝ{V¾>â¾Wž™Ôx0½3ïã½’åhõ|QÒîzü¹y±Êîõ+ÕÞ3ö¿n?kz‹œÏÿ´l¥SÛ˜´xîeÈîÜõ¯<÷öº#êÙ].gNvVNvÖÚ×ßNžuß‹w?m~|Å[_|ø±ÏËv”ÉýòÈË_¾óÑÂÿ{kÕÊõ«ë÷?ë}«Ê¯\¹¾~wJÜÍõñ Ùþñ;–üqåÙbÔ¼Ý{VîÞ³vûÂOdÄ‘®Ý3”æfíÝÑú±?~Ã†Æ˜ëþ6ïÿ¸y6h¢2ëå_¿Ñ{í}ã¬ÚŽ²¸ó•lõœ¨E>Å.ñSg?^öÔí´C¿9uëÌÆ«¨ß¬{¯>ˆ2súûE|¸6qYõ›{Öp?³Îœ5K~vjáßžnühîÌ|uñcŸ·öá\¹ËŸ|#®•m”¿òñg
ŠZ9àØòöŸ'?{rR‹ÞC÷Œ9k–Ý»æÇÆ,üä…-(c§ßn[»Â)¢$üdìÍ?NOŽ‘Ò#Ÿ¼ýzV^Ý9®mïl˜=nF¼ˆˆïðºÙ@™x÷ã¿ž6 LDÔÓ9»·}úéú/™¦?,"öëf-ˆÝ³\{ Î_½éðÌùƒJpl_¿¶áÁ=6cú¨s¾d©?Ô¬wþÐ8(©SgÜ65Å^r`Ã‡ë¿¬ÿ_Ý±ü•ÏÓ—N×æp»÷¯zåãFÙÀj7cÞÌôÑ®r´¿ gA‘ˆÕ6nêÄAáâ8´qíî³Ý_nßÿ¤ŽHh‡îÚ.ù'óæ„ÇÏœ6"®ñ#zzú0ëâÙ¯ä×mØ™U6#>JDÊr÷7ü>jî¯çŒ¨ÿA=)mZRÚ´÷ì?,EDÄ0xÊíñËë[(xoýÞ9ƒÓ´[äoø0«áVïš‘ÜÑCkÛ?Xy¢aK¹ñ‰7ž¼¡îçùôqS3F?±xÉíé<óµ¿í?z_š""êÞ?ë€ø…ÿ÷…ù)¶ú«¦Œ~â¾†«šˆ?'’yÁšúe¼ú_Ó´0køSwþ~Ký¡M‡??1áÊYàjvÕ¿¹()cñŒ¦Ù@DDâ’FœÝØ—¯=77~Žß—¹-»¼ÙUQÃ7L"ˆ›tëÄ†®mŸî¨Mt"s]Ã´ë„Û®ëðq5Î=;ÎÆ:÷®ÝÂ3ýŽŒ³Ã„\ßì>R÷×áýÎž¥ÌYXŸê®ŠorÕÅ›xÇ¬´³‘£Ç§4:xºô|¼ÐyºgïAÚ=/?7¥WëÇ¦æãX|jÙ©ÃÇÈÞ?W."ŽÜÝJD\gOh¥5bÜPÉÔî³—-ºs™()ñÉ#F?5|øàÁQ?rFø„Ûf.ßºVûÅýË-™÷OšbÉÙòQNý)q·g¤uôÀ"‘“yÏn(éIÍë¦N??ê'«?äËÐ)Ëÿ¡ÑD…‰ƒ4oµÉU+fô &)(ª÷‘†× 9ª]"Œ.¸tÏx`±ÛÃÛ´voÁ¦—ÿðê¶•ml8~æïfÞ¹<óì“´š—?›—?ûåš5"bOŸõêÓó’µyÌJÚmsS×¾} nkËGNM™ÝxRòˆ»fny?K¦V5š<ºwlóã†Ö‰¯ÉV?-¾½V¯j«HÅÚ†³lWõà"Ç–§ñt£l™ü“óçgÌŸŸ1j|ë×Äf,]³léÝ£ÓÚZ>/;v¯¹ûéõeÛ}&Þ6©a#õ¦Ãe?&%+33&„wèç©×øY<¯¬ì|§6°Úÿ|Ÿ—_ÜüGEi‡€+X÷ì=h›òÌ{&ÛÆÍz|ÅÝég—èÚ¿|å†üÖ¯³Ç?›óÄ¸9">Õá(.øáð?íë—×¿ UÝñÑ–3ûÕ?9aúeË¶º»¼·ü©ÄÜúVlnk¾,Ÿ«oâ(‘ÚFAn±C7¹S”›Óh«wT„ˆˆ=&1V¤¾Û!sg–cÚ”ÆW9vnüò²T€+ÈÕÜ{P^Úèù?!©_ãå{óïný¢ÆƒpŠ=<>9}ÊÌß.yrFÃÞâ‚FC•Ì£24Œîqåîm˜”<fÞôÆ³s;Rdòè˜³[›>ÛÒtÁ?œMï=»5bøàº^?Ác3(Ú²ü÷æ:ê?¬;wÍï_ÌtwÝ³÷ oûûËÏ9V¾çµóf·‰Döˆ©èží»¦jk„¹s×,[Ñbt?ˆˆsësw¾äš°ðö[oonˆ®Ã{ö5œ×xÈ?aðô;R–¿?Ý´eæ¬)í](yýÝ“Ö‹()­t>šýâS&Ü:îOËë_6š½ä¡%òØ¢FšÕü/àÏg_¸Ôx€Sò´yãV4\¥fþé¾[VÇô?ñ9?qž{%8tÝ3ìØ¸rÇ9?Žë}k]<}]ŠìÐÜÕË1ç£qãËÁ=™GœªUQDmþL\™¹a“Z&—ìØ¸DÄÞ/&Î*"ž‚ìò³oæš1¶_“‹¢nø×™¯.YÛxãX
MÍËn-ÀD¨""Ñ¿}xëžêWp;ñÍ’Eß,iy²5åÑÛpjv•ˆZRœS¢ý­ŒO½#ûÂë +»šIÔÔûö1]-)Þúñ¶­Gœª(7þ"ct‹ów7~>vœ(ÎÉ.Îiœ¬)?üîÖæ/UÆN¿½É‹€ÆÝ‘ÑáK¡57íw¯ß•t¾>â‘¿¼pct³«^øÛc“›¿eHIž¾ð­'æ%4Þg0ud¹¸2tÏÞƒ¶2ÄLú­þë^~ùõ=9¿î[c¦?ð»GFd=øçæ§ÛÇ?òÉÊm>Üøá–¬¼fïBµÚÆÍ¸ó®_LIníýýq}ˆÔ?Ý·N¸ý†˜VNê`¶äy/2fãÛ+ÞZ»£éÐ ðøo_pÏ¬ô¨Ö"JÜ?¬˜Tž·/33+¿JDz$M3!9V9[¿ˆˆ$ôîðÕÜ|:§+8£ÊeŸšÒ7(·n…ö¢"é=$!ÖfnËOû.§C-/ø¡È›i²Ÿû*_þÚ{¿\?)9î—KÞŸ9–;87Õép5”c?w§‚¯éÊÐ?e¿={ÑGÚêÑsßÊå3û?ãL\š >*_Ý½´w?c­ƒVYmv«­-—¸÷½¿¬á…E’2ZçfQlv¥M¥æ¬šwoÖ¸Åw4?x-"ŽÝËžmÈ"±ãSÉÝñàr+þrÍ¶†eæ¿6îQ¿Y÷žÓáÚ¸d÷Æ%¢DŒèŸ4"5¼ü@Vn“ù¢Üx÷Œä`
€Ë…xp™e¯_¹³aãò-…Ö;¾lôz%µìHqÙ‘?{[œ–0mñ]×1ñ {ºªß\tù93×¯?;&gè¬)—k)´`¿î¾OL}î™Ö˜û‡7˜w™_»€`ajòå¤çd?h–£Ä?H?½Äå:ƒ»,÷‡ÜÜœ¬Ü3"ŽÜ|IŠ·Kdâµ£ÇM².?¦&wSJLrz'¼Ã´ƒ™£’R£’RÓƒ]:ƒ‹hˆ4Äâñ€†x@C< !Ðhˆ4Äâñ€†x@C< !Ðhˆ4Äâñ€†x@C< !ÐhŒA¼÷¡ì“A¼;€f‚ÒG&ñîÀ•i÷w¹Áº5ƒ‹hˆ4Äâñ€†x@C< !Ðhˆ4Äâñ€†x@C< !Ðhˆ4Äâñ€†x@C< !Ðhˆ4Äâñ€†x@C< !Ðhˆ4Äâñ€†x@C< !Ðhˆ4Äâñ€†x@C< !Ðhˆ4Äâñ€†x@C< 1»€æpÖ––WW;jÝª'v5èŽt:1+¦P»¥Gd¨Ýfv9©[Åƒ¼üÕã‹îÓ3< º`—€nK'?Z··°¸B1â£ƒ]N‡é>ƒ‹rr-sß>=ÅH6Àe?ÙlêÛ§§ÅbÎÉ-v9¦›Äƒ¼ü’ˆp[¨Ýê÷3¢?Äï„Ú­á¶¼ü’`×Ò1ºC<p8kÝª7,4$Ø…àjâV½gm°éÝ!”–WG÷§ßAá÷bzF”–W»?ÐâAµ£Öl6»
\½ÅXí ÷àÊàõûƒ]®vnÕì:@·ˆ_°KÀÕ®{,ºÕâ€A< !Ðhˆ4Äâñ€†x@C< 1»-^Ÿßçóû~]§Ý–x\YŒ}­[õÄ¨×õz?N×9Áíö€+ˆÇãµÛ,":«Ù¨˜ŒƒN§Óë:%Tè=®^¯¯Æ¥FE†Úmf“ÑØ9© 1âpE®ZÕØmfÅœuÞ\\<Ÿ×çWLF“1h?â€+‚ÇëÓëtŠ)cŠ€+‚Ïïƒ!xá€xÐvEÁüwÀÕ@§ÓétÁ|Dgjò…­üJÿÎfCÝß±?›Òüó¯÷»(tG:âÈ"âÁ…Ý·ÂøÝ1]]*(*×UèÞÙl(*×=4ÓwQí¸+?ž–{­6»Òqµ¶?+?ç`‘CDÌQý&EY; Iw¥Ó#&{x~µàPVQ?(ñ#RcÏÛ¬ËéPÅd·™ws€«ñà|¾;¦ûî˜îŽÉ¾ÆÝu?#7?j{BÖŸgünu‹½ã^¾tZÌù¯ìàÇnWîÚŸX¶É©žÝ¥$O_øÌo§Ä]Ò³uÝÌx}ËÂÔv·áS?Lv-3Uì}ç™%;/ü-xgÞÝ«eÎŸ>Z<¼Ý÷€.à‹}zi6”hþõþ/öê¿Ø§¿˜xPgÄâoIn´­ÄG\è’ŽxìnàÊZ¶èw«Oˆ2pôüÛ&¦G‡Hå±-Ÿ¯Y»)«èÞKŒ¡lãïg-Ï³ð“2¢DDlýÇgÌO‘žñ¶`Wpµ œÏwÇt­f€^‘rº¼íÅ§¦§wÀS~{lX¾ú„È˜{îÖú0?žvÃ¬9'Šã‚2Æél©3:" ÍˆçST¡)?–ûc#ßë°åV/|ù+™z×#öí//ß?_&¶q·ÿöÑyé²}Éïeˆˆl|~Ñn³ÈÔß,Ÿ3T¤l÷ê×ß~w{~™ØR¯ËXx÷¼´¨Fí,þ]??Kþ´!?å·o-?Ùè>‡7¾—/¢ÌùÅ­Í:
âúÅˆˆ”m\òèû9ƒf?™qzù’?·–Lyýó…©âÌÛôÖòw¶m=¡Úû?˜~Ç‚»nH2‹ˆˆ;wýk¯¬Z·ß©½ð7›}(wîÆ?¯XµîërGxäÄióÞ1%Ázö?Ü?ÿÎ+ë·žPíC',~`Ñô$Û?Õ_Þè<."Y«Xô‘HÒÏ?ÒcÃÂ—¿ªÿÔ¾â½ëþöá§{2?8U«-yô?‹ï[P÷Á›ó•ï]³lù‡û”¨JtÌ¸›Þ?/=*è}#]ñ 3e}¸bùŽ³›1ãgßšj©(ÎÉ–ãO<Òü„é³’|¼-sÅ—'¾µ¸Çà±c<{³÷?˜ä1#z‹ô©Ü¶äÎ—×IÒÂOµæoXñî½ÿÇùú_¦*Z;Žg.p)Éý’E5íp+‘áÃÏQ?O-Í.Î©|ëÁužÚ?É£ã£DrVÿöî×+úOŸ»ôÞxÇ¡w_zú‘<ß²¥ScäÄšßürÕQÒfd¤†;¶<¾ì@ã¦Ž¬ú·{Öï3vñsSú»¼ýê²;O¨<—Uw‹ËïÞ?}Æ”9§v¯Ý´mÉS½†¯œÕ'}ìˆ£Ž#Ùáñ©cØ%¦Gý'J«›~dý’W¾‰š:aÎxE\ù[×|tïYñÖ‚äÏý9«ï»÷ÏÎÔY–Ž±—fm]÷á'{f¤ßÞ1ÿ„Ýñ eºµßèËª¤n|ÑV7Í>¥‘?¬6D…ÉÌ±þ¸¨VzZ“ÿåÊüF›)q7ßšj×6zNè¿?nq“Þ¶îàÑGî¾uáð¤e+÷?·ýRf“³ò?u•¶…o¼<?EDÒÓâ=9óW}¸c^ê$m€þ™¤Yï?Ý¼@DÄåpˆˆôêaoq¨±"eÂ+Ë?²‰ˆTn|ìõbuÒâW˜b‘ôöÒÙ®XŸ3u?º~Í‘‰O¼ñì‘""SÖÜ=U}B(ÿòokr\#ž|é‘ÃE$}˜½ì†‡W­;’1¿îÝ•xß[/L?‘Œ¸üÅ/ggí/™7ýº…¯ÿamvAÂÄ¿¬›{ M"GÊ¬ëØë‹O—[ï]“•S"É±Í>@qNV¹È”…wg¤DÒ'L¿C„®€¶!4çõÉCo
Ëµ÷ÍUèÎµ ÚÖƒzùæ°îíßx?mz=ßããÓëí˜CÎóü^œsÐ)ìË—ÿ£nÏiEdkîQ™4¢n{âÔ[ŸdÕ[DäèñI?>÷b'NU?øDîV‘8õð»+rëv8JlRô}^Y±û˜*’2nDýà¥~)iV9àªÛ8™½E$Ö½ÿÃåÇ´ËNÇ‰sn¹Œ‘QãÒ´gzE¹àÜì³l&ÇáÌí{ö:E¤ð ˆä/ib’GDÊÎ?ÿqgñÔIÃ‡?>lÄààÏº¸¼^Ÿ³Æe4l!VW­Ûï÷[Ìf½^W]]£×ëìö?v´I<hngŽ¾°\÷››}·üèÂ/&úäŸúÿüÔ°3Gÿã!—¼PZ;ÿ)z¥ÍÏHtv~?çxÏ?’”<FdgvfVùô"[?GDbzžûfö?çŒé­Èñ­[ÂE\çºlÀ”ùzö®ì¤(–sßâ\Ê6<ü³ç²eàè™ã{?uòœe«×±sÿ7[Ö¬]¹J¬)?h?ÝJUµóÛ¬ì="F¦úþð±jGÍ5#’­VË¾¬l‹Å<&}X;Ú$4çõ‰ˆ„·í]šu§y/n…´vpT«"ŠˆDÄõQDÊ¼p~JýA_ÏÄLš6úå?{¶¾¸dÝà¦÷ih;wÝ¦âI3Æ¶Òg“*r@<÷—SÎõ‰ÔêX9–“ë”h›ˆHIîþ¢³—Å9d~ÛÂ³#þëŠ,iC™Îj‘SŽ‹wlÊV%é‘gž˜+"jfåú/ÕTU­Ñ¾#1ØÆÏZ8~ÖB9´|ö¿¯_·3úŒø¶|G]ˆËU{ôX¾Çë™:èÈ±ü’3åÉƒú™%÷ø©ÐÐâÁ•¯ÙÔdéyí¼™ÃÏDŸ¦¬þ|Û²?D•þØ¦ÆgÌœ½`ÜçË—?t_ÕÝ·Ž?q—ØðaÖðß¿<³Ïy›û¤û^?³øîÕÙKæÍ~/}ø¸¡‘¥‡ödî.wH’Œ;½eÆèsãâ9ß½zù½OŸ¾}ZJ©8¾}ýÛ†Ùkî›vSFÂÇë×>õ„ý?¹éÖü+ÞÝcmè=ˆÿé¿e|xÏúçïºôöiÉáRzjÛ§“«îK;}ÑƒG÷“Ìì5Ï¿(Ó‡©¡#æõ8{,&y˜MvænÝ?•6#Ö±cÅ²?ÏëŸ4\dÏÚ×ž‰sLH<ºpÅÃ;Í¾müˆþVÇþmY¢¤E?»· [ðy}^¯·µ—n^âAgj65YÆõ¾õBñÀ6ñ®ûæä½¼úë?–|-ö_Ÿ9?ã™×äµß^ýÂË«ED”Ô©3n¶¶±[êÝËVzkÙëÛ2wïÉÛ-"b:zñ/M?mõ§}[ê]/¿²ä©÷Öü~“ˆˆ?2óî1]¸ô©²Ç_øfåÓÏ¬´ÆLø¡û>fÉNí2óð…zEyþ¹õËžÞ#"bµ?›qg?÷±$ýëS²~÷Ëu«¬“‰OdÜÞèXò¬'~zùŠßÍ^!öIÏúfÉí?ýºEONZüû-YËž.ºoåèä„Øœ÷–Ýýºh·¾ûñÅãYXtO?@ ¦Æ]^Q]ëVUÕ[UíÐéun·Úž‰"¢sºÔŽ.²MeŸL™Ô!Míþ.whJßiJD¶Ðÿáï†ßÍñMváé[êÿ°Úð»Ÿû&¦^òÜƒós9>“ÝÞhÔ½êt¸Äd·™Û7ïö"/wW:=ŠÍÞ,‡øT‡Ãs¾F\N‡j²‡_Ü¢kn‡Óchq¯†²}ç8Ôì+j×­ÚíÒŸo«.kýY§…%Ÿ¬ßVVQ•Ð·wöy.Wí ý,f%ûHÞµiCo?>é¢¨vÑ{ÐEXmÍç(6û¥<ú^äåæp›¹å^ƒr?çoë9åÏ/{k÷ª£´øßë’oÐ…ØlÖ¡ƒóŠõz}Ê „@ `0t::8i@b;'^€.ÉbV$õMJŒ·Û¬"Ú»øýii…-¤??”š‹?
ˆÈº]ú¼âŸ¼?OßpÐ™œ5µYûsjÝjÚÈÁq½£M&£ˆ¨ªg×žC!Vs\ïó¬uuNÄƒæRâs'úßÝªß{´M£òçNô§ÄÐÙ\®ÚŽž<~¢ðLiåèQƒ'÷±Züþ@AaI»§&Zñ«)¾™c}•ÎÖKn,Üˆ<ÏÇÀå¤(¦ø>1z½î™ß•–UŽ‘ÒÞaEuˆ­‹´K¤?>\Ñ}òÀ„©wí9”uà‡Ò²ÊáCz¼Þv7H<º0“ÉÐ·O/[ˆuÿÁðý?lÞ¶« °$*2¬}­€.I¯×›ÍŠÉdÒét=¢ÂÇ^›¶kï!·ê1+í|>ñè’ì6k+0êç IDATêÐ?¡ö¯×'"F£1y`B¨Ý–Ð·w|\¯öµI<º$?N'"ÇòN?È/jØ¼>ŸÑ¨o_›Ä Kr«ž‚¢’Žžhy(2"t ômG›Ä K
±MIŒ‹íÙòP\l{ÖD#]•ÉhŒŒ³ZÌ-Ùmí\ý€xtIgÍ7»ögÿ?g0èÍŠb0?¾fð5Ã“ÛÑ&ñè’ôz½ˆ?)+¯Šï30©¯ÍfÕ‰NDB¬–öµI<º$»-dLzjTDØ÷9ÇN—Å¬LŠ??ëe1+ÆF=…xtIz½.*2,mÔà~}c?äžÌ;YôÍ®ýâKF?H‰îÙ¾6‰@f2c{õ°XÌnÕ³ýûªª‰}ˆÀÕÈíVO–|Ÿ}ütqiòÀ~I‰}¢{F´»5âÐ%ù|¾¢Ó¥¿ÏÍþ!OU=‰ýãRõ?ŽŽ¤¶VµX”v´I<º¤j‡k×¾CÛþ±ÏátÅõêY^QýíþœºC#S¥ÐŽ6‰@—¤ÓITDø5ÃSôz?Á`ÐéÎÒëuç»òÜˆ@—d·…Œ5dDê Ÿ×WëV?€I1šLF½Nß¾‘EÄ «2ôfÅT^^y$÷dÑé2ŸÏfKèÛ;1!Îb&W“@ pìø©í™û
O—šŒF£Ñpª¨$û‡¼kF¤ühô°°P[;Ú$]’ÓéÚóÝáâ’òôQCâãz)Š©ªÚ¹ï»Ã{ö}6úšÁíh“xtI§‹ËN'%ö™ðã4«Å,"~¿?2"ô£O·œ8Y4jD²^¯¿Ø6/úWg?KU½¡v[]6½^ß³G„ÝâVU ÐŽ6‰@—jµšKË*«ª??@@D¼^ß©‚âªj§-Ä¢×µçQŸÁE@—Ù/>öÀ¡#_nÞß'F¯×WW;÷<¢×ë$Æ·oéâÐ%YÌÊÈáÉÕŽšœ#y‡8î÷û±‡XÇ¤§&&ôi_›Ý$Ê>ì€NUSS[[ëN:`Hrÿ3e?Ïbéß«oŸ^V«¹}mv“x?>2)Ø%àª¶û»ÜN¾cµ£fÿ¡#q½£<f¤Ïçó½Þh4ètíVT§›Äàjãóùªª?v[ˆÇã­ßã÷ùü"b4ŒFC;Ú$]•ªz:âVÕfû‡NœÜ¿€®Êï÷WT:

KšíïÛ¾‰@W¥˜LÃ†$?ûÑðfû£"ÃÛ× ñèª}LtäÀ¤¾Õ ñè’Ìf¥O\L?¨ˆºMŸß_[ëÄbVÚ7/™xtU¡ö?žQ?@ Ö­*&ãÑÜü¬ƒ?x½¾!É‰)ƒúY,íYú€xtI?÷D~¡IQ†PZV•ùÏ¬¼“EV‹RZVi4†nÏÊ`úËP'€ËîtqÙ‰üÓ:‹ÙtâdaaÑ™áCL™4ÆíVs?å?v´I<º$g?KU=ŠbÒëõ…§KCòÀ„äAáavgM­ÏïoG›Ä K
³™ÍJÉ™òãy§
ŠCí!1=#=¯Ïç7ôz?®m€.)¦gÔ€Äø'‹>üdsáé3ýúÆ†‡ÛOœvÕÖöˆ×ëÛó¨ÏÔd K
±¤§1ôE§K“&ŒH¤(&ƒÁ0tpÒÀí\?xtI^¯Ïb6Nîß¿_œÅ¬ètºâ’ò¨¨ðØ^=ì¶?öµI<º¤j‡s÷ÞCG?å7ìÑëõaa¶Ô!ì×¾•Ñˆ@—¤×ëÍÅÖ¨£Àãñ;~êtq©Á`:8±m€.ÉnI5tdjrÃ¯×›säÄæ­»Ž;9$¥¿îâ_^D<º$ƒAo±4Ûi2÷<âtº|>;ÆñbS ›ðùü•ŽW­Áhh×²ô]“Ëå>UX\^Q]·j\µ9?œ¨qÕÆÇÅLM®5®ÚÃ9Ç8z²n3 Ÿ×¯×ëF?œ2(¡}m€.Éb1'öïc·Ÿ}s‘Éhì×;:ÔÎºÀÕ$ÄjŽŒ±Zb¢#ÍfEDt¢«¬ª®vÔ?†kóYËmÁÔd Kª­U÷~{øÀ¡£~¿ßh0½^WPxfûŽ}¹ÇNµ¯MâÐ%?.)ûáè‰Z·jV”º=:?Îb1–Ë;ÚÑ&ñè’*«®Z·ÝfUSÃÎž=ÂC¬gM­ÏïoG›Ä K²ZÌFƒ¡¦¦Võxëö?²òªjG?ÉhÔ·ká¦&]R¯˜¨˜˜¨#¹'wï=ß'Æd4VU;¿Ùµ¿Ö­ö‰‹ÑëÛÓ@<º¤P»-mDÊWÛwoÚòÏ?‹A¯¯u«µnudê ä?ýÚ×&ñè’ôz]ò £ÉøýáÜ’3¯¯W˜½BÜ°!I‘¡ík“xtU³’2(¡_|¬ËUë÷L&c³™Ê‹xta½Þn³ÚmÖi?7Ðhˆ4Äâñ€†xta§«|Íö<¥-ö¶¯5Ö=º§Û_ê¼·ÓQXéMèaüé[r¬Ñ©ä««w:÷?p?J0/œ:¤÷Å-‘F<ºžk?û®&+ßãtûcÃn?$ô4TÔ¾<è:Qæu©?¯¾wíÏWgŒ
™7Æe7´±YâÐÅœ,ó®Ïreu×mUúþšéˆ´éË?þ†s<>)¬ðe?T'$›Û˜{t16³ÞnÑ5ÛÙ8ÔÑëÄã“‘}Ímo™xt1!Š.±§Q16OÍø¢k9wù<ˆ@SQãW½Õh¼ÓbÒ‰ˆÅ$úúÔ ×IV¾gíÞšüò¶&æ]F¥Ë¯zeížšv×4ì4›t×ôUÒú›”hþú‡Ú=ÇÕ§Ü^ŸøRTéû<ËU«z…é“cMéý/0Ðˆxto}íØžS{ºÊW]«Í40èeòË¿M
ëe4äG‰Ê¡Ï’õ•{Žk—?{Ž{zÚõ·?±]00¸è
+}O©‡=?g!GÙô©qÊ€£bƒNDd@Œñš~&KÓÊkGŠ½Nw e³?€®A1èÌM§#ët:Ÿ_®é§ø=öõ2&ÑRëir­Ïðn/ñèz1uúF!Ô¨?í9µÞFùÀ ×8¥†Y›?ê×¨Òø´V€®ÁhÐ%E›â"›Ì®õvsgzDÄç—ZOà`?çp‘§ar‚ˆô?2\ÓÏ<¢¯v?õÑ˜š|ñ|³%Ø%\¥Lc'»€³›u×¶ô×Ÿ*÷mÏ©ý¾P?ôíIõ7ï•Ž`™>2äP?gk¶ëà)O ¾Ÿ &Ìpï”ðë’Í:ÝÖI ]IjSjSa¥/&Lÿì§•uÀç—â*ÿÇûj>ÞW¢¯¨i²|ò¿¤Z¯MTB-m7Äà" ‹én˜>Ò65ÕÚòP³l`1é£´œ‡p.Äg¹=¢zƒ]h»YW\í×_h¸P­'?•¯–:ü8¯ƒ‹ZQSã>}¦ÒáTÝªÚ™÷µ-lø»÷cs;óÖW¡G'}Õð÷þƒZÊ&m€Œ,×—>=‚]
8·œÓž0‹ÎßâEDQ6}Y£Uz©¬¸½~‘LJ®C<h®Úé>žWd2+‘!v{§>J£þö‹ô8~?×N¡ÝJû_x^ÎUkïQÙ{T²ŽÉœ’6 ØÕ€sˆ‹0¦ö1íÌu×z"b3ëDoj³èòJý_tVxífÝ„ËM©!‰=MmhRˆÍÕ¸ÜÇNœ6*†Ø˜ˆ`×ÓöCâtK¯ú¸B…Ztÿ>9lbŠåí8÷ä¹G'˜1Î6¨—)DÑåyTŸ?+_7.É2ÿÇv»ù"~%4qº¤RQLd ®aS–Ì¿>Øu€sÖGY:[9~ÆëöRzk]É±¦Ç¦Gä—ûâ#Û4 ¨1¦&7Q]ã¶‡˜ƒ]p¥Ø™ì
@ôïilÈÚ‘ˆÍ©n?ÝÞÊû¡€«ÓÉ3Á®t.â€s*©v shˆÀ•á
x­=ñ ûHûÓ`—€öÓéu?@Àßr©³ND<®z?NâóùÛpîåÂºèªü%EÞÌ¯|'rEDß7Ñ4~²>:6ØE´ŸÉdðx|ªÇk4êuº‹XË¬:FÑéâ•+×?.þö»ƒ±½bnš:éŽù³ƒ]T·å/)r-}¬öýÍö[fÿÒúà³AÉC¥¿UŽï‘œ‡âHj„8NËŽü ”º“Ñ`4êU?×d2(¦à<¨:Àÿløê?K_kØ,:]üÎ_ßÿbÃ–wÿö_?\ÉÚ÷7;o÷0bÂ9Îõºœ.1‡Z»Úï¾oªÿígþ¢SÖEš§ÿÜ0x¸ˆøïw¯û»ë?¥ê¶/Bÿûã¨±?\ÕÏæÈ¢Qb¯¬7GEòÆß%ùv¹9F>}Pž™t£Ü3@Žï’ï·¸x‚|y³ÈQ¹ñõÖÿ?åæžòé›ò\ÎE\º?Ng1›üþ@µ£6Ôf1™?ß‡ÐÕž¯<E§‹ë²Áÿköóg×u Ôõ$üqék=øëÎ-G<å'?ŠjË™§¶vTÒ'OMºüEuIQõ¿ýLg¶D|ºÛ0|´ˆx¾Ù""¦±“B†?6OÿyõâŸWÿÛÏÂ?ÝÝ™}sï’{’E\²ã?8D”(Ÿ ÃCÄÝèœœÃ²¡B
Žµ÷z¹iª¼?#õ;žÿ‰ØEç¿
t5F£ÁjQŠóÏètb2£Á`4ôºNËÄƒKµråš†l "±½bþejÌ5#‡ÍýÅ¿ûÝÁ`W'"~ÕåôlV)ÏË«?¨¾=¨®?ODÜÕ§êú¼µ%…§*M=ûõ
Wtg/TügòOzêeo¥A§±WlŸ0¥þ^^WEé©·µñNomIá©R¯½wŸèpE/"P+OVë{ô??¶èU—SÕYí–6ýWt-}Ì_tª!ˆHÕœëE¤Çñ€ˆ†?]ö÷Š›Ó]K³ýñÍÿ*[×Sn(â–·_•7ê×Ž‹É—?ÎÚ}D¢ªÅqZÛL#SE*eÃ.ÙÝ´µI¢xä@ÖÙ$PGI?{†Ê£‡DDân–ñ‘MÇË‚tI´Hö.y÷èeø˜ ³˜L‡Óew«?Ç«×éu:éœxàV=ÄƒKU—nºiRã?±½b®9ìÛï~ûÝÁkFëÌz¼5Õ³ö·Ád³*•ßnÞ—«³¼†p›§h_^øÐkgô-Ü´¥ LD¾ß·.GúŒšp?íû?¿*‘èP»·pçNë˜›F´Ô]¨ˆÓ+Jä˜³ñ Iƒ%ßQú&Ï¯xOlúèH‘Ù©s|{Dí›<gl¼ÔæmøŸ£ŽÐÈpã™ý»³®Ÿð£¥ÿüü»\ƒ=Ú&‡¾Ë±?œ?îøn]Q?Ó†„_è£ùKŠjß_a]ô`C6hÉ0|´uÑƒ®7–vÞ$„ÑÒ_/Žü³Ù@D
ZN0/¿¿V\ô÷ËÍ±"~QEn%?~]NOyþW2©§ìþL64»Ü%z“Ä’‘ûG‰R q&""q“dùMÒCDõÉÔÑrÓ6¹ãÓËø‰Àåæõù-ŠÉçø|>Ÿ? þ@[âA p©oDÕëõÄƒŽÛ+¦µ=‹N‹tf<P?ìØu¤~Ã>hÔÌQ""ª.rÆ-CÂE
wmûòD~eê?é3ÌÞ?*×L˜š$"Å;>)TRÇOlñŸúæëŠ¦›DDDNûÙ°èÿÕ@ø´›‡EëD
¾[ýõ‰ƒCãG…Å_wKœ¢EDNì[µóô±±ñ±ÇŠŠL½¦ß0,JD~Ñ‰äç:ÂÓg?("â—€^ª{„ÿPš]&?ŠRE”æwjÄ³c³ˆ˜§ÿ¼ñN}|ÿf§™§ÿÜõÆRoæWÊ-·_ò÷Ùá¢ˆ¨m?ÿf¹9VGåŽ×¥ §ül?l1Éc""òwÊ¤žr`‹Ü³¥•ë6dÉ‚kåÑòN¬Œ•ŸK\ýì÷{~"=\òÒÉgdÑbY0JnþTtm:?Á 3:{âÁ¥Š??®›oÐ¬— ®W¡“»Z›{P."öØØºßæÍF½ü¾fU–Õê¥èûMu¿×ˆËì1‰ˆ56¶e6{\œ¶?."JJKÎˆ„‰Z‘÷mnUµWÄë”€Õ'bí~ pÓgltT¿~ýz(Ò32Ú|dçúæÅD$Ä÷NŒ5„Ô£ð`nñ?ìÕ¢8ÏgóŸ<&"us‘ÏC›¬|"·M_Ø¥«¼˜l 2·?ˆÈáCR "gäƒ3"DDìäf‘‚=r×g­_Xý¾ì,ã"a!¢æÉK»ä¥úxÐ?\Ä)·Ý!·‰ˆU$T†ñ´ñàRM?:éÛïþqék/¿ôTCÂ}<Ytºøš‘ÃZö*\‰Œƒè£Õ?+V‘j1è[¬ª·þ‘8 "b0ˆì_÷uuŸqÃÆD¥,÷ób¯ˆHÔ?ÿšXv¦øTaÑ?7çùÑøúÝpK¬«´8¯°ôà7»²’FÍ9°¯}÷áâ<»3aðùâA«-z:Û9>Y’ãeQÏæsZ¥Ö…³ß«Z-j¨Ä%ËÜžòî™Ö®yi§¤O‘d¿|º¡ùÌµRÞÚvvóx{?¸Ê±jò¥ú—©×_3rXÑéâûîê¾žüãÒ×&ßø³º®ƒ¢¢’¢ÓÅÁ.ð\Â"lRYzZD$¤W¿pï©Ü2µÛB­?ÊRçþc¨§ò;ý"þÊ§ŠtöÞ½E<^U§D÷Ž´Ûl®âjWÝy¥…yn%*¶ßðQ#Gú++?RU˜W©·öŒ<|xz¬ÑQU-"Ê ¸ï™¯9ÏSC¿¤ºw˜6Þiý?OZÿÏ“?÷Ô? ï›ØÎ/æb?‘‹˜eÁ½ò§ÿ%¿Ÿ#/ýFÞ»G%KµWD$qšLj”z>È‡Èˆ1²`´L?,š«íW‹åÉ]¢†Ê¢;eü9nUð…|?#ö4}Ã©Èþ"Qbåæ)«—Y©­,¼Ðôt€‡üõ_lyç¯ï?.9Ø0¡.34îU¸üÔÃ7nØê5`þÄ°sœ9|Hxîžƒ+?´9kb²có‘µkŽôâ%áÚÈ„ç»?=Ú|bã¶=¿/`ì3:m¨"Ò¯ÿðþóÿmùÖ¤·ÇÚêæ1W–ìùîû¯?Fƒß«š{\—é+;¸÷÷[½FEïWuÖá?‰ÑÅ÷ï}$¯0ò|·1Ž»^DÜëþÒhj²/kwÝ‹Mö¸×ý]DLã'·íëŸ¾%æ9²h”¤?¿”Èþù`?Ü+©“å±ÙRVö6YÚS#‹æH]*˜ZßÏ°ã}yTäùkåùåÙ·dCk}ús+;Ÿ{Gz,”ñ“%}²ˆˆ#OÒ¥é‘ÚFçt]ÔÀés(ûdúÈŽyåþîïr;°©?I½ÛwmÃ’É±±Ñ±½bê²AÑéâØ^1mL?]gG‡øù/u/ël»´±?ÝûÍ9Æ­Ÿ“_UýÚ|b¨.?Ñªœ¿ë üŸŸíË?5sT¤OUJÓÉÄ^U5(J³é
-wTÕwö¶mç|èWµï¯hübÓò‰E$r«6Û·OÅÍé–Ù¿<ÿ‹MKûë?ôUÃæþèIç9ù"ÄËÔ0Ùp¨É¾ôR•ÕÊÏùé#D
d÷9ÆµGO™'9-Þˆz‰2—vhst_ûP:4¥o‡4u±\Ôab{ÅÔ4ªK© aÝ´+’¾ÉCºN¹P6h¢y6c‹lÐêN]{²?ˆX|VÛ§zñÏ}û÷Ôí_³=|Íöº¿}û÷T/þ¹>¶?õÁgÛÓú¥ËožDdwkÙ nGf9#[::€«ñà2ªKÿ2õú©S;èÇé+Bø5“¯?6ì‚«\úèØÐÿþ à®­¸9½æù‡|û÷è#{è#{øöï©yþ¡Š›ÓîÚÐÿþ 3—LèN˜{pyÅöŠyèÁ_»ŠŽ¥W¬¡A¼½qÔØðOw»–>æzc©ë?&_,³Ùy«¡tGÄt=úèXÛß´>ø¬gÇfm1„~IÆq×.ñ û¸øyÉ]›>:Ö<cnN@[1÷€†x@C< !8'k‹•-@÷F<hÂ¬(‡+ØUWŠ‘‰Á®t.âAv›âpÖ»
àJ‘6 Ø€ÎE<h¢WÏp?ê)8]ìB€à›"ã»Ð¹ˆM„„˜û'Äú<¾¢ÓåŒ2ÂÕllŠüêFÐ;Øu€ÎÅ²hÍ…ÚÌú÷:]RYVá(*®èÌ[[
ÏöZô)í¯ëÌ»us‘G&JÚ?˜lÀÕˆxÐŠ«9±_Lçß×ã:qvcõW?_ÀUåµF›Æ±€+ƒ‹hˆ4Äæ\ALc'»\Õè= !Ðhˆ4Äâñ€†x@C< !Ðhˆ4Äâ?1Ø\i*j2÷ú¶bÒ,"Œ"î£›}‘“C¢‚ZZ·RQ“Ukk
vhŒÞƒf¾Wo×§ý]ëÿp^åSëÝ"žÏnPó‚\™ˆ¸÷½Y¹¯"ØUtˆïÕ76{ƒ]š¡÷ ¥DÃ¸Éöº?Ç©Zô¸»$ã
IQþ“ë}òSì:ÐM.¨VšþÊ­}×ùŸ«5"æYî?bwöZ×_^ó‰H¢áÑeáC-"Çª_}Ö“uL$VwËã¶[†(Ráxãu×1‘Dý¢Ã®?ÐŸ·MçÛ7xãŸlzÆ¸\~ô¸õÑÿÛ7¸ß;?yekÄðà¦ð-Ìz­lWocñ›ž-“-_ÜoÓÚ.ªzúE™”æ[³*PR+7½h[0Ê,âÊ|­öokU"a£Œ?¾/þüÍU¯½äÏ‰büÍ3a,ê¡7?¯¯ÔˆDNV½_¿iž;úµÈI"âÞò€³ðWQ·ÿ¡×*2ÓÂ~5ÎèMçkïªDæšý•Í&Ò´$ý¸ÞÞ'¶Dý¢Œ@§þ# Mˆ-¹Un‘rÏ/ymó¬½Å×p°l½ó?åæ×>1Š÷èkUÛgY4Ê=ÞÿÌL«YÄ¹¾üîU5ý•e×›ž¨û#þ2D/R[Xa©yó6OÊ‡‹"ôRQýüãŽËÂ¢Î×f j³wK¡íùÏ,R[ýüPwVnÄ‚Mú¨Û\òZÔ-±Òjƒ¾ŠÀë;äÿ}ÖãÑ¦¨h•wÿmöW?S¤Öñêäš/Ö›oŠ0ÌùÏ_›?â?úZÅ_7{?ì~ÿYÝÿÞ5@Ä[äª²ˆ«ýÏ}Æ—?µ‰¿ªH5ˆåÚÉµÙáž”a–"÷';¤¬·óö!6×öõ†ë~m,[_þt‘é/›ì6Q÷=ëx~½ñ™s£’ü‡^ªø"ÍúÞ‹V×gÿ»F&wæ?*Úâ
5sEÙç}ïM×{oºÞ[ë3ÏùãLk£cžƒ›"ý»6;27×‹.ë{·ˆ>*Öè>æÌÜìÈ:&Û‹ü"ú°Þ²e­ãÐ1·S,½#ôrÌ³%QoÞ[“¹Ù‘¹7`þÞŸw?6EDS†EDÄb6Ê¼¨i‘çhpæ¯¬ñ-?ÑPCÆ8EDÄbŸr›ï^?ˆ?¨+ÿÞ‘¹¹æp¡äyEôQâûb­3¿B•Xk”ˆDêzï]¿¹¦¤Âk±‰ôŸlÈ_ë.9þ™·ÿK–›vx‰H¦ç&›†ŠçàæÀ-sí6eÔ\CÞzwU“’j3WéþUû2­Sæò?à
DïAKãM‹î·Ÿã˜ß]+}G™†õ‘4Óó“Ô:þë§ªüÚ|ËdSX­Gö‰ˆ¤ü:ì?ß×feºþºØy¿í¡H)?ÕKÓ^Ô3ìC]ÈùÛ”?Ýrî"+Zip¿ˆÍÚÚ»€"tÿÎ!:g­_Šªî›ç÷˜yRš¡ì˜ZwdÁ&ÃÑLuï›Îµ›?‹VEŽ‹}ê3×¡ž-ÏÔ¾{Ìðâ‡á-·KÍ®
WÕfÃ”_…„d”}’©V~æŸû«·»VÌgoyö6.ÉRÿ‰Ì?3®ü†Û&úèÉ?â
1%_ïó‡E˜Ã"Ìa"¢—
ÿÁã-3mñ¦ª
mH½³Ö5Ä>inÄó/vezdˆaÒfo¶¥î*³A?rYkmž£Œ?ÞRUî‘ó6ØÂZï??Õ½­µ&s­Œb–cþµãL³&‡DGèªŽÕÕ¬:kÍÆ…Þrä?]ß‹ÔªN‹uèä°Y/ÚÓÛw°HDÌ×fÈ'ÏÔnI3é?Ùpp•ó³ï×&jŸâ“Í5ÿ¿½»?‹ªŠ˜í? IDATÎû?þnaFÑñ‚Q’U`)‘MqK},jÁÒjxÙ¥Ñ¯ÈßŠîJ^+Ù¥µšÝ˜iî&^«¸‹7êfúÐ?Å2ÜŸ²{‰^¡l¨H$Š7A’3s`f~p@nEÃÆôõ|øGÍ9ç{>çç}¾ßï±Wæ7ZGxöjS„ç°8{îß›¢ˆòéßìª€ËÑ{Ð%=žký¿cŒïÍõúó\ïÇXfdÕÿäÇŽO¿Ð$¥»?2¸Ç/#M‹y)ºŸÃÃ[#""õŸ.»ò§/4#ÆÈéIúcOéá6wmÝ‹?7¾?ÂÍëû·?Ó.{Þ«åêùÞÿÛ±M§exE'Z~9õÒÇý5OeõéØ`§å'¸Û¶^z¡VcÍ±{-óy{°È`¯µ²Ì]péGõ]o?ˆÈEëÚ¹¦Šþn=ì.y¼=W¿°¼’b’nýëíŸ÷×þ¾Ÿˆˆ!Î#pjÃ½å>""ƒ{$Ô›r}îm>Š§XO´>(Ž’þËVµë ðŒ^ìUøóËI»Ü/HôT‚)ÀmHc¶(.Ùñç%g£îî–¦
>+ï®¦®­Á*žÍ×à?Öz7¯n?,mb·ÖÛ½z´M`õ?=<;eÛìÂj×jPDD.~;w®,ÞÙ«Ç
?lÛñ(:¾rmŠY´ºÎ7Ö7xôàÛÐÀ?§/J>+:°[šºQôÜ€ÖWÉ^í't¼†vv­­KùŽmvaµkgƒkWèdÛŽGqCÙ@äšÙ@DÈ·1âÁ¯Ÿ÷›’^]Xw=âÁ?Ï³WoW—€&ˆP¨ˆTÄ*âñ€Šx@E< "P¨ˆTÄ*âñ€Šx@E< "P¨ˆTwB<ÐhÄáp¸º
Ü½‡Fãê"ºÃ?¼´žõõ®®w¯úú/­§««èwB<è©ïQwÙâê*p÷ª»lé©ïáê*ºÁ?úöéYUSÇø"¸„Ãá¨ª©ëÛ§§«éwB<Ðëzøöô®¨üÆÕ…ànTQù?oOo½ŽÞƒÛFP ŸÒÐxúl5}øÞ8ŽÓg«•†Æ @?W×Ò=î?x "!Áý59^|öbU?Å¢?p‹8‹E¹XUw¼ø¬F#!Áý]]Q·ñpuÝ)(ÐÏd®¯©½üeÅ·V¥?€€[A£/­gO}?àAþwÆ˜¢wT<hš‡p‡½CÀ÷æÎ\à;"P¨ˆTÄ*âñ€Šx@E< "P¨ˆTÄ*âñ€Šx@å²x ÑˆÃápÕÞ€Û“ÃáÐh\¶w—Å­§g}}ƒ«öÜžêë´žž®Ú»Ëâ???¶î²ÅU{nOu—->>ZWíÝeñÀ·—®ª¦ŽñE@‡ÃQUSçÛKçª\×{àí¥óñª¨üÆU·›ŠÊot>^>Þ^®*À•O.ê?¡ÞÚpúl5}¸Ë9ŽÓg«ë­ýï1¸°?Ù¢¸p÷"rák£ùŠÕ¿¯¯oOï=<5.œ§|¿G}}CÝeKUM?ÎÇËµÙà¶ˆ"rÅb­ûÖ|åŠ¢44Ð‘€»‡F#ZOO­o/?Ç]­çvˆn|k2ñ€Šx@E< "P¨ˆTÄ*âñ€Šx@E< "P¨ˆTÄ*âñ€Šx@E< "P¨ˆTÄ*âñ€Šx@E< "P¨ˆTÄ*âñ€Šx@E< "P¨ˆTÄ*âñ€Šx@E< "P¨ˆTÄ*âñ€Šx@E< "P¨ˆTÄ*âñ€Šx@E< "P¨ˆTÄ*âñ€Šx@E< "P¨ˆTÄ*âñ€Šx@E< "P¨ˆTÄ*âñ€Šx@åñyÉYW×à¶ 1[W×à¶Àà"*âñ€Šx@E< "P¨ˆTÄ*âñ€Šx@E< "P¨ˆTÄ*âñ€Šx@E< "P¨<\¹s‹Ù¤´þO½¯ö;6i­37huzïïØL×Ø“I¾{Íß±q«ÉÜ Õé»·Š[zhÎw×à©×y¹ß’2¬ÆòSåFEDëÿ£¡ú´ßK×Û©3KÇ"›ëïnz³IñÔwÒVó±hû‡Ú¯£.õ2„Ö·«ÓRYzò¢IDß?"d@§…ZMfñvvŒmšªª(;ScéÙï¾!?×;Ÿå’[Ù±Šxõq`×ÞÜM‰F?©^ôz‡“Ev?éŠF<z/gK¯O£\Ñ(îÍ›×Ö¸ªÁt¡¢²®A¼z ïüÂÛ^ÿõ¹ÓF³èü†êëÒës?Ù¢taµ[âÄº)sööéç)""çKjM¾?sR“'u¸²éª¢ôñ/oŸþÚ?çDto©ÎÏxè9Yw 9Ü•?We/L>8>ãíXWì½›Tç¼0íà¸+ãýº»[å'«_{3ûRÿÐÞ^"b¼Tª&¿²äé}n¼­¢ôñ/ËšÝ)Ã?ÖŸ!»ç]0î]ø‹ãþº2ÎÐ~AÁ–åoeœÒ…ôói8_bxzñfFx©‹Í'2çÏÛa¾w?NlæÓçîIúÝëO‡êDD,åÙkW¤í7ß;H'"ßœ©RF%g.‰èð[fý<cæ¯s¢?cKyöºô|ïñ?í'çO:pØ4"©ÓßÙF·¿g¹¿]&ýz‰VD¬Rf“™?Û#ì7|^¾ðˆÙ*k^oÖqQµÇKïj$Æ¶|ü?7+"â¶÷]÷D4oÞ¦5?bÒH»ÖÅÔ€ ºâì÷>É«öèÓË]Äv¹¦¾gtüoâ‡:¹‰]sdýšC^ºž^Òð­Y†þ,eÆý×ñqõ½Øù™­.åM%9éo¤Î®x-sNËEÏ‰˜µ'+I«ëÎ
ñCVº}É«Õ2³Côê+¦’œMÅ_ËÍÄƒÎ&,Ý3N¼oížõÔ±ó1+>ZÙ|!~n÷‰Ë6üäý¦Kyë‘õóöE¬Ú‘©9¿wáSK³"·$‡kEª‹N’?ÈŽ24mh*Hÿå²Õû¢Ú‡KÑ†9"Ñ?U`)J_rxÌ+io4ŸLƒ_pø˜8SaÆ«›G/›ÙñwVSö7÷7êëÚ†¨wý5¦2÷÷¾ÔH÷æ÷¾¶—jÄ³›nö·iÍ-s¥›<iŸóãîip÷°œ=mŒœòê¨?ÞMúÕ‡Öþ.ûã°ùS†´]Ï~aÖ¡ÆŸ%.ë/"b9µ{Mö¶#çF·¿Oø½¹½æèCã½•°}ÙÚ‚›ìÓðòý¾Fá øð‡µÓZ²AÓÏXÊä°nÞ?»VïÛÝã»:ð•¼(¶ÕMúcÆ?R**«DDÄ|x_^ÈŒ)‘ÍGû\ŠoÎ¾BEDdÐ”E3›³?ˆè£Æ?—üŠ‹m›7ŸØ¼:ÿ‘)Ó;Ý¿9Ã÷.HŽÔËùýis&?ñ‹_>ûèä”´}•ž#’—ç¬=bî°‰Û‘2ù¡–l "ý?Æ9?Ø¾Û™è¸‡^oï¶±@ÝÛànåþèÓÑÍÙ@DüÂF”sÕÆöë?;‘g<vtó=;ï¡??\‘âëïµØ6\Ý{ÐQ¿¸„É›^8R”%""æŠý3¶åçŸ“{GNLùÏ¤Èæñ'ÆÂ¬5Y¹ùæ¾¡aÑO$%?Ö»×\µ0?jå¢ñ}DDlUÇ²ÒÓs‹O[zG?–ü|TÉ‚ßKêúÄpã?
¢–&(;ÿ{Ç¾sß¨Ñ3~=;>¸ùî¯±`ûº­)¯ñž4#åêÀ[í±¬ÕéŸÿqS“žíälU'öåìÜèèÉK2 püÔ”¹±Á^""ÅÛg§É®)hj¤wôcÉÏ'6_·u±qkyÎÚ¦²›43®Í2Kù'›7mÛßºqåDVjÚ•¤?ÌŠj¹¹k-ÌøÕvÿ¥+§µ>?Q£gÌ™?¤“[àÕ[~ŸñññK—ýGNxò¹ijÙÍgR>ÌÌÊ>ªÜ72¡õ™tR?¨oëÞõïl;|¬N7.61yÒµ~"cÁ–´ŒŽ^’aÿ>wþÓ#úˆT}²|ñ?/¿Ø²Úù½//.ž°jþØvY»Ædq~ån:“·ognvaqi?.dø¸”Ô¤È–?Õã­ªñŽŽ»z¼ÒX{lKÇ·¯é?Í˜>Läó¬™¿—Ô7C?µ¯YÄf®8’³3ç“£Ç«j|ýGNh}Bn‚ÑX!ý½EDäËãûµ‘S[-¼7BÒO§Žêx£Þ\S-!ÃÚœ'ëñ¬7‹â–¯ýpÃnç{«Ë?ØûÉEýÄz<ã7›õ‹²Þ?Ô‹ØjK+¼D¼žòoËGu%b¬×ˆ8½ÔÖ˜Î»åîwÛ[)eŠñwÌ™aÑ»yÍ÷¬÷Ýr«¤F+£Âí¿Šµ5µl½äžµÍm÷E™Û2HÉ}ÇÛn2¹aZˆH©Çì=òŸ³…W³»?9æ¶ûSMa•Ôh%2Ì>o²ÍY×­ÚZŒÑãÅh.ˆÈnÏÂlÇ›Ï4Dc,rÿÃÍ‘jéëçxâ1{ìà›Ñ¸4–}¼eGÃ˜ñažÍ/5´ê@¯§çŒÐ~e³±FúôìÕîUcåK@èàV—*žýýÔ|õe?Üã{k«ïÌíÕ{ ""Ú ¡Ár¦Ê("¢œÈLyvÿ=Ï¼µñïÙWý‡düòõƒu""R¶é¹—ŠFþ:}Ïþ÷3—=yoaîqED.WWÕXDD¤öàò”Ÿ¦¼¹ñ¯\=wÈá7ÓrKKšopZjK²ÞÌª?4?ýƒ=i)ƒŽ¯xiGiÓ=Íêœ×žŸš¹k÷GëS†½>{{qsƒ³|˜ò»?ýãËI~y¯¬Îw~eŸì¬ðŸ:õÖí·¾:E6/jîQ¾)©ú0mÅ¡I«þ¸ñƒe•mËÞ9P{ƒ?oš9s‡³pëž?ë5öÂ–Û*š)E³íó{rUÖûÏZ9Ã}ë“ËóL¢?Š2eý5¯®¥‰Ú¼=9Ú1QA"Æ}ÿ}õ×“æ¯ÿèÀû™¿Ž8ñZÊ–2g;½˜óÂÓkÏÿ4uÍ–?[_M\ôÖ“k[[?ÉW·|=þWél_½(FÙ6sá®3×¨GD¤4+%q›2é·émIŸûÓ¯3–ï¨p¶[Égy^ÿäe[·o\7'ðÐK³ÓŽ˜Eü£Gõ;¸9·´å6´­8wsqøÃ£Û^ž†ÅÏÍ_µpÅž‚Šj³µý=ëÚ£TF%­Z³ñ£-+ÝÿÅ¼Å»Ï·>ÞŸ¤¼½%ëƒwR&]É=p®¹šµNß>å›’ªošÚ·™KKrÓVîŸ¼lëöôU±ÖMóWÒtòMG?Ü¯D'/[¿%ëƒwR‡Ÿ\öRve§Ç}=ÖÂÜìº±ãGhEDª++dp@Û™úÞ:Åi'ÜÅO²÷Æ?n•%,Þ(šºhZÐ5²Jy±~x˜ˆœúŸœ –n
÷>!Áþ""îa‘~Å%íwg‹}XŽ|ì¾êc÷35nJû«hMá·†Ûß|Î¶çyÛƒ4þä~¡iÉ×/½ëv!Ø¾üyÛÖdûE“wAÓ´Éº÷4ýãm_°½!ïípÿû·j[5ßJ?zþ¥ì[Íï?®frË9&£âmkž·mM¶ßwÖmé'Î?›Z3Œ°¿ó+û‘mïüÊöÎ4›AÄ˜ç‘ø7™ðDã__o\ÿ¸œÜîžU¦éü¬îlCÂÖç-4µ¼b.ÌÿÂsØ?Ù@,¥Ÿ}Ú0xxHû[óÆª¹Ç oý’·®§Øœß[û^Ü†ñ@z¸7°êÜÍ[¾¸pZˆA+îZÃð¤Ô©ÅÙ‡ªDÄxê‹ŠI?OÖy¹‹—_Xü‚äèvcŠÎänÞöâ²äÈ:½¯.`LJJlÛûâuÃŸY?>@§÷ŒžùìÄ‹E¥Õ""'vnª˜±0uL —»ˆwðÄ9‰÷¾—wÂ&rîà¶ýþ)‹šôŠIM™ÐÉ¨ÐÄ¥sâÂèô¾:ý€±“Æ+‡KÊ[öŒ}.%&Øà«3„N›õ”î`ñ—"]o\9–“s!aöüØ0ƒ¯N? âéùOÜÛ<HÄ¸?kKpòÒ©a­ˆ¶Oøôä'Oþí@µHè„éÃŠÔªë?;¸ó@ÄÔñ?b+Úºº2é·©Ñ´"â<!å™?›r‹œìôýMGc[ítaòÈ]kþÒ$.œ1¿éLú‡Ä¦>ŸP•¾û°õõ(‡³ß3'ÌK?õ×ûê†'¾8càùN”Gf¥Nä¯÷ÕD%¿<Ç×æOÎ‹èŽK¨ûäpsÖÂœM?¢}/?aÒÊ^gýÇÚÙÓcbžH\ðúöC•&5'ô7wÉô1Á_?Þ×?dü¸èÏ?Ÿ2µ:ÞÉ¾:½_pôÌEƒ®ùöµ§‹Ÿ“2q?¿Þ×?dê³IýŠÔ÷ßwlÊ’ÄèAþz_?Þ/lÒøÐEå&gÛ_Ÿ©`Ãê¼ ùOEv>¢éß?¢\±¶{ÕV™ýîÖóO'ÿüêç–9Ý[O½ÜrŒN«ÏŠ‡ÚóÔÏéì¯kêÚ¿dÛ˜õ¸ÃZâ–ò;÷Ø¥žÏ¾ë¹£ÀÝ¤æûÃO6L‹²ôv½Þ>äAÇ¨Kš2“ˆh
s5…!öy?Øúëíú¾¶QS§T?#c'Û~6Ð®×Û‡ÄÚŸê!¥§?_š;_­WãœäÆQíz½]ß×!ŸŸu»Öù÷²ëõ¢Ñêìz½]ïã»ûûûå©©¶Qý"íÀÆ9ãä½‚ÛñSð=º?æžªÂÒæÐÕGóÊüÇFvøCy¥øãÝ§üãÆïÊPdƒ466t±]tû.¹|E½?µ–ç‡úO:Up¬yQÍe]þ•‹"þ†¨qÑï¦½à?4ã§a¡C‚æX/œ-ÒªS&(¤í(‹ˆ°Ð–­ô½ûJùéj‘~•¥…ÊÐ¦cÍËjÅòåi£­,?:îÅVa0dx§s8›"yétQùñ"9qõZ?<äê]Û3JQ•QD×ÕÆ«NŸTâgF^?ê=BŠˆ(%Å%!~K¯V~é[ß’o/ŠøNš‘¶óàù˜)"¥ûwg.™è+r¦ä˜åG“.kÙÂ(ÊW•F‰0\w§£ÌËkeH‘Q£G^=ÏÚ?ˆáÊž‹5¢TtV?åìËèYW?ô÷EFJ'½%2.²Õ8«€û¢VW^´I€vtüŒ5s>>ü¡£½¤6/;oä3!În~¢—F%Šˆµ®²¢ 7}eÊ¦1©,«›b<W|ºJ±V—?UT!rÙ"¢¯:}R7c¸ÓÉñNß¾#j"B®^jArüb•ˆ¿ˆˆR[Qòe?õÊù²âÒ¢J±™nf’?¥(ý×o¿ø“š?}œøù_‰Ö§ÍQØª²—¤¦k“2Ÿ¹:?Øt íÕê¤Ìy×yæ’!ðG¦*³ˆ®°níñâ”íæo(—-œÌ¡rhüíÒô 3Enø›ÛŸ‹dëL›^Dìã9·ŠZQŒš“ç4gDL½[Åyyèa‡³ÏOGÈÀ«Ó=å¤ÑéÈ¥ÎW³º?ùJS£ÈÅ
Í©3"6¹±óNSh—õn…-!ºV”*?³ŸÀ]Â?ò!ÿìý:rì="g>=yù§?>¨o»ŠåÔîô½_‹ÿÍƒÎþ\¸‹´àPg<'þžNÖý~Ü†÷½jK?WDD,í';ö•üî¤?""~qoïHKj>úaúsÓ§<úJÎùî™îh2µ¿:xêªÄH_i°˜ÅÇ³Í;åÑÉˆö¬x4!m×¹K"½ï?ˆíÂ³.»Ü¸ÉT'ZmÛEêÿ5(ío„ö3kñcƒDšîµµ#·DD9œ½­Ïô˜0iz¾~ûcýÅ»ÏDu˜|àl§"bsžjõ¾}äJCÃ5êQÌ&Ñ¶yX¾»¶«ªÒ÷î'JÓ0¡?˜i!»ròêDÎÜydìŒ˜ëœh/ßÀ?˜¤wWOØû·|£ˆ­xûì§žË8v^/¿Ð¨û¶<ÜÈT'=½oÁ/eYÖÌÉ©ŸVYÅ'`Häð7õ¤#Kù®×—å?iýHSCàPï’ÓmF*)—ë”¿VC¶ÚüµÓ$©Í#MMyé+?xWfoÎÈÈÌÈÈÜsBäÄ‡™yíûs†Dh?ZEB&%m[™¶¿ÜXg6žÉÝ²§XDD9vTußµæQ8´zû?1?ï$9úåö¿5"v÷o{<Ÿ­¹¨ˆÖàäh9fEzjoA—j™Çìåî™'5ŠH¿ GøM<¼Ê*í?’ÚW=j×w²:àn ù€ñä§"Jñ?ÿ×+æ'ƒÛ,¶\Øÿçì¢ÐNi*ÒÏß_*ÛNX®·~+½zúÜâº;wÛõX³6œ>+LDô?ÎûFD9A¡?™3-ÅV¾ý×©Û&¤ŽººÐ+08¼$÷è™iAÍ÷qKŠŒ»ÞþÝ'‡´ý"£Û/PX\a‘€æ÷ö|y‘8y@cmþÞÃ!s3Å7]­*Ö\ÿ¨õ]m|`Ð}²¹¬\F«/(å¥E"ã¥é¶îéý}QQN.µµ£§Ïyï©?O¸/g×¨)5uSô¾O
´ý£";Ž?»þNµCŸi¾/*>­Äµ|CWéñ|œÝWtÖÎêq¾OÞ+­?Èæö¬ÅG;}oŠJÏIxs…¦“ÇŽõNiÚ×€¸ä„­*ƒêvg,qþCbëpgÝG§^Ì•äe”?]µ>)²i…3_‰œ‘à¡£$»¤\FuóŽNäí)?ÿ¯Ì™Msî¥¢"CÎÜ`¶ªì×íô_ëgµ{ŠhXT¬vEë›úÊ±ü}ºñ¿kù16ŸØ?úÛ‹“ß{½Ý×ô™æd>±ÚÑÓ‡®Øp|dÊð¸··øïzoÓ‚÷/êƒÆ%Íš b>‘™ðØkl*?"m/ô{ˆzþK5™&ÇòG4Ý£8ÛòYd2Èmo…›DvóŽ>ÿLSj_?UmöÌ97ùæú[õì!—š;úÉ?E<ým#úuoi€2mXÌÏýþ‹Çüèè¿‚îÿEë©€vã¡?oÿŸ{b_xÌy6ýà?þ{¾*3?iésøº¤¬vÈýƒ¿¯/§íÈÕ½Ê%S?Yýw®ø“-©“çç}éå„¦ËÁ!q³F~g]žQ?t¨œ/Èú¤LDÄt$'ÿbó¸ÅøM?VëÓö,˜˜2Ýœ¶xÅ®ã•¦êòc{V¤çvå4ëFO?»¼nÍ®²æ»„uÅÙ{›DdÈ„éÃ§oh.æÜîµ™UÎZèÓ?öÄ©â¦îÖò»öta·]m\7:vìéÌõjy6ó±ÌÌìæe!“Gî]¿öPó†JÕ±í9-“wÆO‰Þµþ…ÍÅñcÕ?ýè©O›Ó×î(m¾Ío*ÉÙu¤VDd@`´<Phn9'Ö6;]¿kð´G®Žù9œžYÐt¼¦²¶5$ÄŽÖ_£ýèÇ.eü±y¿¦‚ëw~jª26ìV»†ªó26…Ï˜¢.ÒF>gÜ¶äÕ–þ?vLy+’Wì):_§þ¨XÏmywë‰˜ŸGDüGJqiÓœh[mþÎÝ¥­šõÌLßò¹ú3`<”“ßaTýMè?XN–T4‹1oç§oqçlUW-\qyò‹OüXLÍ¿5ê¡i#§L3d®Lk:ÛJUþºõÙ#ãÕ÷È\šµdÞ¾Ð¥ó&öºº¡ÙjÑG$ÌLN¾úor¸HøcÉÉ3Çt¬?vöÈ¼×ÒU‰_TÂü×2×g¼ûRb¤¡êXfZvXŠ“©&·Uox¬úØý‚I?X¬\tÏú@óy?ãÁ¾"}e„hÊÎjDDìnGhš'’8FüÄáyÌ-«¸éÓIc,ð8òm‡Æo\¿¾"4gEDä’ûî–1‹b GŠÜ.8y‘cÐ=²ç37“]Ä®½íñdýN?²æ#2•yìþ—›ˆ˜Š=2wz|~“SI?l÷DÞô¯ÿ—ž[õÀƒ÷_íR¶·ýewýýI1¥Þl¹Òô¯^DäÊWyÙå}eiÁ<¯IDATñ{ð‘ˆªÝ[óÎ]‘FÓÙ¼þn3þ~vM»º÷`WÚ£»ÔÿÔúù‡?·|GZäÕÔå?qÉ
ëº´'cÒÄO§T7ô(îùTÏÞæ}¯=õÂ9]H?9FþÌkËÚÏ«.|VzæÐ?›Ó_Ë–~‘O$-ŸŸûèüëWä5,yÍòMo¾ølšÉÓ 5›´?ñ3S'Šˆ&,[lZþÖ/bÒ~¢M~wá„ƒ/9i!ü™×’—¼ühÂÆ?Ñ†=?­Óaõ­tµq¯¨Ùç­yõ¹Ät½NkÒ?_˜œúÕ²ƒMËüâ–­•µ«RzI~bTtã¦Î}¾eKß±S2æŠ[zuþ®6ü™´UY+LË2éuÚêíðÑÉóÇ‰ˆ&Ìš›;o~âvûö¾ÔèaÉo/L{íùÄt­N[Ý 3yÝ[­žrñdJXî¼ø·¾Ñ‹ÑÔ;~ÞŠ¹QÚkÖ£?œµ"uíŠ9ñ;ô~bò?\:÷ÉŠù??¤Kg˜W$<qZ+Æj‰œ¹xy|«Ž?ÐÓ»ÓÂ'9íÑ?MyGÙ´iõÌÕµêe›·.zÆ}?¥¿¸ù¯-žûÄÖ½{*úÇž‰‹Þ£Ž(÷–¼fõ¦W^LÌ¨­aLÜ+ÝÑ‘`˜ôü'?Ÿsï ­µç„¤©¡»
º°YcAöÞZ‘sv´z5NýVéAÓVý·òÒ‹É©5O^·¤¥[àË}Ê)ÿíôÖ1,tQÇ¯©¾6÷>ÑsW†d­XXdô£þÞ"u•‡k‚gý*u‘Ó?Rzûœ§5ï}ä6ûŸnjÒr“QØ³³éEÄÏöÜÏÝ_ÉôxßGôv‰çUªÎ3Ö†ÙÞ™æþÆ_Ü3ÝEÄp?ã¥!Ýðt ÃXÛ+î³_÷¤ÅËñ?=ÍË‡?µÇfº=µÔsÈûúØÖÙ~Ì-f“Ûä¥n"òÛß4üìqÛò=î/¾íaòO«xõvÌüw‡ˆ(5Yÿ’þce#?à.¤¿Ìy.èÇ­.­¿=uèóz‘ÏÒßü¬ÕªC“ßˆ¢TÏÿBú>8v°N¤Çði‰–¿ì^ûÆÑFñÔ=0ù?¦vå%ºÆl¹É/ û^Ù“©ÁS¯órïøºè}»Ôûb=’“90ký´ .îÔb6‰³/YSÌ&éÂw`uqµ›ÝÊZ§xuvàŠÙ¤xêodßÖ:³t<½ŠÙdks¬&³x·YÍ¸wá/ŒûëÊ8Ã5Jê¬›bR´]ü»Ž»Q§M^£}kcÊõ`5™Äù9¹Æ™t¾ÓïèzGÝú”Þ„[RsG?ýJ:§Q®hqè}:Î(Ð(&Ñê?1‚rE#Z»¶{?!5¦FÑ÷pZ‰F|ìZ']ª+Ñ(&?ôèîÚw3{½Åêáííú?-®¯ KÜµÎ3€»VßéFÔ\»¾fìS“BõZ±^Ì[»6/|jzW³?ˆxëœßÔvòúÍ­v³[ušš¹ÁXâåëìîo‡b¼ô×šMÛiI?ÕãÞÕlÐÙ®MÿÈÙ5xÚû]xH˜—^×ÙìçkœÉkïMº‘£¾·¤æŽ:û•tÎ¡õqú$¢¦)Ë×Úê¦Š»&‡ÞùÇž£“”â´’k¬ÀMqëá}+¯ºînFŸ‘?DmÚôÚ“G«Œß>ã¦¶—‚náÝ'ÄÏUsgªò?\L˜1®ã(ù6WžRp·û?.pë¹úÉEnÄ*âñ€Šx@E< "P¨ˆTÄ*âñ€Šx@E< "P¨ˆTÄ*âñ€Šx@E< "Pý­læ£ç±ªIEND®B`‚' height='200' width='200'/><br>
<br><img src='data:image/png;base64,‰PNG

IHDR
1K«Í/sRGB®Îé IDATxœìÝy|Tõ½øÿ÷lg2™Y!„@ @!±,VÀb¡P(.J/bû¹ß¢ýµÒÅ¥ÚZ¬ïÏÒ^¥·¨Ô…+ÊW+¿²T–ÊRHX$B!d!!3™ÌLfæ÷G>Y[™Lòzþ•93çœÏ„ÖÇyå|Î9:‡Ó- ¢ôtä…< ?ò€BPÈ
y@!(ä…< ?ò€BPÈ
y@!(ä…< ?ò€BPÈŠ1Ð©vº*/9ª«Ýµµµ^Ÿ?ÐÃ:ˆA¯3?¡¡Zxk¨ÅèáˆÎátvç‹Ë½^LtM3étâ§Ðmèt:¿ßïv{J.\2t}zGx<?Íƒ3¥Q¶°0U€îL§“ª*gùE{ÿø^?Fóà|qy˜Õb³Y5 S±Û?UgÏ!ìÒäj§Ëëõ‡…Ñ€fñzýÕNW °<¨¼äˆ‰îÁœ" ?ß/1Ñ=*/95€À?=¨vkš)P{:'M3UWlþÀò ¶¶V§ÔÎ€NJ§Ó¹=ž@í=`yàõù™Y´à÷ò8™§&PÈ
y@!(ä…< ?ò€BPÈ
y@!(ä…< ?ò€BPÈŠ1Ð@p³þø½}%/“ï]4¡o@€›Ðeò dÃS‹–ï½®?Ž}jÕËScnùˆÚOùgO}ç¥ìúWÓ^ß¶(5°jÂ]°{Íš†±É¼;È€ Æä"
y€vUèà&t™ÉEÍÄ?›<y°v¥w£ã­;œ®Ì:rþk¯¸E.æeå^‰6:Døõ«®™wÍ]TW/slZz¬ˆHzF ‡€›Æä"J×<{pcÜùY»wïÝ¿+ëlÞ™’r§h½b$ô3iæ÷¦¤EZ[¥2w÷¶?7l<~¸Ùç§Þ;.#!\¤4sí§.Õ6úŽ9³‡G¶ÜBéžµŸfÕ&2cÖœô¨[ðÕ¼ŽüƒÛ?ß´eÏñ‚œ3n±X“úJ½{Ì”IÓR{]q¥òÃ?ütËžƒ9¥58~ÔäY§?O°l_½±áEÑwÌŸ=Ü*"rnÇªÏ?×/Ž7wVªMZ_n©ÈÙöÉûŸíÚ´¤Ü©%dŸ0uþm­þ†Ý;œ¹›ß^ùûµ¹öæ‹Ý¥%9¥%9™û×¼ž¶ôÕ§f'6?LïÈÿä¥G^Í²·úyÑÒþå‹ócµÌ?kŽÕ¿?3æO³âšï"ç³?¬\ãP/&.yà´?+wã«/¾µá¤»q‘Ó‘“?•“?µþõ·’æ,}eñ˜–ñã-ÙþÊS¿ø¬¢aAùÉÜÍ'Wl~ûãEÿ1ëÒš?kë—?í3KåAùñ5k6Ö/NŽ›QŸ-–??ßµüwkãÎÏÜ¿&sÿú?‹V?=-ŽBèºf”åfÈŒhý½ÐþÃ†Æ˜ë~6”þ¤e4S™µâGoôY¿t¬E-(ßôüC¯f»¯¸‚»È«Ù$~ÊÜQ+ŸÛ¯>vlËžs³f7}€{Ï†÷ëÛ@´ÙÓÇÛnàË]×Éwüèº#Î+Ž3gÝòï?[ôÎMÍ»_[ò‹ÏZûrÎÜUÏ¾×Ê×©`Í/]XÔÊömoýyâØg'^vv?Ð5ó gÝÊÇÖ]á½Ñ‹þöÒ4•Ú˜é÷[×¯vˆhß3ãÎŒ¤^¡"Rvòoo½ž•_÷çŽ·7Í;3^DÄ{|Ãê†6Ð&,þå?¦ê!"îâœÌŸ~ºqó1Óôq)"b»kÎÂØý«ÔqÁÚ­Çg/Hi‚}çÆõî±Ó¦?¼âM–ÚÈ?õöóMÛ@K?2ó¾)É¶Ò#›>Ú¸¹þOøî]«^ý,ãåéên×áw_ý¤IX¬cgÎŸ?#j-GaÛä(,±XÇN™0$\ìÇ¶¬Ïl<?°yçáÇ'¶  ºf\¿¤oÎŸ?{jZ\ÓCôŒŒa–%s_-¨{udoVùÌø()Ï=Üð'ð‘üh^ZýÔÓ§&¦O]øèáã2XDD)“ï?_U¿…Â÷7˜—’®vQ°é£¬†]MxxfR{O­±ïüpÍ™†WÚ=O¿ñì¤º?ÏgŒ?2mÔÓK–ïRGç»ÿøÎ?)KÓ5qØ²±IÄ/ú?—$[ë×š<êé¥k5?Vd÷5ÇÔÚkZ”®"`ÎðçúÕ¶ú·¶Ï{z|çy4@wÖíï\”8mÉÌæm ""q‰i?/¨ãæ¦ÇñwïÈ®h±VÔð”†‹â&ÎšÐð†sÇ§»êg?Ù½¡á²Ëøûîj÷y5Žý»óC†>ðð¤&»0ÄLpZã4!çžÌ“u??¼©ñSÚ¼EõmP·V|³µnÜ„ç¤7ž ˆ5.¹É›ÅeW›à€ŽÓ5Ï¤?ºâÅÉ½[Ï`j9?Åë.?w<ïDvf~…ˆØs3?”Š8/6~ a–NTÚØ¡²[Üg¯|ä¡•¢%$Ç'¥?5røð””„¨&?>þ¾Ù«¶¯Wqß¼m÷ã'ÛDr¶}œSÿ‘¸û§¥·÷Ä"‘³ùG_h‰-ë§Ž—?ë/2vŸÈ/‘¡1R^p¢É…
RµÜj³µnTÌ¨!Í*(ªÏ ‘†Û Ù«œ"Ì.èºf˜Cm¶ðëzvoáÖÏ¿¶ãHåun8~ö3‹v?´jwã‘´;?;7?;wóºu"bË˜óÚó“ÔuÌZú}¤®ëHÝ«mo:7yv¯¦%§=<3åò}Ü4÷¥&?êÛò}CkEâmöªgÏË~{­®u½"5Ëu|
?Ö­'Ù·½ðýš´AxdÒ7Ç/X0mÁ‚i¦Ä·¾Nì´—×­|yñ¨ôÁÖË?—í™ë¿°±¼áuß÷MlxQ°vëñò&%k³§?o×ïS¯é±x~yùÕ>ÚÀbkúçûü‚’–°_,k—Á ëšg®OÅîMû.¶?›óËÕ‹3ÑuxÕšM­¯g‹;ïé±óD¼n»½¤ðÄñ#;7®ª¿Aª{×ÇÛÎL›Ý¿î£‘ã§?×¶í¨ÛKáû«ž˜[¿ëÂ{Ç˜oÉ÷ê7p¤È.õ¢0·Ä.)Ífîåæ4yÕ'*BDÄ30V¤þ´Ãî½Yö©“›®eß»eó--:‘î|ö ¢¬ÉñBbÿ¦?ïÍ?žÙúJM'á4[x|RÆäÙ?YþìÌ†¥%…M¦*™GN[Ø0»Ç™{ á¢äÑó§7½:·=E&?Ši|µõ¶5à@ÎÖO4¾JžRw$eÌ´&Š¶­úÕG¹öú/ëÊ]÷«W²]]×<{?¿óƒUç¯8W>úŽù³‡[E"{Æ‹ÔßtÿÎÌÂ)êa®Üu+W_6»FDÄ±ýÅ‡~ï¿èþY÷?77ä„óøþƒŸ‰‰k:eÈ?2ýÁäU/e7ßŽ6{Îä¶>(yãâ‰E´„äˆVN>™ûÊ“ÆÏû‡Uõ7Í^þÓåò‹GîivùdÕn¼áRÓNISç?]Ý°–{÷–~gmÌ€(¯#ï¤ãÊO‚@×Ñ5ó p×–5»®øîØ>³êò`Ô]É²K¸»w­úþ¼?ÇŽK‘£ûwŸt¸-š&î–ÇÄ•»7mu—Ë–å»¶,±õ?‰³ˆˆ§0»¢ñÎœC§?éßl¥¨Iß?ýÚòõM`Ü?Bsçg·0n‘^Ó~òÔöý/Õ?ÁíÌžå?ìY~ù‡-É?»¿É§k‰¸KKrJÕÏÚ¸äQ»²¯ý|³î<¹H¢¦<¾l\ãaº»´dû';¶Ÿt¸E»çûÓF]öyûÑÌ¦ÇÇö3%9Ù%9MÛÀ’¼ì™Y-o$ª?™~³?}pZ»?
­…¸©Ï¼þpâÕ$<mÙ½tO¯k½ôÎÓc’ZÞeHKš¾èÍ§ç'4]f0µçpÐ9tÍ³×Ë3ý…7lX±âõý9Ý·ÄLâ™eiYOþ¹åÇmã–ýmÍŽMmùh[V~‹{¡Z¬cg>ôð÷''µvÿþ¸¾ƒDêçî[Æß?)¦•µ3kÒü½å­Õo®ßÕ|jPxü=÷/|tNFTk‰7iÙê‰ùwïÎ*¸$"='ŽŸ«5Ž_DDú´ûÓÜx:‡30³Ê?eŸšÜ/ »n…ºQ‘ô¹-!Öj¾ž?í;vwEá‰"{XlRl¤Évåµ¼ë]²¢þ¢ä¸,ÿ`Á­xÜÁ•¹vgÃPcláW>©àmþdè¦²ßšûÈÇêéÑ³tÍªÙý¯ðIÜœ*wï³Ô=ˆ®ð¬ƒVY¬6‹õzVqü`eÃ‹$yÁÔŽmÑ¬6íº†šóîüÇ²Æ.y°ù…×"bÏ\ù›†6‰—JtEäÁ­V²yÝŽ†4Úìï¶˜îß‰¸÷lxßawnYž¹e¹hQƒ#$¦¥†WÉÊmv}…h÷,ž™È?àV!n±ì?kö6¼¸u?Bkö]››Ü^É]~²¤üä–—},aê’‡ïâÂ€®©[ß¹èÖsìÞ¸±qNÎÐ9“oÕ£ÐÚ?í®¥«Ÿž<¶×•¯L°ÄÜó“çßxb|Ü-¾í…K“o%wINÖ™†i9Z|ZjìM>î #¸ÊsOäæædå^±çHb¼M"Þ1jìÐDapëqir¥Å$etÀ=LÛ™9*15*15#Ðã@‡cr…< ?ò€BPÈ
y@!(ä…< ?ò€BPÈ
y@!(ä…< ?ò€BPÈ
y@!(äÅÀ}Ë>À½h!?y?1"1€{:§ÌC¹?Ú5“‹(ä…< ?ò€BPÈ
y@!(ä…< ?ò€BPÈ
y@!(ä…< ?ò€BPÈ
y@!(ä…< ?ò€BPÈ
y@!(ä…< ?ò€BPÈ
y@!(ä…< ?ò€BPÈ
y@!(ä…< ?ò€BPÈŠ1ÐhgvGMYEU•½Æåöøý?º"?NÌš)ÌÒ32ÌfôpÚS—Êƒü‚R·ÇÛ«gxLt¸_t?º,?øk\µçK.j&CB|¯@§Ýt?ÉE9¹çCBÌýúFkš‘6À-å?Ùlê×7:$Äœ“{>ÐÃi7]$òJ#Â­a6‹ÏÇŒ"tŸÏf³D„[óJ=–öÑòÀî¨q¹k{„…z èŽz„…ºÜµvGM ÒºB”UTõêÎy„Ïç?‰Ž(«¨
ô@ÚAWÈƒ*{?Ùl
ô(Ð}iš±ÊÎÙƒÎ¡ÖçôÐÝ¹Üž@¡t‰<ðx=tw]ã¡[]!´ò€BPÈ
y@!(ä…< ?ò€bô\Æï¯õú¼^ŸÏïÑuØnÉ s1ô5.·Ï/F½Î¨×ëtºŽ—ËC?ˆÇSk³†ˆè,f£f2:?N¯ë?<¸äçìÐiÔÖz«?î¨È0›Õl2;¦
š"€NÁï÷;kÜ>¿ßf5k¦À¨sç" Sðx¼µ^Ÿf2šŒû#>yt
žZ¯^§ÓL˜SÔ€<:¯Ï'"Càâ€<¸~Eùï€î@§Óét?<DçÒäk[ó…þí¿ê~Ž?ðß›î[p·/Ðƒ@W¤“Î,"®méjã¡Óºº*(ªÐ]Ô½ýwCQ…î§³½7´W¥ÃsùR‹Õ¦µßX¯Ÿ³ çh‘]DÌQ'FYÚa“®J‡GL¶ðvü>îÂcYEÕ¢Å§¥Æ^u³N‡Ý-&›Õlh¿?tKäÁÕ:­;tZ÷à¿x›ž.¨;™0b ÿÞ‘×!ëÏ3ŸY{ÙÒ±O­zyjÌÕ×lçÃngîúWž^¹Õán\¤%M_ôëŸLŽ»©cëº/8íõm‹RÛ¼¯Ûn÷ˆÁdSÍtñÀÛ¿^¾÷Ú¿¥#oÏ_¼Væýáã%ÃÛ¼oypŸÔ‹H‹©Dîö}~@ÿùAý?äA?´%¯|'©Ék->âZ«´ÇawgÖÊGžY{F´Á£Ü7!£W¨TžÞöÙºõ[³Š»É<hå[~5gÕîÑ‹þöÒ´(ë€qÓ$Kt¼5Ð#è.Èƒ«9tZ×jôŽ”âŠ6l/>5#£ŽòÛªpÓªµgDF/|çÅYõ1?‘>iÎ¼3%q™ãtÖÔ™íE¸näÁÕ]Ô?ÿåËc#ü‡N·ÛåGÖ.Zñ…Lyx™mçŠU›
ÊÅ:öþŸül~†ì\þÄûÙ…""[~ûH¦YdÊ?WÍ*Rž¹öõ·ÞÛYP.ÖÔ»¦-Z<?=ªÉv–<ÓsËò?l*HþÉ›/O‰l²Ÿã[Þ/Ñæ}V‹qýcDDÊ·,ÿÙ9Cæ>;­xÕòO¶—N~ý³E©âÈßúæª·wl?ã¶õO›þàÂ‡'%šEDÄ•»ñ?¯¾»á°C:jÑ?'´øR®Ü-^ýî†TØÃ#'L?¿èÁÉ–Æ],›Tðö«·ŸqÛ†Ž_òÄ#Ó­GÖ.Z±Å‘'"Yï>ñÈÇ"‰þvYÏM‹V|Qÿ­½%6¼óÑ§ûwŸt¸-Ö¤Q÷,Yº°î‹·ä­8°nåª?)uk½bÆÎXôøüŒ¨€ŸäAGÊúhõª]?/cÆÍ?•j¹X’“-yO/0nüô9‰G>Ù±{õïV|sIÏ”1£=²÷‘˜¤Ñi}Dú„‹TîXþÐŠ’¸è‰_¦Z
6­~ï±ÿãxý¿¥jj;öß<UèÔ’ú'‰j~FÀ^rºHD†x…ÑyÝeÙ%9•o>¹ÁS38"iT|”HÎÚŸ,~ýâ€é¼üX¼ýØ{¿aY¾wåËSbäÌºÿàÝ#¢¥Ïœ–nßöË•Gšnêä»ÿþèº¼¾c–¼8y€óÈ[¯­|èŒûÃ§EÕíâÌªÅ;ã§Ïœ<ï\æú­;–?×{øšùQ}3Æ¤?²ŸÌ.?O=È&1=ë¿QzÝEà'7.uOÔ”ñóÆiâ,Ø¾îãÇÎÈê7&]vÜŸ³vécv¤ÎYøòh[YÖöýmÿÌŒ{ÂÛçŸ k#ZQX®[¿G_~Iêæ=¿¶åhö9?ˆ<¿ÖÕCf?ñÅEµr†¡5›×4y™7cVªM½ˆžþÓÿüQ†YÄ5L&=µcÃÑSËÏZ4<qåšýG$í¾¨i69kÞØPi]ôÆŠÉ"’‘ïÉYðîG»æ§NTô/$Îùà…–çDDœv»ˆHïž¶ËÞjªHÿêª%#­""•[~ñz‰{â’×ž˜l‘Œ4[ÙÜ'WoÌ™²Ð½qÝ‘O¿ñ›I‘""“×-^ðn}!Tl~g]Ž3íÙß/»'\D2†ÙÊ'=õî†“ÓÔ£;.}ó¥é±"2-®`ÉŠì¬Ã¥ó§ßµhQÊÆë³&,üAÝµÒ,9’ç¬Þ°ÐV?ø™õØº¬œRIŠmñJr²*D&/Z<-Ý ’1~úƒ"œ:¸>äAKµ^ùé[†óê~³EuWz Úö£zÙs\÷Ö?k?×uzµ+ŒÇ?Ë¨›´c½Êñ{IÎQ‡Hüé/W­ú²nI±&²=÷”LL«{=aÊ=­_dÕGDäT^©¤öºòb'LY)ð™Üí"qîãï­Î­[`/µJÑ×ùå%®Ón‘ä±iõ“—ú'§[äˆ³îÅÙìm"±®Ã­:­V+ŽÇáÜ
)""#Ç¦«czM»æµÙ?¬&ûñÝ;÷>ï‘óGE$7¯T¤eÄ$¥EÊÞ-?¨dÊÄáÃÓ†KKüU×·@m­×Qí4ÖP‹³ÆåóùBÌf½^WUU­×ël¶Ð6l“<hioŽþ|…îÇ3¼ßùÆµoLô·êÿ¿O{sôwÞvÓJkã?EïôÓÒ‡4ÎÁïÙó
÷ùÑ“F‹ìÍÞ?U1}RdëŸ‘„˜è+ïÌ6xÂ‚Á1}4É»lë!á"Î+­6hò‚AÑ}ê';iZÈ•wq%å›žúÞ‹Ù2xÔìq½¯~uÒ¼•ïÜøùÞÃ{¶­[¿æ]±$/S'+º”KUŽ¯²²{öŒ‘:äëã§«ìÕ·§%Y,!³²CBÌ£3†µa›äAKµ^‘ðë»—fÝÇjoìim`¯r‹h"×W©xç¢Éõoz¯sòLÌÄ©£VìÝ¿ý•åR^šÞ·aÛ¹¶–Lœ9¦•sQ1©"G´”~0¹ñ]¯ˆÁ]+"§srÒË*"Rš{¸¨qµ¸¡"ÇÌÃï[Ô8ã¿n?¥×1Ì‹Ž*‘Ë.9.Ùµ5Û-‰Ë~ýôôXqï®Ü¸ùXý›š&âvW«ß‘¬ãæ,7g‘ˆ[5÷oÜ°·`úÌøëù§³æÔéOmíˆÔ!'O”^¨HÒß¬i¹yçÂÂBÉƒÎ¯Å¥É}ÇüÙÃ¯"ƒ†OÕÖ~¶cåóQewZÝñÓfÏ]8ö³U«~ºôÒâYãz…ºJ?lú(kø¯VÌî{ÕÍˆˆˆmâÒ×æ-Y¼6{ùü¹ïg;4²ìØþÝ™vI”Ñc¦_Þ}ïY2ï“ÅkW=öBñýS“{ÊÅ¼?ß2Ì]÷Ø˜ô{§%|²qýsOÛžx ÃR°iõ{û-gâ¿ýïÓ>ztão¡ìþ©IáRvnÇ§ïÈÂw—¦_}|½RFõ—ÝÙë~ûŠLæK›ß³ñ½˜¤aVÙ›»}SVúÌXû®Õ+?i|o@âp‘ýëÿøë8ûøÔ”QçW?µkÈÜûÆ¥°ØïÈ*-=êÊgKºo­·¶¶¶µ›nÞò #µ¸4YÆö™u­<°Nxxé¼ükÿññòˆíÃg/˜öë?Ê_ykíK+ÖŠˆh©SfÎ°\ç¬©‹W¾;äÍ•¯ïØ?¹??SDÄ6tÔ’<2=¶Õ?í[S^ñZèòçÞ_÷«­""Z¯äÙ‹cDÄ<tÑËÏ•ÿò¥=k^øõKÌô§~ºô³_/ß«V3_ô‡Wµß¾¸qåûED,Ö±3êyís,‰ß}naöSïmÞðî‘2áéi÷7y/iÎÓKŽ¿°jõ3sW‹mâ¢%sö,_§Þ²ÝõÈ³—üj[ÖÊŠ–®•”›óþÊÅ¯‹Úõâ_.ÇƒÕ@×ä÷û««]«j\n·»öR•]§×¹\î°°¶\x ":‡ÓÝÞƒ¼.Ç²ÏfŒHl—MeÊšÜ¯]6%"Û?èŸÿoÃ3ó¼†]ûr‚íGõÏ¯5<ó¯Þ©7}íÁÕ9v¯Éfk2ëÞí°;Åd³šÛvÝí®îªtx4«­E‡xÝv»çjq:ìn“-üÆºæ²;<†ËöÕ0lïÞjñ+jÓ®Úìæ?o/Ù?"Ò£õc?Vž/ýÛÆå/%ôë“}"ßé¬2¨ˆYË>™GúÐYÓ'Þðªœœ=kËk4«íf}opus¸Õ|ùRƒv?ãoËå¯¾/[kûª£]ö{hº¯›Þ5@±Z-CS–èõúä!~¿ß`0èt24%qÐÀ6^xIA)Ä¬Jì—80Þfµˆ¨{ñûü¾²²‹ÖÐ6þ¡”<h)6Ê/"öéóK®ýáÃùú†U€Žä¨®É:œSãr§?H‰ëÓËd2ŠˆÛíÙ·ÿX¨Å×ç*Ïºº"ò ¥ä8ÿ|ïm×8u]³ò˜àKŽ#ÐÑœÎš§Îæ?9¡¬rÔÈ””¤¡–ŸÏ_x¾´Í—&“­øádïì1ÞJGëKn*Üê?¼Ê3Ž€[IÓLñ}côzÝ—»••WŽLKmë´¢:äAë"miãœ:5ƒAŸ48!-uð¾ýÇ²Žœ(+¯>t°§¶¶Í$€ f2úõímµ>~øèÉ¿ïØWx¾4*²GÛ¶FAI¯×›ÍšÉdÒét=£ÂÇÜ‘Õcß?c.·Ç¬µñøä”lVKêÐP© IDATÁa¶ÐÚZ¯ˆ?Æ¤Áa6kB¿>ñq½Û¶MòJ:?NDNçŸ;SPÔ°Ðï÷×z½F£¾mÛ$€ är{
‹JOœ:sù[‘aƒ¥_¶IA)44dhòÀ¸ØèËßŠ‹mË3ÑÈ X™ŒÆÈˆ–óåoÙ¬m|úy%»£zÏ¾ÃÙ'ò½YÓFCÃ[£nO¹}xR¶IAI¯×‹Èù¢å—âûÆNìgµZt¢‘PKHÛ¶IAÉf?‘ÑãëœÓv‡3Ä¬NŒ??ëbÖŒMÎ$ÜòJz½.*²GúÈ”þýbOæžÍ?[´gß‘þñ¥#Ó’{EG¶m›äÄLFclïž!!f—Û³óËƒ—.Ù&ô%€îÈårŸ;_úuv^qIYÒàþ‰ûöŠŽhóÖÈ (y½Þ¢â²£_çfŸÈw»=Ä%Ð«W¤ß/55î?­Û$€ Tewî;xlÇ—íg\ïèŠ‹U_Î©{kDê?Ô¡ƒÚ°MòJ:?DE„ß><Y¯×?®ñ-½^wµ5¯Œ<‚’Í:jämi©C¼µÞ—Ûï÷›4£ÉdÔëôm›YDÁÊ`Ð›5SEEåÉÜ³EÅå^¯·GkB¿>âBÌäÐ?øýþÓyçvî>x¾¸Ìd4?†sE¥Ù'òoOKþÆ¨a=Â¬mØ&y%‡Ã¹ÿÐñ’ÒŠŒ‘·ÅÇõÖ4Ó¥*ÇÁCÇ÷ü:2¢Ç¨ÛSÚ°MòJÅ%åç
Kögº%Ä,">Ÿ/2"ìãO·?9[42-I¯×ßè6ox??£Úév×†Ù¬um "z½>ºg„Íêr»}~¶IA)<<Ìb1—•W^ªrøý~©­õž+,¹Tå°††èum9Ôgr”bzEö??=rìäæ¿ï?ï£×ë«ª‡?žÔëuƒÆ·íÑä”BÌÚˆáIUöêœ“ùÇOäù|>¿_l¡–Ñ©ú¶m›]$ŽeŸô€U]]SSãJ:è¶¤Ê/z<^khH¿øÞýúö¶XÌmÛfÉƒŒ‰?ºµÌC¹¼Ç*{õác'ãúôºsô¯×ëóûz½ÑhÐéÚ2­¨NÉ »ñz½—ª6k¨ÇS[¿ÄçõúDÄh4?†6l“<‚•Ûí9rì¤Ëín±|XJbJÒ€6l?<‚•Ïç»Xi/<_ÚbyÿøØ¶m?<‚•f2»-qì7†·XÞ¶’@°2ô1½"'ök¯’@P2›µ¾q1=£"ê^z}¾š—ß/!f­m×%“@°
³…FGEøýþ—[3Oåd=Q[ë½-i`ò?þ!!myôy%?§öLÁy“¦»mPYù¥ÝÿÌÊ?[dÑÊÊ+?&Ã°”¶<LÆà–+.)?SP¬1›Îœ=¾èÂð¡ƒ&Oír¹sOøýþ6l“<‚’£Úév{4Í¤×ëÏ—†¤ÁICÂ{ØÕ5^Ÿ¯Û$€ Ô£‡ÕlÖJ/Täåž+,³…ÆDGz<µ^¯Ï`Ðëuº6l“<‚RLtÔ ?ñgÎ}ô·¿Ÿ/¾Ð¿_lx¸í\a±³¦¦gd¸^ß–C}.M‚RhhHFúmƒ¾¨¸,ipBZêM3†¡)‰ƒµñIä”jk½!fsJÒ€ýãBÌšN§+)­ˆŠ
?íÝÓfmÛ6É (UÙ™Ž?:]Ð°D¯×÷èaM½mÐ?ÁýÛöd4òJz½Þ¢Y›œ(ðx<§óÎ—”†¡)Û°MòJ6khÆÈ¡#R“–ÔÖÖæœ<ó÷íûN?>{[òÝ?ß¼ˆ<‚’Á ·††´Xh2=ép8½^_æqcS ‹ðz}+íÕÎƒÑÐ¦ÇpöNN§ëÜù’Š‹Uu/ý~µ³&çÄ™jgM|\ŒÁÀ¥É@·Qí¬9ž“wâÔÙº—~ñ{k}z½nÔˆ”ä!mÛ&y¥?óÀ}m¶Æ;™ŒÆžQáq}z…ÙxîÐ?„ZÌ‘=B-!1½"ÍfMDt¢«¼TUe¯6¡––W-_.M‚RM?ûÀWÇ?;åóùŒƒÑ`Ðëu…ç/ìÜu0÷ô¹¶m“<‚Rqiù‰Sgj\n³¦Õ-Ñét!!æÂó¥§óÏùýþ6l“<‚Rå%»³Æe³Z4ÍÔ°0ºgx¨%ÄQ]ãõùÚ°MòJ–³Ñ`¨®®q{jë–øýþòŠKUöj“Ñ¨oÓƒ¸4J½c¢bb¢NæžÍ<p,¾oŒÉh¼TåØ³ïp?ËÝ7.F¯oË™òJa6kzZò;3·nûghhˆA¯¯q¹k\î©C’÷oÛ6É (éõº¤!F“ñëã¹¥.zj½½{Ø$Ä»-12"¬mÛ$€`bÖ’‡$ô??u:k|>¿Édlq¥ò?"€ fÐëmV‹Íji—­qç"
y@!(ä…< ?@psÕúE¤´Ê[Pá½ÉMqcS ˆ•\òÈwgæ».9ý…µ{™žüV?–6ž € –™çþãß/Uzk<~)¯ö+ô|#Ñ¬×µekäÄì.ßÅj_]ˆHé%ï‡™ŽˆP½Ï/gÊk÷?v?è§Ý?r]çÈ (ùüþ¼Þœ"ÏÅj_ÃÂj·ÿ³ÃÎ½¹®„hcAymµÛ²¸6Úf7Ø|=Û$€ ³ç”Ëãõ'ô4ýegÕ?sÝ— Üá+w¨å™y.çfÿÀè¨>†kn™<‚ÉŽœš×¿¨*søÎ_ôz}þëY¥ðbmV?»O„åšŸ$€`òQfõ‘sn¯¯ÙBƒ^g6JXˆÞ/Ráðy¼Í²¡o„Áp}—*“@Ð(¾äÝrÌyùòŒÚ?CB†ÄO•Öî<Q³÷”«é»S†YF%˜®gûä4ö?võ°è/9ÏèueÓÿjVd\„A§“ñÉò/)!O|ñà—Ï'"2 ÚiŒ´^ûÂžš“h›ax¼f65ÎòùeBRH¿(ƒA/uˆâ"w6ê?’w¡¶Ìîm¸óéÕ‘@Ð3ÈüïÃÒûkMÞ9$¤é%Ê½.>ÒÐôâ„/Ž×|}Þs=Û'€`r[œé›CbªéÊì>_“Ðëäp?Û¢5êuÆóÆ¶ªæºZnë2äLBLºž6C|”ºŠØãõïÌ©9[^+"^Ÿ¸ký'Š=»O¹?îÆb¨ñø?uU:¯=¿ˆK“;‘½¶zÝÔèè?Àõ*­òž«ð”×Ö½ôxeGN?Çë3(¤”ádií®“5'KšM%ÒéÄáò?NÔ®°ÉFäLþþuÍçG[ÞÛôŸ§Ý'KjËì^ƒ^çó·<K`5ë¿›néa¹öÔ!ò&•Nß™²Ú½>i•WD|õDÓ‰X4?Û+qá†¡ºI·]û‘Éä€f\ÑéDã?tbS‡[6u~]x?;Å†&¦„ÌzÉé«vûïh¾úçëpÐŠêjWñ…J»Ãír»;r¿Ù5ç~þuÑ÷;r×ÝP?Ã[~6Ut(?Lú ›"w—¾==Ðš~QÆçfF¼¶¥jž+"Tß'Âp¦¬¶Ìîkñ±»’BþõÖA1&½î
jyÐR•Ã•—_d2k‘¡6[‡UVD5¾(’œ™-Ï¡½$}Âÿò¯èÀ)9pJ²NË¼ñ’>(Ð£­cš9ÒRëõÏÚ/Êh5ë?ø§}C–³²ZEB¯0Cj¼6¤·éF·ÌAR3ÕN×é3ÅFÍè±?´ó˜8\Ò;‚stFf“îÛi¡ßNmXò?‘¡»NºêòÀ¢ét:1ÝÈYƒzäA3Å¥•šf¢€ºÓ[³dÁÝ?¸ñ‘Æ;š{õ0ÄEÂ-ú»SBÅ´åPŸ<h¦ªÚnô(€Îbo6y@pˆÕ?;3âüÅZ³Iemû³?ÉƒfÜ.?Ív]·|ºƒ³=p#úDÜìá}ÛÃ@—WÊ=?èfÈ
ytþ@€<ÀÍKóí@ +Ðéu~¿ßçd%?@§ ×éÄ/^oËçwè¸oL&ƒß/nO­ß°ÜØ´}—¬Y³®¨¸ä«CGc{ÇÜ;eâƒæzPÝÔÞÛÿïÙ5ßí·`tô„ÞuÒP`‘¼ý’sÙ[qƒ$5BìÅ²« ƒ‚†Éh0õnO­ÉdÐL?9P'ÚÁÿÛôÅï^þcÃË¢â’·ÿúÁç›¶½÷ÎŸ:®îèÙÏÿáøó"r®:otôÖÛï÷æÉ##ÅVw6nžØ‹ä?ÿ–¤ûeFŒ|ú¤¼(2ñyt?äí“]\¶òxÙ<Cä”Üózëÿù“2#Z>ý‹¼˜sk€ £ÓéBÌ&ŸÏ_e¯³†˜L?N×Ác`rÑÍ**.©kƒÿmîß7øÞ;úé“?ŠíÓ°fý™·ëÚ@Dú†è°ý>ð°<>Jl.Ùµ_6í—m§E‹‘á¡Í>“s\½ÕFz¹wŠÄ5YðÛoŠíf:%£Ñ`Ñ*.:ìÕ5öj—Ëå©õú:r®gnÖš5ëêÚ n6Qlï˜oM‰¹}Ä°¾ÿ¿¿:t4Ð£ëFö^Ø¾ìàë~=aùÈ¿tÐŽ£åÞÁ".yë5y£þÃqñ"²°É§2OJT•Ø‹ÕËŒÑ2e H¥lÚ'™Í·61A4?É’ÂæûÑäÑ¡ò³c""q3d\dó·ãea†‘ì}òÞ©[ð5@G1™v‡3*Êær{<žZ½N¯ÓIÇœFp¹=äÁÍªk€{ï?Øtalï˜ÛGûêÐÑ¯½}Ä°Ž?·xß'ëÿy!jÄ´éßŒ·ª…%û>ø8³4ú¶YS'öµ¨eU9›>ÞvJâÆM›:¢§¡n]Çñ­mÍ“¾ãfÌJ?¼Ê[Y7Ðö^Øþo_Nªû¹oè€¿ÞÙqÓŠd”Ð‹½ ±D¤ðòÆÉ¯îP“‹~þ¸Ìˆñ‰[dÆHùÙ?ê?-¿ý¡LŒ–Ìÿ‘M-VwJ¡^ÆÝ+qÇ¤Päñ‘¢Jaœô‘¸‰²ê^é)âöÊ”QrïyðÓ[ø?À­Vëõ…h&¯Ïïõz½>¿øü×“7’A¯×“í#¶wLkKŽ—ˆtXöÔâ_üÃ-"²ú‹e¾>7^¤dÃcÿúŸÿpŠÈ†¿l,ÿô¿f÷qùÏ…ÿkÃi‘ÌþÅöÇÇ™Å?õ—G®®Yý?¿ößË¾¡µºÁË×í¨o'uW\>kè\u^CˆHÇ?7¨.šˆûú??CfÄŠý”<øºFË÷†È6“üBDD~þ?LŒ–#ÛäÑm­¬·)KÞ!?/oÇÊ¸0Ùõ™ÄÕ_ýþè7¥§S~ÿ'ùð‚<²DŽ”Ÿ
?@pÓé?ÁÐÑ×píÁÍŠ?íÕp¡©º%zê lßgÿh8L=û?¯ŠE¤lÿÿpÖ/;òå¾‘ì]›æÀ»×ÊùzçûË>øç×WÚ`këv?ûrÒÝ›ß½ypÓ…çªó¾ÿåä†—½skGß°¨òFÚ@ä?¾""Ç?I¡ˆ\?w«å¶A2#F
÷ËÃÿÓúŠUÈ®*Éø¦<š&î|ùý¾Æ·„‹èå¾åýÇeb„H˜¿‰/º3òàfM™2QD~÷ò‹ŠK.}âÙ¢â’ÛG»ü¬Â-1hDBÃëˆA½E¤ç ¡–õšÒSDdà 4­aá¤AEDúßvWã²Iê¥¶¶n‡:W?×p??ˆ,;øÃsÕyu? Dd¿äùÄ/?D7.‹‹ovqSn¯HkÿÏsW‰]$.Iˆnm5ùý^qGJ’I>ßÔòÊw¥¼¹MÞÜ&o~&Ï®•Ûúm@7Çä¢›õ­)woÚ´í«CG—>þ\ll¯ØÞ1ÿoÓuo•—t\!nûáüâÒü×¾[ÚýOþð6Iúák¯Ø_ýË¡Â°Ûþí§?L1ˆˆ„Múé[•¿{õÓ³U1—-›&"ù/?{q™á??Î³ÇMúñ³“"¯´ÁÖÖí ßí·`ï…íuw(êšðhò3ÿöå¤º%"òhÊ3hƒº3ÇåçCeác’zBÊ=bë-q²í/r¡VDdàT™˜#Ó…>Ì–G’$m´,¬’Âp™+?ˆˆ¸KäÙãòÛ;ä‘‡$ïeÙÕÚ®
?—ûKZeó;œŠ.’±2#FÞÎ‘¨™ÓOÞË¿7è’tçÍŒh7Ç²ÏfŒHl—MeÊmÇMNìs£k—|þù¶·ÿÚxCûº$¨kƒ¿î:aÅÎ†Ÿÿýà´œ™µ7:’€Hóí{®0!¦½5<Ö î
„†ó££'ÜÐåÈIŸ{nü¼©òf»¢Ùs|RV(o}$&Ê†oKO½ØOÉ=å²ûÉÛ'÷ SfË“£Õ‡Ý%ò›½òdýÆÍ•ßÞ!R"¿yS6Õ_ëüó'eF˜üáy¯ùNßY¢ëž{-¿_Ôx/#{¾üleó"Ý„Ý/·Ó†èêÚ÷ thr¿vÙÔ?"ZnªyP§á‘ÉuçŠŠK–>þÜypMu3‹ÎÔ¹Ñ6¸y ÄË”²éX³eir)«•ç(g¤‰Jæ…ËÞh³h™'9—Ýõ&‘\§®‘\{Ðnb{Ç|kÊÝ×4TÏGkG}C´¸1QGßÆôê
Z¶?ˆd¶ÖuËÛ³Dä‚lkï6ÝypÕÂ·¦Ü]wù2ÚEÓBè:à?;·zD]—&ßZ±½c~úä?=Š®fvÿÏ9óEdv¿—?mF (=šüL ‡Ð1¹7«Ã®KÀ­FPÈ
y@!\‘Eô@Ç"š1kšÝîô(€ÎbÄÀ@?t,ò ›U³;j=
 ³Hè€ŽE4Ó;:Üãö—z @à?I–q)?èXäA3¡¡æ±^?·¨¸‚YFèÎÆ$Ëï‘A}=Ð±xjrKaVó ½‹K+Ë/Ú‹J.vä®ÏÕ4;k‘ôÿ:èhMF”ôA2.…6 ;â´¡óÀþ1¿_ï…³?ÿuÐÖŽ@÷rgã?££9€ÎƒÉEò€BP¸ö =!ÐC@·ÆÙ
y@!(ä…< ?ò€BPÈ
y@!(ä…< ?ò€BPÈ
y@!(ä…< ?ò€BPÈ
y@!(ä¥+ä?N'~¿?Ð£@÷å÷ûuº@¢=t…<0k¦šO G€î«¦ÆcÖL?E;è
yf©¬rzè¾*«œa¶?@?¢t…<èVRVÉü"„ßï/)«ìè?´ƒ®?6kHx˜%¿àB €î(¿àBx˜ÅfåìA§‘ßËí©Í;[Ê9t¿ßŸw¶Ôí©Mˆïè±´?.’"’”ØG§“ÃÇÏ•T:?n:·ˆßïw:ÝE%•‡?ŸÕé$)±O GÔnŒ?@{JˆïewÔ”UT?Ê¿är{Ü
:?˜5S˜-$±L×˜SÔ KåAÝu]ì_è0]gr€›DPÈ
y@!(ä…< ?ò€BPÈ
y@!(ä…< ?”€å?N'~¿?P{:'¿ß¯ÓlïËÍdª©ñjï@çTSãÑL¦@í=`yªUV9µw sª¬r††j?Ú{Àò ¼‡µ¤¬’ùE@¿ß_RVÞÃ¨îì?Ål5ç\Ô€Î&¿à‚5Ôj1j?¼sQŸÞQ5.OÞÙRÎ! ›óûýygKk\ž>½£8?ÃéàîEä|q¹£ÚÓ3<<ÌbÒð:m cùýþšOe•³¤¬ÒjltŠ<‘j§«ò’£ºÚíöx8‘€îC§Íd
ÕÂ{X8§¨q<?!t<5€BPÈ
y@!(ä…< ?ò€BPÈ
y@!(ä…< ?ò€BPÈ
y@!(ä…< ?ò€BPÈ
y@!(ä…< ?ò€BPÈ
y@!(ä…< ?ò€BPÈ
y@!(ä…< ?ò€BPÈ
y@!(ä…< ?ò€BPÈ
y@!(ä…< ?ò€BPÈ
y@!(ä…< ?ò€BPÈ
y@!(ä…< ?ò€BPÈ
y@!(ä…< ?ò€BPÈ
y@!(ä…< ?ò€BPÈ
y@!(ÆcÙg=?‚Îátz:&PÈ
y@!ÀÿßÞÝ‡5q¥¿“ÀPÌX$.ˆ|*Å@° [„¶ÀU?‹…ÅñUÊµFZ£» .jµÖ/DElž
î‹ÈeE¹ RlúÝG`ËÇ6b?¢A@%H?ˆHxþÈ„Ï‘bmŸÞ¿Ë?ÚÌÌ9gÎ$Ã¹ÏÇB10<@!„B10<@!„B10<@!„B10<@!„B10<@!„B10<@!„B10<@!„B10<@!„B10<@!„B10<@!„B10<@!„B10<@!„B10<@!„B10<@!„B10<@!„B10<@!„B10<@!„B10<@!„B10<@!„B1žeæ½
Šþÿ†¤ñ“Tö(ú.iü“™MQðÓËüWRŠ>‚KNm)žê©éÎ®Ï?äqžJ1”òæ›Ír€0až•éè\&žN?ÆR[~0ž¢«@+(Ú?Ô“–ö\ˆ™öNv¼Ñû0[?xüùöä¨rö¶6Þè ÈÙ®|+½UR
0ÖuŽ#’’I›Zº”Ó-8X?®>Yô}vS(ŒL¬ÔÄä:%úYÔ# É›Ô,ê!H#][?E?dÑíá?55„BhHuWÚÚÓFÏ[ÛX‘úÞêG÷ÚnËÀ5s°?ùLÛç,E/=?ÝžŠúËb/›ò- ¯½¡›2±‹?ŽiÙL”8Õïƒœ{þë:µEÕízÆ«àD©ÀùY&.+L”ùe2¹O‘Î¢-e¾¹CÌ¦ºªÖ«G÷(¼?Ûq†Èï7ÒÖ‚w®v3}ò´Ä©~Àñ|¡‹Îòg@ÂÔ\ùå„·J}?=Ì½¡:;ñPÆM.ßÂ ¯½Aa¹zÇ'1®FÌfE}fÜÆ\Å[.¨·ÛfE´wµ# ·¹0-)¥D1Ç–?´ÈhOAæÎ`Ë1¿2å·1ïyé<G?ÞæÂ©Æ!¯89Z@ûMÉµÒJÊ-Zïo¶Ÿý¥ˆs¸,ž”Ð¤‚˜·UQ®ê'®—ïüÏÂñ½ýóÇnê4Ø~ŒþªD¿'O€}ùç+Wíá#RcÑžSÏøF?´?Ñ…DIDATBèW¨GRxæjy§?éóÕƒ®GÓ½Bþ2OG'vWUúñkR#ît#èûQó^F.ä=»)>Ïú?^P\æ°¦<ÕP”º?~?tOfì`£ç‰¸®-EÜ©,!ú5kÌÙ¹»3 ³0ŠO2ŸPEY’{0™ð@?^À®_0~º_<åÍÚvÿ¤Ïjâmù[¢ö?üýyMS^Y•¾ñŠkr®Ð?h¿œ°j—È=[àLtŠëy‚…<Í?TuêŸ÷½â1:˜éŸL*’xé+A¯8ug¥÷‡)ûµ•É3³wö¦ê2vŸ^¼/fìo–ÕôgÏ@z‚Ê?éõgQMœ3ß³`jã÷™ªí,0œ¢Îþ©±3²a¥:öÅ©I!„ÐoGï?Ûr÷e»=mŒ5ýÎki~á·Ìaä~ê»%¢ký¯G%ú˜ôÞÌ?^x®Êf½×è~ÂŸÍ/kíé¼õP´eÎ¾´êIŽi™ü\3‹Ð¯€¤òRwXXÄ`l ùŽC?¦8AšLõü®1Œ<[ƒ†uÒ[yûzÒÒV(*¯”ó#—¹kÏÔ2hƒÐ¤èJ`»lkŒ66ÒÃÏ*¤#“WÔŸ>ZñÆ²zóWTœ¼0g³À?„ö’”ØÐåoýù?7C…)WZÝ»ì‹ÒªcaWÕCè«ƒ±?ý±o¨~ZMŒÍg€$ÕS6hjSC!ô[eìüæj/mlfNn6ÐÖ)½_[}¹|®ÏbmŸ?ñ¼?Ï•VÔßûY;Â³=Ë"8,4kK•8ÞÃÒ’Sç**Ú`Î¢%Â¿D»kçŸÈëDÇEÅÕŠ™ŽN^Ë££ýìINwYrB…ÇÁ­~¦*Y­(5µXr»w†×RÁ&?†ÍC|z”3€¼4isµÇ®0úâå^©VÌôXùÞº{mï¯¼:çÄÙKUÍ]&ö?‘Â¡‰ªîZÑÑÔK’Û`î½ÁQÏ)¨dõWŠ.–\«¹q¬¬ýÂ…ëƒì?$9ëRà/ùÕšDfx-lŠÒ¶Û&˜8€²¹(MSìW}¢c‚Glëm¾z:ë\ÉðÄézQ|ÊÃèOÖzvî*ë2ÞÍ1ßup™ÝðjôX».ÄAOxguöÇ_\¿ÿÀÌzQÀÊL±µ5—2E…5´å‚EaÃkRGy€¹¬—Ó?œ«¬íáúEÇûFÐòêì”Œ5÷ÁÊé?ëãV»™È®&î(uû`?õàní—?Ø!HŽókwQ
Ý-wª¥üÊÅâÂ:Ic—ïâ+Œ?v<˜9_Y—‰½WðÐùBwmöØË§¹²+æ|+Šùâ8ÖŽ.3€J!­*ºXtµæº¬ËÄ|QÀð
™¹\
³y3àûë%„{¸õ°­Ös\!õ†$ÞslG½¢«øóGÔ“òºè€88ñ¸ã¥“ùºsë©(›±r«(¯güõ4¹UtÞ?Pu7JûŒŒ^[ö»Ä2¹ç˜QòG,?MmÕÎ..a_n…&Ìb#Un3´{vqDçÙÅ2è"ÀÓYýn?J“²ò>GtŽ?ß0–NRâäfCh_ Ñ`]üeí@ÝØÝÔì–Zvþ×¬:tàî¤ÞªÒ5tË¤æ/7Øöë.äÖ˜XÓÏ–\Ìù¤”UÕ3Í–/UÍ?ÜŒ&„Bÿô7}‘?Ûç½9ÄÉPûQŸäóäÒçWÇz[?ÞY!ïÓéÏ?úTÞz·×Òqî°¦Šáls«®[ß÷À,“§[z}~Y£@ØÍ³‡™€®Ï¾S2kÍ¡S_žJþdüyoY4emØ.^ô^jAÉùÌ}+çÔ_§ ïA§¬«·ºË…›¿¶8õéß?®w¨<?RÜØ íàìín¬uÆ¥^(HÚ^OÚžÛ¨éÓì,Ú•ÖîŸ™—ÿyºÐE¼w]ŽD›àºÍ_[?:õéß?ˆ6+ÿðh…î3hºzQjwôlÎ©³»—Áé­ÚÁú‡Ù¥”¤kVÑÉ?uaßúÜ¾#¥ÝO˜xVLL.íŸp¶àTú»>w³“ÎIµ›hqÆº­WÌV&‹Î):É9»2±œÂÙÃƒ}ZÞ3˜DwyAáía ¿’ðÇ£÷ãÒ?/=Ÿùžkýav“®L;Š¶¬Nk%þxö©³»£çŠ­L«T«ÉÝÙ÷üÞM½?st«?}.&!¯eœò4Š„QçèÀ÷S?ÏN]ÿÊ½ŒÄ\©®l âHbùlÁ¾³9§NÄZ_Û¾.¥J`îåiQvº¸q°Z%)>-q~mñÈæ©SHŒcErBRAµ´S¡ÝgÝ]s©ŒöŒN>~êóìƒ[~·qG~ûðóý½ðp¶èÂaàÃâÒ6miÒt^>ú‡ÙšôUŠÆ†â”äÊÙ‚}gsR“ƒ”YqG¯j*Ÿª¹TB{ö¥g‹.‰w¹±o{a«Þó~e]qa??ŸÐÙ*…¹–#Wn?3¸´ÎA¸Ž«…%Ö!‹‡Å½Õ'÷‹Ã·FØ?«4KH'¸ù?EvƒÃS¾½9ÇÉÝLÒ0:;UÐkPõ'ùNK›ÝŠfÕ•²û^TØ *Ø¤ÚbËÚüÿ9w5[îl?Æ¾k¯NÜ¤:+PÐ¬ò»,Í!'Î°f‡¨NmQp…3¹œ/dÒêúº˜ú‡¦YëÜ?bÕ‚gˆêø&ÕY?zÁö®«ºo€šÔxnê#ïª–¨Ž¼«:¡âÈË¢>ƒ€åýŸîíOnäpDM,ýµ†Bèÿ6'›G5uÔà'ŠºŠïç;Œ‰ ·ñ›¯ûæºðGwÍËe]0‹GÿÈ˜;TºûÖ~¿Àðžãh°ÎâÓÙ6Û"ø<8Ï%:>\RxMò›ßIß^bÏ5â€‘™SÈf?×¨9E-Å§Kœ¶í¸[qI®¥·P4²_¼ÇeÍæ(g+.ibíóÎ’qc'@ýÅ,idB¼·µÀØ~IlÔœ3åõ*€¶²s%æÂ­šÍíüã…zf@9FíŠv¶â’&\ÒÊ'Ð?®lhÜ8=hƒÐßžgÂå9F¬]Å-“|0ñÄéÚ¢¢»aëâ‚œx&\ÒÊuuÜò9ÚI"òQ¶½`W¸? L?WVÞø¬´À1`Å|qiu7³_[ÙÅR×p?kP‰Ïm?~?ÞËŠ#ûá›¬b±ŽLÏgÕË4A°(ïø?‰›È8MMšóƒâ7…ÉRó+•ã”‡®,<£ÛâhNšp-]¢¶EÚ´ëý:Ðo¬?_bkNšp-=Äšç?¾Ú@¾ÖsµR[e]Q‡¸?%à¼°×WùUÚºˆ(ÿåQ›÷æ\k¥˜8ÁÔwýÎÞö<.ibÎ÷óõúöúMjØù†ºZšpI3{¯˜­a¶ã^¾Ñ¸!±Â%¶æ¤‰9?ü?h1sýM|„;£¼lÍI.iæèçX/n¦tÿxTõÉ£åvq«ÜõÏhúÏè‡ÊQŸªZ??m_-øÃÐ}KQqâ?tÕƒç¨“¼ó0#v:W`ßëêýÏ§_ôö€²?-üˆ´Ëð?c†¹ÕŠ‰Ô¯­ì‹ðPñH5Iª^ð¼Ïj¢€UWÌªã«7¾¡šMªÉ™*Ïðþe6Ì=2(Tõº?š$ÕAêUÏAãmÝMsÝ»=ß+è÷´Q“¤šœ©òw…oï°Ç«#5I@pÕ$©&§€šs¾V…«<-›þX_8SýK¼‹"„ú™Ø-ôŸ%«kÔv@wÖ”7™û¸?ùCùPòEþMó`—‰LEž6?ýý}S_ØúåM.xð?iÈ*›%Žæ?7«kµ›ºp+v˜ó<|½Ž¥l1ŽŽ|ÅÉÑÁž7f½?òî?FGþ°A;þÈY®NŽƒG‘3fBóíN‹ÖÆ:z^U[]­ÝÖ½ßß–Ã¼ÖæzGßmÃ‚A¾‹Þ5œÚ‡HÞ¿-n¾.†v×¡¶¾3¨×öw<kËäÜ‰&.»}ƒ‰qZjâêåetƒ¤?o¶¤q¨ä÷4iø±ÀÌ:0Ü5åbY»ÿ2K€Æ’\yÌÎ%&-µ½/>¨®<Bô­V9¸ò›©§¢¬¹L</ªg‚ïêBtt-ÕWžÞ;õ½‹×ºý>Èîî g´|Ý‡Í³²\àay´µC–Äâ?Èã±_TþÉq±t—–/Z“Á×ÕùÍóˆÚåÊžViuqêAa–wü…T´¼Mr[F+;®ßKô?²Û7hßH?‹ãu^¾13j\ùCMmÏ®wÈÌèniÃ÷]Ê‡íM’Fq+¨¨É,²é§¾w¨ÖoÇ'?Ú»?®o¿{ˆi#ÎB%+ÜŸJDg®ZFL•¦ìîŒÎÜø˜g.ñ¬_ d
îl{nÚu‰ÐmÔúúA¯?¥Ž5T¼—úß4?j³?ùŒý1œ?Q‘ fÉÛØÒn å¬m¬ª€dKÛáÕ×tÝ?ø6CËxÓá†\çÌ%ý»)Ù-·X]4tHY7[TðdõßÆªSCÀ#vÝ`Ý´Œ¥ë;€Bè7ÂÜýUóÂÕÜs÷™Ðòõ?¯¼ù29r—Þ›ù©—¿›ò×—uý¹àŒšàÐ#osCûþ<~?ý^Ý?×e–®ö<€¾ÞÑ‹gz
ŽÚ˜ÎMÌSÔ\JÝ°bÙ›µOÍrGŠÝ:7<9ÊÝúz0ÍpÄ•2Ð3£ý«¤7ÃRòÚîÌ˜ãêî8?g]N8qŠê‚¹‰ù¿>ztGèïµ;–ÚhúÚoå7Ð•…çLWø;?æùú£Ïõ­ck<Æ,>Ð•)¨tGµ¤‰)<ìë§<´‚bÄÃò9ÄDTEÎ°Z3MˆïÁÏ+*ïh+»Xåéÿ˜Š62±æûG;ayù³
9€J’³nÕ†ŒÚvŒÌ=Ø>Üˆê?éÆOáGÙ$Š?ÏøZ¦„i–î.V“zÒQosÞÞ}ÞÃi
À³žgÜp{ÄL%úAÍ7vRuW¤%¤@ôˆGšRå©k,?[OgddfddÔÔ_ÊÈÈ,=žãàJÔÕ(ø?Qvç¦”4Ë{ò–âì][Cx,oÅAª¼û?DÌ¾Åþw€š“{Ø`S!«ƒ‚7àf70X
¦OaHµÉ`]"'ó‹°°pžÄÃ«”0ú–d£N~SMêÙ!„Ðoé¼è%ù?¯¥´ä_ÿ6òÿýÜ›{ï–ü£Pì¨ç‘¦ææÐ:rÁò#å?ðüôiO¹ÜúýâF”u¢“¥Ö+Ö:imcÙ"Ÿéê¡{iíìáì!T5ç¼ŸSï9´ÑÈÚÞ¹¡¸¦%ÂNÛ?ÛXWàû¸ümìÀ5ÂÂÝÃzôkË:‰´,µ×¶½Y:ÐØ]q¹’¿>ckˆ¦µJ+¿züY“MÜÆnœnj7{æº¹QàšnÝÛ]äMmbñŠØ3«¾¨XP”ç¹ìsÍ0……ý¨&f{¸??÷øL‰yk´Íq±ä6<ø†®Æë`½n&p•úÊÃ±_g¥à®MO)•Ôè½6âÆ6pÖ–?ºQ[ka/Ôäe,;›QÚj×“+?Ü©ûK¢Ó³>?Ë4æÊ3š|’Ó£Ý5;´Ü¸öó<¡°¡<§øGõå?!ËŒÑ¬¹©4Zž0•¬pïÖ‹¶K_;ê)¢NADÒðN}º¶â
×ï£Á¯±¢þdüû¡göŽzÝÁ~„ŽõÄ:‹WÌK:y}‘Ð%øp¶yÞ™¬Íç;H;ßèµŠúÌ"Ë¥{Æ>ØúF6ôŸ¦þY™Ô@â–~7MÅ?Á{‘ÚÁ–}YÊ÷)~ÀÑ·ß°šÕéáL²-mløáñGMôi,àECs•›ÅÔ!„Ð¯áäÿúµ?ÿ-ñ~¡æ?vß¾P-¿ö?œÿ™´e©îØÈ¹6æ·š(ïÁ1‡{MÝçþ\/§ëY?Ð÷©ó¯Mr5;>4®|ÞöÂ4ÍA‡àµn•GN”Ë™E‡t{µèjUUTÑ¡?@Ëè!ˆi#kÑj‰p…"eGRÞõVª³¹¶ )µx"ÕÌ]üàÄñ¼&m/a?¤° ’‡€ó+SOjÓ–Ÿ–)Ó•‚él[¢þ¦D3Á]Ùœ›W0?l'š8wq?ÏíÌt¦x*Emff¡v?0jÑåô´kÚiYmNÑàâ]K¿e^yé[NKÂB|˜¯¹8|µ"5-·QÛÍO5åUuXY{AYi?b°N”#2MÏ›ñÆÐœŸÊÔÌjÍùRM¹'Ïõ…-&Ç)¹xiØýŒ¿kó¥ªOž¨Ô_5²Œ“ùÌÐPgyÆi±sdŸÙD¸¿,?·s÷àxÈ(TyR˜ ©@ÜÞÃ|U”mâìcgëýÿàÅ0³^’FÍšhUwÅÅüÆaÉf¦fË|ä×Š*ÆÌªŸËÙsáFƒTs.òò‹¹:/±~*YYrBÒƒÐmË_Jû«aN?p_ÁË<˜¢©mZVq"½Ð-*„¹FŠFÑÎ?Wwm\òüÐ?
¥
€t‹†þ…:8/b|,Ç–?hÝ¢ò=©×d`æ·'3=ãØö(wž¬63¥ÐI¨céÅNÞo?üç.Å,,¦;8¢¬oí^ž0Ü€Õt‡ fW•²´IÜ~?`XËI4w'–¼Ú êÇ1‰?9‹™wY-ýpŸ“?8gÔvVP%fßÕñ¢ÛYPð›R¨Y@ªÞ~Ò/4iÏˆj2Èÿ(‰AæEƒo'¹”!„Ð¯Û,÷…vÿùïÔbÙK//RVËëÎý3ÿÑÂhx¤è}¨ù÷àá­òÂÏËo)Ì^~ÃU–¶¼í!ôSwÊ/|©ôö[ø‡¦ŸõèA^Ê›yÌfæÎn¾‰¹)îCQ—ù’?IÊ)+ýSÀŒKwöÍ~5xS<€áÅ•=«¶´qùÐÞB»¬Ù³oô{^¹ÎkS3ç?:?º§,Ü—G'Æ¿÷øÍOÌ:°í?Ê?G((Â:$&~€uØ¾Tâ¡·üSyf@Û…K(Û®#ç5{;?x3ìß§wB"ôN«f¢‰y¬;µñøîQ©$— ¸~‚ø[ûÊ4ÛÌ‚÷¥AZ²ðÕíÀ39Íõ_¿iðHŸð°Œ?×‚w­ß%œ×¤$‹’6Gˆ(’Ktö.‹q¾¼€µë‹7ÆEå€Ïá+ñ^ó‡RölŠJ%¸DgázâÐ°§Ü¸®:o9ôrjFÈÆ¤õÄ¸å!Ü×&Å§%Å†ä’f@™¸ïZ¿R§¯’vE*’Â–ß&@Þî1;C†ì8¬àå§8Eê!}„Gè¬¬£1G»™f›1×+òo¢<H0ŽûP¼cýò³V3¦ÓäÒ5Á^ÌŒr£ù‚ãG³>Ü•ÑÏ;øÃ©HànÚcÇ;!Eslåô€èpÇ¼ê6H^]x¹ 76,wØ§ÁÌ[¥m#’ÿ‹Þ¾Mð*SæÐ;‡¾¿r²™†æ÷WÃ·Ž}Mõø8¦^ë:V‹’ÄJÛfô´VvÙ¯}7~«Î‰R¤:v5ëÌçìuÿb3‘<_R‹–ªH0SmøçÃLƒóÓ€TC°ï€g#³Î˜pR‰àìÿ''³Ÿ¼YÛ¦àé@<Õ‡RÎº½†¶$ÐFÿï%(Ð.,Ÿï£Êd¯Úeèà­N~?úµ¥lÿ,vè.6¼ÿ×¾×ßV%p¶6 ÁPF3bþ8tKô˜íóq¦Bý‘½_*ÿG£ó«/kZÿxóÚ·?¾I=ðÍ°]çö‡8Ð²ëßÁÌ—}æržs‰ˆêýg~Úþš~0ä¾ú§esŸe?¥è?äÈ~V*š¢úI®gìç@šLhôEY•âŸi#J?°›`¦½

t½d?VP0?w`Mp·É¥ì¡?ô?8­ hCòIòVö(`lõÒ
J5¢””ŒGì&¿œðV©ï§ƒyãI_yT4E|?ÝØ¬èÊ”ÐãÄ¡SÂÇ=@I)ú@w?ŒS“º3ý‰wÖÃ«tžJ™ÇÒ÷“Ô?E?dÑ0@N»¢€ES@?º_Œ@?d¡&¦öÙÏ¢ú?|NgIX0MMèR[M±à¹©.B¡ß2õ£^¥?±ñ³ÿÓòìK0!BwÀ!H½/Œè.KKïòYèhM ì(OK+wO?hlÆ\Ýý€„žÏ'·Ûd?ÒhyÂ°ÄÈDWïï˜Â‘ã­¦Õ[$}åáL46Ð—5õUQÞÜˆóxH˜ÉÕ·úyœšÿ|'éIÎzžJ™ÇÒ÷“Ôm€˜¦óIDš%Ëã5©Â?Ë`€Ô}ÛÐ¥è,É8;#„B“Â~Îøi¶&îWL†é¢7<²²ö¬¬‘É{LL}ÃGÎKASÂØ”oö¬ÖÎÈ*ª:Â"}ÇÎ’ÿu{–UŠB¡ßº_Éä"„B!„ÐÓ÷¬Ÿ\„B!„úÅÀð!„B!ÄÀð!„B!ÄÀð!„B!ÄÀð!„B!ÄÀð!„B!ÄÀð!„B!ÄÀð!„B!ÄÀð!„B!ÄÀð!„B!ÄÀð!„B!ÄÀð!„B!ÄÀð!„B!ÄÀð!„B!ÄÀð!„B!ÄÀð!„B!ÄÀð!„B!ÄÀð!„B!ÄÀð!„B!ÄÀð!„B!ÄÀð!„B!ÄÀð!„B!ÄÀð!„B!Äø_áš?WÎóˆIEND®B`‚' height='200' width='200'/><br>
<br><img src='data:image/png;base64,‰PNG

IHDR
1K«Í/sRGB®Îé IDATxœìÝûW÷??þ—4šÑÝ?@ @2Æw;vìÄ‰Ó´I“mÚí§Ùýìùôœýžý—¾=§ß³ûíî¦ßM›4®Ó¸uãÄN|Å\62?@BBwÍh4ß4€¸Úl!ü|~@£¹¼¥™ykž3ï÷Œâó/¿""e¡»âÈ@†x2Ä?!€ñdˆ C<âÈ@†x2Ä?!€ñdˆ C<âÈ@†x2Ä?!€ñdªB€ˆHÈdÒiAÄl6›•¤BàQ*J¥’eµšeU…?8/|bñd6+éuê=£PÒ¼<rÀ¢(Æé´R(Ñk[ž7.ZˆÄ9Ve2ê†!B6€—Kî˜a“QÇ±ª…H¼°å)d<ˆÅ“ZÇq,R¼ä$‰8ŽÕj¸X<YÀb,™L6+©Õl¡
°Û¨Õl6+™L¡
P°x?Nz?×–HéuêtZ(T
wõ@sý`Ã0‚ jé‹ÙlV¡(ÔÂv)…‚Dñ%Œ’„–E«Hð0OMâÈ@†x2Ä?!€ñdˆ C<âÈ@†x2Ä?!€ñdˆ C<âÈT….7~vèþT|é¥­áp­¡ €`ÏÄƒ¸ç«K7&ŸiÔšÓï½Õ î%Ú9ÉÇÿý?àâ«ÆwÿÏáòÂ(?™èë[*µV!14.âì¨l¡?Àži\´‚¡fß¾Rf£wuFöÅg/ã*ÚÞ¹ ¥ÂþP‚H§ä‰¸B
¶ioÆsmËá¢ê]P¼˜{eQ¥£ÐE€?‹@¶7¯l?˜\ðONLù&ü‘ðB<)£×›MÆê}M¯ÔÛµŠõ&I‡&½Cžá€Åø?5“š(á{ðh:½8®®ê•æríê9$&<ò/Ž£q4µT®eHüÂô“Ç#£“?HpA$–µšJË]ÕõûËuN”œ~øhtr&Œ“¶ÔèØ×tÐ]kâ"Oz‡Ëê@s9GD}Òýxi°¾¦¥)7x?ál2è}ô`xÂ7O
ŒÙQ^ÛØvÀeáÖý† ^îx??~ßyëAˆ_9XŒÇƒñxÐ7Ý×e?ùö«Í–üÆôüÂ£›—nûùuÇ'¦òðkç”0¾á¾¹Å·}úêŸ4­ºÛgpøngŸ ¿p;ð²?¾ýÝ÷žyqy? þ`À?Øõ½µåä…#Õ«Ã?rëïW‡SK’ó¡‘ùÛ#}C‡Ô”î~°8¼ÆÐ$Çƒd ¯oxq°Õ°1¬^kœ¸q³o¹0bØ7öM>9üþÙFÀî°7%BþiŸoý¿¹øòñ²"î´:¬?òßþ²{2³< 9rýó•Ù`%1–e82Ö·T.÷Œž?Œ®kÒó`1Óì®ÝñÎ¼â|ÿå/»Wdƒ•ïn|òõpTÊÈOÞý2?,BÝßt=Ù~q"}_Û·^axï÷=O’ÛŸ1ì¨½yõ 8Ðyy`ƒ÷ªÿêÍFùd=Síne{"Æì¬v;VKDÉùGßwùÃ¹q„'ß?´Tï7IOopñ —qyíh£EMDb<è{ây4<2§t×Øˆˆ«m9X2ÝË?y0hn·-?\J%?îÊo²´M¢ÿûëg—ALyýþWêm\bväáðÈâaº8Ñ}gØñ–[îÃ-ÎÞ¿=”wÏ²5ûÛšz’§¢«óì„hŒˆekê]¥jâçF}Ë—FÆgOºv> À6ìÍxðì¬Î¶V?±¹ÁnÈ?Dw8ÊØ/ÿp;’{5;éOî7j‰(š?-ŽSyàh«}±ÉWÙ`©l8xl6@¥DD¤°í;`ì^œCôÁðt«m1DFú—å:¼ßºÓMkøñ‡}K¯˜ú³ïž­Ë"Gu}cå×_Þ˜??Î'îõO×Ÿ¬dˆHœÎÆÃ?z³ÝÊ-Nµ¯òë¿-MµB‰±†hâ©e25¾ó“Ã•rxÅ~íâ5ïâ[£?ðkµ»ç9Ð/³½Ù¸h,?Çö¯ÌDDd°Ø—_ÌDäãæüãøé‰'ÁÕ­b´å¶¥NW“kéá‰gb±EÒÂ„g©[[ÛìÜñnüôÄrü ²‡êò¡Ð»6.w„&}ó¹ÿþ‘å±˜ÖÃ‹Ù 7•qÅT[ç:øJåòü´•5Ö¼7cÉÍxÀ‹³7¯Tûü¾ž{ `V·c‘Äd$žøÂ)"âC¾Ù‘?×©•ŽÖ^]FòÁ}°óÒÅNbÌ6£Õ^YYa·Ûl&m^ÎP×67w{å3î#ÞÉ“®}QÐ;\ÅÐÚ¸ã‹ˆ"áÙåŒÃ²ú°¾´¼–†;‹óq*ÓS22¿Ü‰\6Ëê¹®˜j«ô•¥+R?ÖPJ´ô5ðéž¥°+ìÍx b9NýLÇ›Ñ±Û×ï>™]¯;îzŒÍgO^ìžX>’Ã?P8xHDœã•wÞh³Ê_*SùÊ?òÁïåcuïÐHt_³.¿S²ýp“mí2~01[~á0”¬~_±^"YÑG™´º5ßÞºS=+ƒUƒ—ºqï½þÙõ¼l ÑX?µíí?íí?íõÆõ§)i|ë?¾p¤²²”]{¼Ìû~q}x¹É‘¡ö•åF‘£?d^§d¦¹±V½£ŸgQþ±x8ùl÷Rqù?`!_=ŸÂ†ö¼½yõàÙ$'G¦—:ÛZ^{ÿˆcù]³Ý}#‘õ§ãŒÕ­g«[‰$‘çãÑ``v|¸{H¾Aª81ä]hl6åFÕÖºkï“ÜR¢º¯™C‹sa6Tï|Ã"""£¥b¹³p4çÉ¶âZ@,Ì{U¢ÕqzsÑâe‡‰I?ß°oÅã¦FGö¸—ùêA*‘wüo¶˜òß»ð­?Q~#Ã©?VÇ¾æožkZ?¦—Ga*.µîBÓK?’«ÛÜù½sw’ÖêÈëw1êñÆV¼š^~e·Ûr!ÅVÝ˜wÑÁÛ}}0Ä/~X14pý–Ÿ`¯Û›WÂOº£žš×Uh.çˆ4:#Ñâ@}O|Ñzùñ½bh ³wMë""þÉwoµ‡4Õ—™¥8‘ø–?¸õ†ü&C
›û µûFpå|˜æWöm÷ŽEÃ_üÇ0c¶iÖù„¥-Ní3Õ6ÕÜí^¼~¼ñ÷ôÚáúR-#Ff‡º¯t/÷´Èoàdml«é]šJœ¸û·ß?Ð›µDY></lô|5ØKöf<ˆNŒöm|+þCSs9G¤­¬µÒ„|à.NtöÇ¡šÍú&æ‘eW§'GFÅ$?Þ˜½AÄ™ô–ˆÄh µ|gÎ²ÆjÓŠ‰´uÍÍwoæÝh'…&†ë?HD¤k<qÚë»±ø·…É—&o¬™µž9?×ÀiÕTDb<\\ScuLŸþ|(f/sã"ÒÖŸ:]³|x,ÆãÞ¡'ÞyA$¦¾­Ñ±f|~Ö—|Ì/Äƒ?x0?°ÖÓg›VßH”©v·®¸qOÍÁÆÚ*††³ï¶lA4öÓ?}kŸnÕToýìlµuõ]†«ûðgÛV¤ÅK½åìU{óêÁ³RèÝo¼oöÜ¾Ý5\:»ÏêÝ§Îž¶ûÿÞ½zt®æô¯þáÉÈàè ×^u/T–­Ùßq¨mŸu½û©Œ¥D‹m÷ÙÚÖºžÉ°“8ë?·U5ú}oïàÄÊ¦Ac}ëÁc-ízÅPwú}WrazrÂI‘Îâªªµ–0Ëå'""“aÇŸæ…§øüË¯
²à¹àB™Õô#¾ò=ˆbd°™K8æYNígx^LEƒ1^]b-Ñ0ÜÆSI‘Á/¿¼½Ø)ÙÐñæ/ÚŸÇã6&ò|f©¨zN½ñEiå“¡ó¿ÿÃ¥!ùéÑ¤?ùï5ïšµ°ÇðPùå¾z°D¾ÑÏ:X—ŠãTÜ³L"Nt.Ý°ˆ¬í?/6ÃqÌ35ØÿéeÍ±ƒ+;^ïëüv)•Ô”#ìEˆÏ[|äá“¥¶=Lss½nóñGœô<xaô†oô1ÚR?Ùb/×$gý¡ý+ˆ©?²ÿyÝ”

ñà9÷M.½x~?BÛüÄHÞí•Ää|<9?:½f4sã±Cµèx°7áþ3Ï?9<¼Ü&§¬eß.>ëÎÕž|ÿì¾ýÆù…Õ×Ÿ|ýÝSµ†ç|Û%(\=xžDAë|õ§üŠ1ÚWßótWQpÖºcoÕ“¡`(ô‡D|(B#GK•£ºÌÂ!ìiˆÏ£·:^À=Lw£µ”k-åkŸû{€ñdˆ C<âÈ@†x2Ä?!€ñdˆ C<âÈ@†x2Ä?!€ñdˆ C<âÈ@†x2Ä?!€LUÀeÏ
¸tX¥?ñÀa·pé»“Ï*Ô¢Ñ¸dˆ C<âÈ@†x2Ä?!€ñdˆ C<âÈ@†x2Ä?!€ñdˆ C<âÈ@†x2Ä?!€ñdˆ C<âÈ@†x2Ä?!€ñdˆ C<âÈ@†x2Ä?!€ñdˆ C<âÈ@†x2Ä?!€ñdˆ C<âÈ@†x2Ä?©
]€b‹§’)!“%’
](0)T*F«aKôšB—eÇ <QÌÎ‡ã*•ÒdÔr,¢€ˆˆ2ñDz.-5ëf/4ÌÙŸà˜ÇµZÖbÒ#ÀŽUYLz­–?Ç]–??xðt±xJ¥R–èöNØA%:?J¥ŒÅS….È@<xºdJÐëÔ….ì^z?:™
]Š€xðt™Œˆ6E°ŽUe2b¡K±ž÷)‚§ÚâÈp?
IL†óI‘ˆ))µ5Œâù/1%?š}(FˆP RäñÍo®¥Œe†ˆ©€h<vþõŽÊçzw ÿ½ÿºJï}tÂþ<P´ 0ý_]?×ø/í6NÂ<=s1z¾ñ6ƒx˜Jµ¼Úº”ˆˆ³¹OØ
Y&@<€‚I¤"fƒ7…ðHOgÿøx„,U'Ov8ôDD$ÅýÃž?‘ñ©Ù?u-'Nº-Q ÿâM:ù¶mêæí¡@Õ¿<a'âCC÷îŒGB¤qÖ·:X/§‘lÊ×{óöP DgÓÑ3Z…<‡áºW?lCF?—â„­é°­ûÆß®óGÛ?eÝª¾Â¢¿ûÒ¥àþ~ô³JÎöÿíO×Ú~®NC|<Ö·¼úãÓ?ÕyùÊmýÏOW1Dbb.>þí7ö–öó?-Óiˆ2þ;¾6SwüüO«tL24Ö76ë´U?ßù–ÚŽþøJ(æ¹ö—kßv¡-šñ
FÛpáŸ´}·ûï|~3•&ÆReoj9ÔTcäDñ‘ž^Ó¹n±iˆˆ´öŽÓ-¸7¯sëÉÖþÆÒÉ}?«±îÖ×?UÉƒ˜¦g›-¹ÿ£ƒ÷ú¸¶?»DD¬½ùÌRodÎ}âD½‘ˆHÓrôàÃOóTï ²µ½ÿ~Û‹þvÄ(mUûUíD$¦"¡©‘;ß~Ñã<õÑk.&/+iú|‹c&xn\ˆé‰ˆ2‘€?ÆS24òÏP¤bùQµUe–ÅÅÐ|ÄX[fXo¹6ãÒÿz­‰fbI"ísü E?E€Âc4F[}Ç»?i1x<ãI~Õºê£ï5šˆˆ÷~÷ÿ}s ’$ÒZ*¶’?f™yâTÜFoÀºpõ
D"Zõl2–Sg4ÃI]…Ã±ºßrjÜ3a;ñþÙý¹~ÊbÆ»ÑÜYK¹>àŸã[ŒˆÏW xïõÿ¾x}ÐMÉMƒÄˆ¿÷VÿL½Û©%²º?VNÜèô&%""’ÄèTßã iff&0ÇKDDbèÁÀà†K0»š?=7Gä=cÁÍËëîºç?ìØg(B¸z…À¹N¾#öôÞüôf*?Â²Î¶3ÿtÐÁéÞ¸?¹{óþŸ[¤g3ñ¬Ñå>ý*‘ýÐùc¿úïÿÝcÓSv¨é?o´½ûÂOéÆµË¿¹&‘ºÜuâLÝ¦eJú{=}m5G]ÆMGx1¤lVÊYs¡í9R|þåW/laùæ‚»åF€=Nä‘”·Þ$‘OgõªÛž‰OìºS¬##ðŠgy>‡.°¹ÜHffÃ&£N"R*
"R¼ x Š"®@?1»á¡»‚á4ë½É°[èQ ÚÊÈ…–Íf9NE¤`%Ã(
R¼¨x?æÑ¸`×Èf%Aµ5Ç1Œ²ý„Ñ5`·ÈdD‰¨PÙñ`·ÅlV’¥²PÙñ`·Èf%Ãòñ`WÈJÒ¼MÑúžNño<Ejg6…â…Ý§h]ˆO§R1¼?)t)`÷â…ŒJõÃ®±; <?VÃÆéB—v¯x"­Õ°….Å@<xº½&“ÉÆ©Bv£X"•ÉdKôšBdà±hÏ¤Ô¬ŸÇAÔëÔ‹ƒ( \›¢x"?ÉdKÍúB—eg`Ëx&£,³bñÔB$™ÉˆI….˜‚*£Õ°ÓÉˆ[S¢×ì?6$ëBß?!€ñ (e³R:ÍB†ˆ2Q2’$Q:-ð¼°½y"¥4Ïûfó¡ÍB¾é9žÄlvÆ˜„·7OÄ€¢”2¡P$OÑ|82™Œ”•BáèB4¶½yî…;EbÉB€Œ%ÚB-ZÊJÙlö‡ßnw/Äƒ®€’H„L*Åg2¢(fÓ<O
EF9b·7Ã½^F
…$Ñ\0,™ÐB4#d¼ã3*†‰Db%úmž@G<(J«*³™#Ñ¸B¡°•š$"¥BA
*³YJ-ÆíÍñ (©TL©Åd19n¹)‘$IÉdŠeÑ¸àeÂ¿?˜ÅJ»Í`Ð)•J"Å¬ozŽU©%ºmÌñ (e„L0´^ˆ%©ÊJ›ÍjfU*I’¢Ñ§ÆÕ€—Ã0Fƒ^¡PLLø“Ét…ÝºífE9ˆÅJ©PXKMöòRßôœ6˜H¦ìe¥b6»í"1†QšŒ%ËúçæggçÇ¾h4®Õ–monˆEI¡P0*&×#Y«UW;ÊµZµoz.#fU³½y"À‹"
¼@Œše….¼`?Ï`Õ¿4°ºž7IäÓYR±\!âÄ” *•·ÍãÎ*÷E±ì†…ÝõÇ±åe¥jŽÍf%"R*•ÖR“šcMÆ£¡d{ó|Ùã?¿óãÏûWq¾öþ;n½¿óãÏû?§ñn‹)ï½`ï'µ?ÿ·cöÕjŒ-Ç^=é¶äo?¹qÚßûè„=>ô·‹×'–ÞatV[ëá£mNc1ì^DqÏåßw?¯äþà_›C»x}ÂvöWšhÕŒÎé:{ê¸3·YÆ¼7¾¾;0+.¾å>Æ1þßWûÖY’ûƒ=b_|áïüøó~Mû{ï?°³yClgu¡I¿4IdàÏ_Ü˜5žþÇw[–Ÿþá¿óÛ«}åí¿|¯Åœ·Ïú>ûô^ªý½?N”¬û‰–«å¶?š#ÿò¶{½g0®»Hô]ùûÐx\^õöæŽs­tû«¾y""Z9çgZõ‘ÁÏ?éõ—w|ôÓfÃÊrN5Ÿùõ«5y;Wjì›‹WF,ëm«XõÏ.W?å¯ÿ?ß^í[ü×YÝÇÝæ`×o.yVÌ¦æÈ¿¼íŽ¬©BŸ8ÛlË[k¹™¯Õp²yìö h?ùîòÖ–[¿ä|íÝwª¦ÖÔEîóg:Úkûþ½¼(«~Gˆ(÷ûò´êniã^w—ñwýæ’‡ò~×VL»?»õÍõÁHšˆˆ½íð¹×Ÿ­Ú¶sWåªúy£=ËýÁ¯Œ=«êù¼ÍƒHôs¹7?ˆ68ì)€%ÌÃ‡†îÝ¼³øE©«êßxõ¸sùçI{î]ëôúS¹—ŒÅå>ýj‡C›WË‘çòï»¦œG~ù–Û?Û³r¿ƒk—µ;„Â‘…Hlé¥$IYIR*·™{^öx?cotW-å+N\ü/r»ÇÛøº‹“_Æ‡ºCëO(†ÆF¾½BúŸŸ®ÚdOa?-u6Ž(5?ôØßyå‹á¶ó³GB "ƒ­¥¡T-¿°éˆB??š¹ÑüòçífÑï¯·ÂLUs{S›˜ö??‡øz{‡ûQlª×ç'ccG…aq¶+¥úþzÏñO§œlªâÔƒÛ³Déò7­ú2gôxëß¨ÓÈ/ãž{÷R"=ñDÁ6¬¿âž+'}cGsƒYðÏL=DÕ;;Ü6"âç"K«@gZ³#l¾êEß@¿ŸˆføÝ'V®yqð^SM‡uñ¥ÿÁ?qÅÔXõ;nÝÕ}ÂmÎ½[î8”WÉfÿ[ªB£ãÞá›WíÏÎº–î¶¡Ý¨–¨k¯ML_í»ýUoÅÏ:¬”|üíÕ‘©?uÞ­§8QþúMÎõ^ú»æ£Ÿ6¯\b® +·Šâ°ø;BDD:äÿžZÝmºË@‘ý=»2˜RW¹N»LÜïózGçù†r÷¡"¢è”gxvy#·ii½úyÃ=KGü&ËN>þæóÎY‡Z\103164;é¶¼˜O¾5¢ÿÞŸ¯ö„I]å:TÎ‰±™¡á‘ËZ8ûá…¦"ýÝ—>ïM«o<PeP‘›ž
ëp¬9û%Žw]}XñAË6Ÿ=übˆb6‹ÏÏ/¬}K«áˆ¶SxÄ"¢Š¦#G×‹‚âHÏ@›+w?!NöÝ˜ØxÂZî÷ŸLNWm’)MumGrgÝŽõÝùÓµ¾þ›??kÛ•;×:Ì®Ã‡óÏÇ7A°ñ¸2âŸ‰“9å{&:pæÝã""§»í° ªXæð‘:""¿ØëóSEËá?Oß
Þ+_Û–ãû
©±G^ÑPÌ5ÞÙÿ`¬ÍÞ ÉWîlsuØD$Œß»ú¤õêOÛ³þZàg}ãU?yó?ýz"rÖ·=ž[õv"¢¸'0ˆl¾
6Yõ)ïƒÑx ¹Î;Ø7à=d¯_yxŸêî÷¶ä²½ºë‰¬š«~§­¿º—A+š?^±‹'rƒ—ªPçÿÓàÐìüY×ÒhÆº?k‰£gÜã—<?ßt9Î{nDÖõÎ×ò6°¼~Sþ³«£SñfËª%«åß‘•žVÝ=e—?¢ò=NÕ_øÑq‡‚ˆ\Mm‡ÄË¨ŽuùEÏðìª?|mý¼ñž÷l´`"af" ’åì[çšJˆÈÕÐ|ädFÜ?)3ê¹×&¦ùÌÿ^¼ŒÜRqåãï7îO4ž¬aâ#=½)bçÿñ\ÃâÏÀ‰ã)Q³þÜü·¿ºc[¾”½±¬ªÌjY÷ñg†’m^ UþàRí‘9ŸoJþ/ŸpÑXÌ©Î.O’ˆùÿªó IDAT¤@ÿ¯h`7Š`b*'2ªŸyOáM­z¢Ôøìšƒì]Kâ)?Ïýe6SŠE#DÄ©Y"?ÞLDC}w<^ÿB\”ˆTì–*§ÓFã]—ïù×9Ñ¼7Jö¶æŽæV;ùŒ¬<4k,áÁ{Ãq"¢àƒ;ƒ¢Ñ°r÷N…¦×»o6^Œ'w…Ö§/aˆ¦îßéñ"ÂÎ®úÀ`ÏÛš;ZÚŒ4:8¼ò¤‰Ñ¬¡‘{=~‘ˆxoÏíYÖhX9=VýN{ÊêŽ–êX_(µvr>‹l¥
eìg;4ö\úsï¸À¶_8ºþU&‰OÇë"¢?kû"’Ï,}tiÛ}Zu·ù.E¢Ä`!"og§gÜJfˆˆe6?Í»ù¯ä°:#Cê¿Ó÷x*åE"bT»3?™ÓÚ°ÜÄÔPçn$=þ@î\5¹òOi4ë˜2›Óœêûë7C±ußÞ”J¥V£6èukÿ8v›—põ€ˆhìÎµ±ÅÿÛßûè„œ ?'NðWþÚÛ=Yw,Ý×Ö;ß<sµ7ßúîâKDbt.%’¦©ÚöìU³Z¢øÔBŒh+Ù.îŠ¹ëÌé`£Q¬¥æ’íæÅÍøú>ý¯ÅöŠmçÿíØšþ.]¿ûm×âÆþj{GDîÓçýW¾?èûöVckê8Âm~æMÏÒþZ{ñJÿµ+¥ïZñŽèöDÈ~´ÎH®u_ïÕ®¾¦SŽ¥]ÜyèDåÝË·ûÆ÷âûCæææ®|—÷½Í?\½<"ÿ¿a«ú]G’¤d2Å0ÊlëØx-”·plî‹NÿíoüDDÄT>sþ CûÌ-!7\õâÄP¿@û5‰ãšënÞ½ýp¢éäò/?ùÀÑ¶GßÝ¸;Ôôž}¬ÓGõ§Žêo]Ío›[œ«~InÐhÔ³sÁtzýöz½ÖZjQ(^T‡»?VwîÝÑ¾K£‹c¶?ÿ·cr%Ûwéãå6Ðf×«ûŸ½
eì‡^;6v¥3,ZÚÎ­\™ügú¾¼8HD”HâÄÔ»ª8¹1äµýÖôû?÷}smñKËë²yu÷´]Š„¦áÔ©©øÝ¡û]—ï1ÖšÓçN4Y6:±ý´_É­°·Ÿ?9{õ¶wàªw€ˆHc9vþõŽÊmíBÏŸæ‰ÈbÎ?Há´:¢\[<Qà‰Èi1ÑÊ®•Î×ÞÇ½ff×éÓe—ÿ4xý¯]–·vi#^&}þ@pA©T0“ßß ²ÂVQnÝtêõ!µ\øÅ±rùF½<\]Ý~ºÆ{ýÎW1Ä4Ÿi+OÎ¬?ÆÑÜÞtÀíÜÊ–“’DTeÚR§òøÐ?®ëË¿1‘èÚ1ôz­^¿Î¦àhÿð·üUì:?‹rí}“s}C![Ç¹ËóÉPwæC—˜Œæü¾ÇCžá¡®?2Ú_oá—ISwæ\{ðjßÍ›T‘78âéÉ Ît…ˆÒ–oßH»c¹¯¡Öy°Ã9Øuç¯âÓò£ÖŠÄ7~"¥²X.µÇã‰à|¸Ân+À6°Öfk?µµ½óZ„hhÎ?çþ~b¼ûÚß4ï~ÐüìûÉú«>êéÈ˜ôu‡ˆDÑ@âÀàp[Ír‹EiÓqwÿ¥×þ2æ?OÿÈextkÅŒ‹sÕ/YÚ,fãº)QÅ0&“ñÅe¢Ww)µœúuGÕbá–eì?îª1462Æ;Îÿè”sKG
›ÃI&gíÆíèÍöC‡›[íK«x£Ú~K
úý[NÿÃ›?‹›zÞGØ¬º{ú.Å¢Äuö\§ã¡@pn|Ì30<qýÏŒñŸ78âú¯äV¨lmïü²…?„ææüÞ‘žÇ?Î¿|Å­¼ÅîÀ©9"
„#yg_ùd‚ˆX""†åˆh<´@¤'MÕ¡wJÚS·¿Ùhv*kÇ;¯ÍýÏ·žëwm»3QçªšX,‘L¥?}©ÅÈrl®öaU¸zð¨Ô,·þÏ’¾éHsÿŸý¬ãÂáF\Ý,¯éÌûÛ¼Ãïz'Ò8Ë·²—ú¯O‘§ÇÓüæ>]<žÈˆ«›EJôÏë˜€aõv³)¹½oÊ&\¼Ò{­Óþ³ÓÕ,‘À§XNÃhMv§Éîthÿ_ïT$Émá|­Ê~âGGBŸv?çuÿŒ<ðQ40Ð»üó<Þë4æZß‘Þ}ôèƒOï…˜úSÇªÙÕ+ð©Ÿh÷Éf³±x‚ˆ¢±¸ÑhxÑÛÀ›­x?å8Ö`slŽóÝßüeÄMn­›ÔÚU/÷Gˆ(2>Ò³Ü¼:Ðë4u,Ÿ{fì­'êG®ŒD,G/´˜È¿j¶E¸ê—äo¥³^¯?Ç“«ÆÑëuÛþUØ˜Þbah"à
Mz–ˆh!0CD½Žˆ¤Vw.0ZN³ÎN¹‘´‹ûäOƒW¿°­¼÷ÎöU´ÿxƒ+B×öÏªpßÃh6øUwÏ¶Ë@QS)F£aô»ÞbwVâ¯ûb‘9Ö;”x¦_É|:“…¥ñÿ\Æ?k­Ì,ŸÇäS<«á8£­Êh«ª·¨>¾t?²Õý…`+ªl4x0:q´R>ó1n»?ˆ±ÚíäóyÇ;NNo¯ÒS<¶ù5ƒûõ÷Â—>ïßðŠ}aq,[å(×jÔsÁ0Ï*Sj1z#?aˆˆf†ºîMÊÿëªÛ[ò; X[ßxMôišë4ëœ.ß¢…±þ®(GblfØIdi{µeý’ãCßËõýø·ƒóî#&“!8ÎÃd4¨ÕÛ=!¶c4umnËÈàÀ?MvØ¢?¿ü¤?ê¬i²rD”˜™"²;+¶Ü–£Ä}á|àßÿê•?…S#=Ý­¼C_tð‹?oz†¦ZOW/OgkyílfJ·ßÅ­þ{»»#K÷bj:ìZÕ@}J$’¹ÆñxÒP¢ÑÛÀªo¬EÜd-œTÜûÝå[£«ª„ÉÝÝ‹ˆi©ÚúáÈÊUÏ?öuFÉþjþUˆÈÀŸ¿¸Ñï?`s.O¦©;zê¤1éhYo‰E¸ê—¬ÙŒéŸŸÕjÎhÜæ½®7gsÕ[ú=Cß|)6UT¼Ðë'ÆévˆDßF«{‚ˆhfð^÷bÂÓÕ´7¯<­bm>Zï¹2²òÞ;ÏÇfµý³)à÷O´ü;’ck<R—wp¶nu÷Ì»Œì‡EðÜD†®|q;nkr/Þ˜ËGT^SµîiÆ§üJ®·Z¶ºVM_ïÄ•K×Z?%Ljn`0B¬­©ZO$úº/^Ñ76VTD™…±ûD¬Ë¹KæªÆÝ~¨ÿjÏàwÿqµ”sbdêÁHœXÛ¹¶†ˆŒî“ƒŸ÷z/2Ÿû8bdjŠ¨j³°ö£ožžùâÆì‹ù<[£P?V£®¬°™Œ%ó¡H8›œš5õ•v›N·Íñ€ˆÈ?ìY:¹hT¹ZìùÛ;ksÙ¡í_ðŒ1–*G{ÛÑ¶õ÷éõ%=7óîxíù¼³æÿ:R‹'–Z¾ªF¿^¿õ°¶žhö\¼çq¿SWÑÚæëñxå³V,ë<vî|ÓvÎ60ÕGßk›ÉÝÝ9<28FT×R—Tg¨k®»yw ÇÓšª²5Þ`®8§³pv÷ùd!“YXXnM
G¬¥µš{qÛÀÊ³PÍÌfká×±Æù>ïHÏÒM²_mÓ;ÿnhyÕK‘á?‘½5ÿ˜ˆŒ?-ößx{µ:]yƒKjÚ?Ë)‚U¿dí6P^fÕëuùÍÌJôºmŸ1ÚS~ä½Ÿ0×®y†ï{HÞ?_¿Ð '"Æ¼ÁêÎÕ­³¾ž¥ŸUS·*?¦îP«}¤o¸³¯©æ¸ãyþ.mZÛ?]a¿ÿ\GˆˆKÛWì
k«»§î2k¾€ü¯ÈihF<ØE$­½¥ÞÙë]¬¾?³åÂ¹æuÏn<íWrÝ+uŒýÐ?ßS~{µß××K¹ç*œ|ëõÜ.nq65=£÷=¹(¬.w??·Ín;/¿†©1¶6»?~ðŽáîÍ;ƒÞž©ÜÕœ{þ1öÃïýÒpïZ÷„\•£«p8­¢?ïW 0¶¼qdüÓõžÛ³;(•Ê’?J¥ÊˆâøÄL:Í[ÌÆmÇÅç_~µÓ%|&sÁ‡½Xîè¹¬}Ž‰íì¯.Ô©–û(¿ÀÞ¨Û’øl‘<gq·
‡#«:XKÍ,«ÚåÛ€È¢²0O÷Ü{ÖÝt:íRÙÔ#yãÝyo¯îÝòýÃKNùtö¹>ëWLâº~þ‹ÞYbJ MJ+
¼ ä6¸kQ¡¤ù©·X?Š¢‰&Áp,žP1ŒÅl°Ù,õvN}¥ùnlZü?kŸq¸~Ã#rœ^¯Í]ÎÖév÷ÍWT,²Á‘N§×vD^Xˆ*”Ê]¾0Üž=X|Á6ÚÄl¶d±3úêy²ñî¼‡W÷.úþá%§`8Íó=@g4ëeƒ²è?Ål^Z†ÝmÙ`$IŠFãÞñéáÇã?@H£æ*ìV‹ÅDe2Û¼q÷­Å÷˜¸§g½ç¥ÓDWÿ¬»Ã¬?Ç“Ïùr6˜$IÑØ:}_2¢˜ˆ'%Øö¾M¶?x,a4–Äâ•Šá¸"i&UlðýÀî”æ…©™¹'ã3¼ ôºTŠŸñsoÙË­åeÛiªƒx°ûÅ‡nlØÖ­ïRWÝ¿)³•jµ»ðÞÃ°câñÄÚ»£ä,D¢Z­ÛÀž÷Ôm ÔbR(•8uýœàû€ÝIA¤Õh*ìV…B¡T((¯Úv…„¾»ÂVûH’”Éˆb6+e¥LF”Hb¥R©T(*£b¶Üz*Ígpõ ()
†a’©ô|h!KJ’¤V³&£Áb6l#ä «p8òdr&K(•J¥R‰ÅÁ…
»µÊQ®æ¶sobÄ€¢Äó‚ÏˆÇ“ŽÊ2£AÏ0L:ÍOûÓ3?ÜãÒ¶1OÄ€¢?'£Ñ¸Åb¬­©T©˜\o?F=äñ.Db¹.Ë[?'nƒP”x!#ŠY5Çæ²A®7‚N§á86#ŠÒ¶æ‰xP”4N¥R%’é4/ä†d³R4O§yŽU­¸Ñé3Cã"€¢¤×iMÆ’Ù¹ùÑ±I£A¯P(Ò¼0;;¯P(,fãö}€xP”T*¦Ânåy!8¿†%I’ˆ8–­v”[ÌÆmÎs§Y‘ØúO²x‘Œ%Ú¹8AÈd2™ò2‹ÍjN$SÙl–eU&c‰Ñ _ê?°U{!¼àÕ°¤yÁ?7o(Ñ;«íÙ¬$‘¤T(”ÊÔ»x/Ä€—?”Í¦ÓÇò¢˜ÍÉJR6+‘R©T*Ñ5àe"ŠâìÜ¼(Š«†—Ù,6«y3D<(V’$¥Ò|4–X5Üd,ÙÞŠÃ0å6Ku•}Õp­V½½"+¥B¡×kK-Û¼?éZˆE‰Q1ƒ^«Õä^J’”Éˆ‘Ša¶×/ñ X©9V§Õ?$eD‘Q*çCÿÜ|6›-³Z¬¥¦í=úñ (‰bv!e¦¬¬4™LONùÃ‘«b’É´R©(³Y¶1ÏôÐ(”x<¹‰‘ŠQ.DbÑXÂ^VºÏU?Éˆ¡pd{óD<(J¼?E‘a…B?%”J¥µÔd-5iÔ/d²’´?y"%µšU©˜D"^ˆF£qŽcõ:­˜Íf%I©Pl¯o2â@QÒë´³q!|4?'LÆµš‹Fã™LF«Õl/  k2@QbY•£²L©TÄbIk©Ù^^Ê0J…BQf³lûIˆE)›•T*Æf5›MÃ(Šx"¥ÕjJJtËnožˆE‰çyßô\(´|“"…B¡Vsåe–ÒR“’ðÜ€—†B¡P©–[¾P?³¡p$O(Ê2›yóD<(JÇ:*ÊìåÖ¥!Ùl68¿0æõ…Âˆð1Š>!>LR¶ÐEÙ5JâÌd¨%¶¤ÐE?½/ž‰N&¼|H¢Âïƒ
Rš8KµÎ¥W
] ÜÕ–U­êdÀØ”³³ó<ŸÉf%¥rË7/B<€?1
ö‘¶”Lµ¤À½°IYâ£ì#kûÞN"/ˆJ–ÃÁBáÄ3Ñ?p¯M_^§oP*¶ÓŽ|ge%1ÊGÂ½-æŽbOÙIoæa_î¦ºVYíR·s®}·‘$)•æ…LF«UoïÁ/q]Ï‡†¾ýì7?þB—cWKz®\öÄŸÓÌý?ßÁ×¿Ëù»Öì#þ;¿½2ô¼6
Ø}¢OH[Jj²Á

%©M¤-¥è“çºçÇÏïwj³J˜Ý¼òù×·zî÷õõÝºrñòOˆßÎÓWWXÿ7Åßõ›ßvá×`#“¯M_nR[vC6 "¥‚1©-6}ùdÂ[è²üPR$¼ôåbv²(?Q&#Î‡"¾é¹ÜßÔôÜ“‰™Ç£“‚?1ôxîÁˆ?¾KßEšË(Qè¢ÀžpÛë˜)Ÿ?êEi?F¿^è<£Ëõ-åONV?|¡æ´ð|ã?ýÐ/~MÛ¼5áöÅ<W:…C§/|À-9LülïÕkóç^¯×îøâÊ;~ýÏÄ=Ãˆ/§>T§o(t)V3pÆ±øãB—â‡b^9È¼r0÷?å¢8ùdée„L ž-ä^JDRVR(¨²ÂfµnóbÈK[ûÍv]¾ûÞ"‰ÉH $híV#£Øl ˜æE?ÝfPÉãðq,%#?™lF“e3‘€ŸW/?Å%2Ú2‹?Í­V1%2FŒü<·¼Ud‘asCåu?Û*¸Å“a’È§‰ÓìŠsc[NjÿØ×2)î‹ìEM”˜éXét¬´÷±ù,ÿ›*Œ¦W\‹UŠþþoQÃ™šz¥&&¯Ýó§´°wÞûá!_–8ÆùŠ­Ù¡QPjü®ÿa?ˆˆ8ÆÑ?7·•ÊçÞcå‰¿ÕµëF5s&ð'U¥6³–¡­VÂ¢ÿÞw‘ö·ŽØTDb*X “ÝÌ
LYÇy×w=S®UQî­ùŒÖn3æíÅÑP ÉX¬íæÅËÍÖ¸X¼¥¦—SŒ‡aQWf1pkjIŒý¶tyüµC2‚È°”
"d)·p
“ËÿïreŸrÝ :r«'Úxú`ÙÒX©ÙGýýO’<1æÚ}µ4Ü·ò`Çu¤…ºèÈqÃè]_åñãUù?ù¡¯¤æ}ñ¾?¥k<eÇ/¼b¥5”
f7t„Øžôÿ_eµ‹=q¶ÐÙ*c1¸¼;1J¥V«6ôjn›'˜ÿõOÿ²s%Ü‚D2m(Ùùs[  ŠûºLGªör³Ñ(ñ’³ÑÊQÆçÏ_?¥¥tt²ëúcUÝ¾RŽHôß»xcZgÖ'}½·ŠUûJ9Áß}ùú´ÖfägºîŽé]Õ%%_ùfÀ7>H¦¢¾?oúUõ:%Å§î?MÇf¢©ÔìÀµ{ñªæJ]¡?0¬²Î>ŸìñkÔÛ8Šz®\~ÒñðÔƒ¯FÙWêÌù;ÿãöÃ¨×K%üC_uÆª›+u
òwýÏÏÊu­žºý?U-5%‘è»óß?”jLÅxâý¿º"ìI…%d:Ø.þ{hÆ`t”D”›íöeg•ÊývµªDët•ÔUf&ïŠµoWv¸•¦ôÐ_‚?ô†×NXë¬™ñ»ó#j­ËL?¡hÄe={È\W)Mß]žÛZ©jŸã'z|õ›PE£•#ü?_\K“ÿþ¦Géª/åÖ«„)úøêåïyc¾Û“pÔ[¹-UÂü“®¡ÒCí6Å<W®x¨ÌÌ{¿¿Õ=DÕ?örvò~¤Òi’f»þt}ZgÓ&&úo<ä«öYÕ¢ïÎg·&²B"xt§3bo®ÔÅ½×ÿòÝxZJG§ïßõëÝmhä¡×?é&Rá'Ý·Æ4u%_ù6TÝ`e?¯\é?˜œšO¦ÂÞÞ¯½šWêÌE†®üýADH%Âã}7GÙ†:ËrVƒ}¾ø}T•?ÏŽvñUû¬ê˜çòg]!U6>;|÷Þ¼µÑQ¢ÌUAÑÉP$öÞ¹³ f÷?‰æþ·7WêvwB˜JxKµe¿Ÿ™úîq,œTÕ×˜"¢ÔÄÝo¯,‡Žµ¶Õš)àWÔl««Þ§_¸q_}êÝCm®j[Irúæ¤XßTo˜¿Ñq4–ëˆˆDßÐ÷3Ö–ýÒÔ­XùÛgìwUïs•˜êåùd ZçzNŸú¹’"™;×ˆLõrùÅ‘GDÄÔ7´hDD¢˜%"ÕFßû£Ìf%5ÇZKM‹Ñd*1õJ¥R2J¥‚QnùwU³8aÏÄßs-}øgo8Y":ZÛûûÎçõ\`¢§êÐ¿¹íD.g#‘‚(ðàzªýÃWk"§ÃÔ{éAà§6"ò‰Uÿ|¾ACDT×û‡{#ï¸õD”¶ú ÅHD¼ùêï¼þ«½ÐÖðÜüt:ÿÄ•¥’DDdh¼ð?;70nøòæxÒÕ %"¾êà»-&"JY¾¾86×a+§uÖõáš¦–;=Þ”£^C”{4ôÈ©b¼vpÛëD6ØUfâeƒ¶?³"†(2Ò/µ¼nZørá‰ÛèR³j†HT2D*ŽS«Iš<5o)5‘º¬£-õÇ‡—‰ˆ«Vs¤69ì>7·Bò÷]JµÿúuCD’«÷“;?«Ï7,¬©„S#·Vœ{¯Å¬ ªªP}}gÌu®n+•phžw6iˆR?;'ö]8ß !r2?ÞK™Ìª)ž(âõTý¨ÉNät5å:$0Ž:äkŽ»¿õú;¬6_ÿÝtÛûê5DD‡ˆ”$
éë?xµ†!¢Zî÷=ãÉ:÷Š3…á’†Ÿœrªˆ$—ú“žñ¤«AklzëÝ¦Üœcú/nåOºé©}ë6"¢£Å‡nVýèý6QûÈÕOï~Õa#¢Dyó;­"ÑžùŸžì»7¶ÄgKuT±JMûkŽ1ô>šw(UPjêÑ#Ýñ<P£!"?«mñÔ?Ç‘šSç7ãRU8ˆ=c3MÖ
†øÉ‘û†ýÿË@SDÄr+ÇÜSr×2w®-ý_Ô2qz&@D.§F¹ØÓ MÌæËm¥åe–mÌñžE<²Ø[/QYíu£¾Ðd·Öº{ïë»uÎj»½Âf`(9?'Æùžî\31?\0$ÉFD55K×.mŽºñ'1"=UØŒ¹?\‰Iæ³ÁS¸_ýðX~lóßùmßâÿñÀø”o.’&1¥:ù:s…Í”ûGc(‹}×®k[}kâÚX´¾Ù{@Í?6¾¨O´£fŠúÈboê›i­mjˆ(ë‹>r>0›,tyã®ýúU£&£™ŒA»t|ªÖ1äÓDD´0ìO(…(?6Á?¨Y½?-¹0_UÑ,G…Íîò?/PÃšJ˜Bc³ôtåFŒÆü†0Õé·RË­¯BMûÒÇ®1‰ˆbá·?ÈVë¾}÷Ú?ÆgY…ÝªÏ•Š?øÇ}¡QlNÔºˆR‘ˆÅÙ¶8‹Å3ôUe¥ò§ÐêÍkû:WØÊr&
­ÖL™\­’ŒOMù£ñóQ)ÿtu2:[Wg[|¥ ¢Xx¢ªîmygwÏç~…ªäƒ$FÍREiîS³:½(þàþÖ…{ò(é<UQªæu|2Ý\êPEc^2´=ëkÛßføÝèd[EmzÜ8Øt’#žˆÆü»ÇDDÎ†?ÎÕý•ýL÷­¬jÕ@…µ,sçšäç~ö¿T®?‹'çCFCÃ,ŸÄP©˜h4Á±*Äx®DZªC³b&÷?Ê~ô§ïŠñP`Æ{ý“ž¦Ÿ^¨"2T¹ÛëÛ¢´£&J‰‹“QV\3s(F‘?Kµ½}¬ÝÍ©âC?›[ž?±®µäÒã@sÍÄ mÿûEzžj6ºú€
.Ä¸¬Õwˆ(>rŸ×éïÏPTð†§ô•+¯h´Jâ³KÕS6“%+“ûa,qì™±ÞtÅqkµúÅŠµòdÅL®Ìk*á"*sµ·TÉ#¶´o¿^œDœöŽY\'ˆ(4“¨¨ãˆÈ~äƒ÷Äd$05úíÇ=õ?¿àæ¦nýî?þƒÓíu:–™íê‘›ºçýpl[dðóË¡öwŽjd™„'pcM)¥U=4ò†ˆÙt¡¯ú<_¢oøI”±zÞ§´¤½?<ÒèØ¯U;(’æé{{sUµï?Åôü½rÎ®"â÷L*Øœ‚e%"Ò´¡ûNH§y!#rœŠÉk?¤ÓiXVÅ™¬$)·~ó¢blè/Œ072è4DúŠÊäÐ“Hn(?5ñ¸Ån#¢ŒÀKÄè-öúŽCû?i+j2“3i5ËiXNÃ‘Ü-Ì72žëR/ã£Þ–*Ûf‹…âÀóÉÒŠ
#§"JÎøf¶1MÝþª¾?ïúGêšÅú¾çîS´dL`"MR02@êÖzm™USæ2qñ?'øU£*íúýáÄoJ"’ÒQÏCÁØ ÏÝêƒQ±:³å•6uèV`"]?’O[fO<ò†sGÛüÄø˜Ëi[§&›½eÊPÊ•0G"m±¶”q??Hd««¹~£ëÞÝkWg4uAÏÀÈàõ{BK£1÷0R0Z“½á`{ãx$B$ò¼¾¼Ê¦g|ãDD¤¯rŠýÃy¾©Ô6Ï©d™½ÊÈ2
JÎøä3À©?o*Ä“ÍÙâMå†ñ)?¨ÔîöŽN¹!á‰1ÆYQôGã'G†ÍšÖR›µ²®ã =PIU}U¨wÈÇ‰‰©ñàæß<S?À IDATY×šyø]ÿýRWÝ^í‹©:|Šûñ/òÿWcvÆÇ]xŸûñÏ]ºJ¥b”
… dÄìrgñd2Íó³?'¢åæ¹ƒå+&³}ŸÞö’?¢Ôø§ÓÕ½úaXW^¹úýã<~¾Š!"ó?·Ûo~óÉŸD†ø„Æýî[5‘¸à¹úíc±´Â,Ìø™#Ê‰ÍçÝ·®~ú™È2”%?ëÄù;GD55ÌèåOÇyD¦þÜ{UÅz,yl-§K¾üâÊLN•Ø6é8·1¦ªõh÷ãmïÛvw×@(:™Ï¼MY÷W9ò9Ô
uj°+qÙW4cc,œé¾5ýñWDD¶#¦·”Zz_a-;\?Ñé‰Ô0v+µ´¿sà»«Ÿ^YJ$¸ö½é`H®­„kNž›¿òçÏn³e‰)o>wÂmÞJ%Ì9›UW‡ÂU-öŽwßá‘”Ç?$òélÓ¾ÜÊÄ?ç›ëÃ¢ÅaÊøæTçÞ´‘óPÇØWŸ_¯²óz£\š^?zó«ÿü#éX"mÃùó-Û¹
cm>«ÿêó+~§z!QRZ‘¸0ré2}ð¯GGÏþ~é?û9Sqèí“5u§ÎGÿ~é“n†xª8záÕâl¶ø,¤àã‘@kÛ™ŠÅã—R~âó'¾ý‡÷Ÿiãïüñw÷DgÕëe›÷œQXl]?ÍÇ?Ë×–QÅOÿ¥}¯5¡~ÏÿÿíÝipgžç÷VV%P(T`qß‚‚„‘")R¢šliÔ’¦{§çè9bÖ;¾"¼áµcã{½aÇ:aÏ8¼‡gf{ÜÓêKêV‹-¶(QâDˆ xˆû,Ü(?UYéH€ P A$Hêû‘^€UYO>ùP•¿çyòÉ“hGÞ|—1].Þåt¹œs·>ð¸]ªÍ6«‡º{ÂaÃ½Öû(¿úèÓÇPÕOOYËt(l$Ó0DU•U<h²0.Ð|¢V¾VìŒº%žq‹ßê‡ñÀ…_¶f¿õâ3;x ÿöä3p[€o ¿ÚÿOOb7fDÆ;$uïãÛÃä­µÊþ¹ËˆçDù‹[ïacàâÉÏîêbß¢é)“­—ü)•÷t//¯JÔ?ƒuùä¿!ËŸ}Ž¾nêýgó’žŠû%/1?;£·«}û7º"k1ó÷ÿ‡cÏ?%Ù@?ù?ˆhGÞÜ¸zYfõ°ˆÄ¬ú^å¦)ƒC#í?½³³ºÃaW%6Â†‘šìÍÉNsÆ>t*ŸÕÃßÔÑ¬?í<0êƒQO£n‰gÜ£¼©zûÕ;;öðkq_6E"¦ˆˆ]•0Wî<UôIÑÖx×¡3=?7¯KÞá{®o‰ò·ÞÂjÊ®£ñ½Mu'k?øŒMfÆ{F%§rOå’©'Ë{|Ÿü÷/dù³ÏÑ×M‚–4©O$Ä<]=ª“úD‚ötUiõbÿì¿\þ 91¦xÛŸóã¤(âõ&ØT›ß?˜ž‰D"ñ.-1Á½ysÒ²Áâ¿¸‚Ã/sGLD¡fíÿžã‰ßöÙáÔÄç‘™?”çŠS“¡?’Ù?ôK$bel3"ú¤GÄ»ã1îEÝ´ãhiâ£¯š´†aWzù?ôòùí~ä*`Í2ãr¯?]š»QñÓ0†1?I}Â,K¬Üèº<ªHw{øúå¹lén·ï9¸Ñ5Z#»ªú6%$xâÃ¡°iš6Õ¦9êªïœ¥Àu­?¢j„D£®õ†Žß5%R˜&/—KŒC|nq;etJB†tÉ•ùºUï0˜°²ÑÖÇ[¾b-Q¼;ÄñØ.æT])ë´.ÂÏ2—Ý]–XÙ=Ý~'pûi¸Q±"¶-©,±ÒeæoùbNŒÍý xŸõKEÑvÍ±>'öÄxêü‹oÉÎÙ–-3!¹Ý'£’á•îa‰‹‘ªBÙ–+•r­Sþ¯ß0†°‚´—6ºÀºqÙÝ[<Û7ºÏ!ukÅ3â<]þÇß—½[EQäý:¹Ù-­œÍ!Cã’å“²l)Ï•—Ê$/EÒ7É_þãFWð|!ÀSäþ?Ø&ãÓòï~&mýÒ;"Š"æüA—_ºür¥Cj¯Ë¿~Gn“ÿå?å¿ýá×ð<á†>ðT°)ò¯Þ’¶Èð¤üW'u7¥wDæ­[¢gX¾º-ÿõ?Èð¤¼X"ÿê­©/àùD<€?gSäÕJÙ‘+?ù7?–[ÝbÜ÷ÄPXZzåßüXfB²»PŽV=¹ªžoÄØxq±²=GÒ7É/ë¤shµ·õË?~&é›¤4K×i‘À3-4¿¨Ýý»™îƒk`ã§KM‰LÏÊÕNñO¬öUc¹Ý']Ãò;ÕòÙei¼óx+xÊé†ùÉµ`|ŒMµIz¢=Æ¡d$>ôí2ˆ°ÁT›ÄÇŠÇ)ç®KsÏÃ½öj‡´öI’K¼Qmkï+<‹LSB†hvS¤kØ˜Ñ¥ÃEšûÃ§í…ü˜¬M—ˆ°Áª”dŠaÊÐ¸Œîµ!CúG%bJi¦|Öô¸jx:}Õ>2¤`³=NSºFŒ®ÑðÀ„!"bÊLÈT”HÌÃß€”x,‘öAùì²|ÕrÏ2¦«1S$!Nìª¸be*øë¹Ø®BÙœ íƒr£ëí°Ä·goõ‡Ä”ë½z²G?š1Ç§ïDVm24“âÄñ0ãÄØ`aCÎ^•“—$.æá²ÁÃ›íîµhKüó×ä?^–ËmòŸÿ??^Sù›ÿDväËÿ÷¹”çÈ®"ù°žx£®uöJ·™?=#Q¾¦fÌ«=zŒCq:”i=’™dW”—L<€?7™ž}èºb%Á%ãÎJ`æqT-º/›ehB.s14l„þq£ÝŽ¬âz³žQc<ŒÓlÁHA²}oQ¬ýA—àfS¤ U‚ºÜêy¸‰IÉr¤RòS¥­_N^’Áq‘¸9¸]*òDËgMòu«µñ›/Èö\ií™ïvjh•áIi”¼)J—þQ)Ë–¢t¹Ù-?«µ¶9°Mö–ÊÐ„Ô^—,Ÿtùj€õ¡Ú”8MÊ’„ ÚDµ‰¾çajÆœš1Ddl:25IŒ{@> À³Ê¦Èþ2ñyÄ4¥shé—Ä}Ô”È¿~[Re6,ßÚ)ï¼(ÿþ}é’ÿ§’—,3!Ñìrl—üý'ò£Óò¿þ©¼X"FD¤âîÞÚ#oTË‡õ24!ô²LN‹;NlŠ¼V)Eéòï~&ù]9¶Kæ¦N}w¯ÄÅÈG‰°>6»mù›=£w'iv%>VÙ™cš¦–Ûƒ¡±éHP¿§Óh`Âh÷‡+²µûÎmÑà™¤(²9A*ò%Á%¿¼ £SñÚ·öˆÏ#¿8//ÿ¥üäœø<òÎ‹Ò3,ïž‘ÿìoåÐ's\EvÉ‘JÙ‘'½#òÿ·üñÿn2,7=+ñäoŽ‹nHi¦ì*”=[dbZþÍ?åØÿ ·zDåÛÖU|¬²p!?¢ˆf—Å±…Éö-©Ží™ŽcœK?yÃ¯¢#‰ÑxV}{·|k§Üê‘]2õ0dúD[}ù_·Ê·vJú&Oœ|g?$ºd“[bì¢*’“,±šÜê–«""·z$5)J?ý£rµCb29-6›lNW¬ŒÉ©Ë""Mí²#o?Ž 26'‚‘‡2£›sw?¨ÌŽIMT.<ÞìVKÓC“ÆâûálrÙ&gœèÏ€gŒjgŒüÉaùçG$dÈ{çï^$°J‘ˆ(bõèkvë‡oï’?{EâäçåG§eF1""¦(óß1«ëSšIØ‡*Ù›ED’\ŒÀºÑiîµûÃ3ós‡4»âPeñ¢D6Eì6%Öq÷±l¯Zž©í/Ž}`ùŒÀ3C³‹æ?-érh‡|g?˜¦üõ‡r¢áÁ/Üœ ÿýïY?OLK÷°ä¥ÈÑ*È;/J¼S¾¼%IñbWe"(ç®É¿ø–Äh""7ºd2([Òå‡DD*óWUÏ·¤gD¶¤Ë_ý3™’ªëKëÕ
ù/Þ?éYùy­|wŸÄÅÈ_(G*eg?|Ô ÿÛ/×Þ2ðÍqµ[¿=òOÞGLE‘ˆ)¶ù8`ŠL#?Y+?85%×k/Jq¬¦³æyˆOì>@°l6ÉØ$é^ñÄÉÁm’œ ¹)24.ûÛUeÉI–œdëç¡qùëE³Ku±ì,?HDÛäNÉÀ˜ì*”ÝEòóÿFúÇD‹ˆÔÝ”÷ëä÷öË¿<*³!iî‘’¬ïnzVþÏãò/?JnŠ¤$JÝ-9°MDÄ®Z÷vÐâÔ$.FìªÄ:$.fµã«Ä÷€?â‰w>?½ø§î™#‰ÈõÞPbœ-Ù£*"SÚýá/Ûî®–­‡M·Ó¶Ê›£)¿úèÓõ¯ò*?§§D›Á
ÏŽ{òå'°E‘ÿôÛòÊ‰?Í!=ÃÒØ&Ÿ_‘úæG*69AÊ²åZç=ç¥Hj’ÔÝ¼gË¸ÙY Í=+^š¼ÜÑ*™ž•3WEDþ§?”—·ËûžÜøÀ_ùüíÖÕ¬‘í~]&—:õú¶YãÞ‹œš’à´•¤9æþy¡uV7ÌÅ+Úíß»-Ã±š
<£ð|KtI8,ÝÃÒ> cù¤QfCÒ?ú¨ÅŽËà•¥Þ?;Kœž•ÚëWø?{IŠÓe6,¦)±é’?¿~´êDD$Õ£úâÕ?‰{n“ÔM=lŒ%d˜Knƒc³IÛP(5AõÅ?xvñžv£Sòó/ä—d, zXæŽŸrñä[;ek¶Øé•.<ÄÈà>|n55Q5ÅT%¨›AkŒÀˆˆ™»î`©ˆ)?Y3²º/â<†'ïþüÔG™px¿NÞ¯ÛèzÀsÇ¡Ê‹…1#ÇÜ…È§oÎô?x?)E)ŽdÏª.> ÏEÄë²Í]sœãµ?"3¡{úŽÜ±J‚Ó64Q‰D¤(Å¾+÷7K^@<žIš]Iñ¨K&mIsäo¶§'Ú'‚‘®‘°Ý&åY«ÍÄàŽ˜I.Ûøtd6lš¦¤'©ù>{žÏ."›Ý¶¤8Í¾ºõL€gUŽ×îP=löŽáˆ("9¾»gø›ˆÀ³-=Q5"’ë³Ï†LUUî?¼6ÄàÙ¦ÚDDb?–DDäÁwF¬DU"«Ø
Oo
<
â¬]²;°ÑUÀR¼)ð(ˆ°ve©ƒ],Å›?‚xkW“Û™æ™\Å†xBÒ<“5¹?]X#EÓ4W±écC<€Gò»;®‘žižÉßÝqm£kk§ˆ"æçV.€G’èþùž‹uíÙ×ú“']†I·Ë“¦*‘dw ,u?qÏ:›ª1ŒˆÍöð7,X'ÄX5¹?œ›‘j³¶ˆ‰Ø"ŠjÛ˜þ&z¹€§…]UEÑõ°alÌ2ÍŒO›MqØÕ±‰YQ#6ÕfSlŠMY‡û?­ñxŠØlŠ®‡œN-lD#¢(Š2¿ªÑãfñxºDLÓ®ÚLS"‘ˆiÊÜ«ð¨K)ŠB<žBŠ¢ˆª>é%Œ¸4€å¹ŠFpt §··§w`|ÆX4´bÌ„ŒÇws‰pHŸ1GÁ†þ8«-"FH?Z3?±áÀŠÿÈå¯Åc{;¾ÔßûƒlÈŽ§ƒ³îxçºgNÜþâ·¿úüVÿø`Oooçõkµ—»ÔÍYin»È@ý<Þ›¹=3~Ýö¶ØÀÅŸþä“PÖÎôõ,^½Ywò×§Ã÷©¶iè³†¨ªm—©˜!ËùÕ?'ïÊXSÅ§ÚÏüæã3·:'É9©ñK½½ü•!=,ªºb¬},oÀ“5˜qÅÅnÈ®Ÿ“küMŸž
¼óƒ>ÍzD÷7=4%i?½YSv~÷OËmÚ*¶\%côÚ‰ß\?-ÊÊ–Àý¶›n=õn{Þ÷?”¸~'OÖÍä–d‰?uœ¹]~´øõ?)ó<žòWlýüïäþàµâ•’åº¿ß(ÏG<ðwÝœ)Û»Í·è¬Póïñ=‘?ÛÚº¶¢êÉÚ}´8Å;ráJûz–»hUG~°9iô«Ökk,bÜß&©Q³Áú”ÿÖûíøFy~Î¤¦gC"+_Ù™é½ôEÝMÿ¨Äf—ì~©"Ý9?''ØséÜÅ;½c†;ysQÅžò´Xcàò‰ÚÐÎïìJ·J4z¿:~Ãýòá’ùSb½ýü‡Yo¼?eÜ9÷QOú±}Nñ7}ð…Ô¼æë‰¶#3äoùêÂµžþ€šš·mß6õòéÞì#/å-ïW=)Þì@Óµ­ú¨Dü'?¸fÉÛûN¹oñ.’R3vTí,LrD{µš˜œ´ª6ÕGo~uáZçÄ¤#6={[õÎ‚D»ïœû¨ihRDÎ}Ðã_ùkò–Ñ¬ºü`oSýå›]£Ó±I…å{ª‹’4EDfîÔ~Ü™ñòŽÐÕÚ¦®žGFÞ¶}/'ÚýM|Ñ2=#úøGÜ‘¢š7Ëåò{u²ïÈæÞ/¾ºÚ“qä?wyî¾""Á¾Ëu?­?=¡¸Œ¬òêÝ%^«Aî>¾Ù—½mçÎü¹]|Ó=ñÀWRåk¨ýøŒ¾{GöfwœC]vª×yá¬”ï>öV¼L5ŸþÍésž·?ÄŠÈdóÉŸ69÷|í`¼6;~½ö·L¼òö¾GJF†þ›ö?Êô¹| w6=4à¹ã/Ù17$h»ÕžT¼[†‚~ëê\cz(ÐùÅÙìh;ò7}ø^Ëæ?‰×Œ©Ûug®Å§¬õVÙ)[?½‘Ñ|ò—?yû_)r‰Ø"¡?¯>üp0ûØáïø4}ºçòÉ_:û?£ekmÔðÀ…_ŸîÏ{éÈ[›cŒ©Î¦ÏqRÿÝ£¥‰Ù{ÞHë©ÿÑy©>V?,âˆš@V!Ð|âWÝ/¿òÎ~?jŒÞ>ÿù¯‚û¿·Ã'bÌ½g?âÝ^ß£÷ÔŸ<âÊ¦ïWúÊ^;–Þúé{Ù{DÔ‘Á?¨óÌé‰²òý¿»/^3E¿ûvHðöÉjŒ?räÍCÕm­=õaðå·+½"Ã—><9Tþ;oHtÈ´¿åRkÎ®ìçãOàÑ<'+9?üÁ+¹Fû…_½ûóÿ÷ï~ú³§›:'ôEËþhÅ{ö$9cN_Ùî
ÇÿˆˆˆÑu¹n´¤æÅŸK‹u¸SvÞç»V{Õ/"¾¬’Ø®¶þ¹Í™Î;e»Kµ›]þ¹2':oöç–dG93^iG7¿2ª¾4·#§¯ôÀÎÔû^Xð v‡ëPEUcZ¬C³‹LÜ®kÒjöïJ÷8´XWbÁ‹‡Ê§j¿n××º‡É–¯.kå‡«ÒÝ±Í•T¸gÕä¥¯ÛC¢:´X§]ÄãÐbÚZ—â¸vi¬|ÿ¾l?ªˆØ“
«w$6¶Ì¿e?´ÊSÜ±Í“[]•>Ñ74)¢Æ:\UT‡+Ö¡Å.„@µdÏKeIÎØ{c¡9pù‹ñªƒ/f{TQ“
j*ZD$8<4ZXZ”äPQ]¾’}dËsDÄ™±ãÐÑ·ÿäÏÿÏÿðè¡â„Î³Ç|îîÉqªïîDy—3AÆ¦‚"251ÊÊN½{†«¥feO?EÄWXîºÖÞkˆÈLO[WAQyA‰óv×°ˆÈdO«¿8+%Ú™ñŠ;’ï¢7j’/c]ß˜Øœ—±èr_zžtúG×ZÞèÈ„¯ Ã½ð€âKÏ“¶‘‘G¯ªˆˆLøû¯Cïíéµþž‘ÐÈè´õtÆæM­«ÅÅKo`zÅ¢2R¢Nešð÷„6©³½»ðÅŠ83r³oŸ?QßÜ90|òK¯<ÅžŸx°@?õø
*_ÿv™»¹¹3xßMÃº.ª}Y„#""îŒ‚”]=†;[‡ËsSOv‘³¡m@d¢³9XU”õ¤oaw_FH‡mi•Bk./bèc_Zž±nwÐõ™%?$m;º#cš
ëKGN’Jß¨ÌÐDÄU|ôûGw{C½7/|ø“ÿÇÏš'ëý%žÏË¤
SdÉõ-æ?¯r'¥Èeÿ˜¤Ïw?cþÇ¦?sK…zò¶å_ºÝY0ys¼äEŸˆ¸óJ³ÚÚ›ãlš)|õ¡–EŠ÷¤8®vö…²3­ùHzW§HÞÃ”±”C‹CæÏk5O‚§×?÷ü[:9Ò/ÙÅ+¬.ôàÒÝ›=CÆ×|D˜ð÷KöÖ5_Ê°DBb²t¨ñéWAÕ¡‰a¬ªÇß?”"=ª;==ê4OJAYJAÙs´é×'.÷ìË|ªâÀÆx.Fôö3ÿôÁ™“ó·Ë5&.?oê/(Î¾ÿ?×´¬²J£þ«kþ¹~f½÷«ºvß®âëéØìœ”–†/®™[óæÂ@lF~VWí¹ÛÎò‚‡[4UÍÚQ“tóÔ§_uŽg&ü­O6?¯x^l„ô™?>‹„gCúLH×£uÚkñIîÑ›í£2—Ž¼Å»³{/|Õ´®Ž¸Q[(Ûea$1}&¤Ï„f#8÷óòÛ3û
wdßùº®ÓºDbòÖ…ºÑÜ²ÜUtï¯ª|GvY±^áÚðüÇŒÿæ?®^)¡y<½­wæ¦LÝ¿Ë_Ë*«Ôë.Ì¿¹"º¿ùZ÷ŒˆèÝÍ?SóMj§gT»ƒl ÏËè?–[sÔøúÒï}13;÷ˆÃ‘]þÒT¤?èöXjÊÎ×Ÿÿüø?^U]2­Û²+Ûz÷¼]Ë-.ûüœoV¢õ@lv^Ê©¶©}Ùç-"îâ#àº\×tö£KZRÞŽÃ‡=§ý¶ÁÖÏÿñìüýÄNþüšˆdíŠv#0_ùá²žßžøÛ"Žâïüñ®ÂC‡§?ûüŸþîË—L®²}G÷eF[VhºõÔ»;­œÿ‡k"â;°üöj®â#ßžüäøßžµÅ!#)÷à[/®êÞÕ•¯&ïzãÈ¥Ó'ß¯ÕmqjhVõ”Tí-z`áÞm¯V÷ïÇu"jåá?Ï¼Ï¦jÊÎcÇÏžx÷ò¬æ°"jjÖî½y"¢Æ†nö‹Ÿ[&ÇŒ”ÊÃGRîSÀ7ˆò«?>Ý??§G¿¤ô‘zÈ›ö°ëé˜†>+ZììB¿öÞÏÇwÿé‹Ù?¼Oc&$1‹í1=$Ý÷éÊÚW(ZUùò?÷2{Èc\ÚD…<á7`uzF7{×kR÷Ãy.&-¢jŽµœ+êã>Mô7?¾Ô9¿NÎŒÿÚ—WGË²2ÖcŸê’=u=³ÁÜ"ª?µmÖpŸã‡<Æ¥M´PÙà^ÏÅä¢g?¯ ¸÷â…ÏŽŽÎˆ8)…•¿»ûéZû <)®ôòéå]à>ž·ÉEÖŒxÀB<`!°Xˆ,Äâñ€…xÀB<`!°Xˆ,Äâñ€…xÀB<`!°X6,(µcàé¶?§ÊTU‡??Ú;ðt
‡UU7jïuf6¼Q{žN3³a‡ã›bb?àÌFíx:‚311Ž?ÚûÆ?ØíšÃ>61½Qž6cÓšÃî°Û7ª¹rQ¼Ë$`.„ÃF¼Ë¹?uØà…M<.Ó4üãS?Y®TÀ7P8lLfüã¦i&x\[™¶Xïr†ÂáÙÙÐtpÖ0s£ë<1Šˆªª‡êŽwnàœ¢_ƒ¹ëž†¶¾á¸k2ñ€…xÀB<`!°Xˆ,Äâñ€…xÀB<`!°Xˆ,Äâñ€…xÀB<`!°Xˆ,Äâñ€…xÀB<`!°Xˆ,Äâñ€…xÀB<`!°Xˆ,Äâñ€…xÀB<`!°Xˆ,Äâñ€…xÀB<`!°Xˆ,Äâñ€…xÀB<`!°Xˆ,Äâñ€…xÀB<`!°Xˆ,Äâñ€…xÀB<`!°Xˆ,Äâñ€…xÀB<`!°Xˆ,Äâñ€…xÀ;º›j IDATB<`!°Xˆ,Äâñ€…xÀB<`!°Xˆ,Äâñ€…xÀB<`!°Xˆ,Äâñ€…xÀB<`!°Xˆ,Äâñ€…xÀB<`!°Xˆ,Äâñ€…xÀB<`!°Xˆ,Äâñ€…xÀB<`±?ot<ì›½]O&°Xˆ,Äâñ€…xÀB<`!°Xˆ,Äâñ€…xÀB<`!°Xˆ,Äâñ€…xÀbßÈ?‡uÝXüoU‹Q±HcV7TM{2‡eº.?^çG,ÜÐuCÕ´õ­Åc=´è»3TMS•ÇR#8:<4DTW’×ã\º—Õ—3«ËòJÎ×_ìëô.Ü÷??5.É—à\º?õ¬ÝéÝœ¤-©gxbxpJÑÜ)^÷Š5t]ÑŽñž¢ã#ãÓa‘˜øäMž¶§1£ŒŒ‹!¢:e“Û\cûGD‹¦E{Ê=¤ˆj®¹ý??bØæ_þÈ¥° ¢OŽMÌFD?ñ$¸µ•ûåÍp`r,¨‹Ãµ)Á¹ÁÝ÷ß?~;Ö?÷%lLúgôXOé®šª‚eg6«5ÐðîçW·½üg»RÖ·ªÑ5þè#yýOª’7²ð@ëÙ;rßxµÐµ{_'Á¶3?kÏùÞ«Åqë]s¢­îÌ¹æ·/V‘àÌ°á©:¸GªóáËhx÷s9ö{ÕËkl;ó³Ù·>ïBðÎ™wÛs¿ÿJÑÒ*{/Ÿû¢aÄá?WEŒIÈ½cÿë•)ó'±úà¥?O\×4‰èc“ñßzy‡W?6××ÖÝÑ4™Uo(r/û+3†>øMKfÔcœm¾XßmÏ/Îöyerx ñzƒžV±âßlD¹sE9?"ñ1¢ŠHXFL¥²ÄÜžb>t»ŒØ~rEŽ¾Ù¥Élç¾É“Ã¹_¬ˆˆrçk¥#eþå÷–fèŠØM•qVÀÃšõ77µvlÎ›Hd6ŽÉ,ÞSì?ròìnø²kÌ®Å¨bÌ¶ˆ7¯z[ªs­½™?nCGD¤°æÍE§òúpKýÙ???½üæ®”5õÜ¥T}ÿí
5j#¾‰†¯~vz:ÿÍß/÷ÎÿRèÃ-?þ€¬%¬Ì™àû9b¼¿xÆHßdþ+øêü‰øäÍOÞ;Û?ñÝ¹Sy£§áDkÊ‘ïV§i""“·?yÿó+ioU%«"??AgÕ÷~?Ýú Ñ{ë}öBkúÒ0h¨mÉ\©á?úÏº³¾vhþ@?qIÉYEzÃ™ÆÌC•QþfGZ”s3òúÞÈ¦…ö±5?Š¬o~wF^Ú«ˆº¶lpÿÒ”K_(²ÝÜå[Ÿ²ßáñ±`ZÉËö¹ïßé®¯.4ßöÕ”lºw;sòNSW$¯üpŽKD$<|óËæ«=»3×õ\åa<]}bš·hß«î«gë{?Ul…ó¤fáàï¾5SZZæ]tÞ®y‹ª·¬÷¹ž¢j1ë=¿k5£j_á¢NzwVN¦1>½»µÃ»½$mþHÝ…/TÇ¶´ö""%û*ÓïvBhé¹¹Ò56uoñú`c]waÉ¶÷¯w7\O|±*M“É;uÇòówý«ýä£ºÖ5µê@RK}?¾ì%JÏ lÉ¾›DDÛÙU°Nçñw÷#š¶~s?Ö·4À7•=¹pGæ|6‘8_ªG&§ƒK·›ì&ådÎ÷ÙÙ½ÅEIc]ƒ?'ZÙ{<}§ÒñE¥%?'{jÒÓEDD¿ÓØp¥«kRÓ
ª÷T¤ÍÏ?ö7Õ7µuõ†â|¾Ì²ŠŠÜ$Mvœÿ´+ý•}¹N3Ð×T_ßæÇfWÕ¤ûO~)5¯—'‹ÛkOö¦,5®u­µ7—ž¹mwUqÒüYL°÷êÅ+Í=£Ó1IÛ«ïNœ0ƒ}Mê›ýcâÊ-­¨^é$Ó¶¶Ühëêš·'wkuua’*"â¿z¼N^xÅÛ;WHlVqUMùüyÛ*1F[êçª??SQYtÏsáÑ¶ÆÆ+wn^ù¸.TñúÎô…£¿áøU×ÁWJ7czæ¶]UÅ›VèŸî½|¡¡upf6Î“ž¿½ºÌªö|KÊ­KMÍ}†{széâ–ŒR±ÞÖÛç¯t÷Í:rË«
î÷a{/×5\ï›·okõž©N‘@Û¹ÏÚÓ*ô,l6yûóÏüùGöä,ÉÚA]‰ž¿õñŽÖmÍ}þáY‡79·º¦"maCëxÓ1IYEw?W"Á¾ËËß¾¹wö?m›E†š>øRjûú–ÖYÄÔÇ»[®·´õ¦c\éù‹d‚Á1‰wÆŠˆÈè@›šVêYô¬'1Eêý5Ë;êõà´x7ßÓ&Æà•Ú?¢ÃÇ|·nFßÛlw{ìö}ñb6ü¶QÛ÷öwÓ438<QEÔœ’¸sÁŒe¢D‚aE$zÐ'•¶;Êí1d“Kvm‹¤Æ.¼L¹rMiÈ´*™Éæ®Bs®dcF¹rU¹9%â?’Â…IJÊõóŠl‰lõŠÛŽß’všýË73•ñ>åf¯ôdZ•4ŸùÂ3Zû[¥åm§:eRDnÚúm".9¼#âØ.¶K÷´ÄÅIÙ³0q½Óà™i½|ÝÈz±Ø·Ðãñß>ß³cW–{éÆz0(±ZÌ’GƒS!·7qQ·”ÍíòGGfÅµtÛ'äé‹¢&lJ’Î@PÄ)Æà¥?NŒ½þêwÅJpèÊ©_ŸÙþÖ?œ‘‘Æ§†¶;¶/Q“ ¿µ±m0«*Ó™?Ãvœûèt ÿÈ+{½šÌ6ÖÖõ?dY;‡{›Î…ó«kŽUi3ƒ?Ÿ?<uÝûN…W™nùä—×â÷zsŸG5FÛ¾<s<¸ïíí>‘`Ç¹ã§ùG¾µ×«…‚½M§ëD²¢ÁHë?1WiÍk5šˆÞ×ðñ§õqo×¤«"Æ´?Ð]W›¹}×‘ßqÉTKíoÏÖyÞ<”ç|˜Â?øu{ò¾}ïð¨úè?†ÚÖ1±~ÿŒ?†ÏŽ”¼|ämŸS‚ƒ×Ï¾w.ô½ý9Éééú‡·:ÊÒó­_²`ÇÍ5ëX‚H°õ“Ÿ5Å~å?nÕm«;ýQðÀwvlZ¶Ó©–O>¸æ|aßÑ½U½Qö½@Í÷_ÈTç[ò´ž_³ûX…šìºtæƒO?·Ž•&¬XMdøÊGÜöíÛìp¼cvüæWçÚÆÄ•ý÷¡«îœ^ñÂ¡wb³ÃWÎœ:>}ðÍšWffüé†¶á‚
¯®üm?þä÷ß{zê+®ôþìü§µzÕö,_¼sÉ·Á¾æv#£âH¥K•Ðdëù>»ùÝo—¸ŽwWÍ«{“bŒÀà­kíé¥""Ýõµåí3¦ýëØû»êÎÏlßuè?X™l;ü·Üß9?FDï»uÇÈª:Tëc¢ùü§§š?½¾Å#kbô·5ÏæìKUED¦'Æ%1çÞ¹BZ¬Ã˜?öÊ©¶æ6Oqå¢ý†{Î”¾z,AXq£~-%_D†;[·¿aS(NoÒÜ¾´¸–a£(óžNw³0[ijUÎëR–.ñ±K.JVúÛ•ˆÏ<\"ªÈT‡rü’ííšH¼ˆl§¾g–y¸\4C†Ú•Ž)³DDD.6)e%æ›±2Õ©œ¸®Ä'šy1""Ó³óÄ”‘Yù2êfºÒÒ'™Åfe¬ˆ!·›”Ómr4ÚPÆ\iÎ4óH²\úB‘|³Ò'¢˜šH°Ãö~—¬ˆ¼/Æ„íË&%¸ÕÜ¾üOð?`Ûäó„zûr}V×¨Þ×=dÛ\¾,Hxx ×HÚê]:s'˜–øÌ{zgíMÌúÖž„§krÑ»m¾VÓm—/'¼´¯ÌëTEQ?É5¥þæ®€ˆG†Æ
J’4U5ÎWübUæ’¤3ÞÖØæ{éPUš[Ób4wVuuÑ½ýâ³)/–'»5-Æ“YYY050¼Þ8¶m_M–GUDìIù»Ê›:M‘ÉŽ+m®ê}sºòjªóW˜å-?°«(Ù­i1šæÎ)È5º‡GžÔŠ^¨ÎKrÆhNoÙÎrG»Tdõ…}--“¥»j
}ÎMs§ì¨)KœŸ$¼Ót9©ê@©Ï©Š¨ÎämUÛ›Û§E¼ùÛ6´÷ÎfMv\oOÙšësàÊ…‰Šý5™nUDÔ¤üêŠ„Æ¶å'ˆFßµÆÞÂE;ÝW•~ãË«#óÏO%l¯™kI—·°¦¦4P³Û¸O}Œîæ¦Pé5Å^—£¹“Ë÷mO˜\ñ×Á(¨ªÉOpi1š;½êÀ.×?Æ¶I-»¨t¶µ{d¡Š-?RTœ¶tFˆ³àÕï½œctÔø³÷øÃŸ¿òÌÕ®Ýú{sæì>°-+É£i1.onnÖÐÀˆ¾èx·¤¸c4-.)³rß\6Xñí[J+ÞU?ŸàÒb\ÞÒÊŠøk«˜œêýå™.-FÓâ|¹ÞÁ?Ñå3rVEïm¨ëHÜS¾ìˆïŠszÄ-ý52'š¿¼2¹£ªøîç–Þ}ñ‹ñòÇU00.6kä!!>êØSÓËÒˆ3'òv‰~å£Ê??¶}ð¥íz¯2ßþfööÈÖtÓ©™šfnÊ?ŒÑEDúÛ¤ßk¾P`Æk¦æ43J#%óY¦°$’ç15ÍÜTh–Ûex,zm£oÙUÉð˜šfjN3/E†Æ•ûµ¿jjš¨"ªfjš©9DLåÚ)/?dÄ‹ˆ¨žÈ®iêÝ¸kÇ.!5Ïèžÿ>™îëqå¤-û¢ùoßvå$¯fòªÃá”H$²þ•]¥§pô@ôÐÌÜÆ¨¿Ëç*îí›*¨k]¡)—3=7ëËº“öŠíÙ>ï¦$ç²ã0¦&†}ÉÞEƒ2Þ{gY¤øî^:®Å:etlZ$~b¸ßðæë}½½û”ÐÈXP¼£ƒ¾œ—…AoJ´Þý9Ö"’3c£ƒ2™r÷$-Ù{·×6Îé‘?@PD[má?±!£¸rÑ9aLJfštˆˆÃþa¯«`ønÍgfc‡g§Dâ<[Sê®wLæ•¸E†Û®+äÇˆŒûûB›
f{û«16”çwšêÊ&§ˆHffÚÝvV½)ÉÆ­©i1ÆWªOh|0”YµèBVmsZšt­Ð”¹iÞ»ÿpoNw×ML™âV3‹·}yüv÷6o¦*ÁŽæŽôŠ7¼ÑÎÓœéåÒËEÄ˜?ëm«ÿâ£Æ¬šïíÍÑDÄ4‚þ±€aLû†ÆDfÃ"Z`lÈÈÝýï7êÛ·lFMŠ÷î©¶Ó™(ƒS—ˆˆ?‡&GüÃbêk¹È&<Pÿ›/úr÷¿^0ÿéíÀ''ÇDuÜÛ›hþìãzµâÍŠ»­¯·×?T¼ùÂÖ\rz6é]D‹OrÔø«S—Ì~3ôp‚;Ú.gjä¥Ô¹-”ñåb‹ry@Þ©451%8©ŒÅ*ƒ“2.¢‡E4elR²³%jû/j~qj2Œ>siÅÍe|T‚†L?+Ãã"y¸öŸTúMÉ+ý!zFŒ€sÃ.l0WZ¶«¹³/?–ãïÔ³
3–ÌÔß¬oño.Þ“íëbùWÙlpRl®?ëÃ
G‚ÃwJ’SÄ-íÚsfT-ðˆˆÄ½úÝ×ª¼zï­ú¿øÉ?N·L®ÏŒ®Ï,y$©ôHyZŒ!]÷.oh‹õÎÚý´îÆäŒHlbJšwk]®ºp]ŸU½÷)ë_†±´µb³vîß’ 2××>v­mXÄèn¾êÜ–ï›ßë½·Ý‘¾ìâƒh;3zªÕb?2"÷©?ÒE½çhmêjsª/†ñæ—yo´tÌŠLv\ïÉÙ–÷€†Vc<Þ¼Š£¯mu·4wELÿÕß?ÑÐ7iˆçKONXX\GŸÍñ.Miúà'7ôq¸7¥¥xÖ´ÒQxôÆ™³ÝY‹—4qz69†Ç&ogè³†×µècÈv×R'÷,iªwÔÑçvL4764\jh¸tsPdðVCÃ¥Ž¥ã9›RÔþ>CÄ[Pžxµ¶îÎhpVŽ·]¾å1úzÕôäûv£«š¹)+r¤BÜcJOPÄT®Ÿ·?lV¦Q?fZ‚,4GÈm½–!ZlÄvüœriH1DâÌäØU¼d‰°,ý¥ö˜G
MÖJ€o2-9=58Ø3.bø;{ìyI÷<ž¼s¹yÀ·Â’¦"ñ.—LÜ{ÁrØ˜•˜Çc®÷ÊžºÑ£ÿJC»g[•OD4O‚{<èLI?>ƒBó$ç•%ç•U›£WóñÕÞüšŒ»Oªž¤d[ïxYÂ|?îp_»HîƒöïIL–.5>-}ÙŒpO‚»Ï?÷|›MŽD[ 1ØÝÒíÝýÆ¾â¹³UÃè|ðQk«-Ü“˜,?#£’:ÿ›gŒÌ–Ÿä›Ö’ÓÓ£´–š¹mWÓû·»ó“[nd”üáÜ0E|R²ôªîô´åóã¼SuÓŽùÓñÿ˜Q´p‡®á?.ñìrŠ^©>JR²4?IÚBycþ^‘®=ž”äùêC}}ñIÕs%º‹ªJ¯4´O$Ì\n;ý—Ä\Ö³î˜¿³–¿£a$çÈisŒ?ŠŒ‹ˆH’7Sšý£’±ÎvÜ.ÞûfåÜ5÷2>Þ`ípõÌ@ó™Oo$ì}½jÉ*¢¾ôBµvq§¾Ñ×ÕêÈýÖÂ¯±>Øðñ©©’·-¹ÝA¬wk”ë‰£P3·mªmL«N.zõ-×?¦Æ“×¦´„œŠª|}ðR‹»øå(ï@dY„}>+—t9üb$u®>Õ27%(-ãŠ¤­sB?¯ùz©Uìø¤"Ó~UŒ]f†âe³ˆÍe¦Æ¯oÕÏ2Õ—Ÿ×u¡ÇŸ•ÔÛŸ˜²eñMœÌ`×å«?ñE{WÈ"¢%%¸n?ŽèYcÿHpSJâcè¨\¥?=0fôYÝúÒßvùãwÛá}é@éÜéà¦¢ªÔîº‹Aë¢Cc²·©mDDDïiéžšÿÒ6‚Ó3ê’iâÎ¯Þ¦×}V{cpBŸí»U[ß¶šfÖ2K‹ô‹_Þ™ï%œõ7ßêÖEdSþ¶ÍÝõó•™¼ùÕ¥¨KN9ãÔÁÿÜkcôÚ?V‚¹Çj×2sÆ.]´ªgê}—.5Ï?ç-(O¿}±¾kþ…F ïjËðü)–;·$ëÆÅOý¥Å9ÚÂ±îÐëë¯-Ì—Ó‡[nôEDÜž,ioï×ÚÄ¸g§o$n-¼{òÜ]©wîxõ‘k__?”fj÷©?–Y\:Óðõü~õÞ†‹Ý+7M ¡á¦544ÝÑÐ8?¼=~¶‘šVX¼òÙ™…ñ?%ôŽÚŸ~X{k`rþüÎ˜¸üå•ÁüâL§ˆË“.~kVºì¾qsx¡Ø‚"õRýå!«]‚]-ÝQ¯ñ}Hnw¢úÇçŽ%ØqýÚC.Yf:ÎR«oÙWæ}þ¯Æ:45­d«óRmÝ\k?î‹›SË‹­–Ò‡¯|~¢Õwð…ü˜»/ÔSDK)­¬ªºûI²Hò–ªªÊœå™Ñ]T•Þq¦¾+ qé¥{^~óõ7Ž¾Tžæô]ªköUG¹tAWÎŸ³?oU¦æÁŒ)åÊuJ?§Hœ¤ŠŒÌ?x˜JO»,\Ì’š.jŸrÅo†`¯­g=Ú?Þ)2¥ŒÏzÍ(7æ,Š™à‘že*ZIpÉ­E7EL-R’*7lúˆíf¿""ºßvé†mh?—’žm®´”Äþ;õm?ÔŒÔ»CÊf°ÿêÕ›áÔŠ<?„õphîÿ°ˆHh´£ùvÇ˜."—Q˜¸y¥c2$"}¢ãú?pVnêMoôèÁ?ºÝ°~T]®äÔœÃß{-ínêråx%|±î½Ö‰Ëa"îì¢š5Vo=óþÉI‡7^&Ç?”/ZzŸW-¹êØ›ÞÆËõgš%>­¬âpMÛ?~ûà©›«Žn¬=õA?nsª!]õWÖˆˆxJí×Ï}ñîë?.1¶Ý›ß~*JÉ/W}öù?~zÉ'ª¯²¸lÅiõ‹¬¶p5½ê;/ÔŸ>ñ~½æPu-woUÍØÙŽ¹çâŠ“úóýý)qº$h8rK«k^“SZÚp¢«hQ7»š\ñÚ‘¦Ú“?¿¢k5QS2«öäˆˆ8ówV·?øíûW%çÈÕdn®zuoÝ™“ï×«5Q³¶¼þjYÂBooÊöj_Û‰1­IP?-~á•ê¹ƒë£¦U½RS_{üÇ×5—è1i«·?ÿv¥FÊ?¸]¯ýéÏÇT$­rÿáâE;ÞümÎ›u¾ò‚¨ ZNõ£±±îƒºë´ÍáÈÚ¶÷{åéšˆÄí98ðÙG?¿âŽ?1´âŠ¢¬›ÖŒrusÕÑo5ž>õ~ÃŒˆ¨Î¬¢ƒë1?à,xñðàg¿úqKb‚jhù[½7zWñ²ÁÞæ–‘ëÇz}Ñ£EÖ]¥ÊŽ|Û8uêÃ¿·ê¼åõÃ£­£†ŒžúÅâæÝ·ü6Õ÷§83w¿êímªýtÀHØo™?èžNªÚ]³ÏíCL3wíPšn+v*!«ÉH5ß.65‰‹¼Pd;}ÉvÍ!š)E9’±?Ï|‘#[mç®)—"Šˆ8]òÒz,äÌ1Ž+ÇÏÚ41T)O•[ó‰dsŽYxIyÿ´mS–ùzáâ™Ù[”¼Få'§yiO$¯Ä<|K9uÞ¦ÛÄfˆ=V*·š"bLÉ•~qçÈffÀ7?–š•Úqy89Û·¨ç}v¸k(,Ò__Û¿hSoÕ¡âMF`°{Hâ2rEÄž¼µ¼äÚÍús½±i©%ÛJ7²_ùÕGŸnàîWË4tÝPµ%SÎ=.ZÌªF_Œžº^ò¼ózÙ}hY$¬ëí&k†®Ë*î?µÊÍÖú*cÖPW:ðùÖzˆÝÎê²¼y]7ïiC×ÅqÏfÁÛŸ¼ÛžûýWŠœ÷©ÒJõ1ÝPWy»å»1ºë~ò¥úêwª´€¡ë†Do“û´dô?>¢õâ&]ƒÇRçåVú“\©V!ÅS‹6?ÒÐe¥?!ETS]ßOÈˆè‰Úþ†®ˆÃŒzDËkbèŠØ×»n€o236lvûÆµl|VEQµ˜h'"Šºr6v|U{cpbnicª£¾¾#¹(kµÙ@Dì+Ü€y•'Þw~þÐ¯Z1Ìò?ûV£6¯º´î:¸b•Vª?²Úl°Ò®õÎ–‰e¥«X$LÕVl“û´äêOÂÃõ<–:/·ÒŸä
TGôl ²b6˜{ÕúŸÛ¢gƒ¹‹§W:¢å5Q5²`])ö§!<“‹#gZAzcã™÷úÁ?Hllné½óR°.ìNoÜF];èîž*Ýe–ü³m#›|Ó=#“‹<~OÅ€§ñ€…xÀB<`!°Xˆ,Äâñ€…xÀB<`!°Xˆ,Äâñ€…xÀB<`!°Xˆ,ÿ?]^û¶ïÿ?IEND®B`‚' height='200' width='200'/><br>
<br><img src='data:image/png;base64,‰PNG

IHDR
1K«Í/sRGB®Îé IDATxœìÝysgž'ø_f"q7’ Hð¾)R¢EK²lI–írÙ.»ÊÕ]Q5ÓÓQÑ3{MllLlD¿ƒ}³½½½;=[ÑÝUö¸Êe»më²eÉ¦E‰OñÁ"ˆ‹??ÈÌý DR$R¼D}?á3™B ?ß|.æÏ_^%8vÎ¿ÜµÓSØý©< ñr ñr ñàÅòÇ?þq«‡^ Ùl°UB@<xQ¬M›&Ä€Â“yàÉ=ª¬š÷ßÿ©Ç õà)”Ã®À?AëÀFrö
±$“,2‘X–8«01sØuÜˆë(¤1¬œþñÚ—sÓÓ$Š¢ ˆ£°|Zf>ø·¿5›Í*Õñ¼?>¸ßêÖ­ïò?2‘BÄÉ²Ì²¬Åb­¬¨,2‰Ä½¾¾\SˆRˆ˜ì¡k)ÔP_ëp–Xåà?½\e™X%ñùý6W%E§æ8b9.CŠ(gþñþþ?üÿQÅ(2«b?]ÂÁÅƒ……e}§-£ÉÔÚÜ\QY™ß“ÉHó…”Váví}€ˆd‘”É2)21
‘ÂÃË£"–?ìúíŸÜµ>+‰ÿúÿýß&F’y>#R\fÒ¬j%&LF‰$Ž”ßôÑ¿ûÍ/eâ?ß@Þƒ‹‹u5(Ç·µµ­í³•N§Ó©´ÅbYÓX?pO–¦Vã÷%ÀaPd’S$‰ëw®þO‘H’ˆD"?8žX1ÇíÚXQˆb¤ô'ÿåïœr*C™£I)Ür*-Ê²Íl^IB*?ÊÐŠ×ûÿüÝßý»ÿ?>/B___!‡uvvh<¨¨¨ÈþÀ0l•§R­Ñd7eYž_XˆÇVAà8®rMcÂ6tzÃ~Và#%IJ|°H’Hœš8íþÖêÉDCŒ(ŒÞ¹aUIœZ#$¹h’±ŽãšÊJÉde¹Kk(Ò©;´¬ÂfR¤ÖvÅ÷ØÁÅƒá¡AY!†eÞþÉÛùl088øàÁƒ]”¦×ž2™­{]G€?"SF EÚñ‰Ršd‰TºçâúS)Dœ”^ôŽÏŒO¦Iƒb´"¤šk+ËT2¥¥ŒwîÑÊR\o¶«¤‰EñdÊ€x°kbFRêèìÐëõÙ=W¯\–ˆ…†ajkk?ÅÎ[·o1›õ&ZK!’eù@jp¬)‰‰ÝOë¯H$Æ‰×ÃíqÅ³²üÅŸ>ƒ±hT£/š]^vÙŒ.{ª±Šed"…8»½˜aätŠQ«¸!‘aŽárÔMSccvsÚëµÙmv‡]’åÚê³ÅLDÉd²1{@6 (k&9Z;A!“É´ã(R<æ÷/&R¹m•Ádµ9ŒnÆ›§WÑiLv£z»e!ŠKDÄl6ÝqùGš"?S6X-…Äñ†ç½?Õëß|ç½ø/ÿ%*“:ž¨-w´¶4K’,dx³–c¤ø’?*ª¨Së´=?MÆÚÚ&ƒNØµÞ{‚¡Pv¸-..NMN‘ÍjmkmU«sWÐ’$…ÃaEyú{´¬¤x'O.ÅæÆû'—…?M?ˆHg+mjò84;)ï©â¾{!"ªè´7mÒÁ™{ãYêOØÜÇ­q
Ž´Œ°GË+”ˆßû¡¡‚ ètu?Äð*£åßÿÇÿYV¤ÿúüï5¥NÃETÎúã'óËwl?Ìf>úìë`4ò?ýü?xZˆE#ªcØxp?Ë¢)ŠÕjÍ6ôôôÈ²\TTÔÜÒ’ÏÙaÊ%%%­–%?òùV;­[û@!EqÓ'ÙŒëë?Ï«1fK”YYÅÄ”DBèÑ½ïc­/·¹ŽÏÐ€§‘’»o°E")¹‡#•ÇÆ'ÇÆ&²?ëôº
wyC}í^¾†e³óèt4Ô=¸{çí–¦»·îé™L‘ZEÉd‰U÷7?¿¬ˆ‚ŽÛŠaQ&ö¹ïRõ¤ƒ‹­míÙiLc±XIIÃ0­mmÍº›ö*•ª¦¦F«ÕQ-‘˜Wâ+ãããm? +¸)GOÝŸÏk.ën¯4®›UIG}£C³‹œÉ|HÙ@ëj½T"q˜ªŠ"8OQòÁWD¤m|óé‡JibÕÏÞÅH„[ßÿ($„l*!‘ÆÆ&fçæÏ?9½??LþÿL©Ói=Ù®—ä^j‘ºx991ýP–X?‡#ÑÅ•˜Äñ§º»Nuüº†\<Ðërà333±•–auÚ'.É•ìÖ9¼š·ª­ÝÝÝýýýÁ`ðñÐ…2™[”€/$šÛ6d"bÔ&×‰3öØ
{hó¤²œê8æN8ÒäTe?ÜIƒœ"îY/ßûú…„ÐÐP·¶¹ Û˜pëû/_zíË/„³¹ÍŸÎDC.•æÔÄ´IIRÄ4ñJD’WÒñ?ÂqEâŸÿ1Ù`ç"†ÉvV¹¾¾‘ybêT:uåÊUcQQKk‹ÃáP«Õ,ËQGGÇðððÝ»weYÊ®XQ[]QØ³&S™l¶­Æ0£ñÙ~5€ç‹´å?ÖäØVkTWvg7Y£sí£ââˆ´¼ m¸¼e±Ïææ‚ÁÐ†l@DÙÍ±±‰¹¹·Ûõ,OQ&Ãª?§Î(‰èô?;¼$–?5•žH8¶°$ÅüRáX…dþ9?½©ƒ‹jžÏ>njjæ8Öãñ<yŒV£©®®&"¿iÑ¿¤Ój8Ž#¢––«Õêóù²?&³egO/f
M¾Š’ŒøfæþeA‰ˆXž·—5Ô”ml|PR¡ù™‡³‘HR–‰ˆS­ŽªW©aýqbtajfj).ˆD,«3Ù›š«ÚÕh´ì½9$¢ÒæSuf"J-MÅˆŒåÝ­N9032Å22«Ö•xªšÊMë±Ò+?|óó¾•ˆ?‘)7¸ÂUU[·ÇC­à‘·ë…Áj?)og.çÌåD¤vŸÊ?$-Ï'Ç®l™ò…³»ï2…ˆ¨b³Páve»í< Ža$†áô¦êWÎÎM?NŽq‰DZá¤bl–žžïNtui´zÚtüÏ£ƒn=`F£V3£RmòÔË–”8c±X:?fFÊd†‡GL&c6K”••©y~Áç#"Ž-0«éLE3$ø†g§+ž6b!±ðã?ÙÈú$!‹bhaæûÅ`k÷šáË©¥á»SóÉ5ÇI™XàÑ@àÑ|cg×jl–WzfCùeYˆ,Ýû!ÑÔÝV‘=FNgSH&7«’,%EA â“‹ã÷ÆæÄüdKrZð??„õçl*"")0Öß?/®Ÿ?INÅbúU4ž«³Ã<ÏNÉló º²›Ñ9s¹´âOÏÜ‘Â3DÄY+Õ•/±ZcQ÷_3šmç—W2D»??`ˆˆ6` ÓétúšÅˆaX†ˆ(“’‡uðn¬Æj%93;è:Ù®/ÒÆ¢A?Ö@Ñqë[t?Ë¢‰i?FÃ²ìäÔ¤,ËB2ÙÝ}zÃ1ÉdÒl2—••%‰p8|çÎ?ìÌE³³³çÏŸ'"«Íö`lÌçó™?³Õ^ÈóšËË,s³™"W¼º’ŠâR«ÙbÐ©6]î@§7³Õ=U•n»A«bH‘â‘¹áû?"R|d*XÚbg‰H‰ŽõNÍ§ˆˆ5VÔ´{,ž•“ñ?nôaÒaÑÐjw¾ù‰YVknê¬.Ó±Dbdz¬.%Ëñ±‡ÁòlQ[‰>?²ÆŠºv?IC”–ÆgS”šŸ™wÛ<z"âLFµÌJ–ÒòÚŠb‹Žg’Ó+?&-f„ÙéYW§çNÅÏìiËËò%ÍÒŠ_èÿˆ3–hê^#¢Ìâ¡ÿ#]Ç‡\‘sûsI–ŸñŠÙn·mõ?^§KÂ3•^0–dR’FQ'»»—g?¥V•¹¸¸Ø2ï_pÚJ—ƒ£ÍyüîÆ\<?$‰ˆX–u•¹B¡`0?e™]ßÀ²,Ã2,Ë9Ž›ßÞÌdÄh4:77çv»Y–mkm‹D"›6>lNë:y*ÓÏ’HßÔŒ/»ŸS­–r·«Ü¢cóI?±ÔtŸjP¯‰¼g°zZ<Á[Ey)!»?(9?íMYêÛN¯.VÀj‹•MçËÄOùx@ÛÉÓõ¶\eyG}ksüîP˜òEmcmá*Þu¢5yýî’H)8åÑkˆH]ÚxÁÁ¯­,«.r5V†§|kXGyJ< ¢ôÌÎX¢;ñ‹ì&_Ò"Üÿ8=sG×òÎ³þœP$E–EY¤ŒÅY,%éë«=—.½Âñº•„PêR??Nœ´=-,=‡.ðäW*¨­«u8Šív{:½q:-•J¥R=Î›:?îÒë—ìGqqñ‚Ï—ÉdˆÈd6U¸+´;™ÓJe¬ìzõÔ¹ö
?C§É/eb?Àhßýkß?ÎÆw'R©7iÓéDDr*-‘°´(ñÅåOTƒç×K¥Û¶.Èð6»†ˆHâÛOÀÚj7n2gß€ÑÄjhføM*Ëé:"¢x²àà…Âl¾šWòÁWÉ‘/Òsw‰H
Ï¨J×>ª*iÌv4JÏÝMŽ|‘?ð´ðÂ$$ýÖ=ˆôz??8ˆÖEQY–2%XRTKiG‰EaE1•1¨õ’?b÷páˆ#ãàZF†GÎ¿ê`Æh4ú—¥Œ‹Å^{í5ž|…›ÉdX–]»‚J¥ª®®¾}û6‘2mµÖÕÕQqq±?¨ ¾E«Þàp58\D$‰ñxt9˜Ÿ?DD’“Ë£wGèå¶ŠÇó¬*²˜ŽÇWRùŽy‰ì¿}F”ˆx!%""›Ñø´á(FÃïïÜwù)kô
gVÏÜÊe)“ŒGù1Féì?(m×­à¨™›[ "»mËÙ1Á`h›H{EQ†eä¤$Ë"£Q—WT|ðþÛ¢’ÑªŒQZèôõˆ'ºxã¶#1žCVVVÂá°ÍfÓh4'Nt¦ÓéÁÁÁææfíê,Ã>9Ûiqq±ÙlN$>Ÿ/¬6kpÉ¿ûªp¼Ád7˜ì.?Ÿú~".Ëñ±™PEƒ?HŠÍMLEâ…DAwÈ½ÍRÁ±¡©Ùå§õXKah³û”k×>ã¬•™Å|IK~Ofñg­Ü0—Ñ…ïRvÚ"»ÝºÕÙÉ‹ææö;d¥ïËëÚP´ý§gW„tQ‘U‘2ÁHÐ¬+ÓI1œt½t¢9?îùì«³ù¶Ð)sžÊËËC¡?Íf#¢ŠŠ
†a‚Á MNLº\eV›?ˆTüæõill\\\ÌöPâyžçy?nOzÕ3†Šªšù¡?äX2IÄ.>è?ÉD:[i?Çn3hr
M]Žl<[~¦¶³g¥DÇz'¼)"NW^SVn³¬Î§*Ìö?L¬fÕàHcXzZ¯uåKBÿGÂý?³]Œ2‹¤Ø¢®ãÃ‚
ßAfgçívÛ6ë"ët:»Ý†AØÇå“‰8™ô¹õÔéÔ°×'-ËŠ9Eéííýà7‡¦¢žOÿµåüÙ²Ö–
{Î\<XXXPˆ†©­­%"·Ûí´¸¸ä'†ffg$I²˜Ív»£ÒS©Ñl¼ôçy~~~ž!ª¨¨°ÙlÃ$BaŒ!–R‹ó1™ˆte';*×®£œ^·H³NWD´BX^&»yOk±ËK³)"¢²¦öçÚ˜O%«Nð<`Y’¶‹J*ÊòZ]Ç‡é™;©‰o²?ºŽV%úù²¶§¾+}ýƒÙúïn¤?ö{ùdVÅ6¿}?"ÂwWïŸ¨c2Š’‘+++EI$I“¶ë/ñ¿ýçÿü¿ü¯ÿé˜5h<Xô/Ê
-úý¥¥¥ƒ?ˆN½Ô5::zëö­l§ú¥@`|b¢Ü]¾éé?³3Ÿf7SÉä¦‡=iyò¾WSÕ²a5±U™°o6;ÌØ\¤Î?Ðm(b`)¾fSç(ÑŒ­¤H\šõ{ÌÎõsw)µ>†’íS¤Rk×?ßrè:À6Ñ–+£‰‹#É±+ú¿àÌåæ)}ƒÉ‰ëŠ”Þ®³›ËË`0†V(ô”ýëb$‘ÂéuÿçïÏð¬’Lµ’Ša“Ù¬?"¦ÒŒJõÿ~ò'GI…Q¥- °çÌÁÅƒí'²?q&&';NœÈîljjjllœ??]ZZ’e…ˆžl: "Žã:Nt)Kn±d‹µ°wƒœ?å‘Å)]™§Øe·™´j•Š!EÊ¤„ˆnôárvõ‚¦
ŒDQ¢Ðâ|ÂéÉVâ³FÂëJ5¸*Êg&æEò?¨Øæ¦ÜÅJ:êŠ8ºZö})?"Ò,ŠPfa!Xc´çÂ?ZÚn!D–'ÚrþiyAÛp9»drvž¢üx¾¬M‘ÒRdŽ¶‰»Z2Ùn·½÷îOvqâ>a’RÏ´ó‹~RdR˜åè²?L¨8•Žã$Ia?á¬Et ñ -ŠÙaÇ’”éíí-++s¹\Ùu”++++++eYŽÅbŠ²I‡~¿ß/I†a²áA–eI.ì„-*-×-Î
²$ø¦f|S3›£ñt6–ª‰ˆl•ßlDÆ~¸ãµ˜œz)ˆÇÒl…Û2;·fì?ÊÞÐ¾í[ŠÉ©Ù?¾Y–Õi¸LJÌ®`œð.Ã&Ï³Ç´eµn_ï\FôMÜÌÚŠ?|b9%££B˜?îàùÅñ$m~GQÛpyí¦[7ŒÚ}j»lÀí~½ä'åÛfª¢µ²W­?F”d§RdIL‹6›=™Lê´ÚÙÙGÇ‹JR!™9ÀuÆÁÅƒù¹ÙµCy>|XRRRSSS^žË¦,Ë2“]Ü`ƒáááL&ãr¹8ŽËv1J¸`£qÔ?¸\¹òh~fz!K¯ëvÃò[yyƒ»Ø?'k]§Ïh²Ó¥"‘Ù§ót4603³së
V™kÎœ±y'§&EY–A&"–×•ÕV5”êè‰aÌû€±ÕwžÑMLEâb*°?""?³¢«ÑéÀÓÀsŒÕlž8r'k ³{¶$k0ºýý?:½N¯Óƒ¡Ë¯¿¶¯c‘7¥Ñhe1SZjU8&•Ió*¯V§„x‰³lb|Q–2OÌ¸y0þòêÁ<ÓÍo¿yr¦E–µZ?Ñd,/w›Í¦D"Á0Ì†ûÁÁÁP(DD­­­v»?ˆfff4j¾¤´lÇ•P”ÇñƒU©¸­ÿIe)#ÉD¬ŠÚŸD¾ÌíÜGŠ,fd"âxÕq‹¯°o¤$I×¨}&œš¸½ì‹?6>966ADå'¶½÷d…Ø¯®Ü˜[éãá¿øë”•ÄÒbÀê)M¥Ä©é¹{ÆB‘Å¿ýÛ¿e?vB8ÿrõõõrpggç?¶Ãnòò±¬˜C¡P0?…!æt÷éµ?‡ÃáH$Â²¬^§ËfEQf¼3?u»ª£âkób9U?Y¹ð2÷Ãò<rì§%Yzê§…b¸½ÍDÔP_[áv|£ACtùÒ…ÏþéŸ,¥N9)q<OÆMr&•Jj3¢E£ú7ÿýP$…6?ýæyvpñÀç[ØlXÁFù»ûétzaa¡ç‡ˆa8Ž{ã?7VËñ-ø*Ü1úà8SéHŒoºDÚ1¤Ú—‹øÃÊD‘BR¦ûÌ™«·ïœÔ*}ZËëxR8mÂTÂi–ÔZ^&…; 9+ÎÁÅƒb‡SVd†…ÖNÿùø‡ìCét:?Ê²<<4œL%‹‹?Ç?8qÂl6gÃÃÃ‡Çá½WŽ†%^ObâÙC¼~×«¡U‘Â©TãK’ÆúÉ—×.¿r’•ÙÙÓ6[É'Wn©8Riõì±—| ñÀ]QÎ0¬BD
1)
es<Î
Q8&†bJJK"žSUTVä×›˜??-))!"½ñà™1ñÊ»ìeÄp¤Ò»l?ÅC§NwN~|-Ã³¾z;˜gY–Ó©ŠLñX@––]½¢=F.ô÷ßßQ05M¯½öšZ­Îgƒï¾ûîÑ£GÙB4]]E&Ë¾Uà…Á°Äv3Ry¯Ç"EJšedYÅ‹MFkÒh5¤6%½¢â8æÙ»e=84yÓžpñâE“ÉÄ0ŒJ¥bÖ¤±ë×¯?çëTö “¬â´ÄªIN4á)Ç«9¦?ë¨TZžá%’cÉ•Ÿ½ûæW_}m1Ù¥ŒÂ2Ç®Õ`ÕAv.ªxz@PÈb±¨Tëj•J¥úûûµZ­ÛíÎï,2ÀÂc/†%NGœŽd‘”É2)òê¸Q†–X–ÕîÖE~Nñ+)I^­“DÙ]Y^[WçjIRF!…aˆ04y×–——eY~êa™LF¥RI’‹­‰ÄüÂüÒÒÒ“ñ,?ÞÓiz ?å‰xÚÉzhÇ•,“FÃ‹™Ã?V«®««MO­DbÜÃrpñà­·Þ*ü`Žã,³Åb.sí|í3€½?½G­R±
ÉDJ™«ä‡»C,Ëe'Õ<–Ž?1€ÝQE¥bYŽå8V‘%½NcÐk†Š‹‹?[§¢U84à¹Â²ŒÝn3ä}˜bYF–d?–/)ö4ÖU¿QYˆ›cˆ^=sŠˆ^?ŠˆXŽÞ¾|þ°+µ¿Ð¹r ñr ñr ñr ñr ñrT‹áÃ®*W‰õ°ëpÐÃÅvóa×àÈAç"ÈA<€ÄÈA<€ÄÈA<€ÄÈA<€ÄÈA<€ÄÈA<€ÄÈA<€ÄÈA<€ÄÈA<€ÄÈA<€ÄÈ9Zñ žH.Â‡]€”ê°+@D´ŽL]zµkhdrÚ»@Dƒ®ªÒÕÚ\sØUx?~<™™lm®ÍnÛÚšküKá¡‘I"BB80‡®}Û»´ºôÚKÅkv?A¯-vX‹Ö*?ëú·wâ¡»«µ€’üw?ê?v]¸èQ¯Ý›œùñÓ;ê×>ìppúD~KÅ;+ª;Û<~'¿Œ¿ÿŸoÒÅÏ•xxåŸçísuú?U }-^<‡â‰ä†l°–A¯íîj½öÍ§ÃZåqR pÄ_ÞáÌÿNJèÁPD¦§EƒUuçß<å$’3b<0|gèË¯#ßèpî(!<ÏshòÐÈ¤Á Û4deÛ†F§
,?§ðÝ‰åüf|jtJÎ^ÝËr:-Ê??”Å´˜‘7+ƒˆUñÆÒŽ‹'Éw:–Û©Èb,äó…¢kÏÊÄ‚¾GþeAVÖž/'—¾¥åäº?$ÇC¾¥åäúç”SË~_ ’Z»W–ëw*1?!EN.üq™ˆHIG–c™_€ZëA<‘œö.<µãPµÇ•¬\O[m¼j®ö¤›'ÊøŒR{“õn?±á·®¥š>|©”%¢Ì£žÏFuç/vØ·.‹±UWkøÉz£6þðÊ•©¤ÕVV”ñõD­]¯žs«EÿçßÇ?—ûF(ëõZQ|øÖM‰7«C~Ÿ\~ùí;QÆ{÷æg´ˆ?ïÂšÆWÏµÛXRâ3?üØT»]|äÇ{’§ã­'/ûï~>0§7•ÙTáï‰u]ï¶Øhièã›q»Cˆ
|IÓi'=º~e"lq¸ù±E?´ƒ—à)yìAq±mÃž¥@¸§w(¿O$³;·idxLWÑÑà½þ än³E'Ææ<-ïgï‘½ÊUô•×Û^Z­¡ä¼wÆàz{›l@DD¯"™$"2x.½WÍ²DDIÛœšOº+üS~Cë¹3µ":ý¸¡ mm¼Øa'ÊÌÿÇao Ån ¢•ž{»Î@D‘áo¾ž­?ïQûÆz‚ÖWÞê(ã‰Úæ¿ÿlx¸ÂÙasvþôÒ©ì3¹‡?¾¹ào±9‰ˆÒ¦Æ—KTDé™[áòö÷ºJy"qþÞ'a/7À¶æ¢µœOdƒ^kð¸ôz]?%˜j«?Ÿ?N¸=?1Ã©ŸÚ(<›{ÀXÕèô>˜‰U×k|³QgýIÓÓŠJ
ib‰#""!â?™?D”I&‰TöRSÏýÞo£Î²bg™Ëf`²'YË²©CÅ«‰(—!û“Åa¦ÑH”<´?KÛË²]Ÿx‹Ã,zÃq²¤ÿÔl š!ÊÄIÒ®ÖÅêÎ?¨ˆ–È}¦4wžÕb%ÄØ3‡Á Ï_S•ÇUà(ä-ñåímÞÏoµœ9³nT±ÚSãè½7,Q=X.?ýŠzë"ˆˆHÌyESƒCK$ÎÝû¼Ÿí~­µNCÒ£¡‰)""CÕËá"áP`fK =v IDATøóËko¶m=:#æ‡(DGDÇSZ’WH2ÃRdôó«¡ê‹'Û‹8Z™ò{Sù"¸\ü`9¥3òQ[ÏŽ‡C»Ê4èµƒÎ¿ô”5’‡F¦®}Û»³’kZ»ªêNW7ìg]uíšùï¾[ †
;³É‰étZL§Åt:¾<ß½ÿë<Ue$")?‘&{‘šW³á¥ÜÐçx$$r:KqyÝ‰j—?ŠÛÔ(5>õHTˆáá”Ÿ-w8ˆì.§van<&‘ô>Œ<¥:3iÎà°êxµ:
E7)Êæ®äç&F"Ê§æƒ;zi¶u˜­¹yK‹­[?+X
„‡F&/½öÒÎÊeÌÕæÍ0zêMý½Ô^¹19dÍôÜ˜!""V£+©n}·¹4ÛeH[QÛìíÿü³y?JUSn¦ÑéÑïgµ–—’¢¶©ã´Ž(¶i©Ddð¿ül(?‘%SÅ¥ìðh[Ëå“½×¯^`X™øê—O×é‰tÕÝe½ßýéºN£²V7aojk¼ÙÿÅÇÓ¬†wyÌŠïìÅØóç/¯âÓ?LMÏ,twµ>™–ákßÜim®ÝÃ…“ƒ×Ï_´S²Lìçmºs«óev³žØ«È2±ìfí»z^ØÄÂb¸Ø¾i†8>.½ršˆúúú
9¸³³óðÇ´6×ÄÂµoîÛÚšk²C?—–Bg|KK¡âbÛfJÍOQý«»ÊD›_Žïà}“l°ù^¦€B‘`þÌEÝ]­ÕWOïÐµoîäwVy\m[¬¦¼{|Ù™Ÿ–ñO“ðÂ:üx?]ùÝŸœÏ.q?µv:£=Ãª?¶q$âAÖ¾D(º°@âä @âä @âä @âä @âä @âä @âä¨»?M{zz‡Š‹mÝ]­½ö°«ðÂ9ñ`Ú»@D=½CU×R ÜÓ;T]Yf0èŠÖÃ®ÀäðãÁµo{!ˆh)ŽÇ…x\Èî¹ôÚK'ÿÝ?ú'ò[kr5¼úR…?)àÔÄÃ+_LXÏ¿yÊYh?e1-qj=³à`‰™L*%Š¢$Ë²¬(‡]€ã?!â8Žç9?†çU‡å|ÿ—\Z
]zí¥žÞ¡l0Èî,vX‹Ö‡Þ…5 Ôå/ñS¡?Û½WFLï·˜Ÿ~šÚÙ~V§.àÀUñ©ïny+Î]®5~À3Z‰²¬ôš"Ç0„tp0R2’œR)F,2è»:ûîðãAÖ»?9¿aOOïÐî‹ÓØj*#³¡x³Q-ÊÏÒJdQ.*3«‰HN-B¢Úf³hX""•Îa×¿z®’‰†IÎì0éØ|ãC&\ŠS‘ÃndåtJ”IÊ¤Ä4O*´!ÀAXŽÆuZµFÃgS²À?Qˆá8ÎdÔ§Râr4n6óÄG%ì¹d"MµNð^ûb–rx…ÕyZÞ5éf~ø±'¨v»øÈ?÷$OÇ[Nž}ŸN˜Þ>W§'Š?¼~}–sÙ™©ïB¦W^osò™àà÷×&SV—C½<vTUùç'’&¿ô’µñô9Ïñ‘p¸Vâ‚N«V«y¤€Ã¢(¤VóÄÐJ\8ÞmÇ*ø'ïúˆˆ¤DÈëgÏ•±ä%J‘ëÜ_ÔˆH^¸×´¾òVGOÔ6ÿýgÃÃÎ[¾€ØƒÛÚÎKgÊUDT3üÍ÷Ó±·K}?Ž±í?¹Üh "E™ï,Õ_¿å­èBç"8b&#ËJ¾Ý‘FÍ'“¢˜ÉãqÇñSJªJëOÙ,–D¤s—å®ãK¹´½,Û?ˆ·8Ì¢7§|<sQž?ÞQ‚?ê„äR8j)q¯}‰à`¥R¢A¯A68
…z­?L!<œµm›Í>Är«C8Ž§´$¯®'ÉDÌšË}N¥&•£º¡®(·£?UÑ‚—„T’-p(DQ*2p‡]Èá8V¥Ã®Å>z±î…Û]NíÂÜxL&"1è}1xJ×tS—xJ…ñ™ñj^­æ••xŠåKJË2þ)_šˆH"Ñ4‘Ád¡p("îéÂ>“e™)d~^8(’tœãÁ±j=x:[Ëå“½×¯^`X™øê—O×é×>¬®<}rùvÿ'qY"C}÷K–âŠ3çã×¾»ñÏ"Žµ7½tÉ¤vÖ×9®üÑ0yÚÕUzx¿²¢ gÀ‘r¼¿™?ÛüKáüŠyñD²º²¬àbœ§>|s“ÝúêËV¯Ýa¨ìz·’dYfÙÕ–“Œ˜Î?Ì;Ú_»Ü®È²òøqÞÞôÖûM$Ë”ße¨¾ø~õº=Ï¿Ã?mÍ5ƒ#SOîw:¬U×>=iþÚ?:38<¹8ç¨i_ÛŒÀ°ì“Ý9žLÈp¼~<(vX/½ÚuXÏ®6;<m?³ö°jpd~<8\Zsiá˜Ž7t?€ÄÈA<€ÄÈA<€ÄÈA<€ÄÈA<€ÄÈA<€ÄÈA<€ÄÈA<€ÕaW 'žH?L.ÂDTUéjm®9ìKñ±¯ÿts.û3ßöÎÏ»?ÜÓOJyoüþö¤˜Ý¨ï·]Î½«?0ñÕïnw~ÞWcß­Œ~þû>_~³¬ó/Òd<ÔlêH´ÄÉ?ñí´w!âqazf!›v)“Ey/ëp<‰ƒ?Ž.+O?.8vo5Àn©uúµ›æ"ýÖÇ¢#Ñz°´Z»?ƒ#S—^íÚi9ÉÅáïîÌSDD¤ÒT¶vtÕšyÿ?ß¤‹v8‰ü}_]?Ô½{±Ú°“be1-qjþH$)€=µ4Üç­¹P¥Ûî˜ÄøÝÞäÁUé¸Rk×¾Êœ†/ Õà‰xOl¼ø0èµ;-$9óã§wâîî3—Ê?,ÉÉ¨oxÈ­1Û×ãlèz5®ÙöRh“ÚM}wË[qîríŽ2ÀsAš¼ó ÍÓig¶: =w¿ov_« ÒÙOüqÉ`\ZÝà,íÓü¾VjYÜD¹n]ä2ru¶p$â?³Ø:4²n?A¿Ãkx
=ˆµtŸqg{ó²Zsù©sO¥.r¨Uùf9µIÚb‹)»/“IÅs™H ”VÛœf5‘,§S¢LR&%¦yR¡Ž?•Ñ»“õoÖm‘~CÃ=£Òæí]Õùª6î\? ¡æü{ÏÕ0ƒÍiõk?¹·àˆ:ñ Øamm®™ÌmÛv<49±Hi<.óöGùo\§Ž_u:‰2þþ[ß…Œ¿Oª?s±Æà¼q=b*KI¼“ÎHµ]ï·ÉC×‡'’&¿ô’µñô9ÏNsÀQ7ûÃý¹ª³îM>âcwG#‡Q¥ãˆSk8¢lÖâ5êÃ®ÀŽD< ¢Öæš*?ki)d0èŠÖŸŸERñÿ6òÂÀ7K¥o]n01D-ó·>›«<©&¢¸±å?;C²óÞïï,øÛÚÚßêÒ]¿å­èBç"8¶DoÏH½»Ý±a·4ÿöÜ§PÜ7<º?ZÝÒ–µ7»ž¸â?ÏŽ.®ŽiÖ—µ4—îCºV„å¹©áñ)Ÿ?I’Úl°;*jëœ›ýÁ*’]œ??ó-,F–“Á¸D<o7YÊkšë?Ç¼½?ÕGÃI?1žºÿ`Úï[–Ôfƒ«¢µãD?=ûk+qßÐ?¾©€?$JZmYyM{g“Û¸î%1-DÙ&“qÃ+¡H±¥©±Ss?hpYÊö§²8jªê«<6·e×/€½w$âAvìAv€r<.dÛvV„Šç)#f
=<°?•ÌÄýA""•?L“šˆÊÙNØ,Ï’´¿}*ŽŽHï½±Ú7Ö^+?ÁïÖ†"n±¿?ºº¹¨w»š7ÌÓ¿}g<–Û(¹Ø²÷Ù ½tÿÊ•aßš±Kéå¸oyÔ79ÚSÕõÁ…z#³æ‘‡}·~˜òmè$ŠÁ@8è?ìï«:ûÆ…FëãAB ¿<¿URµòýg³b¾¸øôrÏôlø½Ÿu9“ãW?í?Î—œLú&‡}“Smï¼Óí|œt&Ûj<°­}1„¹ž¯n†Ö¾ØR$?¦G8›ûÕKgkŒÉ|ÜeÒiF­ÞôßY‘Òi‰S«_ R:­¨Õ[\£I©4ü~?Ré-?ÉU[¼åöD&?–¹ý|ØG‡–ákßÜÙ°Ó`Ðílõ½Ù¡™ð.,7›žÒ¿(‹ãx²”¶4—äÞ¶Í,ÇSàig3nûì\ö‚5xûþ\íwþƒ<íê[Îýl©)ÓMù|ëÏ5VµÖÞÉ/†?\ˆ67šÖ<.ù&òÙ€¸æz?f?+/ù{?ýl|«¾OééÞ?$úðõ|Bà~ïÆl°¾¼éÛ_ëŠ>8[¾i¿ŸÙžëÉÈ“³».?ß¸ÇyæF§7)99øÍpí/×ûÖ™ª†™­?“”´ØûÅÍÁå'O_}<$¾__þ¾?>OœýÍkž'ßÒBÏï¾Z9û«õŽ5áá?ßðóÍæ?Xúüãç;¿î.hHV`ä«Û“«‰åxZm°¬Þž°·½q~û™ëžApäOŸ,žøÍõè“ý<:äx°i6È¶!?LôÚ*?«°’l-§?Þ›÷nñ'NUÛ´L&?¾¯¹Øb7YÈŒ’sÍ¥‹ÝåÔ~»àm*o4²¤ÈñpŒ³m•+&…C±ÖÀ+D¸yÇˆ¹í¤3öuï2‘4zg°ÁÝa#""i±ïŽ/wÃ‰÷t·;F¦|OÖxÚÚîLÞË]2û¦‚k¾ÉRÞ‘‘ü+¾³Î½ÇW¸™¹ž¯òÙ€³·v]ló˜u¥ÂS}7®?$‰Hší»ëu¯NÛÊ•ÕÕGFcDjsIm½»Âfàˆ(éžÎ]?K#}Små›®V–Œ,g+k®(â2+sc¾àjTˆ?‘ÖT[[R¤Jû¬!+ã“K?öüW¸±þõ÷ê7”›žî_Íœ­æÕ­n-OD©•¹¹ñÉ¾É PQãÞëdG“4u§¯É½q¥Â\;ž}ËÓà¸ZÞtÞÁÛ?ì'*x¶GÛ{?kËýûúOÞª×·œ‹bOéu&*Òa˜Õsê?ãÁCïÂ6??Nˆwv¼õÊðwwzÿØO´ºî?‰!2”6¹f¿ÿú«?šŽ‹ù£m-—OÞûöÚ•Ž¥UÔ?³lÙìà¬¯s\þø£aò´ÿª«´ðßà¨cmÝž¾¯²?ˆ’½wÇÞ¨×-?õ®ä©xù„[³0²ÙÙöšVç½>vce|Ì×~Ö•»²‰M?Nç?«:Ù¼××6±Éû#«è\ÓÙ÷N¯Æ?µ¦ûõTà³ÛKD$MyOU­^îÛ=mZKS½³híå—«Ì¡þô«¿ÅÒì’Ð´q`@öY*ºòmíŽkÿxcññcE5?ýywYöÓ´ÆôéÇ¹ÒHZŽÆiÓQ«"ÁÇå4ww×¬~©55ÍöšæSa¿`Â÷ëÂ^¬¹?Õ¾þnkzz OmB8x›R}£þê®u?1ø 'fpRt›óŽ
†H…^žW‡ßz°Í£ñ¸O$_A[ÒrùÝR2¢¢Z3©¡òÌÅJY&–%zóW?÷ž|»’(“!UîE0u>~”œ¿ú0hõÅ÷«)WÀ±Â•Ÿ8ëöÞÌAžëë›÷œuøúî®~÷˜›NÕHØâd£§¥ªÏŸËÒÈÄ\—+Û5":7žÿöâš6é/ñlÖ–ÏwÖ¯oš`Lîz+-…iãå¾µá¥Í5­N¢ÕúHx…h“xÀ5·?É .qWÐb~9{kSYþ£Ô\RQ4à_W³‘¢moÔqùéŒÈ;ím.ö¬e ¶:^úÆ®æéoúæ=?{¸I‹}½B÷¹ú¹/§‰ˆV¦n\÷–]¸Ôð¸…+:võF°î?³•èÁqì”œè¦zÆêßkÎw~ˆ?ÝwŸ<Ë}y3»9õíÕé²¯×=î›¸v5PóÖ™‚§YÌ„§úú"¤­hè:{Â¥Ë~Ð%ÇŒNÎü1²»šOw5XÕDDK÷?ù?Î^´M÷ÜóIÆ²úó¯?°ÄÆ{~š\ÊmÚUDD:£?ËNƒwÆæÃÍúIà¨:äxPUéòo›v±>1*þÉ.@[]Ù«
~?àx24œjœËN`*?ôèÝÓ«#
¸æî–­WL#"?§ÁÃM¯Ž`žšš{ÙS£!
Næ‡òÕ7”íõý#)Y3TÈ?ÑÛ;³îñthõòü‰Ë}IÃáàb8AD©è\`…HŠ­y\R6}J‹eëuÌÊ¬k]èt¢•-ÞÀ^âæ(÷ÆFoÿËèmÎ`°Øîò—Ãá´™0õERÔpªþ£ÛãË®V3CD›èõVu}h‰æ¦+*«(êé?
4t¬Î3œê÷9Î_@68–xgûKÆ?‡æêsOK÷oSç¯\ü@îƒÛ]t½w*X»Ú±SLõœç^+ô!-öþé›PÓ¥·>tèHðó‡oÅ_½æQ§F#Æ¦ó?±jˆR‹½_|ÖküõÙ2ŽHƒ?ÙÛwÅîÓïtªãÓ7¿þôF°‚³·?}§+»Ùkû«—ÝwþÆÎekÕÿÅwþÖ7Þ;gU+ñàô½é%·}óQ^pTr<hm®i=Ü€­¥»iüËìògËã½ù®ð5Ý]Oûç\­ÝÅÞÛKÙ­ÅáéhM£aí äª®ÆmÆ®¤„5—ßâìÈøÖë:¯¹Ü?MÝþ¦wdif${†[œ«ë§m‹Ÿ>Ú,ÅãÁx<8ãí'"ÞÐðÊëç«0«òÃÖØeü´Ï[s¡JG™¹Á{†î_”pRþ¬ÎÓàùöÖ\ðDv’=É71Nm—ö<€ÃQ¡ñ´µÞ»1p·;H‰ŽÝ[ì<{VG?{$ª+ë›oý0ê´Û‰ˆ$ßxÕ¿WðBxx¿ßÚõWÍ5‘ÎÙÖÕþ‡{ÓOƒžìmò]ÚÔ•5ñ¦™Ê²ƒÓˆkèè*3‘º¡Õsó‹@Ù/O8ó›Wƒ/»?DÄp¹Y„°ÙÝ\kUsDd°×?Gg¹£ïðg.€Ã¦vŸì®?ÌOC”eêî(¤S?©¶¥äöjG|ÿÀT°ÒôxP2ïiÞ?>ëò_Ñ\eÛº¢Žìó§¼7þØ³æä,GYy¶[ÿŠ¯ßçß²€ý¦v¾ôóßTŽŽÎùã‘?ó®ÆÇ®¥{÷g]Å¸|Aè<-_û+º4ã÷}­Ýg5D‰Çseõ?t-7Î'å±tüjãŠ%pœØ›_*û§{cµoÖ†‡z?'e[ÿ0çnhûáÓ‰¹6»›#Á;æuuþ¬à;2R0´jƒùQ É”6˜Z!ÒI±€?–¦Tx!ð“è|<w¼Ëž­ÉrD%vãšÍ'gxÓ»j+ú®_éénö”Øf=>Ížˆ@¤ñtžšüáñp7c[WCA³“º²¾™_Ì^ïùÆ?ŸäÈØV¿/÷5u&O«KÈæê®®§Íâ!Ì?=ÎE5?}¿»ìq¢Xì9Ìx@D¤sÖw¿^ßMD™´—|“Ãã“¹•’ý“¾Îâ½žúŽ,sSwÕëäÔ#Öî¿xâÒŸqÔ´þeÌÛåªIM?Î6Ÿ¸€ÙN?7•»óå‘O‡ú"sá®×Ï>y'Ä^ÓjÿÃ¸·Ó]“öÏ{º^-¼±Q’Ò†Zi+N½¦7‘àýîÓëÑ²î¦‹Æê*¡ezbòº0Ô¼þ?}inÁ;zëŽß—r\|ïRÍÖÝ5á(@z "27tµå?¯ù²îö’B¯G9wC¿º!ù|ùŒaï¨ß§ûšW]¾vÒÈÀxlÓ±h~LuZˆ?Þo±ZÖ~Ç†Ÿå{o¬­¼J­3—¸ë:/\hyÜþ¾"¤¥bp88gûIîÞhìd«{³;xÆºÍó£“Ë?©aï§†£GW{²Á;:â:±ù-c}Ws`x:œvvGF]då#²Úér•­ùÏ¬!æÆÆMg_=ß\í*s¹ÊJÌÏÚ
Ì¨ÍÎšæÓ~ú‹¿üå‰•ëƒsXwöˆC<""âJ:»=v‡Áî0T?>¹£UÌìõ'*ž,¯¹¹v¿îkreõõ–Õi¶÷“¯úæ–ãÙaR:N~ûÙ?þá«±`îµnÍµÅéÙüØ…Lxäîƒ žPß¿üÓg7½ËÂº¯ËØÒÂãß0wø‹FSsáß|øÓÓæ?rî†6aðêÍ>]k:q¿GÇÏ?ü«î­¢ WVW/\½1¨k«ÙÙ{í×Ä?žÙÕ»'RÜ78Tˆ´&3†³÷%ÒËF6?ÛºP©¹±Ùøê0°t"žæ0áé‘‡ÎE?£®<ûAå®ÎÔ×´5÷ÍŽ¬½ÀÝ‡¥ÐÖ²µœo›Î?èM/Œ~ùñè“Gõåºä’®¬ª‚‚¹Ìbðæ')s9)0í‹"Çñ$=Ù_ö@g'cI1vçöä"ž·›ÕDDB2Ï¿˜\s%†ž¾p8õv‘Ð^Óª»×g¿àÙl?8ŽTÛ®?n¯iÓ?Þvœ¨ÝéB_ÿú;Ôsë³¿¿B:_ÕÜ}–ˆ˜’®·¿üê£ÔŒÄÙOÖ´Ñ3ÜEá´Òô?ß]‰ëZZI¦Šß»P²ûÒà@ À³{¼&qŽûDÃþÞ×T;»ÞyOsíóÞðv?Ô‹? ävrDúú3ç§ns‹bpÆ›ýºãjê;Ó£½sûZÛ­„}Þ5¹Dƒ??1ÅÒöZ·éàøs¾ôë7·zL_ÿæo×­·-ÅÂÁ¢úîÂÆý'¤˜/é?Š…äU‰!ÖÄ[Ê´=‡rÐtuoþÍ––tÿö×ëvHÑH„o;ýÔÉ$oüºaý.ÎZöÝú³R:-qê5„³Ÿøé¯OHé4ñjŽ!úmSîg×ßüvÍùÛof©Í¯¾Óü*I©4©Õ…LÖOÑ\€]N?¼³÷,±,™õävÈ,6ÿl`/™ìD«ñ€kn©Ù»‹$IÙ0[1jgûO~Séé½70“\ß;ŸÓ•8ÛÛN6¸MêÕ?uoþÆ<tûöðê?_"âì]¯Ÿ-ñ]Ù¤åá@XÛ~ö3çäøÈøäô¢¸!ç¨‹Ë:O¾ÔæÂ¬¦°?àóÚÛßqRìA¬ßapVÕ±ÌÎr¦¬H±tôA¬¿ÑØ±a)J“>æQ„‰¤l¾ÞÈ–†Œ:*µ(µeJñ?°^é™ñKë_ò†ØÊºh°n÷³Tlciš‚J‹§hh†uÙ¨Â±ã§d™B+44Ã¶V"!<æÏ_^=ì:´…Åp±½°yyÛRpù¹¨êòÈgÈO|TÔôÁ/;÷~¹ƒm(R:-¥V+)u‘Ý¤ßö•”N'b?*²›Mê£s‡D‘ÒiIJ†#qÒ[¬:µúÕŽ”•©×«Þ<[È¡Éø Z­6k6[/¼0Ë©p:?®5´íº„M}ÿ€[Ø›Ïˆ—r¦q‡ñâX‰O}{uÑs|VÎ~0Ï´äx†ÔˆR<I?å;lzØ¡çåÛ™ˆ.½ršˆúúú
9¸³³­°¤¹á»?'E­è¬?Ðl?]GÃ©5®BîprjµÑ^Ð‘ŠáÔŽ4%ºçãëOQÍ…÷j
<6*Fª‹ê¶|XÎ$c¡Yl¦-µQmzŸØ]M·òu?»ÚÍ‰íUTSB6#Q(FS‹40McÌJ’y£c¯?0CÍ«?+ôñ<XNPÅ–C¬eI‚AYã0˜U[¶,ØŠhwo0ÈC<€g%<É÷™ç=mÕèp$($oÕ§H
\¹;,iŒœ‰¨ÚßxµÝ¶Ù?,ÃítÐÂö¾ÀìâÒÍ¨£×O¬»£ì0‘ÃD5%tõ>-„èûÌ‹Ý†p|ÈòV}Š„ñÛÁ«~Æ¦£hh¹â¬í-Ïæ³ã±ìŽ-Àˆðl”ÀXßãI-ök)4ØSœ±êÜ…ö"‘´pçëÏæí¶ýŸNf)J»ëS´!ä9Lôúúä[`0á¸Ó¹Ú-ÿ]Q-?Ïÿ_Ó‰W<zÜ‹Ú'X÷ž‰´0Þ—_F€L;?x‡ÆX”½ ¦ÓT¡??Õ—'}»ÉíUÛõDw˜¨½j÷…ÃsÄP”]¼SN¥ÉP¤Òv}Ž1´À³?ÒZÏ[oyr[¼Ùyä:õÀÖ”ØÃ»·–Kßxù@þrEvs_ó´f?š˜ÎŽþEÇŸ´¸2Â^ø©Õûñž§³»ŽÉ|/%6çÚ?ôò;'žeRÌˆ»9Ëö´è’=`w…ÃóE
ùÿxC¬¹PÜd@ÿ—}„à”Yºí;±õ?³µEè•Ï…xà_¯Š®Å/ïå‚ð$´ÀáŠzï?ò[zw{c>øö]Ü;ôÈŸ$ÿG_^#"*}ÿ¯;œûýœFE;>+{Ê,ø¡X®p8Þ|ãÉÑÑÿwDDì;¸šð?¾?ŽJ<ˆ'’ÓÞ œHDTì°¶6×ôv°·âc_ÿéæÜvGpƒ³ÔÓ~¢Þm>˜Ï]a±|0¿å6µ4îÿüè/-} IDAT)`¨½ø“Ú~ÎR‹Mì¸©bjñ)ñ`j1Wø³ÔŽ¾²N÷ê<ìJ¼ŽD<™™\»'–áªJWkóqZëà9 Åã¾Éaßä°ºªógç›ÌGâCà0(R:-­ÛÃír5k)•–Tjõ?¥dˆ•i«¥
!+³wý?kË”]Ll:0M5%[&„@”¦s…?{Ÿ{™MÞ³Û¬"¿%)?ÎpjÍ!ŒþÍ®Z°ÅÒyÆÓáHÄƒÙ Êãšö.dÂÐÈ¤A¯­ò¸žV†ÿîGý›,êh«{·%úç›ñSoŸ«;?)ÛŽ“ôtß“¸_¯7Ë~ÉþÞ¿ÿl<¿ÕöÎ¯»÷½c<o–úþñ³)‹C»z‰$Å"WÓþÎ¹?ÆæÅÞß][>ÿ³7ëv>K»"¥ÓÒ.¯ðˆL¼%–Žš5ÖÝœLDD±tÔÄ[v}úÅ&jpí&!\½¿ùÒ?(]½ODÔàÂ¢DDþ¾?>?ÐÚ‹Vß³b2˜`k_zý|£uGWúÂÃ¿»i{ï·]»ù\\}ÏîâT"2ë)´ò”ö¢í…VÈŒ«¾gsÈñ`)^›Š‹mÝ]­Ùx?54:U\l{Z/#ç©ß<EDDþ¾¯Œç.×®~+Âå³q-:2lªÈÞ\k[ó÷!­<š?^ó÷ž¤Ù¾»^÷…ª}íe¤+é¨ü5¢Ç\up¤ÔœoÍR:<øÍ¿^q|Ø¾£õ=Jº~ó¡¤ÚÕW‘0uãŸ§=¿z³aW—;eZÏƒX?Õ¦?¶!ÈŠKGq£±c7Ï½…3?ÊJrÇ'Çúäj¯¢š’Ü<E¡M-æÚ\6Â’É?Õ?ýà¥Ç]4Ó¡û7þxc°øç¶”¡«¾ðWÜî®ž„‡7~7]õ›7êw÷ÍávÈC3,ÙŠvÜ ËZ¡…µVÍe“YV²ˆŽô?·CŽ×$?MÅãÂ´wáºñ&»…W‘,§eâÙt4–t%VËÈÉåPXÒ”X?lþß(.¥8›Í¢A»¼,U?'7|‚w_ˆ?~õÇ¾Y1»)MÎøÏVyö3b›<'»<pøÔÖæfOÏ½Ååv‡y'çqšƒïXDD¤çŒ?Æ_Òû0>¡ÐÎ.˜bM¼¥ÑØ¡çöxM„7:äï0»ëe”Ík5¸dƒm¨m­ÍMÃ½‹ÑÛNnÈïþîÿ³2h¨µRž°!’wx‘Ï²dÖSk¥lÐìWõvMQI’"–aþöî<8ª;Áü÷ù2S©Lå¥”RºBdƒÍa(Œ¯ªrUuÕtwôv÷ôlïîÄôvÄDtÄÄnÄþ±³³±±1óÇnoLo÷tGÕUåvU¹\¶ËƒXF€??@HèÈSRÞ/ó½·d¢‹K€”)Ð÷ãG¾—ïø!=e¾ïû]¢ @(R<Ð4m[­TúÚƒGnE;ŸüWÞý‡¾ßãCèâ/¯E}"Ì6B_Øk·ZBÁŽ@è{ëšl@bôË?†Åºj«vm0ìî~­Çgzâó=»ìÛúv?™(,Ž†f4°ÝQž$IHgsH??þÍxÍÁîÜ•Ó—&äî7?¶Ú`¨á‘?þo&IÉé«éÞµ³Ù•OÖ©±Ó¿‰µ}»«?‹Ž^¼xéfh–úöÞ½;j¬wïR“Ïœ¿5Ê–ÕøÚ»^ðE>=3ªÎBýæWE qïw»¼Kw÷U7ììÝáhÅB™do±u­ÿæñ¼´Õhñ#SÂô¬KÁxÌÛ{A€ÝŠj§Ñâg›¢G’$jNB—y{¾å™<Û?òüaŸP£Cçû¯ŽÏÇdKM}gïÎæBÃ¹à×ï—¿¶¯¹ðü(5yùÜ¥¡;Ñ¤ÙÕÒÝ×ÛâRòíÂ5ƒÓ_ß½sKòôW#©4Ô¯?úå5-{¾ÝU¹tw[M}gÏŽfÏCŸ9ÙÌØZ»1ÿ?!ÃÐ5M“$JR>)dÔ'Ù«Äñ ‘X6‹I~Ø¢ÎŽ–=•×HÆÚøê¾:‰‘?>MìyõHmþu`*ÕÔš:uIyñÍ]u&À¨¿ôñ¥Ñ˜o+ç¥M©ÂS/_§®__‘ÐÓÖ»Å?ääÕ¯¯M…ÂsZýŠvÕÉÐèøð­áÐÌ\"•…Raóx«·µÔ9”•‰÷;òrZ|fdøÚÈx(Éj&“§ÂíkkÞÞÔPñ /#571úÍðh`.žÓ`±xÜ.CãÖÆ†
óÝqTã3K÷\¸Sx]VÛÝác“DºC?¸5&ÕïuB'S>‹5vö}«×nU50ð«‚õ¯½úm?’MM~ýÉ¯ŽgÞ>ÖQ@Ï$Éü°63ð‹“‘m¯¾ö}¯©À7'z*û£
»ññÏ.Yû^>üJ…EKO}seÜüâ±7j†?ùùDã+¯¶ØIÉ'?‹e/¿ñ½W­‚›ùfp<êßúä]J¨Ò?J‡ÁyŽ×?:vkHª{Õ„’¡ÄÄç'}Û»½õ²Õäfúß?h|ùðw¼f-1qé³úD}çµm`dÃÉ»O?“Ã¿{¥üÀáï¾â?´èè—Ÿý2õÊ÷»½×ü‘ƒ¯û,¦ÌÜèàX®ïè1ÿèñ÷n×½r¨Íž¿f?Ðà¯¿t~ëí}.ÅH„o]¸¬óÔn¢ÏXÃ04MÑd¥g¤Ót‰ãAe¥;\l?˜H¤ÞÿðóCû_hl¨yÿ×§ò+×nxS«Ç%€ J°y_k0?FçeL}s9?/‰?²¥ÆÚ”R±{ÛggÇ‡FDíò·ë_|bböÞ??ÔÔ×'?¹]úÀB?KLÍ?N?Œž±Tí=ör‡kéÃŠ#×-‹Æüè™ÏN%+G³Ùph&š¹zîëž#Çz«W~Ç¤¦/ž8qm*½dU:žœ
ON]>Óïïëq_¹§Ô?‘áÀÝ×õömŒt×ÌÕã…×jäÆÄ¸ì?r¬NB@Ì·ãû»
M0b£ý—•¾ôúí¥iïÁùŸ¾78Ör`YÛ¼ÔÍ¯]½¿×áUÀêëêíþé…[É†vóÄå/gÛ_=Ü‘Ÿ¿ØÜÐ»`Qdˆ’EQ
?%ægF-ß«±Ê{ÍÎWŠúÓ gÁÌµ?w?R3‘¡‘°¹qï5…ëTÚÚ÷ÊÝ<»>pYéþá®;(Í}¯Ä~ú›‹cÍ—}¾¹8ÛõêÑzÈ®ævÜúÉX Ëë‹®ùºüþ¾m¯ø Ì$BRÊÌJá(Éh`®®£Å¥HlžÖW<EûQl†¦i€ðeƒÒÇŸ×µ4äÂ‰Sç*½®¥Û¬ÑÙÄ‡Œü É"ÌöæŽæÂ?IG»Ä¦E´9‰ñ›áÅE¯å>m8g¯œ½^šÆgã€HŒ?þø“áô½{¤gÎ¼÷«Ø›oö­æþÛH}úáçãh7™MþúWÚòCÅFŽ¿wjæÁU©š&™6tw0Ú¸Lv¯¿fËŽÃnÛÂWI}•w¡y¶6xö/y¨äñ7ârhKÛæiáPØckO.ô»Kg,áLÈÎ²¾?ÞG6÷ö6öh|ö™ÖÝæ÷z?åO8¢m
&GU•¿±«jq #À¿xO¥ÍEç=Í5‹×¬àõ7âb4z°qéä3óáiÍÓ¬N-^´)d#³)xæ£?òš½?|?ZVÓRñÄ'ý}UoEÙæ~B×0IÏR6(}<hl¨¹·Q"‘Zhtd³YW1°é0UUû/ŒŒE›wW)€žŽÌª.÷ãAGôLÑÔdF]úQ?‰OŒ,2ÀÙXsŸ.˜áñ%KJ…Ín‘¤FNŸX’$›§cW{}™6{{xàÚB}BúòÉ‹õïôùõñ3wí³Ål`©ê;ÜÛQé? Å‚WÎ~üÍx@úòß´¼³Ó“¿CJŸ=»,(5UUR|rjbäö|*[µ½Ñž¶yòãýÍ-¥Âf¿ûDÀ*?Kâ´Îª:v­jlG-«Â$­¼t²+·ÒT`Ùh–úÝÊ*€DV…"=úÆIòízçG[ÆÆ§Æ/??)]G?õ²²‹–ªÚÖ»k5“KjÚý®¹{:²ªêÊ>®Ž×¼åfhYÇ*î#mÍ‡¿ëNLŽ];}.0•ñzûÕæòUð¹`†(Ò=Ÿ\‰ã?­ÌÒ×ÛÙ?poUA_ï“wK~<æú—^Iœ<ûÙ?5ÑdèpÕ¾ü’ÛÆ?\z¾M]zïï.=l“¿·íÕw&WÏ?¾í5.ëÂ—‹º^üf©Üöö±?ü5ÍíÍïýj¸PáÙööÖ‡ö(Ô&¾9?wÁ±÷?W;
1E²ûv>”ø›?Ç4sÃCSÝ{k$áá¯ÇïÆ¤ú}ÇŽ¶NQ×º£OKLÜ‰ûÍ^éíowÝ3ïAûËßæ¼ô4G…}*4—ƒýî÷j,:ƒú¶å?V•r—i6©øjjVÞ”ÉÞ:|žEÝŠ†²¢@_1æ?ÕÓÐîihï‚6þù_õ·¾ÝùXÃ(…«q*ÒÚmw¯Æùðê·­ødv8}—Êý5÷|b»¼žP œé¬X^Å,É
4-·t• Tøš+|Í/bî›_üôòDÃKu›¤!ŠÕyÍ”>Í46ÔôõvÚl+‡ÇµÙ¬¯x¡ò1[ùv]œô€¯çGßïñ!?7ÂÝÉÑÊšŽÜïµÉ³íÈ[GôöÁï~çè÷lçãÚìL¶ž£{î?<œ¥÷?c½õK²€èÄP|aAêØÕíYòüAòmßÙ¸¸˜˜Y6.Á=´éñ«÷ú?ÛZ–ßþH5w7šBÃKÕÖí|¥}ù—™d«ÛRµI¾?¨Üm½õSýc©|WÛØµ³çÛV|·yZvÔÜ8×?~wd0-1uy8l’¿¥G8{1?¯ÿ27&TŠÍYº0Bc7BêÝÞ¼ÉT
…_Vôd<-;êo]X¸cC_öÏ6t¬¼f•ºŽ6õÜ—W#w«f3¡¡ë*€ŠÆîúÐÀ—Ã±ü©F‡n…îFåÑ±üÈ”?™Oh…‹VM&TI6m¦?bÂ³—J?kr>!äû(BÑD2?ïlðs<‘ˆ$_ËÖÞ‡˜èmk¼g†u~.¶¸ä¬Z9G§µ²Æ…[wÇ2Ÿ?­hd±\|>´¸?¿taÅ Èñ…žÄZd>…*«š˜]'ðo©Y×¹Üˆîak>øjò³Ï~üWýŠ)ÍÖ±ïØÞ{‡g)k;ü&úOÿê/>?Õ†”fjìèÛ’oç±7Ä“ýíß«L¦ú®½¼]¯nŸüøÃ¿èLmoÿî6iöôOÿvvKY&+«;rð'Ÿ"BYÛá×SŸ~ú«¿øB´jYÍÙ°ÿ;{ëî¹1”*{ß8rñóOÞ;£ŠV)«JŽö]{[?¿æ¿•ëÿüg5 °8:^Ø«’{ûáf>xïïû©çÕ?è¶h·>û»Oe^âéLåÖ·®¦í•Ò†ˆùVF¶†šât3 ¢oó¡Ýu+î-$[…Ça{DÇû=°ÔrK›ý»Ëï¹g‘§cV&‘X\N¼iþ¡TN]zz¦|Z¾Þ?úÃ½gkÿÖo·¯X'{»Žü ËÐÔ,–Ï)¥iKZoK®¶½oµíÕTU[>õ”`õ÷û½šªB1/®—<;ÞøíZF…¢HðÂÑßy÷îMÀ÷ÂoÿÑß¬êûÃß^±Jòì8úÃÈ©ª°ìrÒ²Ë†x°Vï<úÃ?È©*eé?£ìjß÷íö½+®yÅÓuì÷:Wvì³c?¯aÚð6J< ¢°¸ü5k÷”}Ù‡~<¥OÓèA’€»*ý=5îÈVæ?Vž?¨tiEzV§‡¯†<]+.áÝÜ’r¿}’yÙAh-ÉË¯Yc~äÚ„äl^ùí ? %Û=×ü}W®¸†i#c< ¢µau¸%,tMÍÆÑ°¼ÒlôQã¥.aw8?»Û›k¶ïzT
«ÃmÂB×äñPTkµ=ìþÉlñ,ž€h?Ìôÿåñ«6Gû¡ƒí?Û˜hƒHÝøøï>ŸunÙúöN6Ú¼ˆh?¸«Ú1|µ°?™ìr/ž%364´¸­½¾êác­X}õ>„&®\
4ÜgªC?%`/Ï¯÷Ö´JƒWïÆ“k_uÔu,?‡ªªÊÂã,“R¶$ÌÍ'àãPÆ´æªúþð·ûJ]¢Õ³¶ý£ÖR‚J?ís‰h?Hþ–®ÅÙcW¾øàÂd,Zjn´ÿÃþ‘Å?…]ÍÞGÍÞÐÝ¼.Ò—?þðóë31UCS“Ñ©ýÿä½<7q·…¬äo]:ˆäü™_~8p3Ë¨jF?…G/ŸüÅßýü›ðÝ!_`uT,™úpüËO?»<:5995><xð¼jDDDÏ;ÖÑZ‘|;_é?~y.¿¨Oþãà}¶söô¶?r¢MXvï¬(´Ê&†Î:sÏV‰k#±æŽüÑ<ÛvÝúåå»?@³ÑÁÏ~³üü‹“$@¨jé2]¾p7²d#çús4vÚš}&?ˆˆ6)ÖÑÚ‘«úŽîmX³!ÉÓsàí?«› ¼íèwúz4‰@xaŒ#Å×{ôH›åÁkWo.Ô6ÀÓùJ×}>?[MñˆˆˆžG¬= ¢5UÞðÊ;Þ–+ç.OÒKß?¬õ{vílv?ÎàöæWÞ©júºÿë‰@B[ö–ÅÒØÚÙµ½Í·´Ç§`kxù?ßiúºÿÂõ‘à²í%›§c×Žî–ªÅÓËU}ß>æ<w¦ÿÚüÒæDR*?ÔPÁqaˆˆ¨¸tÝÈf³¢(šLr.§†!Ë’ ™LV (¦Uc0m*÷¬}Íwlþ®ƒowAË¨j::›@™Óe5?é@Œ‚Í·uïÛ[?œªª‰ÙÙlN«å!‡³Öì8X³ã ¦ª™ÄìlJ²{íÖåcu/?]í/½Ù¾GSÕD,×ud""¢õ“QÕé™p™ÕRåsCQUÍVWyd“<=’e¹¶¦²8Å`< ¢õ"™«¹ÊúðÖAññ±‰Å%¿ãÁóÈŠ"+¾2×ªO¯(e«Û^?³ÃSãXí‘‰ˆˆÖA.›‹Fçu]¯‚;2;ŸL¦=ž
I’¢³1Ålªã=Ç´ù±«Ã¡xdh$œZ\k©¯äè¢DDD0tC×u«Øt­1Q)df†Î?/_çìÚÛ±êº""¢ç?#›Í¥Ój.§išžQUBNÓ©ãã•H™£X$ÿ®—íXÝˆFDDDÏ%A0Ã³Ùl.:Ëes·nOË’4?/·Y‹V
Æ"*©Ì[ÕQëPLŽ*Ÿ×ãqY™ˆˆhsSLr¥×9K‚àuW€(Péu¹]Åë Çx@D%áízûÕR—?ˆˆh‘eÉíªp9KÇ05#•J›Ll\DDDDD´™¨ÙÜÌL8§iþ*¯Ý^&Š"MÓ'§‚&Y¶——­âk€ñ€ˆˆˆˆ¨ôrÙ\8:7;O&Ó~¿×ëqšdÙ0ŒX,©˜Y{@DDDD´ÉH’ä°ÛAŸI¥2ÕUžb6+Ê+q<¸56ùÈm*+Ý¶2KQŠCDDDDT2¢ xÜU>÷äTp&N¦ÒU•nM×‹Y†RÆƒþ?+«‰Þz}ÿ£BàüÏo,]án}ëP'X""""¢gˆ$‰ŽrÅdšF?ÈÍäd,–°Z‹4er‰ãÁB6°Ù¬‰Dê![ƒ[CÍ#ØúÊÑÝ¾µ+Q±‚ ÉR¾G²Õj®«ñY­æÉ©`NÓe©xã—¾ïAcCM_oç­±Éþ?+ù¦DKßM&SOcä²Y]2)¢ÐsÙ$“ŒœªIŠ‰ðLJr»?fqq—\,Ì,®4rÙ,LŠ˜ž‹DU“Ë[a
ê™¹P$%•{=ö»?CCOÏG¢š¹Êe…{
CDDDDô`ŠbòUºÍŠI×¢(zÜfÅTá(wØË‹VŒÒÇƒ¾ÞÎã§’ÉT>4mñ/}7Š®>¨ªšUï.ˆ²IFô›Ó'çÞØßdËÎÿf0Ú¾ïHKæÆ§¯‹I=Ù‰þ„­­÷[ÛÝ"?ýò£a±®Úª]»»_ëñ™‚WÞý<á«Îi¦
%˜Òk?¼¾Ý# 1òå7Ä†j«6|å¸­óû½Õb6pþÓK!w•WN??£o=´§•›ˆˆˆˆè1Egççæã‹†aè†!ñÙséãAÿÀ•¾ÞÎd2Õ?p%Œƒ‘'>ÔíþÏn/,4÷üh§Ï×óâÎS§?·&‡&ü=o´Ø€€„î}ëH‹MÀ‹³×Þÿtx¬eO“:tê’òâ›»êL€QéãK£1ßVP][õx€Ü?³?ÿf,´ÝS97:4ßÜ›oÈÔ€>18hè{}[€låÀ{W§›_¨VX""""¢Eš¦Çâ‰HdîÞ·¬(ÒÄÉ¥?¶2ë•«#?-ùÚƒ®Žæ¥ï‚Ñ+WGVy¨ûô=l­{»C¿¾4ho~k¯oa\(O}µ-ŸÁœn?Æ£sðÇ£ó2¦¾¹$„”­Piáò{²I`°WÕ™O~uZ­óVÕTù½DwßøùÁqÈå¤x*°þ€ˆˆˆˆVÉd’+=®ûNf//Þ}eéãA"™êìh¹ru$‘H%©ãOQ{p_ÙÈÌ”q.4•lYhð“Îæ
¯]$’,Âloîh.ä²ŽvÉï{HÑ×}àûÛbÑPdòÚ…_o¨?d8k[º«½Fº¹ØCÔÑ³LE«Ål’ïÓY1ï¦½”ñ ?`Ñ­±Éàãt0x<‰›'ÏFöÜ»ðÁÉAÇ·zò5‰›·¦š{ü
Ò·ÇÇ$ïK.˜Õþ#cÑæÝU
 §#³ªËý€˜¦ÎF4§ÛîñÛ=ÖÔíÏ4Õ5˜ŽßšÜ^ßâ=ž‡Ç©¬Ë¿ˆˆˆˆˆžGj6;19
Ï‰¢ IÒÒþþjoµÏSœb”24n©É7zd6h\Å¨¦n|þñâÔîÖ·öY¯Ÿ¼?®}»}
|½bŸŸ<3òÚþjžzëÄñOÎæô¬fÞºw_?Èõ/½’8yö³k¢ÉÐáª}ù¥Ä=º>ø› nµˆjU»z}:_ì;7ðÑ»£’YÌj¦-;v¹œ
ûÑ*‚ O¦Ò‡Ýæv9LŠ)LrñnÚ…÷?ú´h'»W0}øeeÖµž29qãÄé±ú}GZlÐuˆ÷ÜÃë9]?WÓ;\×uqåîºžƒ(3lt“3ÑJOE©K±*ÁðÜ³RT""¢Mb•ßÎ¹œ&Š‚YYí?½a ?ÉD"sÁð¬ªfíåe?Óa·É’$Šâ^”QsGöïpñâÅÕl¿sçÎÒ÷=¨ôºJyú{³°ú»û{²Q,}o""""zö¬³¿Ú[á(?Dçgçãw›¿Ê[¶Æ?ËfÞÌÚš_>Ø ±cm8¢(–——É²œÓ´ÛãÓ™Œêr:Ö—hb¯""""Úˆ4M›?%CáÙx"éqW¸œöbfƒMˆˆˆˆˆ6Ã0âñd ‡ç4Ms:í^?³¬Ì
¹œ&ßoÀÓõÀx@DDDDTz5{g:8v{ZÍfí¶²tZ?žçßªòy|•Eê²Ëx@DDDDTz`µXª«<‚ ˆ‚€%#?=jÑ“c< """"*=E1ÕT{«|nC7r9Í€‘ÑT„¢µ,b< """"ÚA?$)•ÎD¢sñxÊ0³ÙTá°»œvYb< """"ÚdfgçÇ&¦ãñ¤(Š¢(ÎÇ¡ð\u•§¶ÆgVLÅ)ãÑFÏ•ºDDD´îT5;9J$R5þJ‡Ý&IR&£NÍ„¦¦CùéÒŠSÆ¢?®¦ª¤“‹Ñr“3Ñõ8l"‘ŠÅ.—£¡ÞŸïl`†Åb¾6tkn>žï²¼ç]?óƒ•žšÍišnVL‘A(+³(Š)§iF±ŠÁx@DDDDTz‹"Ër2•É¨Ùü]7b±D&£*&yÙ@§ë‰?‹ˆˆˆˆˆJÏVf­p”‚‘Ñ›»M„Œš"‚ ¸œŽ¢M}Àx@DDDDTz²,UWyT5ŽÌ…Â³†a€b2ÕÕø\NGñŠQ´3Ñƒd³¹\.ç«ty=Îd*­ëºÉ$W8Êv§E#""""Ú\2jv&±—Û¶ÔUéºaÀA‹ÝU˜ñ€ˆˆˆˆ¨ô]Ïd²ŠIÕ4=¿F7]×ˆ¢(Š›¦krÿÀ•[c“‹?5¶2kcC?­ÌRÒr•¦i?`DÓ´ë+½.¯ÇYœ2”>Ü›´Ù¬•^Wþ5€D2uâÔ¹Cû_`B """¢ÍÃ0ŒtF?Å“+ÖW8Ê‹V†ÒÇƒûJ$˜ˆˆˆˆhs‘$ÉçuÕÕV­Xoµš‹V†?šjòµ‰dº¯·3¿ø8ç6ˆWŽîö=mI?>1ÛúÖ¡&ÛÓ‰ˆˆˆˆè1ˆ‚`³YÝ®âcz¯‰Ôñ“çò¯ƒÁÈû¿>•ÝØPÓ×ÛYäÂøÚ{÷'ÌÖ"Ÿ•ˆˆˆˆ67I–ìv›ÕZh;cF.§€,IEë— Ø#%=œÍ¶·å95›Óa¨³ÁéÀœ
†žUUÝXÜDÏªÙ|?p#7™žŠÄßUÊ½.káçbèé¹ÐTp.­ß}7¿féöDDDDDOÍ¬˜Ê¬FNÓÃˆDç‡GÇ‡nŒCÑ\negåõ³!jòl6ë¡ý/Ü›¼ruäiŽ¸üÙ‰Y‡?£™|¦ðíKZKïwºÊ'ú?»èìý^—2c'ßŸnxkO]ü›ãŸOé>¯3úb¶|çëÀú‹ IDAT‘=­6.v=?ÚéCbüôÉk“²³Á©Õ¯m?´¯UœÿôRÈ]å•SçÏè[íie$""""Zš¦ÏÍÇ$Iª¬t§R™‰;3³óq“,¥RQòùÁŠ?Ûš“ÉT"™Zƒc%ìÛßÜî û.üäÜd ««¡Ù;pa:Üéö˜¿=ÚÒzÀ>uGêÜ÷Z«ÀüµÏ=8Þ°¯þî!ô‰«×f|Ýßí­6Èæ²&}âÜ` ¡ïõm²•ï]?n~¡zcÕ¿Ñ³)‘HÍÍ'Ü.‡,‰¡ùx,ž¬ªt;+ì7Ç&£³óE‹èæöæí)?-kÐÄ¨Öë@4‰Ð4¢¿¾w†§t¡›C¹¶¦j1š˜·ÖùÏÿn;¦#ÑÅCDwPWWmÊ/™d"?;@tüüàåóƒ—/Íä¤xj-¢ÔlNÓ4I’AˆÅ“¢(zÜw…Å¬¨Ùœn©iûª=°•Y‰€²2kþÅZ¼MíÖ_?Žw#2\Ñô¶Peùyè IKv%‰Œ
(K×8k[º«›u²i?KIDDDD›”Ùl’e)™LÍÎÅb±„¢˜leVM×uÃ¡h}“7PíA0µÙ¬7Ç&ƒÁÈzßÑÔº%|ó“ÁP]s½€RÕP??Î€‘º905ø¼‹›»ëLS£ãódgçp×5˜&nM¦LŠIQLrv>‘[?rÑ&d+³ºœŽ¹ùøÕë7c‰d…£ÜlVb±D.—³Z-E¨ö`éð¦ëB®nk¾vûvm›?Š”-/îšû|ðÝŸ_¡K•¯vú–¦%Oç‹/}5ðÑ»£: Ú½/½²«®óÅ¾s½;*™Å¬fÚ²c—Ë©l €EDDDDÏ,“I®ñWŠ¢?§<ng•Ï-I¢ •^W1gBÞÿèÓ¢?ì¾®\„¢÷}««£¹?0]Çƒ“½Ï»ºžƒ(3<Ã&g¢•žŠR—bU‚á¹šª"uE"""¢ÕXå?D.§‰¢`VVû8^×?Œª¦Ó™\N“%I6É¢(?$Q1™ž`êƒŒš;²€‹/®fû?;wnˆÚƒÎŽæbÏ|¶‚ >ìNÿ>ïŠbélDDDDô\QUur*?Î/¬ÁlV|•.·»B„ôÐ½×ïs‰ˆˆˆˆJOY–LÊâØ7º¦Ggçã‰¤ ˆ•^gqŠÁx@DDDDTzŠbª©®¬òyÖèºŽÌÝ¼5??c< ¢u‘Íj‰d:“Õ4­xÓ³m¼;Ÿ &ÓÊqó%¯DT5§ëÆt?xŒD›ˆšÕfgã¢$Z-&E)+U1"ÑØÿ€&"Ú´&g¢n—½Ô¥X‘h¬ÔExl†a¤3j6—³ZÍE›ø€ñ€h³Èæ´Ù¹¸ ‰ååO=19­µ\N›?%ÒéL~Ñ²Ù\82—ÍævÛfœ÷€ˆÖU"‘Efƒ§uæÖ–+Ó¾@Ì¦Ý¸¨$A÷Ù?Õ?½?·K]"¢u‘ÍæBáÙHt.¿h†nüÕ^?§Hˆ6‘LV³ZL«Ø?îo6eýÉ`çÔüóYç¾ñi†85oŸš·_™öýVÏ§5Uê­1Y–\N»²dä"I­V³Ýn3+Åûg< Ú,4M+aƒç³Á15oÿÉ`çûÒ¹R„ˆh?™L²Åb6™d[™U’%?Î¨ªšEÁ$é¾?•ãDD?væÖfƒ?cjÞ~æÖ–R—‚ˆh?årÚÔt(Œ†!
‚(‚ ÄbÉ±ñ©hûU3=Ú•i_©‹@Ëð7BDÏŸx"‰Îårš$-N?,ËR,–œ?›è®k‰ñ€ˆèÑ1[©‹@Ëð7BDÏŸLFÍæ4E‘%iñ½¬Ìb2Éj6§FqŠÁx@Dôh§h£áo„ˆž?²,‰‚?Íæ4]_X™JeT5+gF´|1Šu""""""z r›Õf³F¢ó“SA‡Ý&‰bFÍNÜ™Éå4;ç= """"ÚTEñWyoÝž¼yëŽÉ$‚?Ëi9M«öy<îŠ¢ƒñ€ˆˆˆˆ¨ôO…(‰¡P4‘Lëº^nSœöÊJ—Õb.Z1ˆˆ6?Ê
¸Ê‘Ó˜E<]êÒQqÉ’äuWT8ÊsÙœa¢$*&ÓÒžÊÅ(C1OFDDK‰"ª?h¯EW¶×£¡šŽ™YDbHdpå6~}9™l©JDDÅ"‚b’SÉîÒK‚¡èÃ7(+³ÚÊ,Å*Q‘È¶Õá»{ÐÓ„*'f°(ØâC£{·áwà/?Á—CÏC/ÒˆvDD´©•2\¹:zåêÈ#7«¬t÷õv2!ÑóÄªàwâŸ‰4F¦ñ›‹øúnL!§¡Æ?jünìlÂÎfü›àÝ³x÷Æ‚X2ÒÑº(m<éëíll¨yøfïøy0±=b³ÀùŸÞXX’DGMûþêmE!v]Ws0)ÅŸ–h³0´Lr.¡ê€ÉR^^f’V±ÏÓÒ²êZß”{øáËxó>Äo12…XªP?0›À7ã°šñÉ ~kŽôàèNˆþé,nL­qIˆˆˆV(qã¢›·§nÞ~Ä×]"‘ZåÑZ_9ºÛÈD.?øäªã;Û‹7Ô¡‹¿ÄBaˆžqñxbpðJ<‘˜ž–—ÛZ[{z:KPŽìÜí[‘¨º°<Arø«š\ë;˜C*85^ËZÍ8Òƒ£»?ÌàÏ?Äñ¯ïß9•A*ƒ?ÿçnà÷^ÅáÈiø‹ß`>¹–…!"ZKº¦ªº¤˜ŠÛ“–ÖX‰ãA0Y—ãšÝÍõ¶«ã‘Äö
t=Íe·ÛiaèÙlNZ|´¯ëjN“rY]4‰©ðLJÊo©'_çzz>ÕÌU.{~w=«j’bB"<ƒÃç±å?ŸU¨jVEáD¹X8˜ÐÊ*¼+«èÙrcäæ_|µ°?'.^¹1rëß«¸IOÞŠD³’»¾ºÎ¡0´L2<Ä3Xçx°¶-Õ8Ô§?;ƒ÷¿zD?5‡‹£0Éø×ßÅþN|}Ÿ~]¼Ò­–ž¸ýÕ©/®Ï« YëZìí©¶®Ùáƒ?þþAoÕš‘¬Äñ ²ÒýÈN?ì»|_é¤
›bÕç?¸4Qæð»åèW²­½om/ŸèÿìzÕK¯·Ù vã£?£[ßÚã›è\òçD“-5qFoÞæL¦œù×ûì®‘œÿôRÈ]å•SçÏè[íiµ%F¿8}]tHªè©ÈŽ?_ªzáàþÊ™¯N?LøúlXÆ–ÞÛ´ÁÎ&|)9t2UûÚáÇþ´ˆŠ-Oä³ÁÎžÎžžÎx<1=ü&O|ñEÿË/÷¯(™øœ
“»²Þ¡Élóm)óáÜŠŒíõh¬ÂWCøÙéUõ6Ngñåu|x¿Gwâø%ì£LDLäÊ''­oþh»ÛhéÈÍKÁ$Ö0lB9?Tu«"ÊÅ­?)q<èêh®ôº¾ÍñS«<Z`äòù)Ð’‘±€¸uŸ_Å?o¼º[ î›w?Ÿlïjhö\·n÷ßšŒoÙÖ`F
€ZÑ}t›SÀÔÀÇ§&•×?t9L|üÅddw¥{bp0ÐÐ÷ú¶
ÙÊ?÷®N7¿`?«¿ó­°Õ~ò×·î¤·4í{Í|þgƒxáÀn€Üí³[ç¾—Zl^ä—:=S¯,dåå¶Öò¦ê*ßOöþôL°øåÑ5mùŠ¥Ù ;7¸U³:D“âöWÕÚeÐR¡™H8–Mç‚¥ÜÕ¸¥ÂééÑ™?âl³¥nM§Òry{[¥™ÐD(S³:DY©¨ôÔ»×xP„Š2ìï„$â7_crÕµ§j'.áØnt5 Ñ‡›3k[("¢§”Òþ††ÂG¦dq·¾è^xS×âÑ@Jv¹í–…FGZ"™W§·Â*aI«$$BÁ\yµË@KE#³K¶ §çBQÕìª¬xÎG¬¹>??¥õp\ jè®55z‹wÓ^ú?M×žl«j¬nÛ]h¤Å£ã¡ù?K@³ýõm.Omóø#·ÑöRuáZõ8?Hàu:î¾Öˆî¾ñóƒã?ËIñT
v¿·ð·`’¡C»§4žjGÿ×§æ}þJŸ¿Æ]¢ÞÒDO"ŸZZ—®,/·UWWNO§§ÕÕÅêacv¸,±™¹àÕlÒå²U”[¬òÒnÉ¹ÈØ?ñ”Éí÷UÙ¤T8<>>)4m©±B›?LÅPáª¨´HH'¦ƒ‘‘Iy{?€¦éZ<:</ZœŽZ[™50:9•­Î
ŸEÐÕd(K¾ëîùË~RV3zš0Å×7!?Qp;ˆá;xy;Újˆh£±ØíÒÔíÑ`ÕöJûò1#â7N|x]jð—k—Ž½¯¾¾»R˜¹ðOŸ?9*ë*•È©ÏÕÎƒowz‘ºyê§×Q§b’½uÏÛÚí³ŸŸPš›?Zÿi­ûµf¯žú•¦T›‚CÓ¹îÃït{KöÏ]g‰Œ14“kù¯ID­SÚâAÑ¨—>$’é+WG|^We¥{aœÓÎŽ–'ÉÔ×Òµ²7ðìµ>?4ÚÕ].!>Ë€àmj·þzt¼‘áŠ¦·=w7~X?Q’á¬mé®.\ôÝ‚lÂªúLÛ÷üV]j6ÝþæƒKÎG»|¥ÿ©=†òrÛÊ56Œ'E,…RÝä—'Ã?ùÄL21@,å[ê\VHD¦ã†­ººÞ)Pª«ÕÔíéð|M?CòÔt{î~ :lZâöd"•?­Ð_A7Uµ×Væÿ$ç§gRP<UíÕù—¯Úòçkö‘¼«óI\¼Ýx¼6B)C“8Ð…?pa­ŠCD´&¤êÝ‡÷|yüWS9©Â_ÙÖ±³­Æ¡ˆó×OZ_úÎžZ€æoÞÿbdþÍ­U;ÞùÁ®üýTýàÏ>¼ìôV@õoýN›€6uöä´ÿØ÷_¬–?²ZÎ‰s®ÎwzÜ"4ÿÙ¿ùìv°;¿×sh.¥ç¿ òÿ×ŒGrmU&Ã0L’pe2[å?êÝë8tßF¹QµÙ–5OK&Sk3ÑA6§J6¯Ëj?ˆDæQ¸Ëq4µnùæÚ'±l]OÏêNã®k0¿5¹½¾Å!z"<?óAÛnÜˆÌÁW‰¹ˆRávVÖ:?übb>ÆzV”——Åã‰{kòµ
ÕUÅœK´xëj½€‘SSÉx4Åf‡F´ö6¯Og!±àÍ»?EËAÏ©Àh™Ä\"?ˆgs@VDcqœR“R~÷ï1“RuHŽeÖ©`ÍZ}:Ê ‰˜M ›{¼EwÂÈið?¢=æZòU §9_!™)Þy‰èÙ#»Úö¼Þ¶Zz~nêæ¹Ó¿î8üNëìDPÄ?KòÍQãRÐšZ|jtb*žÔ(rjÎ-þÂ}ZdæŽ¶e_uáóÙ$å_4T»E?L
ó#tãËä³,h:Ò9c4˜?š[¬µ6Ü‰j?9—¨qJ™œ13§¹l¢"[|vIXŸú„RÞ¨ÚlÖ@0ê«DSCM>4-™Ü ß#9‘H%“«Øô>¼M}þ?/~qÂj–]õö…zÈÕmÍ×nß®mó¯ö[ßÓùbß¹??Þ•ÌbV3mÙ±Ëå|Ð¾¶†íþëgúüœ;z»ã×ÎÞN)“–ÎZ¶õ¼Èn:ôìhiiœž~qú«c¯Z¨Cøð£ãñx¢ººòÞZ…âd¥Ìá.s¸+&ÇF¢ÉH
n€h)7Ûþ(ËÍNÉ"ÃHN?‡5¥¬Ìa7ÛE$³©Ô&1(ÎœÄÉ4,
ìV$ón[¡æ`xÐ\ûg¨râ?¼‹VÛ]ë?ÞèÅŸ}3³øëãø³ï!‘Æ¿ý{œ»±Š=‰hÓ“,wSÏ-ôc³é­&VwKwÛÝ¯‹NÙ„è¥_ý"ÐöÖK?6‰á©kC;KÏd$IDLU¥4ÿˆøf2KV’ªq;œ[ÙÕH©ÆH ?Šóú—£™}­oùºôY.e<hÜRsëöä#'Nnl¨yäÔi€o÷÷?Þgµ`ÛÒw`‹¡ëEØ¾ð†:?—u´×/4:°µìûÑÂ±v½ÏkÁ¶åÅ[^Ôõ:?·:ÚŠ%Gh)¼6ùºÞún—®ë¢(û¾·Ðuˆ˜ž1­-M##·¦§ƒ~t¢¼¼¬Üf»1r+ÿV<žŒÇELj*-[-÷ù#DXË1œMNoÅŠ)éhLCYE{S¾V?ŽÌ>èÖ2E§â1Öuü>šÃ,£Þ‹ÜcvgÈæàwC0…Ù„Lv½J¸Ôx]@&‹À\1NGDÏ¬ÄÍ3Õ–îV¯C?thd,\áë±(åMçÎß
µíò+"?EÒ^w.——MŸ
â>U¢îÚæŠ7nîlØjÔè\¶ˆÕ¦¥0=§}=®ª9#«a•?y}fN{ãAgGsgGs1Î$Üsc¹q)ìÜù¢ýñ?%Š«þ™‰KOËl@Ï¦—÷õ?ŒÜº8x%OÁ…®ñxâÃ?N,­UX_ó‘ã)ÉRævYleV³žž??fu”UøÌ€ÙéQ¦‚S“²à©´ŠÐ²³¡HÂZÓäM?N…ÓºÏb$CÁ?
˜p
‡Ó£¤‚¡é1Åã·™´Ll2"4lq?`ë'42Ý@‹VåñšëXtÔÁ00:ýxgÜ»/wÀWqæZaeG=vÂçÄð$Þû²P’¦*|§&ã¡Âf£Óè€Ð<^î€"#–Â¡nÀ‡çqyùHß}•|q9ŠÌ–HD›?ÍßX~öÌÇgóMbdSeËžouzlÙ{0vòÔ?ÿFWlPáì9pÀíÙz éÄo~òsg™ânòÕÝ÷xîžoøâÄ/~|6XÛö*ÊýbÉ\™Ìæ³ÁBƒ<I„¦Ãªé¬qOw5c4˜í¬}ÐWÚSÙ¬­à­o¼)›ÖåGJô\)/·õôt¶´4NÏÊm¶òr[y¹-ŸŠš¾Vp<˜š™º;i° XÊÝm[*d°Ô4UãáÐøTþÎVT,• ø¶xÒ7ÃS#cS€du¸ÊÔÐŸ»[jš*?ÛáÐ?À,APÊ]hˆôä‚s¸9ƒæ*ìjÆWÃPWÝ|¶©
Õ.LF‰=FÕÁÿòÏpl7tÞyžÇÿöø^ÇïÍÀ±Ý8ºòÿà`þä-¸Ê‘ÉA?¯"Ý^?ý]ø·?õª]…ÖM²„ýÛñïþþç¡Ú5‡oí„®#™aK$¢ÍÈâï9ôÝž|×/iéÝ¥ìí<ü½N]ÓI*´?4mÙûÖïíÑ4H’tl­G~¿uéË_~»š†Â^u?úƒ…÷|»ÿà÷‹ò¯*Š¹”>Ìeï©R®sI5.Ùç?ÂqmzN»\ö…Qã”»Ö'lâx +ŒD«—Ÿñ`éâ±×åÂ§û?½öêúA´º«ÚÝô\6§²²b’¹¼¶©¼z.›ƒ´äMÙ±¥ÍQŸS5Á$Kà©-¼a©mkª]q¹¼¶¹¼Z.kH&¹PÁ[½¥§?¿³fÿ’Ó×à.Ç¡nL„1XÕ.’ˆíõ¨¬À…M®öD‡wà•í˜Šàý{$Òø?þû;ñÚ.|~SQ||þã£±
¯lÇ‘8Êð“Óø¿þúmüðåûÐ$áÝ³ø¿?Àücl­ÅŽ&ø]¨râÄeü»Àë»ñ/ß|ŒŸ=—¤ûÞZŠÒÊnS÷®¹ïÑÖqxž?b.©WX…Pl±v@àsHû·Z*¬¢lqK‘„žÓ0ÍåëYØâ‘k]ëuÏ/Dô$ò¡µ¥qÅ¬ëO”MÊÊl°üÝ{ßdE–V?¾ƒ$/dƒuÐÃSØÓŽƒ?p”­j§’„;aô#_í‰Zü°š1Åå1ÜœÁõ;°(hð@o+þß?ÁOÿ'l­…(@Qã†šÃÕq8?‚Øý†„Èo?Ìàæ @Qí„¦ãæ’üì‚ì¢@Dô˜\6q‹[^ú%%KB­Sr•‰¢PèŠPaëÝÒÂÐ‚Ã06 ÿÓa< ¢'T^n{ùå¾Ö–¦UlK‹®NàÄ%èŽõâHÏªvÇðó~üÝIœ½^h)´šî~Ì›ï>fúï?áP7F¦ðŸ~?«…•ºáîì/ŠüÐi`–H©XLÐÕ°®?º‰ˆžOv‹¸»AYÚR(›3jœòÒÎ¢‡U\h?šÉñŒ¡jë5âÞfm\DDT"ÉN^A…¿½?|ÓÑÅÃ‘ÊàÔ•Gl#K8Ô…Û
‹áfØZƒß?ŒüŒl±$.?áåh:†&‘H£æn×ëÑi4Uã?^Ì&ðƒ}°[Ž=ºT—ÇÐ×Ž7_€Ï‰&|N„çàÿüçØÝ‚_À›½8?‚?.àO¿?dÿû?ââÍG™ˆhóPdÁfYPsF¾Aéô|®Ö%-Ô(ÀH`Y·³Ëw²ÐY«Ø-k_ÛÍx@DTl‘~|
Š„úJ\]³Ã*2t-.þ¢ùþè(þå0—Äß?Ä™k¨vá¿;†õ2Y„æQf€ÿïøÝØÕŒ]Í¸DtuM˜þëq8l8¶/mÅ•Û0É…
‹eæB}E™defäMÐ’˜ˆè±ä4€vwþÍÀÔ¬6çÓÝ6Ñ0 ˆ$ôÉÙe?—³9c<’«uÉvËÚª2•@JÅONÃ²v3üî¸ÿúŸ?Á­Gz÷Þ=ƒ½Û0ÅÍ™Å-ÿø?££6ó²q‡¾óïîsüÿ?ø÷ÿˆüxJ?Yü‹ÿ„Àváßüé,ü?¾lã¼§Ÿ¯?ˆè¹4ÍÝŽä´…¶£îDµþ›™J»ä³KÑÜôœ–È¬lJ4›ÒÝ¶çnÞ"¢Íl•OèŸÞ}‡½o‹¦|×äÕÛ¿túmd²0I€€û DD›ÜD$7=·rdÓ›ÁÜô¬fjÎ¸o/ƒæJ“Í¼.ãh0Ñú¯ÇñÕÛGr¾¸ŠÏ.—ºLDDÏšJ»t}:,†?¤zO, &I?DtsÞ""Ú€®Ž³º€ˆè©xí’×.NF5ä»!?`D¢r‹Ð\i²[„”j¸l¢Ï±^}¹ˆˆˆˆˆJÆm»j5§fr†«L°™Å±p.¹¼³?"cG?ÒYk’EA?»g–å5Äx@DDDDT2¢€VŸl3)Õ¨qJÚ«L§†ÓÑ„¾0ûAu…T]!™îŽuº®£À1•˜¿bñ–ßï”½ò\JÕ4@‘…
k‘¦3f< """"Ú@DU©Ö)›e@œVÑ].Z•u§è^ŒDDDDDK“WnðÈ)Õ°*BN‡\¤š0mD¢€üÌJqç›/b!"zfI‚¾Š­¨xø!"Z'ŒD›…,Iªš-u)žU>{¢ÔE eø!"Z'ŒD›…b’T5WêR<«:«¥.-ÃßÑ:a< Ú,le]ÓcñT©òLÚÛxÛïˆ•ºTàwÄö6Þ.u)ˆˆE`˜yÃb< Ú,L&Éé,×u=O±•Ñø­ž+L?ßû­ž+¥.Ñ£€a<{ù€#m"ŠIr;Ë‰t*??'Ò%,ÉäL´„gRÑ7›&/ÚGgë")‡ÎÇ+Å%Bw[ç›?Ý¾¡ä<’ó¥.Ñó+å£?µ!ˆ‚®š¦‹bqÇz:ŒD›‹I–œ¶R—âVS‚¥.Å&ç*uˆˆVEC0rš&J‚$>3•ž™‚=SQ!›Õ4í™Ž™ñ€ˆˆˆˆh]‚ ‰¢a@ÍæÔlNÓt}ÃwE`ã"""""¢õ"ˆ‚$ˆš®ç4]ÓtA‚P„Skšö{1­#AdI4èºnÈÿ·
O[Ï <Qa< """"Zo‚ @’ž?!ŒØ÷€ˆˆˆˆˆ
ˆˆˆˆˆ¨€ñ€ˆˆˆˆˆ
ˆˆˆˆˆ¨€ñ€ˆˆˆˆˆ
ˆˆˆˆˆ¨€ñ€ˆˆˆˆˆ
ˆˆˆˆˆ¨€ñ€ˆˆˆˆˆ
ˆˆˆˆˆ¨@.uˆˆˆˆÖË¥[?A$Ý(uQ6+Q€ÛŽæ*t7–º(´:ŒDDDôŠ¥ðé×Í—º›žn 4?Ð<FgpxìÖRˆ…?‹ˆˆˆè9Äl°Ñ„æñé×¥.­ã=o.Ýb6ØˆBó¸t«Ô… Ga< ""¢çÍèL©K@À_ÍÆÇx@DDDÏ›H¬Ô% à¯fãc< ""¢çÇ)Ú°ø«Ùøˆˆˆˆˆ¨€ñ€ˆˆˆˆˆ
ˆˆˆˆˆ¨€ñ€ˆˆˆˆˆ
ˆˆˆˆˆ¨€ñ€ˆˆˆˆˆ
ˆˆˆˆˆ¨€ñ€ˆˆˆˆˆ
ˆˆˆˆˆ¨€ñ€ˆˆˆè©”[ÐVSêB­¹Ô """z¶ý³ýˆ§1<ùx{ÕTÁºâ9m#Á'*?{ý0“—1ôD ZÀx@DDDô´Ê-?½KÏvÔÜs#¶??‹ƒ¸8ÿ¸§G«
 =Y<(Cc$?Äž`wz¾0•Lj“I€ŸvvnÇÈÙÇ¼MW1‡‚'½¹¯Äþv(9ôÏàÒ“?ž#ŒDDDD%“IàÄ•»5øÝNXËÑô?ÖQ¦ð‹©õ(mFŒDDDDÃ$2?°
0Ûw¢Ï?dã
¶Ú!%ð_ÎÀ^‡#Íð˜@Ëaæ>*Ô¼sNàú§8èÛ…­n(" c6‚(0ªG IDATþxê±¿iÙ’.4•C £÷0z?Éa|4^ÂŸÂ#\8ik[sïîîR—åùÄx@DDDôü.¼ùÂ}Öÿ‹£‹¯ãiœ¼Œ©èã¹¥N9Ì’I‚Ýƒí4jhÀ;íP5?de6Ô4à5~z$ÒÝ»¾=èv@KãV’õ^Ú?¿>4àÍv(€–A,³5n\J!&ÃYH¦ ©ÜÓý€ÖÙÐÐh,–¸><Êx°NˆˆˆˆJÆY??¬ˆ?˜?Á% pçk`ä2NLÀÞ— ©þöØ[ðƒf8«°ó
..=bZ€ŠÓ§
Ý”?ìG£}€¹
 FñOç
uõ•¢¿ÿM;WÏ<}Ü;pþR{[s©òÜb< """zSQü—?—­É×¬XùØt¤RŸÀ©¥{…lÀi€h¤°A¬N^²‹Vº÷2†$<õ€B¡ÅÌãO6ŽjIÙËm‡¼TêR<ÏˆˆˆˆJfvºÐ:è¾Ô‡¶óÑ@€¤<âZ³Äs(Ï/OTÐƒ}ÖãÑ3 ¥2ìw—`³+Æ,JA$—Î,Î?`/C,‰ýM€—[¶¾@À£‚Æ†À¾ë?ñ€ˆˆˆè0DcìUøÁ.„5ø*]V?:Š‘j´Û°ï ÃP»>|?‹3hi†Õ‹½ˆ@
vœiüõWÀb­ðHØ¾¾Ô>-Ñ?rØ÷`½1=bC8%a_-œ^8ˆEqæâ}¶<uRZÊQï˜Cb#øÄ„ýµ°;awbÔ“ÀÀmìo€Õ‚RZÑÿm?ƒ}ÖãÑS9yñÔcïõÁñ‡½{éÜ}¹Š‘«ðTÂ)"0³dŽd?Ì4
%qâNõ~(9Œ,é<~{í>GÆß£¦
V}ÙöÐõáÑŸ?}aw7­Æ"""¢§2<YÔÓ…ƒËF*êíB½VÉÅÎyã˜JyÅLÎ¬e9×ÉÐÐh>$0¬Æ"""¢gX£N@MãúÈ’ú„çû¬7Æ"""¢gØOŸr¾…gû¬7±Ô """"¢?‚ñ€ˆˆˆˆˆ
ˆˆˆˆˆ¨€ñ€ˆˆˆˆˆ
ˆˆˆˆˆ¨€ñ€ˆˆˆˆˆ
ˆˆˆˆˆ¨€ñ€ˆˆˆˆˆ
ˆˆˆˆˆ¨€ñ€ˆˆˆˆˆ
ˆˆˆèy#
¥.=5ã=oÜöR—€€¿š??ñ€ˆˆˆž7ÍU¥.=5ã=oºáu”ºt¯Ý?¥.=
ã=‡ï`BØX¼ÞQêBÐ*È¥.ÑÚ³[ñÝ=¸t£3ˆÄ ¥.Ðf%
pÛÑ\Åzƒgã=·ºyWJôxØ¸ˆˆˆˆˆˆ
ˆˆˆˆˆ¨€ñ€ˆˆˆˆˆ
ˆˆˆˆˆ¨€ñ€ˆˆˆˆˆ
ˆˆˆˆˆ¨€ñ€ˆˆˆˆˆ
ˆˆˆˆˆ¨€ñ€ˆˆˆˆˆ
ˆˆˆˆˆ¨€ñ€èÿoïN¿Ú8ó}Ñÿ 4O Ä`@ ƒÅ`ØxÆC;iIvNºÝ½;§ÏÉ:½ÎYëü5½Öí»soŸÞéÛí$;;‰ÇñÐv‚‚cƒSÀÂ,@ 4¡©à¾P1KŒlø~–_ RÕSO=–Õ·ê©*à ñ8ˆÀA<âp€ƒxÄà ñ8ˆÀA<âp€ƒxÄàð¶»°K¹=¾I_0b§iz»ë²NqÇã1b_&mw]€³úˆôÒëƒx[?e§ÆÆ=<^|‚B,à¿Þ½P òxý#£®¤D)Ãà|,ÀvÚI}Ä
zéuÀ—¶ÚØ¸G,æË$;áXŽ€Ï$ðÜ^ßØ¸'%Y¾ÝÕØÕvRß±‚^:lÿþý«Ÿ)
¶”ÛããñâwØï·L"âñâÝßvW`÷Ú‘}Ä
zé5A<€-5éJ%Âí®EìI%ÂI_p»k°{íÔ¾b½ôê!À–
…Ø9&XÀç…Bìv×`÷Ú©}Ä
zéÕC<€-µƒï%²ƒ7àÕ‡/ ¬’UB<NÃì:ì¤Ã>6É1²$•BÄÄÍL÷IÈŸ}¯®P0Šˆ˜í®ì
ÑzŒM\#ú"€m…x°›L;_ÔýPÛéS¤ˆ"òúì¬âÀé“åé""Û³¿ß§WªÕÛ]I`ƒ6^ ˆº÷o3~q­Ewù£Jü_ÁæZ®ÇØ<è‹¶âÀ.bo¹wß£}ï÷e*7%`7GÜ´¹?ö›/d™?s¬qÒüÃßzr~ÿ¦Neµáý?”Æ¢¼+;¶Ç€e!ìö¾NŸþH±jÞ~¥@¥«Vmg?Ö`Úgýù‡»?LõoÎJg&Nö=¹ýcó(KÄ¨
ž=’#ß)!a9<¾?7lº×¼Ç€õÂ/Àîâõ‰¢?YŸòY›êê;íeVÛ¯ÏìmO4=jè±Ž³òÔ”‚ýÕ¥é""ÖÖ|ëqÐp¹RÃ•ÈZŸ}Û!?yºPÁ-èýñ†-ëÂÁ¬?êžì{|ûÇ$ÒüCêžÎ‡?,5¸¬mM·ïßïLº\¤X¦˜mr¼0›Í‹šÔ×óøŽ%ãdY°íqKß€?Ÿ‘[|ô .‘go¹^×åõQ`â»ëDTpèR)5YOGÏ¦Xëžµdœý°RÑóè»Í[Gµá¶˜l®ÿÙlJ2²JT&óiÑôUv±Á?§ì†ì1µl?7Ÿ¶X,NRfä:T®çöi?­ËÔn¶ûH¡ÈÕWÒ)""{Ëõ::ô¦j ®¾Óžqêƒj5QÀÑùìI»Åé Q¶¶Ø°_Ë¥‘È}‘½åz]Wî‘÷J‘Q6óÛýp»ë°Õ\Ÿô5y²¦wÒ/—Ec²V’DÑàãºN—P‘(ñùLü‚?EO¿±Ç26BÙ•Ç”•fM÷<þ©O^ Mâ‘Ët÷ÓÆé’ãÇŽô9Iîö;u¶”½Ù
žŒçi®³«J²äñDD?—?·Ú†’ô’4I¸Ì®Ÿ~
eÌWÎí^¸<¾õl_¨H)¨.ö·?+Kfv <½ÏêØâ7ÊRøDŒ,Y0ú¸kjoAÊv=)Â¦±¶g×î÷k½qâÀA}ŽläÉµþ¾ÜD†ü¶ŽÖ®Þ!WBñáC†Ê|ÙhóO?Áô’t•*G«tóÏ¿Q]š_ V0ñžþGM½¶1zqÕ‘ªl9Ã°#Ïë‡Êò“ùD“/îþãY\ÕÉÓ'•ªß?t¨‹Ò%D£M_ßÎ?ýæÉÃ¥û²Þ®†&7«ƒ5X¾Ç`m?ß\Ðœ<}ìhEQ®Ìöðæs¡.GÉ#íx:(ÑT–ï<zØ¯,ÊVÄ¹z?7Û†üšâC*³3e{rý~oÊþSGVîËLð¾xÒd(&£÷E^Ûó¾1eö>µdiu×Ù·ÀnÃÉk´#‘›?±ÖEð[°‹ˆóÏþöLÛûäÚ§_ü¿ùü?nÕ¶Xœ?y·?èª«µJ±ˆ/Vé«öó{ìcDDl_s½£ðÐáB•T âËÕe§?ªÚ·Ù‰H•U(êë
?hÆgé±é«Š?}öp™NKçPNa6?u%ª¤‹§¹?J?ÏôÏ©Œ±z¼k,÷yWw£±uÑDëàðó®îõWvÆ¤¹Ù˜TyZ¯3DŒH]ZU6lêöpïzÒËN”ªå"¾@‘s Bãq1"¾”ÏÃ—ŠøÑìLaõ1}†R,Zx‰Å´­¹n¢¢æp¶‚!"F©=TžÐh¶Ñäèˆ#¿¨@Égâˆ‘ª
?Vfãl1¬Ñr=†ÇllJ¨9®W‰ŠcÄêò£ú‘N‹‡ˆHUvê€N­àD|?"§ —í³;fËd
«Oi¥|C®®gÍ‚ÒÓ9‰R¾@¤P«Êäº‹È}©J/]Â©€Í†Ÿ€ÝEœQv*£ŒˆXŸÓ1`~òð[cöá+ÇsÂ‡ãÓTs#s¤ârO‰ÝN[0«*mî€ -+ÛÕ;>I*±*¿Tzµ×z(#‹ñt÷iËNj•/ïô?–«Tä0Ûueê-»ý¦T‘AÎu,N†’ðKëàð?›÷jNTo¸BìÈˆ]%ÕÚ¬3S&ý"»ßM$%"ÊHIšm?DFV?—H¹¨µ2Òd§} ˜Tà·Zf×@¬cb’ÔâŒœìúoñËK÷¤¤$+Åèìa]¢õŒÃnI‘ŒZg?ÜÞ€Àœùp‡œv›;@“Ž!‡mˆœis?ªÍH™ý(³Ž1§bOJÄÏ|ä¾h7æàìÀ.Åˆ*mù¯ÞÖËM&Ëä²³†bxKz‹Ð‘<C«îè`iÒb-ÍQÇ)²Ä?Ý6"§Å4YQ?µu7ç÷8V1×"{òöäÍžC˜Í{ò6\¡)6°hŠ8»²¦0aÃÏ
¯AYt¡<C@DRÝùßœ¯JZ;ŸÜøìê¿orái¡°‹z6¸ø£'É¬ºP?@D?ÞGÿþ?ºvç$‘X™¦QÉ¢9ÅHÀÃ-¸^98 °›L-º8•/Xy¤¾\©¦fû8ifŽú±ãö~’!<ØG‘[œ×ôÂ¢uuNV‘<·(ûs³u?¸Å—ÿÆ¦Ž?)²©×á!µ”ˆ(àq³Yšu\˜>oÐ`lu¹=ÏMÝ1ÊDÄ—'ñ^?:C³¦ŒÄðÄ²¡ÕÌ*Wªi€‘k"o¶@¡ÖêÕZ}õ´£å›[ÍÚ£™x’¬EôC HPŒOJÒ4K>Ü>‹©OU}éÄÞpÁ†z£•ÎW¦Jí¶‘€^?ˆðJÁÙ€]#Ðûà×tØ\>îD?ë´5ýØ2¤Õe/Î^?¥/gŸ>k·‡¬Ïê{U•º™g‰²÷¨»ëÚ§÷å†Ã€(#/«ïñ£âRmÌÒÁ4ð¾ K,þcšHš]¨u´´[ÓD«±Ñš›¿Â¦DSa(©4”Ä4©òË2LÏê-3W°k‹É¾ÒQ|?"Aa5÷„Gk/?³ K_¨2ó_C°›Úû}Dè7YÜ3#:ØI¯?áñ‘`-–ï1’uUé}?ŸöN†?¢Ó¬k ùÅ(‰ä‰Ì?}$|‰ëhkïˆº†Äœ¢ì>ããÜ˜ÀÀ¨©gtù:9{žõ®g!¬Îì‚œCçYcSÝ—u>x
ŸŸ]zì·û5+ºcÔ†7OÿøÃ·kc¤äÄg—Ÿ~kßÜñjAŽNÿÃ#û‘¬Dn‚(;W}¿Û}4#v÷õšïÚ`!"¢?¯¿xLª¿9[(å©qÝ¯ýë_X"F]zìÍ¼õßG¢ÂP2{ùAÌHug/Rý£oÿí.I¤äeù¹úêc+.•\üÆ?¡o¿¼ZOÄ”Ÿþ(s™Yµá­·~~xëÓf¿€ÏóL1iYUGr‰ˆ_|ÿŸ·œ|•œ\ã¬ºüôY<ƒÖd…Cšêlè§ºÏÿò#Iù!Ï”"Gwô‘ÚpúÀ?ïÿõF•”˜CaY¢­Bª;{‘×Þú·Z–ˆ„©9ÕÇr—­Ó¤­ÉÔ\šU•óŠÝ¿`g‰»y÷ûí®ÀV³Ú)É1¾‰FF'4‘/JÝ6d)^ Xãáäi6à'?hC¡­6Gì·ˆeÙxfÛŸš¼Ü¦±Á»ÆŸfAZý"¬/HÂ%?ŽŽÅÀr=Æ4ðO1K?{l0@üÕ~~CÁ@ÜªgŽbSúØYbø!y?v$N©Zë"8{°1‚u4‰c¯æ]žæUßÿeÖ¾ëÇÖ2"›Eº?ì+û_¯•åzŒ8&rþdøkøüòÖ23l2\{Äà ñ8ˆÀA<€-·ø)¬;ÇÞ4€W¾€°"|HVñ¶?Ç‚¡í®Eì‚!ïU¿½*À¶SûˆôÒ«‡x[J,â{¼þí®Eìy¼~qÄ'À–Ø©}Ä
zéÕC<€-%“ŠB¡)·×·Ý‰%·×
MÉ¤xÀ¶Ù‘}Ä
zé5ÁS“`«%%JÇÆ=Á +•ü×»
C¯?šJJ”nw]v»?Ô·@¬ —^|y`«1L|J²ÜíñM8'C!vš¦·»FëGq<#ñ•øÕØ~;¦o?XA/½>ˆ°=dRÎó@Ì¡oØ \{Äà ñ8ˆÀÁ?‹v§{r»«°?2ñvWá5€x°[ O€app€ƒxÄà ñ8ˆÀA<âp`s°Á€/ÈNo „i6àB1¬ÄH(Ê|ã_üXÙ5ëìÊó­»A¦ÙþCWœ^7¼í®¼ª<¦[Ÿ6Xæ^3’lÝécå1Ùž^½Ö2oN‘¢ ¢úD‘Šá´6ÕÕ5Z‚,£Ò=¢Wæ•™Uùû7uâÅå‘îòG•j"
8:ŸÕ=épúÃ+–ª*jŽkú¾Z°Òe®T«c¿õÑä@SíC“ÅÞeÔEå5u‰¼å¾ø¶§W¯µˆÊ.\¨VóÃ…Øž^½Ö¢:ñ›³Êö«Q¾×—¾þ on
#U9R?-?›äì¸öM¶Ôò+‹äóŽÐ?úo>nŽ°ž™>gKy:ï\Ð§:ñ›³…dºõiÃ@våoèäqá7M·>m°”žþCrÛ_°)*Îþ¦\5·èDûµ/šmyÿpJ+˜Ú»ž=~Úkó‘HYvüHu¶‚ˆÈÖðo7LTzú?Ô¥G-Og;ï,háhÝéd×ý¿ÕÓé÷ÎæË"mM ïÁ§?•¿º¬WÄ²‘6lñïQöñK§å‚ôÊm«Óëñ–%Wéó“„D49ÒÜÙqãŸ¢+‹Âï¨t2"b]–Þ®ºûŒøÝ9|ò˜nýgƒ%È¨´Úlãíé47_?¼|¹R±¿™-ŸˆHJ"Æöì›ûÆqb¤*½.Iè›èé±u¹óSu†r""×€©kxví¤oY[ìv“/îþ£ÖÎ£.ÐfÈÈ5héîè³Wèý+~ñ}Í·Ÿi~{8{a? ‰þ½öñ³õ¹*l½ÍwïHÞ{·T^”µ¶·Øˆh¸­Ý¦«VsG'ˆ?Ø?LW—ëDDî?&«?åir""•dë/*ÖÒpÿ—´E»×‚?žoko1YKUnãXë/m6â—ésÄÚŒ7®5ùH¤Ô—§Cî?.kóÝ[Žã¿:¯“.,=r?Zžî:g[˜ˆHBA"þÂÅûëí”V™1‘ -;›:Œ=Úš\QÌÚ$Vf?QDDV?^¾½õy] À²s**tb""Ÿ2ðÕýî¾OQø×9­°²*|œ)G`ûº£sxìDŽÊÚÒd’úÐù™Ÿº²¼Ÿ®Ýh5Õwé.E:¶4W>ÇÕñÌ8NÌ¼ÃiU‡=“~©X¤ªÊ!"²±¦®áyk€­Áö5ÖÙYšààQ??±ÖúU|ñƒ½w¿WÍ&'""yNe”ïµ§“ˆ(!·´²PJDH
üõ¾u`ÄSª”ùzÛÚYEIQnoGs{¯A­ïâºLÑ:?=¹áõ4Ym”¦¯Øú“Ë±Õß{¢š;»BDÄdW*Úë{Ûz­ˆf6™RKõj†œõM>âçœÿ5—¸ªô·>k²Ô7[µ‡5óJŽÖ D¢-QÀbn’*3m®—nþ²žŽ^*›i@~Z†ŠÌÖN‹'W½ m‚_ŠõA<€Õ™øÝD$ò¿p¹?D
!Cä°YX"UaÎlàkòó­¶¾¡É"E„ý>ÇÀ€•;€ÇOP§2¶>'—ÌÛ‡ˆ“Š_½ƒR¯8›É$/(ðŽ9<žÉˆ3…‚Ô”äøøU_…8jëiŠôóöbR‘}ù/~xRv¶jÀÒpëYÂ{Ö³¿ætM‘?Ïè¶w{Hq´¨<[1Ð\×ÑU¡Õ'‘/æH ˆ‹?÷ûü£cãÑæIS«„Ba´wW–¢ÊÚ›oÿ?øÞÙÂyÙ)Q[”[ÿSOC‡=¯\G®žŽ¢\}®œ(0j³1EÚ¹³1²üBm“ÅÜ70JóâÁŠ29>dµr/yšZÎÐ|öa+e¨æÜ™ÚGÌ#NLbÈncuÒ…KG°í9?sÄj?¹ÜB’¬IÄOÉê À²†š¿»ÞADäõÙ=Ähs2ä "¢æWçÆò&æÙ«"²ù]D”¤œI$M$rF»pmÄ|ÿ–™û;«ò÷of„¦‰H™(?2?¬†­áÚCS6eœÉSø}?áÒUe¢bÙ€ˆ¦‰%¢ä„%ßNv5_|eÙñBþõ»-µw“~eXí*í>½ú`æ“VfÈá±}?-AÊ3(H (Ê­û©þ—¾ÂCY±±í@¦¦¦Æ<“¤LôùýƒV‚B¾Ñ}YQÎÑ£)·¾îxp»Aù†bþôb}CO»©ÓZzTãxÑâ$y‘!O¾œˆ2ç?øáK¤D´è*áÄÓüCíLO®:ñ›³Ï$xœãD¤L”ë¶¹‚DŽ"²XY"&A­–1$UdYìNQâ²ºEí9OÏ“Úž™¿Ë.\©F<XÄX?Dµ¡¢¨¸@=3H5<¦“uô˜{šÓçg‹ˆˆÊ‰\#7©g¶|žq"Š‹R¬¦ì½S:î÷0>^@SB9Æ]DÑ†ºÀ
<??›ˆÈò°cLW)•J&œ®EsH¥b?@eñ(xŒ‚È9:á"ÍÂ½ÍU~ñE¹ÇjÊFï7×ÕQÚ*W?9ÐÖgK.ºpVŸGDä25·I²77:ˆXVNl{GWiV¡TÛÄë?ôû~?ÉeR¹Lºtw–Ç0RY®_à%—Ÿ?>òùCÓƒŸTóÀ3}©º½©ýyoÙ]¤>¢UÅ1|YD³»óA¯‡ˆ&Žh.!¬Ø Ê£ïœ)˜)ƒ‰¼[ÎPùšjg/e®¿e_ì;w©ÃÈ¤¥ÍÜ²öœ¥?ûþ?Ô™ÍˆYèØùpcSXVZÙ[—.½wéÒ{çkªtjñ¼û´ÂÊªŠƒgO)½Öûß·?O‘J“Ë9:_:gæ
Z_¼p©³Ò"_BÌð¥"¾ üOÀpÃX‰ÚZM®Ù_¸iÏ¤o³·`±uÌìÆ™Œ&?B!
$Ã$$(ââ¢¥ö(’4¹|"kG»-8;-àñ±«ÿâóÔÕç*³Éné£ÕIÈ-­¬ª8öÖq3ÔqãYKDÓö-N"rZÌÆ&“±Élq‘½Éd?m255åöxÃ»Ü?@? X|>!AÎçÅæH«\wòB©Èa±ÛçOUäçu7ßªïeùš²\îXŠ U“MD?½–Ù•º_tš‰øYÉó—_±Af¶ñ™å>ÒÂ7¯üñ£+¼ #Ò]þèÊ?º²à2h9³üÈ¢-nÏ0žp•[àìlLrQ•Öt×ÜfìÕžÊ©õåÙ–ú[_çd+ÿ°¹}€¥DÝ!-õ´4Ø†-"F™0·Ç0ÞÛØèœ9¦£*¬È‘kË-÷?–†Ï?ë-œ¹Ï«_xw?ˆÊöä†iö…åa?)ãl¦Tâ÷f'J¥’õì„Å©ËŽ¨ÚjíÍ7¾*Èáî\4”Tó»ÓùÑ¾øº%7$?éÎž¶ÿõvï*nÔ?G?S\‘h}Úñ¬¥0K?ÞüÔEê#¿šw·gû7ß>n1YJTÙ±ë@œN÷l£y<“"¡P*“x<ÞÙ‘ZB¡@"‰á­Óøêª3G‡¾}<<¢(W¯St›ã¤¨(ž»5?Tk(o³4õÞúlB_”"¹-?V;1ÙGÊ4wÒÅQ$\ó‰ž–×LxTTæ.øIdDdwÏ;K±TøL‘Rºü…É[ÞžDDC?Ïú¹¿%™ez5-¾5D‚x$Ê5«ÍÍ]O›³j¤ºóÿEÖô¨®Ñl¶Sø¶è•5u‰<Û“§¦fb$Ùúó†y&ºìíM³ËÜª’¹@]uù¼ü§º'Ü[ÂT?!#?VeÒÔ¼ðÿöí¶ÿQ•:;Ô[((ëüB‰óÏþVÚT[k²t™mDÄçg—æ¨xD¢(_üHÇ“™Ìª¥CwUœª´:§ñvïÓgMS‘ºxÁn¬¢@¯~üC¯ñyq¶>6H0òÌês{¼‰8!A>{Míš/ÞXQœBªÒòå‚Â0j]iªéñ°¢T«Z0¹âÂògµO{Û›á§8{¼<}Éàz&Zƒ„wÊƒ–vÓìê
’Êró÷ž™”uØ.©gJNÐ^8OÊy3œN"UF”SÄáÕlK{ÙºL¶™¿¼œì£\w6¶«Ø‘ânÞý~»ë°Õ¬6GJrÂv×bUFF'4jå*f|õL³ÿ#œ;ŸË†ˆYãÖdù|ÁŠ÷Â€°O¤ðE™å‰þ!›?ˆ’“e²ß€’‚ñÑ’/ç’/þ6Zw2===éŽO
¹B!õûR©89I¹õ…ézIDATæZ›!_°ŠÞu=â3ßýûO=ÚÃ8™åRÖR÷ù­ÅÑÿò«hF{ÍÚsu^£‰“GªÖº®=€ÍÇ,ë¹Öl@DŒÙ`lí²5ÿlb©T³ñ?B6ˆôÅßFëî@?@Ä›êx<^vjJ&•‘\&}Uöey«ÊëlQNY)ŸÌfK´ë7X«å1Ee…Ñšüšµ'`pÀakˆ:b§¯áAWÆ™<ÅôÔTÌÇoì0SSSŽqgÄ·B,;1áLR&ÆÇÇÇðæ›¯6Fm8s9O¬ŽvKP&ëÀåÓÅBu´Ü?ö|!ìêÊ?~T¹Ý•xíÅÇÇ§©S–Ÿ'æWÐ¾ÒxJõ²×uÔËÜ"íù:Â!à ñ8ˆÀA<âp€ƒx<`·pº#<Ó`÷PÈð¶•!ìè`E\Äà ñ8ˆÀA<âp€ƒxÄà ñ8ˆÀA<âp€ƒxÄà ñ8ˆÀámw–ãöQ—•LdÐR?f»k°Ó!Àª¸Ü“©Ûåö<7uËåRMº:==U.“iÒS7o¥n}þˆd"’‹éa;!!l.ÄXY£±µÁØJDr¹´ÒPâr{\.w8'ì-È«0”l¤ð¦n2šç^ÊDôÁ1šÍDt¼˜Ò•ô]uY£Ç6˜æ¢ti¬?H>·‘j.kz* ?0ÒpM6³©kˆÄXŽËí©}Po®4”,ŠáóÆÖç]ÝÞ>#—I×Q~—•Œf2hç¦ÈD4ÿ¼?ÛGC’‹iÐ±Ü©ƒÉ?~Þžtñ?’¤¥{áãÏoÛžzúÝªôuT0
6`?`&µ^½Ooÿ®,%bÅžÑ‘wN¬§yv‡i6À2Ñâ=±? ñ—dìi6$?€Ùüú½nÐž°1ˆ°œp6¸ðöMzªËíi4¶Î.ª0”TJÒÓÕ7nÞ»qóÞ•.­£|£™
4Tž·`âl68^LC2šÉh&™hAŠˆÀÛe4iÏì•,œêiì!Ší¨É?~Þ“õÁ¹<ñJsŠó_É!FÓÕìÓ>Ë³{Ì¬DÂz§2Nœ;˜½ðKÅ::Ün³KŒ7 ßæt‘’!"
ŽwÔÝøyL"a¼^™áÜq½’¿][ðjA{B,ð¬6Çv×^Q7nÞ›Ÿ®~v=<]“®~nê¶ÚÂo]ùõ¥«Ÿ]¯}ø¤æxõZWáö‘\¼xÊl6HW’\ÌeƒãÅÜ‰…¨åþ–®mYÊüãÃ¦g^I
¹ÖZ±˜aø8M ÷É“iÃ•ßh"vð§/Ÿô¦?Ì™KÓÓö–û}šïŸ’M{:ïÞiI}·<™h´í®E}ù×5ò8"wÇ­Ûmê÷ÊU¿‡ö„á%)åÛ]x=ïê¶×œ¨_|ÜhlO×¤§Ö¯®0”\ýìzíƒúð°¢šÕµžè
ò6x¥ò¢l°èå
Rõ¨ñiGÞÛ%³Ýš·ËØ?YVÅ<x2;W`¼¯»­×446â'%gU)I—Mšú§U}bßTÇÓÎî¸ÂwÎe?ªí×ÔÑ
Ã†gxã˜¢ûú3sÀG!ç?¯w‘öÐ›z""
y‡Zêš;ì>%<PªÿòM=º´oé¸#€]/8Ð;RPZNÐLz‘þéËdNþì!ƒ±¾ÎdÝ{2""Š“èÓþÚk+OVÛû_¨t—åáýW™NŸþŸ=#åªM¼KÂëí±?ç@d&S·&=uo7îÇ:h_š\a(%"¹L>¥~W“®Ö¤§Ö>¬ßàJ¶­7ñSJ÷ËÛ;ûÜk¶¯ý•”eÍ?Kîìèc3KÞ¸ðÖ•wjŽ¦ŽÝù¾Ë~'äúåÁSWjÕ±9™#&6àñL†Ø¹EC¾1ÏQRá¹SG‹ä¤Ð=wêÜ¹S…ÜŽÿÀ³GVYå±wÞ}ã?ü©æïŸvûÂ•Ž¹‚l€jÌnI?Ï?KÇ¼S}“Ž?B<{ð›‹¥£“ä·MÉ¥³ßkF"‹·;}[YïWÚbñ¢šÝûÓ¤§^ùàÒüó.7Cøºäõ]?<«ËJƒ2h×—ˆˆH”U¬yÖ6FD4íêj)«\ty€pÏ¡ÃúœD±?/J’ò³2ÇGFý3oú“§ËòTòÈ÷ šÁùb>C_,ä„³—÷ñuyJ‰@(I*))ŽŒŽ­½v6˜4ox!_"eÙéyoOQ†\6÷R$Mœ&"64­”Ïël¤âšš—äw1´'ÄâDVa(u¹<³cŠä2©upØ:8~ér{¬ƒÃ{uÜ¹…ðH¤ð‰…ut¥'Q—uA6tpw8]?¤âýéÏ[»<ÄZ:?’’BÕ’9¦§&#ƒýCýÏ1¶ô?S0šyK•’¼þkˆS“gÿ‰å4áò®»,€]‚á?¹&g_½fÁítâiÀåž{éóŒÇÃ‹s¸æ»ðLNP<.ñ!´'Ä
âD¦IOÝ«Ëï÷QÍ‰Cá‹•k>©}øäêg×åriøV§ÖÁáÚO4é©¼ð`pŒd"úü=l_pÞ`ÈAîÕŸèhÊÔÜÒjl7²ïíO?µ_»q»aÈ"Fš”ž"Ç-…¶O’*{~ŽžV«æb6‰•)RçäÌhA
8'H?$&Q¢:Þå™³t?QšrùìhOˆÄˆªÂP"—IkÖ7[å2é•__ª4”XmÖAÛ^]Þ•.…O)Ü¸yO“žzáí3\]z‘AKoUÒÇÖ2¦h!±®D×ßÕ©Ö$.yo¸ÏèÉª>SR?“–ž™–®ZÃh(÷ÄøìßŒ€O,‹³ïÃÏÈIiîìLÌ]©9"ŸÃ:àQRVáh[gø‹ÓÎ.ÓXa¦ŠˆT™ùöÖ_ÆÃÃfœ/:Gó³’¶wC^hOˆ<÷¢’Ë¤5'Ý¸y/üÈäðƒfŽ6ûX4¹\ºñl@DÇõ/ƒˆˆâ’Jß¹ gøÎŽËäéd£ôd¢i›iŒQJ‘$§òëzÜºYl­OÍD3‰E —Ë½/GôÉDÓQ
€•r?üÊuïóÏš%¢€W¤;ÿFŽ€ˆ&Ì7nÑå?*ÕqªòsÅþùÅÄÈKêê7O$Qrùù’Gw?ûŠ$ä?J9zîîÂ†ö„˜@<€åÈeÒoŸÇ€pÐ¤«å2©uÐt´ôiÊk’®¤y#e#[q†x‘²Ióª?Œ|÷z›H$`ùºrmfïH´2’Š?TÝôŸÿh%b’öªö'Þy9óžªðTÉÈí[_=#böû×Ìµ×ˆˆøªÒóÿZÂ²S3û¥UWþñ£™¿e9'ÞÉ¡K¼ßiyî±÷r‰ƒ™Ðžq_~{w»ë°˜ø×cdÝÈè„F½ÞA61år{¬ƒ¶ÁÁáðNÃ!A§ËÛøÝŠŒfJOZüp´ùŒf:®§ÍFÖ³ëŸb–½=ÑœP0åÑfÓS? ¯ÇgbÅjs¤$'lw-Våä‘ªµ.‚?«"—I÷äÍ>!VÒ“Hç#ÓuE¹øX&"ƒ6ÆÙ€ˆV›ˆˆÇ?zùr\¼—6ÀÎ‚xÛI&¢ò<*?qè€uÂ9qà ñ8ˆÀA<âp€ƒxÄà ñ8ˆÀA<NLã?ßéõÇ²<ØJ±ŒCÍÿøKóP¤ ßïÅ²@ˆî\ä·6Þ¹úñŸþïÿóñÇÿÏŸþöÕc“ƒ?2çÐÓ?ÿéi8“xM·þü?É»%\²®Pý_>®ï_fBýõf´ÓÐ?úÓM“{Kª°^¼M,ÛÙÝÐIûäIÖ¸œ¿çÞß¿µï»øëÿ•¥`âC~Ç@kÓË1?2e“ê¼Lý!Õ'ÆN}f±bvâdÏóUé¿ªH!ùõ;N©h[k°’M;{àì~pçN»3ÚAÿeØyÒ•ròÍC{L<ñ„Ê=•§ösÙ`*äéïq²S«()èuõ9¼³•`Ãƒ•BÎ‘þ!Çä¼#ýáb‡†2—ÌFäwE[»"·dßËŸÍ#sSœæÖ^CÅÞD"(RT’™,ÆN:†úíÎ ·j¿ß?×LÁùÃ©¾°É6çì?³ûÁ?;½Ê3ïœ)Xë©r?ÚUù™Ê¥ï°#?7¿ù™´EIþ®;6uÍåsZE¤ˆˆBCOÿqç¥2'+?qÜ¹é«¸øÎþòš¿ÿ¤?Ée¼¥ß|g@QùîÛe*&8Ôpíæ°¦$?qï:ó/¿»OAÎ®Ûß´ñ´{lë?‘”7/V¦1ä4ßû¢v8možÐXï.MâÜ½•?ÜyÑ_š’ÉQ¨¿ý'¯áâ†ˆ†Ÿ~ü½ÿ¿§Qh¨áë{#iz53öì&¿sºÀÛú÷{ÌÅß•§‘ßüàÿÔJ/ü×C™k©ÿ¸]õßÏ­¹Öe3â?£åÎ?–!¢¡{ŸtÜ[úvfÍ¯ß)‰°÷Ï±!’ð"ÔËù¼þ)ïÈoß*T.mûêc÷ÿ¨É‹R
/ÍðÛ„KÉ“~úÕËáý)©DDýìžU¤ :´ïç¯ÿÞÐ«;—3ÜY/;üß?IˆÊ«‰ˆh¼­ö¡´æ÷Ç2ùDTÐrí‡çùïjO¿)zÿýÃi|¢àËÇ³8—¬4³èpÊÿ×Ö»?S+&ÿË¶†”ý.Åö×ß´½±XAD%þÖÜŸ{lO9}Ó3Tž’Fã]í#riGÏ`Uf&ÏßßÝ¶O÷ß?`ËlF<PæT=ÿ¶ƒ*ßzÓ?&\ºJþÒióßfxä-½_‘ÇÖ÷2#¿†;_ P¥ÑCŽ¨ñ€ˆuõw¿qˆüÃÄ&Ïì×j÷pE(Ó²¨Þ1AÚäŒ}#ïÕ:r4éšŒÏ;òò¥„RZŸ†
9ãmR9G»)÷­4>ñSR5´$%è‹µ÷8µûÈÜn)-9¹èôÆØP‡—òÌÆð5Í~ŸÄéõQfÞþ¤/»úi
«‰-9wÔõ•¹ï@fšåEkñÞ£Ë¶@LmÊà"EnÍÅKÌ7×ïÔËß?S¬dÖ´°,%]eÑïØ—¸ð?‘?4;¤gŠHÂcˆ¢Íw´|óYáû5z9C.ÆÚ˜yÃð…?È‡‚Äðã‰d§—ë?°?Œt×^¯¹ð/%<!ÉUùú"nç^_ÆãÓØ?„ü,K´ìæs
‹ku?¨¨ÅSq:wÉÎ=OBÉyûôáWûôÄQöÞ”û†ŠL´·F•î.ºÓi)?2÷V×læ¥ã‹lÖ¥ÉÂìc/û»_F8Ä¾UéÉ2ÿw˜ìþÑTÈëèª¿Õ8"ÌÈ)q´›úýDD^³©-¥$;‰H¢È !»“ˆH¢PÒàÈKDä8e²J"
ý#ý=s¥÷wtù‰ˆüæÎ_$EiIDN»#È“(Óöè”å;F'Â´¼R[çËQ
…B¡?œ.O<¥d¥t¶™?DDìHGç‹Èµg2‹¼Æïn7JÊ
–Þj)%£(­³ã¥?\0Ã:½!""…VŸÝðèv‹°('‘˜Ì‚²—?÷ŒvC~æÚ’ÀÆlâÑiaöá‹ÙëY?I;|ñ=amíWßa‰ˆÔåÕ'“H˜räÝ‰{×?þ)ˆer¿]žÆ)2‹K[ï|ò§G‡ÞÿŸåÚC)ß|÷³ßüÃÛºSºû·þòE²B˜\ ÉŸ+\[ èùî“{“~GHuôí‹™<ò:»Ÿ>¼>"VHCN§ìÐ[9âç½è¼÷ÏOþ*ƒ~Ê¬x³FE)e§+¾ûäÏõEnqZ9"W_µÏ?ýø;:šéºé”Š7O=ª½öçG<o4¤4¯IV
ãI˜©+ý®'ÄÝ6mOy¨þyQÍ+}'WØ?â¾üön¬Êzúç/è?ÿ} -VÒTÈ?ÅòOdãy‹«³!bx+üMä5Ýúä…öÃ·t
…hÑåÏ‘Š¥Pˆå-šb§xÌÆOºCÄÇÈ¡íÄÄ¿¢Ï\ddtB£Ž~)ÿZ8Ý“1)à5¥?‰cRŽÕæHINˆIQ›íä‘ªµ.Ë=T…æÐŠz«Ñõˆç—îÂ-Ý‰§ù êß,½5R¤biq6 ¢Xd"dØz±ê`‹åNª$si‹‹=‰öÔÛÃà^@‘í®cØŒPˆ‹}¢y=†_À@<âp€ƒxÄà ñ8ˆÀA<âp€ƒxÞvW¶Â‡~¸tâ'Ÿ|2ÿ%Îì
‹’@Ä)ˆ»Åü<°4 ì.áT1 ì:Ñ²âÌÁ?‹à•æöQ—•LdÐR?f»k°Ó!Àª¸Ü“©Ûåö<7uËåRMº:==U.“iÒS7o¥n}þˆd"’‹éa;!!l.ÄXY£±µÁØJDr¹´ÒPâr{\.w8'ì-È«0”l¤ð¦n2šç^ÊDôÁ1šÍDt¼˜Ò•ô]uY£Ç6˜æ¢ti¬?H>·‘jrå°LÔµ,6=°K¦2ák6ª“õ??Ù}!"žT™”(\¹ÃÎã˜ðßy“—¶ÏêÛ6b=×ô¿³ÊEæoËzê„¢½·áOÂëâ,ÇåöÔ>¨·WJÅ€ðù„cëó®îoŸ‘Ë¤ë(¿ËJF3´sSd"šÞÀí£!ÉÅ4èXîÔÁä‹?oOºøNIÒÒ?×ñç·¿mO=ýnUú:*8ßˆñ‹Gíºcÿõ@Êªf÷ö>üºuT*/ØÌ:tißê–L»ºÿX÷Ò'“‹"
øÆX¹áø‘R?p¹¥¼½¿þ™ªÎ?Ù+¡¡Ö«÷éíß•EØä¡Ö«÷{Â%±nW?Ñì;w´ A°Žº®âgz*`™¹ ¸ŠEæoËÚsæd¯ñŸmãÜ‹ oÌGó¶wíŸ„Eõ_X·×Û4`™erIËO³? ?–B{ÂÆ ÀrÂÙàÂÛg4é©.·§ÑØ:;¸¨ÂPRa(IOWß¸yïÆÍ{W>¸´Žò?f*ÐPyÞ‚‰³Ùàx19Èh&£™d¢)"o—Ñ¤]²«äiì!ŠÅ¨ÃûÊþZI4œ=Q°žÜôJkzôÐ“sñý}I3q `ïnòÐòñ@’süý,â­¦¡rŽ^š—üãí?|ÿÏÖä©HZ{eWñ¿ãí}øußžwfÿGV±È‚m1~ñˆÖ’3ÅÚƒg?´ƒÍÿ~ŸlïZ-ªÿÚù6í³<»÷ÀÌJ$¬w*ãÄ¹ƒÙâï³ŽŽ·ÛìãÈ÷Ÿ9]¤dˆˆ‚ãu7~“H¯Wf8w\¯|ÍÛ!VÐžÿ?ß\íZ$GIEND®B`‚' height='200' width='200'/><br>]]>
    </system-out>
  </testcase> <!-- runScenario -->
  <system-out>
    <![CDATA[<br><img src='data:image/png;base64,‰PNG

IHDR
1K«Í/sRGB®Îé
ˆIDATxœí×1À0À°¬ü9g?9´‡„À¯¿Ý€™s;x…=b€Ø öˆ=b€Ø öˆ=b€Ø öˆ=b€Ø öˆ=b€Ø öˆ=b€Ø öˆ=b€Ø öˆ=b€Ø öˆ=b€Ø öˆ=b€Ø öˆ=b€Ø öˆ=b€Ø öˆ=b€Ø öˆ=b€Ø öˆ=b€Ø öˆ=b€Ø öˆ=b€Ø öˆ=b€Ø öˆ=b€Ø öˆ=b€Ø öˆ=b€Ø öˆ=b€Ø öˆ=b€Ø öˆ=b€Ø öˆ=b€Ø öˆ=b€Ø öˆ=b€Ø öˆ=b€Ø öˆ=b€Ø öˆ=b€Ø öˆ=b€Ø öˆ=b€Ø öˆ=b€Ø öˆ=b€Ø öˆ=b€Ø öˆ=b€Ø öˆ=b€Ø öˆ=b€Ø öˆ=b€Ø öˆ=b€Ø öˆ=b€Ø öˆ=b€Ø öˆ=b€Ø öˆ=b€Ø öˆ=b€Ø öˆ=b€Ø öˆ=b€Ø öˆ=b€Ø öˆ=b€Ø öˆ=b€Ø öˆ=b€Ø öˆ=b€Ø öˆ=b€Ø öˆ=b€Ø öˆ=b€Ø öˆ=b€Ø öˆ=b€Ø öˆ=b€Ø öˆ=b€Ø öˆ=b€Ø öˆ=b€Ø öˆ=b€Ø öˆ=b€Ø öˆ=b€Ø öˆ=b€Ø öˆ=b€Ø öˆ=b€Ø öˆ=b€Ø öˆ=b€Ø öˆ=b€Ø öˆ=b€Ø öˆ=b€Ø öˆ=b€Ø öˆ=b€Ø öˆ=b€Ø öˆ=b€Ø öˆ=b€Ø öˆ=b€Ø öˆ=b€Ø öˆ=b€Ø öˆ=b€Ø öˆ=b€Ø öˆ=b€Ø öˆ=b€Ø öˆ=b€Ø öˆ=b€Ø öˆ=b€Ø öˆ=b€Ø öˆ=b€Ø öˆ=b€Ø öˆ=b€Ø öˆ=b€Ø öˆ=b€Ø öˆ=b€Ø öˆ=b€Ø öˆ=b€Ø öˆ=b€Ø öˆ=b€Ø öˆ=b€Ø öˆ=b€Ø öˆ=b€Ø öˆ=b€Ø öˆ=b€Ø öˆ=b€Ø öˆ=b€Ø öˆ=b€Ø öˆ=b€Ø öˆ=b€Ø öˆ=b€Ø öˆ=b€Ø öˆ=b€Ø öˆ=b€Ø öˆ=b€Ø öˆ=b€Ø öˆ=b€Ø öˆ=b€Ø öˆ=b€Ø öˆ=b€Ø öˆ=b€Ø öˆ=b€Ø öˆ=b€Ø öˆ=b€Ø öˆ=b€Ø öˆ=b€Ø öˆ=b€Ø öˆ=b€Ø öˆ=b€Ø öˆ=b€Ø öˆ=b€Ø öˆ=b€Ø öˆ=b€Ø öˆ=b€Ø öˆ=b€Ø öˆ=b€Ø öˆ=b€Ø öˆ=b€Ø öˆ=b€Ø öˆ=b€Ø öˆ=b€Ø öˆ=b€Ø ?#¯_˜>™(IEND®B`‚' height='200' width='200'/><br>
<br><img src='data:image/png;base64,‰PNG

IHDR
1K«Í/sRGB®Îé IDATxœìÝy`Tõ½÷ñïlgf2“B„HXHˆeiDÄKŠâÅBú ¶?à½EûÔÝ«V[7,.Ïµx¯ÒŠJ‹RQÄ+²X"eÓ°H"!Ùg2™3ÛóGNB6 „?!áýú+gû?ïüq>óûýÎOçt©"ú`àJA< !Ðhˆ4Äâñ€†x@C< !Ðhˆ4Äâñ€†x@C< !Ðhˆ4Äâ?1ØˆˆÔ¸Ü•UÎšÕëõúü?`—tƒ^g4CB”ð0[ˆÕìrDçt©Á­ ðt™Ïˆé¦(&?N¤\5t:] PUOñ™*ƒA×»WT?ën<8‘_aµ’
p5Óé¤ºÚUVáèÌ2‚
O—…Ú¬v»5XW‡ÃUít±!hS“k\nŸ/J64¡¡VŸ/Pãr«€ ÅƒÊ*gLÏ0Æ‰éVYåVÁë=¨QÅ¬»W&E1ÕÔmüÐâ?×ëÕé‚usà
¥ÓéT?'XwZ<ðùŒ,š‚ùœÌªÉ4Äâñ€†x@C< !Ðhˆ4Äâñ€†x@C< !Ðhˆ4Äc°@×æØÿÑ»»Š6SnZ8±OPÀ%è6ñ xÝÃ—ìlÓ©ã^¾tZÌe¯¨ã”}þð-/d×oe¼¾eajpjDÍÏ\¹²¡6™s-ñ cpñÊìpºÍà¢&âÆO™2P9×Ñžñ¶Î-§;³?š÷ê‹ªHÅñ¬Ü3"=?N¾^€®ª{Æƒ„ëf/ìR³º.sìˆ´X‘´ô`—€KÆà"šîÙ{pqÔò¼¬ÌÌ?{vd?<~¢¸Ì%JtLÿ„¾co˜ñ³©#¢­]R™›¹å£uëïorþ´›Æ§'„‹”ì^ýéÞªús{^;kæðÈæ-”|³úÓ¬ús"Óo?•u>šÏ™·oë6~s8?ç„*V[r¿©×??zCFjô9/*Û¿þƒO7~³/?§D¢Æ?žrë‚éìù[W¬oxEQÏkçÍn9µmù‡ëwÇŒŸ}kª]Zßo-ÏÙòñ{ŸïØs°¸Ì¥$¤Ÿ8mÞÜIIöV¿aÃÕ\¹_¾³ì¥Õ¹Ž¦»Õ’âœ’âœÝ{V¾>â¾Wž™Ôx0½3ïã½’åhõ|QÒîzü¹y±Êîõ+ÕÞ3ö¿n?kz‹œÏÿ´l¥SÛ˜´xîeÈîÜõ¯<÷öº#êÙ].gNvVNvÖÚ×ßNžuß‹w?m~|Å[_|ø±ÏËv”ÉýòÈË_¾óÑÂÿ{kÕÊõ«ë÷?ë}«Ê¯\¹¾~wJÜÍõñ Ùþñ;–üqåÙbÔ¼Ý{VîÞ³vûÂOdÄ‘®Ý3”æfíÝÑú±?~Ã†Æ˜ëþ6ïÿ¸y6h¢2ëå_¿Ñ{í}ã¬ÚŽ²¸ó•lõœ¨E>Å.ñSg?^öÔí´C¿9uëÌÆ«¨ß¬{¯>ˆ2súûE|¸6qYõ›{Öp?³Îœ5K~vjáßžnühîÌ|uñcŸ·öá\¹ËŸ|#®•m”¿òñg
ŠZ9àØòöŸ'?{rR‹ÞC÷Œ9k–Ý»æÇÆ,üä…-(c§ßn[»Â)¢$üdìÍ?NOŽ‘Ò#Ÿ¼ýzV^Ý9®mïl˜=nF¼ˆˆïðºÙ@™x÷ã¿ž6 LDÔÓ9»·}úéú/™¦?,"öëf-ˆÝ³\{ Î_½éðÌùƒJpl_¿¶áÁ=6cú¨s¾d©?Ô¬wþÐ8(©SgÜ65Å^r`Ã‡ë¿¬ÿ_Ý±ü•ÏÓ—N×æp»÷¯zåãFÙÀj7cÞÌôÑ®r´¿ gA‘ˆÕ6nêÄAáâ8´qíî³Ý_nßÿ¤ŽHh‡îÚ.ù'óæ„ÇÏœ6"®ñ#zzú0ëâÙ¯ä×mØ™U6#>JDÊr÷7ü>jî¯çŒ¨ÿA=)mZRÚ´÷ì?,EDÄ0xÊíñËë[(xoýÞ9ƒÓ´[äoø0«áVïš‘ÜÑCkÛ?Xy¢aK¹ñ‰7ž¼¡îçùôqS3F?±xÉíé<óµ¿í?z_š""êÞ?ë€ø…ÿ÷…ù)¶ú«¦Œ~â¾†«šˆ?'’yÁšúe¼ú_Ó´0køSwþ~Ký¡M‡??1áÊYàjvÕ¿¹()cñŒ¦Ù@DDâ’FœÝØ—¯=77~Žß—¹-»¼ÙUQÃ7L"ˆ›tëÄ†®mŸî¨Mt"s]Ã´ë„Û®ëðq5Î=;ÎÆ:÷®ÝÂ3ýŽŒ³Ã„\ßì>R÷×áýÎž¥ÌYXŸê®ŠorÕÅ›xÇ¬´³‘£Ç§4:xºô|¼ÐyºgïAÚ=/?7¥WëÇ¦æãX|jÙ©ÃÇÈÞ?W."ŽÜÝJD\gOh¥5bÜPÉÔî³—-ºs™()ñÉ#F?5|øàÁQ?rFø„Ûf.ßºVûÅýË-™÷OšbÉÙòQNý)q·g¤uôÀ"‘“yÏn(éIÍë¦N??ê'«?äËÐ)Ëÿ¡ÑD…‰ƒ4oµÉU+fô &)(ª÷‘†× 9ª]"Œ.¸tÏx`±ÛÃÛ´voÁ¦—ÿðê¶•ml8~æïfÞ¹<óì“´š—?›—?ûåš5"bOŸõêÓó’µyÌJÚmsS×¾} nkËGNM™ÝxRòˆ»fny?K¦V5š<ºwlóã†Ö‰¯ÉV?-¾½V¯j«HÅÚ†³lWõà"Ç–§ñt£l™ü“óçgÌŸŸ1j|ë×Äf,]³léÝ£ÓÚZ>/;v¯¹ûéõeÛ}&Þ6©a#õ¦Ãe?&%+33&„wèç©×øY<¯¬ì|§6°Úÿ|Ÿ—_ÜüGEi‡€+X÷ì=h›òÌ{&ÛÆÍz|ÅÝég—èÚ¿|å†üÖ¯³Ç?›óÄ¸9">Õá(.øáð?íë—×¿ UÝñÑ–3ûÕ?9aúeË¶º»¼·ü©ÄÜúVlnk¾,Ÿ«oâ(‘ÚFAn±C7¹S”›Óh«wT„ˆˆ=&1V¤¾Û!sg–cÚ”ÆW9vnüò²T€+ÈÕÜ{P^Úèù?!©_ãå{óïný¢ÆƒpŠ=<>9}ÊÌß.yrFÃÞâ‚FC•Ì£24Œîqåîm˜”<fÞôÆ³s;Rdòè˜³[›>ÛÒtÁ?œMï=»5bøàº^?Ác3(Ú²ü÷æ:ê?¬;wÍï_ÌtwÝ³÷ oûûËÏ9V¾çµóf·‰Döˆ©èží»¦jk„¹s×,[Ñbt?ˆˆsësw¾äš°ðö[oonˆ®Ã{ö5œ×xÈ?aðô;R–¿?Ý´eæ¬)í](yýÝ“Ö‹()­t>šýâS&Ü:îOËë_6š½ä¡%òØ¢FšÕü/àÏg_¸Ôx€Sò´yãV4\¥fþé¾[VÇô?ñ9?qž{%8tÝ3ìØ¸rÇ9?Žë}k]<}]ŠìÐÜÕË1ç£qãËÁ=™GœªUQDmþL\™¹a“Z&—ìØ¸DÄÞ/&Î*"ž‚ìò³oæš1¶_“‹¢nø×™¯.YÛxãX
MÍËn-ÀD¨""Ñ¿}xëžêWp;ñÍ’Eß,iy²5åÑÛpjv•ˆZRœS¢ý­ŒO½#ûÂë +»šIÔÔûö1]-)Þúñ¶­Gœª(7þ"ct‹ów7~>vœ(ÎÉ.Îiœ¬)?üîÖæ/UÆN¿½É‹€ÆÝ‘ÑáK¡57íw¯ß•t¾>â‘¿¼pct³«^øÛc“›¿eHIž¾ð­'æ%4Þg0ud¹¸2tÏÞƒ¶2ÄLú­þë^~ùõ=9¿î[c¦?ð»GFd=øçæ§ÛÇ?òÉÊm>Üøá–¬¼fïBµÚÆÍ¸ó®_LIníýýq}ˆÔ?Ý·N¸ý†˜VNê`¶äy/2fãÛ+ÞZ»£éÐ ðøo_pÏ¬ô¨Ö"JÜ?¬˜Tž·/33+¿JDz$M3!9V9[¿ˆˆ$ôîðÕÜ|:§+8£ÊeŸšÒ7(·n…ö¢"é=$!ÖfnËOû.§C-/ø¡È›i²Ÿû*_þÚ{¿\?)9î—KÞŸ9–;87Õép5”c?w§‚¯éÊÐ?e¿={ÑGÚêÑsßÊå3û?ãL\š >*_Ý½´w?c­ƒVYmv«­-—¸÷½¿¬á…E’2ZçfQlv¥M¥æ¬šwoÖ¸Åw4?x-"ŽÝËžmÈ"±ãSÉÝñàr+þrÍ¶†eæ¿6îQ¿Y÷žÓáÚ¸d÷Æ%¢DŒèŸ4"5¼ü@Vn“ù¢Üx÷Œä`
€Ë…xp™e¯_¹³aãò-…Ö;¾lôz%µìHqÙ‘?{[œ–0mñ]×1ñ {ºªß\tù93×¯?;&gè¬)—k)´`¿î¾OL}î™Ö˜û‡7˜w™_»€`ajòå¤çd?h–£Ä?H?½Äå:ƒ»,÷‡ÜÜœ¬Ü3"ŽÜ|IŠ·Kdâµ£ÇM².?¦&wSJLrz'¼Ã´ƒ™£’R£’RÓƒ]:ƒ‹hˆ4Äâñ€†x@C< !Ðhˆ4Äâñ€†x@C< !Ðhˆ4Äâñ€†x@C< !ÐhŒA¼÷¡ì“A¼;€f‚ÒG&ñîÀ•i÷w¹Áº5ƒ‹hˆ4Äâñ€†x@C< !Ðhˆ4Äâñ€†x@C< !Ðhˆ4Äâñ€†x@C< !Ðhˆ4Äâñ€†x@C< !Ðhˆ4Äâñ€†x@C< !Ðhˆ4Äâñ€†x@C< !Ðhˆ4Äâñ€†x@C< 1»€æpÖ––WW;jÝª'v5èŽt:1+¦P»¥Gd¨Ýfv9©[Åƒ¼üÕã‹îÓ3< º`—€nK'?Z··°¸B1â£ƒ]N‡é>ƒ‹rr-sß>=ÅH6Àe?ÙlêÛ§§ÅbÎÉ-v9¦›Äƒ¼ü’ˆp[¨Ýê÷3¢?Äï„Ú­á¶¼ü’`×Ò1ºC<p8kÝª7,4$Ø…àjâV½gm°éÝ!”–WG÷§ßAá÷bzF”–W»?ÐâAµ£Öl6»
\½ÅXí ÷àÊàõûƒ]®vnÕì:@·ˆ_°KÀÕ®{,ºÕâ€A< !Ðhˆ4Äâñ€†x@C< 1»-^Ÿßçóû~]§Ý–x\YŒ}­[õÄ¨×õz?N×9Áíö€+ˆÇãµÛ,":«Ù¨˜ŒƒN§Óë:%Tè=®^¯¯Æ¥FE†Úmf“ÑØ9© 1âpE®ZÕØmfÅœuÞ\\<Ÿ×çWLF“1h?â€+‚ÇëÓëtŠ)cŠ€+‚Ïïƒ!xá€xÐvEÁüwÀÕ@§ÓétÁ|Dgjò…­üJÿÎfCÝß±?›Òüó¯÷»(tG:âÈ"âÁ…Ý·ÂøÝ1]]*(*×UèÞÙl(*×=4ÓwQí¸+?ž–{­6»Òqµ¶?+?ç`‘CDÌQý&EY; Iw¥Ó#&{x~µàPVQ?(ñ#RcÏÛ¬ËéPÅd·™ws€«ñà|¾;¦ûî˜îŽÉ¾ÆÝu?#7?j{BÖŸgünu‹½ã^¾tZÌù¯ìàÇnWîÚŸX¶É©žÝ¥$O_øÌo§Ä]Ò³uÝÌx}ËÂÔv·áS?Lv-3Uì}ç™%;/ü-xgÞÝ«eÎŸ>Z<¼Ý÷€.à‹}zi6”hþõþ/öê¿Ø§¿˜xPgÄâoIn´­ÄG\è’ŽxìnàÊZ¶èw«Oˆ2pôüÛ&¦G‡Hå±-Ÿ¯Y»)«èÞKŒ¡lãïg-Ï³ð“2¢DDlýÇgÌO‘žñ¶`Wpµ œÏwÇt­f€^‘rº¼íÅ§¦§wÀS~{lX¾ú„È˜{îÖú0?žvÃ¬9'Šã‚2Æél©3:" ÍˆçST¡)?–ûc#ßë°åV/|ù+™z×#öí//ß?_&¶q·ÿöÑyé²}Éïeˆˆl|~Ñn³ÈÔß,Ÿ3T¤l÷ê×ß~w{~™ØR¯ËXx÷¼´¨Fí,þ]??Kþ´!?å·o-?Ùè>‡7¾—/¢ÌùÅ­Í:
âúÅˆˆ”m\òèû9ƒf?™qzù’?·–Lyýó…©âÌÛôÖòw¶m=¡Úû?˜~Ç‚»nH2‹ˆˆ;wýk¯¬Z·ß©½ð7›}(wîÆ?¯XµîërGxäÄióÞ1%Ázö?Ü?ÿÎ+ë·žPíC',~`Ñô$Û?Õ_Þè<."Y«Xô‘HÒÏ?ÒcÃÂ—¿ªÿÔ¾â½ëþöá§{2?8U«-yô?‹ï[P÷Á›ó•ï]³lù‡û”¨JtÌ¸›Þ?/=*è}#]ñ 3e}¸bùŽ³›1ãgßšj©(ÎÉ–ãO<Òü„é³’|¼-sÅ—'¾µ¸Çà±c<{³÷?˜ä1#z‹ô©Ü¶äÎ—×IÒÂOµæoXñî½ÿÇùú_¦*Z;Žg.p)Éý’E5íp+‘áÃÏQ?O-Í.Î©|ëÁužÚ?É£ã£DrVÿöî×+úOŸ»ôÞxÇ¡w_zú‘<ß²¥ScäÄšßürÕQÒfd¤†;¶<¾ì@ã¦Ž¬ú·{Öï3vñsSú»¼ýê²;O¨<—Uw‹ËïÞ?}Æ”9§v¯Ý´mÉS½†¯œÕ'}ìˆ£Ž#Ùáñ©cØ%¦Gý'J«›~dý’W¾‰š:aÎxE\ù[×|tïYñÖ‚äÏý9«ï»÷ÏÎÔY–Ž±—fm]÷á'{f¤ßÞ1ÿ„Ýñ eºµßèËª¤n|ÑV7Í>¥‘?¬6D…ÉÌ±þ¸¨VzZ“ÿåÊüF›)q7ßšj×6zNè¿?nq“Þ¶îàÑGî¾uáð¤e+÷?·ýRf“³ò?u•¶…o¼<?EDÒÓâ=9óW}¸c^ê$m€þ™¤Yï?Ý¼@DÄåpˆˆôêaoq¨±"eÂ+Ë?²‰ˆTn|ìõbuÒâW˜b‘ôöÒÙ®XŸ3u?º~Í‘‰O¼ñì‘""SÖÜ=U}B(ÿòokr\#ž|é‘ÃE$}˜½ì†‡W­;’1¿îÝ•xß[/L?‘Œ¸üÅ/ggí/™7ýº…¯ÿamvAÂÄ¿¬›{ M"GÊ¬ëØë‹O—[ï]“•S"É±Í>@qNV¹È”…wg¤DÒ'L¿C„®€¶!4çõÉCo
Ëµ÷ÍUèÎµ ÚÖƒzùæ°îíßx?mz=ßããÓëí˜CÎóü^œsÐ)ìË—ÿ£nÏiEdkîQ™4¢n{âÔ[ŸdÕ[DäèñI?>÷b'NU?øDîV‘8õð»+rëv8JlRô}^Y±û˜*’2nDýà¥~)iV9àªÛ8™½E$Ö½ÿÃåÇ´ËNÇ‰sn¹Œ‘QãÒ´gzE¹àÜì³l&ÇáÌí{ö:E¤ð ˆä/ib’GDÊÎ?ÿqgñÔIÃ‡?>lÄààÏº¸¼^Ÿ³Æe4l!VW­Ûï÷[Ìf½^W]]£×ëìö?v´I<hngŽ¾°\÷››}·üèÂ/&úäŸúÿüÔ°3Gÿã!—¼PZ;ÿ)z¥ÍÏHtv~?çxÏ?’”<FdgvfVùô"[?GDbzžûfö?çŒé­Èñ­[ÂE\çºlÀ”ùzö®ì¤(–sßâ\Ê6<ü³ç²eàè™ã{?uòœe«×±sÿ7[Ö¬]¹J¬)?h?ÝJUµóÛ¬ì="F¦úþð±jGÍ5#’­VË¾¬l‹Å<&}X;Ú$4çõ‰ˆ„·í]šu§y/n…´vpT«"ŠˆDÄõQDÊ¼p~JýA_ÏÄLš6úå?{¶¾¸dÝà¦÷ih;wÝ¦âI3Æ¶Òg“*r@<÷—SÎõ‰ÔêX9–“ë”h›ˆHIîþ¢³—Å9d~ÛÂ³#þëŠ,iC™Îj‘SŽ‹wlÊV%é‘gž˜+"jfåú/ÕTU­Ñ¾#1ØÆÏZ8~ÖB9´|ö¿¯_·3úŒø¶|G]ˆËU{ôX¾Çë™:èÈ±ü’3åÉƒú™%÷ø©ÐÐâÁ•¯ÙÔdéyí¼™ÃÏDŸ¦¬þ|Û²?D•þØ¦ÆgÌœ½`ÜçË—?t_ÕÝ·Ž?q—ØðaÖðß¿<³Ïy›û¤û^?³øîÕÙKæÍ~/}ø¸¡‘¥‡ödî.wH’Œ;½eÆèsãâ9ß½zù½OŸ¾}ZJ©8¾}ýÛ†Ùkî›vSFÂÇë×>õ„ý?¹éÖü+ÞÝcmè=ˆÿé¿e|xÏúçïºôöiÉáRzjÛ§“«îK;}ÑƒG÷“Ìì5Ï¿(Ó‡©¡#æõ8{,&y˜MvænÝ?•6#Ö±cÅ²?ÏëŸ4\dÏÚ×ž‰sLH<ºpÅÃ;Í¾müˆþVÇþmY¢¤E?»· [ðy}^¯·µ—n^âAgj65YÆõ¾õBñÀ6ñ®ûæä½¼úë?–|-ö_Ÿ9?ã™×äµß^ýÂË«ED”Ô©3n¶¶±[êÝËVzkÙëÛ2wïÉÛ-"b:zñ/M?mõ§}[ê]/¿²ä©÷Öü~“ˆˆ?2óî1]¸ô©²Ç_øfåÓÏ¬´ÆLø¡û>fÉNí2óð…zEyþ¹õËžÞ#"bµ?›qg?÷±$ýëS²~÷Ëu«¬“‰OdÜÞèXò¬'~zùŠßÍ^!öIÏúfÉí?ýºEONZüû-YËž.ºoåèä„Øœ÷–Ýýºh·¾ûñÅãYXtO?@ ¦Æ]^Q]ëVUÕ[UíÐéun·Úž‰"¢sºÔŽ.²MeŸL™Ô!Míþ.whJßiJD¶Ðÿáï†ßÍñMváé[êÿ°Úð»Ÿû&¦^òÜƒós9>“ÝÞhÔ½êt¸Äd·™Û7ïö"/wW:=ŠÍÞ,‡øT‡Ãs¾F\N‡j²‡_Ü¢kn‡Óchq¯†²}ç8Ôì+j×­ÚíÒŸo«.kýY§…%Ÿ¬ßVVQ•Ð·wöy.Wí ý,f%ûHÞµiCo?>é¢¨vÑ{ÐEXmÍç(6û¥<ú^äåæp›¹å^ƒr?çoë9åÏ/{k÷ª£´øßë’oÐ…ØlÖ¡ƒóŠõz}Ê „@ `0t::8i@b;'^€.ÉbV$õMJŒ·Û¬"Ú»øýii…-¤??”š‹?
ˆÈº]ú¼âŸ¼?OßpÐ™œ5µYûsjÝjÚÈÁq½£M&£ˆ¨ªg×žC!Vs\ïó¬uuNÄƒæRâs'úßÝªß{´M£òçNô§ÄÐÙ\®ÚŽž<~¢ðLiåèQƒ'÷±Züþ@AaI»§&Zñ«)¾™c}•ÎÖKn,Üˆ<ÏÇÀå¤(¦ø>1z½î™ß•–UŽ‘ÒÞaEuˆ­‹´K¤?>\Ñ}òÀ„©wí9”uà‡Ò²ÊáCz¼Þv7H<º0“ÉÐ·O/[ˆuÿÁðý?lÞ¶« °$*2¬}­€.I¯×›ÍŠÉdÒét=¢ÂÇ^›¶kï!·ê1+í|>ñè’ì6k+0êç IDATêÐ?¡ö¯×'"F£1y`B¨Ý–Ð·w|\¯öµI<º$?N'"ÇòN?È/jØ¼>ŸÑ¨o_›Ä Kr«ž‚¢’Žžhy(2"t ômG›Ä K
±MIŒ‹íÙòP\l{ÖD#]•ÉhŒŒ³ZÌ-Ùmí\ý€xtIgÍ7»ögÿ?g0èÍŠb0?¾fð5Ã“ÛÑ&ñè’ôz½ˆ?)+¯Šï30©¯ÍfÕ‰NDB¬–öµI<º$»-dLzjTDØ÷9ÇN—Å¬LŠ??ëe1+ÆF=…xtIz½.*2,mÔà~}c?äžÌ;YôÍ®ýâKF?H‰îÙ¾6‰@f2c{õ°XÌnÕ³ýûªª‰}ˆÀÕÈíVO–|Ÿ}ütqiòÀ~I‰}¢{F´»5âÐ%ù|¾¢Ó¥¿ÏÍþ!OU=‰ýãRõ?ŽŽ¤¶VµX”v´I<º¤j‡k×¾CÛþ±ÏátÅõêY^QýíþœºC#S¥ÐŽ6‰@—¤ÓITDø5ÃSôz?Á`ÐéÎÒëuç»òÜˆ@—d·…Œ5dDê Ÿ×WëV?€I1šLF½Nß¾‘EÄ «2ôfÅT^^y$÷dÑé2ŸÏfKèÛ;1!Îb&W“@ pìø©í™û
O—šŒF£Ñpª¨$û‡¼kF¤ühô°°P[;Ú$]’ÓéÚóÝáâ’òôQCâãz)Š©ªÚ¹ï»Ã{ö}6úšÁíh“xtI§‹ËN'%ö™ðã4«Å,"~¿?2"ô£O·œ8Y4jD²^¯¿Ø6/úWg?KU½¡v[]6½^ß³G„ÝâVU ÐŽ6‰@—jµšKË*«ª??@@D¼^ß©‚âªj§-Ä¢×µçQŸÁE@—Ù/>öÀ¡#_nÞß'F¯×WW;÷<¢×ë$Æ·oéâÐ%YÌÊÈáÉÕŽšœ#y‡8î÷û±‡XÇ¤§&&ôi_›Ý$Ê>ì€NUSS[[ëN:`Hrÿ3e?Ïbéß«oŸ^V«¹}mv“x?>2)Ø%àª¶û»ÜN¾cµ£fÿ¡#q½£<f¤Ïçó½Þh4ètíVT§›Äàjãóùªª?v[ˆÇã­ßã÷ùü"b4ŒFC;Ú$]•ªz:âVÕfû‡NœÜ¿€®Êï÷WT:

KšíïÛ¾‰@W¥˜LÃ†$?ûÑðfû£"ÃÛ× ñèª}LtäÀ¤¾Õ ñè’Ìf¥O\L?¨ˆºMŸß_[ëÄbVÚ7/™xtU¡ö?žQ?@ Ö­*&ãÑÜü¬ƒ?x½¾!É‰)ƒúY,íYú€xtI?÷D~¡IQ†PZV•ùÏ¬¼“EV‹RZVi4†nÏÊ`úËP'€ËîtqÙ‰üÓ:‹ÙtâdaaÑ™áCL™4ÆíVs?å?v´I<º$g?KU=ŠbÒëõ…§KCòÀ„äAáavgM­ÏïoG›Ä K
³™ÍJÉ™òãy§
ŠCí!1=#=¯Ïç7ôz?®m€.)¦gÔ€Äø'‹>üdsáé3ýúÆ†‡ÛOœvÕÖöˆ×ëÛó¨ÏÔd K
±¤§1ôE§K“&ŒH¤(&ƒÁ0tpÒÀí\?xtI^¯Ïb6Nîß¿_œÅ¬ètºâ’ò¨¨ðØ^=ì¶?öµI<º¤j‡s÷ÞCG?å7ìÑëõaa¶Ô!ì×¾•Ñˆ@—¤×ëÍÅÖ¨£Àãñ;~êtq©Á`:8±m€.ÉnI5tdjrÃ¯×›säÄæ­»Ž;9$¥¿îâ_^D<º$ƒAo±4Ûi2÷<âtº|>;ÆñbS ›ðùü•ŽW­Áhh×²ô]“Ëå>UX\^Q]·j\µ9?œ¨qÕÆÇÅLM®5®ÚÃ9Ç8z²n3 Ÿ×¯×ëF?œ2(¡}m€.Éb1'öïc·Ÿ}s‘Éhì×;:ÔÎºÀÕ$ÄjŽŒ±Zb¢#ÍfEDt¢«¬ª®vÔ?†kóYËmÁÔd Kª­U÷~{øÀ¡£~¿ßh0½^WPxfûŽ}¹ÇNµ¯MâÐ%?.)ûáè‰Z·jV”º=:?Îb1–Ë;ÚÑ&ñè’*«®Z·ÝfUSÃÎž=ÂC¬gM­ÏïoG›Ä K²ZÌFƒ¡¦¦Võxëö?²òªjG?ÉhÔ·ká¦&]R¯˜¨˜˜¨#¹'wï=ß'Æd4VU;¿Ùµ¿Ö­ö‰‹ÑëÛÓ@<º¤P»-mDÊWÛwoÚòÏ?‹A¯¯u«µnudê ä?ýÚ×&ñè’ôz]ò £ÉøýáÜ’3¯¯W˜½BÜ°!I‘¡ík“xtU³’2(¡_|¬ËUë÷L&c³™Ê‹xta½Þn³ÚmÖi?7Ðhˆ4Äâñ€†xta§«|Íö<¥-ö¶¯5Ö=º§Û_ê¼·ÓQXéMèaüé[r¬Ñ©ä««w:÷?p?J0/œ:¤÷Å-‘F<ºžk?û®&+ßãtûcÃn?$ô4TÔ¾<è:Qæu©?¯¾wíÏWgŒ
™7Æe7´±YâÐÅœ,ó®Ïreu×mUúþšéˆ´éË?þ†s<>)¬ðe?T'$›Û˜{t16³ÞnÑ5ÛÙ8ÔÑëÄã“‘}Ímo™xt1!Š.±§Q16OÍø¢k9wù<ˆ@SQãW½Õh¼ÓbÒ‰ˆÅ$úúÔ ×IV¾gíÞšüò¶&æ]F¥Ë¯zeížšv×4ì4›t×ôUÒú›”hþú‡Ú=ÇÕ§Ü^ŸøRTéû<ËU«z…é“cMéý/0Ðˆxto}íØžS{ºÊW]«Í40èeòË¿M
ëe4äG‰Ê¡Ï’õ•{Žk—?{Ž{zÚõ·?±]00¸è
+}O©‡=?g!GÙô©qÊ€£bƒNDd@Œñš~&KÓÊkGŠ½Nw e³?€®A1èÌM§#ët:Ÿ_®é§ø=öõ2&ÑRëir­Ïðn/ñèz1uúF!Ô¨?í9µÞFùÀ ×8¥†Y›?ê×¨Òø´V€®ÁhÐ%E›â"›Ì®õvsgzDÄç—ZOà`?çp‘§ar‚ˆô?2\ÓÏ<¢¯v?õÑ˜š|ñ|³%Ø%\¥Lc'»€³›u×¶ô×Ÿ*÷mÏ©ý¾P?ôíIõ7ï•Ž`™>2äP?gk¶ëà)O ¾Ÿ &Ìpï”ðë’Í:ÝÖI ]IjSjSa¥/&Lÿì§•uÀç—â*ÿÇûj>ÞW¢¯¨i²|ò¿¤Z¯MTB-m7Äà" ‹én˜>Ò65ÕÚòP³l`1é£´œ‡p.Äg¹=¢zƒ]h»YW\í×_h¸P­'?•¯–:ü8¯ƒ‹ZQSã>}¦ÒáTÝªÚ™÷µ-lø»÷cs;óÖW¡G'}Õð÷þƒZÊ&m€Œ,×—>=‚]
8·œÓž0‹ÎßâEDQ6}Y£Uz©¬¸½~‘LJ®C<h®Úé>žWd2+‘!v{§>J£þö‹ô8~?×N¡ÝJû_x^ÎUkïQÙ{T²ŽÉœ’6 ØÕ€sˆ‹0¦ö1íÌu×z"b3ëDoj³èòJý_tVxífÝ„ËM©!‰=MmhRˆÍÕ¸ÜÇNœ6*†Ø˜ˆ`×ÓöCâtK¯ú¸B…Ztÿ>9lbŠåí8÷ä¹G'˜1Î6¨—)DÑåyTŸ?+_7.É2ÿÇv»ù"~%4qº¤RQLd ®aS–Ì¿>Øu€sÖGY:[9~ÆëöRzk]É±¦Ç¦Gä—ûâ#Û4 ¨1¦&7Q]ã¶‡˜ƒ]p¥Ø™ì
@ôïilÈÚ‘ˆÍ©n?ÝÞÊû¡€«ÓÉ3Á®t.â€s*©v shˆÀ•á
x­=ñ ûHûÓ`—€öÓéu?@Àßr©³ND<®z?NâóùÛpîåÂºèªü%EÞÌ¯|'rEDß7Ñ4~²>:6ØE´ŸÉdðx|ªÇk4êuº‹XË¬:FÑéâ•+×?.þö»ƒ±½bnš:éŽù³ƒ]T·å/)r-}¬öýÍö[fÿÒúà³AÉC¥¿UŽï‘œ‡âHj„8NËŽü ”º“Ñ`4êU?×d2(¦à<¨:Àÿløê?K_kØ,:]üÎ_ßÿbÃ–wÿö_?\ÉÚ÷7;o÷0bÂ9Îõºœ.1‡Z»Úï¾oªÿígþ¢SÖEš§ÿÜ0x¸ˆøïw¯û»ë?¥ê¶/Bÿûã¨±?\ÕÏæÈ¢Qb¯¬7GEòÆß%ùv¹9F>}Pž™t£Ü3@Žï’ï·¸x‚|y³ÈQ¹ñõÖÿ?åæžòé›ò\ÎE\º?Ng1›üþ@µ£6Ôf1™?ß‡ÐÕž¯<E§‹ë²Áÿköóg×u Ôõ$üqék=øëÎ-G<å'?ŠjË™§¶vTÒ'OMºüEuIQõ¿ýLg¶D|ºÛ0|´ˆx¾Ù""¦±“B†?6OÿyõâŸWÿÛÏÂ?ÝÝ™}sï’{’E\²ã?8D”(Ÿ ÃCÄÝèœœÃ²¡B
Žµ÷z¹iª¼?#õ;žÿ‰ØEç¿
t5F£ÁjQŠóÏètb2£Á`4ôºNËÄƒKµråš†l "±½bþejÌ5#‡ÍýÅ¿ûÝÁ`W'"~ÕåôlV)ÏË«?¨¾=¨®?ODÜÕ§êú¼µ%…§*M=ûõ
Wtg/TügòOzêeo¥A§±WlŸ0¥þ^^WEé©·µñNomIá©R¯½wŸèpE/"P+OVë{ô??¶èU—SÕYí–6ýWt-}Ì_tª!ˆHÕœëE¤Çñ€ˆ†?]ö÷Š›Ó]K³ýñÍÿ*[×Sn(â–·_•7ê×Ž‹É—?ÎÚ}D¢ªÅqZÛL#SE*eÃ.ÙÝ´µI¢xä@ÖÙ$PGI?{†Ê£‡DDân–ñ‘MÇË‚tI´Hö.y÷èeø˜ ³˜L‡Óew«?Ç«×éu:éœxàV=ÄƒKU—nºiRã?±½b®9ìÛï~ûÝÁkFëÌz¼5Õ³ö·Ád³*•ßnÞ—«³¼†p›§h_^øÐkgô-Ü´¥ LD¾ß·.GúŒšp?íû?¿*‘èP»·pçNë˜›F´Ô]¨ˆÓ+Jä˜³ñ Iƒ%ßQú&Ï¯xOlúèH‘Ù©s|{Dí›<gl¼ÔæmøŸ£ŽÐÈpã™ý»³®Ÿð£¥ÿüü»\ƒ=Ú&‡¾Ë±?œ?îøn]Q?Ó†„_è£ùKŠjß_a]ô`C6hÉ0|´uÑƒ®7–vÞ$„ÑÒ_/Žü³Ù@D
ZN0/¿¿V\ô÷ËÍ±"~QEn%?~]NOyþW2©§ìþL64»Ü%z“Ä’‘ûG‰R q&""q“dùMÒCDõÉÔÑrÓ6¹ãÓËø‰Àåæõù-ŠÉçø|>Ÿ? þ@[âA p©oDÕëõÄƒŽÛ+¦µ=‹N‹tf<P?ìØu¤~Ã>hÔÌQ""ª.rÆ-CÂE
wmûòD~eê?é3ÌÞ?*×L˜š$"Å;>)TRÇOlñŸúæëŠ¦›DDDNûÙ°èÿÕ@ø´›‡EëD
¾[ýõ‰ƒCãG…Å_wKœ¢EDNì[µóô±±ñ±ÇŠŠL½¦ß0,JD~Ñ‰äç:ÂÓg?("â—€^ª{„ÿPš]&?ŠRE”æwjÄ³c³ˆ˜§ÿ¼ñN}|ÿf§™§ÿÜõÆRoæWÊ-·_ò÷Ùá¢ˆ¨m?ÿf¹9VGåŽ×¥ §ül?l1Éc""òwÊ¤žr`‹Ü³¥•ë6dÉ‚kåÑòN¬Œ•ŸK\ýì÷{~"=\òÒÉgdÑbY0JnþTtm:?Á 3:{âÁ¥Š??®›oÐ¬— ®W¡“»Z›{P."öØØºßæÍF½ü¾fU–Õê¥èûMu¿×ˆËì1‰ˆ56¶e6{\œ¶?."JJKÎˆ„‰Z‘÷mnUµWÄë”€Õ'bí~ pÓgltT¿~ýz(Ò32Ú|dçúæÅD$Ä÷NŒ5„Ô£ð`nñ?ìÕ¢8ÏgóŸ<&"us‘ÏC›¬|"·M_Ø¥«¼˜l 2·?ˆÈáCR "gäƒ3"DDìäf‘‚=r×g­_Xý¾ì,ã"a!¢æÉK»ä¥úxÐ?\Ä)·Ý!·‰ˆU$T†ñ´ñàRM?:éÛïþqék/¿ôTCÂ}<Ytºøš‘ÃZö*\‰Œƒè£Õ?+V‘j1è[¬ª·þ‘8 "b0ˆì_÷uuŸqÃÆD¥,÷ób¯ˆHÔ?ÿšXv¦øTaÑ?7çùÑøúÝpK¬«´8¯°ôà7»²’FÍ9°¯}÷áâ<»3aðùâA«-z:Û9>Y’ãeQÏæsZ¥Ö…³ß«Z-j¨Ä%ËÜžòî™Ö®yi§¤O‘d¿|º¡ùÌµRÞÚvvóx{?¸Ê±jò¥ú—©×_3rXÑéâûîê¾žüãÒ×&ßø³º®ƒ¢¢’¢ÓÅÁ.ð\Â"lRYzZD$¤W¿pï©Ü2µÛB­?ÊRçþc¨§ò;ý"þÊ§ŠtöÞ½E<^U§D÷Ž´Ûl®âjWÝy¥…yn%*¶ßðQ#Gú++?RU˜W©·öŒ<|xz¬ÑQU-"Ê ¸ï™¯9ÏSC¿¤ºw˜6Þiý?OZÿÏ“?÷Ô? ï›ØÎ/æb?‘‹˜eÁ½ò§ÿ%¿Ÿ#/ýFÞ»G%KµWD$qšLj”z>È‡Èˆ1²`´L?,š«íW‹åÉ]¢†Ê¢;eü9nUð…|?#ö4}Ã©Èþ"Qbåæ)«—Y©­,¼Ðôt€‡üõ_lyç¯ï?.9Ø0¡.34îU¸üÔÃ7nØê5`þÄ°sœ9|Hxîžƒ+?´9kb²có‘µkŽôâ%áÚÈ„ç»?=Ú|bã¶=¿/`ì3:m¨"Ò¯ÿðþóÿmùÖ¤·ÇÚêæ1W–ìùîû¯?Fƒß«š{\—é+;¸÷÷[½FEïWuÖá?‰ÑÅ÷ï}$¯0ò|·1Ž»^DÜëþÒhj²/kwÝ‹Mö¸×ý]DLã'·íëŸ¾%æ9²h”¤?¿”Èþù`?Ü+©“å±ÙRVö6YÚS#‹æH]*˜ZßÏ°ã}yTäùkåùåÙ·dCk}ús+;Ÿ{Gz,”ñ“%}²ˆˆ#OÒ¥é‘ÚFçt]ÔÀés(ûdúÈŽyåþîïr;°©?I½ÛwmÃ’É±±Ñ±½bê²AÑéâØ^1mL?]gG‡øù/u/ël»´±?ÝûÍ9Æ­Ÿ“_UýÚ|b¨.?Ñªœ¿ë üŸŸíË?5sT¤OUJÓÉÄ^U5(J³é
-wTÕwö¶mç|èWµï¯hübÓò‰E$r«6Û·OÅÍé–Ù¿<ÿ‹MKûë?ôUÃæþèIç9ù"ÄËÔ0Ùp¨É¾ôR•ÕÊÏùé#D
d÷9ÆµGO™'9-Þˆz‰2—vhst_ûP:4¥o‡4u±\Ôab{ÅÔ4ªK© aÝ´+’¾ÉCºN¹P6h¢y6c‹lÐêN]{²?ˆX|VÛ§zñÏ}û÷Ôí_³=|Íöº¿}û÷T/þ¹>¶?õÁgÛÓú¥ËožDdwkÙ nGf9#[::€«ñà2ªKÿ2õú©S;èÇé+Bø5“¯?6ì‚«\úèØÐÿþ à®­¸9½æù‡|û÷è#{è#{øöï©yþ¡Š›ÓîÚÐÿþ 3—LèN˜{pyÅöŠyèÁ_»ŠŽ¥W¬¡A¼½qÔØðOw»–>æzc©ë?&_,³Ùy«¡tGÄt=úèXÛß´>ø¬gÇfm1„~IÆq×.ñ û¸øyÉ]›>:Ö<cnN@[1÷€†x@C< !8'k‹•-@÷F<hÂ¬(‡+ØUWŠ‘‰Á®t.âAv›âpÖ»
àJ‘6 Ø€ÎE<h¢WÏp?ê)8]ìB€à›"ã»Ð¹ˆM„„˜û'Äú<¾¢ÓåŒ2ÂÕllŠüêFÐ;Øu€ÎÅ²hÍ…ÚÌú÷:]RYVá(*®èÌ[[
ÏöZô)í¯ëÌ»us‘G&JÚ?˜lÀÕˆxÐŠ«9±_Lçß×ã:qvcõW?_ÀUåµF›Æ±€+ƒ‹hˆ4Äæ\ALc'»\Õè= !Ðhˆ4Äâñ€†x@C< !Ðhˆ4Äâ?1Ø\i*j2÷ú¶bÒ,"Œ"î£›}‘“C¢‚ZZ·RQ“Ukk
vhŒÞƒf¾Wo×§ý]ëÿp^åSëÝ"žÏnPó‚\™ˆ¸÷½Y¹¯"ØUtˆïÕ76{ƒ]š¡÷ ¥DÃ¸Éöº?Ç©Zô¸»$ã
IQþ“ë}òSì:ÐM.¨VšþÊ­}×ùŸ«5"æYî?bwöZ×_^ó‰H¢áÑeáC-"Çª_}Ö“uL$VwËã¶[†(Ráxãu×1‘Dý¢Ã®?ÐŸ·MçÛ7xãŸlzÆ¸\~ô¸õÑÿÛ7¸ß;?yekÄðà¦ð-Ìz­lWocñ›ž-“-_ÜoÓÚ.ªzúE™”æ[³*PR+7½h[0Ê,âÊ|­öokU"a£Œ?¾/þüÍU¯½äÏ‰büÍ3a,ê¡7?¯¯ÔˆDNV½_¿iž;úµÈI"âÞò€³ðWQ·ÿ¡×*2ÓÂ~5ÎèMçkïªDæšý•Í&Ò´$ý¸ÞÞ'¶Dý¢Œ@§þ# Mˆ-¹Un‘rÏ/ymó¬½Å×p°l½ó?åæ×>1Š÷èkUÛgY4Ê=ÞÿÌL«YÄ¹¾üîU5ý•e×›ž¨û#þ2D/R[Xa©yó6OÊ‡‹"ôRQýüãŽËÂ¢Î×f j³wK¡íùÏ,R[ýüPwVnÄ‚Mú¨Û\òZÔ-±Òjƒ¾ŠÀë;äÿ}ÖãÑ¦¨h•wÿmöW?S¤Öñêäš/Ö›oŠ0ÌùÏ_›?â?úZÅ_7{?ì~ÿYÝÿÞ5@Ä[äª²ˆ«ýÏ}Æ—?µ‰¿ªH5ˆåÚÉµÙáž”a–"÷';¤¬·óö!6×öõ†ë~m,[_þt‘é/›ì6Q÷=ëx~½ñ™s£’ü‡^ªø"ÍúÞ‹V×gÿ»F&wæ?*Úâ
5sEÙç}ïM×{oºÞ[ë3ÏùãLk£cžƒ›"ý»6;27×‹.ë{·ˆ>*Öè>æÌÜìÈ:&Û‹ü"ú°Þ²e­ãÐ1·S,½#ôrÌ³%QoÞ[“¹Ù‘¹7`þÞŸw?6EDS†EDÄb6Ê¼¨i‘çhpæ¯¬ñ-?ÑPCÆ8EDÄbŸr›ï^?ˆ?¨+ÿÞ‘¹¹æp¡äyEôQâûb­3¿B•Xk”ˆDêzï]¿¹¦¤Âk±‰ôŸlÈ_ë.9þ™·ÿK–›vx‰H¦ç&›†ŠçàæÀ-sí6eÔ\CÞzwU“’j3WéþUû2­Sæò?à
DïAKãM‹î·Ÿã˜ß]+}G™†õ‘4Óó“Ô:þë§ªüÚ|ËdSX­Gö‰ˆ¤ü:ì?ß×feºþºØy¿í¡H)?ÕKÓ^Ô3ìC]ÈùÛ”?Ýrî"+Zip¿ˆÍÚÚ»€"tÿÎ!:g­_Šªî›ç÷˜yRš¡ì˜ZwdÁ&ÃÑLuï›Îµ›?‹VEŽ‹}ê3×¡ž-ÏÔ¾{Ìðâ‡á-·KÍ®
WÕfÃ”_…„d”}’©V~æŸû«·»VÌgoyö6.ÉRÿ‰Ì?3®ü†Û&úèÉ?â
1%_ïó‡E˜Ã"Ìa"¢—
ÿÁã-3mñ¦ª
mH½³Ö5Ä>inÄó/vezdˆaÒfo¶¥î*³A?rYkmž£Œ?ÞRUî‘ó6ØÂZï??Õ½­µ&s­Œb–cþµãL³&‡DGèªŽÕÕ¬:kÍÆ…Þrä?]ß‹ÔªN‹uèä°Y/ÚÓÛw°HDÌ×fÈ'ÏÔnI3é?Ùpp•ó³ï×&jŸâ“Í5ÿ¿½»?‹ªŠ˜í? IDATÎû?þnaFÑñ‚Q’U`)‘MqK},jÁÒjxÙ¥Ñ¯ÈßŠîJ^+Ù¥µšÝ˜iî&^«¸‹7êfúÐ?Å2ÜŸ²{‰^¡l¨H$Š7A’3s`f~p@nEÃÆôõ|øGÍ9ç{>çç}¾ßï±Wæ7ZGxöjS„ç°8{îß›¢ˆòéßìª€ËÑ{Ð%=žký¿cŒïÍõúó\ïÇXfdÕÿäÇŽO¿Ð$¥»?2¸Ç/#M‹y)ºŸÃÃ[#""õŸ.»ò§/4#ÆÈéIúcOéá6wmÝ‹?7¾?ÂÍëû·?Ó.{Þ«åêùÞÿÛ±M§exE'Z~9õÒÇý5OeõéØ`§å'¸Û¶^z¡VcÍ±{-óy{°È`¯µ²Ì]péGõ]o?ˆÈEëÚ¹¦Šþn=ì.y¼=W¿°¼’b’nýëíŸ÷×þ¾Ÿˆˆ!Î#pjÃ½å>""ƒ{$Ô›r}îm>Š§XO´>(Ž’þËVµë ðŒ^ìUøóËI»Ü/HôT‚)ÀmHc¶(.Ùñç%g£îî–¦
>+ï®¦®­Á*žÍ×à?Öz7¯n?,mb·ÖÛ½z´M`õ?=<;eÛìÂj×jPDD.~;w®,ÞÙ«Ç
?lÛñ(:¾rmŠY´ºÎ7Ö7xôàÛÐÀ?§/J>+:°[šºQôÜ€ÖWÉ^í't¼†vv­­KùŽmvaµkgƒkWèdÛŽGqCÙ@äšÙ@DÈ·1âÁ¯Ÿ÷›’^]Xw=âÁ?Ï³WoW—€&ˆP¨ˆTÄ*âñ€Šx@E< "P¨ˆTÄ*âñ€Šx@E< "P¨ˆTwB<ÐhÄáp¸º
Ü½‡Fãê"ºÃ?¼´žõõ®®w¯úú/­§««èwB<è©ïQwÙâê*p÷ª»lé©ïáê*ºÁ?úöéYUSÇø"¸„Ãá¨ª©ëÛ§§«éwB<Ðëzøöô®¨üÆÕ…ànTQù?oOo½ŽÞƒÛFP ŸÒÐxúl5}øÞ8ŽÓg«•†Æ @?W×Ò=î?x "!Áý59^|öbU?Å¢?p‹8‹E¹XUw¼ø¬F#!Áý]]Q·ñpuÝ)(ÐÏd®¯©½üeÅ·V¥?€€[A£/­gO}?àAþwÆ˜¢wT<hš‡p‡½CÀ÷æÎ\à;"P¨ˆTÄ*âñ€Šx@E< "P¨ˆTÄ*âñ€Šx@å²x ÑˆÃápÕÞ€Û“ÃáÐh\¶w—Å­§g}}ƒ«öÜžêë´žž®Ú»Ëâ???¶î²ÅU{nOu—->>ZWíÝeñÀ·—®ª¦ŽñE@‡ÃQUSçÛKçª\×{àí¥óñª¨üÆU·›ŠÊot>^>Þ^®*À•O.ê?¡ÞÚpúl5}¸Ë9ŽÓg«ë­ýï1¸°?Ù¢¸p÷"rák£ùŠÕ¿¯¯oOï=<5.œ§|¿G}}CÝeKUM?ÎÇËµÙà¶ˆ"rÅb­ûÖ|åŠ¢44Ð‘€»‡F#ZOO­o/?Ç]­çvˆn|k2ñ€Šx@E< "P¨ˆTÄ*âñ€Šx@E< "P¨ˆTÄ*âñ€Šx@E< "P¨ˆTÄ*âñ€Šx@E< "P¨ˆTÄ*âñ€Šx@E< "P¨ˆTÄ*âñ€Šx@E< "P¨ˆTÄ*âñ€Šx@E< "P¨ˆTÄ*âñ€Šx@E< "P¨ˆTÄ*âñ€Šx@E< "P¨ˆTÄ*âñ€Šx@E< "P¨ˆTÄ*âñ€Šx@åñyÉYW×à¶ 1[W×à¶Àà"*âñ€Šx@E< "P¨ˆTÄ*âñ€Šx@E< "P¨ˆTÄ*âñ€Šx@E< "P¨<\¹s‹Ù¤´þO½¯ö;6i­37huzïïØL×Ø“I¾{Íß±q«ÉÜ Õé»·Š[zhÎw×à©×y¹ß’2¬ÆòSåFEDëÿ£¡ú´ßK×Û©3KÇ"›ëïnz³IñÔwÒVó±hû‡Ú¯£.õ2„Ö·«ÓRYzò¢IDß?"d@§…ZMfñvvŒmšªª(;ScéÙï¾!?×;Ÿå’[Ù±Šxõq`×ÞÜM‰F?©^ôz‡“Ev?éŠF<z/gK¯O£\Ñ(îÍ›×Ö¸ªÁt¡¢²®A¼z ïüÂÛ^ÿõ¹ÓF³èü†êëÒës?Ù¢taµ[âÄº)sööéç)""çKjM¾?sR“'u¸²éª¢ôñ/oŸþÚ?çDto©ÎÏxè9Yw 9Ü•?We/L>8>ãíXWì½›Tç¼0íà¸+ãýº»[å'«_{3ûRÿÐÞ^"b¼Tª&¿²äé}n¼­¢ôñ/ËšÝ)Ã?ÖŸ!»ç]0î]ø‹ãþº2ÎÐ~AÁ–åoeœÒ…ôói8_bxzñfFx©‹Í'2çÏÛa¾w?NlæÓçîIúÝëO‡êDD,åÙkW¤í7ß;H'"ßœ©RF%g.‰èð[fý<cæ¯s¢?cKyöºô|ïñ?í'çO:pØ4"©ÓßÙF·¿g¹¿]&ýz‰VD¬Rf“™?Û#ì7|^¾ðˆÙ*k^oÖqQµÇKïj$Æ¶|ü?7+"â¶÷]÷D4oÞ¦5?bÒH»ÖÅÔ€ ºâì÷>É«öèÓË]Äv¹¦¾gtüoâ‡:¹‰]sdýšC^ºž^Òð­Y†þ,eÆý×ñqõ½Øù™­.åM%9éo¤Î®x-sNËEÏ‰˜µ'+I«ëÎ
ñCVº}É«Õ2³Côê+¦’œMÅ_ËÍÄƒÎ&,Ý3N¼oížõÔ±ó1+>ZÙ|!~n÷‰Ë6üäý¦Kyë‘õóöE¬Ú‘©9¿wáSK³"·$‡kEª‹N’?ÈŽ24mh*Hÿå²Õû¢Ú‡KÑ†9"Ñ?U`)J_rxÌ+io4ŸLƒ_pø˜8SaÆ«›G/›ÙñwVSö7÷7êëÚ†¨wý5¦2÷÷¾ÔH÷æ÷¾¶—jÄ³›nö·iÍ-s¥›<iŸóãîip÷°œ=mŒœòê¨?ÞMúÕ‡Öþ.ûã°ùS†´]Ï~aÖ¡ÆŸ%.ë/"b9µ{Mö¶#çF·¿Oø½¹½æèCã½•°}ÙÚ‚›ìÓðòý¾Fá øð‡µÓZ²AÓÏXÊä°nÞ?»VïÛÝã»:ð•¼(¶ÕMúcÆ?R**«DDÄ|x_^ÈŒ)‘ÍGû\ŠoÎ¾BEDdÐ”E3›³?ˆè£Æ?—üŠ‹m›7ŸØ¼:ÿ‘)Ó;Ý¿9Ã÷.HŽÔËùýis&?ñ‹_>ûèä”´}•ž#’—ç¬=bî°‰Û‘2ù¡–l "ý?Æ9?Ø¾Û™è¸‡^oï¶±@ÝÛànåþèÓÑÍÙ@DüÂF”sÕÆöë?;‘g<vtó=;ï¡??\‘âëïµØ6\Ý{ÐQ¿¸„É›^8R”%""æŠý3¶åçŸ“{GNLùÏ¤Èæñ'ÆÂ¬5Y¹ùæ¾¡aÑO$%?Ö»×\µ0?jå¢ñ}DDlUÇ²ÒÓs‹O[zG?–ü|TÉ‚ßKêúÄpã?
¢–&(;ÿ{Ç¾sß¨Ñ3~=;>¸ùî¯±`ûº­)¯ñž4#åêÀ[í±¬ÕéŸÿqS“žíälU'öåìÜèèÉK2 püÔ”¹±Á^""ÅÛg§É®)hj¤wôcÉÏ'6_·u±qkyÎÚ¦²›43®Í2Kù'›7mÛßºqåDVjÚ•¤?ÌŠj¹¹k-ÌøÕvÿ¥+§µ>?Q£gÌ™?¤“[àÕ[~ŸñññK—ýGNxò¹ijÙÍgR>ÌÌÊ>ªÜ72¡õ™tR?¨oëÞõïl;|¬N7.61yÒµ~"cÁ–´ŒŽ^’aÿ>wþÓ#úˆT}²|ñ?/¿Ø²Úù½//.ž°jþØvY»Ædq~ån:“·ognvaqi?.dø¸”Ô¤È–?Õã­ªñŽŽ»z¼ÒX{lKÇ·¯é?Í˜>Läó¬™¿—Ô7C?µ¯YÄf®8’³3ç“£Ç«j|ýGNh}Bn‚ÑX!ý½EDäËãûµ‘S[-¼7BÒO§Žêx£Þ\S-!ÃÚœ'ëñ¬7‹â–¯ýpÃnç{«Ë?ØûÉEýÄz<ã7›õ‹²Þ?Ô‹ØjK+¼D¼žòoËGu%b¬×ˆ8½ÔÖ˜Î»åîwÛ[)eŠñwÌ™aÑ»yÍ÷¬÷Ýr«¤F+£Âí¿Šµ5µl½äžµÍm÷E™Û2HÉ}ÇÛn2¹aZˆH©Çì=òŸ³…W³»?9æ¶ûSMa•Ôh%2Ì>o²ÍY×­ÚZŒÑãÅh.ˆÈnÏÂlÇ›Ï4Dc,rÿÃÍ‘jéëçxâ1{ìà›Ñ¸4–}¼eGÃ˜ñažÍ/5´ê@¯§çŒÐ~e³±FúôìÕîUcåK@èàV—*žýýÔ|õe?Üã{k«ïÌíÕ{ ""Ú ¡Ár¦Ê("¢œÈLyvÿ=Ï¼µñïÙWý‡düòõƒu""R¶é¹—ŠFþ:}Ïþ÷3—=yoaîqED.WWÕXDD¤öàò”Ÿ¦¼¹ñ¯\=wÈá7ÓrKKšopZjK²ÞÌª?4?ýƒ=i)ƒŽ¯xiGiÓ=Íêœ×žŸš¹k÷GëS†½>{{qsƒ³|˜ò»?ýãËI~y¯¬Îw~eŸì¬ðŸ:õÖí·¾:E6/jîQ¾)©ú0mÅ¡I«þ¸ñƒe•mËÞ9P{ƒ?oš9s‡³pëž?ë5öÂ–Û*š)E³íó{rUÖûÏZ9Ã}ë“ËóL¢?Š2eý5¯®¥‰Ú¼=9Ú1QA"Æ}ÿ}õ×“æ¯ÿèÀû™¿Ž8ñZÊ–2g;½˜óÂÓkÏÿ4uÍ–?[_M\ôÖ“k[[?ÉW·|=þWél_½(FÙ6sá®3×¨GD¤4+%q›2é·émIŸûÓ¯3–ï¨p¶[Égy^ÿäe[·o\7'ðÐK³ÓŽ˜Eü£Gõ;¸9·´å6´­8wsqøÃ£Û^ž†ÅÏÍ_µpÅž‚Šj³µý=ëÚ£TF%­Z³ñ£-+ÝÿÅ¼Å»Ï·>ÞŸ¤¼½%ëƒwR&]É=p®¹šµNß>å›’ªošÚ·™KKrÓVîŸ¼lëöôU±ÖMóWÒtòMG?Ü¯D'/[¿%ëƒwR‡Ÿ\öRve§Ç}=ÖÂÜìº±ãGhEDª++dp@Û™úÞ:Åi'ÜÅO²÷Æ?n•%,Þ(šºhZÐ5²Jy±~x˜ˆœúŸœ –n
÷>!Áþ""îa‘~Å%íwg‹}XŽ|ì¾êc÷35nJû«hMá·†Ûß|Î¶çyÛƒ4þä~¡iÉ×/½ëv!Ø¾üyÛÖdûE“wAÓ´Éº÷4ýãm_°½!ïípÿû·j[5ßJ?zþ¥ì[Íï?®frË9&£âmkž·mM¶ßwÖmé'Î?›Z3Œ°¿ó+û‘mïüÊöÎ4›AÄ˜ç‘ø7™ðDã__o\ÿ¸œÜîžU¦éü¬îlCÂÖç-4µ¼b.ÌÿÂsØ?Ù@,¥Ÿ}Ú0xxHû[óÆª¹Ç oý’·®§Øœß[û^Ü†ñ@z¸7°êÜÍ[¾¸pZˆA+îZÃð¤Ô©ÅÙ‡ªDÄxê‹ŠI?OÖy¹‹—_Xü‚äèvcŠÎänÞöâ²äÈ:½¯.`LJJlÛûâuÃŸY?>@§÷ŒžùìÄ‹E¥Õ""'vnª˜±0uL —»ˆwðÄ9‰÷¾—wÂ&rîà¶ýþ)‹šôŠIM™ÐÉ¨ÐÄ¥sâÂèô¾:ý€±“Æ+‡KÊ[öŒ}.%&Øà«3„N›õ”î`ñ—"]o\9–“s!aöüØ0ƒ¯N? âéùOÜÛ<HÄ¸?kKpòÒ©a­ˆ¶Oøôä'Oþí@µHè„éÃŠÔªë?;¸ó@ÄÔñ?b+Úºº2é·©Ñ´"â<!å™?›r‹œìôýMGc[ítaòÈ]kþÒ$.œ1¿éLú‡Ä¦>ŸP•¾û°õõ(‡³ß3'ÌK?õ×ûê†'¾8càùN”Gf¥Nä¯÷ÕD%¿<Ç×æOÎ‹èŽK¨ûäpsÖÂœM?¢}/?aÒÊ^gýÇÚÙÓcbžH\ðúöC•&5'ô7wÉô1Á_?Þ×?dü¸èÏ?Ÿ2µ:ÞÉ¾:½_pôÌEƒ®ùöµ§‹Ÿ“2q?¿Þ×?dê³IýŠÔ÷ßwlÊ’ÄèAþz_?Þ/lÒøÐEå&gÛ_Ÿ©`Ãê¼ ùOEv>¢éß?¢\±¶{ÕV™ýîÖóO'ÿüêç–9Ý[O½ÜrŒN«ÏŠ‡ÚóÔÏéì¯kêÚ¿dÛ˜õ¸ÃZâ–ò;÷Ø¥žÏ¾ë¹£ÀÝ¤æûÃO6L‹²ôv½Þ>äAÇ¨Kš2“ˆh
s5…!öy?Øúëíú¾¶QS§T?#c'Û~6Ð®×Û‡ÄÚŸê!¥§?_š;_­WãœäÆQíz½]ß×!ŸŸu»Öù÷²ëõ¢Ñêìz½]ïã»ûûûå©©¶Qý"íÀÆ9ãä½‚ÛñSð=º?æžªÂÒæÐÕGóÊüÇFvøCy¥øãÝ§üãÆïÊPdƒ466t±]tû.¹|E½?µ–ç‡úO:Up¬yQÍe]þ•‹"þ†¨qÑï¦½à?4ã§a¡C‚æX/œ-ÒªS&(¤í(‹ˆ°Ð–­ô½ûJùéj‘~•¥…ÊÐ¦cÍËjÅòåi£­,?:îÅVa0dx§s8›"yétQùñ"9qõZ?<äê]Û3JQ•QD×ÕÆ«NŸTâgF^?ê=BŠˆ(%Å%!~K¯V~é[ß’o/ŠøNš‘¶óàù˜)"¥ûwg.™è+r¦ä˜åG“.kÙÂ(ÊW•F‰0\w§£ÌËkeH‘Q£G^=ÏÚ?ˆáÊž‹5¢TtV?åìËèYW?ô÷EFJ'½%2.²Õ8«€û¢VW^´I€vtüŒ5s>>ü¡£½¤6/;oä3!În~¢—F%Šˆµ®²¢ 7}eÊ¦1©,«›b<W|ºJ±V—?UT!rÙ"¢¯:}R7c¸ÓÉñNß¾#j"B®^jArüb•ˆ¿ˆˆR[Qòe?õÊù²âÒ¢J±™nf’?¥(ý×o¿ø“š?}œøù_‰Ö§ÍQØª²—¤¦k“2Ÿ¹:?Øt íÕê¤Ìy×yæ’!ðG¦*³ˆ®°níñâ”íæo(—-œÌ¡rhüíÒô 3Enø›ÛŸ‹dëL›^Dìã9·ŠZQŒš“ç4gDL½[Åyyèa‡³ÏOGÈÀ«Ó=å¤ÑéÈ¥ÎW³º?ùJS£ÈÅ
Í©3"6¹±óNSh—õn…-!ºV”*?³ŸÀ]Â?ò!ÿìý:rì="g>=yù§?>¨o»ŠåÔîô½_‹ÿÍƒÎþ\¸‹´àPg<'þžNÖý~Ü†÷½jK?WDD,í';ö•üî¤?""~qoïHKj>úaúsÓ§<úJÎùî™îh2µ¿:xêªÄH_i°˜ÅÇ³Í;åÑÉˆö¬x4!m×¹K"½ï?ˆíÂ³.»Ü¸ÉT'ZmÛEêÿ5(ío„ö3kñcƒDšîµµ#·DD9œ½­Ïô˜0iz¾~ûcýÅ»ÏDu˜|àl§"bsžjõ¾}äJCÃ5êQÌ&Ñ¶yX¾»¶«ªÒ÷î'JÓ0¡?˜i!»ròêDÎÜydìŒ˜ëœh/ßÀ?˜¤wWOØû·|£ˆ­xûì§žË8v^/¿Ð¨û¶<ÜÈT'=½oÁ/eYÖÌÉ©ŸVYÅ'`Häð7õ¤#Kù®×—å?iýHSCàPï’ÓmF*)—ë”¿VC¶ÚüµÓ$©Í#MMyé+?xWfoÎÈÈÌÈÈÜsBäÄ‡™yíûs†Dh?ZEB&%m[™¶¿ÜXg6žÉÝ²§XDD9vTußµæQ8´zû?1?ï$9úåö¿5"v÷o{<Ÿ­¹¨ˆÖàäh9fEzjoA—j™Çìåî™'5ŠH¿ GøM<¼Ê*í?’ÚW=j×w²:àn ù€ñä§"Jñ?ÿ×+æ'ƒÛ,¶\Øÿçì¢ÐNi*ÒÏß_*ÛNX®·~+½zúÜâº;wÛõX³6œ>+LDô?ÎûFD9A¡?™3-ÅV¾ý×©Û&¤ŽººÐ+08¼$÷è™iAÍ÷qKŠŒ»ÞþÝ'‡´ý"£Û/PX\a‘€æ÷ö|y‘8y@cmþÞÃ!s3Å7]­*Ö\ÿ¨õ]m|`Ð}²¹¬\F«/(å¥E"ã¥é¶îéý}QQN.µµ£§Ïyï©?O¸/g×¨)5uSô¾O
´ý£";Ž?»þNµCŸi¾/*>­Äµ|CWéñ|œÝWtÖÎêq¾OÞ+­?Èæö¬ÅG;}oŠJÏIxs…¦“ÇŽõNiÚ×€¸ä„­*ƒêvg,qþCbëpgÝG§^Ì•äe”?]µ>)²i…3_‰œ‘à¡£$»¤\FuóŽNäí)?ÿ¯Ì™Msî¥¢"CÎÜ`¶ªì×íô_ëgµ{ŠhXT¬vEë›úÊ±ü}ºñ¿kù16ŸØ?úÛ‹“ß{½Ý×ô™æd>±ÚÑÓ‡®Øp|dÊð¸··øïzoÓ‚÷/êƒÆ%Íš b>‘™ðØkl*?"m/ô{ˆzþK5™&ÇòG4Ý£8ÛòYd2Èmo…›DvóŽ>ÿLSj_?UmöÌ97ùæú[õì!—š;úÉ?E<ým#úuoi€2mXÌÏýþ‹Çüèè¿‚îÿEë©€vã¡?oÿŸ{b_xÌy6ýà?þ{¾*3?iésøº¤¬vÈýƒ¿¯/§íÈÕ½Ê%S?Yýw®ø“-©“çç}éå„¦ËÁ!q³F~g]žQ?t¨œ/Èú¤LDÄt$'ÿbó¸ÅøM?VëÓö,˜˜2Ýœ¶xÅ®ã•¦êòc{V¤çvå4ëFO?»¼nÍ®²æ»„uÅÙ{›DdÈ„éÃ§oh.æÜîµ™UÎZèÓ?öÄ©â¦îÖò»öta·]m\7:vìéÌõjy6ó±ÌÌìæe!“Gî]¿öPó†JÕ±í9-“wÆO‰Þµþ…ÍÅñcÕ?ýè©O›Ó×î(m¾Ío*ÉÙu¤VDd@`´<Phn9'Ö6;]¿kð´G®Žù9œžYÐt¼¦²¶5$ÄŽÖ_£ýèÇ.eü±y¿¦‚ëw~jª26ìV»†ªó26…Ï˜¢.ÒF>gÜ¶äÕ–þ?vLy+’Wì):_§þ¨XÏmywë‰˜ŸGDüGJqiÓœh[mþÎÝ¥­šõÌLßò¹ú3`<”“ßaTýMè?XN–T4‹1oç§oqçlUW-\qyò‹OüXLÍ¿5ê¡i#§L3d®Lk:ÛJUþºõÙ#ãÕ÷È\šµdÞ¾Ð¥ó&öºº¡ÙjÑG$ÌLN¾úor¸HøcÉÉ3Çt¬?vöÈ¼×ÒU‰_TÂü×2×g¼ûRb¤¡êXfZvXŠ“©&·Uox¬úØý‚I?X¬\tÏú@óy?ãÁ¾"}e„hÊÎjDDìnGhš'’8FüÄáyÌ-«¸éÓIc,ð8òm‡Æo\¿¾"4gEDä’ûî–1‹b GŠÜ.8y‘cÐ=²ç37“]Ä®½íñdýN?²æ#2•yìþ—›ˆ˜Š=2wz|~“SI?l÷DÞô¯ÿ—ž[õÀƒ÷_íR¶·ýewýýI1¥Þl¹Òô¯^DäÊWyÙå}eiÁ<¯IDATñ{ð‘ˆªÝ[óÎ]‘FÓÙ¼þn3þ~vM»º÷`WÚ£»ÔÿÔúù‡?·|GZäÕÔå?qÉ
ëº´'cÒÄO§T7ô(îùTÏÞæ}¯=õÂ9]H?9FþÌkËÚÏ«.|VzæÐ?›Ó_Ë–~‘O$-ŸŸûèüëWä5,yÍòMo¾ølšÉÓ 5›´?ñ3S'Šˆ&,[lZþÖ/bÒ~¢M~wá„ƒ/9i!ü™×’—¼ühÂÆ?Ñ†=?­Óaõ­tµq¯¨Ùç­yõ¹Ät½NkÒ?_˜œúÕ²ƒMËüâ–­•µ«RzI~bTtã¦Î}¾eKß±S2æŠ[zuþ®6ü™´UY+LË2éuÚêíðÑÉóÇ‰ˆ&Ìš›;o~âvûö¾ÔèaÉo/L{íùÄt­N[Ý 3yÝ[­žrñdJXî¼ø·¾Ñ‹ÑÔ;~ÞŠ¹QÚkÖ£?œµ"uíŠ9ñ;ô~bò?\:÷ÉŠù??¤Kg˜W$<qZ+Æj‰œ¹xy|«Ž?ÐÓ»ÓÂ'9íÑ?MyGÙ´iõÌÕµêe›·.zÆ}?¥¿¸ù¯-žûÄÖ½{*úÇž‰‹Þ£Ž(÷–¼fõ¦W^LÌ¨­aLÜ+ÝÑ‘`˜ôü'?Ÿsï ­µç„¤©¡»
º°YcAöÞZ‘sv´z5NýVéAÓVý·òÒ‹É©5O^·¤¥[àË}Ê)ÿíôÖ1,tQÇ¯©¾6÷>ÑsW†d­XXdô£þÞ"u•‡k‚gý*u‘Ó?Rzûœ§5ï}ä6ûŸnjÒr“QØ³³éEÄÏöÜÏÝ_ÉôxßGôv‰çUªÎ3Ö†ÙÞ™æþÆ_Ü3ÝEÄp?ã¥!Ýðt ÃXÛ+î³_÷¤ÅËñ?=ÍË‡?µÇfº=µÔsÈûúØÖÙ~Ì-f“Ûä¥n"òÛß4üìqÛò=î/¾íaòO«xõvÌüw‡ˆ(5Yÿ’þce#?à.¤¿Ìy.èÇ­.­¿=uèóz‘ÏÒßü¬ÕªC“ßˆ¢TÏÿBú>8v°N¤Çði‰–¿ì^ûÆÑFñÔ=0ù?¦vå%ºÆl¹É/ û^Ù“©ÁS¯órïøºè}»Ôûb=’“90ký´ .îÔb6‰³/YSÌ&éÂw`uqµ›ÝÊZ§xuvàŠÙ¤xêodßÖ:³t<½ŠÙdks¬&³x·YÍ¸wá/ŒûëÊ8Ã5Jê¬›bR´]ü»Ž»Q§M^£}kcÊõ`5™Äù9¹Æ™t¾ÓïèzGÝú”Þ„[RsG?ýJ:§Q®hqè}:Î(Ð(&Ñê?1‚rE#Z»¶{?!5¦FÑ÷pZ‰F|ìZ']ª+Ñ(&?ôèîÚw3{½Åêáííú?-®¯ KÜµÎ3€»VßéFÔ\»¾fìS“BõZ±^Ì[»6/|jzW³?ˆxëœßÔvòúÍ­v³[ušš¹ÁXâåëìîo‡b¼ô×šMÛiI?ÕãÞÕlÐÙ®MÿÈÙ5xÚû]xH˜—^×ÙìçkœÉkïMº‘£¾·¤æŽ:û•tÎ¡õqú$¢¦)Ë×Úê¦Š»&‡ÞùÇž£“”â´’k¬ÀMqëá}+¯ºînFŸ‘?DmÚôÚ“G«Œß>ã¦¶—‚náÝ'ÄÏUsgªò?\L˜1®ã(ù6WžRp·û?.pë¹úÉEnÄ*âñ€Šx@E< "P¨ˆTÄ*âñ€Šx@E< "P¨ˆTÄ*âñ€Šx@E< "Pý­læ£ç±ªIEND®B`‚' height='200' width='200'/><br>
<br><img src='data:image/png;base64,‰PNG

IHDR
1K«Í/sRGB®Îé IDATxœìÝy|Tõ½øÿ÷lg2™Y!„@ @!±,VÀb¡P(.J/bû¹ß¢ýµÒÅ¥ÚZ¬ïÏÒ^¥·¨Ô…+ÊW+¿²T–ÊRHX$B!d!!3™ÌLfæ÷G>Y[™Lòzþ•93çœÏ„ÖÇyå|Î9:‡Ó- ¢ôtä…< ?ò€BPÈ
y@!(ä…< ?ò€BPÈ
y@!(ä…< ?ò€BPÈŠ1Ð©vº*/9ª«Ýµµµ^Ÿ?ÐÃ:ˆA¯3?¡¡Zxk¨ÅèáˆÎátvç‹Ë½^LtM3étâ§Ðmèt:¿ßïv{J.\2t}zGx<?Íƒ3¥Q¶°0U€îL§“ª*gùE{ÿø^?Fóà|qy˜Õb³Y5 S±Û?UgÏ!ìÒäj§Ëëõ‡…Ñ€fñzýÕNW °<¨¼äˆ‰îÁœ" ?ß/1Ñ=*/95€À?=¨vkš)P{:'M3UWlþÀò ¶¶V§ÔÎ€NJ§Ó¹=ž@í=`yàõù™Y´à÷ò8™§&PÈ
y@!(ä…< ?ò€BPÈ
y@!(ä…< ?ò€BPÈŠ1Ð@p³þø½}%/“ï]4¡o@€›Ðeò dÃS‹–ï½®?Ž}jÕËScnùˆÚOùgO}ç¥ìúWÓ^ß¶(5°jÂ]°{Íš†±É¼;È€ Æä"
y€vUèà&t™ÉEÍÄ?›<y°v¥w£ã­;œ®Ì:rþk¯¸E.æeå^‰6:Døõ«®™wÍ]TW/slZz¬ˆHzF ‡€›Æä"J×<{pcÜùY»wïÝ¿+ëlÞ™’r§h½b$ô3iæ÷¦¤EZ[¥2w÷¶?7l<~¸Ùç§Þ;.#!\¤4sí§.Õ6úŽ9³‡G¶ÜBéžµŸfÕ&2cÖœô¨[ðÕ¼ŽüƒÛ?ß´eÏñ‚œ3n±X“úJ½{Ì”IÓR{]q¥òÃ?ütËžƒ9¥58~ÔäY§?O°l_½±áEÑwÌŸ=Ü*"rnÇªÏ?×/Ž7wVªMZ_n©ÈÙöÉûŸíÚ´¤Ü©%dŸ0uþm­þ†Ý;œ¹›ß^ùûµ¹öæ‹Ý¥%9¥%9™û×¼ž¶ôÕ§f'6?LïÈÿä¥G^Í²·úyÑÒþå‹ócµÌ?kŽÕ¿?3æO³âšï"ç³?¬\ãP/&.yà´?+wã«/¾µá¤»q‘Ó‘“?•“?µþõ·’æ,}eñ˜–ñã-ÙþÊS¿ø¬¢aAùÉÜÍ'Wl~ûãEÿ1ëÒš?kë—?í3KåAùñ5k6Ö/NŽ›QŸ-–??ßµüwkãÎÏÜ¿&sÿú?‹V?=-ŽBèºf”åfÈŒhý½ÐþÃ†Æ˜ë~6”þ¤e4S™µâGoôY¿t¬E-(ßôüC¯f»¯¸‚»È«Ù$~ÊÜQ+ŸÛ¯>vlËžs³f7}€{Ï†÷ëÛ@´ÙÓÇÛnàË]×Éwüèº#Î+Ž3gÝòï?[ôÎMÍ»_[ò‹ÏZûrÎÜUÏ¾×Ê×©`Í/]XÔÊömoýyâØg'^vv?Ð5ó gÝÊÇÖ]á½Ñ‹þöÒ4•Ú˜é÷[×¯vˆhß3ãÎŒ¤^¡"Rvòoo½ž•_÷çŽ·7Í;3^DÄ{|Ãê†6Ð&,þå?¦ê!"îâœÌŸ~ºqó1Óôq)"b»kÎÂØý«ÔqÁÚ­Çg/Hi‚}çÆõî±Ó¦?¼âM–ÚÈ?õöóMÛ@K?2ó¾)É¶Ò#›>Ú¸¹þOøî]«^ý,ãåéên×áw_ý¤IX¬cgÎŸ?#j-GaÛä(,±XÇN™0$\ìÇ¶¬Ïl<?°yçáÇ'¶  ºf\¿¤oÎŸ?{jZ\ÓCôŒŒa–%s_-¨{udoVùÌø()Ï=Üð'ð‘üh^ZýÔÓ§&¦O]øèáã2XDD)“ï?_U¿…Â÷7˜—’®vQ°é£¬†]MxxfR{O­±ïüpÍ™†WÚ=O¿ñì¤º?ÏgŒ?2mÔÓK–ïRGç»ÿøÎ?)KÓ5qØ²±IÄ/ú?—$[ë×š<êé¥k5?Vd÷5ÇÔÚkZ”®"`ÎðçúÕ¶ú·¶Ï{z|çy4@wÖíï\”8mÉÌæm ""q‰i?/¨ãæ¦ÇñwïÈ®h±VÔð”†‹â&ÎšÐð†sÇ§»êg?Ù½¡á²Ëøûîj÷y5Žý»óC†>ðð¤&»0ÄLpZã4!çžÌ“u??¼©ñSÚ¼EõmP·V|³µnÜ„ç¤7ž ˆ5.¹É›ÅeW›à€ŽÓ5Ï¤?ºâÅÉ½[Ï`j9?Åë.?w<ïDvf~…ˆØs3?”Š8/6~ a–NTÚØ¡²[Üg¯|ä¡•¢%$Ç'¥?5røð””„¨&?>þ¾Ù«¶¯Wqß¼m÷ã'ÛDr¶}œSÿ‘¸û§¥·÷Ä"‘³ùG_h‰-ë§Ž—?ë/2vŸÈ/‘¡1R^p¢É…
RµÜj³µnTÌ¨!Í*(ªÏ ‘†Û Ù«œ"Ì.èºf˜Cm¶ðëzvoáÖÏ¿¶ãHåun8~ö3‹v?´jwã‘´;?;7?;wóºu"bË˜óÚó“ÔuÌZú}¤®ëHÝ«mo:7yv¯¦%§=<3åò}Ü4÷¥&?êÛò}CkEâmöªgÏË~{­®u½"5Ëu|
?Ö­'Ù·½ðýš´AxdÒ7Ç/X0mÁ‚i¦Ä·¾Nì´—×­|yñ¨ôÁÖË?—í™ë¿°±¼áuß÷MlxQ°vëñò&%k³§?o×ïS¯é±x~yùÕ>ÚÀbkúçûü‚’–°_,k—Á ëšg®OÅîMû.¶?›óËÕ‹3ÑuxÕšM­¯g‹;ïé±óD¼n»½¤ðÄñ#;7®ª¿Aª{×ÇÛÎL›Ý¿î£‘ã§?×¶í¨ÛKáû«ž˜[¿ëÂ{Ç˜oÉ÷ê7p¤È.õ¢0·Ä.)Ífîåæ4yÕ'*BDÄ30V¤þ´Ãî½Yö©“›®eß»eó--:‘î|ö ¢¬ÉñBbÿ¦?ïÍ?žÙúJM'á4[x|RÆäÙ?YþìÌ†¥%…M¦*™GN[Ø0»Ç™{ á¢äÑó§7½:·=E&?Ši|µõ¶5à@ÎÖO4¾JžRw$eÌ´&Š¶­úÕG¹öú/ëÊ]÷«W²]]×<{?¿óƒUç¯8W>úŽù³‡[E"{Æ‹ÔßtÿÎÌÂ)êa®Üu+W_6»FDÄ±ýÅ‡~ï¿èþY÷?77ä„óøþƒŸ‰‰k:eÈ?2ýÁäU/e7ßŽ6{Îä¶>(yãâ‰E´„äˆVN>™ûÊ“ÆÏû‡Uõ7Í^þÓåò‹GîivùdÕn¼áRÓNISç?]Ý°–{÷–~gmÌ€(¯#ï¤ãÊO‚@×Ñ5ó p×–5»®øîØ>³êò`Ô]É²K¸»w­úþ¼?ÇŽK‘£ûwŸt¸-š&î–ÇÄ•»7mu—Ë–å»¶,±õ?‰³ˆˆ§0»¢ñÎœC§?éßl¥¨Iß?ýÚòõM`Ü?Bsçg·0n‘^Ó~òÔöý/Õ?ÁíÌžå?ìY~ù‡-É?»¿É§k‰¸KKrJÕÏÚ¸äQ»²¯ý|³î<¹H¢¦<¾l\ãaº»´dû';¶Ÿt¸E»çûÓF]öyûÑÌ¦ÇÇö3%9Ù%9MÛÀ’¼ì™Y-o$ª?™~³?}pZ»?
­…¸©Ï¼þpâÕ$<mÙ½tO¯k½ôÎÓc’ZÞeHKš¾èÍ§ç'4]f0µçpÐ9tÍ³×Ë3ý…7lX±âõý9Ý·ÄLâ™eiYOþ¹åÇmã–ýmÍŽMmùh[V~‹{¡Z¬cg>ôð÷''µvÿþ¸¾ƒDêçî[Æß?)¦•µ3kÒü½å­Õo®ßÕ|jPxü=÷/|tNFTk‰7iÙê‰ùwïÎ*¸$"='ŽŸ«5Ž_DDú´ûÓÜx:‡30³Ê?eŸšÜ/ »n…ºQ‘ô¹-!Öj¾ž?í;vwEá‰"{XlRl¤Évåµ¼ë]²¢þ¢ä¸,ÿ`Á­xÜÁ•¹vgÃPcláW>©àmþdè¦²ßšûÈÇêéÑ³tÍªÙý¯ðIÜœ*wï³Ô=ˆ®ð¬ƒVY¬6‹õzVqü`eÃ‹$yÁÔŽmÑ¬6íº†šóîüÇ²Æ.y°ù…×"bÏ\ù›†6‰—JtEäÁ­V²yÝŽ†4Úìï¶˜îß‰¸÷lxßawnYž¹e¹hQƒ#$¦¥†WÉÊmv}…h÷,ž™È?àV!n±ì?kö6¼¸u?Bkö]››Ü^É]~²¤üä–—},aê’‡ïâÂ€®©[ß¹èÖsìÞ¸±qNÎÐ9“oÕ£ÐÚ?í®¥«Ÿž<¶×•¯L°ÄÜó“çßxb|Ü-¾í…K“o%wINÖ™†i9Z|ZjìM>î #¸ÊsOäæædå^±çHb¼M"Þ1jìÐDapëqir¥Å$etÀ=LÛ™9*15*15#Ðã@‡cr…< ?ò€BPÈ
y@!(ä…< ?ò€BPÈ
y@!(ä…< ?ò€BPÈ
y@!(äÅÀ}Ë>À½h!?y?1"1€{:§ÌC¹?Ú5“‹(ä…< ?ò€BPÈ
y@!(ä…< ?ò€BPÈ
y@!(ä…< ?ò€BPÈ
y@!(ä…< ?ò€BPÈ
y@!(ä…< ?ò€BPÈ
y@!(ä…< ?ò€BPÈ
y@!(ä…< ?ò€BPÈŠ1ÐhgvGMYEU•½Æåöøý?º"?NÌš)ÌÒ32ÌfôpÚS—Êƒü‚R·ÇÛ«gxLt¸_t?º,?øk\µçK.j&CB|¯@§Ýt?ÉE9¹çCBÌýúFkš‘6À-å?Ùlê×7:$Äœ“{>ÐÃi7]$òJ#Â­a6‹ÏÇŒ"tŸÏf³D„[óJ=–öÑòÀî¨q¹k{„…z èŽz„…ºÜµvGM ÒºB”UTõêÎy„Ïç?‰Ž(«¨
ô@ÚAWÈƒ*{?Ùl
ô(Ð}iš±ÊÎÙƒÎ¡ÖçôÐÝ¹Üž@¡t‰<ðx=tw]ã¡[]!´ò€BPÈ
y@!(ä…< ?ò€bô\Æï¯õú¼^ŸÏïÑuØnÉ s1ô5.·Ï/F½Î¨×ëtºŽ—ËC?ˆÇSk³†ˆè,f£f2:?N¯ë?<¸äçìÐiÔÖz«?î¨È0›Õl2;¦
š"€NÁï÷;kÜ>¿ßf5k¦À¨sç" Sðx¼µ^Ÿf2šŒû#>yt
žZ¯^§ÓL˜SÔ€<:¯Ï'"Càâ€<¸~Eùï€î@§Óét?<DçÒäk[ó…þí¿ê~Ž?ðß›î[p·/Ðƒ@W¤“Î,"®méjã¡Óºº*(ªÐ]Ô½ýwCQ…î§³½7´W¥ÃsùR‹Õ¦µßX¯Ÿ³ çh‘]DÌQ'FYÚa“®J‡GL¶ðvü>îÂcYEÕ¢Å§¥Æ^u³N‡Ý-&›Õlh¿?tKäÁÕ:­;tZ÷à¿x›ž.¨;™0b ÿÞ‘×!ëÏ3ŸY{ÙÒ±O­zyjÌÕ×lçÃngîúWž^¹Õán\¤%M_ôëŸLŽ»©cëº/8íõm‹RÛ¼¯Ûn÷ˆÁdSÍtñÀÛ¿^¾÷Ú¿¥#oÏ_¼Væýáã%ÃÛ¼oypŸÔ‹H‹©Dîö}~@ÿùAý?äA?´%¯|'©Ék->âZ«´ÇawgÖÊGžY{F´Á£Ü7!£W¨TžÞöÙºõ[³Š»É<hå[~5gÕîÑ‹þöÒ´(ë€qÓ$Kt¼5Ð#è.Èƒ«9tZ×jôŽ”âŠ6l/>5#£ŽòÛªpÓªµgDF/|çÅYõ1?‘>iÎ¼3%q™ãtÖÔ™íE¸näÁÕ]Ô?ÿåËc#ü‡N·ÛåGÖ.Zñ…Lyx™mçŠU›
ÊÅ:öþŸül~†ì\þÄûÙ…""[~ûH¦YdÊ?WÍ*Rž¹öõ·ÞÛYP.ÖÔ»¦-Z<?=ªÉv–<ÓsËò?l*HþÉ›/O‰l²Ÿã[Þ/Ñæ}V‹qýcDDÊ·,ÿÙ9Cæ>;­xÕòO¶—N~ý³E©âÈßúæª·wl?ã¶õO›þàÂ‡'%šEDÄ•»ñ?¯¾»á°C:jÑ?'´øR®Ü-^ýî†TØÃ#'L?¿èÁÉ–Æ],›Tðö«·ŸqÛ†Ž_òÄ#Ó­GÖ.Z±Å‘'"Yï>ñÈÇ"‰þvYÏM‹V|Qÿ­½%6¼óÑ§ûwŸt¸-Ö¤Q÷,Yº°î‹·ä­8°nåª?)uk½bÆÎXôøüŒ¨€ŸäAGÊúhõª]?/cÆÍ?•j¹X’“-yO/0nüô9‰G>Ù±{õïV|sIÏ”1£=²÷‘˜¤Ñi}Dú„‹TîXþÐŠ’¸è‰_¦Z
6­~ï±ÿãxý¿¥jj;öß<UèÔ’ú'‰j~FÀ^rºHD†x…ÑyÝeÙ%9•o>¹ÁS38"iT|”HÎÚŸ,~ýâ€é¼üX¼ýØ{¿aY¾wåËSbäÌºÿàÝ#¢¥Ïœ–nßöË•Gšnêä»ÿþèº¼¾c–¼8y€óÈ[¯­|èŒûÃ§EÕíâÌªÅ;ã§Ïœ<ï\æú­;–?×{øšùQ}3Æ¤?²ŸÌ.?O=È&1=ë¿QzÝEà'7.uOÔ”ñóÆiâ,Ø¾îãÇÎÈê7&]vÜŸ³vécv¤ÎYøòh[YÖöýmÿÌŒ{ÂÛçŸ k#ZQX®[¿G_~Iêæ=¿¶åhö9?ˆ<¿ÖÕCf?ñÅEµr†¡5›×4y™7cVªM½ˆžþÓÿüQ†YÄ5L&=µcÃÑSËÏZ4<qåšýG$í¾¨i69kÞØPi]ôÆŠÉ"’‘ïÉYðîG»æ§NTô/$Îùà…–çDDœv»ˆHïž¶ËÞjªHÿêª%#­""•[~ñz‰{â’×ž˜l‘Œ4[ÙÜ'WoÌ™²Ð½qÝ‘O¿ñ›I‘""“×-^ðn}!Tl~g]Ž3íÙß/»'\D2†ÙÊ'=õî†“ÓÔ£;.}ó¥é±"2-®`ÉŠì¬Ã¥ó§ßµhQÊÆë³&,üAÝµÒ,9’ç¬Þ°ÐV?ø™õØº¬œRIŠmñJr²*D&/Z<-Ý ’1~úƒ"œ:¸>äAKµ^ùé[†óê~³EuWz Úö£zÙs\÷Ö?k?×uzµ+ŒÇ?Ë¨›´c½Êñ{IÎQ‡Hüé/W­ú²nI±&²=÷”LL«{=aÊ=­_dÕGDäT^©¤öºòb'LY)ð™Üí"qîãï­Î­[`/µJÑ×ùå%®Ón‘ä±iõ“—ú'§[äˆ³îÅÙìm"±®Ã­:­V+ŽÇáÜ
)""#Ç¦«czM»æµÙ?¬&ûñÝ;÷>ï‘óGE$7¯T¤eÄ$¥EÊÞ-?¨dÊÄáÃÓ†KKüU×·@m­×Qí4ÖP‹³ÆåóùBÌf½^WUU­×ël¶Ð6l“<hioŽþ|…îÇ3¼ßùÆµoLô·êÿ¿O{sôwÞvÓJkã?EïôÓÒ‡4ÎÁïÙó
÷ùÑ“F‹ìÍÞ?U1}RdëŸ‘„˜è+ïÌ6xÂ‚Á1}4É»lë!á"Î+­6hò‚AÑ}ê';iZÈ•wq%å›žúÞ‹Ù2xÔìq½¯~uÒ¼•ïÜøùÞÃ{¶­[¿æ]±$/S'+º”KUŽ¯²²{öŒ‘:äëã§«ìÕ·§%Y,!³²CBÌ£3†µa›äAKµ^‘ðë»—fÝÇjoìim`¯r‹h"×W©xç¢Éõoz¯sòLÌÄ©£VìÝ¿ý•åR^šÞ·aÛ¹¶–Lœ9¦•sQ1©"G´”~0¹ñ]¯ˆÁ]+"§srÒË*"Rš{¸¨qµ¸¡"ÇÌÃï[Ô8ã¿n?¥×1Ì‹Ž*‘Ë.9.Ùµ5Û-‰Ë~ýôôXqï®Ü¸ùXý›š&âvW«ß‘¬ãæ,7g‘ˆ[5÷oÜ°·`úÌøëù§³æÔéOmíˆÔ!'O”^¨HÒß¬i¹yçÂÂBÉƒÎ¯Å¥É}ÇüÙÃ¯"ƒ†OÕÖ~¶cåóQewZÝñÓfÏ]8ö³U«~ºôÒâYãz…ºJ?lú(kø¯VÌî{ÕÍˆˆˆmâÒ×æ-Y¼6{ùü¹ïg;4²ìØþÝ™vI”Ñc¦_Þ}ïY2ï“ÅkW=öBñýS“{ÊÅ¼?ß2Ì]÷Ø˜ô{§%|²qýsOÛžx ÃR°iõ{û-gâ¿ýïÓ>ztão¡ìþ©IáRvnÇ§ïÈÂw—¦_}|½RFõ—ÝÙë~ûŠLæK›ß³ñ½˜¤aVÙ›»}SVúÌXû®Õ+?i|o@âp‘ýëÿøë8ûøÔ”QçW?µkÈÜûÆ¥°ØïÈ*-=êÊgKºo­·¶¶¶µ›nÞò #µ¸4YÆö™u­<°Nxxé¼ükÿññòˆíÃg/˜öë?Ê_ykíK+ÖŠˆh©SfÎ°\ç¬©‹W¾;äÍ•¯ïØ?¹??SDÄ6tÔ’<2=¶Õ?í[S^ñZèòçÞ_÷«­""Z¯äÙ‹cDÄ<tÑËÏ•ÿò¥=k^øõKÌô§~ºô³_/ß«V3_ô‡Wµß¾¸qåûED,Ö±3êyís,‰ß}naöSïmÞðî‘2áéi÷7y/iÎÓKŽ¿°jõ3sW‹mâ¢%sö,_§Þ²ÝõÈ³—üj[ÖÊŠ–®•”›óþÊÅ¯‹Úõâ_.ÇƒÕ@×ä÷û««]«j\n·»öR•]§×¹\î°°¶\x ":‡ÓÝÞƒ¼.Ç²ÏfŒHl—MeÊšÜ¯]6%"Û?èŸÿoÃ3ó¼†]ûr‚íGõÏ¯5<ó¯Þ©7}íÁÕ9v¯Éfk2ëÞí°;Åd³šÛvÝí®îªtx4«­E‡xÝv»çjq:ìn“-üÆºæ²;<†ËöÕ0lïÞjñ+jÓ®Úìæ?o/Ù?"Ò£õc?Vž/ýÛÆå/%ôë“}"ßé¬2¨ˆYË>™GúÐYÓ'Þðªœœ=kËk4«íf}opus¸Õ|ùRƒv?ãoËå¯¾/[kûª£]ö{hº¯›Þ5@±Z-CS–èõúä!~¿ß`0èt24%qÐÀ6^xIA)Ä¬Jì—80Þfµˆ¨{ñûü¾²²‹ÖÐ6þ¡”<h)6Ê/"öéóK®ýáÃùú†U€Žä¨®É:œSãr§?H‰ëÓËd2ŠˆÛíÙ·ÿX¨Å×ç*Ïºº"ò ¥ä8ÿ|ïm×8u]³ò˜àKŽ#ÐÑœÎš§Îæ?9¡¬rÔÈ””¤¡–ŸÏ_x¾´Í—&“­øádïì1ÞJGëKn*Üê?¼Ê3Ž€[IÓLñ}côzÝ—»••WŽLKmë´¢:äAë"miãœ:5ƒAŸ48!-uð¾ýÇ²Žœ(+¯>t°§¶¶Í$€ f2úõímµ>~øèÉ¿ïØWx¾4*²GÛ¶FAI¯×›ÍšÉdÒét=£ÂÇÜ‘Õcß?c.·Ç¬µñøä”lVKêÐP© IDATÁa¶ÐÚZ¯ˆ?Æ¤Áa6kB¿>ñq½Û¶MòJ:?NDNçŸ;SPÔ°Ðï÷×z½F£¾mÛ$€ är{
‹JOœ:sù[‘aƒ¥_¶IA)44dhòÀ¸ØèËßŠ‹mË3ÑÈ X™ŒÆÈˆ–óåoÙ¬m|úy%»£zÏ¾ÃÙ'ò½YÓFCÃ[£nO¹}xR¶IAI¯×‹Èù¢å—âûÆNìgµZt¢‘PKHÛ¶IAÉf?‘ÑãëœÓv‡3Ä¬NŒ??ëbÖŒMÎ$ÜòJz½.*²GúÈ”þýbOæžÍ?[´gß‘þñ¥#Ó’{EG¶m›äÄLFclïž!!f—Û³óËƒ—.Ù&ô%€îÈårŸ;_úuv^qIYÒàþ‰ûöŠŽhóÖÈ (y½Þ¢â²£_çfŸÈw»=Ä%Ð«W¤ß/55î?­Û$€ Tewî;xlÇ—íg\ïèŠ‹U_Î©{kDê?Ô¡ƒÚ°MòJ:?DE„ß><Y¯×?®ñ-½^wµ5¯Œ<‚’Í:jämi©C¼µÞ—Ûï÷›4£ÉdÔëôm›YDÁÊ`Ð›5SEEåÉÜ³EÅå^¯·GkB¿>âBÌäÐ?øýþÓyçvî>x¾¸Ìd4?†sE¥Ù'òoOKþÆ¨a=Â¬mØ&y%‡Ã¹ÿÐñ’ÒŠŒ‘·ÅÇõÖ4Ó¥*ÇÁCÇ÷ü:2¢Ç¨ÛSÚ°MòJÅ%åç
Kögº%Ä,">Ÿ/2"ìãO·?9[42-I¯×ßè6ox??£Úév×†Ù¬um "z½>ºg„Íêr»}~¶IA)<<Ìb1—•W^ªrøý~©­õž+,¹Tå°††èum9Ôgr”bzEö??=rìäæ¿ï?ï£×ë«ª‡?žÔëuƒÆ·íÑä”BÌÚˆáIUöêœ“ùÇOäù|>¿_l¡–Ñ©ú¶m›]$ŽeŸô€U]]SSãJ:è¶¤Ê/z<^khH¿øÞýúö¶XÌmÛfÉƒŒ‰?ºµÌC¹¼Ç*{õác'ãúôºsô¯×ëóûz½ÑhÐéÚ2­¨NÉ »ñz½—ª6k¨ÇS[¿ÄçõúDÄh4?†6l“<‚•Ûí9rì¤Ëín±|XJbJÒ€6l?<‚•Ïç»Xi/<_ÚbyÿøØ¶m?<‚•f2»-qì7†·XÞ¶’@°2ô1½"'ök¯’@P2›µ¾q1=£"ê^z}¾š—ß/!f­m×%“@°
³…FGEøýþ—[3Oåd=Q[ë½-i`ò?þ!!myôy%?§öLÁy“¦»mPYù¥ÝÿÌÊ?[dÑÊÊ+?&Ã°”¶<LÆà–+.)?SP¬1›Îœ=¾èÂð¡ƒ&Oír¹sOøýþ6l“<‚’£Úév{4Í¤×ëÏ—†¤ÁICÂ{ØÕ5^Ÿ¯Û$€ Ô£‡ÕlÖJ/Täåž+,³…ÆDGz<µ^¯Ï`Ðëuº6l“<‚RLtÔ ?ñgÎ}ô·¿Ÿ/¾Ð¿_lx¸í\a±³¦¦gd¸^ß–C}.M‚RhhHFúmƒ¾¨¸,ipBZêM3†¡)‰ƒµñIä”jk½!fsJÒ€ýãBÌšN§+)­ˆŠ
?íÝÓfmÛ6É (UÙ™Ž?:]Ð°D¯×÷èaM½mÐ?ÁýÛöd4òJz½Þ¢Y›œ(ðx<§óÎ—”†¡)Û°MòJ6khÆÈ¡#R“–ÔÖÖæœ<ó÷íûN?>{[òÝ?ß¼ˆ<‚’Á ·††´Xh2=ép8½^_æqcS ‹ðz}+íÕÎƒÑÐ¦ÇpöNN§ëÜù’Š‹Uu/ý~µ³&çÄ™jgM|\ŒÁÀ¥É@·Qí¬9ž“wâÔÙº—~ñ{k}z½nÔˆ”ä!mÛ&y¥?óÀ}m¶Æ;™ŒÆžQáq}z…ÙxîÐ?„ZÌ‘=B-!1½"ÍfMDt¢«¼TUe¯6¡––W-_.M‚RM?ûÀWÇ?;åóùŒƒÑ`Ðëu…ç/ìÜu0÷ô¹¶m“<‚Rqiù‰Sgj\n³¦Õ-Ñét!!æÂó¥§óÏùýþ6l“<‚Rå%»³Æe³Z4ÍÔ°0ºgx¨%ÄQ]ãõùÚ°MòJ–³Ñ`¨®®q{jë–øýþòŠKUöj“Ñ¨oÓƒ¸4J½c¢bb¢NæžÍ<p,¾oŒÉh¼TåØ³ïp?ËÝ7.F¯oË™òJa6kzZò;3·nûghhˆA¯¯q¹k\î©C’÷oÛ6É (éõº¤!F“ñëã¹¥.zj½½{Ø$Ä»-12"¬mÛ$€`bÖ’‡$ô??u:k|>¿Édlq¥ò?"€ fÐëmV‹Íji—­qç"
y@!(ä…< ?@psÕúE¤´Ê[Pá½ÉMqcS ˆ•\òÈwgæ».9ý…µ{™žüV?–6ž € –™çþãß/Uzk<~)¯ö+ô|#Ñ¬×µekäÄì.ßÅj_]ˆHé%ï‡™ŽˆP½Ï/gÊk÷?v?è§Ý?r]çÈ (ùüþ¼Þœ"ÏÅj_ÃÂj·ÿ³ÃÎ½¹®„hcAymµÛ²¸6Úf7Ø|=Û$€ ³ç”Ëãõ'ô4ýegÕ?sÝ— Üá+w¨å™y.çfÿÀè¨>†kn™<‚ÉŽœš×¿¨*søÎ_ôz}þëY¥ðbmV?»O„åšŸ$€`òQfõ‘sn¯¯ÙBƒ^g6JXˆÞ/Ráðy¼Í²¡o„Áp}—*“@Ð(¾äÝrÌyùòŒÚ?CB†ÄO•Öî<Q³÷”«é»S†YF%˜®gûä4ö?võ°è/9ÏèueÓÿjVd\„A§“ñÉò/)!O|ñà—Ï'"2 ÚiŒ´^ûÂžš“h›ax¼f65ÎòùeBRH¿(ƒA/uˆâ"w6ê?’w¡¶Ìîm¸óéÕ‘@Ð3ÈüïÃÒûkMÞ9$¤é%Ê½.>ÒÐôâ„/Ž×|}Þs=Û'€`r[œé›CbªéÊì>_“Ðëäp?Û¢5êuÆóÆ¶ªæºZnë2äLBLºž6C|”ºŠØãõïÌ©9[^+"^Ÿ¸ký'Š=»O¹?îÆb¨ñø?uU:¯=¿ˆK“;‘½¶zÝÔèè?Àõ*­òž«ð”×Ö½ôxeGN?Çë3(¤”ádií®“5'KšM%ÒéÄáò?NÔ®°ÉFäLþþuÍçG[ÞÛôŸ§Ý'KjËì^ƒ^çó·<K`5ë¿›néa¹öÔ!ò&•Nß™²Ú½>i•WD|õDÓ‰X4?Û+qá†¡ºI·]û‘Éä€f\ÑéDã?tbS‡[6u~]x?;Å†&¦„ÌzÉé«vûïh¾úçëpÐŠêjWñ…J»Ãír»;r¿Ù5ç~þuÑ÷;r×ÝP?Ã[~6Ut(?Lú ›"w—¾==Ðš~QÆçfF¼¶¥jž+"Tß'Âp¦¬¶Ìîkñ±»’BþõÖA1&½î
jyÐR•Ã•—_d2k‘¡6[‡UVD5¾(’œ™-Ï¡½$}Âÿò¯èÀ)9pJ²NË¼ñ’>(Ð£­cš9ÒRëõÏÚ/Êh5ë?ø§}C–³²ZEB¯0Cj¼6¤·éF·ÌAR3ÕN×é3ÅFÍè±?´ó˜8\Ò;‚stFf“îÛi¡ßNmXò?‘¡»NºêòÀ¢ét:1ÝÈYƒzäA3Å¥•šf¢€ºÓ[³dÁÝ?¸ñ‘Æ;š{õ0ÄEÂ-ú»SBÅ´åPŸ<h¦ªÚnô(€Îbo6y@pˆÕ?;3âüÅZ³Iemû³?ÉƒfÜ.?Ív]·|ºƒ³=p#úDÜìá}ÛÃ@—WÊ=?èfÈ
ytþ@€<ÀÍKóí@ +Ðéu~¿ßçd%?@§ ×éÄ/^oËçwè¸oL&ƒß/nO­ß°ÜØ´}—¬Y³®¨¸ä«CGc{ÇÜ;eâƒæzPÝÔÞÛÿïÙ5ßí·`tô„ÞuÒP`‘¼ý’sÙ[qƒ$5BìÅ²« ƒ‚†Éh0õnO­ÉdÐL?9P'ÚÁÿÛôÅï^þcÃË¢â’·ÿúÁç›¶½÷ÎŸ:®îèÙÏÿáøó"r®:otôÖÛï÷æÉ##ÅVw6nžØ‹ä?ÿ–¤ûeFŒ|ú¤¼(2ñyt?äí“]\¶òxÙ<Cä”Üózëÿù“2#Z>ý‹¼˜sk€ £ÓéBÌ&ŸÏ_e¯³†˜L?N×Ác`rÑÍ**.©kƒÿmîß7øÞ;úé“?ŠíÓ°fý™·ëÚ@Dú†è°ý>ð°<>Jl.Ùµ_6í—m§E‹‘á¡Í>“s\½ÕFz¹wŠÄ5YðÛoŠíf:%£Ñ`Ñ*.:ìÕ5öj—Ëå©õú:r®gnÖš5ëêÚ n6Qlï˜oM‰¹}Ä°¾ÿ¿¿:t4Ð£ëFö^Ø¾ìàë~=aùÈ¿tÐŽ£åÞÁ".yë5y£þÃqñ"²°É§2OJT•Ø‹ÕËŒÑ2e H¥lÚ'™Í·61A4?É’ÂæûÑäÑ¡ò³c""q3d\dó·ãea†‘ì}òÞ©[ð5@G1™v‡3*Êær{<žZ½N¯ÓIÇœFp¹=äÁÍªk€{ï?Øtalï˜ÛGûêÐÑ¯½}Ä°Ž?·xß'ëÿy!jÄ´éßŒ·ª…%û>ø8³4ú¶YS'öµ¨eU9›>ÞvJâÆM›:¢§¡n]Çñ­mÍ“¾ãfÌJ?¼Ê[Y7Ðö^Øþo_Nªû¹oè€¿ÞÙqÓŠd”Ð‹½ ±D¤ðòÆÉ¯îP“‹~þ¸Ìˆñ‰[dÆHùÙ?ê?-¿ý¡LŒ–Ìÿ‘M-VwJ¡^ÆÝ+qÇ¤Päñ‘¢Jaœô‘¸‰²ê^é)âöÊ”QrïyðÓ[ø?À­Vëõ…h&¯Ïïõz½>¿øü×“7’A¯×“í#¶wLkKŽ—ˆtXöÔâ_üÃ-"²ú‹e¾>7^¤dÃcÿúŸÿpŠÈ†¿l,ÿô¿f÷qùÏ…ÿkÃi‘ÌþÅöÇÇ™Å?õ—G®®Yý?¿ößË¾¡µºÁË×í¨o'uW\>kè\u^CˆHÇ?7¨.šˆûú??CfÄŠý”<øºFË÷†È6“üBDD~þ?LŒ–#ÛäÑm­¬·)KÞ!?/oÇÊ¸0Ùõ™ÄÕ_ýþè7¥§S~ÿ'ùð‚<²DŽ”Ÿ
?@pÓé?ÁÐÑ×píÁÍŠ?íÕp¡©º%zê lßgÿh8L=û?¯ŠE¤lÿÿpÖ/;òå¾‘ì]›æÀ»×ÊùzçûË>øç×WÚ`këv?ûrÒÝ›ß½ypÓ…çªó¾ÿåä†—½skGß°¨òFÚ@ä?¾""Ç?I¡ˆ\?w«å¶A2#F
÷ËÃÿÓúŠUÈ®*Éø¦<š&î|ùý¾Æ·„‹èå¾åýÇeb„H˜¿‰/º3òàfM™2QD~÷ò‹ŠK.}âÙ¢â’ÛG»ü¬Â-1hDBÃëˆA½E¤ç ¡–õšÒSDdà 4­aá¤AEDúßvWã²Iê¥¶¶n‡:W?×p??ˆ,;øÃsÕyu? Dd¿äùÄ/?D7.‹‹ovqSn¯HkÿÏsW‰]$.Iˆnm5ùý^qGJ’I>ßÔòÊw¥¼¹MÞÜ&o~&Ï®•Ûúm@7Çä¢›õ­)woÚ´í«CG—>þ\ll¯ØÞ1ÿoÓuo•—t\!nûáüâÒü×¾[ÚýOþð6Iúák¯Ø_ýË¡Â°Ûþí§?L1ˆˆ„Múé[•¿{õÓ³U1—-›&"ù/?{q™á??Î³ÇMúñ³“"¯´ÁÖÖí ßí·`ï…íuw(êšðhò3ÿöå¤º%"òhÊ3hƒº3ÇåçCeác’zBÊ=bë-q²í/r¡VDdàT™˜#Ó…>Ì–G’$m´,¬’Âp™+?ˆˆ¸KäÙãòÛ;ä‘‡$ïeÙÕÚ®
?—ûKZeó;œŠ.’±2#FÞÎ‘¨™ÓOÞË¿7è’tçÍŒh7Ç²ÏfŒHl—MeÊmÇMNìs£k—|þù¶·ÿÚxCûº$¨kƒ¿î:aÅÎ†Ÿÿýà´œ™µ7:’€Hóí{®0!¦½5<Ö î
„†ó££'ÜÐåÈIŸ{nü¼©òf»¢Ùs|RV(o}$&Ê†oKO½ØOÉ=å²ûÉÛ'÷ SfË“£Õ‡Ý%ò›½òdýÆÍ•ßÞ!R"¿yS6Õ_ëüó'eF˜üáy¯ùNßY¢ëž{-¿_Ôx/#{¾üleó"Ý„Ý/·Ó†èêÚ÷ thr¿vÙÔ?"ZnªyP§á‘ÉuçŠŠK–>þÜypMu3‹ÎÔ¹Ñ6¸y ÄË”²éX³eir)«•ç(g¤‰Jæ…ËÞh³h™'9—Ýõ&‘\§®‘\{Ðnb{Ç|kÊÝ×4TÏGkG}C´¸1QGßÆôê
Z¶?ˆd¶ÖuËÛ³Dä‚lkï6ÝypÕÂ·¦Ü]wù2ÚEÓBè:à?;·zD]—&ßZ±½c~úä?=Š®fvÿÏ9óEdv¿—?mF (=šüL ‡Ð1¹7«Ã®KÀ­FPÈ
y@!\‘Eô@Ç"š1kšÝîô(€ÎbÄÀ@?t,ò ›U³;j=
 ³Hè€ŽE4Ó;:Üãö—z @à?I–q)?èXäA3¡¡æ±^?·¨¸‚YFèÎÆ$Ëï‘A}=Ð±xjrKaVó ½‹K+Ë/Ú‹J.vä®ÏÕ4;k‘ôÿ:èhMF”ôA2.…6 ;â´¡óÀþ1¿_ï…³?ÿuÐÖŽ@÷rgã?££9€ÎƒÉEò€BP¸ö =!ÐC@·ÆÙ
y@!(ä…< ?ò€BPÈ
y@!(ä…< ?ò€BPÈ
y@!(ä…< ?ò€BPÈ
y@!(ä¥+ä?N'~¿?Ð£@÷å÷ûuº@¢=t…<0k¦šO G€î«¦ÆcÖL?E;è
yf©¬rzè¾*«œa¶?@?¢t…<èVRVÉü"„ßï/)«ìè?´ƒ®?6kHx˜%¿àB €î(¿àBx˜ÅfåìA§‘ßËí©Í;[Ê9t¿ßŸw¶Ôí©Mˆïè±´?.’"’”ØG§“ÃÇÏ•T:?n:·ˆßïw:ÝE%•‡?ŸÕé$)±O GÔnŒ?@{JˆïewÔ”UT?Ê¿är{Ü
:?˜5S˜-$±L×˜SÔ KåAÝu]ì_è0]gr€›DPÈ
y@!(ä…< ?ò€BPÈ
y@!(ä…< ?”€å?N'~¿?P{:'¿ß¯ÓlïËÍdª©ñjï@çTSãÑL¦@í=`yªUV9µw sª¬r††j?Ú{Àò ¼‡µ¤¬’ùE@¿ß_RVÞÃ¨îì?Ål5ç\Ô€Î&¿à‚5Ôj1j?¼sQŸÞQ5.OÞÙRÎ! ›óûýygKk\ž>½£8?ÃéàîEä|q¹£ÚÓ3<<ÌbÒð:m cùýþšOe•³¤¬ÒjltŠ<‘j§«ò’£ºÚíöx8‘€îC§Íd
ÕÂ{X8§¨q<?!t<5€BPÈ
y@!(ä…< ?ò€BPÈ
y@!(ä…< ?ò€BPÈ
y@!(ä…< ?ò€BPÈ
y@!(ä…< ?ò€BPÈ
y@!(ä…< ?ò€BPÈ
y@!(ä…< ?ò€BPÈ
y@!(ä…< ?ò€BPÈ
y@!(ä…< ?ò€BPÈ
y@!(ä…< ?ò€BPÈ
y@!(ä…< ?ò€BPÈ
y@!(ä…< ?ò€BPÈ
y@!(ä…< ?ò€BPÈ
y@!(ÆcÙg=?‚Îátz:&PÈ
y@!ÀÿßÞÝ‡5q¥¿“ÀPÌX$.ˆ|*Å@° [„¶ÀU?‹…ÅñUÊµFZ£» .jµÖ/DElž
î‹ÈeE¹ RlúÝG`ËÇ6b?¢A@%H?ˆHxþÈ„Ï‘bmŸÞ¿Ë?ÚÌÌ9gÎ$Ã¹ÏÇB10<@!„B10<@!„B10<@!„B10<@!„B10<@!„B10<@!„B10<@!„B10<@!„B10<@!„B10<@!„B10<@!„B10<@!„B10<@!„B10<@!„B10<@!„B10<@!„B10<@!„B10<@!„B10<@!„B1žeæ½
Šþÿ†¤ñ“Tö(ú.iü“™MQðÓËüWRŠ>‚KNm)žê©éÎ®Ï?äqžJ1”òæ›Ír€0až•éè\&žN?ÆR[~0ž¢«@+(Ú?Ô“–ö\ˆ™öNv¼Ñû0[?xüùöä¨rö¶6Þè ÈÙ®|+½UR
0ÖuŽ#’’I›Zº”Ó-8X?®>Yô}vS(ŒL¬ÔÄä:%úYÔ# É›Ô,ê!H#][?E?dÑíá?55„BhHuWÚÚÓFÏ[ÛX‘úÞêG÷ÚnËÀ5s°?ùLÛç,E/=?ÝžŠúËb/›ò- ¯½¡›2±‹?ŽiÙL”8Õïƒœ{þë:µEÕízÆ«àD©ÀùY&.+L”ùe2¹O‘Î¢-e¾¹CÌ¦ºªÖ«G÷(¼?Ûq†Èï7ÒÖ‚w®v3}ò´Ä©~Àñ|¡‹Îòg@ÂÔ\ùå„·J}?=Ì½¡:;ñPÆM.ßÂ ¯½Aa¹zÇ'1®FÌfE}fÜÆ\Å[.¨·ÛfE´wµ# ·¹0-)¥D1Ç–?´ÈhOAæÎ`Ë1¿2å·1ïyé<G?ÞæÂ©Æ!¯89Z@ûMÉµÒJÊ-Zïo¶Ÿý¥ˆs¸,ž”Ð¤‚˜·UQ®ê'®—ïüÏÂñ½ýóÇnê4Ø~ŒþªD¿'O€}ùç+Wíá#RcÑžSÏøF?´?Ñ…DIDATBèW¨GRxæjy§?éóÕƒ®GÓ½Bþ2OG'vWUúñkR#ît#èûQó^F.ä=»)>Ïú?^P\æ°¦<ÕP”º?~?tOfì`£ç‰¸®-EÜ©,!ú5kÌÙ¹»3 ³0ŠO2ŸPEY’{0™ð@?^À®_0~º_<åÍÚvÿ¤Ïjâmù[¢ö?üýyMS^Y•¾ñŠkr®Ð?h¿œ°j—È=[àLtŠëy‚…<Í?TuêŸ÷½â1:˜éŸL*’xé+A¯8ug¥÷‡)ûµ•É3³wö¦ê2vŸ^¼/fìo–ÕôgÏ@z‚Ê?éõgQMœ3ß³`jã÷™ªí,0œ¢Îþ©±3²a¥:öÅ©I!„ÐoGï?Ûr÷e»=mŒ5ýÎki~á·Ìaä~ê»%¢ký¯G%ú˜ôÞÌ?^x®Êf½×è~ÂŸÍ/kíé¼õP´eÎ¾´êIŽi™ü\3‹Ð¯€¤òRwXXÄ`l ùŽC?¦8AšLõü®1Œ<[ƒ†uÒ[yûzÒÒV(*¯”ó#—¹kÏÔ2hƒÐ¤èJ`»lkŒ66ÒÃÏ*¤#“WÔŸ>ZñÆ²zóWTœ¼0g³À?„ö’”ØÐåoýù?7C…)WZÝ»ì‹ÒªcaWÕCè«ƒ±?ý±o¨~ZMŒÍg€$ÕS6hjSC!ô[eìüæj/mlfNn6ÐÖ)½_[}¹|®ÏbmŸ?ñ¼?Ï•VÔßûY;Â³=Ë"8,4kK•8ÞÃÒ’Sç**Ú`Î¢%Â¿D»kçŸÈëDÇEÅÕŠ™ŽN^Ë££ýìINwYrB…ÇÁ­~¦*Y­(5µXr»w†×RÁ&?†ÍC|z”3€¼4isµÇ®0úâå^©VÌôXùÞº{mï¯¼:çÄÙKUÍ]&ö?‘Â¡‰ªîZÑÑÔK’Û`î½ÁQÏ)¨dõWŠ.–\«¹q¬¬ýÂ…ëƒì?$9ëRà/ùÕšDfx-lŠÒ¶Û&˜8€²¹(MSìW}¢c‚Glëm¾z:ë\ÉðÄézQ|ÊÃèOÖzvî*ë2ÞÍ1ßup™ÝðjôX».ÄAOxguöÇ_\¿ÿÀÌzQÀÊL±µ5—2E…5´å‚EaÃkRGy€¹¬—Ó?œ«¬íáúEÇûFÐòêì”Œ5÷ÁÊé?ëãV»™È®&î(uû`?õàní—?Ø!HŽókwQ
Ý-wª¥üÊÅâÂ:Ic—ïâ+Œ?v<˜9_Y—‰½WðÐùBwmöØË§¹²+æ|+Šùâ8ÖŽ.3€J!­*ºXtµæº¬ËÄ|QÀð
™¹\
³y3àûë%„{¸õ°­Ös\!õ†$ÞslG½¢«øóGÔ“òºè€88ñ¸ã¥“ùºsë©(›±r«(¯güõ4¹UtÞ?Pu7JûŒŒ^[ö»Ä2¹ç˜QòG,?MmÕÎ..a_n…&Ìb#Un3´{vqDçÙÅ2è"ÀÓYýn?J“²ò>GtŽ?ß0–NRâäfCh_ Ñ`]üeí@ÝØÝÔì–Zvþ×¬:tàî¤ÞªÒ5tË¤æ/7Øöë.äÖ˜XÓÏ–\Ìù¤”UÕ3Í–/UÍ?ÜŒ&„Bÿô7}‘?Ûç½9ÄÉPûQŸäóäÒçWÇz[?ÞY!ïÓéÏ?úTÞz·×Òqî°¦Šáls«®[ß÷À,“§[z}~Y£@ØÍ³‡™€®Ï¾S2kÍ¡S_žJþdüyoY4emØ.^ô^jAÉùÌ}+çÔ_§ ïA§¬«·ºË…›¿¶8õéß?®w¨<?RÜØ íàìín¬uÆ¥^(HÚ^OÚžÛ¨éÓì,Ú•ÖîŸ™—ÿyºÐE¼w]ŽD›àºÍ_[?:õéß?ˆ6+ÿðh…î3hºzQjwôlÎ©³»—Áé­ÚÁú‡Ù¥”¤kVÑÉ?uaßúÜ¾#¥ÝO˜xVLL.íŸp¶àTú»>w³“ÎIµ›hqÆº­WÌV&‹Î):É9»2±œÂÙÃƒ}ZÞ3˜DwyAáía ¿’ðÇ£÷ãÒ?/=Ÿùžkýav“®L;Š¶¬Nk%þxö©³»£çŠ­L«T«ÉÝÙ÷üÞM½?st«?}.&!¯eœò4Š„QçèÀ÷S?ÏN]ÿÊ½ŒÄ\©®l âHbùlÁ¾³9§NÄZ_Û¾.¥J`îåiQvº¸q°Z%)>-q~mñÈæ©SHŒcErBRAµ´S¡ÝgÝ]s©ŒöŒN>~êóìƒ[~·qG~ûðóý½ðp¶èÂaàÃâÒ6miÒt^>ú‡ÙšôUŠÆ†â”äÊÙ‚}gsR“ƒ”YqG¯j*Ÿª¹TB{ö¥g‹.‰w¹±o{a«Þó~e]qa??ŸÐÙ*…¹–#Wn?3¸´ÎA¸Ž«…%Ö!‹‡Å½Õ'÷‹Ã·FØ?«4KH'¸ù?EvƒÃS¾½9ÇÉÝLÒ0:;UÐkPõ'ùNK›ÝŠfÕ•²û^TØ *Ø¤ÚbËÚüÿ9w5[îl?Æ¾k¯NÜ¤:+PÐ¬ò»,Í!'Î°f‡¨NmQp…3¹œ/dÒêúº˜ú‡¦YëÜ?bÕ‚gˆêø&ÕY?zÁö®«ºo€šÔxnê#ïª–¨Ž¼«:¡âÈË¢>ƒ€åýŸîíOnäpDM,ýµ†Bèÿ6'›G5uÔà'ŠºŠïç;Œ‰ ·ñ›¯ûæºðGwÍËe]0‹GÿÈ˜;TºûÖ~¿Àðžãh°ÎâÓÙ6Û"ø<8Ï%:>\RxMò›ßIß^bÏ5â€‘™SÈf?×¨9E-Å§Kœ¶í¸[qI®¥·P4²_¼ÇeÍæ(g+.ibíóÎ’qc'@ýÅ,idB¼·µÀØ~IlÔœ3åõ*€¶²s%æÂ­šÍíüã…zf@9FíŠv¶â’&\ÒÊ'Ð?®lhÜ8=hƒÐßžgÂå9F¬]Å-“|0ñÄéÚ¢¢»aëâ‚œx&\ÒÊuuÜò9ÚI"òQ¶½`W¸? L?WVÞø¬´À1`Å|qiu7³_[ÙÅR×p?kP‰Ïm?~?ÞËŠ#ûá›¬b±ŽLÏgÕË4A°(ïø?‰›È8MMšóƒâ7…ÉRó+•ã”‡®,<£ÛâhNšp-]¢¶EÚ´ëý:Ðo¬?_bkNšp-=Äšç?¾Ú@¾ÖsµR[e]Q‡¸?%à¼°×WùUÚºˆ(ÿåQ›÷æ\k¥˜8ÁÔwýÎÞö<.ibÎ÷óõúöúMjØù†ºZšpI3{¯˜­a¶ã^¾Ñ¸!±Â%¶æ¤‰9?ü?h1sýM|„;£¼lÍI.iæèçX/n¦tÿxTõÉ£åvq«ÜõÏhúÏè‡ÊQŸªZ??m_-øÃÐ}KQqâ?tÕƒç¨“¼ó0#v:W`ßëêýÏ§_ôö€²?-üˆ´Ëð?c†¹ÕŠ‰Ô¯­ì‹ðPñH5Iª^ð¼Ïj¢€UWÌªã«7¾¡šMªÉ™*Ïðþe6Ì=2(Tõº?š$ÕAêUÏAãmÝMsÝ»=ß+è÷´Q“¤šœ©òw…oï°Ç«#5I@pÕ$©&§€šs¾V…«<-›þX_8SýK¼‹"„ú™Ø-ôŸ%«kÔv@wÖ”7™û¸?ùCùPòEþMó`—‰LEž6?ýý}S_ØúåM.xð?iÈ*›%Žæ?7«kµ›ºp+v˜ó<|½Ž¥l1ŽŽ|ÅÉÑÁž7f½?òî?FGþ°A;þÈY®NŽƒG‘3fBóíN‹ÖÆ:z^U[]­ÝÖ½ßß–Ã¼ÖæzGßmÃ‚A¾‹Þ5œÚ‡HÞ¿-n¾.†v×¡¶¾3¨×öw<kËäÜ‰&.»}ƒ‰qZjâêåetƒ¤?o¶¤q¨ä÷4iø±ÀÌ:0Ü5åbY»ÿ2K€Æ’\yÌÎ%&-µ½/>¨®<Bô­V9¸ò›©§¢¬¹L</ªg‚ïêBtt-ÕWžÞ;õ½‹×ºý>Èîî g´|Ý‡Í³²\àay´µC–Äâ?Èã±_TþÉq±t—–/Z“Á×ÕùÍóˆÚåÊžViuqêAa–wü…T´¼Mr[F+;®ßKô?²Û7hßH?‹ãu^¾13j\ùCMmÏ®wÈÌèniÃ÷]Ê‡íM’Fq+¨¨É,²é§¾w¨ÖoÇ'?Ú»?®o¿{ˆi#ÎB%+ÜŸJDg®ZFL•¦ìîŒÎÜø˜g.ñ¬_ d
îl{nÚu‰ÐmÔúúA¯?¥Ž5T¼—úß4?j³?ùŒý1œ?Q‘ fÉÛØÒn å¬m¬ª€dKÛáÕ×tÝ?ø6CËxÓá†\çÌ%ý»)Ù-·X]4tHY7[TðdõßÆªSCÀ#vÝ`Ý´Œ¥ë;€Bè7ÂÜýUóÂÕÜs÷™Ðòõ?¯¼ù29r—Þ›ù©—¿›ò×—uý¹àŒšàÐ#osCûþ<~?ý^Ý?×e–®ö<€¾ÞÑ‹gz
ŽÚ˜ÎMÌSÔ\JÝ°bÙ›µOÍrGŠÝ:7<9ÊÝúz0ÍpÄ•2Ð3£ý«¤7ÃRòÚîÌ˜ãêî8?g]N8qŠê‚¹‰ù¿>ztGèïµ;–ÚhúÚoå7Ð•…çLWø;?æùú£Ïõ­ck<Æ,>Ð•)¨tGµ¤‰)<ìë§<´‚bÄÃò9ÄDTEÎ°Z3MˆïÁÏ+*ïh+»Xåéÿ˜Š62±æûG;ayù³
9€J’³nÕ†ŒÚvŒÌ=Ø>Üˆê?éÆOáGÙ$Š?ÏøZ¦„i–î.V“zÒQosÞÞ}ÞÃi
À³žgÜp{ÄL%úAÍ7vRuW¤%¤@ôˆGšRå©k,?[OgddfddÔÔ_ÊÈÈ,=žãàJÔÕ(ø?Qvç¦”4Ë{ò–âì][Cx,oÅAª¼û?DÌ¾Åþw€š“{Ø`S!«ƒ‚7àf70X
¦OaHµÉ`]"'ó‹°°pžÄÃ«”0ú–d£N~SMêÙ!„Ðoé¼è%ù?¯¥´ä_ÿ6òÿýÜ›{ï–ü£Pì¨ç‘¦ææÐ:rÁò#å?ðüôiO¹ÜúýâF”u¢“¥Ö+Ö:imcÙ"Ÿéê¡{iíìáì!T5ç¼ŸSï9´ÑÈÚÞ¹¡¸¦%ÂNÛ?ÛXWàû¸ümìÀ5ÂÂÝÃzôkË:‰´,µ×¶½Y:ÐØ]q¹’¿>ckˆ¦µJ+¿züY“MÜÆnœnj7{æº¹QàšnÝÛ]äMmbñŠØ3«¾¨XP”ç¹ìsÍ0……ý¨&f{¸??÷øL‰yk´Íq±ä6<ø†®Æë`½n&p•úÊÃ±_g¥à®MO)•Ôè½6âÆ6pÖ–?ºQ[ka/Ôäe,;›QÚj×“+?Ü©ûK¢Ó³>?Ë4æÊ3š|’Ó£Ý5;´Ü¸öó<¡°¡<§øGõå?!ËŒÑ¬¹©4Zž0•¬pïÖ‹¶K_;ê)¢NADÒðN}º¶â
×ï£Á¯±¢þdüû¡göŽzÝÁ~„ŽõÄ:‹WÌK:y}‘Ð%øp¶yÞ™¬Íç;H;ßèµŠúÌ"Ë¥{Æ>ØúF6ôŸ¦þY™Ô@â–~7MÅ?Á{‘ÚÁ–}YÊ÷)~ÀÑ·ß°šÕéáL²-mløáñGMôi,àECs•›ÅÔ!„Ð¯áäÿúµ?ÿ-ñ~¡æ?vß¾P-¿ö?œÿ™´e©îØÈ¹6æ·š(ïÁ1‡{MÝçþ\/§ëY?Ð÷©ó¯Mr5;>4®|ÞöÂ4ÍA‡àµn•GN”Ë™E‡t{µèjUUTÑ¡?@Ëè!ˆi#kÑj‰p…"eGRÞõVª³¹¶ )µx"ÕÌ]üàÄñ¼&m/a?¤° ’‡€ó+SOjÓ–Ÿ–)Ó•‚él[¢þ¦D3Á]Ùœ›W0?l'š8wq?ÏíÌt¦x*Emff¡v?0jÑåô´kÚiYmNÑàâ]K¿e^yé[NKÂB|˜¯¹8|µ"5-·QÛÍO5åUuXY{AYi?b°N”#2MÏ›ñÆÐœŸÊÔÌjÍùRM¹'Ïõ…-&Ç)¹xiØýŒ¿kó¥ªOž¨Ô_5²Œ“ùÌÐPgyÆi±sdŸÙD¸¿,?·s÷àxÈ(TyR˜ ©@ÜÞÃ|U”mâìcgëýÿàÅ0³^’FÍšhUwÅÅüÆaÉf¦fË|ä×Š*ÆÌªŸËÙsáFƒTs.òò‹¹:/±~*YYrBÒƒÐmË_Jû«aN?p_ÁË<˜¢©mZVq"½Ð-*„¹FŠFÑÎ?Wwm\òüÐ?
¥
€t‹†þ…:8/b|,Ç–?hÝ¢ò=©×d`æ·'3=ãØö(wž¬63¥ÐI¨céÅNÞo?üç.Å,,¦;8¢¬oí^ž0Ü€Õt‡ fW•²´IÜ~?`XËI4w'–¼Ú êÇ1‰?9‹™wY-ýpŸ“?8gÔvVP%fßÕñ¢ÛYPð›R¨Y@ªÞ~Ò/4iÏˆj2Èÿ(‰AæEƒo'¹”!„Ð¯Û,÷…vÿùïÔbÙK//RVËëÎý3ÿÑÂhx¤è}¨ù÷àá­òÂÏËo)Ì^~ÃU–¶¼í!ôSwÊ/|©ôö[ø‡¦ŸõèA^Ê›yÌfæÎn¾‰¹)îCQ—ù’?IÊ)+ýSÀŒKwöÍ~5xS<€áÅ•=«¶´qùÐÞB»¬Ù³oô{^¹ÎkS3ç?:?º§,Ü—G'Æ¿÷øÍOÌ:°í?Ê?G((Â:$&~€uØ¾Tâ¡·üSyf@Û…K(Û®#ç5{;?x3ìß§wB"ôN«f¢‰y¬;µñøîQ©$— ¸~‚ø[ûÊ4ÛÌ‚÷¥AZ²ðÕíÀ39Íõ_¿iðHŸð°Œ?×‚w­ß%œ×¤$‹’6Gˆ(’Ktö.‹q¾¼€µë‹7ÆEå€Ïá+ñ^ó‡RölŠJ%¸DgázâÐ°§Ü¸®:o9ôrjFÈÆ¤õÄ¸å!Ü×&Å§%Å†ä’f@™¸ïZ¿R§¯’vE*’Â–ß&@Þî1;C†ì8¬àå§8Eê!}„Gè¬¬£1G»™f›1×+òo¢<H0ŽûP¼cýò³V3¦ÓäÒ5Á^ÌŒr£ù‚ãG³>Ü•ÑÏ;øÃ©HànÚcÇ;!Eslåô€èpÇ¼ê6H^]x¹ 76,wØ§ÁÌ[¥m#’ÿ‹Þ¾Mð*SæÐ;‡¾¿r²™†æ÷WÃ·Ž}Mõø8¦^ë:V‹’ÄJÛfô´VvÙ¯}7~«Î‰R¤:v5ëÌçìuÿb3‘<_R‹–ªH0SmøçÃLƒóÓ€TC°ï€g#³Î˜pR‰àìÿ''³Ÿ¼YÛ¦àé@<Õ‡RÎº½†¶$ÐFÿï%(Ð.,Ÿï£Êd¯Úeèà­N~?úµ¥lÿ,vè.6¼ÿ×¾×ßV%p¶6 ÁPF3bþ8tKô˜íóq¦Bý‘½_*ÿG£ó«/kZÿxóÚ·?¾I=ðÍ°]çö‡8Ð²ëßÁÌ—}æržs‰ˆêýg~Úþš~0ä¾ú§esŸe?¥è?äÈ~V*š¢úI®gìç@šLhôEY•âŸi#J?°›`¦½

t½d?VP0?w`Mp·É¥ì¡?ô?8­ hCòIòVö(`lõÒ
J5¢””ŒGì&¿œðV©ï§ƒyãI_yT4E|?ÝØ¬èÊ”ÐãÄ¡SÂÇ=@I)ú@w?ŒS“º3ý‰wÖÃ«tžJ™ÇÒ÷“Ô?E?dÑ0@N»¢€ES@?º_Œ@?d¡&¦öÙÏ¢ú?|NgIX0MMèR[M±à¹©.B¡ß2õ£^¥?±ñ³ÿÓòìK0!BwÀ!H½/Œè.KKïòYèhM ì(OK+wO?hlÆ\Ýý€„žÏ'·Ûd?ÒhyÂ°ÄÈDWïï˜Â‘ã­¦Õ[$}åáL46Ð—5õUQÞÜˆóxH˜ÉÕ·úyœšÿ|'éIÎzžJ™ÇÒ÷“Ôm€˜¦óIDš%Ëã5©Â?Ë`€Ô}ÛÐ¥è,É8;#„B“Â~Îøi¶&îWL†é¢7<²²ö¬¬‘É{LL}ÃGÎKASÂØ”oö¬ÖÎÈ*ª:Â"}ÇÎ’ÿu{–UŠB¡ßº_Éä"„B!„ÐÓ÷¬Ÿ\„B!„úÅÀð!„B!ÄÀð!„B!ÄÀð!„B!ÄÀð!„B!ÄÀð!„B!ÄÀð!„B!ÄÀð!„B!ÄÀð!„B!ÄÀð!„B!ÄÀð!„B!ÄÀð!„B!ÄÀð!„B!ÄÀð!„B!ÄÀð!„B!ÄÀð!„B!ÄÀð!„B!ÄÀð!„B!ÄÀð!„B!ÄÀð!„B!ÄÀð!„B!ÄÀð!„B!ÄÀð!„B!Äø_áš?WÎóˆIEND®B`‚' height='200' width='200'/><br>
<br><img src='data:image/png;base64,‰PNG

IHDR
1K«Í/sRGB®Îé IDATxœìÝûW÷??þ—4šÑÝ?@ @2Æw;vìÄ‰Ó´I“mÚí§Ùýìùôœýžý—¾=§ß³ûíî¦ßM›4®Ó¸uãÄN|Å\62?@BBwÍh4ß4€¸Úl!ü|~@£¹¼¥™ykž3ï÷Œâó/¿""e¡»âÈ@†x2Ä?!€ñdˆ C<âÈ@†x2Ä?!€ñdˆ C<âÈ@†x2Ä?!€ñdªB€ˆHÈdÒiAÄl6›•¤BàQ*J¥’eµšeU…?8/|bñd6+éuê=£PÒ¼<rÀ¢(Æé´R(Ñk[ž7.ZˆÄ9Ve2ê†!B6€—Kî˜a“QÇ±ª…H¼°å)d<ˆÅ“ZÇq,R¼ä$‰8ŽÕj¸X<YÀb,™L6+©Õl¡
°Û¨Õl6+™L¡
P°x?Nz?×–HéuêtZ(T
wõ@sý`Ã0‚ jé‹ÙlV¡(ÔÂv)…‚Dñ%Œ’„–E«Hð0OMâÈ@†x2Ä?!€ñdˆ C<âÈ@†x2Ä?!€ñdˆ C<âÈT….7~vèþT|é¥­áp­¡ €`ÏÄƒ¸ç«K7&ŸiÔšÓï½Õ î%Ú9ÉÇÿý?àâ«ÆwÿÏáòÂ(?™èë[*µV!14.âì¨l¡?Àži\´‚¡fß¾Rf£wuFöÅg/ã*ÚÞ¹ ¥ÂþP‚H§ä‰¸B
¶ioÆsmËá¢ê]P¼˜{eQ¥£ÐE€?‹@¶7¯l?˜\ðONLù&ü‘ðB<)£×›MÆê}M¯ÔÛµŠõ&I‡&½Cžá€Åø?5“š(á{ðh:½8®®ê•æríê9$&<ò/Ž£q4µT®eHüÂô“Ç#£“?HpA$–µšJË]ÕõûËuN”œ~øhtr&Œ“¶ÔèØ×tÐ]kâ"Oz‡Ëê@s9GD}Òýxi°¾¦¥)7x?ál2è}ô`xÂ7O
ŒÙQ^ÛØvÀeáÖý† ^îx??~ßyëAˆ_9XŒÇƒñxÐ7Ý×e?ùö«Í–üÆôüÂ£›—nûùuÇ'¦òðkç”0¾á¾¹Å·}úêŸ4­ºÛgpøngŸ ¿p;ð²?¾ýÝ÷žyqy? þ`À?Øõ½µåä…#Õ«Ã?rëïW‡SK’ó¡‘ùÛ#}C‡Ô”î~°8¼ÆÐ$Çƒd ¯oxq°Õ°1¬^kœ¸q³o¹0bØ7öM>9üþÙFÀî°7%BþiŸoý¿¹øòñ²"î´:¬?òßþ²{2³< 9rýó•Ù`%1–e82Ö·T.÷Œž?Œ®kÒó`1Óì®ÝñÎ¼â|ÿå/»Wdƒ•ïn|òõpTÊÈOÞý2?,BÝßt=Ù~q"}_Û·^axï÷=O’ÛŸ1ì¨½yõ 8Ðyy`ƒ÷ªÿêÍFùd=Síne{"Æì¬v;VKDÉùGßwùÃ¹q„'ß?´Tï7IOopñ —qyíh£EMDb<è{ây4<2§t×Øˆˆ«m9X2ÝË?y0hn·-?\J%?îÊo²´M¢ÿûëg—ALyýþWêm\bväáðÈâaº8Ñ}gØñ–[îÃ-ÎÞ¿=”wÏ²5ûÛšz’§¢«óì„hŒˆekê]¥jâçF}Ë—FÆgOºv> À6ìÍxðì¬Î¶V?±¹ÁnÈ?Dw8ÊØ/ÿp;’{5;éOî7j‰(š?-ŽSyàh«}±ÉWÙ`©l8xl6@¥DD¤°í;`ì^œCôÁðt«m1DFú—å:¼ßºÓMkøñ‡}K¯˜ú³ïž­Ë"Gu}cå×_Þ˜??Î'îõO×Ÿ¬dˆHœÎÆÃ?z³ÝÊ-Nµ¯òë¿-MµB‰±†hâ©e25¾ó“Ã•rxÅ~íâ5ïâ[£?ðkµ»ç9Ð/³½Ù¸h,?Çö¯ÌDDd°Ø—_ÌDäãæüãøé‰'ÁÕ­b´å¶¥NW“kéá‰gb±EÒÂ„g©[[ÛìÜñnüôÄrü ²‡êò¡Ð»6.w„&}ó¹ÿþ‘å±˜ÖÃ‹Ù 7•qÅT[ç:øJåòü´•5Ö¼7cÉÍxÀ‹³7¯Tûü¾ž{ `V·c‘Äd$žøÂ)"âC¾Ù‘?×©•ŽÖ^]FòÁ}°óÒÅNbÌ6£Õ^YYa·Ûl&m^ÎP×67w{å3î#ÞÉ“®}QÐ;\ÅÐÚ¸ã‹ˆ"áÙåŒÃ²ú°¾´¼–†;‹óq*ÓS22¿Ü‰\6Ëê¹®˜j«ô•¥+R?ÖPJ´ô5ðéž¥°+ìÍx b9NýLÇ›Ñ±Û×ï>™]¯;îzŒÍgO^ìžX>’Ã?P8xHDœã•wÞh³Ê_*SùÊ?òÁïåcuïÐHt_³.¿S²ýp“mí2~01[~á0”¬~_±^"YÑG™´º5ßÞºS=+ƒUƒ—ºqï½þÙõ¼l ÑX?µíí?íí?íõÆõ§)i|ë?¾p¤²²”]{¼Ìû~q}x¹É‘¡ö•åF‘£?d^§d¦¹±V½£ŸgQþ±x8ùl÷Rqù?`!_=ŸÂ†ö¼½yõàÙ$'G¦—:ÛZ^{ÿˆcù]³Ý}#‘õ§ãŒÕ­g«[‰$‘çãÑ``v|¸{H¾Aª81ä]hl6åFÕÖºkï“ÜR¢º¯™C‹sa6Tï|Ã"""£¥b¹³p4çÉ¶âZ@,Ì{U¢ÕqzsÑâe‡‰I?ß°oÅã¦FGö¸—ùêA*‘wüo¶˜òß»ð­?Q~#Ã©?VÇ¾æožkZ?¦—Ga*.µîBÓK?’«ÛÜù½sw’ÖêÈëw1êñÆV¼š^~e·Ûr!ÅVÝ˜wÑÁÛ}}0Ä/~X14pý–Ÿ`¯Û›WÂOº£žš×Uh.çˆ4:#Ñâ@}O|Ñzùñ½bh ³wMë""þÉwoµ‡4Õ—™¥8‘ø–?¸õ†ü&C
›û µûFpå|˜æWöm÷ŽEÃ_üÇ0c¶iÖù„¥-Ní3Õ6ÕÜí^¼~¼ñ÷ôÚáúR-#Ff‡º¯t/÷´Èoàdml«é]šJœ¸û·ß?Ð›µDY></lô|5ØKöf<ˆNŒöm|+þCSs9G¤­¬µÒ„|à.NtöÇ¡šÍú&æ‘eW§'GFÅ$?Þ˜½AÄ™ô–ˆÄh µ|gÎ²ÆjÓŠ‰´uÍÍwoæÝh'…&†ë?HD¤k<qÚë»±ø·…É—&o¬™µž9?×ÀiÕTDb<\\ScuLŸþ|(f/sã"ÒÖŸ:]³|x,ÆãÞ¡'ÞyA$¦¾­Ñ±f|~Ö—|Ì/Äƒ?x0?°ÖÓg›VßH”©v·®¸qOÍÁÆÚ*††³ï¶lA4öÓ?}kŸnÕToýìlµuõ]†«ûðgÛV¤ÅK½åìU{óêÁ³RèÝo¼oöÜ¾Ý5\:»ÏêÝ§Îž¶ûÿÞ½zt®æô¯þáÉÈàè ×^u/T–­Ùßq¨mŸu½û©Œ¥D‹m÷ÙÚÖºžÉ°“8ë?·U5ú}oïàÄÊ¦Ac}ëÁc-ízÅPwú}WrazrÂI‘Îâªªµ–0Ëå'""“aÇŸæ…§øüË¯
²à¹àB™Õô#¾ò=ˆbd°™K8æYNígx^LEƒ1^]b-Ñ0ÜÆSI‘Á/¿¼½Ø)ÙÐñæ/ÚŸÇã6&ò|f©¨zN½ñEiå“¡ó¿ÿÃ¥!ùéÑ¤?ùï5ïšµ°ÇðPùå¾z°D¾ÑÏ:X—ŠãTÜ³L"Nt.Ý°ˆ¬í?/6ÃqÌ35ØÿéeÍ±ƒ+;^ïëüv)•Ô”#ìEˆÏ[|äá“¥¶=Lss½nóñGœô<xaô†oô1ÚR?Ùb/×$gý¡ý+ˆ©?²ÿyÝ”

ñà9÷M.½x~?BÛüÄHÞí•Ää|<9?:½f4sã±Cµèx°7áþ3Ï?9<¼Ü&§¬eß.>ëÎÕž|ÿì¾ýÆù…Õ×Ÿ|ýÝSµ†ç|Û%(\=xžDAë|õ§üŠ1ÚWßótWQpÖºcoÕ“¡`(ô‡D|(B#GK•£ºÌÂ!ìiˆÏ£·:^À=Lw£µ”k-åkŸû{€ñdˆ C<âÈ@†x2Ä?!€ñdˆ C<âÈ@†x2Ä?!€ñdˆ C<âÈ@†x2Ä?!€LUÀeÏ
¸tX¥?ñÀa·pé»“Ï*Ô¢Ñ¸dˆ C<âÈ@†x2Ä?!€ñdˆ C<âÈ@†x2Ä?!€ñdˆ C<âÈ@†x2Ä?!€ñdˆ C<âÈ@†x2Ä?!€ñdˆ C<âÈ@†x2Ä?!€ñdˆ C<âÈ@†x2Ä?!€ñdˆ C<âÈ@†x2Ä?©
]€b‹§’)!“%’
](0)T*F«aKôšB—eÇ <QÌÎ‡ã*•ÒdÔr,¢€ˆˆ2ñDz.-5ëf/4ÌÙŸà˜ÇµZÖbÒ#ÀŽUYLz­–?Ç]–??xðt±xJ¥R–èöNØA%:?J¥ŒÅS….È@<xºdJÐëÔ….ì^z?:™
]Š€xðt™Œˆ6E°ŽUe2b¡K±ž÷)‚§ÚâÈp?
IL†óI‘ˆ))µ5Œâù/1%?š}(FˆP RäñÍo®¥Œe†ˆ©€h<vþõŽÊçzw ÿ½ÿºJï}tÂþ<P´ 0ý_]?×ø/í6NÂ<=s1z¾ñ6ƒx˜Jµ¼Úº”ˆˆ³¹OØ
Y&@<€‚I¤"fƒ7…ðHOgÿøx„,U'Ov8ôDD$ÅýÃž?‘ñ©Ù?u-'Nº-Q ÿâM:ù¶mêæí¡@Õ¿<a'âCC÷îŒGB¤qÖ·:X/§‘lÊ×{óöP DgÓÑ3Z…<‡áºW?lCF?—â„­é°­ûÆß®óGÛ?eÝª¾Â¢¿ûÒ¥àþ~ô³JÎöÿíO×Ú~®NC|<Ö·¼úãÓ?ÕyùÊmýÏOW1Dbb.>þí7ö–öó?-Óiˆ2þ;¾6SwüüO«tL24Ö76ë´U?ßù–ÚŽþøJ(æ¹ö—kßv¡-šñ
FÛpáŸ´}·ûï|~3•&ÆReoj9ÔTcäDñ‘ž^Ó¹n±iˆˆ´öŽÓ-¸7¯sëÉÖþÆÒÉ}?«±îÖ×?UÉƒ˜¦g›-¹ÿ£ƒ÷ú¸¶?»DD¬½ùÌRodÎ}âD½‘ˆHÓrôàÃOóTï ²µ½ÿ~Û‹þvÄ(mUûUíD$¦"¡©‘;ß~Ñã<õÑk.&/+iú|‹c&xn\ˆé‰ˆ2‘€?ÆS24òÏP¤bùQµUe–ÅÅÐ|ÄX[fXo¹6ãÒÿz­‰fbI"ísü E?E€Âc4F[}Ç»?i1x<ãI~Õºê£ï5šˆˆ÷~÷ÿ}s ’$ÒZ*¶’?f™yâTÜFoÀºpõ
D"Zõl2–Sg4ÃI]…Ã±ºßrjÜ3a;ñþÙý¹~ÊbÆ»ÑÜYK¹>àŸã[ŒˆÏW xïõÿ¾x}ÐMÉMƒÄˆ¿÷VÿL½Û©%²º?VNÜèô&%""’ÄèTßã iff&0ÇKDDbèÁÀà†K0»š?=7Gä=cÁÍËëîºç?ìØg(B¸z…À¹N¾#öôÞüôf*?Â²Î¶3ÿtÐÁéÞ¸?¹{óþŸ[¤g3ñ¬Ñå>ý*‘ýÐùc¿úïÿÝcÓSv¨é?o´½ûÂOéÆµË¿¹&‘ºÜuâLÝ¦eJú{=}m5G]ÆMGx1¤lVÊYs¡í9R|þåW/laùæ‚»åF€=Nä‘”·Þ$‘OgõªÛž‰OìºS¬##ðŠgy>‡.°¹ÜHffÃ&£N"R*
"R¼ x Š"®@?1»á¡»‚á4ë½É°[èQ ÚÊÈ…–Íf9NE¤`%Ã(
R¼¨x?æÑ¸`×Èf%Aµ5Ç1Œ²ý„Ñ5`·ÈdD‰¨PÙñ`·ÅlV’¥²PÙñ`·Èf%Ãòñ`WÈJÒ¼MÑúžNño<Ejg6…â…Ý§h]ˆO§R1¼?)t)`÷â…ŒJõÃ®±; <?VÃÆéB—v¯x"­Õ°….Å@<xº½&“ÉÆ©Bv£X"•ÉdKôšBdà±hÏ¤Ô¬ŸÇAÔëÔ‹ƒ( \›¢x"?ÉdKÍúB—eg`Ëx&£,³bñÔB$™ÉˆI….˜‚*£Õ°ÓÉˆ[S¢×ì?6$ëBß?!€ñ (e³R:ÍB†ˆ2Q2’$Q:-ð¼°½y"¥4Ïûfó¡ÍB¾é9žÄlvÆ˜„·7OÄ€¢”2¡P$OÑ|82™Œ”•BáèB4¶½yî…;EbÉB€Œ%ÚB-ZÊJÙlö‡ßnw/Äƒ®€’H„L*Åg2¢(fÓ<O
EF9b·7Ã½^F
…$Ñ\0,™ÐB4#d¼ã3*†‰Db%úmž@G<(J«*³™#Ñ¸B¡°•š$"¥BA
*³YJ-ÆíÍñ (©TL©Åd19n¹)‘$IÉdŠeÑ¸àeÂ¿?˜ÅJ»Í`Ð)•J"Å¬ozŽU©%ºmÌñ (e„L0´^ˆ%©ÊJ›ÍjfU*I’¢Ñ§ÆÕ€—Ã0Fƒ^¡PLLø“Ét…ÝºífE9ˆÅJ©PXKMöòRßôœ6˜H¦ìe¥b6»í"1†QšŒ%ËúçæggçÇ¾h4®Õ–monˆEI¡P0*&×#Y«UW;ÊµZµoz.#fU³½y"À‹"
¼@Œše….¼`?Ï`Õ¿4°ºž7IäÓYR±\!âÄ” *•·ÍãÎ*÷E±ì†…ÝõÇ±åe¥jŽÍf%"R*•ÖR“šcMÆ£¡d{ó|Ùã?¿óãÏûWq¾öþ;n½¿óãÏû?§ñn‹)ï½`ï'µ?ÿ·cöÕjŒ-Ç^=é¶äo?¹qÚßûè„=>ô·‹×'–ÞatV[ëá£mNc1ì^DqÏåßw?¯äþà_›C»x}ÂvöWšhÕŒÎé:{ê¸3·YÆ¼7¾¾;0+.¾å>Æ1þßWûÖY’ûƒ=b_|áïüøó~Mû{ï?°³yClgu¡I¿4IdàÏ_Ü˜5žþÇw[–Ÿþá¿óÛ«}åí¿|¯Åœ·Ïú>ûô^ªý½?N”¬û‰–«å¶?š#ÿò¶{½g0®»Hô]ùûÐx\^õöæŽs­tû«¾y""Z9çgZõ‘ÁÏ?éõ—w|ôÓfÃÊrN5Ÿùõ«5y;Wjì›‹WF,ëm«XõÏ.W?å¯ÿ?ß^í[ü×YÝÇÝæ`×o.yVÌ¦æÈ¿¼íŽ¬©BŸ8ÛlË[k¹™¯Õp²yìö h?ùîòÖ–[¿ä|íÝwª¦ÖÔEîóg:Úkûþ½¼(«~Gˆ(÷ûò´êniã^w—ñwýæ’‡ò~×VL»?»õÍõÁHšˆˆ½íð¹×Ÿ­Ú¶sWåªúy£=ËýÁ¯Œ=«êù¼ÍƒHôs¹7?ˆ68ì)€%ÌÃ‡†îÝ¼³øE©«êßxõ¸sùçI{î]ëôúS¹—ŒÅå>ýj‡C›WË‘çòï»¦œG~ù–Û?Û³r¿ƒk—µ;„Â‘…Hlé¥$IYIR*·™{^öx?cotW-å+N\ü/r»ÇÛøº‹“_Æ‡ºCëO(†ÆF¾½BúŸŸ®ÚdOa?-u6Ž(5?ôØßyå‹á¶ó³GB "ƒ­¥¡T-¿°éˆB??š¹ÑüòçífÑï¯·ÂLUs{S›˜ö??‡øz{‡ûQlª×ç'ccG…aq¶+¥úþzÏñO§œlªâÔƒÛ³Déò7­ú2gôxëß¨ÓÈ/ãž{÷R"=ñDÁ6¬¿âž+'}cGsƒYðÏL=DÕ;;Ü6"âç"K«@gZ³#l¾êEß@¿ŸˆføÝ'V®yqð^SM‡uñ¥ÿÁ?qÅÔXõ;nÝÕ}ÂmÎ½[î8”WÉfÿ[ªB£ãÞá›WíÏÎº–î¶¡Ý¨–¨k¯ML_í»ýUoÅÏ:¬”|üíÕ‘©?uÞ­§8QþúMÎõ^ú»æ£Ÿ6¯\b® +·Šâ°ø;BDD:äÿžZÝmºË@‘ý=»2˜RW¹N»LÜïózGçù†r÷¡"¢è”gxvy#·ii½úyÃ=KGü&ËN>þæóÎY‡Z\103164;é¶¼˜O¾5¢ÿÞŸ¯ö„I]å:TÎ‰±™¡á‘ËZ8ûá…¦"ýÝ—>ïM«o<PeP‘›ž
ëp¬9û%Žw]}XñAË6Ÿ=übˆb6‹ÏÏ/¬}K«áˆ¶SxÄ"¢Š¦#G×‹‚âHÏ@›+w?!NöÝ˜ØxÂZî÷ŸLNWm’)MumGrgÝŽõÝùÓµ¾þ›??kÛ•;×:Ì®Ã‡óÏÇ7A°ñ¸2âŸ‰“9å{&:pæÝã""§»í° ªXæð‘:""¿ØëóSEËá?Oß
Þ+_Û–ãû
©±G^ÑPÌ5ÞÙÿ`¬ÍÞ ÉWîlsuØD$Œß»ú¤õêOÛ³þZàg}ãU?yó?ýz"rÖ·=ž[õv"¢¸'0ˆl¾
6Yõ)ïƒÑx ¹Î;Ø7à=d¯_yxŸêî÷¶ä²½ºë‰¬š«~§­¿º—A+š?^±‹'rƒ—ªPçÿÓàÐìüY×ÒhÆº?k‰£gÜã—<?ßt9Î{nDÖõÎ×ò6°¼~Sþ³«£SñfËª%«åß‘•žVÝ=e—?¢ò=NÕ_øÑq‡‚ˆ\Mm‡ÄË¨ŽuùEÏðìª?|mý¼ñž÷l´`"af" ’åì[çšJˆÈÕÐ|ädFÜ?)3ê¹×&¦ùÌÿ^¼ŒÜRqåãï7îO4ž¬aâ#=½)bçÿñ\ÃâÏÀ‰ã)Q³þÜü·¿ºc[¾”½±¬ªÌjY÷ñg†’m^ UþàRí‘9ŸoJþ/ŸpÑXÌ©Î.O’ˆùÿªó IDAT¤@ÿ¯h`7Š`b*'2ªŸyOáM­z¢Ôøìšƒì]Kâ)?Ïýe6SŠE#DÄ©Y"?ÞLDC}w<^ÿB\”ˆTì–*§ÓFã]—ïù×9Ñ¼7Jö¶æŽæV;ùŒ¬<4k,áÁ{Ãq"¢àƒ;ƒ¢Ñ°r÷N…¦×»o6^Œ'w…Ö§/aˆ¦îßéñ"ÂÎ®úÀ`ÏÛš;ZÚŒ4:8¼ò¤‰Ñ¬¡‘{=~‘ˆxoÏíYÖhX9=VýN{ÊêŽ–êX_(µvr>‹l¥
eìg;4ö\úsï¸À¶_8ºþU&‰OÇë"¢?kû"’Ï,}tiÛ}Zu·ù.E¢Ä`!"og§gÜJfˆˆe6?Í»ù¯ä°:#Cê¿Ó÷x*åE"bT»3?™ÓÚ°ÜÄÔPçn$=þ@î\5¹òOi4ë˜2›Óœêûë7C±ußÞ”J¥V£6èukÿ8v›—põ€ˆhìÎµ±ÅÿÛßûè„œ ?'NðWþÚÛ=Yw,Ý×Ö;ß<sµ7ßúîâKDbt.%’¦©ÚöìU³Z¢øÔBŒh+Ù.îŠ¹ëÌé`£Q¬¥æ’íæÅÍøú>ý¯ÅöŠmçÿíØšþ.]¿ûm×âÆþj{GDîÓçýW¾?èûöVckê8Âm~æMÏÒþZ{ñJÿµ+¥ïZñŽèöDÈ~´ÎH®u_ïÕ®¾¦SŽ¥]ÜyèDåÝË·ûÆ÷âûCæææ®|—÷½Í?\½<"ÿ¿a«ú]G’¤d2Å0ÊlëØx-”·plî‹NÿíoüDDÄT>sþ CûÌ-!7\õâÄP¿@û5‰ãšënÞ½ýp¢éäò/?ùÀÑ¶GßÝ¸;Ôôž}¬ÓGõ§Žêo]Ío›[œ«~InÐhÔ³sÁtzýöz½ÖZjQ(^T‡»?VwîÝÑ¾K£‹c¶?ÿ·cr%Ûwéãå6Ðf×«ûŸ½
eì‡^;6v¥3,ZÚÎ­\™ügú¾¼8HD”HâÄÔ»ª8¹1äµýÖôû?÷}smñKËë²yu÷´]Š„¦áÔ©©øÝ¡û]—ï1ÖšÓçN4Y6:±ý´_É­°·Ÿ?9{õ¶wàªw€ˆHc9vþõŽÊmíBÏŸæ‰ÈbÎ?Há´:¢\[<Qà‰Èi1ÑÊ®•Î×ÞÇ½ff×éÓe—ÿ4xý¯]–·vi#^&}þ@pA©T0“ßß ²ÂVQnÝtêõ!µ\øÅ±rùF½<\]Ý~ºÆ{ýÎW1Ä4Ÿi+OÎ¬?ÆÑÜÞtÀíÜÊ–“’DTeÚR§òøÐ?®ëË¿1‘èÚ1ôz­^¿Î¦àhÿð·üUì:?‹rí}“s}C![Ç¹ËóÉPwæC—˜Œæü¾ÇCžá¡®?2Ú_oá—ISwæ\{ðjßÍ›T‘78âéÉ Ît…ˆÒ–oßH»c¹¯¡Öy°Ã9Øuç¯âÓò£ÖŠÄ7~"¥²X.µÇã‰à|¸Ân+À6°Öfk?µµ½óZ„hhÎ?çþ~b¼ûÚß4ï~ÐüìûÉú«>êéÈ˜ôu‡ˆDÑ@âÀàp[Ír‹EiÓqwÿ¥×þ2æ?OÿÈextkÅŒ‹sÕ/YÚ,fãº)QÅ0&“ñÅe¢Ww)µœúuGÕbá–eì?îª1462Æ;Îÿè”sKG
›ÃI&gíÆíèÍöC‡›[íK«x£Ú~K
úý[NÿÃ›?‹›zÞGØ¬º{ú.Å¢Äuö\§ã¡@pn|Ì30<qýÏŒñŸ78âú¯äV¨lmïü²…?„ææüÞ‘žÇ?Î¿|Å­¼ÅîÀ©9"
„#yg_ùd‚ˆX""†åˆh<´@¤'MÕ¡wJÚS·¿Ùhv*kÇ;¯ÍýÏ·žëwm»3QçªšX,‘L¥?}©ÅÈrl®öaU¸zð¨Ô,·þÏ’¾éHsÿŸý¬ãÂáF\Ý,¯éÌûÛ¼Ãïz'Ò8Ë·²—ú¯O‘§ÇÓüæ>]<žÈˆ«›EJôÏë˜€aõv³)¹½oÊ&\¼Ò{­Óþ³ÓÕ,‘À§XNÃhMv§Éîthÿ_ïT$Émá|­Ê~âGGBŸv?çuÿŒ<ðQ40Ð»üó<Þë4æZß‘Þ}ôèƒOï…˜úSÇªÙÕ+ð©Ÿh÷Éf³±x‚ˆ¢±¸ÑhxÑÛÀ›­x?å8Ö`slŽóÝßüeÄMn­›ÔÚU/÷Gˆ(2>Ò³Ü¼:Ðë4u,Ÿ{fì­'êG®ŒD,G/´˜È¿j¶E¸ê—äo¥³^¯?Ç“«ÆÑëuÛþUØ˜Þbah"à
Mz–ˆh!0CD½Žˆ¤Vw.0ZN³ÎN¹‘´‹ûäOƒW¿°­¼÷ÎöU´ÿxƒ+B×öÏªpßÃh6øUwÏ¶Ë@QS)F£aô»ÞbwVâ¯ûb‘9Ö;”x¦_É|:“…¥ñÿ\Æ?k­Ì,ŸÇäS<«á8£­Êh«ª·¨>¾t?²Õý…`+ªl4x0:q´R>ó1n»?ˆ±ÚíäóyÇ;NNo¯ÒS<¶ù5ƒûõ÷Â—>ïßðŠ}aq,[å(×jÔsÁ0Ï*Sj1z#?aˆˆf†ºîMÊÿëªÛ[ò; X[ßxMôišë4ëœ.ß¢…±þ®(GblfØIdi{µeý’ãCßËõýø·ƒóî#&“!8ÎÃd4¨ÕÛ=!¶c4umnËÈàÀ?MvØ¢?¿ü¤?ê¬i²rD”˜™"²;+¶Ü–£Ä}á|àßÿê•?…S#=Ý­¼C_tð‹?oz†¦ZOW/OgkyílfJ·ßÅ­þ{»»#K÷bj:ìZÕ@}J$’¹ÆñxÒP¢ÑÛÀªo¬EÜd-œTÜûÝå[£«ª„ÉÝÝ‹ˆi©ÚúáÈÊUÏ?öuFÉþjþUˆÈÀŸ¿¸Ñï?`s.O¦©;zê¤1éhYo‰E¸ê—¬ÙŒéŸŸÕjÎhÜæ½®7gsÕ[ú=Cß|)6UT¼Ðë'ÆévˆDßF«{‚ˆhfð^÷bÂÓÕ´7¯<­bm>Zï¹2²òÞ;ÏÇfµý³)à÷O´ü;’ck<R—wp¶nu÷Ì»Œì‡EðÜD†®|q;nkr/Þ˜ËGT^SµîiÆ§üJ®·Z¶ºVM_ïÄ•K×Z?%Ljn`0B¬­©ZO$úº/^Ñ76VTD™…±ûD¬Ë¹KæªÆÝ~¨ÿjÏàwÿqµ”sbdêÁHœXÛ¹¶†ˆŒî“ƒŸ÷z/2Ÿû8bdjŠ¨j³°ö£ožžùâÆì‹ù<[£P?V£®¬°™Œ%ó¡H8›œš5õ•v›N·Íñ€ˆÈ?ìY:¹hT¹ZìùÛ;ksÙ¡í_ðŒ1–*G{ÛÑ¶õ÷éõ%=7óîxíù¼³æÿ:R‹'–Z¾ªF¿^¿õ°¶žhö\¼çq¿SWÑÚæëñxå³V,ë<vî|ÓvÎ60ÕGßk›ÉÝÝ9<28FT×R—Tg¨k®»yw ÇÓšª²5Þ`®8§³pv÷ùd!“YXXnM
G¬¥µš{qÛÀÊ³PÍÌfká×±Æù>ïHÏÒM²_mÓ;ÿnhyÕK‘á?‘½5ÿ˜ˆŒ?-ößx{µ:]yƒKjÚ?Ë)‚U¿dí6P^fÕëuùÍÌJôºmŸ1ÚS~ä½Ÿ0×®y†ï{HÞ?_¿Ð '"Æ¼ÁêÎÕ­³¾ž¥ŸUS·*?¦îP«}¤o¸³¯©æ¸ãyþ.mZÛ?]a¿ÿ\GˆˆKÛWì
k«»§î2k¾€ü¯ÈihF<ØE$­½¥ÞÙë]¬¾?³åÂ¹æuÏn<íWrÝ+uŒýÐ?ßS~{µß××K¹ç*œ|ëõÜ.nq65=£÷=¹(¬.w??·Ín;/¿†©1¶6»?~ðŽáîÍ;ƒÞž©ÜÕœ{þ1öÃïýÒpïZ÷„\•£«p8­¢?ïW 0¶¼qdüÓõžÛ³;(•Ê’?J¥ÊˆâøÄL:Í[ÌÆmÇÅç_~µÓ%|&sÁ‡½Xîè¹¬}Ž‰íì¯.Ô©–û(¿ÀÞ¨Û’øl‘<gq·
‡#«:XKÍ,«ÚåÛ€È¢²0O÷Ü{ÖÝt:íRÙÔ#yãÝyo¯îÝòýÃKNùtö¹>ëWLâº~þ‹ÞYbJ MJ+
¼ ä6¸kQ¡¤ù©·X?Š¢‰&Áp,žP1ŒÅl°Ù,õvN}¥ùnlZü?kŸq¸~Ã#rœ^¯Í]ÎÖév÷ÍWT,²Á‘N§×vD^Xˆ*”Ê]¾0Üž=X|Á6ÚÄl¶d±3úêy²ñî¼‡W÷.úþá%§`8Íó=@g4ëeƒ²è?Ål^Z†ÝmÙ`$IŠFãÞñéáÇã?@H£æ*ìV‹ÅDe2Û¼q÷­Å÷˜¸§g½ç¥ÓDWÿ¬»Ã¬?Ç“Ïùr6˜$IÑØ:}_2¢˜ˆ'%Øö¾M¶?x,a4–Äâ•Šá¸"i&UlðýÀî”æ…©™¹'ã3¼ ôºTŠŸñsoÙË­åeÛiªƒx°ûÅ‡nlØÖ­ïRWÝ¿)³•jµ»ðÞÃ°câñÄÚ»£ä,D¢Z­ÛÀž÷Ôm ÔbR(•8uýœàû€ÝIA¤Õh*ìV…B¡T((¯Úv…„¾»ÂVûH’”Éˆb6+e¥LF”Hb¥R©T(*£b¶Üz*Ígpõ ()
†a’©ô|h!KJ’¤V³&£Áb6l#ä «p8òdr&K(•J¥R‰ÅÁ…
»µÊQ®æ¶sobÄ€¢Äó‚ÏˆÇ“ŽÊ2£AÏ0L:ÍOûÓ3?ÜãÒ¶1OÄ€¢?'£Ñ¸Åb¬­©T©˜\o?F=äñ.Db¹.Ë[?'nƒP”x!#ŠY5Çæ²A®7‚N§á86#ŠÒ¶æ‰xP”4N¥R%’é4/ä†d³R4O§yŽU­¸Ñé3Cã"€¢¤×iMÆ’Ù¹ùÑ±I£A¯P(Ò¼0;;¯P(,fãö}€xP”T*¦Ânåy!8¿†%I’ˆ8–­v”[ÌÆmÎs§Y‘ØúO²x‘Œ%Ú¹8AÈd2™ò2‹ÍjN$SÙl–eU&c‰Ñ _ê?°U{!¼àÕ°¤yÁ?7o(Ñ;«íÙ¬$‘¤T(”ÊÔ»x/Ä€—?”Í¦ÓÇò¢˜ÍÉJR6+‘R©T*Ñ5àe"ŠâìÜ¼(Š«†—Ù,6«y3D<(V’$¥Ò|4–X5Üd,ÙÞŠÃ0å6Ku•}Õp­V½½"+¥B¡×kK-Û¼?éZˆE‰Q1ƒ^«Õä^J’”Éˆ‘Ša¶×/ñ X©9V§Õ?$eD‘Q*çCÿÜ|6›-³Z¬¥¦í=úñ (‰bv!e¦¬¬4™LONùÃ‘«b’É´R©(³Y¶1ÏôÐ(”x<¹‰‘ŠQ.DbÑXÂ^VºÏU?Éˆ¡pd{óD<(J¼?E‘a…B?%”J¥µÔd-5iÔ/d²’´?y"%µšU©˜D"^ˆF£qŽcõ:­˜Íf%I©Pl¯o2â@QÒë´³q!|4?'LÆµš‹Fã™LF«Õl/  k2@QbY•£²L©TÄbIk©Ù^^Ê0J…BQf³lûIˆE)›•T*Æf5›MÃ(Šx"¥ÕjJJtËnožˆE‰çyßô\(´|“"…B¡Vsåe–ÒR“’ðÜ€—†B¡P©–[¾P?³¡p$O(Ê2›yóD<(JÇ:*ÊìåÖ¥!Ùl68¿0æõ…Âˆð1Š>!>LR¶ÐEÙ5JâÌd¨%¶¤ÐE?½/ž‰N&¼|H¢Âïƒ
Rš8KµÎ¥W
] ÜÕ–U­êdÀØ”³³ó<ŸÉf%¥rË7/B<€?1
ö‘¶”Lµ¤À½°IYâ£ì#kûÞN"/ˆJ–ÃÁBáÄ3Ñ?p¯M_^§oP*¶ÓŽ|ge%1ÊGÂ½-æŽbOÙIoæa_î¦ºVYíR·s®}·‘$)•æ…LF«UoïÁ/q]Ï‡†¾ýì7?þB—cWKz®\öÄŸÓÌý?ßÁ×¿Ëù»Öì#þ;¿½2ô¼6
Ø}¢OH[Jj²Á

%©M¤-¥è“çºçÇÏïwj³J˜Ý¼òù×·zî÷õõÝºrñòOˆßÎÓWWXÿ7Åßõ›ßvá×`#“¯M_nR[vC6 "¥‚1©-6}ùdÂ[è²üPR$¼ôåbv²(?Q&#Î‡"¾é¹ÜßÔôÜ“‰™Ç£“‚?1ôxîÁˆ?¾KßEšË(Qè¢ÀžpÛë˜)Ÿ?êEi?F¿^è<£Ëõ-åONV?|¡æ´ð|ã?ýÐ/~MÛ¼5áöÅ<W:…C§/|À-9LülïÕkóç^¯×îøâÊ;~ýÏÄ=Ãˆ/§>T§o(t)V3pÆ±øãB—â‡b^9È¼r0÷?å¢8ùdée„L ž-ä^JDRVR(¨²ÂfµnóbÈK[ûÍv]¾ûÞ"‰ÉH $híV#£Øl ˜æE?ÝfPÉãðq,%#?™lF“e3‘€ŸW/?Å%2Ú2‹?Í­V1%2FŒü<·¼Ud‘asCåu?Û*¸Å“a’È§‰ÓìŠsc[NjÿØ×2)î‹ìEM”˜éXét¬´÷±ù,ÿ›*Œ¦W\‹UŠþþoQÃ™šz¥&&¯Ýó§´°wÞûá!_–8ÆùŠ­Ù¡QPjü®ÿa?ˆˆ8ÆÑ?7·•ÊçÞcå‰¿ÕµëF5s&ð'U¥6³–¡­VÂ¢ÿÞw‘ö·ŽØTDb*X “ÝÌ
LYÇy×w=S®UQî­ùŒÖn3æíÅÑP ÉX¬íæÅËÍÖ¸X¼¥¦—SŒ‡aQWf1pkjIŒý¶tyüµC2‚È°”
"d)·p
“ËÿïreŸrÝ :r«'Úxú`ÙÒX©ÙGýýO’<1æÚ}µ4Ü·ò`Çu¤…ºèÈqÃè]_åñãUù?ù¡¯¤æ}ñ¾?¥k<eÇ/¼b¥5”
f7t„Øžôÿ_eµ‹=q¶ÐÙ*c1¸¼;1J¥V«6ôjn›'˜ÿõOÿ²s%Ü‚D2m(Ùùs[  ŠûºLGªör³Ñ(ñ’³ÑÊQÆçÏ_?¥¥tt²ëúcUÝ¾RŽHôß»xcZgÖ'}½·ŠUûJ9Áß}ùú´ÖfägºîŽé]Õ%%_ùfÀ7>H¦¢¾?oúUõ:%Å§î?MÇf¢©ÔìÀµ{ñªæJ]¡?0¬²Î>ŸìñkÔÛ8Šz®\~ÒñðÔƒ¯FÙWêÌù;ÿãöÃ¨×K%üC_uÆª›+u
òwýÏÏÊu­žºý?U-5%‘è»óß?”jLÅxâý¿º"ìI…%d:Ø.þ{hÆ`t”D”›íöeg•ÊývµªDët•ÔUf&ïŠµoWv¸•¦ôÐ_‚?ô†×NXë¬™ñ»ó#j­ËL?¡hÄe={È\W)Mß]žÛZ©jŸã'z|õ›PE£•#ü?_\K“ÿþ¦Géª/åÖ«„)úøêåïyc¾Û“pÔ[¹-UÂü“®¡ÒCí6Å<W®x¨ÌÌ{¿¿Õ=DÕ?örvò~¤Òi’f»þt}ZgÓ&&úo<ä«öYÕ¢ïÎg·&²B"xt§3bo®ÔÅ½×ÿòÝxZJG§ïßõëÝmhä¡×?é&Rá'Ý·Æ4u%_ù6TÝ`e?¯\é?˜œšO¦ÂÞÞ¯½šWêÌE†®üýADH%Âã}7GÙ†:ËrVƒ}¾ø}T•?ÏŽvñUû¬ê˜çòg]!U6>;|÷Þ¼µÑQ¢ÌUAÑÉP$öÞ¹³ f÷?‰æþ·7WêvwB˜JxKµe¿Ÿ™úîq,œTÕ×˜"¢ÔÄÝo¯,‡Žµ¶Õš)àWÔl««Þ§_¸q_}êÝCm®j[Irúæ¤XßTo˜¿Ñq4–ëˆˆDßÐ÷3Ö–ýÒÔ­XùÛgìwUïs•˜êåùd ZçzNŸú¹’"™;×ˆLõrùÅ‘GDÄÔ7´hDD¢˜%"ÕFßû£Ìf%5ÇZKM‹Ñd*1õJ¥R2J¥‚QnùwU³8aÏÄßs-}øgo8Y":ZÛûûÎçõ\`¢§êÐ¿¹íD.g#‘‚(ðàzªýÃWk"§ÃÔ{éAà§6"ò‰Uÿ|¾ACDT×û‡{#ï¸õD”¶ú ÅHD¼ùêï¼þ«½ÐÖðÜüt:ÿÄ•¥’DDdh¼ð?;70nøòæxÒÕ %"¾êà»-&"JY¾¾86×a+§uÖõáš¦–;=Þ”£^C”{4ôÈ©b¼vpÛëD6ØUfâeƒ¶?³"†(2Ò/µ¼nZørá‰ÛèR³j†HT2D*ŽS«Iš<5o)5‘º¬£-õÇ‡—‰ˆ«Vs¤69ì>7·Bò÷]JµÿúuCD’«÷“;?«Ï7,¬©„S#·Vœ{¯Å¬ ªªP}}gÌu®n+•phžw6iˆR?;'ö]8ß !r2?ÞK™Ìª)ž(âõTý¨ÉNät5å:$0Ž:äkŽ»¿õú;¬6_ÿÝtÛûê5DD‡ˆ”$
éë?xµ†!¢Zî÷=ãÉ:÷Š3…á’†Ÿœrªˆ$—ú“žñ¤«AklzëÝ¦Üœcú/nåOºé©}ë6"¢£Å‡nVýèý6QûÈÕOï~Õa#¢Dyó;­"ÑžùŸžì»7¶ÄgKuT±JMûkŽ1ô>šw(UPjêÑ#Ýñ<P£!"?«mñÔ?Ç‘šSç7ãRU8ˆ=c3MÖ
†øÉ‘û†ýÿË@SDÄr+ÇÜSr×2w®-ý_Ô2qz&@D.§F¹ØÓ MÌæËm¥åe–mÌñžE<²Ø[/QYíu£¾Ðd·Öº{ïë»uÎj»½Âf`(9?'Æùžî\31?\0$ÉFD55K×.mŽºñ'1"=UØŒ¹?\‰Iæ³ÁS¸_ýðX~lóßùmßâÿñÀø”o.’&1¥:ù:s…Í”ûGc(‹}×®k[}kâÚX´¾Ù{@Í?6¾¨O´£fŠúÈboê›i­mjˆ(ë‹>r>0›,tyã®ýúU£&£™ŒA»t|ªÖ1äÓDD´0ìO(…(?6Á?¨Y½?-¹0_UÑ,G…Íîò?/PÃšJ˜Bc³ôtåFŒÆü†0Õé·RË­¯BMûÒÇ®1‰ˆbá·?ÈVë¾}÷Ú?ÆgY…ÝªÏ•Š?øÇ}¡QlNÔºˆR‘ˆÅÙ¶8‹Å3ôUe¥ò§ÐêÍkû:WØÊr&
­ÖL™\­’ŒOMù£ñóQ)ÿtu2:[Wg[|¥ ¢Xx¢ªîmygwÏç~…ªäƒ$FÍREiîS³:½(þàþÖ…{ò(é<UQªæu|2Ý\êPEc^2´=ëkÛßføÝèd[EmzÜ8Øt’#žˆÆü»ÇDDÎ†?ÎÕý•ýL÷­¬jÕ@…µ,sçšäç~ö¿T®?‹'çCFCÃ,ŸÄP©˜h4Á±*Äx®DZªC³b&÷?Ê~ô§ïŠñP`Æ{ý“ž¦Ÿ^¨"2T¹ÛëÛ¢´£&J‰‹“QV\3s(F‘?Kµ½}¬ÝÍ©âC?›[ž?±®µäÒã@sÍÄ mÿûEzžj6ºú€
.Ä¸¬Õwˆ(>rŸ×éïÏPTð†§ô•+¯h´Jâ³KÕS6“%+“ûa,qì™±ÞtÅqkµúÅŠµòdÅL®Ìk*á"*sµ·TÉ#¶´o¿^œDœöŽY\'ˆ(4“¨¨ãˆÈ~äƒ÷Äd$05úíÇ=õ?¿àæ¦nýî?þƒÓíu:–™íê‘›ºçýpl[dðóË¡öwŽjd™„'pcM)¥U=4ò†ˆÙt¡¯ú<_¢oøI”±zÞ§´¤½?<ÒèØ¯U;(’æé{{sUµï?Åôü½rÎ®"â÷L*Øœ‚e%"Ò´¡ûNH§y!#rœŠÉk?¤ÓiXVÅ™¬$)·~ó¢blè/Œ072è4DúŠÊäÐ“Hn(?5ñ¸Ån#¢ŒÀKÄè-öúŽCû?i+j2“3i5ËiXNÃ‘Ü-Ì72žëR/ã£Þ–*Ûf‹…âÀóÉÒŠ
#§"JÎøf¶1MÝþª¾?ïúGêšÅú¾çîS´dL`"MR02@êÖzm™USæ2qñ?'øU£*íúýáÄoJ"’ÒQÏCÁØ ÏÝêƒQ±:³å•6uèV`"]?’O[fO<ò†sGÛüÄø˜Ëi[§&›½eÊPÊ•0G"m±¶”q??Hd««¹~£ëÞÝkWg4uAÏÀÈàõ{BK£1÷0R0Z“½á`{ãx$B$ò¼¾¼Ê¦g|ãDD¤¯rŠýÃy¾©Ô6Ï©d™½ÊÈ2
JÎøä3À©?o*Ä“ÍÙâMå†ñ)?¨ÔîöŽN¹!á‰1ÆYQôGã'G†ÍšÖR›µ²®ã =PIU}U¨wÈÇ‰‰©ñàæß<S?À IDATY×šyø]ÿýRWÝ^í‹©:|Šûñ/òÿWcvÆÇ]xŸûñÏ]ºJ¥b”
… dÄìrgñd2Íó³?'¢åæ¹ƒå+&³}ŸÞö’?¢Ôø§ÓÕ½úaXW^¹úýã<~¾Š!"ó?·Ûo~óÉŸD†ø„Æýî[5‘¸à¹úíc±´Â,Ìø™#Ê‰ÍçÝ·®~ú™È2”%?ëÄù;GD55ÌèåOÇyD¦þÜ{UÅz,yl-§K¾üâÊLN•Ø6é8·1¦ªõh÷ãmïÛvw×@(:™Ï¼MY÷W9ò9Ô
uj°+qÙW4cc,œé¾5ýñWDD¶#¦·”Zz_a-;\?Ñé‰Ô0v+µ´¿sà»«Ÿ^YJ$¸ö½é`H®­„kNž›¿òçÏn³e‰)o>wÂmÞJ%Ì9›UW‡ÂU-öŽwßá‘”Ç?$òélÓ¾ÜÊÄ?ç›ëÃ¢ÅaÊøæTçÞ´‘óPÇØWŸ_¯²óz£\š^?zó«ÿü#éX"mÃùó-Û¹
cm>«ÿêó+~§z!QRZ‘¸0ré2}ð¯GGÏþ~é?û9Sqèí“5u§ÎGÿ~é“n†xª8záÕâl¶ø,¤àã‘@kÛ™ŠÅã—R~âó'¾ý‡÷Ÿiãïüñw÷DgÕëe›÷œQXl]?ÍÇ?Ë×–QÅOÿ¥}¯5¡~ÏÿÿíÝipgžç÷VV%P(T`qß‚‚„‘")R¢šliÔ’¦{§çè9bÖ;¾"¼áµcã{½aÇ:aÏ8¼‡gf{ÜÓêKêV‹-¶(QâDˆ xˆû,Ü(?UYéH€ P A$Hêû‘^€UYO>ùP•¿çyòÉ“hGÞ|—1].Þåt¹œs·>ð¸]ªÍ6«‡º{ÂaÃ½Öû(¿úèÓÇPÕOOYËt(l$Ó0DU•U<h²0.Ð|¢V¾VìŒº%žq‹ßê‡ñÀ…_¶f¿õâ3;x ÿöä3p[€o ¿ÚÿOOb7fDÆ;$uïãÛÃä­µÊþ¹ËˆçDù‹[ïacàâÉÏîêbß¢é)“­—ü)•÷t//¯JÔ?ƒuùä¿!ËŸ}Ž¾nêýgó’žŠû%/1?;£·«}û7º"k1ó÷ÿ‡cÏ?%Ù@?ù?ˆhGÞÜ¸zYfõ°ˆÄ¬ú^å¦)ƒC#í?½³³ºÃaW%6Â†‘šìÍÉNsÆ>t*ŸÕÃßÔÑ¬?í<0êƒQO£n‰gÜ£¼©zûÕ;;öðkq_6E"¦ˆˆ]•0Wî<UôIÑÖx×¡3=?7¯KÞá{®o‰ò·ÞÂjÊ®£ñ½Mu'k?øŒMfÆ{F%§rOå’©'Ë{|Ÿü÷/dù³ÏÑ×M‚–4©O$Ä<]=ª“úD‚ötUiõbÿì¿\þ 91¦xÛŸóã¤(âõ&ØT›ß?˜ž‰D"ñ.-1Á½ysÒ²Áâ¿¸‚Ã/sGLD¡fíÿžã‰ßöÙáÔÄç‘™?”çŠS“¡?’Ù?ôK$bel3"ú¤GÄ»ã1îEÝ´ãhiâ£¯š´†aWzù?ôòùí~ä*`Í2ãr¯?]š»QñÓ0†1?I}Â,K¬Üèº<ªHw{øúå¹lén·ï9¸Ñ5Z#»ªú6%$xâÃ¡°iš6Õ¦9êªïœ¥Àu­?¢j„D£®õ†Žß5%R˜&/—KŒC|nq;etJB†tÉ•ùºUï0˜°²ÑÖÇ[¾b-Q¼;ÄñØ.æT])ë´.ÂÏ2—Ý]–XÙ=Ý~'pûi¸Q±"¶-©,±ÒeæoùbNŒÍý xŸõKEÑvÍ±>'öÄxêü‹oÉÎÙ–-3!¹Ý'£’á•îa‰‹‘ªBÙ–+•r­Sþ¯ß0†°‚´—6ºÀºqÙÝ[<Û7ºÏ!ukÅ3â<]þÇß—½[EQäý:¹Ù-­œÍ!Cã’å“²l)Ï•—Ê$/EÒ7É_þãFWð|!ÀSäþ?Ø&ãÓòï~&mýÒ;"Š"æüA—_ºür¥Cj¯Ë¿~Gn“ÿå?å¿ýá×ð<á†>ðT°)ò¯Þ’¶Èð¤üW'u7¥wDæ­[¢gX¾º-ÿõ?Èð¤¼X"ÿê­©/àùD<€?gSäÕJÙ‘+?ù7?–[ÝbÜ÷ÄPXZzåßüXfB²»PŽV=¹ªžoÄØxq±²=GÒ7É/ë¤shµ·õË?~&é›¤4K×i‘À3-4¿¨Ýý»™îƒk`ã§KM‰LÏÊÕNñO¬öUc¹Ý']Ãò;ÕòÙei¼óx+xÊé†ùÉµ`|ŒMµIz¢=Æ¡d$>ôí2ˆ°ÁT›ÄÇŠÇ)ç®KsÏÃ½öj‡´öI’K¼Qmkï+<‹LSB†hvS¤kØ˜Ñ¥ÃEšûÃ§í…ü˜¬M—ˆ°Áª”dŠaÊÐ¸Œîµ!CúG%bJi¦|Öô¸jx:}Õ>2¤`³=NSºFŒ®ÑðÀ„!"bÊLÈT”HÌÃß€”x,‘öAùì²|ÕrÏ2¦«1S$!Nìª¸be*øë¹Ø®BÙœ íƒr£ëí°Ä·goõ‡Ä”ë½z²G?š1Ç§ïDVm24“âÄñ0ãÄØ`aCÎ^•“—$.æá²ÁÃ›íîµhKüó×ä?^–ËmòŸÿ??^Sù›ÿDväËÿ÷¹”çÈ®"ù°žx£®uöJ·™?=#Q¾¦fÌ«=zŒCq:”i=’™dW”—L<€?7™ž}èºb%Á%ãÎJ`æqT-º/›ehB.s14l„þq£ÝŽ¬âz³žQc<ŒÓlÁHA²}oQ¬ýA—àfS¤ U‚ºÜêy¸‰IÉr¤RòS¥­_N^’Áq‘¸9¸]*òDËgMòu«µñ›/Èö\ií™ïvjh•áIi”¼)J—þQ)Ë–¢t¹Ù-?«µ¶9°Mö–ÊÐ„Ô^—,Ÿtùj€õ¡Ú”8MÊ’„ ÚDµ‰¾çajÆœš1Ddl:25IŒ{@> À³Ê¦Èþ2ñyÄ4¥shé—Ä}Ô”È¿~[Re6,ßÚ)ï¼(ÿþ}é’ÿ§’—,3!Ñìrl—üý'ò£Óò¿þ©¼X"FD¤âîÞÚ#oTË‡õ24!ô²LN‹;NlŠ¼V)Eéòï~&ù]9¶Kæ¦N}w¯ÄÅÈG‰°>6»mù›=£w'iv%>VÙ™cš¦–Ûƒ¡±éHP¿§Óh`Âh÷‡+²µûÎmÑà™¤(²9A*ò%Á%¿¼ £SñÚ·öˆÏ#¿8//ÿ¥üäœø<òÎ‹Ò3,ïž‘ÿìoåÐ's\EvÉ‘JÙ‘'½#òÿ·üñÿn2,7=+ñäoŽ‹nHi¦ì*”=[dbZþÍ?åØÿ ·zDåÛÖU|¬²p!?¢ˆf—Å±…Éö-©Ží™ŽcœK?yÃ¯¢#‰ÑxV}{·|k§Üê‘]2õ0dúD[}ù_·Ê·vJú&Oœ|g?$ºd“[bì¢*’“,±šÜê–«""·z$5)J?ý£rµCb29-6›lNW¬ŒÉ©Ë""Mí²#o?Ž 26'‚‘‡2£›sw?¨ÌŽIMT.<ÞìVKÓC“ÆâûálrÙ&gœèÏ€gŒjgŒüÉaùçG$dÈ{çï^$°J‘ˆ(bõèkvë‡oï’?{EâäçåG§eF1""¦(óß1«ëSšIØ‡*Ù›ED’\ŒÀºÑiîµûÃ3ós‡4»âPeñ¢D6Eì6%Öq÷±l¯Zž©í/Ž}`ùŒÀ3C³‹æ?-érh‡|g?˜¦üõ‡r¢áÁ/Üœ ÿýïY?OLK÷°ä¥ÈÑ*È;/J¼S¾¼%IñbWe"(ç®É¿ø–Äh""7ºd2([Òå‡DD*óWUÏ·¤gD¶¤Ë_ý3™’ªëKëÕ
ù/Þ?éYùy­|wŸÄÅÈ_(G*eg?|Ô ÿÛ/×Þ2ðÍqµ[¿=òOÞGLE‘ˆ)¶ù8`ŠL#?Y+?85%×k/Jq¬¦³æyˆOì>@°l6ÉØ$é^ñÄÉÁm’œ ¹)24.ûÛUeÉI–œdëç¡qùëE³Ku±ì,?HDÛäNÉÀ˜ì*”ÝEòóÿFúÇD‹ˆÔÝ”÷ëä÷öË¿<*³!iî‘’¬ïnzVþÏãò/?JnŠ¤$JÝ-9°MDÄ®Z÷vÐâÔ$.FìªÄ:$.fµã«Ä÷€?â‰w>?½ø§î™#‰ÈõÞPbœ-Ù£*"SÚýá/Ûî®–­‡M·Ó¶Ê›£)¿úèÓõ¯ò*?§§D›Á
ÏŽ{òå'°E‘ÿôÛòÊ‰?Í!=ÃÒØ&Ÿ_‘úæG*69AÊ²åZç=ç¥Hj’ÔÝ¼gË¸ÙY Í=+^š¼ÜÑ*™ž•3WEDþ§?”—·ËûžÜøÀ_ùüíÖÕ¬‘í~]&—:õú¶YãÞ‹œš’à´•¤9æþy¡uV7ÌÅ+Úíß»-Ã±š
<£ð|KtI8,ÝÃÒ> cù¤QfCÒ?ú¨ÅŽËà•¥Þ?;Kœž•ÚëWø?{IŠÓe6,¦)±é’?¿~´êDD$Õ£úâÕ?‰{n“ÔM=lŒ%d˜Knƒc³IÛP(5AõÅ?xvñžv£Sòó/ä—d, zXæŽŸrñä[;ek¶Øé•.<ÄÈà>|n55Q5ÅT%¨›AkŒÀˆˆ™»î`©ˆ)?Y3²º/â<†'ïþüÔG™px¿NÞ¯ÛèzÀsÇ¡Ê‹…1#ÇÜ…È§oÎô?x?)E)ŽdÏª.> ÏEÄë²Í]sœãµ?"3¡{úŽÜ±J‚Ó64Q‰D¤(Å¾+÷7K^@<žIš]Iñ¨K&mIsäo¶§'Ú'‚‘®‘°Ý&åY«ÍÄàŽ˜I.Ûøtd6lš¦¤'©ù>{žÏ."›Ý¶¤8Í¾ºõL€gUŽ×îP=löŽáˆ("9¾»gø›ˆÀ³-=Q5"’ë³Ï†LUUî?¼6ÄàÙ¦ÚDDb?–DDäÁwF¬DU"«Ø
Oo
<
â¬]²;°ÑUÀR¼)ð(ˆ°ve©ƒ],Å›?‚xkW“Û™æ™\Å†xBÒ<“5¹?]X#EÓ4W±écC<€Gò»;®‘žižÉßÝqm£kk§ˆ"æçV.€G’èþùž‹uíÙ×ú“']†I·Ë“¦*‘dw ,u?qÏ:›ª1ŒˆÍöð7,X'ÄX5¹?œ›‘j³¶ˆ‰Ø"ŠjÛ˜þ&z¹€§…]UEÑõ°alÌ2ÍŒO›MqØÕ±‰YQ#6ÕfSlŠMY‡û?­ñxŠØlŠ®‡œN-lD#¢(Š2¿ªÑãfñxºDLÓ®ÚLS"‘ˆiÊÜ«ð¨K)ŠB<žBŠ¢ˆª>é%Œ¸4€å¹ŠFpt §··§w`|ÆX4´bÌ„ŒÇws‰pHŸ1GÁ†þ8«-"FH?Z3?±áÀŠÿÈå¯Åc{;¾ÔßûƒlÈŽ§ƒ³îxçºgNÜþâ·¿úüVÿø`Oooçõkµ—»ÔÍYin»È@ý<Þ›¹=3~Ýö¶ØÀÅŸþä“PÖÎôõ,^½Ywò×§Ã÷©¶iè³†¨ªm—©˜!ËùÕ?'ïÊXSÅ§ÚÏüæã3·:'É9©ñK½½ü•!=,ªºb¬},oÀ“5˜qÅÅnÈ®Ÿ“küMŸž
¼óƒ>ÍzD÷7=4%i?½YSv~÷OËmÚ*¶\%côÚ‰ß\?-ÊÊ–Àý¶›n=õn{Þ÷?”¸~'OÖÍä–d‰?uœ¹]~´øõ?)ó<žòWlýüïäþàµâ•’åº¿ß(ÏG<ðwÝœ)Û»Í·è¬Póïñ=‘?ÛÚº¶¢êÉÚ}´8Å;ráJûz–»hUG~°9iô«Ökk,bÜß&©Q³Áú”ÿÖûíøFy~Î¤¦gC"+_Ù™é½ôEÝMÿ¨Äf—ì~©"Ý9?''ØséÜÅ;½c†;ysQÅžò´Xcàò‰ÚÐÎïìJ·J4z¿:~Ãýòá’ùSb½ýü‡Yo¼?eÜ9÷QOú±}Nñ7}ð…Ô¼æë‰¶#3äoùêÂµžþ€šš·mß6õòéÞì#/å-ïW=)Þì@Óµ­ú¨Dü'?¸fÉÛûN¹oñ.’R3vTí,LrD{µš˜œ´ª6ÕGo~uáZçÄ¤#6={[õÎ‚D»ïœû¨ihRDÎ}Ðã_ùkò–Ñ¬ºü`oSýå›]£Ó±I…å{ª‹’4EDfîÔ~Ü™ñòŽÐÕÚ¦®žGFÞ¶}/'ÚýM|Ñ2=#úøGÜ‘¢š7Ëåò{u²ïÈæÞ/¾ºÚ“qä?wyî¾""Á¾Ëu?­?=¡¸Œ¬òêÝ%^«Aî>¾Ù—½mçÎü¹]|Ó=ñÀWRåk¨ýøŒ¾{GöfwœC]vª×yá¬”ï>öV¼L5ŸþÍésž·?ÄŠÈdóÉŸ69÷|í`¼6;~½ö·L¼òö¾GJF†þ›ö?Êô¹| w6=4à¹ã/Ù17$h»ÕžT¼[†‚~ëê\cz(ÐùÅÙìh;ò7}ø^Ëæ?‰×Œ©Ûug®Å§¬õVÙ)[?½‘Ñ|ò—?yû_)r‰Ø"¡?¯>üp0ûØáïø4}ºçòÉ_:û?£ekmÔðÀ…_ŸîÏ{éÈ[›cŒ©Î¦ÏqRÿÝ£¥‰Ù{ÞHë©ÿÑy©>V?,âˆš@V!Ð|âWÝ/¿òÎ~?jŒÞ>ÿù¯‚û¿·Ã'bÌ½g?âÝ^ß£÷ÔŸ<âÊ¦ïWúÊ^;–Þúé{Ù{DÔ‘Á?¨óÌé‰²òý¿»/^3E¿ûvHðöÉjŒ?räÍCÕm­=õaðå·+½"Ã—><9Tþ;oHtÈ´¿åRkÎ®ìçãOàÑ<'+9?üÁ+¹Fû…_½ûóÿ÷ï~ú³§›:'ôEËþhÅ{ö$9cN_Ùî
ÇÿˆˆˆÑu¹n´¤æÅŸK‹u¸SvÞç»V{Õ/"¾¬’Ø®¶þ¹Í™Î;e»Kµ›]þ¹2':oöç–dG93^iG7¿2ª¾4·#§¯ôÀÎÔû^Xð v‡ëPEUcZ¬C³‹LÜ®kÒjöïJ÷8´XWbÁ‹‡Ê§j¿n××º‡É–¯.kå‡«ÒÝ±Í•T¸gÕä¥¯ÛC¢:´X§]ÄãÐbÚZ—â¸vi¬|ÿ¾l?ªˆØ“
«w$6¶Ì¿e?´ÊSÜ±Í“[]•>Ñ74)¢Æ:\UT‡+Ö¡Å.„@µdÏKeIÎØ{c¡9pù‹ñªƒ/f{TQ“
j*ZD$8<4ZXZ”äPQ]¾’}dËsDÄ™±ãÐÑ·ÿäÏÿÏÿðè¡â„Î³Ç|îîÉqªïîDy—3AÆ¦‚"251ÊÊN½{†«¥feO?EÄWXîºÖÞkˆÈLO[WAQyA‰óv×°ˆÈdO«¿8+%Ú™ñŠ;’ï¢7j’/c]ß˜Øœ—±èr_zžtúG×ZÞèÈ„¯ Ã½ð€âKÏ“¶‘‘G¯ªˆˆLøû¯Cïíéµþž‘ÐÈè´õtÆæM­«ÅÅKo`zÅ¢2R¢Nešð÷„6©³½»ðÅŠ83r³oŸ?QßÜ90|òK¯<ÅžŸx°@?õø
*_ÿv™»¹¹3xßMÃº.ª}Y„#""îŒ‚”]=†;[‡ËsSOv‘³¡m@d¢³9XU”õ¤oaw_FH‡mi•Bk./bèc_Zž±nwÐõ™%?$m;º#cš
ëKGN’Jß¨ÌÐDÄU|ôûGw{C½7/|ø“ÿÇÏš'ëý%žÏË¤
SdÉõ-æ?¯r'¥Èeÿ˜¤Ïw?cþÇ¦?sK…zò¶å_ºÝY0ys¼äEŸˆ¸óJ³ÚÚ›ãlš)|õ¡–EŠ÷¤8®vö…²3­ùHzW§HÞÃ”±”C‹CæÏk5O‚§×?÷ü[:9Ò/ÙÅ+¬.ôàÒÝ›=CÆ×|D˜ð÷KöÖ5_Ê°DBb²t¨ñéWAÕ¡‰a¬ªÇß?”"=ª;==ê4OJAYJAÙs´é×'.÷ìË|ªâÀÆx.Fôö3ÿôÁ™“ó·Ë5&.?oê/(Î¾ÿ?×´¬²J£þ«kþ¹~f½÷«ºvß®âëéØìœ”–†/®™[óæÂ@lF~VWí¹ÛÎò‚‡[4UÍÚQ“tóÔ§_uŽg&ü­O6?¯x^l„ô™?>‹„gCúLH×£uÚkñIîÑ›í£2—Ž¼Å»³{/|Õ´®Ž¸Q[(Ûea$1}&¤Ï„f#8÷óòÛ3û
wdßùº®ÓºDbòÖ…ºÑÜ²ÜUtï¯ª|GvY±^áÚðüÇŒÿæ?®^)¡y<½­wæ¦LÝ¿Ë_Ë*«Ôë.Ì¿¹"º¿ùZ÷ŒˆèÝÍ?SóMj§gT»ƒl ÏËè?–[sÔøúÒï}13;÷ˆÃ‘]þÒT¤?èöXjÊÎ×Ÿÿüø?^U]2­Û²+Ûz÷¼]Ë-.ûüœoV¢õ@lv^Ê©¶©}Ùç-"îâ#àº\×tö£KZRÞŽÃ‡=§ý¶ÁÖÏÿñìüýÄNþüšˆdíŠv#0_ùá²žßžøÛ"Žâïüñ®ÂC‡§?ûüŸþîË—L®²}G÷eF[VhºõÔ»;­œÿ‡k"â;°üöj®â#ßžüäøßžµÅ!#)÷à[/®êÞÕ•¯&ïzãÈ¥Ó'ß¯ÕmqjhVõ”Tí-z`áÞm¯V÷ïÇu"jåá?Ï¼Ï¦jÊÎcÇÏžx÷ò¬æ°"jjÖî½y"¢Æ†nö‹Ÿ[&ÇŒ”ÊÃGRîSÀ7ˆò«?>Ý??§G¿¤ô‘zÈ›ö°ëé˜†>+ZììB¿öÞÏÇwÿé‹Ù?¼Oc&$1‹í1=$Ý÷éÊÚW(ZUùò?÷2{Èc\ÚD…<á7`uzF7{×kR÷Ãy.&-¢jŽµœ+êã>Mô7?¾Ô9¿NÎŒÿÚ—WGË²2ÖcŸê’=u=³ÁÜ"ª?µmÖpŸã‡<Æ¥M´PÙà^ÏÅä¢g?¯ ¸÷â…ÏŽŽÎˆ8)…•¿»ûéZû <)®ôòéå]à>ž·ÉEÖŒxÀB<`!°Xˆ,Äâñ€…xÀB<`!°Xˆ,Äâñ€…xÀB<`!°X6,(µcàé¶?§ÊTU‡??Ú;ðt
‡UU7jïuf6¼Q{žN3³a‡ã›bb?àÌFíx:‚311Ž?ÚûÆ?ØíšÃ>61½Qž6cÓšÃî°Û7ª¹rQ¼Ë$`.„ÃF¼Ë¹?uØà…M<.Ó4üãS?Y®TÀ7P8lLfüã¦i&x\[™¶Xïr†ÂáÙÙÐtpÖ0s£ë<1Šˆªª‡êŽwnàœ¢_ƒ¹ëž†¶¾á¸k2ñ€…xÀB<`!°Xˆ,Äâñ€…xÀB<`!°Xˆ,Äâñ€…xÀB<`!°Xˆ,Äâñ€…xÀB<`!°Xˆ,Äâñ€…xÀB<`!°Xˆ,Äâñ€…xÀB<`!°Xˆ,Äâñ€…xÀB<`!°Xˆ,Äâñ€…xÀB<`!°Xˆ,Äâñ€…xÀB<`!°Xˆ,Äâñ€…xÀB<`!°Xˆ,Äâñ€…xÀB<`!°Xˆ,Äâñ€…xÀ;º›j IDATB<`!°Xˆ,Äâñ€…xÀB<`!°Xˆ,Äâñ€…xÀB<`!°Xˆ,Äâñ€…xÀB<`!°Xˆ,Äâñ€…xÀB<`!°Xˆ,Äâñ€…xÀB<`!°Xˆ,Äâñ€…xÀB<`±?ot<ì›½]O&°Xˆ,Äâñ€…xÀB<`!°Xˆ,Äâñ€…xÀB<`!°Xˆ,Äâñ€…xÀbßÈ?‡uÝXüoU‹Q±HcV7TM{2‡eº.?^çG,ÜÐuCÕ´õ­Åc=´è»3TMS•ÇR#8:<4DTW’×ã\º—Õ—3«ËòJÎ×_ìëô.Ü÷??5.É—à\º?õ¬ÝéÝœ¤-©gxbxpJÑÜ)^÷Š5t]ÑŽñž¢ã#ãÓa‘˜øäMž¶§1£ŒŒ‹!¢:e“Û\cûGD‹¦E{Ê=¤ˆj®¹ý??bØæ_þÈ¥° ¢OŽMÌFD?ñ$¸µ•ûåÍp`r,¨‹Ãµ)Á¹ÁÝ÷ß?~;Ö?÷%lLúgôXOé®šª‚eg6«5ÐðîçW·½üg»RÖ·ªÑ5þè#yýOª’7²ð@ëÙ;rßxµÐµ{_'Á¶3?kÏùÞ«Åqë]s¢­îÌ¹æ·/V‘àÌ°á©:¸GªóáËhx÷s9ö{ÕËkl;ó³Ù·>ïBðÎ™wÛs¿ÿJÑÒ*{/Ÿû¢aÄá?WEŒIÈ½cÿë•)ó'±úà¥?O\×4‰èc“ñßzy‡W?6××ÖÝÑ4™Uo(r/û+3†>øMKfÔcœm¾XßmÏ/Îöyerx ñzƒžV±âßlD¹sE9?"ñ1¢ŠHXFL¥²ÄÜžb>t»ŒØ~rEŽ¾Ù¥Élç¾É“Ã¹_¬ˆˆrçk¥#eþå÷–fèŠØM•qVÀÃšõ77µvlÎ›Hd6ŽÉ,ÞSì?ròìnø²kÌ®Å¨bÌ¶ˆ7¯z[ªs­½™?nCGD¤°æÍE§òúpKýÙ???½üæ®”5õÜ¥T}ÿí
5j#¾‰†¯~vz:ÿÍß/÷ÎÿRèÃ-?þ€¬%¬Ì™àû9b¼¿xÆHßdþ+øêü‰øäÍOÞ;Û?ñÝ¹Sy£§áDkÊ‘ïV§i""“·?yÿó+ioU%«"??AgÕ÷~?Ýú Ñ{ë}öBkúÒ0h¨mÉ\©á?úÏº³¾vhþ@?qIÉYEzÃ™ÆÌC•QþfGZ”s3òúÞÈ¦…ö±5?Š¬o~wF^Ú«ˆº¶lpÿÒ”K_(²ÝÜå[Ÿ²ßáñ±`ZÉËö¹ïßé®¯.4ßöÕ”lºw;sòNSW$¯üpŽKD$<|óËæ«=»3×õ\åa<]}bš·hß«î«gë{?Ul…ó¤fáàï¾5SZZæ]tÞ®y‹ª·¬÷¹ž¢j1ë=¿k5£j_á¢NzwVN¦1>½»µÃ»½$mþHÝ…/TÇ¶´ö""%û*ÓïvBhé¹¹Ò56uoñú`c]waÉ¶÷¯w7\O|±*M“É;uÇòówý«ýä£ºÖ5µê@RK}?¾ì%JÏ lÉ¾›DDÛÙU°Nçñw÷#š¶~s?Ö·4À7•=¹pGæ|6‘8_ªG&§ƒK·›ì&ådÎ÷ÙÙ½ÅEIc]ƒ?'ZÙ{<}§ÒñE¥%?'{jÒÓEDD¿ÓØp¥«kRÓ
ª÷T¤ÍÏ?ö7Õ7µuõ†â|¾Ì²ŠŠÜ$Mvœÿ´+ý•}¹N3Ð×T_ßæÇfWÕ¤ûO~)5¯—'‹ÛkOö¦,5®u­µ7—ž¹mwUqÒüYL°÷êÅ+Í=£Ó1IÛ«ïNœ0ƒ}Mê›ýcâÊ-­¨^é$Ó¶¶Ühëêš·'wkuua’*"â¿z¼N^xÅÛ;WHlVqUMùüyÛ*1F[êçª??SQYtÏsáÑ¶ÆÆ+wn^ù¸.TñúÎô…£¿áøU×ÁWJ7czæ¶]UÅ›VèŸî½|¡¡upf6Î“ž¿½ºÌªö|KÊ­KMÍ}†{széâ–ŒR±ÞÖÛç¯t÷Í:rË«
î÷a{/×5\ï›·okõž©N‘@Û¹ÏÚÓ*ô,l6yûóÏüùGöä,ÉÚA]‰ž¿õñŽÖmÍ}þáY‡79·º¦"maCëxÓ1IYEw?W"Á¾ËËß¾¹wö?m›E†š>øRjûú–ÖYÄÔÇ»[®·´õ¦c\éù‹d‚Á1‰wÆŠˆÈè@›šVêYô¬'1Eêý5Ë;êõà´x7ßÓ&Æà•Ú?¢ÃÇ|·nFßÛlw{ìö}ñb6ü¶QÛ÷öwÓ438<QEÔœ’¸sÁŒe¢D‚aE$zÐ'•¶;Êí1d“Kvm‹¤Æ.¼L¹rMiÈ´*™Éæ®Bs®dcF¹rU¹9%â?’Â…IJÊõóŠl‰lõŠÛŽß’všýË73•ñ>åf¯ôdZ•4ŸùÂ3Zû[¥åm§:eRDnÚúm".9¼#âØ.¶K÷´ÄÅIÙ³0q½Óà™i½|ÝÈz±Ø·Ðãñß>ß³cW–{éÆz0(±ZÌ’GƒS!·7qQ·”ÍíòGGfÅµtÛ'äé‹¢&lJ’Î@PÄ)Æà¥?NŒ½þêwÅJpèÊ©_ŸÙþÖ?œ‘‘Æ§†¶;¶/Q“ ¿µ±m0«*Ó™?Ãvœûèt ÿÈ+{½šÌ6ÖÖõ?dY;‡{›Î…ó«kŽUi3ƒ?Ÿ?<uÝûN…W™nùä—×â÷zsŸG5FÛ¾<s<¸ïíí>‘`Ç¹ã§ùG¾µ×«…‚½M§ëD²¢ÁHë?1WiÍk5šˆÞ×ðñ§õqo×¤«"Æ´?Ð]W›¹}×‘ßqÉTKíoÏÖyÞ<”ç|˜Â?øu{ò¾}ïð¨úè?†ÚÖ1±~ÿŒ?†ÏŽ”¼|ämŸS‚ƒ×Ï¾w.ô½ý9Éééú‡·:ÊÒó­_²`ÇÍ5ëX‚H°õ“Ÿ5Å~å?nÕm«;ýQðÀwvlZ¶Ó©–O>¸æ|aßÑ½U½Qö½@Í÷_ÈTç[ò´ž_³ûX…šìºtæƒO?·Ž•&¬XMdøÊGÜöíÛìp¼cvüæWçÚÆÄ•ý÷¡«îœ^ñÂ¡wb³ÃWÎœ:>}ðÍšWffüé†¶á‚
¯®üm?þä÷ß{zê+®ôþìü§µzÕö,_¼sÉ·Á¾æv#£âH¥K•Ðdëù>»ùÝo—¸ŽwWÍ«{“bŒÀà­kíé¥""Ýõµåí3¦ýëØû»êÎÏlßuè?X™l;ü·Üß9?FDï»uÇÈª:Tëc¢ùü§§š?½¾Å#kbô·5ÏæìKUED¦'Æ%1çÞ¹BZ¬Ã˜?öÊ©¶æ6Oqå¢ý†{Î”¾z,AXq£~-%_D†;[·¿aS(NoÒÜ¾´¸–a£(óžNw³0[ijUÎëR–.ñ±K.JVúÛ•ˆÏ<\"ªÈT‡rü’ííšH¼ˆl§¾g–y¸\4C†Ú•Ž)³DDD.6)e%æ›±2Õ©œ¸®Ä'šy1""Ó³óÄ”‘Yù2êfºÒÒ'™Åfe¬ˆ!·›”Ómr4ÚPÆ\iÎ4óH²\úB‘|³Ò'¢˜šH°Ãö~—¬ˆ¼/Æ„íË&%¸ÕÜ¾üOð?`Ûäó„zûr}V×¨Þ×=dÛ\¾,Hxx ×HÚê]:s'˜–øÌ{zgíMÌúÖž„§krÑ»m¾VÓm—/'¼´¯ÌëTEQ?É5¥þæ®€ˆG†Æ
J’4U5ÎWübUæ’¤3ÞÖØæ{éPUš[Ób4wVuuÑ½ýâ³)/–'»5-Æ“YYY050¼Þ8¶m_M–GUDìIù»Ê›:M‘ÉŽ+m®ê}sºòjªóW˜å-?°«(Ù­i1šæÎ)È5º‡GžÔŠ^¨ÎKrÆhNoÙÎrG»Tdõ…}--“¥»j
}ÎMs§ì¨)KœŸ$¼Ót9©ê@©Ï©Š¨ÎämUÛ›Û§E¼ùÛ6´÷ÎfMv\oOÙšësàÊ…‰Šý5™nUDÔ¤üêŠ„Æ¶å'ˆFßµÆÞÂE;ÝW•~ãË«#óÏO%l¯™kI—·°¦¦4P³Û¸O}Œîæ¦Pé5Å^—£¹“Ë÷mO˜\ñ×Á(¨ªÉOpi1š;½êÀ.×?Æ¶I-»¨t¶µ{d¡Š-?RTœ¶tFˆ³àÕï½œctÔø³÷øÃŸ¿òÌÕ®Ýú{sæì>°-+É£i1.onnÖÐÀˆ¾èx·¤¸c4-.)³rß\6Xñí[J+ÞU?ŸàÒb\ÞÒÊŠøk«˜œêýå™.-FÓâ|¹ÞÁ?Ñå3rVEïm¨ëHÜS¾ìˆïŠszÄ-ý52'š¿¼2¹£ªøîç–Þ}ñ‹ñòÇU00.6kä!!>êØSÓËÒˆ3'òv‰~å£Ê??¶}ð¥íz¯2ßþfööÈÖtÓ©™šfnÊ?ŒÑEDúÛ¤ßk¾P`Æk¦æ43J#%óY¦°$’ç15ÍÜTh–Ûex,zm£oÙUÉð˜šfjN3/E†Æ•ûµ¿jjš¨"ªfjš©9DLåÚ)/?dÄ‹ˆ¨žÈ®iêÝ¸kÇ.!5Ïèžÿ>™îëqå¤-û¢ùoßvå$¯fòªÃá”H$²þ•]¥§pô@ôÐÌÜÆ¨¿Ëç*îí›*¨k]¡)—3=7ëËº“öŠíÙ>ï¦$ç²ã0¦&†}ÉÞEƒ2Þ{gY¤øî^:®Å:etlZ$~b¸ßðæë}½½û”ÐÈXP¼£ƒ¾œ—…AoJ´Þý9Ö"’3c£ƒ2™r÷$-Ù{·×6Îé‘?@PD[má?±!£¸rÑ9aLJfštˆˆÃþa¯«`ønÍgfc‡g§Dâ<[Sê®wLæ•¸E†Û®+äÇˆŒûûB›
f{û«16”çwšêÊ&§ˆHffÚÝvV½)ÉÆ­©i1ÆWªOh|0”YµèBVmsZšt­Ð”¹iÞ»ÿpoNw×ML™âV3‹·}yüv÷6o¦*ÁŽæŽôŠ7¼ÑÎÓœéåÒËEÄ˜?ëm«ÿâ£Æ¬šïíÍÑDÄ4‚þ±€aLû†ÆDfÃ"Z`lÈÈÝýï7êÛ·lFMŠ÷î©¶Ó™(ƒS—ˆˆ?‡&GüÃbêk¹È&<Pÿ›/úr÷¿^0ÿéíÀ''ÇDuÜÛ›hþìãzµâÍŠ»­¯·×?T¼ùÂÖ\rz6é]D‹OrÔø«S—Ì~3ôp‚;Ú.gjä¥Ô¹-”ñåb‹ry@Þ©451%8©ŒÅ*ƒ“2.¢‡E4elR²³%jû/j~qj2Œ>siÅÍe|T‚†L?+Ãã"y¸öŸTúMÉ+ý!zFŒ€sÃ.l0WZ¶«¹³/?–ãïÔ³
3–ÌÔß¬oño.Þ“íëbùWÙlpRl®?ëÃ
G‚ÃwJ’SÄ-íÚsfT-ðˆˆÄ½úÝ×ª¼zï­ú¿øÉ?N·L®ÏŒ®Ï,y$©ôHyZŒ!]÷.oh‹õÎÚý´îÆäŒHlbJšwk]®ºp]ŸU½÷)ë_†±´µb³vîß’ 2××>v­mXÄèn¾êÜ–ï›ßë½·Ý‘¾ìâƒh;3zªÕb?2"÷©?ÒE½çhmêjsª/†ñæ—yo´tÌŠLv\ïÉÙ–÷€†Vc<Þ¼Š£¯mu·4wELÿÕß?ÑÐ7iˆçKONXX\GŸÍñ.Miúà'7ôq¸7¥¥xÖ´ÒQxôÆ™³ÝY‹—4qz69†Ç&ogè³†×µècÈv×R'÷,iªwÔÑçvL4764\jh¸tsPdðVCÃ¥Ž¥ã9›RÔþ>CÄ[Pžxµ¶îÎhpVŽ·]¾å1úzÕôäûv£«š¹)+r¤BÜcJOPÄT®Ÿ·?lV¦Q?fZ‚,4GÈm½–!ZlÄvüœriH1DâÌäØU¼d‰°,ý¥ö˜G
MÖJ€o2-9=58Ø3.bø;{ìyI÷<ž¼s¹yÀ·Â’¦"ñ.—LÜ{ÁrØ˜•˜Çc®÷ÊžºÑ£ÿJC»g[•OD4O‚{<èLI?>ƒBó$ç•%ç•U›£WóñÕÞüšŒ»Oªž¤d[ïxYÂ|?îp_»HîƒöïIL–.5>-}ÙŒpO‚»Ï?÷|›MŽD[ 1ØÝÒíÝýÆ¾â¹³UÃè|ðQk«-Ü“˜,?#£’:ÿ›gŒÌ–Ÿä›Ö’ÓÓ£´–š¹mWÓû·»ó“[nd”üáÜ0E|R²ôªîô´åóã¼SuÓŽùÓñÿ˜Q´p‡®á?.ñìrŠ^©>JR²4?IÚBycþ^‘®=ž”äùêC}}ñIÕs%º‹ªJ¯4´O$Ì\n;ý—Ä\Ö³î˜¿³–¿£a$çÈisŒ?ŠŒ‹ˆH’7Sšý£’±ÎvÜ.ÞûfåÜ5÷2>Þ`ípõÌ@ó™Oo$ì}½jÉ*¢¾ôBµvq§¾Ñ×ÕêÈýÖÂ¯±>Øðñ©©’·-¹ÝA¬wk”ë‰£P3·mªmL«N.zõ-×?¦Æ“×¦´„œŠª|}ðR‹»øå(ï@dY„}>+—t9üb$u®>Õ27%(-ãŠ¤­sB?¯ùz©Uìø¤"Ó~UŒ]f†âe³ˆÍe¦Æ¯oÕÏ2Õ—Ÿ×u¡ÇŸ•ÔÛŸ˜²eñMœÌ`×å«?ñE{WÈ"¢%%¸n?ŽèYcÿHpSJâcè¨\¥?=0fôYÝúÒßvùãwÛá}é@éÜéà¦¢ªÔîº‹Aë¢Cc²·©mDDDïiéžšÿÒ6‚Ó3ê’iâÎ¯Þ¦×}V{cpBŸí»U[ß¶šfÖ2K‹ô‹_Þ™ï%œõ7ßêÖEdSþ¶ÍÝõó•™¼ùÕ¥¨KN9ãÔÁÿÜkcôÚ?V‚¹Çj×2sÆ.]´ªgê}—.5Ï?ç-(O¿}±¾kþ…F ïjËðü)–;·$ëÆÅOý¥Å9ÚÂ±îÐëë¯-Ì—Ó‡[nôEDÜž,ioï×ÚÄ¸g§o$n-¼{òÜ]©wîxõ‘k__?”fj÷©?–Y\:Óðõü~õÞ†‹Ý+7M ¡á¦544ÝÑÐ8?¼=~¶‘šVX¼òÙ™…ñ?%ôŽÚŸ~X{k`rþüÎ˜¸üå•ÁüâL§ˆË“.~kVºì¾qsx¡Ø‚"õRýå!«]‚]-ÝQ¯ñ}Hnw¢úÇçŽ%ØqýÚC.Yf:ÎR«oÙWæ}þ¯Æ:45­d«óRmÝ\k?î‹›SË‹­–Ò‡¯|~¢Õwð…ü˜»/ÔSDK)­¬ªºûI²Hò–ªªÊœå™Ñ]T•Þq¦¾+ qé¥{^~óõ7Ž¾Tžæô]ªköUG¹tAWÎŸ³?oU¦æÁŒ)åÊuJ?§Hœ¤ŠŒÌ?x˜JO»,\Ì’š.jŸrÅo†`¯­g=Ú?Þ)2¥ŒÏzÍ(7æ,Š™à‘že*ZIpÉ­E7EL-R’*7lúˆíf¿""ºßvé†mh?—’žm®´”Äþ;õm?ÔŒÔ»CÊf°ÿêÕ›áÔŠ<?„õphîÿ°ˆHh´£ùvÇ˜."—Q˜¸y¥c2$"}¢ãú?pVnêMoôèÁ?ºÝ°~T]®äÔœÃß{-ínêråx%|±î½Ö‰Ëa"îì¢š5Vo=óþÉI‡7^&Ç?”/ZzŸW-¹êØ›ÞÆËõgš%>­¬âpMÛ?~ûà©›«Žn¬=õA?nsª!]õWÖˆˆxJí×Ï}ñîë?.1¶Ý›ß~*JÉ/W}öù?~zÉ'ª¯²¸lÅiõ‹¬¶p5½ê;/ÔŸ>ñ~½æPu-woUÍØÙŽ¹çâŠ“úóýý)qº$h8rK«k^“SZÚp¢«hQ7»š\ñÚ‘¦Ú“?¿¢k5QS2«öäˆˆ8ówV·?øíûW%çÈÕdn®zuoÝ™“ï×«5Q³¶¼þjYÂBooÊöj_Û‰1­IP?-~á•ê¹ƒë£¦U½RS_{üÇ×5—è1i«·?ÿv¥FÊ?¸]¯ýéÏÇT$­rÿáâE;ÞümÎ›u¾ò‚¨ ZNõ£±±îƒºë´ÍáÈÚ¶÷{åéšˆÄí98ðÙG?¿âŽ?1´âŠ¢¬›ÖŒrusÕÑo5ž>õ~ÃŒˆ¨Î¬¢ƒë1?à,xñðàg¿úqKb‚jhù[½7zWñ²ÁÞæ–‘ëÇz}Ñ£EÖ]¥ÊŽ|Û8uêÃ¿·ê¼åõÃ£­£†ŒžúÅâæÝ·ü6Õ÷§83w¿êímªýtÀHØo™?èžNªÚ]³ÏíCL3wíPšn+v*!«ÉH5ß.65‰‹¼Pd;}ÉvÍ!š)E9’±?Ï|‘#[mç®)—"Šˆ8]òÒz,äÌ1Ž+ÇÏÚ41T)O•[ó‰dsŽYxIyÿ´mS–ùzáâ™Ù[”¼Få'§yiO$¯Ä<|K9uÞ¦ÛÄfˆ=V*·š"bLÉ•~qçÈffÀ7?–š•Úqy89Û·¨ç}v¸k(,Ò__Û¿hSoÕ¡âMF`°{Hâ2rEÄž¼µ¼äÚÍús½±i©%ÛJ7²_ùÕGŸnàîWË4tÝPµ%SÎ=.ZÌªF_Œžº^ò¼ózÙ}hY$¬ëí&k†®Ë*î?µÊÍÖú*cÖPW:ðùÖzˆÝÎê²¼y]7ïiC×ÅqÏfÁÛŸ¼ÛžûýWŠœ÷©ÒJõ1ÝPWy»å»1ºë~ò¥úêwª´€¡ë†Do“û´dô?>¢õâ&]ƒÇRçåVú“\©V!ÅS‹6?ÒÐe¥?!ETS]ßOÈˆè‰Úþ†®ˆÃŒzDËkbèŠØ×»n€o236lvûÆµl|VEQµ˜h'"Šºr6v|U{cpbnicª£¾¾#¹(kµÙ@Dì+Ü€y•'Þw~þÐ¯Z1Ìò?ûV£6¯º´î:¸b•Vª?²Úl°Ò®õÎ–‰e¥«X$LÕVl“û´äêOÂÃõ<–:/·ÒŸä
TGôl ²b6˜{ÕúŸÛ¢gƒ¹‹§W:¢å5Q5²`])ö§!<“‹#gZAzcã™÷úÁ?Hllné½óR°.ìNoÜF];èîž*Ýe–ü³m#›|Ó=#“‹<~OÅ€§ñ€…xÀB<`!°Xˆ,Äâñ€…xÀB<`!°Xˆ,Äâñ€…xÀB<`!°Xˆ,ÿ?]^û¶ïÿ?IEND®B`‚' height='200' width='200'/><br>
<br><img src='data:image/png;base64,‰PNG

IHDR
1K«Í/sRGB®Îé IDATxœìÝysgž'ø_f"q7’ Hð¾)R¢EK²lI–írÙ.»ÊÕ]Q5ÓÓQÑ3{MllLlD¿ƒ}³½½½;=[ÑÝUö¸Êe»më²eÉ¦E‰OñÁ"ˆ‹??ÈÌý DR$R¼D}?á3™B ?ß|.æÏ_^%8vÎ¿ÜµÓSØý©< ñr ñr ñàÅòÇ?þq«‡^ Ùl°UB@<xQ¬M›&Ä€Â“yàÉ=ª¬š÷ßÿ©Ç õà)”Ã®À?AëÀFrö
±$“,2‘X–8«01sØuÜˆë(¤1¬œþñÚ—sÓÓ$Š¢ ˆ£°|Zf>ø·¿5›Í*Õñ¼?>¸ßêÖ­ïò?2‘BÄÉ²Ì²¬Åb­¬¨,2‰Ä½¾¾\SˆRˆ˜ì¡k)ÔP_ëp–Xåà?½\e™X%ñùý6W%E§æ8b9.CŠ(gþñþþ?üÿQÅ(2«b?]ÂÁÅƒ……e}§-£ÉÔÚÜ\QY™ß“ÉHó…”Váví}€ˆd‘”É2)21
‘ÂÃË£"–?ìúíŸÜµ>+‰ÿúÿýß&F’y>#R\fÒ¬j%&LF‰$Ž”ßôÑ¿ûÍ/eâ?ß@Þƒ‹‹u5(Ç·µµ­í³•N§Ó©´ÅbYÓX?pO–¦Vã÷%ÀaPd’S$‰ëw®þO‘H’ˆD"?8žX1ÇíÚXQˆb¤ô'ÿåïœr*C™£I)Ür*-Ê²Íl^IB*?ÊÐŠ×ûÿüÝßý»ÿ?>/B___!‡uvvh<¨¨¨ÈþÀ0l•§R­Ñd7eYž_XˆÇVAà8®rMcÂ6tzÃ~Và#%IJ|°H’Hœš8íþÖêÉDCŒ(ŒÞ¹aUIœZ#$¹h’±ŽãšÊJÉde¹Kk(Ò©;´¬ÂfR¤ÖvÅ÷ØÁÅƒá¡AY!†eÞþÉÛùl088øàÁƒ]”¦×ž2™­{]G€?"SF EÚñ‰Ršd‰TºçâúS)Dœ”^ôŽÏŒO¦Iƒb´"¤šk+ËT2¥¥ŒwîÑÊR\o¶«¤‰EñdÊ€x°kbFRêèìÐëõÙ=W¯\–ˆ…†ajkk?ÅÎ[·o1›õ&ZK!’eù@jp¬)‰‰ÝOë¯H$Æ‰×ÃíqÅ³²üÅŸ>ƒ±hT£/š]^vÙŒ.{ª±Šed"…8»½˜aätŠQ«¸!‘aŽárÔMSccvsÚëµÙmv‡]’åÚê³ÅLDÉd²1{@6 (k&9Z;A!“É´ã(R<æ÷/&R¹m•Ádµ9ŒnÆ›§WÑiLv£z»e!ŠKDÄl6ÝqùGš"?S6X-…Äñ†ç½?Õëß|ç½ø/ÿ%*“:ž¨-w´¶4K’,dx³–c¤ø’?*ª¨Së´=?MÆÚÚ&ƒNØµÞ{‚¡Pv¸-..NMN‘ÍjmkmU«sWÐ’$…ÃaEyú{´¬¤x'O.ÅæÆû'—…?M?ˆHg+mjò84;)ï©â¾{!"ªè´7mÒÁ™{ãYêOØÜÇ­q
Ž´Œ°GË+”ˆßû¡¡‚ ètu?Äð*£åßÿÇÿYV¤ÿúüï5¥NÃETÎúã'óËwl?Ìf>úìë`4ò?ýü?xZˆE#ªcØxp?Ë¢)ŠÕjÍ6ôôôÈ²\TTÔÜÒ’ÏÙaÊ%%%­–%?òùV;­[û@!EqÓ'ÙŒëë?Ï«1fK”YYÅÄ”DBèÑ½ïc­/·¹ŽÏÐ€§‘’»o°E")¹‡#•ÇÆ'ÇÆ&²?ëôº
wyC}í^¾†e³óèt4Ô=¸{çí–¦»·îé™L‘ZEÉd‰U÷7?¿¬ˆ‚ŽÛŠaQ&ö¹ïRõ¤ƒ‹­míÙiLc±XIIÃ0­mmÍº›ö*•ª¦¦F«ÕQ-‘˜Wâ+ãããm? +¸)GOÝŸÏk.ën¯4®›UIG}£C³‹œÉ|HÙ@ëj½T"q˜ªŠ"8OQòÁWD¤m|óé‡JibÕÏÞÅH„[ßÿ($„l*!‘ÆÆ&fçæÏ?9½??LþÿL©Ói=Ù®—ä^j‘ºx991ýP–X?‡#ÑÅ•˜Äñ§º»Nuüº†\<Ðërà333±•–auÚ'.É•ìÖ9¼š·ª­ÝÝÝýýýÁ`ðñÐ…2™[”€/$šÛ6d"bÔ&×‰3öØ
{hó¤²œê8æN8ÒäTe?ÜIƒœ"îY/ßûú…„ÐÐP·¶¹ Û˜pëû/_zíË/„³¹ÍŸÎDC.•æÔÄ´IIRÄ4ñJD’WÒñ?ÂqEâŸÿ1Ù`ç"†ÉvV¹¾¾‘ybêT:uåÊUcQQKk‹ÃáP«Õ,ËQGGÇðððÝ»weYÊ®XQ[]QØ³&S™l¶­Æ0£ñÙ~5€ç‹´å?ÖäØVkTWvg7Y£sí£ââˆ´¼ m¸¼e±Ïææ‚ÁÐ†l@DÙÍ±±‰¹¹·Ûõ,OQ&Ãª?§Î(‰èô?;¼$–?5•žH8¶°$ÅüRáX…dþ9?½©ƒ‹jžÏ>njjæ8Öãñ<yŒV£©®®&"¿iÑ¿¤Ój8Ž#¢––«Õêóù²?&³egO/f
M¾Š’ŒøfæþeA‰ˆXž·—5Ô”ml|PR¡ù™‡³‘HR–‰ˆS­ŽªW©aýqbtajfj).ˆD,«3Ù›š«ÚÕh´ì½9$¢ÒæSuf"J-MÅˆŒåÝ­N9032Å22«Ö•xªšÊMë±Ò+?|óó¾•ˆ?‘)7¸ÂUU[·ÇC­à‘·ë…Áj?)og.çÌåD¤vŸÊ?$-Ï'Ç®l™ò…³»ï2…ˆ¨b³Páve»í< Ža$†áô¦êWÎÎM?NŽq‰DZá¤bl–žžïNtui´zÚtüÏ£ƒn=`F£V3£RmòÔË–”8c±X:?fFÊd†‡GL&c6K”••©y~Áç#"Ž-0«éLE3$ø†g§+ž6b!±ðã?ÙÈú$!‹bhaæûÅ`k÷šáË©¥á»SóÉ5ÇI™XàÑ@àÑ|cg×jl–WzfCùeYˆ,Ýû!ÑÔÝV‘=FNgSH&7«’,%EA â“‹ã÷ÆæÄüdKrZð??„õçl*"")0Öß?/®Ÿ?INÅbúU4ž«³Ã<ÏNÉló º²›Ñ9s¹´âOÏÜ‘Â3DÄY+Õ•/±ZcQ÷_3šmç—W2D»??`ˆˆ6` ÓétúšÅˆaX†ˆ(“’‡uðn¬Æj%93;è:Ù®/ÒÆ¢A?Ö@Ñqë[t?Ë¢‰i?FÃ²ìäÔ¤,ËB2ÙÝ}zÃ1ÉdÒl2—••%‰p8|çÎ?ìÌE³³³çÏŸ'"«Íö`lÌçó™?³Õ^ÈóšËË,s³™"W¼º’ŠâR«ÙbÐ©6]î@§7³Õ=U•n»A«bH‘â‘¹áû?"R|d*XÚbg‰H‰ŽõNÍ§ˆˆ5VÔ´{,ž•“ñ?nôaÒaÑÐjw¾ù‰YVknê¬.Ó±Dbdz¬.%Ëñ±‡ÁòlQ[‰>?²ÆŠºv?IC”–ÆgS”šŸ™wÛ<z"âLFµÌJ–ÒòÚŠb‹Žg’Ó+?&-f„ÙéYW§çNÅÏìiËËò%ÍÒŠ_èÿˆ3–hê^#¢Ìâ¡ÿ#]Ç‡\‘sûsI–ŸñŠÙn·mõ?^§KÂ3•^0–dR’FQ'»»—g?¥V•¹¸¸Ø2ï_pÚJ—ƒ£ÍyüîÆ\<?$‰ˆX–u•¹B¡`0?e™]ßÀ²,Ã2,Ë9Ž›ßÞÌdÄh4:77çv»Y–mkm‹D"›6>lNë:y*ÓÏ’HßÔŒ/»ŸS­–r·«Ü¢cóI?±ÔtŸjP¯‰¼g°zZ<Á[Ey)!»?(9?íMYêÛN¯.VÀj‹•MçËÄOùx@ÛÉÓõ¶\eyG}ksüîP˜òEmcmá*Þu¢5yýî’H)8åÑkˆH]ÚxÁÁ¯­,«.r5V†§|kXGyJ< ¢ôÌÎX¢;ñ‹ì&_Ò"Üÿ8=sG×òÎ³þœP$E–EY¤ŒÅY,%éë«=—.½Âñº•„PêR??Nœ´=-,=‡.ðäW*¨­«u8Šív{:½q:-•J¥R=Î›:?îÒë—ìGqqñ‚Ï—ÉdˆÈd6U¸+´;™ÓJe¬ìzõÔ¹ö
?C§É/eb?Àhßýkß?ÎÆw'R©7iÓéDDr*-‘°´(ñÅåOTƒç×K¥Û¶.Èð6»†ˆHâÛOÀÚj7n2gß€ÑÄjhføM*Ëé:"¢x²àà…Âl¾šWòÁWÉ‘/Òsw‰H
Ï¨J×>ª*iÌv4JÏÝMŽ|‘?ð´ðÂ$$ýÖ=ˆôz??8ˆÖEQY–2%XRTKiG‰EaE1•1¨õ’?b÷páˆ#ãàZF†GÎ¿ê`Æh4ú—¥Œ‹Å^{í5ž|…›ÉdX–]»‚J¥ª®®¾}û6‘2mµÖÕÕQqq±?¨ ¾E«Þàp58\D$‰ñxt9˜Ÿ?DD’“Ë£wGèå¶ŠÇó¬*²˜ŽÇWRùŽy‰ì¿}F”ˆx!%""›Ñø´á(FÃïïÜwù)kô
gVÏÜÊe)“ŒGù1Féì?(m×­à¨™›[ "»mËÙ1Á`h›H{EQ†eä¤$Ë"£Q—WT|ðþÛ¢’ÑªŒQZèôõˆ'ºxã¶#1žCVVVÂá°ÍfÓh4'Nt¦ÓéÁÁÁææfíê,Ã>9Ûiqq±ÙlN$>Ÿ/¬6kpÉ¿ûªp¼Ád7˜ì.?Ÿú~".Ëñ±™PEƒ?HŠÍMLEâ…DAwÈ½ÍRÁ±¡©Ùå§õXKah³û”k×>ã¬•™Å|IK~Ofñg­Ü0—Ñ…ïRvÚ"»ÝºÕÙÉ‹ææö;d¥ïËëÚP´ý§gW„tQ‘U‘2ÁHÐ¬+ÓI1œt½t¢9?îùì«³ù¶Ð)sžÊËËC¡?Íf#¢ŠŠ
†a‚Á MNLº\eV›?ˆTüæõill\\\ÌöPâyžçy?nOzÕ3†Šªšù¡?äX2IÄ.>è?ÉD:[i?Çn3hr
M]Žl<[~¦¶³g¥DÇz'¼)"NW^SVn³¬Î§*Ìö?L¬fÕàHcXzZ¯uåKBÿGÂý?³]Œ2‹¤Ø¢®ãÃ‚
ßAfgçívÛ6ë"ët:»Ý†AØÇå“‰8™ô¹õÔéÔ°×'-ËŠ9Eéííýà7‡¦¢žOÿµåüÙ²Ö–
{Î\<XXXPˆ†©­­%"·Ûí´¸¸ä'†ffg$I²˜Ív»£ÒS©Ñl¼ôçy~~~ž!ª¨¨°ÙlÃ$BaŒ!–R‹ó1™ˆte';*×®£œ^·H³NWD´BX^&»yOk±ËK³)"¢²¦öçÚ˜O%«Nð<`Y’¶‹J*ÊòZ]Ç‡é™;©‰o²?ºŽV%úù²¶§¾+}ýƒÙúïn¤?ö{ùdVÅ6¿}?"ÂwWïŸ¨c2Š’‘+++EI$I“¶ë/ñ¿ýçÿü¿ü¯ÿé˜5h<Xô/Ê
-úý¥¥¥ƒ?ˆN½Ô5::zëö­l§ú¥@`|b¢Ü]¾éé?³3Ÿf7SÉä¦‡=iyò¾WSÕ²a5±U™°o6;ÌØ\¤Î?Ðm(b`)¾fSç(ÑŒ­¤H\šõ{ÌÎõsw)µ>†’íS¤Rk×?ßrè:À6Ñ–+£‰‹#É±+ú¿àÌåæ)}ƒÉ‰ëŠ”Þ®³›ËË`0†V(ô”ýëb$‘ÂéuÿçïÏð¬’Lµ’Ša“Ù¬?"¦ÒŒJõÿ~ò'GI…Q¥- °çÌÁÅƒí'²?q&&';NœÈîljjjllœ??]ZZ’e…ˆžl: "Žã:Nt)Kn±d‹µ°wƒœ?å‘Å)]™§Øe·™´j•Š!EÊ¤„ˆnôárvõ‚¦
ŒDQ¢Ðâ|ÂéÉVâ³FÂëJ5¸*Êg&æEò?¨Øæ¦ÜÅJ:êŠ8ºZö})?"Ò,ŠPfa!Xc´çÂ?ZÚn!D–'ÚrþiyAÛp9»drvž¢üx¾¬M‘ÒRdŽ¶‰»Z2Ùn·½÷îOvqâ>a’RÏ´ó‹~RdR˜åè²?L¨8•Žã$Ia?á¬Et ñ -ŠÙaÇ’”éíí-++s¹\Ùu”++++++eYŽÅbŠ²I‡~¿ß/I†a²áA–eI.ì„-*-×-Î
²$ø¦f|S3›£ñt6–ª‰ˆl•ßlDÆ~¸ãµ˜œz)ˆÇÒl…Û2;·fì?ÊÞÐ¾í[ŠÉ©Ù?¾Y–Õi¸LJÌ®`œð.Ã&Ï³Ç´eµn_ï\FôMÜÌÚŠ?|b9%££B˜?îàùÅñ$m~GQÛpyí¦[7ŒÚ}j»lÀí~½ä'åÛfª¢µ²W­?F”d§RdIL‹6›=™Lê´ÚÙÙGÇ‹JR!™9ÀuÆÁÅƒù¹ÙµCy>|XRRRSSS^žË¦,Ë2“]Ü`ƒáááL&ãr¹8ŽËv1J¸`£qÔ?¸\¹òh~fz!K¯ëvÃò[yyƒ»Ø?'k]§Ïh²Ó¥"‘Ù§ót4603³së
V™kÎœ±y'§&EY–A&"–×•ÕV5”êè‰aÌû€±ÕwžÑMLEâb*°?""?³¢«ÑéÀÓÀsŒÕlž8r'k ³{¶$k0ºýý?:½N¯Óƒ¡Ë¯¿¶¯c‘7¥Ñhe1SZjU8&•Ió*¯V§„x‰³lb|Q–2OÌ¸y0þòêÁ<ÓÍo¿yr¦E–µZ?Ñd,/w›Í¦D"Á0Ì†ûÁÁÁP(DD­­­v»?ˆfff4j¾¤´lÇ•P”ÇñƒU©¸­ÿIe)#ÉD¬ŠÚŸD¾ÌíÜGŠ,fd"âxÕq‹¯°o¤$I×¨}&œš¸½ì‹?6>966ADå'¶½÷d…Ø¯®Ü˜[éãá¿øë”•ÄÒbÀê)M¥Ä©é¹{ÆB‘Å¿ýÛ¿e?vB8ÿrõõõrpggç?¶Ãnòò±¬˜C¡P0?…!æt÷éµ?‡ÃáH$Â²¬^§ËfEQf¼3?u»ª£âkób9U?Y¹ð2÷Ãò<rì§%Yzê§…b¸½ÍDÔP_[áv|£ACtùÒ…ÏþéŸ,¥N9)q<OÆMr&•Jj3¢E£ú7ÿýP$…6?ýæyvpñÀç[ØlXÁFù»ûétzaa¡ç‡ˆa8Ž{ã?7VËñ-ø*Ü1úà8SéHŒoºDÚ1¤Ú—‹øÃÊD‘BR¦ûÌ™«·ïœÔ*}ZËëxR8mÂTÂi–ÔZ^&…; 9+ÎÁÅƒb‡SVd†…ÖNÿùø‡ìCét:?Ê²<<4œL%‹‹?Ç?8qÂl6gÃÃÃ‡Çá½WŽ†%^ObâÙC¼~×«¡U‘Â©TãK’ÆúÉ—×.¿r’•ÙÙÓ6[É'Wn©8Riõì±—| ñÀ]QÎ0¬BD
1)
es<Î
Q8&†bJJK"žSUTVä×›˜??-))!"½ñà™1ñÊ»ìeÄp¤Ò»l?ÅC§NwN~|-Ã³¾z;˜gY–Ó©ŠLñX@––]½¢=F.ô÷ßßQ05M¯½öšZ­Îgƒï¾ûîÑ£GÙB4]]E&Ë¾Uà…Á°Äv3Ry¯Ç"EJšedYÅ‹MFkÒh5¤6%½¢â8æÙ»e=84yÓžpñâE“ÉÄ0ŒJ¥bÖ¤±ë×¯?çëTö “¬â´ÄªIN4á)Ç«9¦?ë¨TZžá%’cÉ•Ÿ½ûæW_}m1Ù¥ŒÂ2Ç®Õ`ÕAv.ªxz@PÈb±¨Tëj•J¥úûûµZ­ÛíÎï,2ÀÂc/†%NGœŽd‘”É2)òê¸Q†–X–ÕîÖE~Nñ+)I^­“DÙ]Y^[WçjIRF!…aˆ04y×–——eY~êa™LF¥RI’‹­‰ÄüÂüÒÒÒ“ñ,?ÞÓiz ?å‰xÚÉzhÇ•,“FÃ‹™Ã?V«®««MO­DbÜÃrpñà­·Þ*ü`Žã,³Åb.sí|í3€½?½G­R±
ÉDJ™«ä‡»C,Ëe'Õ<–Ž?1€ÝQE¥bYŽå8V‘%½NcÐk†Š‹‹?[§¢U84à¹Â²ŒÝn3ä}˜bYF–d?–/)ö4ÖU¿QYˆ›cˆ^=sŠˆ^?ŠˆXŽÞ¾|þ°+µ¿Ð¹r ñr ñr ñr ñr ñrT‹áÃ®*W‰õ°ëpÐÃÅvóa×àÈAç"ÈA<€ÄÈA<€ÄÈA<€ÄÈA<€ÄÈA<€ÄÈA<€ÄÈA<€ÄÈA<€ÄÈA<€ÄÈA<€ÄÈ9Zñ žH.Â‡]€”ê°+@D´ŽL]zµkhdrÚ»@Dƒ®ªÒÕÚ\sØUx?~<™™lm®ÍnÛÚšküKá¡‘I"BB80‡®}Û»´ºôÚKÅkv?A¯-vX‹Ö*?ëú·wâ¡»«µ€’üw?ê?v]¸èQ¯Ý›œùñÓ;ê×>ìppúD~KÅ;+ª;Û<~'¿Œ¿ÿŸoÒÅÏ•xxåŸçísuú?U }-^<‡â‰ä†l°–A¯íîj½öÍ§ÃZåqR pÄ_ÞáÌÿNJèÁPD¦§EƒUuçß<å$’3b<0|gèË¯#ßèpî(!<ÏshòÐÈ¤Á Û4deÛ†F§
,?§ðÝ‰åüf|jtJÎ^ÝËr:-Ê??”Å´˜‘7+ƒˆUñÆÒŽ‹'Éw:–Û©Èb,äó…¢kÏÊÄ‚¾GþeAVÖž/'—¾¥åäº?$ÇC¾¥åäúç”SË~_ ’Z»W–ëw*1?!EN.üq™ˆHIG–c™_€ZëA<‘œö.<µãPµÇ•¬\O[m¼j®ö¤›'ÊøŒR{“õn?±á·®¥š>|©”%¢Ì£žÏFuç/vØ·.‹±UWkøÉz£6þðÊ•©¤ÕVV”ñõD­]¯žs«EÿçßÇ?—ûF(ëõZQ|øÖM‰7«C~Ÿ\~ùí;QÆ{÷æg´ˆ?ïÂšÆWÏµÛXRâ3?üØT»]|äÇ{’§ã­'/ûï~>0§7•ÙTáï‰u]ï¶Øhièã›q»Cˆ
|IÓi'=º~e"lq¸ù±E?´ƒ—à)yìAq±mÃž¥@¸§w(¿O$³;·idxLWÑÑà½þ än³E'Ææ<-ïgï‘½ÊUô•×Û^Z­¡ä¼wÆàz{›l@DD¯"™$"2x.½WÍ²DDIÛœšOº+üS~Cë¹3µ":ý¸¡ mm¼Øa'ÊÌÿÇao Ån ¢•ž{»Î@D‘áo¾ž­?ïQûÆz‚ÖWÞê(ã‰Úæ¿ÿlx¸ÂÙasvþôÒ©ì3¹‡?¾¹ào±9‰ˆÒ¦Æ—KTDé™[áòö÷ºJy"qþÞ'a/7À¶æ¢µœOdƒ^kð¸ôz]?%˜j«?Ÿ?N¸=?1Ã©ŸÚ(<›{ÀXÕèô>˜‰U×k|³QgýIÓÓŠJ
ib‰#""!â?™?D”I&‰TöRSÏýÞo£Î²bg™Ëf`²'YË²©CÅ«‰(—!û“Åa¦ÑH”<´?KÛË²]Ÿx‹Ã,zÃq²¤ÿÔl š!ÊÄIÒ®ÖÅêÎ?¨ˆ–È}¦4wžÕb%ÄØ3‡Á Ï_S•ÇUà(ä-ñåímÞÏoµœ9³nT±ÚSãè½7,Q=X.?ýŠzë"ˆˆHÌyESƒCK$ÎÝû¼Ÿí~­µNCÒ£¡‰)""CÕËá"áP`fK =v IDATøóËko¶m=:#æ‡(DGDÇSZ’WH2ÃRdôó«¡ê‹'Û‹8Z™ò{Sù"¸\ü`9¥3òQ[ÏŽ‡C»Ê4èµƒÎ¿ô”5’‡F¦®}Û»³’kZ»ªêNW7ìg]uíšùï¾[ †
;³É‰étZL§Åt:¾<ß½ÿë<Ue$")?‘&{‘šW³á¥ÜÐçx$$r:KqyÝ‰j—?ŠÛÔ(5>õHTˆáá”Ÿ-w8ˆì.§van<&‘ô>Œ<¥:3iÎà°êxµ:
E7)Êæ®äç&F"Ê§æƒ;zi¶u˜­¹yK‹­[?+X
„‡F&/½öÒÎÊeÌÕæÍ0zêMý½Ô^¹19dÍôÜ˜!""V£+©n}·¹4ÛeH[QÛìíÿü³y?JUSn¦ÑéÑïgµ–—’¢¶©ã´Ž(¶i©Ddð¿ül(?‘%SÅ¥ìðh[Ëå“½×¯^`X™øê—O×é‰tÕÝe½ßýéºN£²V7aojk¼ÙÿÅÇÓ¬†wyÌŠïìÅØóç/¯âÓ?LMÏ,twµ>™–ákßÜim®ÝÃ…“ƒ×Ï_´S²Lìçmºs«óev³žØ«È2±ìfí»z^ØÄÂb¸Ø¾i†8>.½ršˆúúú
9¸³³óðÇ´6×ÄÂµoîÛÚšk²C?—–Bg|KK¡âbÛfJÍOQý«»ÊD›_Žïà}“l°ù^¦€B‘`þÌEÝ]­ÕWOïÐµoîäwVy\m[¬¦¼{|Ù™Ÿ–ñO“ðÂ:üx?]ùÝŸœÏ.q?µv:£=Ãª?¶q$âAÖ¾D(º°@âä @âä @âä @âä @âä @âä @âä¨»?M{zz‡Š‹mÝ]­½ö°«ðÂ9ñ`Ú»@D=½CU×R ÜÓ;T]Yf0èŠÖÃ®ÀäðãÁµo{!ˆh)ŽÇ…x\Èî¹ôÚK'ÿÝ?ú'ò[kr5¼úR…?)àÔÄÃ+_LXÏ¿yÊYh?e1-qj=³à`‰™L*%Š¢$Ë²¬(‡]€ã?!â8Žç9?†çU‡å|ÿ—\Z
]zí¥žÞ¡l0Èî,vX‹Ö‡Þ…5 Ôå/ñS¡?Û½WFLï·˜Ÿ~šÚÙ~V§.àÀUñ©ïny+Î]®5~À3Z‰²¬ôš"Ç0„tp0R2’œR)F,2è»:ûîðãAÖ»?9¿aOOïÐî‹ÓØj*#³¡x³Q-ÊÏÒJdQ.*3«‰HN-B¢Úf³hX""•Îa×¿z®’‰†IÎì0éØ|ãC&\ŠS‘ÃndåtJ”IÊ¤Ä4O*´!ÀAXŽÆuZµFÃgS²À?Qˆá8ÎdÔ§Râr4n6óÄG%ì¹d"MµNð^ûb–rx…ÕyZÞ5éf~ø±'¨v»øÈ?÷$OÇ[Nž}ŸN˜Þ>W§'Š?¼~}–sÙ™©ïB¦W^osò™àà÷×&SV—C½<vTUùç'’&¿ô’µñô9Ïñ‘p¸Vâ‚N«V«y¤€Ã¢(¤VóÄÐJ\8ÞmÇ*ø'ïúˆˆ¤DÈëgÏ•±ä%J‘ëÜ_ÔˆH^¸×´¾òVGOÔ6ÿýgÃÃÎ[¾€ØƒÛÚÎKgÊUDT3üÍ÷Ó±·K}?Ž±í?¹Üh "E™ï,Õ_¿å­èBç"8b&#ËJ¾Ý‘FÍ'“¢˜ÉãqÇñSJªJëOÙ,–D¤s—å®ãK¹´½,Û?ˆ·8Ì¢7§|<sQž?ÞQ‚?ê„äR8j)q¯}‰à`¥R¢A¯A68
…z­?L!<œµm›Í>Är«C8Ž§´$¯®'ÉDÌšË}N¥&•£º¡®(·£?UÑ‚—„T’-p(DQ*2p‡]Èá8V¥Ã®Å>z±î…Û]NíÂÜxL&"1è}1xJ×tS—xJ…ñ™ñj^­æ••xŠåKJË2þ)_šˆH"Ñ4‘Ád¡p("îéÂ>“e™)d~^8(’tœãÁ±j=x:[Ëå“½×¯^`X™øê—O×é×>¬®<}rùvÿ'qY"C}÷K–âŠ3çã×¾»ñÏ"Žµ7½tÉ¤vÖ×9®üÑ0yÚÕUzx¿²¢ gÀ‘r¼¿™?ÛüKáüŠyñD²º²¬àbœ§>|s“ÝúêËV¯Ýa¨ìz·’dYfÙÕ–“Œ˜Î?Ì;Ú_»Ü®È²òøqÞÞôÖûM$Ë”ße¨¾ø~õº=Ï¿Ã?mÍ5ƒ#SOîw:¬U×>=iþÚ?:38<¹8ç¨i_ÛŒÀ°ì“Ý9žLÈp¼~<(vX/½ÚuXÏ®6;<m?³ö°jpd~<8\Zsiá˜Ž7t?€ÄÈA<€ÄÈA<€ÄÈA<€ÄÈA<€ÄÈA<€ÄÈA<€ÄÈA<€ÕaW 'žH?L.ÂDTUéjm®9ìKñ±¯ÿts.û3ßöÎÏ»?ÜÓOJyoüþö¤˜Ý¨ï·]Î½«?0ñÕïnw~ÞWcß­Œ~þû>_~³¬ó/Òd<ÔlêH´ÄÉ?ñí´w!âqazf!›v)“Ey/ëp<‰ƒ?Ž.+O?.8vo5Àn©uúµ›æ"ýÖÇ¢#Ñz°´Z»?ƒ#S—^íÚi9ÉÅáïîÌSDD¤ÒT¶vtÕšyÿ?ß¤‹v8‰ü}_]?Ô½{±Ú°“be1-qjþH$)€=µ4Üç­¹P¥Ûî˜ÄøÝÞäÁUé¸Rk×¾Êœ†/ Õà‰xOl¼ø0èµ;-$9óã§wâîî3—Ê?,ÉÉ¨oxÈ­1Û×ãlèz5®ÙöRh“ÚM}wË[qîríŽ2ÀsAš¼ó ÍÓig¶: =w¿ov_« ÒÙOüqÉ`\ZÝà,íÓü¾VjYÜD¹n]ä2ru¶p$â?³Ø:4²n?A¿Ãkx
=ˆµtŸqg{ó²Zsù©sO¥.r¨Uùf9µIÚb‹)»/“IÅs™H ”VÛœf5‘,§S¢LR&%¦yR¡Ž?•Ñ»“õoÖm‘~CÃ=£Òæí]Õùª6î\? ¡æü{ÏÕ0ƒÍiõk?¹·àˆ:ñ Øamm®™ÌmÛv<49±Hi<.óöGùo\§Ž_u:‰2þþ[ß…Œ¿Oª?s±Æà¼q=b*KI¼“ÎHµ]ï·ÉC×‡'’&¿ô’µñô9ÏNsÀQ7ûÃý¹ª³îM>âcwG#‡Q¥ãˆSk8¢lÖâ5êÃ®ÀŽD< ¢Öæš*?ki)d0èŠÖŸŸERñÿ6òÂÀ7K¥o]n01D-ó·>›«<©&¢¸±å?;C²óÞïï,øÛÚÚßêÒ]¿å­èBç"8¶DoÏH½»Ý±a·4ÿöÜ§PÜ7<º?ZÝÒ–µ7»ž¸â?ÏŽ.®ŽiÖ—µ4—îCºV„å¹©áñ)Ÿ?I’Úl°;*jëœ›ýÁ*’]œ??ó-,F–“Á¸D<o7YÊkšë?Ç¼½?ÕGÃI?1žºÿ`Úï[–Ôfƒ«¢µãD?=ûk+qßÐ?¾©€?$JZmYyM{g“Û¸î%1-DÙ&“qÃ+¡H±¥©±Ss?hpYÊö§²8jªê«<6·e×/€½w$âAvìAv€r<.dÛvV„Šç)#f
=<°?•ÌÄýA""•?L“šˆÊÙNØ,Ï’´¿}*ŽŽHï½±Ú7Ö^+?ÁïÖ†"n±¿?ºº¹¨w»š7ÌÓ¿}g<–Û(¹Ø²÷Ù ½tÿÊ•aßš±Kéå¸oyÔ79ÚSÕõÁ…z#³æ‘‡}·~˜òmè$ŠÁ@8è?ìï«:ûÆ…FëãAB ¿<¿URµòýg³b¾¸øôrÏôlø½Ÿu9“ãW?í?Î—œLú&‡}“Smï¼Óí|œt&Ûj<°­}1„¹ž¯n†Ö¾ØR$?¦G8›ûÕKgkŒÉ|ÜeÒiF­ÞôßY‘Òi‰S«_ R:­¨Õ[\£I©4ü~?Ré-?ÉU[¼åöD&?–¹ý|ØG‡–ákßÜÙ°Ó`Ðílõ½Ù¡™ð.,7›žÒ¿(‹ãx²”¶4—äÞ¶Í,ÇSàig3nûì\ö‚5xûþ\íwþƒ<íê[Îýl©)ÓMù|ëÏ5VµÖÞÉ/†?\ˆ67šÖ<.ù&òÙ€¸æz?f?+/ù{?ýl|«¾OééÞ?$úðõ|Bà~ïÆl°¾¼éÛ_ëŠ>8[¾i¿ŸÙžëÉÈ“³».?ß¸ÇyæF§7)99øÍpí/×ûÖ™ª†™­?“”´ØûÅÍÁå'O_}<$¾__þ¾?>OœýÍkž'ßÒBÏï¾Z9û«õŽ5áá?ßðóÍæ?Xúüãç;¿î.hHV`ä«Û“«‰åxZm°¬Þž°·½q~û™ëžApäOŸ,žøÍõè“ý<:äx°i6È¶!?LôÚ*?«°’l-§?Þ›÷nñ'NUÛ´L&?¾¯¹Øb7YÈŒ’sÍ¥‹ÝåÔ~»àm*o4²¤ÈñpŒ³m•+&…C±ÖÀ+D¸yÇˆ¹í¤3öuï2‘4zg°ÁÝa#""i±ïŽ/wÃ‰÷t·;F¦|OÖxÚÚîLÞË]2û¦‚k¾ÉRÞ‘‘ü+¾³Î½ÇW¸™¹ž¯òÙ€³·v]ló˜u¥ÂS}7®?$‰Hší»ëu¯NÛÊ•ÕÕGFcDjsIm½»Âfàˆ(éžÎ]?K#}Små›®V–Œ,g+k®(â2+sc¾àjTˆ?‘ÖT[[R¤Jû¬!+ã“K?öüW¸±þõ÷ê7”›žî_Íœ­æÕ­n-OD©•¹¹ñÉ¾É PQãÞëdG“4u§¯É½q¥Â\;ž}ËÓà¸ZÞtÞÁÛ?ì'*x¶GÛ{?kËýûúOÞª×·œ‹bOéu&*Òa˜Õsê?ãÁCïÂ6??Nˆwv¼õÊðwwzÿØO´ºî?‰!2”6¹f¿ÿú«?šŽ‹ù£m-—OÞûöÚ•Ž¥UÔ?³lÙìà¬¯s\þø£aò´ÿª«´ðßà¨cmÝž¾¯²?ˆ’½wÇÞ¨×-?õ®ä©xù„[³0²ÙÙöšVç½>vce|Ì×~Ö•»²‰M?Nç?«:Ù¼××6±Éû#«è\ÓÙ÷N¯Æ?µ¦ûõTà³ÛKD$MyOU­^îÛ=mZKS½³híå—«Ì¡þô«¿ÅÒì’Ð´q`@öY*ºòmíŽkÿxcññcE5?ýywYöÓ´ÆôéÇ¹ÒHZŽÆiÓQ«"ÁÇå4ww×¬~©55ÍöšæSa¿`Â÷ëÂ^¬¹?Õ¾þnkzz OmB8x›R}£þê®u?1ø 'fpRt›óŽ
†H…^žW‡ßz°Í£ñ¸O$_A[ÒrùÝR2¢¢Z3©¡òÌÅJY&–%zóW?÷ž|»’(“!UîE0u>~”œ¿ú0hõÅ÷«)WÀ±Â•Ÿ8ëöÞÌAžëë›÷œuøúî®~÷˜›NÕHØâd£§¥ªÏŸËÒÈÄ\—+Û5":7žÿöâš6é/ñlÖ–ÏwÖ¯oš`Lîz+-…iãå¾µá¥Í5­N¢ÕúHx…h“xÀ5·?É .qWÐb~9{kSYþ£Ô\RQ4à_W³‘¢moÔqùéŒÈ;ím.ö¬e ¶:^úÆ®æéoúæ=?{¸I‹}½B÷¹ú¹/§‰ˆV¦n\÷–]¸Ôð¸…+:võF°î?³•èÁqì”œè¦zÆêßkÎw~ˆ?ÝwŸ<Ë}y3»9õíÕé²¯×=î›¸v5PóÖ™‚§YÌ„§úú"¤­hè:{Â¥Ë~Ð%ÇŒNÎü1²»šOw5XÕDDK÷?ù?Î^´M÷ÜóIÆ²úó¯?°ÄÆ{~š\ÊmÚUDD:£?ËNƒwÆæÃÍúIà¨:äxPUéòo›v±>1*þÉ.@[]Ù«
~?àx24œjœËN`*?ôèÝÓ«#
¸æî–­WL#"?§ÁÃM¯Ž`žšš{ÙS£!
Næ‡òÕ7”íõý#)Y3TÈ?ÑÛ;³îñthõòü‰Ë}IÃáàb8AD©è\`…HŠ­y\R6}J‹eëuÌÊ¬k]èt¢•-ÞÀ^âæ(÷ÆFoÿËèmÎ`°Øîò—Ãá´™0õERÔpªþ£ÛãË®V3CD›èõVu}h‰æ¦+*«(êé?
4t¬Î3œê÷9Î_@68–xgûKÆ?‡æêsOK÷oSç¯\ü@îƒÛ]t½w*X»Ú±SLõœç^+ô!-öþé›PÓ¥·>tèHðó‡oÅ_½æQ§F#Æ¦ó?±jˆR‹½_|ÖküõÙ2ŽHƒ?ÙÛwÅîÓïtªãÓ7¿þôF°‚³·?}§+»Ùkû«—ÝwþÆÎekÕÿÅwþÖ7Þ;gU+ñàô½é%·}óQ^pTr<hm®i=Ü€­¥»iüËìògËã½ù®ð5Ý]Oûç\­ÝÅÞÛKÙ­ÅáéhM£aí äª®ÆmÆ®¤„5—ßâìÈøÖë:¯¹Ü?MÝþ¦wdif${†[œ«ë§m‹Ÿ>Ú,ÅãÁx<8ãí'"ÞÐðÊëç«0«òÃÖØeü´Ï[s¡JG™¹Á{†î_”pRþ¬ÎÓàùöÖ\ðDv’=É71Nm—ö<€ÃQ¡ñ´µÞ»1p·;H‰ŽÝ[ì<{VG?{$ª+ë›oý0ê´Û‰ˆ$ßxÕ¿WðBxx¿ßÚõWÍ5‘ÎÙÖÕþ‡{ÓOƒžìmò]ÚÔ•5ñ¦™Ê²ƒÓˆkèè*3‘º¡Õsó‹@Ù/O8ó›Wƒ/»?DÄp¹Y„°ÙÝ\kUsDd°×?Gg¹£ïðg.€Ã¦vŸì®?ÌOC”eêî(¤S?©¶¥äöjG|ÿÀT°ÒôxP2ïiÞ?>ëò_Ñ\eÛº¢Žìó§¼7þØ³æä,GYy¶[ÿŠ¯ßçß²€ý¦v¾ôóßTŽŽÎùã‘?ó®ÆÇ®¥{÷g]Å¸|Aè<-_û+º4ã÷}­Ýg5D‰Çseõ?t-7Î'å±tüjãŠ%pœØ›_*û§{cµoÖ†‡z?'e[ÿ0çnhûáÓ‰¹6»›#Á;æuuþ¬à;2R0´jƒùQ É”6˜Z!ÒI±€?–¦Tx!ð“è|<w¼Ëž­ÉrD%vãšÍ'gxÓ»j+ú®_éénö”Øf=>Ížˆ@¤ñtžšüáñp7c[WCA³“º²¾™_Ì^ïùÆ?ŸäÈØV¿/÷5u&O«KÈæê®®§Íâ!Ì?=ÎE5?}¿»ìq¢Xì9Ìx@D¤sÖw¿^ßMD™´—|“Ãã“¹•’ý“¾Îâ½žúŽ,sSwÕëäÔ#Öî¿xâÒŸqÔ´þeÌÛåªIM?Î6Ÿ¸€ÙN?7•»óå‘O‡ú"sá®×Ï>y'Ä^ÓjÿÃ¸·Ó]“öÏ{º^-¼±Q’Ò†Zi+N½¦7‘àýîÓëÑ²î¦‹Æê*¡ezbòº0Ô¼þ?}inÁ;zëŽß—r\|ïRÍÖÝ5á(@z "27tµå?¯ù²îö’B¯G9wC¿º!ù|ùŒaï¨ß§ûšW]¾vÒÈÀxlÓ±h~LuZˆ?Þo±ZÖ~Ç†Ÿå{o¬­¼J­3—¸ë:/\hyÜþ¾"¤¥bp88gûIîÞhìd«{³;xÆºÍó£“Ë?©aï§†£GW{²Á;:â:±ù-c}Ws`x:œvvGF]då#²Úér•­ùÏ¬!æÆÆMg_=ß\í*s¹ÊJÌÏÚ
Ì¨ÍÎšæÓ~ú‹¿üå‰•ëƒsXwöˆC<""âJ:»=v‡Áî0T?>¹£UÌìõ'*ž,¯¹¹v¿îkreõõ–Õi¶÷“¯úæ–ãÙaR:N~ûÙ?þá«±`îµnÍµÅéÙüØ…Lxäîƒ žPß¿üÓg7½ËÂº¯ËØÒÂãß0wø‹FSsáß|øÓÓæ?rî†6aðêÍ>]k:q¿GÇÏ?ü«î­¢ WVW/\½1¨k«ÙÙ{í×Ä?žÙÕ»'RÜ78Tˆ´&3†³÷%ÒËF6?ÛºP©¹±Ùøê0°t"žæ0áé‘‡ÎE?£®<ûAå®ÎÔ×´5÷ÍŽ¬½ÀÝ‡¥ÐÖ²µœo›Î?èM/Œ~ùñè“Gõåºä’®¬ª‚‚¹Ìbðæ')s9)0í‹"Çñ$=Ù_ö@g'cI1vçöä"ž·›ÕDDB2Ï¿˜\s%†ž¾p8õv‘Ð^Óª»×g¿àÙl?8ŽTÛ®?n¯iÓ?Þvœ¨ÝéB_ÿú;Ôsë³¿¿B:_ÕÜ}–ˆ˜’®·¿üê£ÔŒÄÙOÖ´Ñ3ÜEá´Òô?ß]‰ëZZI¦Šß»P²ûÒà@ À³{¼&qŽûDÃþÞ×T;»ÞyOsíóÞðv?Ô‹? ävrDúú3ç§ns‹bpÆ›ýºãjê;Ó£½sûZÛ­„}Þ5¹Dƒ??1ÅÒöZ·éàøs¾ôë7·zL_ÿæo×­·-ÅÂÁ¢úîÂÆý'¤˜/é?Š…äU‰!ÖÄ[Ê´=‡rÐtuoþÍ––tÿö×ëvHÑH„o;ýÔÉ$oüºaý.ÎZöÝú³R:-qê5„³Ÿøé¯OHé4ñjŽ!úmSîg×ßüvÍùÛof©Í¯¾Óü*I©4©Õ…LÖOÑ\€]N?¼³÷,±,™õävÈ,6ÿl`/™ìD«ñ€kn©Ù»‹$IÙ0[1jgûO~Séé½70“\ß;ŸÓ•8ÛÛN6¸MêÕ?uoþÆ<tûöðê?_"âì]¯Ÿ-ñ]Ù¤åá@XÛ~ö3çäøÈøäô¢¸!ç¨‹Ë:O¾ÔæÂ¬¦°?àóÚÛßqRìA¬ßapVÕ±ÌÎr¦¬H±tôA¬¿ÑØ±a)J“>æQ„‰¤l¾ÞÈ–†Œ:*µ(µeJñ?°^é™ñKë_ò†ØÊºh°n÷³Tlciš‚J‹§hh†uÙ¨Â±ã§d™B+44Ã¶V"!<æÏ_^=ì:´…Åp±½°yyÛRpù¹¨êòÈgÈO|TÔôÁ/;÷~¹ƒm(R:-¥V+)u‘Ý¤ßö•”N'b?*²›Mê£s‡D‘ÒiIJ†#qÒ[¬:µúÕŽ”•©×«Þ<[È¡Éø Z­6k6[/¼0Ë©p:?®5´íº„M}ÿ€[Ø›Ïˆ—r¦q‡ñâX‰O}{uÑs|VÎ~0Ï´äx†ÔˆR<I?å;lzØ¡çåÛ™ˆ.½ršˆúúú
9¸³³­°¤¹á»?'E­è¬?Ðl?]GÃ©5®BîprjµÑ^Ð‘ŠáÔŽ4%ºçãëOQÍ…÷j
<6*Fª‹ê¶|XÎ$c¡Yl¦-µQmzŸØ]M·òu?»ÚÍ‰íUTSB6#Q(FS‹40McÌJ’y£c¯?0CÍ«?+ôñ<XNPÅ–C¬eI‚AYã0˜U[¶,ØŠhwo0ÈC<€g%<É÷™ç=mÕèp$($oÕ§H
\¹;,iŒœ‰¨ÚßxµÝ¶Ù?,ÃítÐÂö¾ÀìâÒÍ¨£×O¬»£ì0‘ÃD5%tõ>-„èûÌ‹Ý†p|ÈòV}Š„ñÛÁ«~Æ¦£hh¹â¬í-Ïæ³ã±ìŽ-Àˆðl”ÀXßãI-ök)4ØSœ±êÜ…ö"‘´pçëÏæí¶ýŸNf)J»ëS´!ä9Lôúúä[`0á¸Ó¹Ú-ÿ]Q-?Ïÿ_Ó‰W<zÜ‹Ú'X÷ž‰´0Þ—_F€L;?x‡ÆX”½ ¦ÓT¡??Õ—'}»ÉíUÛõDw˜¨½j÷…ÃsÄP”]¼SN¥ÉP¤Òv}Ž1´À³?ÒZÏ[oyr[¼Ùyä:õÀÖ”ØÃ»·–Kßxù@þrEvs_ó´f?š˜ÎŽþEÇŸ´¸2Â^ø©Õûñž§³»ŽÉ|/%6çÚ?ôò;'žeRÌˆ»9Ëö´è’=`w…ÃóE
ùÿxC¬¹PÜd@ÿ—}„à”Yºí;±õ?³µEè•Ï…xà_¯Š®Å/ïå‚ð$´ÀáŠzï?ò[zw{c>øö]Ü;ôÈŸ$ÿG_^#"*}ÿ¯;œûýœFE;>+{Ê,ø¡X®p8Þ|ãÉÑÑÿwDDì;¸šð?¾?ŽJ<ˆ'’ÓÞ œHDTì°¶6×ôv°·âc_ÿéæÜvGpƒ³ÔÓ~¢Þm>˜Ï]a±|0¿å6µ4îÿüè/-} IDAT)`¨½ø“Ú~ÎR‹Mì¸©bjñ)ñ`j1Wø³ÔŽ¾²N÷ê<ìJ¼ŽD<™™\»'–áªJWkóqZëà9 Åã¾Éaßä°ºªógç›ÌGâCà0(R:-­ÛÃír5k)•–Tjõ?¥dˆ•i«¥
!+³wý?kË”]Ll:0M5%[&„@”¦s…?{Ÿ{™MÞ³Û¬"¿%)?ÎpjÍ!ŒþÍ®Z°ÅÒyÆÓáHÄƒÙ Êãšö.dÂÐÈ¤A¯­ò¸žV†ÿîGý›,êh«{·%úç›ñSoŸ«;?)ÛŽ“ôtß“¸_¯7Ë~ÉþÞ¿ÿl<¿ÕöÎ¯»÷½c<o–úþñ³)‹C»z‰$Å"WÓþÎ¹?ÆæÅÞß][>ÿ³7ëv>K»"¥ÓÒ.¯ðˆL¼%–Žš5ÖÝœLDD±tÔÄ[v}úÅ&jpí&!\½¿ùÒ?(]½ODÔàÂ¢DDþ¾?>?ÐÚ‹Vß³b2˜`k_zý|£uGWúÂÃ¿»i{ï·]»ù\\}ÏîâT"2ë)´ò”ö¢í…VÈŒ«¾gsÈñ`)^›Š‹mÝ]­Ùx?54:U\l{Z/#ç©ß<EDDþ¾¯Œç.×®~+Âå³q-:2lªÈÞ\k[ó÷!­<š?^ó÷ž¤Ù¾»^÷…ª}íe¤+é¨ü5¢Ç\up¤ÔœoÍR:<øÍ¿^q|Ø¾£õ=Jº~ó¡¤ÚÕW‘0uãŸ§=¿z³aW—;eZÏƒX?Õ¦?¶!ÈŠKGq£±c7Ï½…3?ÊJrÇ'Çúäj¯¢š’Ü<E¡M-æÚ\6Â’É?Õ?ýà¥Ç]4Ó¡û7þxc°øç¶”¡«¾ðWÜî®ž„‡7~7]õ›7êw÷ÍávÈC3,ÙŠvÜ ËZ¡…µVÍe“YV²ˆŽô?·CŽ×$?MÅãÂ´wáºñ&»…W‘,§eâÙt4–t%VËÈÉåPXÒ”X?lþß(.¥8›Í¢A»¼,U?'7|‚w_ˆ?~õÇ¾Y1»)MÎøÏVyö3b›<'»<pøÔÖæfOÏ½Ååv‡y'çqšƒïXDD¤çŒ?Æ_Òû0>¡ÐÎ.˜bM¼¥ÑØ¡çöxM„7:äï0»ëe”Ík5¸dƒm¨m­ÍMÃ½‹ÑÛNnÈïþîÿ³2h¨µRž°!’wx‘Ï²dÖSk¥lÐìWõvMQI’"–aþöî<8ª;Áü÷ù2S©Lå¥”RºBdƒÍa(Œ¯ªrUuÕtwôv÷ôlïîÄôvÄDtÄÄnÄþ±³³±±1óÇnoLo÷tGÕUåvU¹\¶ËƒXF€??@HèÈSRÞ/ó½·d¢‹K€”)Ð÷ãG¾—ïø!=e¾ïû]¢ @(R<Ð4m[­TúÚƒGnE;ŸüWÞý‡¾ßãCèâ/¯E}"Ì6B_Øk·ZBÁŽ@è{ëšl@bôË?†Åºj«vm0ìî~­Çgzâó=»ìÛúv?™(,Ž†f4°ÝQž$IHgsH??þÍxÍÁîÜ•Ó—&äî7?¶Ú`¨á‘?þo&IÉé«éÞµ³Ù•OÖ©±Ó¿‰µ}»«?‹Ž^¼xéfh–úöÞ½;j¬wïR“Ïœ¿5Ê–ÕøÚ»^ðE>=3ªÎBýæWE qïw»¼Kw÷U7ììÝáhÅB™do±u­ÿæñ¼´Õhñ#SÂô¬KÁxÌÛ{A€ÝŠj§Ñâg›¢G’$jNB—y{¾å™<Û?òüaŸP£Cçû¯ŽÏÇdKM}gïÎæBÃ¹à×ï—¿¶¯¹ðü(5yùÜ¥¡;Ñ¤ÙÕÒÝ×ÛâRòíÂ5ƒÓ_ß½sKòôW#©4Ô¯?úå5-{¾ÝU¹tw[M}gÏŽfÏCŸ9ÙÌØZ»1ÿ?!ÃÐ5M“$JR>)dÔ'Ù«Äñ ‘X6‹I~Ø¢ÎŽ–=•×HÆÚøê¾:‰‘?>MìyõHmþu`*ÕÔš:uIyñÍ]u&À¨¿ôñ¥Ñ˜o+ç¥M©ÂS/_§®__‘ÐÓÖ»Å?ääÕ¯¯M…ÂsZýŠvÕÉÐèøð­áÐÌ\"•…Raóx«·µÔ9”•‰÷;òrZ|fdøÚÈx(Éj&“§ÂíkkÞÞÔPñ /#571úÍðh`.žÓ`±xÜ.CãÖÆ†
óÝqTã3K÷\¸Sx]VÛÝác“DºC?¸5&ÕïuB'S>‹5vö}«×nU50ð«‚õ¯½úm?’MM~ýÉ¯ŽgÞ>ÖQ@Ï$Éü°63ð‹“‘m¯¾ö}¯©À7'z*û£
»ññÏ.Yû^>üJ…EKO}seÜüâ±7j†?ùùDã+¯¶ØIÉ'?‹e/¿ñ½W­‚›ùfp<êßúä]J¨Ò?J‡ÁyŽ×?:vkHª{Õ„’¡ÄÄç'}Û»½õ²Õäfúß?h|ùðw¼f-1qé³úD}çµm`dÃÉ»O?“Ã¿{¥üÀáï¾â?´èè—Ÿý2õÊ÷»½×ü‘ƒ¯û,¦ÌÜèàX®ïè1ÿèñ÷n×½r¨Íž¿f?Ðà¯¿t~ëí}.ÅH„o]¸¬óÔn¢ÏXÃ04MÑd¥g¤Ót‰ãAe¥;\l?˜H¤ÞÿðóCû_hl¨yÿ×§ò+×nxS«Ç%€ J°y_k0?FçeL}s9?/‰?²¥ÆÚ”R±{ÛggÇ‡FDíò·ë_|bböÞ??ÔÔ×'?¹]úÀB?KLÍ?N?Œž±Tí=ör‡kéÃŠ#×-‹Æüè™ÏN%+G³Ùph&š¹zîëž#Çz«W~Ç¤¦/ž8qm*½dU:žœ
ON]>Óïïëq_¹§Ô?‘áÀÝ×õömŒt×ÌÕã…×jäÆÄ¸ì?r¬NB@Ì·ãû»
M0b£ý—•¾ôúí¥iïÁùŸ¾78Ör`YÛ¼ÔÍ¯]½¿×áUÀêëêíþé…[É†vóÄå/gÛ_=Ü‘Ÿ¿ØÜÐ»`Qdˆ’EQ
?%ægF-ß«±Ê{ÍÎWŠúÓ gÁÌµ?w?R3‘¡‘°¹qï5…ëTÚÚ÷ÊÝ<»>pYéþá®;(Í}¯Ä~ú›‹cÍ—}¾¹8ÛõêÑzÈ®ævÜúÉX Ëë‹®ùºüþ¾m¯ø Ì$BRÊÌJá(Éh`®®£Å¥HlžÖW<EûQl†¦i€ðeƒÒÇŸ×µ4äÂ‰Sç*½®¥Û¬ÑÙÄ‡Œü É"ÌöæŽæÂ?IG»Ä¦E´9‰ñ›áÅE¯å>m8g¯œ½^šÆgã€HŒ?þø“áô½{¤gÎ¼÷«Ø›oö­æþÛH}úáçãh7™MþúWÚòCÅFŽ¿wjæÁU©š&™6tw0Ú¸Lv¯¿fËŽÃnÛÂWI}•w¡y¶6xö/y¨äñ7ârhKÛæiáPØckO.ô»Kg,áLÈÎ²¾?ÞG6÷ö6öh|ö™ÖÝæ÷z?åO8¢m
&GU•¿±«jq #À¿xO¥ÍEç=Í5‹×¬àõ7âb4z°qéä3óáiÍÓ¬N-^´)d#³)xæ£?òš½?|?ZVÓRñÄ'ý}UoEÙæ~B×0IÏR6(}<hl¨¹·Q"‘Zhtd³YW1°é0UUû/ŒŒE›wW)€žŽÌª.÷ãAGôLÑÔdF]úQ?‰OŒ,2ÀÙXsŸ.˜áñ%KJ…Ín‘¤FNŸX’$›§cW{}™6{{xàÚB}BúòÉ‹õïôùõñ3wí³Ål`©ê;ÜÛQé? Å‚WÎ~üÍx@úòß´¼³Ó“¿CJŸ=»,(5UUR|rjbäö|*[µ½Ñž¶yòãýÍ-¥Âf¿ûDÀ*?Kâ´Îª:v­jlG-«Â$­¼t²+·ÒT`Ùh–úÝÊ*€DV…"=úÆIòízçG[ÆÆ§Æ/??)]G?õ²²‹–ªÚÖ»k5“KjÚý®¹{:²ªêÊ>®Ž×¼åfhYÇ*î#mÍ‡¿ëNLŽ];}.0•ñzûÕæòUð¹`†(Ò=Ÿ\‰ã?­ÌÒ×ÛÙ?poUA_ï“wK~<æú—^Iœ<ûÙ?5ÑdèpÕ¾ü’ÛÆ?\z¾M]zïï.=l“¿·íÕw&WÏ?¾í5.ëÂ—‹º^üf©Üöö±?ü5ÍíÍïýj¸PáÙööÖ‡ö(Ô&¾9?wÁ±÷?W;
1E²ûv>”ø›?Ç4sÃCSÝ{k$áá¯ÇïÆ¤ú}ÇŽ¶NQ×º£OKLÜ‰ûÍ^éíowÝ3ïAûËßæ¼ô4G…}*4—ƒýî÷j,:ƒú¶å?V•r—i6©øjjVÞ”ÉÞ:|žEÝŠ†²¢@_1æ?ÕÓÐîihï‚6þù_õ·¾ÝùXÃ(…«q*ÒÚmw¯Æùðê·­ødv8}—Êý5÷|b»¼žP œé¬X^Å,É
4-·t• Tøš+|Í/bî›_üôòDÃKu›¤!ŠÕyÍ”>Í46ÔôõvÚl+‡ÇµÙ¬¯x¡ò1[ùv]œô€¯çGßïñ!?7ÂÝÉÑÊšŽÜïµÉ³íÈ[GôöÁï~çè÷lçãÚìL¶ž£{î?<œ¥÷?c½õK²€èÄP|aAêØÕíYòüAòmßÙ¸¸˜˜Y6.Á=´éñ«÷ú?ÛZ–ßþH5w7šBÃKÕÖí|¥}ù—™d«ÛRµI¾?¨Üm½õSýc©|WÛØµ³çÛV|·yZvÔÜ8×?~wd0-1uy8l’¿¥G8{1?¯ÿ27&TŠÍYº0Bc7BêÝÞ¼ÉT
…_Vôd<-;êo]X¸cC_öÏ6t¬¼f•ºŽ6õÜ—W#w«f3¡¡ë*€ŠÆîúÐÀ—Ã±ü©F‡n…îFåÑ±üÈ”?™Oh…‹VM&TI6m¦?bÂ³—J?kr>!äû(BÑD2?ïlðs<‘ˆ$_ËÖÞ‡˜èmk¼g†u~.¶¸ä¬Z9G§µ²Æ…[wÇ2Ÿ?­hd±\|>´¸?¿taÅ Èñ…žÄZd>…*«š˜]'ðo©Y×¹Üˆîak>øjò³Ï~üWýŠ)ÍÖ±ïØÞ{‡g)k;ü&úOÿê/>?Õ†”fjìèÛ’oç±7Ä“ýíß«L¦ú®½¼]¯nŸüøÃ¿èLmoÿî6iöôOÿvvKY&+«;rð'Ÿ"BYÛá×SŸ~ú«¿øB´jYÍÙ°ÿ;{ëî¹1”*{ß8rñóOÞ;£ŠV)«JŽö]{[?¿æ¿•ëÿüg5 °8:^Ø«’{ûáf>xïïû©çÕ?è¶h·>û»Oe^âéLåÖ·®¦í•Ò†ˆùVF¶†šât3 ¢oó¡Ýu+î-$[…Ça{DÇû=°ÔrK›ý»Ëï¹g‘§cV&‘X\N¼iþ¡TN]zz¦|Z¾Þ?úÃ½gkÿÖo·¯X'{»Žü ËÐÔ,–Ï)¥iKZoK®¶½oµíÕTU[>õ”`õ÷û½šªB1/®—<;ÞøíZF…¢HðÂÑßy÷îMÀ÷ÂoÿÑß¬êûÃß^±Jòì8úÃÈ©ª°ìrÒ²Ë†x°Vï<úÃ?È©*eé?£ìjß÷íö½+®yÅÓuì÷:Wvì³c?¯aÚð6J< ¢°¸ü5k÷”}Ù‡~<¥OÓèA’€»*ý=5îÈVæ?Vž?¨tiEzV§‡¯†<]+.áÝÜ’r¿}’yÙAh-ÉË¯Yc~äÚ„äl^ùí ? %Û=×ü}W®¸†i#c< ¢µau¸%,tMÍÆÑ°¼ÒlôQã¥.aw8?»Û›k¶ïzT
«ÃmÂB×äñPTkµ=ìþÉlñ,ž€h?Ìôÿåñ«6Gû¡ƒí?Û˜hƒHÝøøï>ŸunÙúöN6Ú¼ˆh?¸«Ú1|µ°?™ìr/ž%364´¸­½¾êác­X}õ>„&®\
4ÜgªC?%`/Ï¯÷Ö´JƒWïÆ“k_uÔu,?‡ªªÊÂã,“R¶$ÌÍ'àãPÆ´æªúþð·ûJ]¢Õ³¶ý£ÖR‚J?ís‰h?Hþ–®ÅÙcW¾øàÂd,Zjn´ÿÃþ‘Å?…]ÍÞGÍÞÐÝ¼.Ò—?þðóë31UCS“Ñ©ýÿä½<7q·…¬äo]:ˆäü™_~8p3Ë¨jF?…G/ŸüÅßýü›ðÝ!_`uT,™úpüËO?»<:5995><xð¼jDDDÏ;ÖÑZ‘|;_é?~y.¿¨Oþãà}¶söô¶?r¢MXvï¬(´Ê&†Î:sÏV‰k#±æŽüÑ<ÛvÝúåå»?@³ÑÁÏ~³üü‹“$@¨jé2]¾p7²d#çús4vÚš}&?ˆˆ6)ÖÑÚ‘«úŽîmX³!ÉÓsàí?«› ¼íèwúz4‰@xaŒ#Å×{ôH›åÁkWo.Ô6ÀÓùJ×}>?[MñˆˆˆžG¬= ¢5UÞðÊ;Þ–+ç.OÒKß?¬õ{vílv?ÎàöæWÞ©júºÿë‰@B[ö–ÅÒØÚÙµ½Í·´Ç§`kxù?ßiúºÿÂõ‘à²í%›§c×Žî–ªÅÓËU}ß>æ<w¦ÿÚüÒæDR*?ÔPÁqaˆˆ¨¸tÝÈf³¢(šLr.§†!Ë’ ™LV (¦Uc0m*÷¬}Íwlþ®ƒowAË¨j::›@™Óe5?é@Œ‚Í·uïÛ[?œªª‰ÙÙlN«å!‡³Öì8X³ã ¦ª™ÄìlJ²{íÖåcu/?]í/½Ù¾GSÕD,×ud""¢õ“QÕé™p™ÕRåsCQUÍVWyd“<=’e¹¶¦²8Å`< ¢õ"™«¹ÊúðÖAññ±‰Å%¿ãÁóÈŠ"+¾2×ªO¯(e«Û^?³ÃSãXí‘‰ˆˆÖA.›‹Fçu]¯‚;2;ŸL¦=ž
I’¢³1Ålªã=Ç´ù±«Ã¡xdh$œZ\k©¯äè¢DDD0tC×u«Øt­1Q)df†Î?/_çìÚÛ±êº""¢ç?#›Í¥Ój.§išžQUBNÓ©ãã•H™£X$ÿ®—íXÝˆFDDDÏ%A0Ã³Ùl.:Ëes·nOË’4?/·Y‹V
Æ"*©Ì[ÕQëPLŽ*Ÿ×ãqY™ˆˆhsSLr¥×9K‚àuW€(Péu¹]Åë Çx@D%áízûÕR—?ˆˆh‘eÉíªp9KÇ05#•J›Ll\DDDDD´™¨ÙÜÌL8§iþ*¯Ý^&Š"MÓ'§‚&Y¶——­âk€ñ€ˆˆˆˆ¨ôrÙ\8:7;O&Ó~¿×ëqšdÙ0ŒX,©˜Y{@DDDD´ÉH’ä°ÛAŸI¥2ÕUžb6+Ê+q<¸56ùÈm*+Ý¶2KQŠCDDDDT2¢ xÜU>÷äTp&N¦ÒU•nM×‹Y†RÆƒþ?+«‰Þz}ÿ£BàüÏo,]án}ëP'X""""¢gˆ$‰ŽrÅdšF?ÈÍäd,–°Z‹4er‰ãÁB6°Ù¬‰Dê![ƒ[CÍ#ØúÊÑÝ¾µ+Q±‚ ÉR¾G²Õj®«ñY­æÉ©`NÓe©xã—¾ïAcCM_oç­±Éþ?+ù¦DKßM&SOcä²Y]2)¢ÐsÙ$“ŒœªIŠ‰ðLJr»?fqq—\,Ì,®4rÙ,LŠ˜ž‹DU“Ë[a
ê™¹P$%•{=ö»?CCOÏG¢š¹Êe…{
CDDDDô`ŠbòUºÍŠI×¢(zÜfÅTá(wØË‹VŒÒÇƒ¾ÞÎã§’ÉT>4mñ/}7Š®>¨ªšUï.ˆ²IFô›Ó'çÞØßdËÎÿf0Ú¾ïHKæÆ§¯‹I=Ù‰þ„­­÷[ÛÝ"?ýò£a±®Úª]»»_ëñ™‚WÞý<á«Îi¦
%˜Òk?¼¾Ý# 1òå7Ä†j«6|å¸­óû½Õb6pþÓK!w•WN??£o=´§•›ˆˆˆˆè1Egççæã‹†aè†!ñÙséãAÿÀ•¾ÞÎd2Õ?p%Œƒ‘'>ÔíþÏn/,4÷üh§Ï×óâÎS§?·&‡&ü=o´Ø€€„î}ëH‹MÀ‹³×Þÿtx¬eO“:tê’òâ›»êL€QéãK£1ßVP][õx€Ü?³?ÿf,´ÝS97:4ßÜ›oÈÔ€>18hè{}[€låÀ{W§›_¨VX""""¢Eš¦Çâ‰HdîÞ·¬(ÒÄÉ¥?¶2ë•«#?-ùÚƒ®Žæ¥ï‚Ñ+WGVy¨ûô=l­{»C¿¾4ho~k¯oa\(O}µ-ŸÁœn?Æ£sðÇ£ó2¦¾¹$„”­Piáò{²I`°WÕ™O~uZ­óVÕTù½DwßøùÁqÈå¤x*°þ€ˆˆˆˆVÉd’+=®ûNf//Þ}eéãA"™êìh¹ru$‘H%©ãOQ{p_ÙÈÌ”q.4•lYhð“Îæ
¯]$’,Âloîh.ä²ŽvÉï{HÑ×}àûÛbÑPdòÚ…_o¨?d8k[º«½Fº¹ØCÔÑ³LE«Ål’ïÓY1ï¦½”ñ ?`Ñ­±Éàãt0x<‰›'ÏFöÜ»ðÁÉAÇ·zò5‰›·¦š{ü
Ò·ÇÇ$ïK.˜Õþ#cÑæÝU
 §#³ªËý€˜¦ÎF4§ÛîñÛ=ÖÔíÏ4Õ5˜ŽßšÜ^ßâ=ž‡Ç©¬Ë¿ˆˆˆˆˆžGj6;19
Ï‰¢ IÒÒþþjoµÏSœb”24n©É7zd6h\Å¨¦n|þñâÔîÖ·öY¯Ÿ¼?®}»}
|½bŸŸ<3òÚþjžzëÄñOÎæô¬fÞºw_?Èõ/½’8yö³k¢ÉÐáª}ù¥Ä=º>ø› nµˆjU»z}:_ì;7ðÑ»£’YÌj¦-;v¹œ
ûÑ*‚ O¦Ò‡Ýæv9LŠ)LrñnÚ…÷?ú´h'»W0}øeeÖµž29qãÄé±ú}GZlÐuˆ÷ÜÃë9]?WÓ;\×uqåîºžƒ(3lt“3ÑJOE©K±*ÁðÜ³RT""¢Mb•ßÎ¹œ&Š‚YYí?½a ?ÉD"sÁð¬ªfíåe?Óa·É’$Šâ^”QsGöïpñâÅÕl¿sçÎÒ÷=¨ôºJyú{³°ú»û{²Q,}o""""zö¬³¿Ú[á(?Dçgçãw›¿Ê[¶Æ?ËfÞÌÚš_>Ø ±cm8¢(–——É²œÓ´ÛãÓ™Œêr:Ö—hb¯""""Úˆ4M›?%CáÙx"éqW¸œöbfƒMˆˆˆˆˆ6Ã0âñd ‡ç4Ms:í^?³¬Ì
¹œ&ßoÀÓõÀx@DDDDTz5{g:8v{ZÍfí¶²tZ?žçßªòy|•Eê²Ëx@DDDDTz`µXª«<‚ ˆ‚€%#?=jÑ“c< """"*=E1ÕT{«|nC7r9Í€‘ÑT„¢µ,b< """"ÚA?$)•ÎD¢sñxÊ0³ÙTá°»œvYb< """"ÚdfgçÇ&¦ãñ¤(Š¢(ÎÇ¡ð\u•§¶ÆgVLÅ)ãÑFÏ•ºDDD´îT5;9J$R5þJ‡Ý&IR&£NÍ„¦¦CùéÒŠSÆ¢?®¦ª¤“‹Ñr“3Ñõ8l"‘ŠÅ.—£¡ÞŸïl`†Åb¾6tkn>žï²¼ç]?óƒ•žšÍišnVL‘A(+³(Š)§iF±ŠÁx@DDDDTz‹"Ër2•É¨Ùü]7b±D&£*&yÙ@§ë‰?‹ˆˆˆˆˆJÏVf­p”‚‘Ñ›»M„Œš"‚ ¸œŽ¢M}Àx@DDDDTz²,UWyT5ŽÌ…Â³†a€b2ÕÕø\NGñŠQ´3Ñƒd³¹\.ç«ty=Îd*­ëºÉ$W8Êv§E#""""Ú\2jv&±—Û¶ÔUéºaÀA‹ÝU˜ñ€ˆˆˆˆ¨ô]Ïd²ŠIÕ4=¿F7]×ˆ¢(Š›¦krÿÀ•[c“‹?5¶2kcC?­ÌRÒr•¦i?`DÓ´ë+½.¯ÇYœ2”>Ü›´Ù¬•^Wþ5€D2uâÔ¹Cû_`B """¢ÍÃ0ŒtF?Å“+ÖW8Ê‹V†ÒÇƒûJ$˜ˆˆˆˆhs‘$ÉçuÕÕV­Xoµš‹V†?šjòµ‰dº¯·3¿ø8ç6ˆWŽîö=mI?>1ÛúÖ¡&ÛÓ‰ˆˆˆˆè1ˆ‚`³YÝ®âcz¯‰Ôñ“çò¯ƒÁÈû¿>•ÝØPÓ×ÛYäÂøÚ{÷'ÌÖ"Ÿ•ˆˆˆˆ67I–ìv›ÕZh;cF.§€,IEë— Ø#%=œÍ¶·å95›Óa¨³ÁéÀœ
†žUUÝXÜDÏªÙ|?p#7™žŠÄßUÊ½.káçbèé¹ÐTp.­ß}7¿féöDDDDDOÍ¬˜Ê¬FNÓÃˆDç‡GÇ‡nŒCÑ\negåõ³!jòl6ë¡ý/Ü›¼ruäiŽ¸üÙ‰Y‡?£™|¦ðíKZKïwºÊ'ú?»èìý^—2c'ßŸnxkO]ü›ãŸOé>¯3úb¶|çëÀú‹ IDAT‘=­6.v=?ÚéCbüôÉk“²³Á©Õ¯m?´¯UœÿôRÈ]å•SçÏè[íie$""""Zš¦ÏÍÇ$Iª¬t§R™‰;3³óq“,¥RQòùÁŠ?Ûš“ÉT"™Zƒc%ìÛßÜî û.üäÜd ««¡Ù;pa:Üéö˜¿=ÚÒzÀ>uGêÜ÷Z«ÀüµÏ=8Þ°¯þî!ô‰«×f|Ýßí­6Èæ²&}âÜ` ¡ïõm²•ï]?n~¡zcÕ¿Ñ³)‘HÍÍ'Ü.‡,‰¡ùx,ž¬ªt;+ì7Ç&£³óE‹èæöæí)?-kÐÄ¨Öë@4‰Ð4¢¿¾w†§t¡›C¹¶¦j1š˜·ÖùÏÿn;¦#ÑÅCDwPWWmÊ/™d"?;@tüüàåóƒ—/Íä¤xj-¢ÔlNÓ4I’AˆÅ“¢(zÜw…Å¬¨Ùœn©iûª=°•Y‰€²2kþÅZ¼MíÖ_?Žw#2\Ñô¶Peùyè IKv%‰Œ
(K×8k[º«›u²i?KIDDDD›”Ùl’e)™LÍÎÅb±„¢˜leVM×uÃ¡h}“7PíA0µÙ¬7Ç&ƒÁÈzßÑÔº%|ó“ÁP]s½€RÕP??Î€‘º905ø¼‹›»ëLS£ãódgçp×5˜&nM¦LŠIQLrv>‘[?rÑ&d+³ºœŽ¹ùøÕë7c‰d…£ÜlVb±D.—³Z-E¨ö`éð¦ëB®nk¾vûvm›?Š”-/îšû|ðÝŸ_¡K•¯vú–¦%Oç‹/}5ðÑ»£: Ú½/½²«®óÅ¾s½;*™Å¬fÚ²c—Ë©l €EDDDDÏ,“I®ñWŠ¢?§<ng•Ï-I¢ •^W1gBÞÿèÓ¢?ì¾®\„¢÷}««£¹?0]Çƒ“½Ï»ºžƒ(3<Ã&g¢•žŠR—bU‚á¹šª"uE"""¢ÕXå?D.§‰¢`VVû8^×?Œª¦Ó™\N“%I6É¢(?$Q1™ž`êƒŒš;²€‹/®fû?;wnˆÚƒÎŽæbÏ|¶‚ >ìNÿ>ïŠbélDDDDô\QUur*?Î/¬ÁlV|•.·»B„ôÐ½×ïs‰ˆˆˆˆJOY–LÊâØ7º¦Ggçã‰¤ ˆ•^gqŠÁx@DDDDTzŠbª©®¬òyÖèºŽÌÝ¼5??c< ¢u‘Íj‰d:“Õ4­xÓ³m¼;Ÿ &ÓÊqó%¯DT5§ëÆt?xŒD›ˆšÕfgã¢$Z-&E)+U1"ÑØÿ€&"Ú´&g¢n—½Ô¥X‘h¬ÔExl†a¤3j6—³ZÍE›ø€ñ€h³Èæ´Ù¹¸ ‰ååO=19­µ\N›?%ÒéL~Ñ²Ù\82—ÍævÛfœ÷€ˆÖU"‘Efƒ§uæÖ–+Ó¾@Ì¦Ý¸¨$A÷Ù?Õ?½?·K]"¢u‘ÍæBáÙHt.¿h†nüÕ^?§Hˆ6‘LV³ZL«Ø?îo6eýÉ`çÔüóYç¾ñi†85oŸš·_™öýVÏ§5Uê­1Y–\N»²dä"I­V³Ýn3+Åûg< Ú,4M+aƒç³Á15oÿÉ`çûÒ¹R„ˆh?™L²Åb6™d[™U’%?Î¨ªšEÁ$é¾?•ãDD?væÖfƒ?cjÞ~æÖ–R—‚ˆh?årÚÔt(Œ†!
‚(‚ ÄbÉ±ñ©hûU3=Ú•i_©‹@Ëð7BDÏŸx"‰Îårš$-N?,ËR,–œ?›è®k‰ñ€ˆèÑ1[©‹@Ëð7BDÏŸLFÍæ4E‘%iñ½¬Ìb2Éj6§FqŠÁx@Dôh§h£áo„ˆž?²,‰‚?Íæ4]_X™JeT5+gF´|1Šu""""""z r›Õf³F¢ó“SA‡Ý&‰bFÍNÜ™Éå4;ç= """"ÚTEñWyoÝž¼yëŽÉ$‚?Ëi9M«öy<îŠ¢ƒñ€ˆˆˆˆ¨ôO…(‰¡P4‘Lëº^nSœöÊJ—Õb.Z1ˆˆ6?Ê
¸Ê‘Ó˜E<]êÒQqÉ’äuWT8ÊsÙœa¢$*&ÓÒžÊÅ(C1OFDDK‰"ª?h¯EW¶×£¡šŽ™YDbHdpå6~}9™l©JDDÅ"‚b’SÉîÒK‚¡èÃ7(+³ÚÊ,Å*Q‘È¶Õá»{ÐÓ„*'f°(ØâC£{·áwà/?Á—CÏC/ÒˆvDD´©•2\¹:zåêÈ#7«¬t÷õv2!ÑóÄªàwâŸ‰4F¦ñ›‹øúnL!§¡Æ?jünìlÂÎfü›àÝ³x÷Æ‚X2ÒÑº(m<éëíll¨yøfïøy0±=b³ÀùŸÞXX’DGMûþêmE!v]Ws0)ÅŸ–h³0´Lr.¡ê€ÉR^^f’V±ÏÓÒ²êZß”{øáËxó>Äo12…XªP?0›À7ã°šñÉ ~kŽôàèNˆþé,nL­qIˆˆˆV(qã¢›·§nÞ~Ä×]"‘ZåÑZ_9ºÛÈD.?øäªã;Û‹7Ô¡‹¿ÄBaˆžqñxbpðJ<‘˜ž–—ÛZ[{z:KPŽìÜí[‘¨º°<Arø«š\ë;˜C*85^ËZÍ8Òƒ£»?ÌàÏ?Äñ¯ïß9•A*ƒ?ÿçnà÷^ÅáÈiø‹ß`>¹–…!"ZKº¦ªº¤˜ŠÛ“–ÖX‰ãA0Y—ãšÝÍõ¶«ã‘Äö
t=Íe·ÛiaèÙlNZ|´¯ëjN“rY]4‰©ðLJÊo©'_çzz>ÕÌU.{~w=«j’bB"<ƒÃç±å?ŸU¨jVEáD¹X8˜ÐÊ*¼+«èÙrcäæ_|µ°?'.^¹1rëß«¸IOÞŠD³’»¾ºÎ¡0´L2<Ä3Xçx°¶-Õ8Ô§?;ƒ÷¿zD?5‡‹£0Éø×ßÅþN|}Ÿ~]¼Ò­–ž¸ýÕ©/®Ï« YëZìí©¶®Ùáƒ?þþAoÕš‘¬Äñ ²ÒýÈN?ì»|_é¤
›bÕç?¸4Qæð»åèW²­½om/ŸèÿìzÕK¯·Ù vã£?£[ßÚã›è\òçD“-5qFoÞæL¦œù×ûì®‘œÿôRÈ]å•SçÏè[íiµ%F¿8}]tHªè©ÈŽ?_ªzáàþÊ™¯N?LøúlXÆ–ÞÛ´ÁÎ&|)9t2UûÚáÇþ´ˆŠ-Oä³ÁÎžÎžžÎx<1=ü&O|ñEÿË/÷¯(™øœ
“»²Þ¡Élóm)óáÜŠŒíõh¬ÂWCøÙéUõ6Ngñåu|x¿Gwâø%ì£LDLäÊ''­oþh»ÛhéÈÍKÁ$Ö0lB9?Tu«"ÊÅ­?)q<èêh®ôº¾ÍñS«<Z`äòù)Ð’‘±€¸uŸ_Å?o¼º[ î›w?Ÿlïjhö\·n÷ßšŒoÙÖ`F
€ZÑ}t›SÀÔÀÇ§&•×?t9L|üÅddw¥{bp0ÐÐ÷ú¶
ÙÊ?÷®N7¿`?«¿ó­°Õ~ò×·î¤·4í{Í|þgƒxáÀn€Üí³[ç¾—Zl^ä—:=S¯,dåå¶Öò¦ê*ßOöþôL°øåÑ5mùŠ¥Ù ;7¸U³:D“âöWÕÚeÐR¡™H8–Mç‚¥ÜÕ¸¥ÂééÑ™?âl³¥nM§Òry{[¥™ÐD(S³:DY©¨ôÔ»×xP„Š2ìï„$â7_crÕµ§j'.áØnt5 Ñ‡›3k[("¢§”Òþ††ÂG¦dq·¾è^xS×âÑ@Jv¹í–…FGZ"™W§·Â*aI«$$BÁ\yµË@KE#³K¶ §çBQÕìª¬xÎG¬¹>??¥õp\ jè®55z‹wÓ^ú?M×žl«j¬nÛ]h¤Å£ã¡ù?K@³ýõm.Omóø#·ÑöRuáZõ8?Hàu:î¾Öˆî¾ñóƒã?ËIñT
v¿·ð·`’¡C»§4žjGÿ×§æ}þJŸ¿Æ]¢ÞÒDO"ŸZZ—®,/·UWWNO§§ÕÕÅêacv¸,±™¹àÕlÒå²U”[¬òÒnÉ¹ÈØ?ñ”Éí÷UÙ¤T8<>>)4m©±B›?LÅPáª¨´HH'¦ƒ‘‘Iy{?€¦éZ<:</ZœŽZ[™50:9•­Î
ŸEÐÕd(K¾ëîùË~RV3zš0Å×7!?Qp;ˆá;xy;Újˆh£±ØíÒÔíÑ`ÕöJûò1#â7N|x]jð—k—Ž½¯¾¾»R˜¹ðOŸ?9*ë*•È©ÏÕÎƒowz‘ºyê§×Q§b’½uÏÛÚí³ŸŸPš›?Zÿi­ûµf¯žú•¦T›‚CÓ¹îÃït{KöÏ]g‰Œ14“kù¯ID­SÚâAÑ¨—>$’é+WG|^We¥{aœÓÎŽ–'ÉÔ×Òµ²7ðìµ>?4ÚÕ].!>Ë€àmj·þzt¼‘áŠ¦·=w7~X?Q’á¬mé®.\ôÝ‚lÂªúLÛ÷üV]j6ÝþæƒKÎG»|¥ÿ©=†òrÛÊ56Œ'E,…RÝä—'Ã?ùÄL21@,å[ê\VHD¦ã†­ººÞ)Pª«ÕÔíéð|M?CòÔt{î~ :lZâöd"•?­Ð_A7Uµ×Væÿ$ç§gRP<UíÕù—¯Úòçkö‘¼«óI\¼Ýx¼6B)C“8Ð…?pa­ŠCD´&¤êÝ‡÷|yüWS9©Â_ÙÖ±³­Æ¡ˆó×OZ_úÎžZ€æoÞÿbdþÍ­U;ÞùÁ®üýTýàÏ>¼ìôV@õoýN›€6uöä´ÿØ÷_¬–?²ZÎ‰s®ÎwzÜ"4ÿÙ¿ùìv°;¿×sh.¥ç¿ òÿ×ŒGrmU&Ã0L’pe2[å?êÝë8tßF¹QµÙ–5OK&Sk3ÑA6§J6¯Ëj?ˆDæQ¸Ëq4µnùæÚ'±l]OÏêNã®k0¿5¹½¾Å!z"<?óAÛnÜˆÌÁW‰¹ˆRávVÖ:?übb>ÆzV”——Åã‰{kòµ
ÕUÅœK´xëj½€‘SSÉx4Åf‡F´ö6¯Og!±àÍ»?EËAÏ©Àh™Ä\"?ˆgs@VDcqœR“R~÷ï1“RuHŽeÖ©`ÍZ}:Ê ‰˜M ›{¼EwÂÈið?¢=æZòU §9_!™)Þy‰èÙ#»Úö¼Þ¶Zz~nêæ¹Ó¿î8üNëìDPÄ?KòÍQãRÐšZ|jtb*žÔ(rjÎ-þÂ}ZdæŽ¶e_uáóÙ$å_4T»E?L
ó#tãËä³,h:Ò9c4˜?š[¬µ6Ü‰j?9—¨qJ™œ13§¹l¢"[|vIXŸú„RÞ¨ÚlÖ@0ê«DSCM>4-™Ü ß#9‘H%“«Øô>¼M}þ?/~qÂj–]õö…zÈÕmÍ×nß®mó¯ö[ßÓùbß¹??Þ•ÌbV3mÙ±Ëå|Ð¾¶†íþëgúüœ;z»ã×ÎÞN)“–ÎZ¶õ¼Èn:ôìhiiœž~qú«c¯Z¨Cøð£ãñx¢ººòÞZ…âd¥Ìá.s¸+&ÇF¢ÉH
n€h)7Ûþ(ËÍNÉ"ÃHN?‡5¥¬Ìa7ÛE$³©Ô&1(ÎœÄÉ4,
ìV$ón[¡æ`xÐ\ûg¨râ?¼‹VÛ]ë?ÞèÅŸ}3³øëãø³ï!‘Æ¿ý{œ»±Š=‰hÓ“,wSÏ-ôc³é­&VwKwÛÝ¯‹NÙ„è¥_ý"ÐöÖK?6‰á©kC;KÏd$IDLU¥4ÿˆøf2KV’ªq;œ[ÙÕH©ÆH ?Šóú—£™}­oùºôY.e<hÜRsëöä#'Nnl¨yäÔi€o÷÷?Þgµ`ÛÒw`‹¡ëEØ¾ð†:?—u´×/4:°µìûÑÂ±v½ÏkÁ¶åÅ[^Ôõ:?·:ÚŠ%Gh)¼6ùºÞún—®ë¢(û¾·Ðuˆ˜ž1­-M##·¦§ƒ~t¢¼¼¬Üf»1r+ÿV<žŒÇELj*-[-÷ù#DXË1œMNoÅŠ)éhLCYE{S¾V?ŽÌ>èÖ2E§â1Öuü>šÃ,£Þ‹ÜcvgÈæàwC0…Ù„Lv½J¸Ôx]@&‹À\1NGDÏ¬ÄÍ3Õ–îV¯C?thd,\áë±(åMçÎß
µíò+"?EÒ^w.——MŸ
â>U¢îÚæŠ7nîlØjÔè\¶ˆÕ¦¥0=§}=®ª9#«a•?y}fN{ãAgGsgGs1Î$Üsc¹q)ìÜù¢ýñ?%Š«þ™‰KOËl@Ï¦—÷õ?ŒÜº8x%OÁ…®ñxâÃ?N,­UX_ó‘ã)ÉRævYleV³žž??fu”UøÌ€ÙéQ¦‚S“²à©´ŠÐ²³¡HÂZÓäM?N…ÓºÏb$CÁ?
˜p
‡Ó£¤‚¡é1Åã·™´Ll2"4lq?`ë'42Ý@‹VåñšëXtÔÁ00:ýxgÜ»/wÀWqæZaeG=vÂçÄð$Þû²P’¦*|§&ã¡Âf£Óè€Ð<^î€"#–Â¡nÀ‡çqyùHß}•|q9ŠÌ–HD›?ÍßX~öÌÇgóMbdSeËžouzlÙ{0vòÔ?ÿFWlPáì9pÀíÙz éÄo~òsg™ânòÕÝ÷xîžoøâÄ/~|6XÛö*ÊýbÉ\™Ìæ³ÁBƒ<I„¦Ãªé¬qOw5c4˜í¬}ÐWÚSÙ¬­à­o¼)›ÖåGJô\)/·õôt¶´4NÏÊm¶òr[y¹-ŸŠš¾Vp<˜š™º;i° XÊÝm[*d°Ô4UãáÐøTþÎVT,• ø¶xÒ7ÃS#cS€du¸ÊÔÐŸ»[jš*?ÛáÐ?À,APÊ]hˆôä‚s¸9ƒæ*ìjÆWÃPWÝ|¶©
Õ.LF‰=FÕÁÿòÏpl7tÞyžÇÿöø^ÇïÍÀ±Ý8ºòÿà`þä-¸Ê‘ÉA?¯"Ý^?ý]ø·?õª]…ÖM²„ýÛñïþþç¡Ú5‡oí„®#™aK$¢ÍÈâï9ôÝž|×/iéÝ¥ìí<ü½N]ÓI*´?4mÙûÖïíÑ4H’tl­G~¿uéË_~»š†Â^u?úƒ…÷|»ÿà÷‹ò¯*Š¹”>Ìeï©R®sI5.Ùç?ÂqmzN»\ö…Qã”»Ö'lâx +ŒD«—Ÿñ`éâ±×åÂ§û?½öêúA´º«ÚÝô\6§²²b’¹¼¶©¼z.›ƒ´äMÙ±¥ÍQŸS5Á$Kà©-¼a©mkª]q¹¼¶¹¼Z.kH&¹PÁ[½¥§?¿³fÿ’Ó×à.Ç¡nL„1XÕ.’ˆíõ¨¬À…M®öD‡wà•í˜Šàý{$Òø?þû;ñÚ.|~SQ||þã£±
¯lÇ‘8Êð“Óø¿þúmüðåûÐ$áÝ³ø¿?Àücl­ÅŽ&ø]¨râÄeü»Àë»ñ/ß|ŒŸ=—¤ûÞZŠÒÊnS÷®¹ïÑÖqxž?b.©WX…Pl±v@àsHû·Z*¬¢lqK‘„žÓ0ÍåëYØâ‘k]ëuÏ/Dô$ò¡µ¥qÅ¬ëO”MÊÊl°üÝ{ßdE–V?¾ƒ$/dƒuÐÃSØÓŽƒ?p”­j§’„;aô#_í‰Zü°š1Åå1ÜœÁõ;°(hð@o+þß?ÁOÿ'l­…(@Qã†šÃÕq8?‚Øý†„Èo?Ìàæ @Qí„¦ãæ’üì‚ì¢@Dô˜\6q‹[^ú%%KB­Sr•‰¢PèŠPaëÝÒÂÐ‚Ã06 ÿÓa< ¢'T^n{ùå¾Ö–¦UlK‹®NàÄ%èŽõâHÏªvÇðó~üÝIœ½^h)´šî~Ì›ï>fúï?áP7F¦ðŸ~?«…•ºáîì/ŠüÐi`–H©XLÐÕ°®?º‰ˆžOv‹¸»AYÚR(›3jœòÒÎ¢‡U\h?šÉñŒ¡jë5âÞfm\DDT"ÉN^A…¿½?|ÓÑÅÃ‘ÊàÔ•Gl#K8Ô…Û
‹áfØZƒß?ŒüŒl±$.?áåh:†&‘H£æn×ëÑi4Uã?^Ì&ðƒ}°[Ž=ºT—ÇÐ×Ž7_€Ï‰&|N„çàÿüçØÝ‚_À›½8?‚?.àO¿?dÿû?ââÍG™ˆhóPdÁfYPsF¾Aéô|®Ö%-Ô(ÀH`Y·³Ëw²ÐY«Ø-k_ÛÍx@DTl‘~|
Š„úJ\]³Ã*2t-.þ¢ùþè(þå0—Äß?Ä™k¨vá¿;†õ2Y„æQf€ÿïøÝØÕŒ]Í¸DtuM˜þëq8l8¶/mÅ•Û0É…
‹eæB}E™defäMÐ’˜ˆè±ä4€vwþÍÀÔ¬6çÓÝ6Ñ0 ˆ$ôÉÙe?—³9c<’«uÉvËÚª2•@JÅONÃ²v3üî¸ÿúŸ?Á­Gz÷Þ=ƒ½Û0ÅÍ™Å-ÿø?££6ó²q‡¾óïîsüÿ?ø÷ÿˆüxJ?Yü‹ÿ„Àváßüé,ü?¾lã¼§Ÿ¯?ˆè¹4ÍÝŽä´…¶£îDµþ›™J»ä³KÑÜôœ–È¬lJ4›ÒÝ¶çnÞ"¢Íl•OèŸÞ}‡½o‹¦|×äÕÛ¿túmd²0I€€û DD›ÜD$7=·rdÓ›ÁÜô¬fjÎ¸o/ƒæJ“Í¼.ãh0Ñú¯ÇñÕÛGr¾¸ŠÏ.—ºLDDÏšJ»t}:,†?¤zO, &I?DtsÞ""Ú€®Ž³º€ˆè©xí’×.NF5ä»!?`D¢r‹Ð\i²[„”j¸l¢Ï±^}¹ˆˆˆˆˆJÆm»j5§fr†«L°™Å±p.¹¼³?"cG?ÒYk’EA?»g–å5Äx@DDDDT2¢€VŸl3)Õ¨qJÚ«L§†ÓÑ„¾0ûAu…T]!™îŽuº®£À1•˜¿bñ–ßï”½ò\JÕ4@‘…
k‘¦3f< """"Ú@DU©Ö)›e@œVÑ].Z•u§è^ŒDDDDDK“WnðÈ)Õ°*BN‡\¤š0mD¢€üÌJqç›/b!"zfI‚¾Š­¨xø!"Z'ŒD›…,Iªš-u)žU>{¢ÔE eø!"Z'ŒD›…b’T5WêR<«:«¥.-ÃßÑ:a< Ú,le]ÓcñT©òLÚÛxÛïˆ•ºTàwÄö6Þ.u)ˆˆE`˜yÃb< Ú,L&Éé,×u=O±•Ñø­ž+L?ßû­ž+¥.Ñ£€a<{ù€#m"ŠIr;Ë‰t*??'Ò%,ÉäL´„gRÑ7›&/ÚGgë")‡ÎÇ+Å%Bw[ç›?Ý¾¡ä<’ó¥.Ñó+å£?µ!ˆ‚®š¦‹bqÇz:ŒD›‹I–œ¶R—âVS‚¥.Å&ç*uˆˆVEC0rš&J‚$>3•ž™‚=SQ!›Õ4í™Ž™ñ€ˆˆˆˆh]‚ ‰¢a@ÍæÔlNÓt}ÃwE`ã"""""¢õ"ˆ‚$ˆš®ç4]ÓtA‚P„Skšö{1­#AdI4èºnÈÿ·
O[Ï <Qa< """"Zo‚ @’ž?!ŒØ÷€ˆˆˆˆˆ
ˆˆˆˆˆ¨€ñ€ˆˆˆˆˆ
ˆˆˆˆˆ¨€ñ€ˆˆˆˆˆ
ˆˆˆˆˆ¨€ñ€ˆˆˆˆˆ
ˆˆˆˆˆ¨€ñ€ˆˆˆˆˆ
ˆˆˆˆˆ¨@.uˆˆˆˆÖË¥[?A$Ý(uQ6+Q€ÛŽæ*t7–º(´:ŒDDDôŠ¥ðé×Í—º›žn 4?Ð<FgpxìÖRˆ…?‹ˆˆˆè9Äl°Ñ„æñé×¥.­ã=o.Ýb6ØˆBó¸t«Ô… Ga< ""¢çÍèL©K@À_ÍÆÇx@DDDÏ›H¬Ô% à¯fãc< ""¢çÇ)Ú°ø«Ùøˆˆˆˆˆ¨€ñ€ˆˆˆˆˆ
ˆˆˆˆˆ¨€ñ€ˆˆˆˆˆ
ˆˆˆˆˆ¨€ñ€ˆˆˆˆˆ
ˆˆˆˆˆ¨€ñ€ˆˆˆˆˆ
ˆˆˆˆˆ¨€ñ€ˆˆˆè©”[ÐVSêB­¹Ô """z¶ý³ýˆ§1<ùx{ÕTÁºâ9m#Á'*?{ý0“—1ôD ZÀx@DDDô´Ê-?½KÏvÔÜs#¶??‹ƒ¸8ÿ¸§G«
 =Y<(Cc$?Äž`wz¾0•Lj“I€ŸvvnÇÈÙÇ¼MW1‡‚'½¹¯Äþv(9ôÏàÒ“?ž#ŒDDDD%“IàÄ•»5øÝNXËÑô?ÖQ¦ð‹©õ(mFŒDDDDÃ$2?°
0Ûw¢Ï?dã
¶Ú!%ð_ÎÀ^‡#Íð˜@Ëaæ>*Ô¼sNàú§8èÛ…­n(" c6‚(0ªG IDATþxê±¿iÙ’.4•C £÷0z?Éa|4^ÂŸÂ#\8ik[sïîîR—åùÄx@DDDôü.¼ùÂ}Öÿ‹£‹¯ãiœ¼Œ©èã¹¥N9Ì’I‚Ýƒí4jhÀ;íP5?de6Ô4à5~z$ÒÝ»¾=èv@KãV’õ^Ú?¿>4àÍv(€–A,³5n\J!&ÃYH¦ ©ÜÓý€ÖÙÐÐh,–¸><Êx°NˆˆˆˆJÆY??¬ˆ?˜?Á% pçk`ä2NLÀÞ— ©þöØ[ðƒf8«°ó
..=bZ€ŠÓ§
Ý”?ìG£}€¹
 FñOç
uõ•¢¿ÿM;WÏ<}Ü;pþR{[s©òÜb< """zSQü—?—­É×¬XùØt¤RŸÀ©¥{…lÀi€h¤°A¬N^²‹Vº÷2†$<õ€B¡ÅÌãO6ŽjIÙËm‡¼TêR<ÏˆˆˆˆJfvºÐ:è¾Ô‡¶óÑ@€¤<âZ³Äs(Ï/OTÐƒ}ÖãÑ3 ¥2ìw—`³+Æ,JA$—Î,Î?`/C,‰ýM€—[¶¾@À£‚Æ†À¾ë?ñ€ˆˆˆè0DcìUøÁ.„5ø*]V?:Š‘j´Û°ï ÃP»>|?‹3hi†Õ‹½ˆ@
vœiüõWÀb­ðHØ¾¾Ô>-Ñ?rØ÷`½1=bC8%a_-œ^8ˆEqæâ}¶<uRZÊQï˜Cb#øÄ„ýµ°;awbÔ“ÀÀmìo€Õ‚RZÑÿm?ƒ}ÖãÑS9yñÔcïõÁñ‡½{éÜ}¹Š‘«ðTÂ)"0³dŽd?Ì4
%qâNõ~(9Œ,é<~{í>GÆß£¦
V}ÙöÐõáÑŸ?}aw7­Æ"""¢§2<YÔÓ…ƒËF*êíB½VÉÅÎyã˜JyÅLÎ¬e9×ÉÐÐh>$0¬Æ"""¢gX£N@MãúÈ’ú„çû¬7Æ"""¢gØOŸr¾…gû¬7±Ô """"¢?‚ñ€ˆˆˆˆˆ
ˆˆˆˆˆ¨€ñ€ˆˆˆˆˆ
ˆˆˆˆˆ¨€ñ€ˆˆˆˆˆ
ˆˆˆˆˆ¨€ñ€ˆˆˆˆˆ
ˆˆˆˆˆ¨€ñ€ˆˆˆˆˆ
ˆˆˆèy#
¥.=5ã=oÜöR—€€¿š??ñ€ˆˆˆž7ÍU¥.=5ã=oºáu”ºt¯Ý?¥.=
ã=‡ï`BØX¼ÞQêBÐ*È¥.ÑÚ³[ñÝ=¸t£3ˆÄ ¥.Ðf%
pÛÑ\Åzƒgã=·ºyWJôxØ¸ˆˆˆˆˆˆ
ˆˆˆˆˆ¨€ñ€ˆˆˆˆˆ
ˆˆˆˆˆ¨€ñ€ˆˆˆˆˆ
ˆˆˆˆˆ¨€ñ€ˆˆˆˆˆ
ˆˆˆˆˆ¨€ñ€ˆˆˆˆˆ
ˆˆˆˆˆ¨€ñ€èÿoïN¿Ú8ó}Ñÿ 4O Ä`@ ƒÅ`ØxÆC;iIvNºÝ½;§ÏÉ:½ÎYëü5½Öí»soŸÞéÛí$;;‰ÇñÐv‚‚cƒSÀÂ,@ 4¡©à¾P1KŒlø~–_ RÕSO=–Õ·ê©*à ñ8ˆÀA<âp€ƒxÄà ñ8ˆÀA<âp€ƒxÄàð¶»°K¹=¾I_0b§iz»ë²NqÇã1b_&mw]€³úˆôÒëƒx[?e§ÆÆ=<^|‚B,à¿Þ½P òxý#£®¤D)Ãà|,ÀvÚI}Ä
zéuÀ—¶ÚØ¸G,æË$;áXŽ€Ï$ðÜ^ßØ¸'%Y¾ÝÕØÕvRß±‚^:lÿþý«Ÿ)
¶”ÛããñâwØï·L"âñâÝßvW`÷Ú‘}Ä
zé5A<€-5éJ%Âí®EìI%ÂI_p»k°{íÔ¾b½ôê!À–
…Ø9&XÀç…Bìv×`÷Ú©}Ä
zéÕC<€-µƒï%²ƒ7àÕ‡/ ¬’UB<NÃì:ì¤Ã>6É1²$•BÄÄÍL÷IÈŸ}¯®P0Šˆ˜í®ì
ÑzŒM\#ú"€m…x°›L;_ÔýPÛéS¤ˆ"òúì¬âÀé“åé""Û³¿ß§WªÕÛ]I`ƒ6^ ˆº÷o3~q­Ewù£Jü_ÁæZ®ÇØ<è‹¶âÀ.bo¹wß£}ï÷e*7%`7GÜ´¹?ö›/d™?s¬qÒüÃßzr~ÿ¦Neµáý?”Æ¢¼+;¶Ç€e!ìö¾NŸþH±jÞ~¥@¥«Vmg?Ö`Úgýù‡»?LõoÎJg&Nö=¹ýcó(KÄ¨
ž=’#ß)!a9<¾?7lº×¼Ç€õÂ/Àîâõ‰¢?YŸòY›êê;íeVÛ¯ÏìmO4=jè±Ž³òÔ”‚ýÕ¥é""ÖÖ|ëqÐp¹RÃ•ÈZŸ}Û!?yºPÁ-èýñ†-ëÂÁ¬?êžì{|ûÇ$ÒüCêžÎ‡?,5¸¬mM·ïßïLº\¤X¦˜mr¼0›Í‹šÔ×óøŽ%ãdY°íqKß€?Ÿ‘[|ô .‘go¹^×åõQ`â»ëDTpèR)5YOGÏ¦Xëžµdœý°RÑóè»Í[Gµá¶˜l®ÿÙlJ2²JT&óiÑôUv±Á?§ì†ì1µl?7Ÿ¶X,NRfä:T®çöi?­ËÔn¶ûH¡ÈÕWÒ)""{Ëõ::ô¦j ®¾Óžqêƒj5QÀÑùìI»Åé Q¶¶Ø°_Ë¥‘È}‘½åz]Wî‘÷J‘Q6óÛýp»ë°Õ\Ÿô5y²¦wÒ/—Ec²V’DÑàãºN—P‘(ñùLü‚?EO¿±Ç26BÙ•Ç”•fM÷<þ©O^ Mâ‘Ët÷ÓÆé’ãÇŽô9Iîö;u¶”½Ù
žŒçi®³«J²äñDD?—?·Ú†’ô’4I¸Ì®Ÿ~
eÌWÎí^¸<¾õl_¨H)¨.ö·?+Kfv <½ÏêØâ7ÊRøDŒ,Y0ú¸kjoAÊv=)Â¦±¶g×î÷k½qâÀA}ŽläÉµþ¾ÜD†ü¶ŽÖ®Þ!WBñáC†Ê|ÙhóO?Áô’t•*G«tóÏ¿Q]š_ V0ñžþGM½¶1zqÕ‘ªl9Ã°#Ïë‡Êò“ùD“/îþãY\ÕÉÓ'•ªß?t¨‹Ò%D£M_ßÎ?ýæÉÃ¥û²Þ®†&7«ƒ5X¾Ç`m?ß\Ðœ<}ìhEQ®Ìöðæs¡.GÉ#íx:(ÑT–ï<zØ¯,ÊVÄ¹z?7Û†üšâC*³3e{rý~oÊþSGVîËLð¾xÒd(&£÷E^Ûó¾1eö>µdiu×Ù·ÀnÃÉk´#‘›?±ÖEð[°‹ˆóÏþöLÛûäÚ§_ü¿ùü?nÕ¶Xœ?y·?èª«µJ±ˆ/Vé«öó{ìcDDl_s½£ðÐáB•T âËÕe§?ªÚ·Ù‰H•U(êë
?hÆgé±é«Š?}öp™NKçPNa6?u%ª¤‹§¹?J?ÏôÏ©Œ±z¼k,÷yWw£±uÑDëàðó®îõWvÆ¤¹Ù˜TyZ¯3DŒH]ZU6lêöpïzÒËN”ªå"¾@‘s Bãq1"¾”ÏÃ—ŠøÑìLaõ1}†R,Zx‰Å´­¹n¢¢æp¶‚!"F©=TžÐh¶Ñäèˆ#¿¨@Égâˆ‘ª
?Vfãl1¬Ñr=†ÇllJ¨9®W‰ŠcÄêò£ú‘N‹‡ˆHUvê€N­àD|?"§ —í³;fËd
«Oi¥|C®®gÍ‚ÒÓ9‰R¾@¤P«Êäº‹È}©J/]Â©€Í†Ÿ€ÝEœQv*£ŒˆXŸÓ1`~òð[cöá+ÇsÂ‡ãÓTs#s¤ârO‰ÝN[0«*mî€ -+ÛÕ;>I*±*¿Tzµ×z(#‹ñt÷iËNj•/ïô?–«Tä0Ûueê-»ý¦T‘AÎu,N†’ðKëàð?›÷jNTo¸BìÈˆ]%ÕÚ¬3S&ý"»ßM$%"ÊHIšm?DFV?—H¹¨µ2Òd§} ˜Tà·Zf×@¬cb’ÔâŒœìúoñËK÷¤¤$+Åèìa]¢õŒÃnI‘ŒZg?ÜÞ€Àœùp‡œv›;@“Ž!‡mˆœis?ªÍH™ý(³Ž1§bOJÄÏ|ä¾h7æàìÀ.Åˆ*mù¯ÞÖËM&Ëä²³†bxKz‹Ð‘<C«îè`iÒb-ÍQÇ)²Ä?Ý6"§Å4YQ?µu7ç÷8V1×"{òöäÍžC˜Í{ò6\¡)6°hŠ8»²¦0aÃÏ
¯AYt¡<C@DRÝùßœ¯JZ;ŸÜøìê¿orái¡°‹z6¸ø£'É¬ºP?@D?ÞGÿþ?ºvç$‘X™¦QÉ¢9ÅHÀÃ-¸^98 °›L-º8•/Xy¤¾\©¦fû8ifŽú±ãö~’!<ØG‘[œ×ôÂ¢uuNV‘<·(ûs³u?¸Å—ÿÆ¦Ž?)²©×á!µ”ˆ(àq³Yšu\˜>oÐ`lu¹=ÏMÝ1ÊDÄ—'ñ^?:C³¦ŒÄðÄ²¡ÕÌ*Wªi€‘k"o¶@¡ÖêÕZ}õ´£å›[ÍÚ£™x’¬EôC HPŒOJÒ4K>Ü>‹©OU}éÄÞpÁ†z£•ÎW¦Jí¶‘€^?ˆðJÁÙ€]#Ðûà×tØ\>îD?ë´5ýØ2¤Õe/Î^?¥/gŸ>k·‡¬Ïê{U•º™g‰²÷¨»ëÚ§÷å†Ã€(#/«ïñ£âRmÌÒÁ4ð¾ K,þcšHš]¨u´´[ÓD«±Ñš›¿Â¦DSa(©4”Ä4©òË2LÏê-3W°k‹É¾ÒQ|?"Aa5÷„Gk/?³ K_¨2ó_C°›Úû}Dè7YÜ3#:ØI¯?áñ‘`-–ï1’uUé}?ŸöN†?¢Ó¬k ùÅ(‰ä‰Ì?}$|‰ëhkïˆº†Äœ¢ì>ããÜ˜ÀÀ¨©gtù:9{žõ®g!¬Îì‚œCçYcSÝ—u>x
ŸŸ]zì·û5+ºcÔ†7OÿøÃ·kc¤äÄg—Ÿ~kßÜñjAŽNÿÃ#û‘¬Dn‚(;W}¿Û}4#v÷õšïÚ`!"¢?¯¿xLª¿9[(å©qÝ¯ýë_X"F]zìÍ¼õßG¢ÂP2{ùAÌHug/Rý£oÿí.I¤äeù¹úêc+.•\üÆ?¡o¿¼ZOÄ”Ÿþ(s™Yµá­·~~xëÓf¿€ÏóL1iYUGr‰ˆ_|ÿŸ·œ|•œ\ã¬ºüôY<ƒÖd…Cšêlè§ºÏÿò#Iù!Ï”"Gwô‘ÚpúÀ?ïÿõF•”˜CaY¢­Bª;{‘×Þú·Z–ˆ„©9ÕÇr—­Ó¤­ÉÔ\šU•óŠÝ¿`g‰»y÷ûí®ÀV³Ú)É1¾‰FF'4‘/JÝ6d)^ Xãáäi6à'?hC¡­6Gì·ˆeÙxfÛŸš¼Ü¦±Á»ÆŸfAZý"¬/HÂ%?ŽŽÅÀr=Æ4ðO1K?{l0@üÕ~~CÁ@ÜªgŽbSúØYbø!y?v$N©Zë"8{°1‚u4‰c¯æ]žæUßÿeÖ¾ëÇÖ2"›Eº?ì+û_¯•åzŒ8&rþdøkøüòÖ23l2\{Äà ñ8ˆÀA<€-·ø)¬;ÇÞ4€W¾€°"|HVñ¶?Ç‚¡í®Eì‚!ïU¿½*À¶SûˆôÒ«‡x[J,â{¼þí®Eìy¼~qÄ'À–Ø©}Ä
zéÕC<€-%“ŠB¡)·×·Ý‰%·×
MÉ¤xÀ¶Ù‘}Ä
zé5ÁS“`«%%JÇÆ=Á +•ü×»
C¯?šJJ”nw]v»?Ô·@¬ —^|y`«1L|J²ÜíñM8'C!vš¦·»FëGq<#ñ•øÕØ~;¦o?XA/½>ˆ°=dRÎó@Ì¡oØ \{Äà ñ8ˆÀÁ?‹v§{r»«°?2ñvWá5€x°[ O€app€ƒxÄà ñ8ˆÀA<âp`s°Á€/ÈNo „i6àB1¬ÄH(Ê|ã_üXÙ5ëìÊó­»A¦ÙþCWœ^7¼í®¼ª<¦[Ÿ6Xæ^3’lÝécå1Ùž^½Ö2oN‘¢ ¢úD‘Šá´6ÕÕ5Z‚,£Ò=¢Wæ•™Uùû7uâÅå‘îòG•j"
8:ŸÕ=épúÃ+–ª*jŽkú¾Z°Òe®T«c¿õÑä@SíC“ÅÞeÔEå5u‰¼å¾ø¶§W¯µˆÊ.\¨VóÃ…Øž^½Ö¢:ñ›³Êö«Q¾×—¾þ on
#U9R?-?›äì¸öM¶Ôò+‹äóŽÐ?úo>nŽ°ž™>gKy:ï\Ð§:ñ›³…dºõiÃ@våoèäqá7M·>m°”žþCrÛ_°)*Îþ¦\5·èDûµ/šmyÿpJ+˜Ú»ž=~Úkó‘HYvüHu¶‚ˆÈÖðo7LTzú?Ô¥G-Og;ï,háhÝéd×ý¿ÕÓé÷ÎæË"mM ïÁ§?•¿º¬WÄ²‘6lñïQöñK§å‚ôÊm«Óëñ–%Wéó“„D49ÒÜÙqãŸ¢+‹Âï¨t2"b]–Þ®ºûŒøÝ9|ò˜nýgƒ%È¨´Úlãíé47_?¼|¹R±¿™-ŸˆHJ"Æöì›ûÆqb¤*½.Iè›èé±u¹óSu†r""×€©kxví¤oY[ìv“/îþ£ÖÎ£.ÐfÈÈ5héîè³Wèý+~ñ}Í·Ÿi~{8{a? ‰þ½öñ³õ¹*l½ÍwïHÞ{·T^”µ¶·Øˆh¸­Ý¦«VsG'ˆ?Ø?LW—ëDDî?&«?åir""•dë/*ÖÒpÿ—´E»×‚?žoko1YKUnãXë/m6â—ésÄÚŒ7®5ùH¤Ô—§Cî?.kóÝ[Žã¿:¯“.,=r?Zžî:g[˜ˆHBA"þÂÅûëí”V™1‘ -;›:Œ=Úš\QÌÚ$Vf?QDDV?^¾½õy] À²s**tb""Ÿ2ðÕýî¾OQø×9­°²*|œ)G`ûº£sxìDŽÊÚÒd’úÐù™Ÿº²¼Ÿ®Ýh5Õwé.E:¶4W>ÇÕñÌ8NÌ¼ÃiU‡=“~©X¤ªÊ!"²±¦®áyk€­Áö5ÖÙYšààQ??±ÖúU|ñƒ½w¿WÍ&'""yNe”ïµ§“ˆ(!·´²PJDH
üõ¾u`ÄSª”ùzÛÚYEIQnoGs{¯A­ïâºLÑ:?=¹áõ4Ym”¦¯Øú“Ë±Õß{¢š;»BDÄdW*Úë{Ûz­ˆf6™RKõj†œõM>âçœÿ5—¸ªô·>k²Ô7[µ‡5óJŽÖ D¢-QÀbn’*3m®—nþ²žŽ^*›i@~Z†ŠÌÖN‹'W½ m‚_ŠõA<€Õ™øÝD$ò¿p¹?D
!Cä°YX"UaÎlàkòó­¶¾¡É"E„ý>ÇÀ€•;€ÇOP§2¶>'—ÌÛ‡ˆ“Š_½ƒR¯8›É$/(ðŽ9<žÉˆ3…‚Ô”äøøU_…8jëiŠôóöbR‘}ù/~xRv¶jÀÒpëYÂ{Ö³¿ætM‘?Ïè¶w{Hq´¨<[1Ð\×ÑU¡Õ'‘/æH ˆ‹?÷ûü£cãÑæIS«„Ba´wW–¢ÊÚ›oÿ?øÞÙÂyÙ)Q[”[ÿSOC‡=¯\G®žŽ¢\}®œ(0j³1EÚ¹³1²üBm“ÅÜ70JóâÁŠ29>dµr/yšZÎÐ|öa+e¨æÜ™ÚGÌ#NLbÈncuÒ…KG°í9?sÄj?¹ÜB’¬IÄOÉê À²†š¿»ÞADäõÙ=Ähs2ä "¢æWçÆò&æÙ«"²ù]D”¤œI$M$rF»pmÄ|ÿ–™û;«ò÷of„¦‰H™(?2?¬†­áÚCS6eœÉSø}?áÒUe¢bÙ€ˆ¦‰%¢ä„%ßNv5_|eÙñBþõ»-µw“~eXí*í>½ú`æ“VfÈá±}?-AÊ3(H (Ê­û©þ—¾ÂCY±±í@¦¦¦Æ<“¤LôùýƒV‚B¾Ñ}YQÎÑ£)·¾îxp»Aù†bþôb}CO»©ÓZzTãxÑâ$y‘!O¾œˆ2ç?øáK¤D´è*áÄÓüCíLO®:ñ›³Ï$xœãD¤L”ë¶¹‚DŽ"²XY"&A­–1$UdYìNQâ²ºEí9OÏ“Úž™¿Ë.\©F<XÄX?Dµ¡¢¨¸@=3H5<¦“uô˜{šÓçg‹ˆˆÊ‰\#7©g¶|žq"Š‹R¬¦ì½S:î÷0>^@SB9Æ]DÑ†ºÀ
<??›ˆÈò°cLW)•J&œ®EsH¥b?@eñ(xŒ‚È9:á"ÍÂ½ÍU~ñE¹ÇjÊFï7×ÕQÚ*W?9ÐÖgK.ºpVŸGDä25·I²77:ˆXVNl{GWiV¡TÛÄë?ôû~?ÉeR¹Lºtw–Ç0RY®_à%—Ÿ?>òùCÓƒŸTóÀ3}©º½©ýyoÙ]¤>¢UÅ1|YD³»óA¯‡ˆ&Žh.!¬Ø Ê£ïœ)˜)ƒ‰¼[ÎPùšjg/e®¿e_ì;w©ÃÈ¤¥ÍÜ²öœ¥?ûþ?Ô™ÍˆYèØùpcSXVZÙ[—.½wéÒ{çkªtjñ¼û´ÂÊªŠƒgO)½Öûß·?O‘J“Ë9:_:gæ
Z_¼p©³Ò"_BÌð¥"¾ üOÀpÃX‰ÚZM®Ù_¸iÏ¤o³·`±uÌìÆ™Œ&?B!
$Ã$$(ââ¢¥ö(’4¹|"kG»-8;-àñ±«ÿâóÔÕç*³Éné£ÕIÈ-­¬ª8öÖq3ÔqãYKDÓö-N"rZÌÆ&“±Élq‘½Éd?m255åöxÃ»Ü?@? X|>!AÎçÅæH«\wòB©Èa±ÛçOUäçu7ßªïeùš²\îXŠ U“MD?½–Ù•º_tš‰øYÉó—_±Af¶ñ™å>ÒÂ7¯üñ£+¼ #Ò]þèÊ?º²à2h9³üÈ¢-nÏ0žp•[àìlLrQ•Öt×ÜfìÕžÊ©õåÙ–ú[_çd+ÿ°¹}€¥DÝ!-õ´4Ø†-"F™0·Ç0ÞÛØèœ9¦£*¬È‘kË-÷?–†Ï?ë-œ¹Ï«_xw?ˆÊöä†iö…åa?)ãl¦Tâ÷f'J¥’õì„Å©ËŽ¨ÚjíÍ7¾*Èáî\4”Tó»ÓùÑ¾øº%7$?éÎž¶ÿõvï*nÔ?G?S\‘h}Úñ¬¥0K?ÞüÔEê#¿šw·gû7ß>n1YJTÙ±ë@œN÷l£y<“"¡P*“x<ÞÙ‘ZB¡@"‰á­Óøêª3G‡¾}<<¢(W¯St›ã¤¨(ž»5?Tk(o³4õÞúlB_”"¹-?V;1ÙGÊ4wÒÅQ$\ó‰ž–×LxTTæ.øIdDdwÏ;K±TøL‘Rºü…É[ÞžDDC?Ïú¹¿%™ez5-¾5D‚x$Ê5«ÍÍ]O›³j¤ºóÿEÖô¨®Ñl¶Sø¶è•5u‰<Û“§¦fb$Ùúó†y&ºìíM³ËÜª’¹@]uù¼ü§º'Ü[ÂT?!#?VeÒÔ¼ðÿöí¶ÿQ•:;Ô[((ëüB‰óÏþVÚT[k²t™mDÄçg—æ¨xD¢(_üHÇ“™Ìª¥CwUœª´:§ñvïÓgMS‘ºxÁn¬¢@¯~üC¯ñyq¶>6H0òÌês{¼‰8!A>{Míš/ÞXQœBªÒòå‚Â0j]iªéñ°¢T«Z0¹âÂògµO{Û›á§8{¼<}Éàz&Zƒ„wÊƒ–vÓìê
’Êró÷ž™”uØ.©gJNÐ^8OÊy3œN"UF”SÄáÕlK{ÙºL¶™¿¼œì£\w6¶«Ø‘ânÞý~»ë°Õ¬6GJrÂv×bUFF'4jå*f|õL³ÿ#œ;ŸË†ˆYãÖdù|ÁŠ÷Â€°O¤ðE™å‰þ!›?ˆ’“e²ß€’‚ñÑ’/ç’/þ6Zw2===éŽO
¹B!õûR©89I¹õ…ézIDATæZ›!_°ŠÞu=â3ßýûO=ÚÃ8™åRÖR÷ù­ÅÑÿò«hF{ÍÚsu^£‰“GªÖº®=€ÍÇ,ë¹Öl@DŒÙ`lí²5ÿlb©T³ñ?B6ˆôÅßFëî@?@Ä›êx<^vjJ&•‘\&}Uöey«ÊëlQNY)ŸÌfK´ë7X«å1Ee…Ñšüšµ'`pÀakˆ:b§¯áAWÆ™<ÅôÔTÌÇoì0SSSŽqgÄ·B,;1áLR&ÆÇÇÇðæ›¯6Fm8s9O¬ŽvKP&ëÀåÓÅBu´Ü?ö|!ìêÊ?~T¹Ý•xíÅÇÇ§©S–Ÿ'æWÐ¾ÒxJõ²×uÔËÜ"íù:Â!à ñ8ˆÀA<âp€ƒx<`·pº#<Ó`÷PÈð¶•!ìè`E\Äà ñ8ˆÀA<âp€ƒxÄà ñ8ˆÀA<âp€ƒxÄà ñ8ˆÀámw–ãöQ—•LdÐR?f»k°Ó!Àª¸Ü“©Ûåö<7uËåRMº:==U.“iÒS7o¥n}þˆd"’‹éa;!!l.ÄXY£±µÁØJDr¹´ÒPâr{\.w8'ì-È«0”l¤ð¦n2šç^ÊDôÁ1šÍDt¼˜Ò•ô]uY£Ç6˜æ¢ti¬?H>·‘j.kz* ?0ÒpM6³©kˆÄXŽËí©}Po®4”,ŠáóÆÖç]ÝÞ>#—I×Q~—•Œf2hç¦ÈD4ÿ¼?ÛGC’‹iÐ±Ü©ƒÉ?~Þžtñ?’¤¥{áãÏoÛžzúÝªôuT0
6`?`&µ^½Ooÿ®,%bÅžÑ‘wN¬§yv‡i6À2Ñâ=±? ñ—dìi6$?€Ùüú½nÐž°1ˆ°œp6¸ðöMzªËíi4¶Î.ª0”TJÒÓÕ7nÞ»qóÞ•.­£|£™
4Tž·`âl68^LC2šÉh&™hAŠˆÀÛe4iÏì•,œêiì!Ší¨É?~Þ“õÁ¹<ñJsŠó_É!FÓÕìÓ>Ë³{Ì¬DÂz§2Nœ;˜½ðKÅ::Ün³KŒ7 ßæt‘’!"
ŽwÔÝøyL"a¼^™áÜq½’¿][ðjA{B,ð¬6Çv×^Q7nÞ›Ÿ®~v=<]“®~nê¶ÚÂo]ùõ¥«Ÿ]¯}ø¤æxõZWáö‘\¼xÊl6HW’\ÌeƒãÅÜ‰…¨åþ–®mYÊüãÃ¦g^I
¹ÖZ±˜aø8M ÷É“iÃ•ßh"vð§/Ÿô¦?Ì™KÓÓö–û}šïŸ’M{:ïÞiI}·<™h´í®E}ù×5ò8"wÇ­Ûmê÷ÊU¿‡ö„á%)åÛ]x=ïê¶×œ¨_|ÜhlO×¤§Ö¯®0”\ýìzíƒúð°¢šÕµžè
ò6x¥ò¢l°èå
Rõ¨ñiGÞÛ%³Ýš·ËØ?YVÅ<x2;W`¼¯»­×446â'%gU)I—Mšú§U}bßTÇÓÎî¸ÂwÎe?ªí×ÔÑ
Ã†gxã˜¢ûú3sÀG!ç?¯w‘öÐ›z""
y‡Zêš;ì>%<PªÿòM=º´oé¸#€]/8Ð;RPZNÐLz‘þéËdNþì!ƒ±¾ÎdÝ{2""Š“èÓþÚk+OVÛû_¨t—åáýW™NŸþŸ=#åªM¼KÂëí±?ç@d&S·&=uo7îÇ:h_š\a(%"¹L>¥~W“®Ö¤§Ö>¬ßàJ¶­7ñSJ÷ËÛ;ûÜk¶¯ý•”eÍ?Kîìèc3KÞ¸ðÖ•wjŽ¦ŽÝù¾Ë~'äúåÁSWjÕ±9™#&6àñL†Ø¹EC¾1ÏQRá¹SG‹ä¤Ð=wêÜ¹S…ÜŽÿÀ³GVYå±wÞ}ã?ü©æïŸvûÂ•Ž¹‚l€jÌnI?Ï?KÇ¼S}“Ž?B<{ð›‹¥£“ä·MÉ¥³ßkF"‹·;}[YïWÚbñ¢šÝûÓ¤§^ùàÒüó.7Cøºäõ]?<«ËJƒ2h×—ˆˆH”U¬yÖ6FD4íêj)«\ty€pÏ¡ÃúœD±?/J’ò³2ÇGFý3oú“§ËòTòÈ÷ šÁùb>C_,ä„³—÷ñuyJ‰@(I*))ŽŒŽ­½v6˜4ox!_"eÙéyoOQ†\6÷R$Mœ&"64­”Ïël¤âšš—äw1´'ÄâDVa(u¹<³cŠä2©upØ:8~ér{¬ƒÃ{uÜ¹…ðH¤ð‰…ut¥'Q—uA6tpw8]?¤âýéÏ[»<ÄZ:?’’BÕ’9¦§&#ƒýCýÏ1¶ô?S0šyK•’¼þkˆS“gÿ‰å4áò®»,€]‚á?¹&g_½fÁítâiÀåž{éóŒÇÃ‹s¸æ»ðLNP<.ñ!´'Ä
âD¦IOÝ«Ëï÷QÍ‰Cá‹•k>©}øäêg×åriøV§ÖÁáÚO4é©¼ð`pŒd"úü=l_pÞ`ÈAîÕŸèhÊÔÜÒjl7²ïíO?µ_»q»aÈ"Fš”ž"Ç-…¶O’*{~ŽžV«æb6‰•)RçäÌhA
8'H?$&Q¢:Þå™³t?QšrùìhOˆÄˆªÂP"—IkÖ7[å2é•__ª4”XmÖAÛ^]Þ•.…O)Ü¸yO“žzáí3\]z‘AKoUÒÇÖ2¦h!±®D×ßÕ©Ö$.yo¸ÏèÉª>SR?“–ž™–®ZÃh(÷ÄøìßŒ€O,‹³ïÃÏÈIiîìLÌ]©9"ŸÃ:àQRVáh[gø‹ÓÎ.ÓXa¦ŠˆT™ùöÖ_ÆÃÃfœ/:Gó³’¶wC^hOˆ<÷¢’Ë¤5'Ý¸y/üÈäðƒfŽ6ûX4¹\ºñl@DÇõ/ƒˆˆâ’Jß¹ gøÎŽËäéd£ôd¢i›iŒQJ‘$§òëzÜºYl­OÍD3‰E —Ë½/GôÉDÓQ
€•r?üÊuïóÏš%¢€W¤;ÿFŽ€ˆ&Ì7nÑå?*ÕqªòsÅþùÅÄÈKêê7O$Qrùù’Gw?ûŠ$ä?J9zîîÂ†ö„˜@<€åÈeÒoŸÇ€pÐ¤«å2©uÐt´ôiÊk’®¤y#e#[q†x‘²Ióª?Œ|÷z›H$`ùºrmfïH´2’Š?TÝôŸÿh%b’öªö'Þy9óžªðTÉÈí[_=#böû×Ìµ×ˆˆøªÒóÿZÂ²S3û¥UWþñ£™¿e9'ÞÉ¡K¼ßiyî±÷r‰ƒ™Ðžq_~{w»ë°˜ø×cdÝÈè„F½ÞA61år{¬ƒ¶ÁÁáðNÃ!A§ËÛøÝŠŒfJOZüp´ùŒf:®§ÍFÖ³ëŸb–½=ÑœP0åÑfÓS? ¯ÇgbÅjs¤$'lw-Våä‘ªµ.‚?«"—I÷äÍ>!VÒ“Hç#ÓuE¹øX&"ƒ6ÆÙ€ˆV›ˆˆÇ?zùr\¼—6ÀÎ‚xÛI&¢ò<*?qè€uÂ9qà ñ8ˆÀA<âp€ƒxÄà ñ8ˆÀA<NLã?ßéõÇ²<ØJ±ŒCÍÿøKóP¤ ßïÅ²@ˆî\ä·6Þ¹úñŸþïÿóñÇÿÏŸþöÕc“ƒ?2çÐÓ?ÿéi8“xM·þü?É»%\²®Pý_>®ï_fBýõf´ÓÐ?úÓM“{Kª°^¼M,ÛÙÝÐIûäIÖ¸œ¿çÞß¿µï»øëÿ•¥`âC~Ç@kÓË1?2e“ê¼Lý!Õ'ÆN}f±bvâdÏóUé¿ªH!ùõ;N©h[k°’M;{àì~pçN»3ÚAÿeØyÒ•ròÍC{L<ñ„Ê=•§ösÙ`*äéïq²S«()èuõ9¼³•`Ãƒ•BÎ‘þ!Çä¼#ýáb‡†2—ÌFäwE[»"·dßËŸÍ#sSœæÖ^CÅÞD"(RT’™,ÆN:†úíÎ ·j¿ß?×LÁùÃ©¾°É6çì?³ûÁ?;½Ê3ïœ)Xë©r?ÚUù™Ê¥ï°#?7¿ù™´EIþ®;6uÍåsZE¤ˆˆBCOÿqç¥2'+?qÜ¹é«¸øÎþòš¿ÿ¤?Ée¼¥ß|g@QùîÛe*&8Ôpíæ°¦$?qï:ó/¿»OAÎ®Ûß´ñ´{lë?‘”7/V¦1ä4ßû¢v8možÐXï.MâÜ½•?ÜyÑ_š’ÉQ¨¿ý'¯áâ†ˆ†Ÿ~ü½ÿ¿§Qh¨áë{#iz53öì&¿sºÀÛú÷{ÌÅß•§‘ßüàÿÔJ/ü×C™k©ÿ¸]õßÏ­¹Öe3â?£åÎ?–!¢¡{ŸtÜ[úvfÍ¯ß)‰°÷Ï±!’ð"ÔËù¼þ)ïÈoß*T.mûêc÷ÿ¨É‹R
/ÍðÛ„KÉ“~úÕËáý)©DDýìžU¤ :´ïç¯ÿÞÐ«;—3ÜY/;üß?IˆÊ«‰ˆh¼­ö¡´æ÷Ç2ùDTÐrí‡çùïjO¿)zÿýÃi|¢àËÇ³8—¬4³èpÊÿ×Ö»?S+&ÿË¶†”ý.Åö×ß´½±XAD%þÖÜŸ{lO9}Ó3Tž’Fã]í#riGÏ`Uf&ÏßßÝ¶O÷ß?`ËlF<PæT=ÿ¶ƒ*ßzÓ?&\ºJþÒióßfxä-½_‘ÇÖ÷2#¿†;_ P¥ÑCŽ¨ñ€ˆuõw¿qˆüÃÄ&Ïì×j÷pE(Ó²¨Þ1AÚäŒ}#ïÕ:r4éšŒÏ;òò¥„RZŸ†
9ãmR9G»)÷­4>ñSR5´$%è‹µ÷8µûÈÜn)-9¹èôÆØP‡—òÌÆð5Í~ŸÄéõQfÞþ¤/»úi
«‰-9wÔõ•¹ï@fšåEkñÞ£Ë¶@LmÊà"EnÍÅKÌ7×ïÔËß?S¬dÖ´°,%]eÑïØ—¸ð?‘?4;¤gŠHÂcˆ¢Íw´|óYáû5z9C.ÆÚ˜yÃð…?È‡‚Äðã‰d§—ë?°?Œt×^¯¹ð/%<!ÉUùú"nç^_ÆãÓØ?„ü,K´ìæs
‹ku?¨¨ÅSq:wÉÎ=OBÉyûôáWûôÄQöÞ”û†ŠL´·F•î.ºÓi)?2÷V×læ¥ã‹lÖ¥ÉÂìc/û»_F8Ä¾UéÉ2ÿw˜ìþÑTÈëèª¿Õ8"ÌÈ)q´›úýDD^³©-¥$;‰H¢È !»“ˆH¢PÒàÈKDä8e²J"
ý#ý=s¥÷wtù‰ˆüæÎ_$EiIDN»#È“(Óöè”å;F'Â´¼R[çËQ
…B¡?œ.O<¥d¥t¶™?DDìHGç‹Èµg2‹¼Æïn7JÊ
–Þj)%£(­³ã¥?\0Ã:½!""…VŸÝðèv‹°('‘˜Ì‚²—?÷ŒvC~æÚ’ÀÆlâÑiaöá‹ÙëY?I;|ñ=amíWßa‰ˆÔåÕ'“H˜räÝ‰{×?þ)ˆer¿]žÆ)2‹K[ï|ò§G‡ÞÿŸåÚC)ß|÷³ßüÃÛºSºû·þòE²B˜\ ÉŸ+\[ èùî“{“~GHuôí‹™<ò:»Ÿ>¼>"VHCN§ìÐ[9âç½è¼÷ÏOþ*ƒ~Ê¬x³FE)e§+¾ûäÏõEnqZ9"W_µÏ?ýø;:šéºé”Š7O=ª½öçG<o4¤4¯IV
ãI˜©+ý®'ÄÝ6mOy¨þyQÍ+}'WØ?â¾üön¬Êzúç/è?ÿ} -VÒTÈ?ÅòOdãy‹«³!bx+üMä5Ýúä…öÃ·t
…hÑåÏ‘Š¥Pˆå-šb§xÌÆOºCÄÇÈ¡íÄÄ¿¢Ï\ddtB£Ž~)ÿZ8Ý“1)à5¥?‰cRŽÕæHINˆIQ›íä‘ªµ.Ë=T…æÐŠz«Ñõˆç—îÂ-Ý‰§ù êß,½5R¤biq6 ¢Xd"dØz±ê`‹åNª$si‹‹=‰öÔÛÃà^@‘í®cØŒPˆ‹}¢y=†_À@<âp€ƒxÄà ñ8ˆÀA<âp€ƒxÞvW¶Â‡~¸tâ'Ÿ|2ÿ%Îì
‹’@Ä)ˆ»Åü<°4 ì.áT1 ì:Ñ²âÌÁ?‹à•æöQ—•LdÐR?f»k°Ó!Àª¸Ü“©Ûåö<7uËåRMº:==U.“iÒS7o¥n}þˆd"’‹éa;!!l.ÄXY£±µÁØJDr¹´ÒPâr{\.w8'ì-È«0”l¤ð¦n2šç^ÊDôÁ1šÍDt¼˜Ò•ô]uY£Ç6˜æ¢ti¬?H>·‘jrå°LÔµ,6=°K¦2ák6ª“õ??Ù}!"žT™”(\¹ÃÎã˜ðßy“—¶ÏêÛ6b=×ô¿³ÊEæoËzê„¢½·áOÂëâ,ÇåöÔ>¨·WJÅ€ðù„cëó®îoŸ‘Ë¤ë(¿ËJF3´sSd"šÞÀí£!ÉÅ4èXîÔÁä‹?oOºøNIÒÒ?×ñç·¿mO=ýnUú:*8ßˆñ‹Gíºcÿõ@Êªf÷ö>üºuT*/ØÌ:tißê–L»ºÿX÷Ò'“‹"
øÆX¹áø‘R?p¹¥¼½¿þ™ªÎ?Ù+¡¡Ö«÷éíß•EØä¡Ö«÷{Â%±nW?Ñì;w´ A°Žº®âgz*`™¹ ¸ŠEæoËÚsæd¯ñŸmãÜ‹ oÌGó¶wíŸ„Eõ_X·×Û4`™erIËO³? ?–B{ÂÆ ÀrÂÙàÂÛg4é©.·§ÑØ:;¸¨ÂPRa(IOWß¸yïÆÍ{W>¸´Žò?f*ÐPyÞ‚‰³Ùàx19Èh&£™d¢)"o—Ñ¤]²«äiì!ŠÅ¨ÃûÊþZI4œ=Q°žÜôJkzôÐ“sñý}I3q `ïnòÐòñ@’süý,â­¦¡rŽ^š—üãí?|ÿÏÖä©HZ{eWñ¿ãí}øußžwfÿGV±È‚m1~ñˆÖ’3ÅÚƒg?´ƒÍÿ~ŸlïZ-ªÿÚù6í³<»÷ÀÌJ$¬w*ãÄ¹ƒÙâï³ŽŽ·ÛìãÈ÷Ÿ9]¤dˆˆ‚ãu7~“H¯Wf8w\¯|ÍÛ!VÐžÿ?ß\íZ$GIEND®B`‚' height='200' width='200'/><br>
<br><img src='data:image/png;base64,‰PNG

IHDR
1K«Í/sRGB®Îé IDATxœìÝg|T×?7ðÿmS53š¦2*£†º ?1!Æ$¸$ÎÚÉ:‰S6½ín¶$Ù$ëxKòlÉf7Ù’Í&N6mÇ±ãwØ€i* $?:šÍHM½íyq!„?Fˆß÷š;÷ž{4ÀçssÎÿæÑG%"6Ý€ÅñR ñR ñR ñR ñR ñà*Ôtw`ÁðéîÀ¢£h¨Ä’BŠÈH"±,q<«21“î>ÎÄ€‹¨¤1¬’<´ó•þ³gIÅXLä•’
sÿû?l³Ùx~i>H/ÜoµoßÞÉA†H%bˆEaY63Ó^XP˜a1G£Ñ£ÇŽ¥‚˜JÄ?JÄh§N¥Rù²RWVÎ‚unÚã*£*ÄªÑñ6áã"Ïé8ŽXŽ“Héç?yüŸþÏ¨
Ë³KnaáâÁàà zñ¤-‹ÕZSUUPX8yD’äÁ?ÁÙ´V?ï¹ñ]"RDR%RRbT""•!†%–%†'VHwÿæOêYŸ•Å—ùc+#+‚ ‰Q˜$ËO„cf«E&™#õÉ§žúà¾G!aéò.\<ÈÌ´Ÿ?*Çqn·»¶¶vêœ­d2™L$333§¤Ü¥­étKøß%@:¨
)’Å‹žÿC•I–‰D¢q±zb–Ú³±ª©ÄÈÉg~öÃ,%!‘$1ú„Ê?%’¢¢8l¶‰h,–H&$šèéùßþðƒÿÌÒû.h?0[ä-ÔéõÚKEQ#á‰X,Æq\á”Á„+0šÌóÙY€[Œ'99ë“E’EâtÄæ·WH!’bÄØÉÃ»í¼Ìéô±87§@x‚ã¸ÊÜœh<^˜ç1˜3bÉÄá§¬ÊJÒÓÝñláâA[k‹¢Ã2ÛîÞ6™ZZZN?:u­™«¬6û?î#À­GUHŠ‘*ÏùB9IŠL¼qi|ƒ®qrr¸çtïé®d4nVÍÁMÄU¥…¹¼BIYêé?7á?˜lN^N?˜‰'Ìˆ×L”dU¥úõ&“I;òúŽ×?£’Ê0Liii–;kß[û˜™fM¥)Š² ½XÒT™Äèµ/ë¯Ê$FH0ÃÝàŽ-8fbì¥çž?Œ„ÇÇõ¦Œ¾±1?Ãâ1³«*ŠXF!R¹çtºFI&ÏMÄ¢³·CX¸xPQ^®Óë++*´—g{zN‡Óå”¥´¸Ä–i#¢x<^¡? uÊ"GS+T²Z­sî?*GÂ>ßp4‘zÍ›­v‡Ëbææ¡Þ<9O‘Þê´è®t¢Fd"bÍ‡q©U¾À¢¦*×•Î·Bb”óÍ>†ÀšLw½óžŸüìgã
é"ÑÒ<WMu•,+1I°8FŽøc‰Œ‚2?ÑÐyð€Åj)-­4Méîõ?·pñ`$\±b…öóððpwW9ìöÚš?.õ-Ër(RÕ«ÿÍÍvÏåær¸ÿts×Xlú?Ã9"2:r*+½.ý\Ú»ªÈÐÑA"*Xá¬¼b<HŽô=#¢ÌeËùKmp
5)vƒ¶VIŠ‘pãKCc±˜Ñ¸PHŒÀ[2?þ¹/(ªü‹ïÿGIN&§çFù¬_?ûÌGßóN‡Þ¨°ÒS/¼62>úÙw½3’Œ…ÇGù%8x°?Û¢©ªÝn×†<¨(JFFFUuõd6ÐÊ”³³³õ©j0:74t~ÑE{¨D¢(Îx“™ÈÁŽcM±z‹ÙeÓ³DÒÄX0,&dŠÏÝ®¹­Ö³tJk®FŽ_K½Áå¨2ÉñX©Üqº«££SûÙh2äç•/+½Q?_Ã²Ú::õåe§ŽÞV]ydßQ#eèxŠÇ³íÆ?¾k‹*Æb¡ˆ#Ãboú)U—Z¸xPS[§-c‡³³³†©©­Õë/úÒžçù’’ƒÁ@D¥DbRœˆLœ>}š¡éõÆYå(¡îã±¶ÜÆºBËE¢ªÉñ¡“­}ÃœÕ–¦l`ðÔlÎVˆˆ8,Õ
EUf¹NQüÔ«Dd¨¸ëê§ÊIbu×?Å(‹íÛ(?i© ‹E£±ŽŽÎ¾þ?uk×Ìã`3ù'““•e_Yg’•ûWWËå‚ï<{F‘Y¯—GÇ‡'Â2'¬jlT9~éM_¸x`2¦À{{{Ã,Ã—<’«ÚÖ)‚N°ëì???ÍÍÍ###JT’¤YŽ¨?¡ HDd®ª?–ˆˆÑY=Ë×:ÃlÚÖIe9~)æNXÔ”Ä,NÒÎœËƒ’ îzß?5·Ä¢±òò²©ÃÚ`Â¾ý‡¶lÞx?íÏFVU­/)?£\"Ééˆ1â²¬ŠIÔQYžHnz÷ý*ÇIª,Üü5ÙÓ,àä"†Ñ¦µµµ©ª²lYsÉÔ‰dbÇŽ×-Õ5Õ.—K§Ó±,KDõõõmmmGŽQYÛ±¢´¸`vw?'bDDdu8.WÀè-–ëûÕn.òe¿i?wì`]a£ö’µdM}Wn—Çå[.ÛìõÅƒþþÁ‘‘à´l@DÚËŽŽÎþþÁü|ÏõÜb‰Õe­Z«FÇÏ>,ÈbŽÅRRè…‡ÇqñÎûß£r¬JŠp“WcÏháâ?N´âãÊÊ*Žc½^ï¥çôúââb"òùüÃ>¿Ñ`¨¨(ç8Žˆª««ívûÐÐ?6ðcµeÎíö¢4Ûä«ªñÑ¡Þþ€o,‰ˆXAÈtç–—äN|PÁ?Þ3}££qE!"Ž·Ø]E%žóÅç‰ãƒÝ½ÝþHL$bY£ÕYYUì2œ?Fc={ÚGˆ(§jU™?ˆƒ­­Ýa"K^cM–èm?†%…ˆÕ³½E•yÖ‹±’ç††&Fc’B©â
OQiÙ.µ€%D¹Ò,Ö`Iôälyœ-?ˆtù«&ß’Çâ;.›&g¯}ÊôH0HD3€‚|?6Åhþãq#3g²ßq{wGKW?&U.J<ãÈ<xpïò†½ÁLW[Žÿf´Ð£Ãèu:†ax~†[3,›??‡“É$Ã0²$µµµ[­-Käææêaphˆˆ8v–YÍhÍäi\¢ØP[ŸkMÁÕ*¢ƒ‡÷?^œ$Qöî©iœR¾œð·éˆO9O–Â?s'ç*V4œ?ÍÊÄ`Ó‰¾àdƒŠõ=­l¬-ÐÎQ’Z
‘R«*)r\ŒÅˆ„øðé£ýâäbKJ26tº=]¶®ÜÁÉ?ŽææñâÕ˜”D8|æÄ±sëÊ2—`ž€ë§JWxSWØÈè-œ-Ožð%{Ë¡^"âì…ºÂÕ¬Á’Ñø£¿âúòªDtíñ 0$¢ŒF£Ñ´@«1ËI%jvÙ[Ž„KìvR¤¾þ@ÃÊ:S†!<>b4˜I&Zjs‹r[41©×ëY–íêîR%?76®™vN<·Ym¹¹¹Ñh4
>|X[¹¨¯¯oýúõDdw8NutÙ,f›Ý9›ûÚòr3ûûFí<±£Ç˜]àÎ±Û2ÍF~ÆíŒ&Kãz‹·¨0ßi6ð©rd´¿íø¹Q9ÒÞ=’Síd‰HïhêHk)(©ófšV‰G‚¾þ“gâ®L=?ŸÎ7ÐÙÇl•+Šs?,‘8z¶£¹?¡(‘Ž3#yZS—3~îä8k)(«óZõDRÌßÑÒ7œ Ä@ï@¾Ãk""ÎjÑ)¬œ™“WZàÎ4
,CJrâ\ç©Öa)Öw¶Ï³Â»—â€ëvµíe…ì*yÂk~Š³dëË6‘4|*Öü”±þ.#ëÊ×’¢\ç³Óé¸Ü[&£1‹]Wë³Æ’Bj\Ï¨:‹yecãXßpVŽ?·¹ÝîÌß`–#gl$`qd-½oc.È²LD,Ëzr=ÁàÈÈH@QöâA–e–aY6#####Ãåríys?$‰ãããýýýùùù,ËÖÖÔŽŽŽÎ8ø03ƒgå*©ùèPP&EŒu÷iÇ9ÞbÏÌË÷äeÙÉ¤Àd–4®*×M‰¼g¶{«½#ûÎˆŠt”œ¢øÀÙžQæ²Ú5ç7+`®ÂÊõ¹¢$Ðd< ½cåšeŽTg×²šªÈ‘ÖM6uSçÏòšø®#~‘¾PÂkÒ‘.§âN—0µ³¬.ÃSQîšrÀEÔ«Ä"Jöæ,ÙÆåïÖ^
ÙÕ±ãO'{«ßyý?ß$TYUQIÊÌrËqzíõƒ›7ßÁÆ‰h,ÇÃwœì\é¸ZXº-\à™Ü© ´¬Ôår;?ÎdrúrZ<Ïóü…¼i47¿m³Óår»ÝƒCC’$‘Õf-È/0ÌeM+ÞRØ°aÕºº¯Ë¨Ÿl^–Â?ÀÉcÇwî?Ù¾0?ˆ×Í0f4™‰ˆ”DR$¢˜8FD$¸Ëó.é† L.™…ùŽ‹‚Œàpê‰ˆ”XäÊ°ŽÒi?[mÚ?ÀñèùÐÌ3t–3š?DD‘ø¬W$€[
3ón^ñS¯ÆÛ_Jö!"9ÔËgWL}—Ï®Ð&%û?ÄÛ_Ò<?}ã³‹ÆL—ŸAd2cÑ…=PUUUY’T-$°¤òKIWv¦ÊŠbB2ëLr,ÁÞÀ?#?…=hok_¿ÁÅ0ŒÅbñù‡eI‡Ã7n„O¸’$±,;u/žç‹‹‹ßzë-"õ¬Ý^VVFDn·;?Ñ¬æ?Çf—§Üå)'"YŒDÆÇB??¾ÑQ‘”øØÉ#ít[mÁ…uVUELF"‰É‰yQíï^e"!'""‡Årµr‹ù’ß©
wå*{f˜MÓgÎ_9-”+²?ŒF'kŒ’ÚQ¾Ò´B€Å¦¿?ˆœŽËN°ÐjFF‚W˜€t£¨ªÊ°Œ—Edôº¼‚‚ûïÛ&ª’?·H¢<x°eèàqyƒ`¹b%ÆMháâÁÄÄD(r8z½~ùòú–––d2ÙÒÒRUUe8¿Ë°—®vêv»m6[4Òâ?Ýañû®½+œ`¶:ÍV§Ç«FúZ÷wF%ÒÑ,(wÉáþÎÝ£‘ÙDAžKól³ÄHGkwßØÕæL¥24Ó÷”S÷>ãì…Òð)!»zòˆ4|Š³N[Ëè2?_#mÙ"§Ó~¹´Å‹úç;Hªzì•]†àxÝ;nŸˆ%32ìª,?ŒŽØŒn1CqÏêåUÉäÁ^½ýÁw³³]2çæ°pñ ///:"*((`fdd„ˆº:»<ž\»ÃAD¼0s***†‡‡µJ‚ ‚`4Þ?YõŒ¹ ¨d µ3FJ8'b‡O<VˆŒŽœ¯ÓaÖ§:ìÞÙ6:ýjåºÆÎ®—:ÞÑÔÙ“ âŒy%¹yŽÌóë©ÆúŽµwN¤³k°¨1,]mVŒ®pu¬ù©Øñ§µ)FÒð)9<l¬`V?_“X,Ö×7àt:®°/²Ñht:?‘`,›Çí“‰8…LQ¥fÕšD[Ï?<fÉusªÚÔÔtÿ>]ÖŒƒÏ¿\½þöÜšêY4v“Y¸x088¨1SZZJDùùù¾sÃÃ~1ÔÛ×+Ër¦Íætº
½…zýôGA¢‚‚‡ÃÁ0L4›ÝÂE³ÆK‰á?°BDÆÜ•õ…S÷QN^´I³Ñ˜A4A#§í†öbÆü}"¢ÜÊºê¬©1=’ˆ¦«Op3`Y’¯ÔÄ8+Œõ${':ßÐŒõ0,/µ¹µWiüšknÑ~h>Þrå3cÑØ|oŸÌòlÕ¶;i4¶÷õãîåeŒ¤ª’RXX¨ªj4?[¾û›ÿþïòç_\bC†}ÃŠJÃ>_NNŽÙl&¢U«Nž<¹ï­}Ú¤z pº³3/?oÆËÏk+Ÿj/ñøŒ§]j¬ëx?¾¨zÚnbçI¡¡>­ÌØ–¡›¬0N(bÀ™òÒèÊÖwL$Hô÷ù¼¶¬‹×îRjU›SÄëßo,x“?à
žè²;£‰ÃíñŽ¦åïælyÓÖ)‡Zâ?»T9y¥ùEÌµ<^ŽŒGF‚ç˜í%ó7ÅH&•3ðä“ŒÀªñDñ£Zm6•T1‘dxþ§Ï<çÊ.°ð†Y4v“Y¸x°¼n¹6§³««~ùrí`eeeEEE__ŸßïW•ˆ.: "Žãê—×©™™©Í’3í³û× ?ôõÇ†•öánc®×íq:¬Ï3¤ÊR"6êë?yfLÛ½ ²ÀJDfÑ8Qpx šåM•«‘¾Sí¡‹Z5{
òz;Dj?Á³U•©-ŠÕäøÐÉÖQWCõ¼oåGDFs&GI)±8SáG9Ùê¿ÒFˆ¬@tÙõä±ACùmËdm?¢Éz!·V•“òh?]!\Ó–ÉN§ãžíw_Ã…ó„UIaHGc6ûHUHeÆÆÇbñ(ÏñFŽ“e•]‚«Ñ‚Æƒ¤(jeÇ²,555åææz<måÂÂÂÂÂBEQÂá°ªÎ0¡ßçóÉ²Ä0ŒE‘•Ùý…°9yÆá¾˜"Ç†º{‡º{g:Gï]Q‘£#"rdõ?*±Ž‡{2­Y&y4'Ù‚üÌ¾þ)µ¼³¼nlü˜?¬$úNëcY£ž“¢¶ƒqÔó˜g¸ÏfÈ-Íjê—Ä¡ÎÝ?>‡Û"DÇã¢lqè}ãóß¸yqÉ3£h(ß2õ¥¾h=]þª+eîÚ÷K¾ÔäøÀÂ,U4•öÔª×ëEYá9^Ud1):Îx<n4úúÎqœ ªq•f÷Xúû¦–òž9s&;;»¤¤$//•MY–eFÛÜ`š¶¶6I’<ÇqÚ£ø,7Ìcô®²å[
'ÎôžŒ„“M»a½#/¯<ßmžü—lð¬Y«×–JŒŽö?qFo}E9ÓÛ×QÃ¼­díZGOWwç°¨(J,¦+sK‹ÊsŒtIó<`ËV¬5vžè?ˆ‰À`‚ˆŒYöÑæÀÜnb¬þrñà’3ç²2{Ã¶d¾µÿ?Ñd4?##Á-oÛ8¯µÈ3ÒëŠ(åäØUŽIHI?ç?.‹dgåvžVdé’7—æÑG]˜;íyó?KWúQÅ`0Z¬–¼¼|›Í?F†™öwßÒÒ‰¨¦¦ÆétQoo¯^'dçäÎ¹ªz!~°<Ï]þ¯T‘%Y!byájÿ%&Û¼rƒóHUDI!"Nà—Z|€y#ÇIž¾GíuátÄÝÈ¹ø§»:::‰¨  ¯~ùë¡o<E%öÕ»û‡ƒ¦Hè¹_?ˆú‡voN"!vŸí?t°#8:ü¥/}‰]raáFˆagøøXV”Ä`08(ªÊ³¦qÍÔ÷C¡Ðèè(Ë²&£QËªªööôV”—]S^˜Ý˜Ëñ³ÌÊ³os¾0¬  ÀÜpRä«®p:[wc³•/+-È÷,ü ?†!Ú²ùÎ~ýëÌœ,%.s‚‰G¬Š”HÄ’˜©çþÔ'TY¥W¿¹™-\<œ©¬`ºÉo÷“ÉäàààÁˆa8Ž{ûÛß~¾?¡Á¡Á‚ü…¨þXÊx#‰‘·H›#†øyyˆOW6 bˆT’¥Æµk_ëðš˜Ž7%‚Q ÞÌ¢ÖlNï×…Tn?Ö¬\8Ü®,EUbTšºüç…´·’Éäøø¸¢(m­mñDÜíÎâ8nùòå6›MgÎœq¹\éû·°T0,&£×—L×¼ÚbÅ©ÏŸôËzû3¯ìÜrÇJVaûN?u8²ŸÙ±?çˆ7˜Ø%W—¼ ñ ¿ ?aX•ˆTbRUÒŠ9.ä•ˆ(C1Ù9Ù*‘Àñ…“ûMôõõegg‘É„xpÝŽ3I±kœeÄpÄ—\6Ð0ÄÐª5+ºžÞ)ìï_+`Y–3dðÖH8 È*Ëž¢]B.47ŸS0µX¬7nÔét“Ù`ïÞ½çÎ?ÓÑ74dX3ç­³·†%Á|-•Ê7ºy1R“,£(¼ êõ’Áª7èIg¶˜õjr‚ç8æú§e->Xš<ãŽ—Ø´i“Õje†çyfJÛµkW pa½NõL’€ó8±:R³Zð”ˆÕ/ÑAƒ‹ð¼A`™”p|âÞíw½úêk™V§,©,³äFÎ[ÈÉEW*effòüE½J$ÍÍÍƒ!??ò`†y6¸•0,qFâŒ¤ˆ¤J¤(¤*çëFbXbYbøkÛù&%p¬¬Æ?Q•üÂ¼Ò²2_0¦ãI–%•T†!Biò5Såª§I’Äó¼,ËáðD,ðûý—Æ³dò†.Ó“X?H ¹ì‡¶T)
éõ‚(ICƒ®¬¬4ÚÖ=1¾;à¦ËÂÅƒ­[·ÎþdŽã23m™™¶\ÏÜ÷>¸´ï¨yžUI!Rs=ÙŽ´²,§-ª¹$-ýc×FUUžgYŽå8VUd“Qo6T†Ün÷R›TtÞ–&ÜTX–q:í¢D=g,Ë(²b4ÙnoEYáÒ«:Ð0?>úhºû‹&@
â¤ @
â¤ @
â¤ @
â¤ @
â¤ @
?8Jw`Qà=Ùöt÷`¡‡ÜN[º{°è`r¤ @
â¤ @
â¤ @
â¤ @
â¤ @
â¤ @
â¤ @
â¤ @
â¤ @
â¤ @
â¤,®x‰Æý?Pº{p‹âÓÝ"" ÔÒÞ½yCCk{×ÙžA"2›?E…žšª’twà’þxÐÚÞÝÚÞUSUª½t»µU%>¨µ½‹ˆ?LšãÁÎ7›üþàæ?«Ý.»vÄl2¸]v·Ë^äõìzóp$kl¨™EK¾#O5?7Ü¹É«›z4Þ{èùÃº?ÔgÍâòÎÉW¼?UP¼¢Ö›)Ìå—ñ5?±‡6M»WôÌŽ—†¼ÛÖ•™æÒÔ,ÍkãpëIg<ˆDãÓ²ÁTf“¡±¡fç‡³\ö"¯g6úZÚ}yõY“¿“<Õ:ªÐÕ¢ÁyeëïZ•E¤Hb$Ðv¸õ•×F7½½>kNàf–ÎÒäÖö.³Ù8c6Ðhc­'»gÙ @¡#?c“/#Ý'»íé^Q’IQ¹p¦"&EI™©"–,9õ›VV?ïÈÙpê ªˆáàÐPp|êURxdèœo,¦¨S¯Wâc?!ÿXü¢ƒ¤D‚Cþ±øÅ÷Tc¾¡ÀhbêQE‰^|P•Ä¤Dªø"
‘šõŸK³üXf)m£‘hülÏàU'{=Z±òlxkK#ÍÝý¥+ó"Éwê$ÕUÚ?4:µog¢ò?Õ9,Iç¾pÒ¸~S½óòm1Žâbý©¡@|™Å9³cGwÜîÈÍ?†ŽÛ6¬Ë×‰¾æ÷G²¼V.ÚñF,oëÛJ­DD‘¶}{dÁ¦ú†”¼-Ûª?DDRÏ‘=?œ%Sìé+6¬«s°¤Fz:8¢Ë÷£‡ŽÊÞú­õY‚â;òâ‰~“5×Á‡Ë¶W;ÈßúôžˆÓ?Ù•k²èÜ®?¡LW¾ÐqHÔËsøÈ®"Íµn·cÚ t°©uòe$×^a?ácA}yÏ®SÁüZÇxgG¿·ú>Kß""ry2^íé©Ë)ÖS| §×ìÙv…l@DDœÀ“B2™½›ï)fY"¢¸ãÀ³Ýñü_·Ï\³nm©™ˆÖ\(HÚ+6Õ;‰¤?ýÏ¶õª?f"JPÎºmef"m{ã•¶¾eë½º¡Žƒ#ö;¶Öç
Dµû_hk+Èªwd­xÇæUÚ?òÛžÞ3è«vd%­wnÉæ‰’½û:Cyu÷4äDâÀÑg±9|ÜW”þ•‹¦Êº$˜M³×c2gÙ‚µ´8ë…“?ùÞ@‡yÕ;êK½a)ªÈê9Õ.^¦êÏZ¶Òzµ¦â±$±ÄQl´§·/#¢¨H
ÉÄ;s¬?7½9ž•ëÎÊõ8ÌŒv‘=WK¼ #¢Tl0{=fí§L—?NŽŽ“—ü%§.W›ú$dºlbO(B³<áëîŒKDR„dÃù¾ØóSã?å¯ÍI]gÏ´âÜ0iŽÑhÌlš|¦"¯g–UÈ—%äÕÕö¼¸»-£zíÚ‹ªŠuÞWÓÑ¾‘lþÔXÞš;t—o‚ˆˆÔ@?h-wˆÄþ£/6³?kÊô$Ÿkíì&"2Ýöù±ÑP0ÐÛöâ‰Ì?wÕ^¾Z'ËT"Ž#"Ž()+ç‹?d…ˆaiôä‹¯‹7­¬Ëàh¢Û×“˜l‚KÅ–ã)))‹mÍ+S IDAT?;XÒö”i6Ìf£Ï•=’[Û»w¾Ù4·–KjŠÊÖ[¦g=euú?½{©¼ÀÉÌpa2™“I1™ŒŒ4ïj>Åf­*²‘œ”³Õ™¡tlÈŸ*}ŽŒEÎ˜éÎ+[^ì‰EÆÅ+ô(qºûœ¨©±3Ý>6Ïå"rz²ƒý§Ã
‰#=gFÍÞ#‰R’3»ìFA§Kƒã34åÈ/ú»ÎŒ«D$?tŒÌé£¸¢tŽ¤Ö-uÛ/WWà„ZÛ»6o\=·v[q½m¦7,ÞeÖæ&ª+œž4½w÷«7f×l¯ÊÑ¦
J«zš_|aÀÈó%y6
QlüìÉý½1?A?ã¢¡²~?‘(<c«Ddöš‡_y¡5))²µ`³Ví¨Þ²²i×ë;N0¬BBñmkÊLDÆâÆÜ¦½Ïí2êy{?eÆâgemÅžæ—ž>Ëê?×–I‘¹}8—Ç<úè£i¼}k{÷ÙÞÁÆ†šK‚?ÚùÆášªÒ¸qòÈ‰]Ö/š+E!ö’ëf<x¹ëv¦.9ª*
±ìLã×t_˜ÁàpÈíœ1CÜÒÒ\{PSU‰Æv¾qØívÔV•h%È~ðLï?ßt»70P¢¯­›–m¸¦l@4óãøžÑgÈ3efÑ(²Ìƒ4?h´ÅL#‘‹ðy=Å^Ï¬3?=E%t‹k±&HŒÌhQ<+»]öíw¯×¶8ÐL]Îè†aµÕF¯ºººÕ«Wçååñü¢ø{˜W’$õ÷÷8xèøñéî¤,¢ÇÐy‰7?­[·®[·.Ý½X8<Ïåy</¾ôrº»”Î…Maªºº:d¸e­_ÇòåuéîâÁb±zõoXZnk\“î.!,
ªªæåå¥»é”ŸŸ¯ªjº{ˆ‹ƒZd¸Åñ<Otå?Ÿ`!à©4ÍT9€´ç""b„„tÂèAúá¿ŠÄHA<€ÄHA<€ÄHA<€ÄHA<€”E´kòÙžÁƒM­n·£±¡Æl2¤»;·œEÎöÑÁ¦Ö"¯Çlj-.Ì5›?n—=Ý]¸…¤?ì|³)?E"1"òB‘H,‰iG6o\=ë„à;òTsçä+ŽµzÊ7¬.0Ïfkîè™/uÚ×ßµ*k¶}VÄ¤ÌéÌÌ¸qü#cDÄ0³y€[ Çq‚Àéõ‚À§ÿÉy¤ÿ—ôûƒ›7®>ØÔªí Ûew»ìgzç4€P6ùˆŸžx«iG»õ¾jÛÕ/ÓeÕÝnÔÍâÄó"Ý{÷õ¬ÛRjžý5pen§m±Å"bH•d%K$1ÃlLwwæ]úã?fûÝë§9ØÔzíÍé%æö¾`¤Ê¢N`ibtXÉÈµéˆHIŒ‚¢ÎáÈÔ³DD¼ÑåÔ“pþZUâœÍe5²“ÿ8¥ðˆ?B.§…U’Q!YJˆI?xŒ!,e*1ÇY-¦DB?Ø¬KüâÅn¸x4If?1Ö³ó¥>r)¡Öè­Þn5ö8tpD—ïF•½õ[ë³
{¾Óºm]™‰(rf×®>Îã0KÝ{ƒÖ;ÞV›%H#-ûwv%ì—n¬5ä**òtÅHîly¥‡ìkÖy—~ˆ¸Å©*ét14‰-í1„%|]-G†ˆˆäh°ÇÇV¬Ëe©‡(AžuPf&"eðèÁû[ës¢Ú?ý/´µdÕ;&Ÿz«Ó°bóÚ<žˆJÚÞØ6¼-gèP[w÷–
3‘(*ÂŠÓ®}=‹jrQ<žˆÅâÚÏ&A®vÅ­¢à\oß UV”:ìs˜C0?^'Äã¢(IK¸a)þb¼9»(gÙ*G¦ž¥(ósSÏñ@É©ËÕžœ…L—MìEh2Äýã?;y$@DDQvÜ‹ûCã™Ùùçƒ€°Èæ©ªÚv²ó?ÿúxK‡¢(ÚAžçîX»êãyoA~Nº;xu¿ýÝËßý¯Ÿ]z<Ï“ýþ÷Þ{÷Û7ð<w=í8Ô¬µÿOÿ—?«—_OSp‹SU2›±xñàæ?UZ;ÓêC,w¾„€ãJÊÊùÝàd…ˆ™ò¸Ïñ:â]Ååe©u,Oƒ=KÄ‰ÑHÁy’$?ñÔÿóãßLƒÉã»÷:ÙÑýÏßúra~î<Ý=žHþÛüï‰ÖŽM?öáoxûƒÃÿø?vŸéûôÇ¾Î„p5Ÿ8ùOÿú#K†éËöIo¡'ÝÝ€…Æq¬(ÊéîÅ<ZRñàªœž,Ã›ý§Ã¹Vé93j.Ë1…Soë²½9'?õËês†(M82³sr?vu•9su¤ÆFÃ\¦ÕlÍ¤PpT,5*Qújë÷ì;¬eƒ‚üÜÏ~òý«WÖ‚ ŠâéÎžÿ~üWV‹%'Ë5?·WÕ`h¬¯h||âú³Y-ÿò_)+)Ô^†'"ßÿá¯žqçK¯½¹uËúŠòâknyû¶Mo»s­6çêúû™H$ûú‡lV‹(I×ßÀMêð‘žÜ,OnöÔ#ƒCÃ÷m{Zûµ@dñ`ÉpToYÙ´ëõ'V!¡ø¶5e=1ê
×¬{«ù™§[9½"“yYãêLwÁÚõ‘?{w?!q¬³rõf«.kY™kGÛÓOµ‘·î¡†ôLàÿêÉEñäfÿó7ÿ2'Û­¡ºªìÛßúJ8<¡ÓÝ¬–ó#xÿ‘c­ƒC¾“]×½Á ¿¡½¸Õ}ão¿384üüÓ?káð‘ŸøÌ—=¹Ù·H<PÓÝ?y•þxàv;|þÐäŽ“"Ñxqáì'Æd­zà®›Š·<pÑ“¥¹°a{!)ŠÂ²ç§IbròmÁU·qK?ª(ê…÷gåÖû*IQhò?¹xÓ}ÅYpg{ºÎôÑ½ïÜ4™&ñ<g·Û¦Nzÿ{ï-òæýÏ?Ÿh>qò3ø=ïº›ˆ:»{ðø¯›?·'E©´¤àÃx`Ým«X–ÑªNwõ<ýì«›Ž!žç–•=òþwÝÞ¸‚a˜þä7»Þ<à÷‰èµ]oin#¢ÉYFãá‰_üú¹—_}34:îrÚï}çæ‡ÞóN“Ñ0§_P§xž×æJÑò›]oÜ´¡ñwoüÁãOì?pôî·oøâ>BD?‘Ð/Ÿxþõ]o…FÇÍfScCÝ}èÁÉº‹K§©ªÚt´õ'?ªýTÕ×UþÑ‡þ º²lr•eEQ÷8òóÿ{öt×YEQós|à•å%ßþî?|? 6¸ñW?þ‹N'`–Üš~ðŸßúÄg¾rÏ»?úüÓ?ù´lð?¯ÿiºû7@úãAmUIK{÷¥Ç³\ö"ï|=uM>û?÷¶´u÷»Jê¦#0,{é”¡K“@ú²uvõ$“¢N'ÔT-»Òyç§5mýáO~??¬¾ðòîïþçO“¢äv9t:¾¯oèëóoûðƒ?tÃ0­í?öåoÅ©è$Irû©®¯ÿÍ¿þõW>wçú5ãã}ýç´·"‘h$%"m–Ñ™³ý_ÿÛëë²gZòs'&"?þÙSÇ[:ûÚç-s¨à:ç†F‰Èé´k?÷õ?ìè>p¨¹£óì…Ï¡»÷¯ýö°od²3;ß8p°éÄ×¿ü™ÛW\:H’äŸþòéŸýß³,Ëd¹]Z~øâ—¾õ¥?û„6I’äÿ~üWO>ýòdEÇÙÞ?o÷ñOüá?AßØx˜ˆEö´9Q˜e· OnödBÐ^~ãëºzU]ºû7@úã?Ûeß¼¡!]w×Ù\ÞÚ‚.ÛÜ¾Ù^"Ñ³yVSê_}}ïŠå•_ûÒ§‹
ó22L}çþ÷O+ªúØW?¿áŽÕÃøÁ/ÿõ·ùÄs«WÖV”{ó¶¿cómkêWÕW‚?LŠÿþß?æù/¼¼û¶ÕË¿ø…?|æ?ú÷ßÛðØýÛ·hßâQ2)þô—¿ëëºÿž-Ÿûät:A’äÿúŸ_>ù»—Ÿ{áõ‡º÷rÝSI‡'B¡1m4 ídçO~þôÄD´ ?§ª¢tò´CM'JŠþî¯ÿ¤ºªÌl2Æã‰ÿùñÃ¾‘â¢üo|õóE…yccáÿ÷íì;pô‡?~bY‰×uÉ®Û-m¿~òK†ùþîÏµ–Owžýò_ûñŸ>YSµ,;ËyèÈ‰ß=÷½÷=ïüð0Ã¾‘ß¿´kë–u=°íàáãñÕœV)pòäfâcão¿CDŸøØÃÈKFúãAzl9óµ²Ï<›ë|úò²¢Ç¾ö…L›U{yèðñaßÈÚÆ?«—k“jÜ.Ç?ë×üèŸlië¨(/6›M_øô'/×é„Ûo[ùÌó;‡|±Xürwïíj:Új³ZîÛ¾E«|àynËæu/¼¼»ùÄ©îÛz¹ÇÇ'þä/¿9í Íjù“Ï~8;Ë9yÄå´?öÕÏ¤†•ÚNv?q’eÙ?zäŠ
óˆÈf³üÑ‡lmïììîmi?½iCãÔUUÝùÆ?x"¹mëÆÊòí`IqAÃÊšW_ßw¶wÀåÌÜ¹{2)ÖÕT|àïÓ&Deg9?úÈ{æôi,y‡?œøÆß~G«=øÆß~gõªº©•ÊpóºÕãÁÍK¯ˆ(?k{®ªª¢t2QOï ?híøØg¿6ypb"2ù¡=o5?ìè>ÙÑ-Ir,¿ê]‚ÁÑ±ñ0Ïs_ÿ›ã¸Ôä«dRŒ'’WÎ,Ëº]ŽÉDQY^RSU¶iãmÓæ#••z³ÜÒÂÄD$‹Û¬–ÜÜ+Ú:í6›Í26ÖvC›*‘HžÑî76m½ÐíÐ˜¢(ýýCõµcãDTR”oµdÌd²ù_ÿSOnÖdÂ€xp³*òæëtB2)mn[^[1YV;'n—cõÊši++JˆèÀáãý7ÿO$í™ÖªÊ2OŽûÜp`O i6ÍúU+ªzÝÔƒVk†îâ#SY2Ìß|ì‹7vºÎä6Ò—*ÈÏ-/+šv°È›ï°„iã“õ“uGöÿ>Ý]ƒë…xp³*+õÖV/;r¬í¹vÞ±vÕ²‹vã‰¤Ï˜œ„s)³ÙHD9Ù®?ä¡K¿ÑEñ…—wÇÉ·o^÷•?ÿ¤¶+Ù®7îykJ<`­Â;žHÈ²Ìqéõ:?NàXîÝ÷ÝµSóµÛÅâñpøÂÞ‘h,O‘·0oÚùÇj¿lIqÁç>õ?K3•(ŠÚ}C‘hÌl2^ÒÇ²¬(ŠÉ¤8o¿Àb§LŽh•ÊƒC¾4wn„t®½×Ãl2¾ïÁ{z]`$ôg_ù‡'Ÿ~90’$9Û±ë­?ökÿóãß\áö¶5õ½îÈ±Ö7÷VÕÔê½ñDrÏ[MZÑó4ñxbç¦1èu9Ù.":Ñzzèœ_;XT˜WZ\86þíï^ž\õHQÔ­—Nõ¹~Úí’Iñ‰§^Òº-IòÓÏ¾êó?¸œöêÊÒiç‚°vM=Ë²;wh>qròxx"òÆžC²,‚°þöU,Ë;~òÅ—ßPUkóÀáãZû‡Íf³DcñCM'´wnA—Vxr³Q?¼4`ôà&ÖØP÷…Ï<òÝÿüéØxø{ßÿÙ÷¾ÿ³©ïªª?N­7˜ª®¦ü]÷ÝõÄo_ü»ø¯ïÿèWFƒ?HõûƒŠªþãßýÅÊúêµkêßØsèõÝûÇÆÃÞOk{ç¹aÿ´Fî\¿æ…—vè_r:ìåeÞ¯}ù³}ä=ßøæ¿¿ðòîÝ{9ì6­B 4:þ¾·ê?Þwm“ .Çf³<òþw=ö÷ßÛ·ÿÈƒøc‡Ý‹Ç?Ë²¿÷Þ‚üÊÎ7o¼mÿÁc»Þ<ø§_ú–Ví ËŠÏÈ´Y‹¼y…žukW­m\±oÿ‘ï}ÿgÿ÷äóFƒ!EQûXòr³W.¯z}÷þÇúäÓÏ¾Bóõ/}¦á’Z7)ŒÜÄ†Ù¾mÓÿó›w®_£ÍÿÑ˜Í¦÷=¸ý{ÿüõK·K›ÄqÜ'?ú¾Ç¾úùì,W êëêë?§ÓëÞÿÞ{+ÊKˆè®·ÝñùOÐh4j:ñäï^6™ŒŸøè{§5R_WùÇŸý?Ùl’$yØ8Û;8Ž4®^þßßý›†•5±X¼¯¨¯(<¹sýš{¶m¾±Ù@³î¶•ßþ_)/+ŠD¢}ýC?@(;ËõØW?ÿî{ïšñvƒþ«ùé?þì‡22LÃ¾@_ÿÐàÐ°ÓaÿÈß£}\f“ñÑ¿úÜÞwŸA¯Ó>™D"±eÓíZØÐé„Ï}ê+k‰(4:
?uu÷Þð_
 ]˜G}4Ý}¸¥i{{ì±ëlGQÔpxBQ?^wéŒù+‹DcÉD’ã9K†yÚ#µ$É‘Ë²—¾5íÖ*©fóÔ”"ŠâÄD”a™iÇçI<žˆÅâ—þ—Û©@UÕðDD–äË}b—û½¦Þî>m¸œ¿úê×µ/@ÓÝ‘«ð?Œ¹?¶t÷b¾`rÑÁ²ŒÍf¹¶kÍ&ãåžqyž»Üô¤«ÞZ»}áþçúKk¬C¡±_yƒˆì™VÇÅ?aæÊK—^ù#?ñv7;ÄX²þå»?~æ÷;´Mî»g‹=ó*9`É²Z3Š‹ò—×VÜóŽÍËJ½‹¤ í`ÉúØ‡üØ‡Lw/n&X¹R ñR e±”&G¢ñÖö. DDE…žšª’t÷à–³(âA$ÿýKoN¾<Û;˜å¶»]öklNJŠ*/˜›EüþàÔ—‘H¬¥½{ó††¹¶nÛ{x`$ADD¼¾°¦¾¡Ô&øšŸØC›¨Ï"ò{u×hÙöMÅæ¹4«ˆI™Ó!nÀ’·(âA$ŸvÄl2Ìµ‘xï¡çGò×nÎ³°¤ÄÇ‡ÚZ‡ÆKlÎ)çd•7lˆè?sì]÷Þ}=ë¶”Î)SÜ|ÅWâYîéóˆÌ¦9>ÃSðÔ‰ÑŒê•kó-,CÄ°[Þªu•Îiûäê2\vãäï¬$Æ|CÁqII½–’¢¤?šõŸó?%µS”dBTH–b2)*°„-ŠÑ·Ë^SUÚÚÞ•zévÌ¹49:Hè½Û•ÏòµìÞEõ­È"’|Íûö-^9~T^¶vS‰Ù×²{×¨57!YÂHï¹´á¾Z¥uW[gŒäÎ–WzÈ^±f?w®¹à¦±(âÕT•y=~Ðl6^KQ²$ŠÄ³þm”Áoøs¶n)·2DÕû^èè/\©#¢ˆ¥ú?ÕN†”¬£OôÕÖÖmm0îÚ×SÐ€ÉE°ä-Šx ÕhÊ‘HLO˜[¼ ?$J³==à(ªÔy¼…ˆˆÄ‹'IGDy.m>+°$ËsýEnjé?þ@hç‡§4›?sÛýÀdsé;{Çª¬W™_¤á8?2sª«²9íuË˜[Ç–š4—&Ï˜´1„Öö®³=ƒ³nÉQ½&+Ùvt_W0®©Rd¬çÐÎ¶•Èœ‘Iá‘ñ‹Îvz²ƒƒ=^Ðé?OND’ÌåZ6[3)‰H?ã¯pSIóèÁ™+€Ö“ÝE^Ï,›²ê·ÞÑ¶÷pÓ³ÍDç÷=°2DæœJOßþ×^=QR¿iòlGõ–•GßÜ¹ãÇR‚2
ÊÖe^vØ!kY™kGÛÓOµ‘·î¡†œÙÿv7—4Ç t…w#‘X$Ÿý†ìê-Û«I•D•Ÿ²‹™¹pí¦BE!–%ºë¡GWn+$’$âS‚uÅ…w)«þ¡&O-Þt_1¥ZX²ÒŠ
=¾+&„kØ?^¸t¦ÐåžìùYÈ°Ô¥9ÔT•Ô¤·p¾€ÄHIÿ¾@D‡›»ÓÝÄƒÅauý¬7€X¢žz"Ý=L.€I=€Å"’ ?v,JŠ2·Y–l&Êw)fý|õí?x‹B$A­½lž“
\sÞqJQ(8A­½lM!ÂuÁä"X¬ÇA.ëµìFË²ä²’ÇAý<ß^||°(ŒÅÈ‘q¹7YŒøÎ…Ç¤+Í:rdÐXt~:wËÀä"Xårã±Óo?¼îcFŽÜîØê5ÍxËÎ¹h¦A<€EÎè©ËüdF??øÑÙè^“9Ý}Zª0¹;s†6ëHI$ÉœÁÒÝŸ%ñn²?°£?½³ÒÊ¥»'KâÜä ïÙÝbÉ?ÎJ3ž`ç>\Xô"?—_=wºosëÒÝ•%¥É°Ø?ŽŸ”ˆvøö±ï¼ßSiLwŸ–¨Å"ÑøÙžA_ ?ÆˆÈí²×T•šM(;Ê]‘ÿÅéîÄ­aQÄƒÖöîÖö®©G"‘˜?**ôÔT•¤¯_°p´]¸ë¨;¾üÎ0[é?Ó²A‘×s¶gPK­í]f“¡Èë¹Z¾#O5w^zØQ¶½zü÷{"«¶­+›yëX,lF
N?Ûví-'È†§¾ë“æxà„¦f·ÛÑØP£ÅMëÉn·ÛqµYFY«¸kùŽ½zÂ²nKéù?2ÔØ–Û#†%ZÁ?&†cáH2™L.ð­¿é¤%²?o
‹œ7£tµcýûK>Skk¸†Ëó\Jk/Ë0äÈ˜ó €¢Pp‚ƒTS¸d¶MVEÕ1v×4Çƒ3S’ÀŒ"‘ØÙžÁë˜b$X?™ODŠ’TH`“ãÁ?lÌ¶›YF‰?C²>Ûna'?p)<âOpG¦~±?K…#‰³=Ã‚Žwdš22œ|÷–³û;î—ø¦°È=7ðË—~û§‡Þÿ÷+ÿ»Ñyç\/7ë©¦Páƒ¤Ìñ!ŸeÉf¢šBÅ¬Ÿëm#UUeYV‰X†a†˜Š²,§ôàªçø¡šk¿AëÓ{hÓõY8öüÉPKz3ù{-y†€?±?/°×RöŽ?Åf¢H÷?WN³ù9Fùdóˆ£nk}–pÍ÷?gÑXâLï0¯ãr²íéî@Ê½yß›÷ð§ößÿÕcŸüÎê_\Ã‚YOyKæëÿk¤ªŠ,+DŒÀ±§¥ƒŠ‰dº÷=ˆDbS_jËÕT•ÎÏÝÆ¢µ[Ö¬Ü²©Äˆä­;ÿ³o(Fîxó„nÍÛÖ¬©¯]»iuápGwx~zq#ûÇtïÉv¤»#Ó}í3å–š_tÿgº;rSRUU–†au:N8–e,hÒÜî‹p#‘Øï_ÞSäõlß¶aòà?[ÞÔè´óDDË‘Ùuág™TŠûCã|r¨­åHsË‘ã}£Lìâä²¸„#ñ3V}€Ej[Þ{?ìIw/nFª,ËDŒ °\šÖ`Jóä¢,—ÝïN=‰Äv½yØí²O=çÝ?å.½8ž%½¥¤ªÄª½®*çíÔ"¢dRÊÈÀ^ °HÝ›÷ðŸ~$Ý½¸ù(Šª\Ú²AúGf\´T+GÖ~6›?³XØô²sr#çzB$èt‚Ž—'&ñà,Aªª²Ãqé|DOóè?Ùdhl¨9ØÔz¹®½,ynôk×GÞØ¿û™T…ìyw¬u˜—èŠ¨°iñ`ak¦Kÿ¶hÚà@ëÉîieÊf³±±¡Æ=Ç™EY+îÚrÑëú‡Hý´ê?¬ÔASñ–Š/ýYpVnÙ^IŠ¤0<›Ö¿¸%1Ä¤9¤?hÁívøýA_ ‰ÆµbƒëØëàú°übßò`~,Šx Í22{=Sf3Z,ñ–6UU‰¤¬(DdÐë8ŽSU5‹k[„ëúÉò|Q”’¢¨?3y¡ ðŠ¢&EQ;Gà9?N7y²NXŽMÄêùÛM¶©ªª(Š‚ hƒtÉd’ã8­eYQ$IÒëtÚ]’I‘ø©Ý`Y†ˆâ‰¤v„cY½^—æÉ€óñ‚$ÉÏ>ÿêÀà9½^žˆlÝ²aÙ²âŸÿò©D2Éó|<¿ÿÞ»‹‹ÞÚß´÷­¦ŒS<¿kË†ºÚJíÂ5«ëG‚¡]»÷›LF"ª­)¿cÝš·ö7½¹÷ Õj™˜ˆÞ¾¶¡«ël$Œ„ìv«Õb¹ïž»œŽLI’÷ì+¥¥ÞU+j†y}×[å%ÅEDtèpsk[Ç>tŸÉd”$ù™ç^©¬([^WIDñxâÉ§_¸ãöÕDô«ß<k³Z‰¨È›¿õíxÿe`)Ã³,œwÝwwqQÁ°/°ãõ=……yF£á?w½#Ëíììê9ÑzRøŽÓg>ý‰X-ç†ýÏýþµ¼¼\«%còòMw®]½j¹ösÿÀ¹ŽÓg>û©Y-’$)ŠºñŽ5‘hìÉ§~ÿŽ»7g¹?SïûÊko8ì™Z*ÐD£±ÁÁáÜœaòTi IDAT¬Î®-ÑþƒGŠ‹ò-–ŒÎ®³'Ouiñ`e}í¶­w.Ô'?fˆ°p‰D$ö›L&žçE?ÇccáS].‡ÝñäfkyÀé°Û¬–ññðÔxÐÖ~zttœˆV,¯>7ìËÍÍ²d˜‰èÊßèëõºíÛ¶ì?xÔå¼°Ewoÿ Ã‘YWSñÆÞƒ%,ÃêõºÂ‚¼–¶Žúºªî³}ÕUË´3{zû_{}••yóçóãH?ÄX8/¾¼ËbÉ(.*Ø´q-Ïó¢(kn?ÆâFƒþ¶Æ•Ç[ÚURUUeFUUEU§]îv;µ£Ñ0§ûæä¸uzáå×vkU‰dòXs[‘7$8OôôhÍÖT—79±{tIQAÿÀ9íZ›Í¢½k³YnÜ'°HaOX8ïºïî?}ä}[6ß‘™iÕ¾×_{ÛªwÝ»5‹÷öæ{rÎiã~ÿH$u:íªª¨ªª×ëˆÈír”–xKK¼f³)ß“{æLßðp€ˆ&&"cãá+ßzYYq¦Ízèp3?;çŸ˜ˆLLDzû2mÖ¶öÓ’$iý©­©ðB%Å…“fÚlÚMí™¶ùÿ„Ò£·œ—^Ùù?ÿô+êkþò/>›“?5‹+æ—Á _ÓP¨©ù]÷n½mÍŠýä×C‚ ÜwÏ]ñxâ§?ÿm^^ŽÓiÞµ{ÿÁCÍZiò†;7Ü±æñÛ±±q›Ízßö·Û¬WúvŸcÙëC£c²,?Ñ¾qýmåËŠµ‘„ç~ÿš?ÔN++õ–•z§^x´¹¥ûL/J“&ì~ºï§ï.xä6ÊóÒLQTQY–^’dUUyžc&‘†t:áÚd}ôÑyè*Ì–ªªDôØc?ÍéªÃÍÝe%¹s½×K¯ì$¢ü§ÿØ¶uó±ÿÏÞ?ÇGUŸûÎ:[f2™I&û?@X@?­jQTêÒª@­ýu³ÚÕ[µUŠ­Ök{Û{Û«Ý®µâÖZÅª¥"¢²ˆ²C€–?}_&ÉìËY~œcÉd’Ï»ÿœ9sæ{¦ñõ:Ÿùn¥eIIË—/NJtL/*¸Ø¦f¿o>uƒt±Ÿ€h÷»“?þîÄ£D4'~Ñóóß;Ï•ßà/öiá¡?LD£ñ¶Žîû°+?$™e?8ØŸ#ý?`sK‡Ñ OtØššÛC¡pR¢?øúúžçSS.¶€`HÂO¡ãÅ÷¸®¹¹­¹¥•ˆ—–5·´6·´jg~ý«õCH0Þl¬}NËD”jÌŠt9@RXêìt)Š’H6g—ËçØí±Çuv¹E??J0÷`9\ZÖ;šHD4½¨àšåK¶lÙéê`´ÛÓ¾ý?CwkÇsâ=1ã™HWŸ¡*ª¢(Ôm—‹†Þƒñå¥žîwæÉ_>¡Z jìiß¾z×Rí8Õ˜uþaE0’TRÃa)I’,ËJ0"†‘dY¤¡L<@<€O5øªÏ5Ôà«îÍD„~ƒQ„aT•Ú:ºÂa©³Û-…¥êÚfžã\.OŒÉ0´&€ˆhõ®¥{Ú·§³>XVÑ{²ÁW}ç®«z_>?ÿ=,X4zˆŸou¹½ÃÄÛbU"–aˆ¡„ø8[œehm"Àˆ’eÙãõÅ˜ŒÚe½?`8,ÅÄGÿbc[ƒ¯ú?Cw÷v<pèî_µvŒl0Úð<g‹‹?³Zú®aªªªß.‚Ñ­ÃÙõìs¯¼úúÛ¡PHÅ{¿¹ö‹·^Ï²ìñòÓ¿}ú¯Ú†eéi)ëþ®¶ŒÒoŸzö¯Ï¿ª}VÅóK¾z×ó'æDúß0fÝ”¾fOûvm…¢Tcæ½ù?hýÚ»÷NzÙ`´…¥––I–“ãÍf#Ë²D$ËJcS›ÀóæãÚÄÊE0BÜnOr²cë¿_8ðñ¿þúç_½öÏ·ËOT0ÓÐØrç—nÚ·ëÍ}»Þ\}ûMzæe·Û«}äË«o>¸{Ó¾]onzý/“òs¿ý½Göî;éÀ˜µ*cí½“ÑŽ7ÖnXòn^o6˜¿èÞüG"Z@
K?Ý5uÍgªê[ÚœaIÒzÜnŸÇçZ›è=€’•™–•™¦gf¤Nœ?ÓÜÒVX?¿üª½×Ì˜^ðïÍ¸Ü³ÙÔ{’ã8»=î+koeYö•×6æUUÛ;:š²³3z÷K‡¥ÓU²,çæf=Óqº]îŠ3ÕI‰Žä$ËbäÀù¬J_³·}ûžöí½Š³DÇq³‰a˜ºº¿?˜”hò°"M„ãAuMã¯IH°™Œú)g,›^TPZZÖ»ãA¯æ–ÖåË?p1ÎÎÆ¦–ÌŒÔ~ç+ÎÔØlÖ¸?fÒ0sÅÜ™ïnÝÙÖæLKMzæ¯¯9Z>yRÞoŸúëª¯Yqíç:::²þ¿ÒR“ôzÝÁ'?=ºîÙYi/þí?g7¼ò¹EóêšfÍ(ü_ù’ÖéJ5f=1ã™%ïæõ=ƒl0š±c·Å&:l?Mm-­> 1Á&+Ê?Œd<Ø{ l0ñ€ˆV\³àB¡õàÆÒŠ¾'ly+g›Îý?ñfÍê[7<ÿ
é¾hZÁ5Ë—Œd%>¿ÿOÏ¼<oîÌœìŒ¾çÏTÖüõù|ïÞ»{øïG'Š<Ï)Š²gßáS§+Ÿøù?bbL--mOþú?sfÏ8VvÒn³þð»_ÓëuŠ¢2Uœ©ÞüÎ¶??ýŸy¹™ªªúüd€Ò‚¶Zª1ë…ù[#]\Ç±±–QZÚœ­­Î*_£Ûí5†²er„ãAo60™^ïùFGµµ9M™)l0ïÊe3—¯¾±ezQÁô¢õ‘®‚‚ÁÐŸžy™ˆÖÜù…¾‹54¶<þäS_ºueIqÑ¹>ëõúü? Ë²‡K?wtt¾ðòëD$I²Ëåñx¼9Ù•Uµ?ûÅoç”L/).JJL8uº*##55%Që|0‡¸ú/Àx³*cmƒ¿Fktö60z0Ãñœö¨Á KKqºÆ¦6IVøÏ®9x‘Ÿ{?•™2{VAuMãÞeÚP¢¾ïú|þó'‡óQ¥pXá±gÀ¹"…%âž¤?Ì‰y;ZüœÍfÕõùEYrw´?=©Já0"èvv†„¸øXý'c×•`w»ÓÏÅÄÛÍŸ|‡ªp9;e]bœCÜ$Ëò³^iii{à‡ßìÛEÐÞî|ôñÿ¹zÙ¢×~î\›ªªºgßáÌŒÔ„›N'æççÞvóõÚÅ«ïX¥­”ºá™ßÔÖ5<|ìÛß}ä¡Ý£Ó‰.—[’äü'Œ˜ˆDQp$Øt¢ (*±,k·ÅêD!Öc1Ç­ÍÈÇƒÙ³
>ØyÀçókÙ ;#¹ï»­í?ƒ?¡P(úäË<uÿh‡+óÚÙ&©õàÖÒÎ‰ó–æ+v}t’µp!Ö®ßë5M˜uÕKä­Ü³å4›–d?O”vØ¦./rme¯èu$I²+:[›”Ô¥×L±3ä=³çí
63É Ÿ.ûÀT°jVn=øþÑv[b<ï?ø±’¿xN6}–,Ë/þí??>>ððC÷©*uu¹8Ž‹‰1vvu?þäSÙYéKÏÓÖ,Òëuz½Nëjèêri»"¼¹ië?6nzì§?4³‹‹ò©öç„¼lY–«kêz}{G'Ïó¹9™Y™igÎÔ47·M›Üír9V>oî¬@ ØÞáLO»p@téìru»<½/UUUTuÈ+²D>ì=P6{V?Ïçß{ ¬­ÍÙÖærSµ{·×ö¾È)ºuºÃQT2}çGï•²ù¾SõÉE×æšˆ¼DäUâW,Í51TÒubÓû§krçd‡Ní<*–|~Fš@¤¦}÷h¥Û‘ODŠË_\d'’v¿y¼¦}Š=¡»ò”+g–6?©?T"RêKK[3g_3)–ˆÂÞ(oÎ)NÂ8÷¾ÜnïÖ÷?<vüÔmw~[;síÕ‹~ð¾ªêºm;vÑ+¯þK;¿îÇß¹áúåDôò+o¾üÊ›Dd1Ç\õ¹+ŸýÓ¯ÒR“ˆ¨° ÿ®5·Þ÷ƒõŠ,ûÁ¯_þµ»¿tº¢êwO?§ªª$Iò²®˜;Óg½ÿ{_[÷³ÿ®«o´˜c¾õ?5©)ÉX¼ÆYVÜ¯ÓÙ}ö[½H4”?“#LFCYù™‚É¹ZïAáäÏì{ÕÚÖYV~f?M0÷€1å]1µ}óÑRsÎŠ+½‹<ÙÓ“LÚS¢Õ–Lu?Ý”ìétñÔtü˜¶²?—ñ›z:-â’íDDÄ"©DdNLÓíØ÷Q(->1%19>VOÎÖ"GÝÁÒ:""Iâ<~?úú²Z-žùõÙçgÍ˜zp÷¦³ÏßwÏ]÷Ýs×€M1³üªË¯Zà÷t:?öÄå¼’+ç•H’Ä0Lï¬†éEo¼úç`($
öc€1Fø{Ü€ÛŸ™c†ø(ùxàõù&ç–•Ÿñzý^¯ÿƒKè=PØÙÒ¤ÛÝÞäËíðK=Gª"qq<K:sÎäœž?5y"'µØ$ë˜ºpÕ$wg»³ñÄ¡©™×.Œåx²¦æNMêy*?Êð—´Þ,ŽÁÐ=+žàOZ'Š#UÀÈaYÖ ×ü³?EaˆÏù‘ŒÚ‚EÕ5?m3Áàâx«vìîÌ¼bQ¾ûÐÛ;J-Wi=Þªê¦œ¢d‘µu5\üÜ8,IÉ‡ÎÔtæÌL‰”€³+g;Gæ
u9e«ÍlO6ÛþÚí^/e§e
T7NIÏµ0DŠ·ÃEv+I`…ÂáúÆ–öŽn–e8Žë;ˆ:9)>ÉaB›‘ŒY)ÚÀ¡fƒ¬A¬jJD¾ûéÖ¶¼ó'wTPá¼™‘³º?Üññ™å’ˆÈžn¨ÿà½Ý’–uùWÌKã‰øô¹WzwìÞþŠÌ
ªBq©óçž#(þö“¥[Ûƒž(qÆ,”ÌÞ`Ëë•œŽËBÆ´qVs`øhc§=Ÿ?´˜M¶8‹ 
ZDR1‘Œ“sqç¿Æh4nËdÇÌUËfžuvæµIŸòŽé‹o&"ò¶‘!µäê‰%ŠB}öÉì“–®˜DŠ¤0|OôrÝºê3· "¢Ø¼+æ)Šòé6[Œ)£daF‰¢HÄòÈ0ìDAHMqôº¶Ž®P(Ìóœ-Îb1›xŽòn°ž{??x0¼üÖýt?Ð—Î²‘ŸÍãÃ?A¯KNŠ?µÄ8;]].O}Ck¬Å”œoÔ/ì‡³¦œù‹29L€±€eÙ˜#Ïó’,×Ö5ƒ¡8«ñà"°fÀ!Ë²Ëíkïèòx}v[lœÕ<äl0NãÀ ªªÇãkmïìèè–eÙj5ÇÛ­F£?T’$™hÁÓB<ˆJ¢(z<þ˜C¤À[/eÆäFºŠ±/
74·ÕÔ6‡Âa³É„š[:´·ö.4 Äƒ¨d6‰oñF§Í¯Û®ŒtcCdÐë“íÃ°CLŸ·˜ó}ð<¢Rb|ì™êæÆgJ¢-Òµ|Æ7vßpÆsò7%/Fº?±O…”¤øD‡MUTI’UR9ŽeY–a˜¡?,B<ˆVF£.+3©º¶¥¹¥3Æ¤G7Œo5¼´¹áµ3Þ“?Íøcaì¬H—3ö1Ãqœ?tvv{<~UUu:!ÖbŽ³šyñ`œ1›t¹Y‰-mÝÎ.Osk×ß½Ð4wâøã€ÏÈ0å–Ø¯üMñ‹È#¦«ËUSßìñøX–eYÖåñ¶wt'%ÚSS:QBƒxÂ‹bFƒ.;Ã‘[o¤#r_ÃÚ:ºµ_Ä#]HÔ…Â?-í^¯?%9Áb6q†šZÚ›šÛµíÒ†Ð&âŒ
)‰qQ[:#]B¯×ïv{ãâ,™éÉÚdUUõzÝ‰SÕÝ.?6eùbÛÄþ`Q)–dYÑ‰BïDd†aŒF½(
’,«Cjñ *éõ"Ïó>0
kgEu»½Á`HøÏ,t:h\•LFC¬%¦µÍYYUo1›††Â­­N†aâ¬–¡?ÒB<ˆJ<Ï%%ÚC¡p‡³»½£KUU•H„´GœÕ2Ä6/w‘0ÂaI’$GB\¼ÝêóE>Öc1›°-Àø…[ÚœæSFZ¢¢¨*©,Ã°ì%Í.F<ˆJª¢ƒaQÉ²¢?QTUQd"bY–e£sjòÞeÕ5?½/³2SLFCVfŠÉ¨?h]£?,Ë­mNY–û?Oˆ?‹·[‡Ð`äãAuM£ÉdHˆ?ÓŽ‰ÈëóoÛ¹ñ‚b$€óPU5¹=¾~çc-1Ck0òñ`@^/Àpçˆ?KKMìwÞ`Ð­ÁÑ²3S´Þ¯/0{V?öòb´ÜXJW.›é¸ÔJZ¿»­+oÅâlÓ¥¶0¼X†1™¶¸!.cz¶Q¼^ÿ;ökÇmmÎM›wjÇY™)³gŒp1Ž‰³xu†¾+ÀEâxÎl6=ÃmTU•$Y%â9nhó’‰è’–=ºìL¦ËñX.…Â’Bj¨«­¹µ;DD¤*áPHQ?½D‡ÂÚônUr9››œîOßcâã=ß‹ªºÛ›ÚºÊ'ïjgú^:Q0ô¤ª’,«ªêìt?®¬;UQÓÖÞ)Iý'+Ò¨è=Ð˜L†ÅŠ«kËÊÏ\J;­Ç¶oë²$eÁ!tÔ•sg­,Œ©ß»ý°uÖM…6"¢`ÍŽMÍ™+æ¤yŽða“âˆ·†ÛwuÅL_:'ÏD­Ç¶o£¢[§;È[÷ÑŽ?¼5ÓªìÛ+OY</Ol=øþÑv[b<ï?ø±’¿xNF @„È²Òírs—?`óûƒõ-].?Às~?emíŸ‹5ŠâAÁ¤ŸÏïõù/C[^ó”ÏO±3¤8½º¿±µ°03'þÀ¡æŽ›?!Wm]{FÞB?ûôÎ®`Þò<¹N|¸¹´.s^ú'M(õå'ZSo˜•$QX
JýþÒÖÌÙ×LŠ%¢pÂ?7Ê›sŠ“"Øÿâó[Ú»ÝÞP(ù»?Þ¶æ˜w÷ÈßF­LSn±ýÊ;r¾U;+ÒµŒ^¯¿ÛåµÅYxŽmwyÜ_b‚Ík®ªiììrE}<¨ªm*œœS09·­½Óë½´??ogˆˆX?%Y&"69}Â¡C§›&Ù“?U§¤s“XU½Ë?–Üóû¿Åf¦ãÎNê?ÎÖJ››$h¯^ öÖ"GÝÁÒ:""Iâ<~?Q¤úÜÞ`uM‹ ò6«1&Æ>ò«Þ}êiäï£Ö[/mnxí{ûîxlÆgÛEºœ±/–dYæ8Ža·ÇÇ²¬Ýk?575·‡Â’¢ª,sÑ3FQ<0õZ*0—ÎÆÄgO4l®¬›JÎÓ±Ù×Ù‰B¼HÚ¦rDD¤q\Ÿ°OÞ`ˆHì{Æšš;5©ç²©/\æ*ËçVÕ¶ð"—”8”P0®O½ýúÔÛ¿±û†þúoŠ_DÂpÓéžç|>W·ÛíöŠ¢`2dEÑ‚ÁÐæ&?¢©Émí?&“¡ª¦±­Í9í[²ó2:ªÞ+mOËI×‘˜˜™<]ÙV‰TUe«?éˆÿôr[Z¦ÐTYçR‰ˆÂ]Ý^²¥e
õÕ?~ADQàÃ.oÄ~;oië>%Ñ©Îåsß˜h.x±òéH2ö™Œ†8«¥Ûå)?Yåöúb-1:?èv{%I2ôC£¨÷ ïò¦Ã‚Oš?s¢¶6uB²ŠÄŒ’Ý–¾þfK
—?¹¤ÀÑ7-ÙJæî;°åõJ…ˆ5ÇÏ½rFZAÉìý¶¼^ÉéØ°,dL›g#°ÜÞ€Í:Ä?ð†Û5©_øŸòõ‘®bì>%9?e?Ço·Y6Žc†Iˆ?òNÌºuë.w?§¬¼²µ½sÀ·
'çmFÅÅQ…Î½2ìï*ŠD,yr?ªªD´~ýÅý÷³¿´2/'ù²0d³ß7cîœËÄ7ø‹}TÐžK‡:(fä4¶t&Øc‡£eI’Y–Ñ‰ƒý_QÔ`(%Iæ9Žx–e‰ˆãXQ†°õA0$E¾÷ `rÎHï|ÖÃžïI€wY6ò_Œw¡P¨±©­³ÓÕ{†a?Nt$ÄÙl±,qçýôÀðœ•†áyN?].G‘•Î.—Çëc6!Þ:„6¢’(
)I‰ŽO×¸W¥ÃÙ]UÝØÙÕ?xQ¬±¥sXç¤Œ¹á†„þKísñlk«3’EÂôÄlqæá‹ÎN÷p4;Ú¨ª†Â’d0è†öE"ÀˆRUÕï‘Á '¢`0$<ÇqÚ[Á`HEVBá°v½ÀsÇ)Š*<ÉŠ"…%†aÂÒ§+!p,«Ó‰Ã¨ª‡AÐŽC¡0/ðË‘,Ë½?h7Ò>¢µ…xžïw_QúŒ’$»ÜÞ@ ¨½T‰Âa©ÃÙK³)ê÷=€1¯½Ý¹ñ?Í^¯?åØ¸ØØ•×-Û²uGIqQvV:ùü?W7nºöê%µuÛ¶ï6DTX01=-eëû~ñ–•f³©££óãÝ23Ò>Ú} z¼>›Íš?™¾üª<Ïûü?—þöÏ%‹æååfJ’¼yË¶+æÎr$ØeEyçÝ?@påuWi—½øòëW/[”™‘JDÝÝ®×þ¹ùºÏ/íwß…WÎ‰ôp>á°ÔÞÑåììÖ^ªDª¢2%'ÅÛíC™x€x#G–å?v˜9cê¬…Ã„B!E=çÅ‹Í-ž9M;®ª®khlÞ²uÇÊë–ig
¦Lœ^4¥ªºnßþÒ›n¸Fëè½Ë¦·ß»ý‹7Xc?]?¸«Ëå÷XŽmhlÑ"?,+{öJINäyîð‘òöçÙ÷åxž‹³šÅ>+q,k0èÌf“NÎûÑs·yùÊ8Ÿ@0Ôáìš3{†ÖÏ%Šb8|Î­RŽ—ŸîêrÑôiSˆhvñt?N<r¬<=-åüw±ÅY'NÌùð£ýË—.ÐÎ¨ªzêÔ™yÙ±±æòiiÉDg1õgªjâí?Yigß7>ÞvY¿€ËLx½^'¼ÉhàxŽˆ¢@0
…Y–ø¡<ê_ž­.¯„{vVzvVº6E?eÙùWŸ®¨:yªò‚Ÿ??›•äˆß¶c·,+DäöxOœªTTÅçó746·µvË°³fL=zìÄ®?öM›:Y§¼/Àh&IrSs{k[§ªª,Ã°Ã0ŒÛí«©kêêTlÄ!z½.ÑäèI’TUmmë?¤sö$ÄÛrs2ss2M&cïÇ—,š·ï@i0ºÀ?fæÌ©>¿¿¢²šˆª«ë9Žmow646[c-å'+TU%¢ØXKvVº¢¨)ÉŽóÜ`ÔòxýÎÎnI’µ…^4<Ï¹Ý¾®n×y?zN\4î4·´nØð?Ã¥eDtõòÅk×Ü:2÷åXvÑ‚9oý{ëOþßD4­pÒÕËÑŸÿò2Y­–[o¾¾÷âmÛwïÝWÚ;5Y;™èˆ_¹bYé‘ã¼—N¯Y¶øÍMïúý?ce'–/]˜””@D.·ç_›¶ºÝí²â™ÓŠgNë;Æ©ï}15`@{Ú·¿^·á¦ô5sâEº–ñ.…%YyŽûôG£Q/|(,)ªÊ^üâEÌºuë.w?p´_²×¯_QŸÚ_Z™—“<„Û5·´Þ~ç·Ö®¾µ¨¨ ´´ì?-Ûþãþ{¦¡©Ùï›OÝpÎŸÿ`LúÝÉGwâQ"š¿èùùï?çÊ‰oðû¨ð£<¬û\®mÑ[:ì±ƒ¸ð¢I’Ì²ŒNì/øÎî§ªmq–‰2µÅÜ‰¨³Ë]~²*Îjž41ëb¿Ì`HBïÁø¢uh=Ó‹
J?”mxþ•éEN`|ÚXûœ–ˆ(Õ˜ér€bL“Éàìt56µYÌ&Žeƒ¡p}C‹$Éfì{ƒÑÒÜÖ·¯ )ÑqÞËzìißþÀ¡»µã9ñ‹ž˜ñL¤+E191¾º¶±ªºAx†a$I–d9Éa·Û†Ø¿?©ÉãKQQÁáÒ²Í[>Ð.-KLLˆtQ0Úíiß¾z×Rí8Õ˜uþaE0b†ìöØœì´„ø8AX–?1²Ò“ÓÓzÝÐÚDïÁø2½¨`íê[ŸüåSOþò©ž—#55F¿_õÙ£†|Õ½Ù€ˆÐo0ªðo‹?µÄHaIUU–cEAè;Sù¢¼¬åAX»æÖ«¯^|¸´,)Ñ1´IÉ0&­ÞµtOûöTcÖË*zO6øªïÜuUïËçç¿‡‹F†aD?…Ëó`ùxÐÖÞyþŒFƒÉˆ=ª.mLÑ'4z‚¢¨n?Çh0Ÿýã–eÙãõÅ˜Œ}ô€aÒà«~àÐÝ½]º»ÁW­#Œ‘Œeå•eåg.xYB‚mö¬$„Kw¸´ìÉ_>ÕÜÒš”èÐöÐú¤ÀÒ IDATFr÷íqÓæ~÷ô_Ÿøù?fÍ˜JD~à¥¿¿ñü‹]nÏó·ÝrÝ7¿v§Ñ`èpv=ûÜ+¯¾þv(EñÞo®ýâ­×#$“›Ò×ìiß®­P”jÌ¼7ÿ­?A{÷ÞI? Œ‘?gfÏ*ÈÊL9ÿe›Þù°­ÍiºÀe­7–~ÚÆ±–”‰ŠÓMÃ²lî)JH"Ad#s÷?5·´~ÿ‡ëÖ®¾õê«÷.XÔÜÒúÎ;Ûž{þ•Ä¤„k–/?2\nÏ“¿úÃñ§Ã¡pïIŸÏÏsÜ?^þ}B¼­¥¥íÁ‡Ÿü`ÛÇ+®ýœÛíINvlý÷11¦“§*ïðñ‚)FOwÀ³*cmƒ¿F[ºtcí†?µzûæÄ/º7ÿ‘H#!Âƒ‹ªj›ªj›Î?×ëdkyW.›©=÷?G?>ð^¹eå”aÙ±âBÚÿ«”z‹6løÇÙ‘“k×ÜÚÒÒ¶aÃ?F&˜cLw­½ÅlŽùá?õž´ÛãÖ®¾Y;Ž?·MÊÏ•$‰ˆ²2Ó²2Ó´óiiÉy¹™²¢Œ@‘ãÖªô5{Û·ïißÞ³Œ%ŽmmÎaiWgËI7•×9½SbM¤(>w{wX´Ù¬:–T%–¸OÚW”?$ó¢@RXaÖßÑâç´+ï§ÇU¸œ?².1Î¬}\‡dNÈÛÑâ&‹ÃnÒÚ‡ˆ(
‡¨çF’»£Í+cã-†Hu).-›^T -iÚObbBsK«6èh¸Ë`&7'³«Ëuö[^Ÿ?
WVÕž®¨¾õæë´“ªªz<>Y–÷<"ËrvVúpW0ž¥³ž˜ñÌ’wóúž‰x6h;ðÊ¿iÑÚY‰‘-cœˆp<HH°]pRÁç.(à‘I4(­ß>Zo´$ÛøÎ}‡Ây³VL‰©ß»ýdâÜk&˜‰ˆÜ[ÞíÌ_1ÇQ¿wS—,±‚É_ÿ±’3)¾µÑoÕŽ,œ™ÀR¸õàûGÛm‰ñ¼ÿàÇJþâ9y&oå®?N².ÄÚcÃ5uG‹-HhÙ·óL#ÙÝÁSÆ¬…“äÒ·w{™Îwj‡?uùçr-Cü¶.ÉÕË—)kÞÒ:à»Ó‹
"¾EÚ3Ïþí¯Ï¿ª×ëÖÜ±*9©§˜`0ôÄ¯ž~û?msÌwîýJ¬ÅÙ"Æ<-!h; ¥³^˜¿5ÒÁˆŠp<(œœ“wþk>Øy`?­µž9v°‰ˆHö9kZÙüyÉ,ËN¿vÉL–%"J;þú‡?­S
3sâªëÈ›bg¨£ºÑ“1)SG~"
ÅN]6ÉÊPÓ?ww6Š×,-´0ÔtàÝ]?Î™¶úÒÒÖÌÙ×LŠ%¢pÂ?7Ê›sŠÍDäe“V^•©'Ê7ïØ\ÝÈÈž·\wpc)/œé "©vw«©`ÞÜ\•¨—þ?Ñèßßà¾{îºïž»º]î_þú?/ýý?/¯¾™a½^÷Øúû[cSËúÇþ'ÆdZ¶ôÊHW
0Æi“´±Fgoƒ0|dw{›“l3‘ìïtv…Dk|¬á“UI”@w{gH—‹kÎ©¦]jó(6›båôÂPF­D~aÓË?7%f%M˜Ù3(Hö´VÖµ»$"ÉK²žˆØäô‡?nšdOvÖ×Ò„¹I=ƒ‡ìV+CDÄqDñVË'ÇŠª9[ˆuKëˆˆ$‰óøýd&"{r¼öÊ<)$ŸU?=É²÷È??.Gr‚#9Å¡ÙÒQ#Öb.™5mïþÒ`0¤ï³Û_JrbÁäå'N#Œ€ˆLD~õƒ½1¹³¯³*µ»ßû ^ÌÉ±Ê{?’§.ŸFD]å;ÿ-‹IBÛ©fiêçnœ?òå?Bî€Êsd"RTêô*¥õ¡–n9,ÃP®ƒŸ™©‹?¹¸-Ò"¼¾@YùG|\B‚­w?Ó‚É¹CXÉÔ‘[Ø6p×‰·ßwf/ž15†#OekM?ˆˆ‰ÏžhØ\Y7•œ§c³¯³rñù¶—c9ž¬©¹S“zòëT†hPs¦MYsnNówu:Ûk?¿}ÔºpY¡#òßzÄh›t»Ü²,{½¾®.—ÉdlimÛ¾sÏò«ÆÛãÚ;:wï=”—›¥Ó‰eÇO?<]¹tÉ|‹9¦¦¶ápéñÛn¹>Òÿ.·­ü<ÉÍ{v4'_½ª$‰'*Ë’àì$êŽ+¸±ÈÆ’œ¼û…íµmSã"]mÄU·KåMá?¤NH¬F6V+Û¥¦.YVˆˆT•Z\JK·}ñ@c2ú¾ôùü—g£ƒ°âLñq?!¯Óé"“vÚ’?—qüÄ{îpZQÑàncKË>¨nœ’žkaˆo‡‹ìÖs]l²Ø¨ÂÙMŽXRÉÛícmÖ„T«•Zßªw…i<Ç—Ë}ß~z¬ì$}÷‡?ÑŸÿD^NfW—ë–/}SÛ÷àó×,¹ù¦k†±Ù¬ÇÊN>ù_Ôö=XsÇªÅçFú_ÃËÙÒ gÌKêy^8í 3ÉÆq‚HRDëÚÜÊGÁn¿¢ªä
(=ëô*þÐg²ûCª¢’ªs1£W"ù j2ZÛ:”?™¢E‚ì>›h3’½^¿Ï7Ø…MŸ=;ùÀ®·¶t|\º¹·Ÿ€ø¤9'jkS'$6NÙJfï?°åõJNÇ†e!cÚŒ8ë¹>kÊœ’|òã½¯'ë´YS='v×úE½ ÂúIE%†s|h|°Z-žùõÙçïùÆš{¾±Æïèt:ö“Õ?’“?<ô?‡¼/êõ:æ¢þ´ :qKîPˆHŒt%£V«KÞSêòõ,øîö«nÿY#Ü‰$YuzeO?7ë/â!*’ñ +#¥º¶ñ‚'ge¦\pë4"ÇÌUË8Í˜2f/ÌP…X–!šÒûFÈÕ¶LL·ò]™rçõNÝuL_6À1cÊ(Y˜Q¢(±|O0È[¼¬wÝ/Sî¼[s{ŽGáŠ
EaY–hÞMÓ‰…Ø‹ëÙ‡†úr†ð<ŒI¶ÔœØCUÓ3óÍD¡Îîð–±‡ºä6÷yàlåMaž¥¤XžcIà˜d+wÁEö#
&çLÎ‰;1g=˜;+ŽvX§—a•L–ôwÆö½-²À`ØŠ®Z¸kÛ[¯ì–ˆô–Ió?Èób4™ž.vù”Š–p¸OF`YÒö?eYRURU""E¡ÒºðéVÉ(2z?Y¬7XÈãu¼%ïÚÏó‚é2à,1Yó¯Ë"Y&N[&íÖµ½ï9f®]ÁÒF†’c¹Má¾çR¬ü¤$>,S‡G®é?Ü?Oç!ø‚ª/¨Æè™Æ.Éb¸Àðx?¼ˆh0šqÜ .—d™”Oú´Õ7ãÍÜÒÉzƒÈ°ž úÖa_—OQûÌUöTw@J¤;oÀˆ€¨’ÔZ§TÑúi×?Qd'&ò&Ó;¯À(2Eé¢pV¾jè’ˆ.°Mïxí=ˆB;N»¤@øÓ§ü°¬ÅÏüèÏ2$ðŒÈ3!©ç2Ž%£ÈZô¬ŽÇÜ€1ÁR=AÅøL@ ¬%UQ©ïªD¾àgF%X¸ÂT!;þÂãë1¸ :0%Çö3Ä0t´>Ô»'š¢’' –7…ý}z&'YvþìáFgCïATÒ‰¢Çã?‰ß[¬ÀhõVÃK™1¹ƒ¸.Ž^`ÌzÖ¤g¼}:T•:<Ê‡|9¼ÅÀÊŠz¬!ÜéUz/à92‰¬x¡aE=Oå0¼bL¢Ç@<€ÑisÃkÅ¶+#]ÅØ4)Y8Ö2
Œ?¬öeÔíWÊÃ²¢J21ŸCÕá4Û…÷DÃà¢h•…[œ‘. ¿oì¾á”«ìŽœoEº?±‰!º"W?'G7?OŸëà"Ci}Á°*É=Ç}…%jî–k;¤Á´?Þƒ¨d4ê²2“ªk[š[:cLzt#ÀhðVÃK›^;ã=ùØŒ?ÆÎŠt9cÃPº­g?=†=Xê·?Ú€´QIƒiñ Z™MºÜ¬Ä–¶ng—§¹µkä(4Í?øþ~àS¦Üû•¿)~Ù`dXl¬?å9F’ûô0d™8ëò«.¿Â²gd§§‹öÄƒ±ÎhÐeg8"u÷?ôa¤nÚþCz?<JÏvgG“’„¬x^ä™.ŸÒÐ)E&ÍÆeØûØ?x­’b¹v×Ò-{‚*ÏQr,_”.ÆXmÔ\‡ (ª^ÔšEÄ€h•båR¬†°¬6tÊ?>%>†³?D$rDÜEdÄ€¨'pLV<Ÿu9šÂÂ¦Ðñz @Äè?x0:0D¤ªê ®6ˆ£C¤ªÎXØFg§›ˆæâÖéK–QdU––å"UâŒ
)‰qã<°£2ª$Ë,Çpld†ù D±¶@sWØé•Ü!9¨RD©À¸Ç#r:o¶
¶}R¤Ë‰RË²²¬„Ã2ñÄqHˆQ©-ÐÜà¯Ê?HÐC%5(‚rÀlkð×¤2†€aŽeeE…%Na9–eX†ÁÄƒèSí©h4Dº
€s
Ê?JÏI¯äÉŠÉ‹t-Ñ‡aŽaeE‘dE–Fn5"A–eÄƒ(ƒlÑB{hAB†axŽUUREUIûß \êhs†a¢I[ ¹_6ØÔð÷ý;«½’Ž\]Ä³B–)¯Ø¾`Eêm½'[&>£Œ†„aâ¸‘^Âñ š4økz?[?¿?õx¾eÚú¢§‹âf‹¬.¢¥ÀxR‚¥?{_ªúÃú#ßþæÄ‡úí|ƒ¿ñ Š`[´¨Ñhî;ù÷§¿9ã®ß¿Xb_€l'²ºû‚ß¿xsÆ]¿?õxïù h4G´4¸ˆQ£+ìì=ÞÔð÷|Ë´¯ä}?¢à+yßÏ·LÛÔð÷Þ3}c`”C<ˆ^ÉÝ{¼¿cçíÙßˆh9çt{ö7öwìì}Ù÷1F9Äƒ¨’ƒ½ÇÕÞŠ¢¸Ù-àœŠâfW{+z_ö}Œ?Qñ jô]ÎJRÂ˜o£–Èêú.«8ÈU9a4@<€ˆÐñz @ìš<.¨ª†dE!"½Nä8NUU¿? 1D:½Žc{‚b8,…ÂaíšÞ
¯(j(Ü3ÁHà9Q{/?åØ` Ø;ç¨·MUUC¡0/ð}ÛgYFk\VI’t¢¨Ý(‚À0…B!ŽãÎ¾¬ï?GQí.Z½µq†ˆˆcY?NÔ€Á@<$I~ó_ï646ët:·Ç»|é‚²_xic0ây>àÜpýÕÙÙéï>°ëã11Æ€?°lé‚©…“´–u8;·mßm4ˆ¨°`âüy%ï>°s×^‹Åìñø®˜;ëÌ™j¯××ÞÑg±˜Í+¯[f·Y%I~ã­-“òó¦M?DD?@ðÕ×ÿ=ÿŠâì¬t"Ú·¿´ìø©/ÝºÒh4H’üÏ7·äæfÎœ^È0ÌûÛ>ÎŸ˜söeDÔÙÕýú›Ý/ÇrDô¥[WVÕÔõ­-=-å…—_·Ù¬’$ÅZÌ_¸ñóf³)ÒÿDÄƒqäÆ•Wgg¥·´¶¿÷þ‡©ƒ~Õ?×:ìgjŽ–?þÔéªo~íN‹9¦¹¥í­M[SS“-æ˜Þ?/^4·xæ4í¸¾¡ùÔéª{¾±ÖbŽ‘$IQÔ…óK¼>ÿ«7]{õG‚½ï}wï=˜?•f6ÇTœ©>qòÌü+Š‰Èçó76¶$'9*ÎÔhá?ˆ¶lÝa‹³j©@Óï2Y–w~¸wÚÔ)³f2
…8ž§šº¾µUU×åOÈ¹é†kxžÛüîöšÚúÂ‚üù‚¢âÁ8½>KK›ÑhäyNQÔ@ ØÝí>yêL¼-®­½#%9QËv[\¬Åìr¹ûÆƒãå§»º\D4}Ú”æ–Öäd‡9ÆDD<¾¿"?NÌHO=vüTÑÔÉ•ÕuS&OÐÎ×Ö7ÚlÖ©ù;víÍÏÏaV§W\³t÷ÞCñv[ïÇû]&IrgW÷Ü93eY®oh–e9)1¡_mD$I’Ïçs{|MM-S&ç—
0¦ Œ#o¿³ÍlŽÉÎJ_¼p.Ïóápøpi™Ï0èusfÏ8r¬\%UUU†aTUUÔþÛ—$$ØµßõýEÝ·`ÊÄ?nïÚ?“•^ßÐLDÁPèpéñ¬Ì´g—Ûí©©iÐZNJJuÂ;[·k³Î¾,55IQTUUEihl>VvrùUûÕæöxÛÚ?ï9T[×0»dzjJâeýÆ2¬\4ŽÜ¸òê¯ÞõÅ¥Kæ[­íwý¹sfÞxýrŸ?P[×˜–’ÜÐÐ¬ýßÖÖáõúìö8UUTUÕéD"Jˆ·åædæædšLÆ´”äªªº––v"òx¼Ý.÷yî«Ó‰…ùmí?9ÙÚ™ææ6?Çëñxkë¬±–ãå§%IÒÞš?—m?µìÛ_:àe<Ï%:â?=Á²ìü+Š33Ò´Oõ­?ˆ’“K—Ì¿îóK?)÷x¼ÃÿÕŒè=ïôz]É¬¢}Jo¼~ùœ’éÏüõïC‚ ¬¼nY ÜðÂk©©Iv{\cSË¶í»÷î+Õ¦ÿ.˜?{Áü’ç^|­»ÛkY¹âªX‹ù<wÉËÍÌËÍÔŽeY>r´|á•s&NÈÖºÞÚ´µ­Ý©½Ë±ì‚+gwvuxYGGç¢sÞú÷Ö'~ù´ Š‚ÀkóúÖ–ž–¢5•˜˜?œœx¬ìäÜ93±~Œ+{Ú·¿^·á¦ô5sâEºˆ2Ìºuë"]Ã¸¦ª*­_¿þ‚WîißÞ{¼z×ÒS7HÃ\D¥ß?|ôw'%¢9ñ‹žŸÿ^¤Ê˜øß÷îƒ*ÚséèÿQ¯±¥3Áé*†ŒkŸÓ²¥³"]DÄ€1bOûöÝ­Ï‰_ôÄŒg"]DÄ€±`OûöÕ»–jÇ©Æ¬+‚¨†xM|ÕžìÍD4ä~ƒ77mýãÿ½ÔïäþƒGßÜ´uhBÔA<ˆ«w-]ònÞ’wóúžlðUß¹ëªÞ—ÏÏïR,zë³aÿÁ£_ûÖCn¢â@”iðU÷Î1 ¢ÝÝÛ¥p‰Ù`åŠ«®_qUoBÐ²ÁOþÞÊWâÓ0`ß€¨qSúm­ó?µÏ¥3ïÍdõ®¥½«Ÿß;é‘Kßèàë_½?ˆþø/65µ¼¹i+²ÁxƒÞƒñå·O=ûÛ§ž?Tãg_PU]·æ+ß«ª®¦’Æ˜Ukï?ôˆv¼±vÃ’wóz³ÁœøE÷æ?rYîòõ¯Þþõ¯Þ?l0>¡÷ š¬J_³·}ûžöí}ç(_öÐ¾þÕÛµnoÐ{0~É²\YU{ôØŸßß{2–Ž—Ÿîw²Ûå>\ZÖÖîÔöx–e¹Ûå‡¥¦æÖ~WQ0:zìDUu?¢¨U?¢¨-­íë½Q8,u»Ü²,WU×=v"iûL»ÝÞ@ èñx:ÚÔÜªªj ìv¹{ïØûÁKþ’F?TcV¿…‰°Œ)\Fè=§ªkêúóßÄZÌ11¦ƒ‡ËÖÿä»³K¦··;²þ¿ÒR“ôzÝÁ'?=ºî¹9›Þ~ã?7Ïš9µüDÅ´©“ïþò­µu?üä?“’Ì1&·ÛSYUûØúû§M?LD‡K?ÿàG?ONvlÛ±ûöÛnøòê›ûí‹†ºº\½/Ýn?¢ªDäììzðá'yŽ›?—µ}çžW^½æŽUGŽ•?²þ×yyYñ¶¸ÓgªÍ1¦Çö:Q|âWOww»Y–±Ûmï¾·sÝ?¿;yRîC?üòáï??—MD¯¿ùNù‰ŠïÿÇq‘øv†—–´ÙÉ©Æ¬æcÕQ¸lÆ#Y–7þssñÌißüÚ?ÇíÜµï¹^›<iÂÑ²“v›õ‡ßýš^¯S•a¨âLõ››¶þâgÿ‘˜˜àv{ñË§*«jyž÷x¼K®¼áúeDôÒßÞxýÍ-“òóˆH…Ç½?Öb^xåœgŸ{eÕ?×ÄZÌ}oýò+o¾üÊ›}Ï$'9ˆ(ÎûÛ_ÿT'ŠD´dÑ¼§ÿôü?+—k_YskÑ´É­mßýÁúªªZíFöïÿ–(
ò²vîÚ;Þ¬éÓ¦ìøpo^n–ËíÙ¶ýã;o¿I…ÿjFÈªŒµþm¬Qª1+ÒåÀØ?x0y¼¾ce'¿ñÿîÐ~\OKMr»=íÎœìŒÊªÚŸýâ·sJ¦—%%&œ:]ÕÙÙý??ÿæyŽˆššZ]n?-Îj·Y‹¦MÖz&MÊ}gëŸÏOD“'hyÀhÔK²¬ž5¾èË«o¾ïž»z_VU×­{ô×ÚqccË®?÷{<Þ®.—üÉgs²323R‰H^àeEÑ.ž>m²öôo2dYfvé’ùÿó¿YyÝ²ÆÆ–e¦LÁo .×Dd€¾Æ#–aõz]0Ö^*ŠBÃ²lfFê†g~S[×pðð±o÷‘‡~t?N'f¤§Ü|Óçõz}ñ–•&“±¾¡)
C!íã²$óÇ°Ìyïyå'*Öýì7ÜÿÍÜìÌêšº?ÿåoÛÂ„Y6›uï¾Ã'OU^¿âª~½06œ<]yààÑü9³fN?t-c¦&?#?-‡K?O™<!&ÆXR\ôÎ»Û½^Ÿ,ËîÚ—ž–œèˆoimw¹=¹9™«n¸¦dÖ´ææ¶Iù¹mmUÕu±±f‹ÅÜÕí
Ka"òx¼ïðQ(C[ÞÛYX?c2^Jm¡PÈd2de¤ÅÆš«kÜïÅ¶`4VÝxÍþüBYù©™3
/¥µN?ªt»½'OWFº?1½ãÅÏñ»½ýþo¹nÞ³†¹í–ë~ÿ§®¾~Ë²Sóú?oëõºý?üîéçTU•$iB^ÖsgÚâ¬ßÿÎWòé¶uD4»xúýßûÙmV?N¼íÎ{:;»‹Š¦<üÀ½—8xâÄœ©…“n_{_bbBÉ¬iÖØ¡üö_0ebJJÒìâ¢x{Ü¥£ÖâEW8xtâ„œH2f1ëÖ­‹tãš¶‚çúõë/xeï¦'D´z×ÒS7Hu#Y–Ï~‚—eYUUžÿLJ”$‰a˜~C!žã´“Ú„?õ?|?3#-,…µùÄ—Å€·¼ú†¦¾ë@M|ƒï»Üê`¶sÖžKû-{8
5¶t&Øc#]ÅpAïÁx1à3÷€'û¥Í€€e™Ë˜ÎuëARUõÝ÷>ÌŸ˜“™‘vK€Qs†â\´ì¬ôùM¤«è?a˜»ÖÜé*`xõÎ=@<&ˆ50÷`¸!@Ô0Ç˜/œé*Æ2,l
QãäéÊ?þßK?t!câD?S§*µ?éBÆ,.Š1*©Ú1Ï
!%(²ºH0€?äY¡÷%C—m­RÌ=nè=ˆ"÷iÈ2å•vî?h9çTÚ¹7Ë”×û²ïcÌ%Òæ¤$;.WƒÐâAÔ0ñŸn$\l_ðRÕ"ZÀ9½Tõ‡bû‚Þ—}c`”C<ˆVÁÖ{¼"õ¶“®#©øuD+À_*~}ÒudEêm½gú>ÆÀ(‡x5ôI:Nßûò›zµöÙïí¿c_ÇÎ?ŒhiR‚û:v~oÿ¯Ö>ûÍ‰õž×qú}RDKƒ‹€©ÉÑ$Õ?Yé9©;ô)ë¦ýï¦†¿¯+ýVµ·BRÂ‘®Æ5ž²LyÅöë¦ýoßó©†ÌÈñ š$è“¼’§%ÐÐ{fEêm}{îF•D}*º¢E™¬˜¼D}j¤«¸°D}jVLÞ .„Q½Ñ'+&ÏÄÇ4øk‚r Òµ@ÇéS™è7ˆFˆQ)AŸ” Oj4w…?^É’ƒ½;¦DCŒÈéL¼Ù*Ø¢âAÓBB¤«€±s âô@<€ˆÐñz @Äè?x= âô@<€ˆÐñz @Äè?x= âô@<€ˆÐñz @Äè?x= âô@<€|¤"¢ý¥•‘.ñ`t(.Ê‰töÖÆHW\½ âô@<€ˆÐñz`aS[:‰ˆa˜ËÒCÏs½cÒ_–ÇÄRã.c< ¢PXòú‚mn›ÕÄq53(øš`l>.Öd0Ît`˜Z IDAT.o¤k‰ˆ0–Åõ<Ïz¼?H`Œ3uþ@8ÒUDÄãD?—$9ÒUDÄûTR#]Bt@<€ˆÐûìÅm´µ”Î4Q£UG%?£ÜdºªˆîX|?+Ÿ{áµ-[wTœ©‡¥*nü>/7kùU×Þù…ó\æÙñßþ#¯IÍeªÁê†Ã‰|R?aÚb~÷<—?ù?ÅAþÀ(‡xÐ_Cýä:Qé:à¼Â2?¨§õ´µ”~~'¥Ú¸¦¾¾éG?y¢üDEêgÂa©üDEù‰Š-[wüçÏHKKîw?ÔQÙùòZ>aBìŠ'„ôb†×E¨Òa¡JÁpÝ~ïÞgÚþwAÜ—žãí9ý.Ðþ³2Ó~ð?ÿWX?/ŠB„*^¡PøXÙÉ×þùö_þÎ€0¸ ?dƒèr¢ž~òÂÀo!Œ¼ò?úÉgŸï|y­¡è–¸Ûþ"fÏcÙ€ˆ^'fÏ?»í/†¢[:_^{ö?úÉ×,_ôØúûgÎ(«Ù€ˆDQ˜9£ð±õ÷_³|Ñ€>ãÅmÈÑçD=½¸­ÿÉç^xÙ "ÊOT<÷Âk}Ïxvü7Ÿ0!fÁ}‘+j„Ä,¸?O˜àÙñß}O>÷ÂkY™i«o_¹ºFÚêÛWee¦õû3€h?xð[K#]ÉÙÿÇmÙº#2¥ÀY_¾ÿÈk¦ÙwG®œeš}·ÿÈg‹·lÝñ…¯?\E‘ñ…¯ÅƒQ
ñà3Î4Eº’³ÿ?«8S™Rà¬/_j.Ò‹#WÎˆÒ‹¥æ²¾g*ÎTäG®¢È(,ÈÇƒQ
ñà3°NQ”:ûÿ¸±º8LTè÷å«rhìÍ78†×õ[—)–Æð|ƒsEÿF)Äè?x= âô@<€|¤û±T”M¾ í*Æöë;¨¼îWNN§,U·^øÊÁÜQ’iÏ)ò/©©(’èˆŸ^4ÅçóïÜµoøÚ¯oh.;~êüWL™˜•™V]SÁ+Ç2U•]?DÄYRˆa"]MÈ²ìñút¢¨×?—U¡`d £ìDzèš’N,KDÓö£ôäÆËùHýµ«éöE¤HUiïizhÃÀ?i!Ý±˜l1Ä0¤ªäôÐßwÒó\Ä?ŠóÈf¦Ó?TÕB³òè‡7‘7@?þ?ö?ƒ?‰s²3yè;…Y–%¢@ øþö?~ñŸOy}þËu‹o}}õêÛWét¢ªª»÷ú?°ñ;¿tÓÚ;¿`³Y†QUÕéìzñoÿ4ô_^}Ë¡ÃÇ¾qï?/W=£™*Ü[õîþ?5ì#"F0ç|%fÞ·?ÏßBDö¯þ›5ÆEºÆáÕÝíúó_þöêëo‡B!"*).ºï[_ÎÉÎøù¿#¢‡¼?.âÀ0úÖçiJ?¬§-‡Éj¤+§P¦ãr¶Ÿ‘@Ë¦S——ÿ}qMÍ¢+§Ð–Cý/ûêrZ½„ˆhïirºÉ¤§éÙ4!ùâîµösT”CÏ@~‡êÚiË!
†©µûòýcF±ûîùraA~ù‰Ó›ßÝn?µ,Z0';3ý2¶Ÿ™‘zõ²…]]ÝëûŸ;¾tcÑÔÉÌyû?mý.ûúWï¸kÍÍD´{ï!§³Ëd2Î˜^0qBN]}ãe,f”S¥`çËwÊ7‰%†©«ˆåƒ§ßUlSÇÍ®ÌÎÎ®~²²ªö¾{¾œ›“
…ßü×»ÇOœÎÍÉŒti0F £T;¹|ôÜû´ýÑ6SFBÏ¯ûK¦Ò¬<yÚUNÛ?}æ·ù¾£€jZéš™4%ƒZºè?Ý?Ž«*I2™
“û¬_œ?:Z0…X†þ±‹~ûÖ§…i&§ÓÕ3È¨£ý=¹br:¥ÇS];]9…­t ‚Þ>@ó'“¶­“ÕDË¦Ó©Ú{Šˆ¨ÝEó'“È“ÛO‹§’JôÎA:VCÙ‰4!…êÚ©¼®g$R§§§Ÿ¡÷ŽÚ?<*¤¥&»\î¿lxåƒmÑSØ?™‘ªýº¿tÉü’â"Qv~´÷ƒm—ÅÛãNžª¬¬ªí7
hþÅ®œMD[ßÛ¹ÿàÑ³ï¢¨ÿ¿½ûlê¼×þHGÃZÞ{à½l0f dÒ¤7?¹·ãw;n:îÍh:ÒÝ¦½I“&·$)!Í ‹•?°&`^`lllð¶±<dÙÚ¿?$Œ76ÈÈÀóùË:çèÕWG6œGï86³Ù¬Q«FSW—nÈ^•R±0g–X,ÞþÖ‡¿ÿÓßíCB¬]½tÈ‘«ò''Çµ´´íùø ½’7&'Å­\‘«T(ìÅOæ)tS]¡¡ê€<rž÷—wˆ$nTs¾n3êlfÓ?#mF]ß¹Ol}?òøå‚{0ØlæËÕÆ‡E7yBžXái¡$¤€ÈP}X1GpŸ`n¾éNŸ:]ö»gº`Þû–ys²m6ëð{?é{{«ªjDG‡+
ûÆÎ®îóU5
7·Ø˜H©TÀjµ56µÔÕ7NðÝ‘#µh Æ"¢IÔg„»›ÂßKÑÒ‰‹­ð—o #
F3VecÇ1ôð@¾¨À÷_?RŽÇ7"È[?Ã÷×#>F$–MÇ¯ß4˜çb+ŽU`ýlüöË‹ñÞ1záðÁ8Wï8&3~èèÁ±sWŸXý“$ÌÜ5«²ñãW±~6VeC×¥‚Ë¦#Ä‹Óæ /ïE^&<½ÿ¾?^°Ù  ° Ï¼‰Œh<´{Nâì%ÇH¤3Qp?.Ãæ…Ä°Ú°"?ÀoÞ½©ŸÈõéíísW?´yC€ŸïþƒùÍ-mµëüí¯¿ÌÊH5?bA¼fõ’wvìÖ÷ömyàîü/N}ç{Oª”ŠŸ<þÁAÏþöùwç­^¹Øj±X?·è¯½ýò?Þìo¿öb}þ±Â?ëWþñwObá?»ƒ‚üôÃÇv¼¿·ü\•ý˜¬Ì4?ŸŽŽ®£ù'ûŸX_ß4¤Ô¨Èi¿xú‡1Ñ&“I*•lÚ¸ú¯/¼z¢ è—ÏüWlt„ÁhÄÂº5ËŸxú÷éi‰[6o?‚Õj]•—ûþGŸüò×ÿ{³Îèõ3^:n3t»¥n°g;‘Lm3kf¨:¨ÝþˆÍlRÛÎÇ=ÖýA‘vOûk÷*ö‰•^6C?H¦ô~ø-‰o\ûÖ{¬½?6£ÎÚ×åµéEÅô{]ñ¶ÆËb±Ÿ‰‹?LNŠíß(‹aH<8~âôOžü­›\ Ï`üù“ßŸ9cú®=ûõÛçCƒÍ‹F£úõÏ¤PºýõùW?þôpP€_sKÛ—Üxÿ½kApÅ›£©‚+M¢}Žúv¤†ã?ïÆ{?ÁŽã?x÷(~ü*ýOlCw/2"q¨m]HÅœ¬ÌB˜/ªšàçŽ¸`ì<?Å?Å_vÂ[?ÅiƒÚ?@BÄ"(ä8[‡m±$’ Q\=F£pÌL°Z=71yYÐðÄ6¬z
%µÈˆÂ=ó@ãR+îù%Þ>
AŒ”plþ-
*a²à•}XòSG×A?©€?È{eá­FZäÈg#1+³ÐÝ‹ï¿‚»žFyæ& åVñÆ¿>¨«oJOMüá÷¾±ëýì|ïÿ¶<°ÀÛïîüÁ?>7wÃOþç7]ÝºÌŒ”ýó[ÛÚ“cçÍÉ^½rñ´°àªªÚ>ƒañÂ¹55uëïýÚ–/÷r{Ç’ÅóTÊ«RTä´Ä„±X¬T(Îœ­|mÛ»Ë–,X¸`¶F£î?F£QÉår«ÍfòAvïÆÕ1Ñáû]ºróïþø’L*Ýpw^VFjXhðÉÂ’ù‹î¹{ÓWÿøÜËÝºžÕ+ëºußþÞ“ËWo9S~~þÜ©)“|"?ÀÒY@$HÇ8ÆfÔuï{FðøAYàOj©zŽ¾³Ácõ³?ÿ}1ð§µ¾ßø6k_éöã­úËî«üŒvŠg&“¹³«[,‹Ec]Âuw÷üãµ·—-žÿÎö¿½÷ÖK+–æ¼¼õ_-­—?äÜ³~å¶Wÿüæëùý¯ÿÛÛÛó‹/N;~ê¥ÿýÕ«¯üáO¿{rï¾C?M-7ñÑTÄÞ"¢I´§{
‘†…ÉH‹Dò4<²m]?X3?­‚?
´:”Ö¢¤ÆqqïïA@~9fÄ@z$^ûOˆÅ?óÔþc«‚Çà¥FN2žzA^h×êaèî…Á‘È1=º_„?<”hîÀ§EPZ‹äi½2èèB3Z:Q^ƒÂµÆÍ8{z.4#>Â(×-þðRÃhÆwÖÂž[4
„ù¢´vâgöæÚµgÿ®=û““ârsfOOOJMŽôË÷µ¶]–H$÷®]þíÇ¾ìëã¥P¸iµ?%¥åEÅg—/]°pÁ¬€?‰ É/Hˆ‹V*îê?ÿþIû…¾››<))îDA‘½ýoÿû#ññÑoïØåíå™›3ûOÿ08È¿½½£ÿûŸÁ`‹D‚x¬ëÂˆðP‹ÅZ}áb?¾÷è±“÷ß»ÆÛËS*“´·k³³Òv°µ®¾ñ½>Žõòò4?ßÿîW¸kÔj?zZXpIiùäŸÎ"x„°Y†%ÈÒÝbn«»i:ÞþKWƒ¥³Þ¢k±öutïÖÒ^cn«´öuÙ¬ŽF$>Qn«n‰å?¤R‰‡»¦ÖZoµ?•Û.·×^¬_±,G&“˜53cÿÁ|?®'.6ê¥WÞ¨©­ËÌHYœ;×Ã]SRvN,´ëS‰Dèë347·6·´…†LõV×G„[à#ž
ˆˆ&Ñ4?\lÅÙKŽ…DŸûÒ£0'ÙÑ?xû(t½øÒbÇÁ»‘ƒŒh¨ÝPÓŒ·? 3+•9&$h0÷ 1ÑAèèÁþbœ¹„§ÄœxXmC§&V¡µQ?˜õ[ÿx(aµA,‚R½2éd]bÇÿÉ+¬6´t`ûaÇ.³E&åE?+|ZHíÅú²3ö…D_xîçÓSæÏ?1#;]"þõöGÝÝ=ÿö°ã‹ç?»?›‘?ž•™ªV«ªk.½ùÖ‡>p·¶óÕµ{>>h?¦¯ÏpæÊš¤ÉIq1Ñ]û>;ræLÅ/~ö_óædY­ÖÝW¶;YXÜÒz9&*|îœ¬cÇŸ±}îÁ@ö¾û
KjµÊ>J¤úÂ¥¯=ö£¼¹™éÉii‰?ÿ›{>>h³Z›[ÚþùÆ{ö'šÍæÓEg&ùD:?,l¦H®é+yW™ýPÿø"›qÐT‘X,’À÷¼Ÿ]Ù"ØL}í¯Ý/ñ‰ö¸ë×V£N»íK®(ÿF‚?ž–ôöŽÝeg*ûçX­6Ûà´ ‹Aèïh2D"Ñ—Ü°*oÑ™³•Ÿì;ü¯·wþéwOH$?ŸwçÙ''<òÐ&•JéŠw6éŒ&³DÂASãÂx@D4Y”rüâ!¨Üp¢Å5HGBô´wC.Ew/ŽW 7îJté ¿gë0'+vŸ„Þ€ÒZdDafÎÕC,Ââ´AwN8{]zD`Ùtøy@×³Rq!Ž+~;½Ÿ!Üç"!MZxª??ÓÕhÖ"Ì_[?ÍÈI†Áˆsõˆùí4u SŒé‘X7ÒkýïÑk€ÕŠÔ¬Ÿƒ¼L¸É ¼?íóC\0òÏ!=a¾øä´“N÷¤Q)¿ùå?U*åÇO•œMM‰OJŒÕë{/·kår™®»'ÿ‹SKÍsw×tvu8’_pælå¼9Ù‹eçîÏzô½§ŠÎhÛ;’ãN–Tž¯Y¸`–Élþtÿ{ûeg*ººtQ‘ayËúûùtëtf³Y*•ÆÇE©”ŠþåM{ô½Ÿì;ùhØ½W'&Ä45µzzºOOK:|äÄ¹Êj«Õêçç³zåâ5—²3Ó.˜]QyaqîÜÀ¿¢â³}}†o~mËÁÏ¿xû??OÿÏ÷æÎÉêÑë[ÂÃBâ¢?ädLOž²÷“C.=Óã"Ÿí¿¼·dGÛËé÷ˆÄ’¾s[º|~K$q³tÖ™‹¤A©ÒÐlã…ÏÍ?%²¨¦úS¦¦2Yø,˜úÏ0IPjOþÖÞW¿•ë4{VÆŒ¬´§ñ§û7­IIŽ×÷èßûðãysg¬_»BáæV}ábSs«?·WjJüî=ff§xó­?büý}N?.Ÿ²pÁ,o/?SEe==úY3§ðÑ'…%KÏëí5ž*?77KzÍ¿ð[P?Þ pkLõ»?~"¢©£¢ó“p×¬™é¸ÛÀ?à?CðTay^ú\îFï€Ûä—#3
?z*€¿ò²ðÌØ‡•×jû!|e9ÖÌÄÚY0Ypºb1fÄàWã™7¯.sôê~˜,x0Ó#!Š‚Í†æÕàƒãø?»pï|ˆDè5à£¼s?Þ4ò{ù¬™ÑÈˆBZö?°îÎ ‡Ê?“Œ”pü`=š:`0Ã>‘úùÝøÎÜ·÷çÀjEéEGËW~®*gÁ¬uk–Ý½v¹ýn[_çõ7vxzz¬\ž»õï¿»|Y«ï½ºhÔ‘£'²2S:;»÷Ìp¢ è…¿o{ìë}ë±GD"‘Éd>’_0°ý×ßØñ?¯>x÷šåë×®0™Ì…§KÅbñ¬ÓûìOŸüÙš[Úì‡ýß«o™Læ‡·lÌœžb¿ïASskEeõ?ƒù+–åÄÇF=þƒÇþð§¿´ûÓÕy‹žýùã6›­ªºöù_òŸ=+sÍê¥"‘Èb±Í?ùÒËoœ((þÞw¿ºùþu>p·Õj-.-·w’Üô³;A"‘ç¦¿!=ÇþÞµë'Ä
Oå¬¯ˆ•¾Êw~ðýË¿ËsÃ_<×ÿYûæ£íÛ‚Í
AªÌx@5ûkÊ™_ÖùkoÑ[²Ð,±\=Ž›Š<Ü5¿xú/½²ý¥W¶?F‰D²`ÞŒ´”‰DX™—ûøOŸÝpß×_zþWßýÖ£¿ýÃßÖnü
€9³3ÿß·¿"‘HŽ;ùØwþÛh4Êd²o}óaûŒ—ÿüÎWÿðÜËOþì‰dÙ’ù3²Òú—9ºmèô}f³ÕËCåêBn¢'žxÂÕ5ÜÑl6€§žzÊÕ…‘Ãœ8¿M¤„ãBóÕ1Bö?q!(¬×-Òæ%¢]7ê­Ž#æ‹‚ó×nÊßÉÓPvqÐ©‰aðV?÷ŽÎÙ1è1Œ÷¦Ë‰aPÉG¸oÚøž?üßz˜9{µ3[ü}ÓRªª/ÚWíß}²°x<·HKNŠóöòí¦ËQ‘Ó¦…Ÿ((ºfSþ¾)Éñ¥eçú“ƒ½q¥RaŸ® R*fd§_¼Ô0°Ô¨ÈiÑQÓŠKÊ>kü/:Q…ÇvöÿÜð#uð/‡.Õzã¬z-€A7A³š­=—ÅjûP9›¹Ïª×
šÀþ‘s6sŸ­¯[¬ösz1y¿™³W<Îb³Ùôú^77ùÀ…†¬V[o_ŸRáf_Ÿ´¯Ï`à]Ò¬V[O?^©tø¬›ºq×ñÆí×¥N\\Õh2÷èf³ÕÛS%Œ6/jâšµ~>ÎjmªaïÑ¤kéÄgÅ#lÿ=ÅÆ¾v<Æ®¤eØÿã¼Ö·›Ð=’GkyüO)Í-mŸ|úùð?¯¶ÇVv¦bŒ½Õ?±+þ¢ïÑ÷8tl<í?ÿE§ îŽ,–ˆ5ý?D·!÷1IÜDj·¡Ïº5‰D¢áóÄbÑÀE±†ß>Y,i4C¿D±)—hhÖ:1ˆ ’H…›”ýÂx@DDDDSBp€—s{è:ð¾DDDDDäÀx@DDDDDŒDDDDDäÀx@DDDDDŒDDDDDäÀ•‹ˆˆˆˆhJèÒõNêÊEîêÛíŽo“?ñ€ˆh©“ÅÕEÐÄI‡ÝÍI*•˜Lf×TsÇ“J]`ˆ™ÍlI†®Á[²™"A6p‹T*1M2™ÔuE¹€Ñhòk0öËw.lêZ\DD4HtÐ8¢©gøášRhØÉ—&›.¸®œ›Êt©@˜<pKLtDiÙ9×Uä¥eçø7x‹b< "diº«+ ë2üƒ[¾4Ç5¥Ð°“¯HÛØsüe×•sSõY‘¶qà–åKsÞyo·ë*r?wÞÛÍ¿Á[ãÑ æ"!ÔÕEÐ%„âÁÜ¡Þ²11!Æ5ÝÙbÞ2èúX?ó]sk¥îðŸ]WÔM¢;ügsk¥:ç»7>¼ecMmÝkÛÞu]]7ÛkÛÞ­©­òk@·
!7wØ?¨tÓ-Z´ÈÕ%ÑU3bQ\ƒ¶.W×Aã“Šg¶À]9Â®YÙÓOŸikkwAYwªÄ„˜gŸyÜÝ]3d»<:·{ßÏ?>T¾bM€H|[Í~´™¦Ú/º>~ÒX}Øë?­b¥×?feOá¥ž*õòôðññ„asenF£©¨øì_^ØZPX2â¯Á58pà–˜{ÐÝÓ§Rº¹ºŠÉ"zâ‰'\]ÃÍf³xê©§\]õÏØW„ªFÎTž¢¤¢ƒ°4}„~ƒ!¶¾þÎÇû?¯ªáLåÉ#•Jb¢#–/ÍûcÝ¡?ö¿cn*³YŒ7±ºI'd’ÀdEÚÆ!ýCÜö¿Šãü5ƒýºtêÇƒ†f­Ÿ?‡««˜,Œ.Æx@DDDdÇx0pî90‘ã90‘Ãmµ¬QóñmïÚ2-gÝÍYYP¶Ëjºu0Ñm( 6.D}å?Ì"Êpm=·
Æ""""º&dÏpu· Æ""""šj/Öøº¹9ç†Ä]­Wn@§ôö¼mosìdŒDDDD4%x¸kär¹³Z»pìÀ…+?§¯Ù<›ñ`|ˆˆˆˆhJP©•Nl-yù¦™þŽŸ§…ŽÛãÁ”`6›%~DDDtç2›ÍR§^IäR{&Ž—¤SB}}}xx¸«« """r™ºº:ç6ØT^pâJ“ÊÐôäRç¾Äm‰ñÀõl60Ñ?ìäÉ“6D"§5Ø\YÑ|ågwIÄ´ÎBMÜr§µ~ûb<p1‘H ¨¨(00pÞ¼y®.‡ˆˆˆÈŽ9RTT$‰?fnþúÌá›™Æ…ñ`*°‰D¢½{÷666fgg‡††rÝÌfsUUõ©S…gÎœ‰D€p^÷]^†ºžH$²w¥Ûl6‘6›ÍÕuÝÎ[:|½Ý]]Å¸´µwù{ºº
"º´¾²ûüh;CçÝµ(Bf³Ze2ÙÍ-ëcµZ[ÛÚãˆ{U*…—§G_ŸA©TÜôÒ\ÄÜÑÒéæï3ê_cWK¯Ìßc”ýã8ŸžƒQ¥RˆD¢+ƒ*ÈÅ¦Û•?Û€¿þ‰L‘H,‰]]Å¸ÜB¥‘‹d?úH¶«‹¸å‚80ÀìcTª;éòIêà;Ö~¹GàK†Žy>×<‰#°ë`Š¸“~¿§0G2°A$Û{Ÿ'•H±øÖ8Ã·P©DDDÑñ#l"¿?*¦F"""º£ˆD`0˜j¦†„›@$Ý*çù*•ˆˆˆnÓLDDDDDŒDDDDDäÀx@DDDDDŒDDDDDäÀx@DDDDD\¹ˆèNÑ¥ëuuDDD®ä®¾cnw}ˆîü7‘ˆˆˆ®‰ƒ‹ˆˆˆˆˆÈ?ñ€ˆˆˆˆˆˆˆˆˆˆÈ?ñ€ˆˆˆˆˆˆˆˆˆˆÈ?ñ€ˆˆˆˆˆˆˆˆˆˆÈ?ñ€ˆˆˆˆˆˆˆˆˆˆÈ?ñ€ˆˆˆˆˆˆˆˆˆˆÈ?ñ€ˆˆˆˆˆˆˆˆˆˆÈ?ñ€ˆˆˆˆˆˆˆˆˆˆÈ?ñ€ˆˆˆˆˆˆˆˆˆˆÈ?ñ€ˆˆˆˆˆˆˆˆˆˆÈ?ñ€ˆˆˆˆˆˆˆˆˆˆÈAâêˆˆÆ¢ëCe*ê‘?Ø`WWCDDt»c< ¢qéÖõTTTwëzÎUTk4ªà €  ?Zä?y/ªëÃ›‡¡vƒF?Ce˜ˆˆˆ&ã]ÛÉÂ’‚Â?*;3µ[×ÓÝ­³ç„øØ¨¬ÌÔiüT5
«®>T»á¾èÏrRä…]¨l=XLF›T6Ê?iƒ2© º‘2Çd³??ÉG®i1Í&õÕ‰ˆˆœ‡ñ€ˆÆÒ­ë9p0¿¡±%;3uH°÷'–œ«¬^³z©F­ºŽö+PX…Ìè«[ÔnØo ëC“µcuôž?úf™÷Úõ©ÞÃ¯Â;Îíù¨ÌÉ†A×Qà(,&£E?É®ä?¦’mŸbõ–t¿;?yëÆ^Ïé!º3Ø,F‹0Z¼`1š –±m£2™0ùõÝjx>éÆ0ÑXìÙ`Íê¥ÁAþÝºž“…%ýƒ‹²2S³2Sƒ‚>Ü¹ïÃ?û6ß·î:Ú/¬Bl02¢mìÏ9)hÒ¢°
…UP»J#ÐWVD/?WÞj¨-,oœ;ª÷üÑ7/„Ý—¥¸Ö‘Š˜¹›# ÈœúòD·[ßÅûVY”J‹Þ²0oÖ´ÁTíÙƒ{JÛ”2AoÔL_º$ÑKSÇÙ#žnW*½^?™—“ì%uÕ;˜Zx>É$ÍZW×@DSÔ‡;÷ÌÛ¶¿oßp®¢º¡±Ù¾kóýë¶mÿðÆkôIDATÀ¡c¹9³'úº>hC·ôgƒ /hŽl?“âèX•§ÆP\Ù?î7ð{?–Šz¥º'Z˜ÓR~G4cÍ±c¶ÌÍ€¥ñ‹wŽÕ.Š¸š¦mmÅŸ^
^³i±°õ”¼·ØC†p¹ôã‹wßŸ«º³»÷”lÌðåø=žOr‰·—ÆÕ5ÑTt®²º¡±%wálûäã“…%öíÁAþ¹9³³2S·mÿÀÁ|û°¢Ü…³<uƒ3•‡dƒ!¯Á?y&N?µ:µÿŸ5}eauhúáà±þ£Œ—ªKk*šÚÛÍRoŸ°óRƒ”Ð[õÅ'“¬g?—W‹Öç…´>Pœ;/Zn¢ý€eÜ«ß?Qeìƒ¹ë“÷+DÏY‘0ë›Š??mëƒ›wâ¬™iÁrh9óA>æ¬K>îˆèŽgª¯i?MËµ'h!(1ùø±‹½1ý_´_*÷‰Û¨ˆT±É?ÿWÓœáÐVwÞ7în?ýúU—ôö…ÖßI\%áVÁóIÎÁûÑÈ**ªƒƒüãcã~›íS“³2ÓhÔ*{—‚}opP@p?ÿ?Cù7ø¢‡J¯7€Ô/mº¦¬¼Îèxl¹Tv©éa{É?g/YBS—­Yµy}î|ÿö½ŸUêì{Ì}íMgïöŸ±àžE
XŒ==½fËÕ§šûÚ{¬€wBÞâù‰¸ÇÍÏ[œ—·8Áqá_âpƒ:{ÁúË–ÅX‹>;^Ýg/ÂÔÞmºÁÓBt›jo»è¡¹:P¡t×jtõõj[{Üý_~
…êrg/ú:š­Uÿßµ T‹ÛºúnfÝSÏ'9ã?ªÿêß.8Èó}ëötw;°ÏK¾¾ÙÉý*Ð¨Efôõe€[XJ\ë‰Òv°uWµ¦g™ Ÿ379ÂS!—ÊäJï˜°ÐŽÖË†+;>™KÒ£|5#¯At… —*¤©B.•Éû§÷IãfeFy)er¥wjjº¼õrûÄOÑÆbò0¼PªTY,¶»­Ñ¨¯>tSyÚXÌ6/Í€lT
X$ù;Ï'9ã?,+3­»»§L‘F­jhlihl±?ìÖõ44¶ÄÇ9úì#‘ì×­QAÞ¨l”µŽNÇÃ;ezÐ¹’ÊX.–*S|‡a³öj[ëšêÎ?),¾Ô“Ñ|e—¯ŸÏõÏ!ö÷ñìÿÙM¡Ag·þºÛ"ºCÒöîÞþG&}?0h91ê»uWöõtˆ‘¶{Àw=½?sŠx>ÉYˆhdÁAþñqQöë~¹çØ'+8tìÀ¡cÛ¶¿¯Ñ¨ìK?64¶8x,8Èÿ'4¶Cí†7ãPÙ ~ƒ&-tãïè–§g¢¨¸¤ðdGffØÐ«}[{Ù{î)hÒ™!¨¼ƒü4\RˆÈu¼}§ÌÑ?-¾Wc6^~ª®Þ+£aìêD€·nžâîžþ1{¦îvz?½pÁ‚ç“œƒñ€ˆF••™ªQ«Ê?YX¢Q«6ß¿.;3µ¡±¹¡±9>.jó}ëì]
îÜä¿fõÒ|¹ oÈŒÆªlÜ·`"cŠSÄ¥ÆÕU–$ÇzÛ×r©°'löÒÔØˆÀ ÐÀ ßŒ†Òuvôÿ,È¤°XØûNtc¤!~Eå5Fë«*ý#Bd@Ÿ¶¡^kà–p¹´Ü¾Â¢­«²¢=!Ô€ohL[É™û°™®óå—cÂ¼]ûF¦žOrÞ÷€ˆF¥Q«rÎùpç>û-“í7:è¿9ZÿmÑ4Õ?g9É7Þ@ä?¶~M² ¡w\­BU{;‚|›¡®´¢î£´¢ôñ—¹P¯‹‹U‹`l.9^\I,2?F­­©½›ìØFi€ˆ®E9ï®î}on/Rºõnq+—EÈtV}¸w%;@ä›‘—rð“·þ%–A?€Ù+ú|2V¦þxû»PBoõ›Ÿ·€«pÚñ|’S0ÑX4jÕšÕKí1Àž‚ƒ4jUCc³}ÐÑð»)OH?Œ”Ù5?d¤l@5{^ëg¿_êæ&³Hã2¢CkZGkÃ;eÞŒO¿ýÏ@ðÏœ1Ýsoí•}¾‹S[÷ì~÷ Ä/x(tâH}ÓV>”j±X¡ÿ?6 ûë_¹ò³:báú˜-?ú›ÖD.Ø‹/dáù$'ý×?~âêˆ\@ß#ëZ/w\ï §êÖõ44676¶ØW8µ‡„¸¸¨_­¨°
AÞCoŽ6Par’|#¯3”Å`Æ\žè*³É(åÖf6«Ñ™ìÖø]"""gihÖúùx¸ºŠÉÂ?HDã¢Q«âc£úoƒà,AÞˆëCE=*G™|¬vCf´“³€ñfé¨Ó—Eb§6Ñí…ñ€ˆ\Ií†Œ(d89tÑubŸ890‘ã90‘ã90‘ã90‘ã90‘ã90‘ã985ºôg¶GDDDDD7“3ãASÑ?_.jrbƒ0³3$""""¢ÑMÑÁE††“{·½øÜ¯¼øâKÏ½úîçZË(G6þ¹ãöL¢¯Øýü®
ýM)pØk™ëò_~1¿nH˜1×å¿¸½°MGŸ{ng…î¦”FDDDDt½$“ØvWuA9’fF)'ø<Ã…}¯Ô–´öþÇÂÜ±Ù ­/9UÛçå7Iu:…$4yŽïÖÂòäÐ÷þ?½Îø¦=äwåýë»Tn.­?ˆˆˆˆèZ&­÷ «úàÞ½e]£}é?†¶3Ç*ý­˜î.ˆHä^áÙ‹§;²?ÕÜÕZW×Úe±Ž£%“^ÛT×¤Õ÷a±V2wµÖ5i{|Óoo¶I;h(“iØa€AÛ4Ú«»G¦&Õž®j½º¥«ª¤&3+Þ€ÌÝÏWy%‹YzµMum]&ÇK†«§É4p8Õà]DDDDD“lrzºªîÝ[ãµtýÒØ‰v@×ÚØæê5|?¥õäÎN#:ÑÛP¹·9 ÷î¼h÷‘ZsÓñî­õŠ´{wöe­]?ÝúªÏ¶–‘‚Qâçe¨Ú[ïž½auº¯`j*xogKpj?ÐUøqWÌÝ’ÜÑU¹çƒRIt¸»¥do«ßŠµÙ?ºªö½u %0>J^˜o?OŠÈøìý{Ï×¥ù…
Ìue_è3×†ZŽ¿ø6}kn ÌM;öµ&í'v"eý’X}Éëû„µ[2üª¾r@µæ‘9¡`¹˜ÿb™ï£+'|‰ˆˆˆˆ®ËdÄmñÞ½ÅM@Ó¾­g÷ßš{ÿúÔ®þÌ3”’êê:—\2ïÁUîÀÜ´Òw·V-7j”V$?™><ÓÞJ”ê?wk[¦ûù@?%üá»Ý?9I§w¼^P—ÑRž¯žûè¼D%?1ÐQzà?*÷KB¥b‹ßÛ.fC´öø®ÖÄM›æJSíç¯^ìö¢¡‰sý^+­™­€¡¶´ÀoúÃƒGDYêòw6$nZ›â 5äà«Eu‘Â3ðÁ…¦¿@tT–µjTg/4Î•êªK“âþ?Ù€ˆˆˆˆnšÉˆ^Ù‰ç>:‹ìU+2åÃ_R:|ÛÀÝ‚zóðõŠzš/Õ†Ää:úÜ}±¿I;j<,ÝuÕµ­:#`h?ÅçÊ—ýÑÑáŽ&¼Ã?¯íD´OHRë¡}´Á!AÁ!~j‰¾µ¶V¿’ãö?B]âfUº.W#rU  õóÆ°xxÆ&'.»Ð?„ª²‹i©‹†to´7?Õ#ªªÐ>§ÙÐ§ìÒ÷!4jº÷;•u™?î–Ô¼ùÝïV]šxñ|IJüü1Ï‘SMÊà"÷ÈÜµë„Þß›¯Ù´4ÅK˜Ð“Õ~A¾mçë´Ižƒ{$‚æþ!=V@)€Q†æk‹?Ø^—°)7Y# [h(5^Ùa0û7òf©PÇ.Ù©ïlkm­Î3?xÍ=©94¾1É‰Ž‹ûät‰íMJ,`Ì·#?HH9p¸²ÕÅ=YK"‡]ÜK”ð‰JJ±?JJ†D`Z¼ßÑKM‰ˆÏõÒ%î-¿˜f­ªÉNÉ?Ì©ãDDDDDCLÖÔdù´k×¥ªkGøŠý|Ó¥öï=XÑf0V³^[™¿ûd«<$"U[VQg}UE©_ê4o@é‚¦¶.Pº{¡±µÕc—àåã«”Ëå†ÖºW[¯;{¶É†ªò3ÊÄ@o «Mk’(½Ããf¦Çh/wå?QiÍåµ—!—Ëår9ºº{ÄðIô+/­êKëÙòó#W/„&fJNîÚsR™;|©%¿?ÄÀò³µ{Ã‚¥Ko÷èäi‡÷Ë#<!„Æ¦×žÜWØ–:±dEDDDDtc&ñÛiù´¹k§]Ï…À¹k7Êx÷Å½ðÈ˜½Èr¿y:÷½ÿâËp‡Eˆœ»:#PÜCSÒJön}îðœMßÌˆžã÷Á®ÿ-œ¶âË«ãÇ}ºûå·|Üå>±Á1W?Žu¿°kë¾^ƒÖì;õÚPô]ÕÇ½ßªpW™»ºÔsVE(!?š¿¶kß'[Ÿ3Ë½L„f­Èõ…_ú’ìú][ŸÏ÷PºG¦FA;rù¾I™Ó>ß…ù‘#Í›öËZ±øð?÷ž?,QJ.›½2sr}¼äbÈCãÒv]0;?Ï0çŸKÌ?Ò+¹ÑmHô_?ú‰³Új:þü[Xÿ­™?ÎjV³Á*‘K†n´ˆ%C¾V·˜!H®ñ3 ¯Ø½õ|ôÃ«â”0›1dúóHÍÂl¶H†l4[¬áÆ;]LfH9rÈ•ñ½'à­—;ƒFŸÊ?]º^§´CDDt‹rW+œÒNC³ÖÏÇÃ)MMAÎ¼Buž³£.5z=ÄùðK¸áñ˜Fýy?áK#?Ô,†fÎÈ³Ý|Îú7‘ˆˆˆncÎ¼HU†NOsbsÎ§Œ^üoá×"""""Ù?õ¶ —s²/Ñhn?á×DDDDDt0‘ã90‘ã90‘ã90‘ã90‘ã90‘ã90‘ã90‘ã90‘ã9H\]ÑXt}¨l@E=2£ìêjˆˆˆnwŒD4.ÝºžŠŠên]Ï¹Šj?Fä¯Q«ƒƒü'ïEu}xó0ÔnÐ(p¨Ñäb< ¢k;YXRPX@£Qeg¦vëzº»uöœ••™z#?ŸªFaÕÕ‡j7Ü·ýÙ@N
‚¼°«•£Ç‹Éh“ÊFù'Íb0A&D7R¦£‹0ê«e³?–a[™üÕiéëhoë3•—·§üÚ§ÑþÆ%R™`ÿ#¿åáçgüçvÄ:'ôéŒó)ßËõÔd2šGÛwÃ¿7XÑ(ˆh,Ýºžó[²3S‡Ä{BAaÉ¹Êê5«—jÔªëh¿²…UÈŒ¾ºEí†?ýº>4i¡Q Q;V×Aïù£o–y¯]Ÿê=üâµãÜž?Êü—l˜tÔZøÖá²¸?Ìô×áúšC;J.«Üƒ.Ãæ¬Kßó§[wõçG?Ôö©5nc_»E“™3/-X>Ö³ô5‡vœÆŒ¼¥ñJ4•lû«·¤?ð–›J¶}Zãao,ºn“œ”7?ÖCvµŽãÓ±Y?F‹p5(Žã)ßËÄsfoMá'¥Ž¦¾ö>x¿ÿMRÿàÚnm6‹Ñ"Œ‘Ó,F¤ÃÎ¼Íb4AÆx4Ï'ÝÆ"‹=¬Y½48È¿[×s²°¤pQVfjVfjPPÀ‡;÷}¸sßæûÖ]Gû…UˆFFÔ ?ýÙ 'MZV¡°
j·A)búÊÂŠèa—J†ÚÂòVÀC ü27­I¤yŠgæò…±×“›¦„öS‡õD¬Ý”ä}%Ûª‹šz0v<PFäl
ƒd<'*bþºÉÁÐQ¶ÿ³OJ|îÉòžx±ãøtô5‡v\
_ßÿ‰Œã)ƒÞKká[‡1‘œ©ˆžµ¶ÿ—¶±èŸbÐû?¨!õOà<Oa¶¾‹'ö¬²(•½5daÞ¬iŠAû-Ú³÷”¶)e‚Þ¨™¾tI¢—¦Ž³G><Ý®T
z½:3/'Ùë?ÎÂóIÎðÿÞOT±,m-IEND®B`‚' height='200' width='200'/><br>
<br><img src='data:image/png;base64,‰PNG

IHDR
1K«Í/sRGB®Îé IDATxœìÝg|T×?7ðÿmS53š¦2*£†º ?1!Æ$¸$ÎÚÉ:‰S6½ín¶$Ù$ëxKòlÉf7Ù’Í&N6mÇ±ãwØ€i* $?:šÍHM½íyq!„?Fˆß÷š;÷ž{4ÀçssÎÿæÑG%"6Ý€ÅñR ñR ñR ñR ñR ñà*Ôtw`ÁðéîÀ¢£h¨Ä’BŠÈH"±,q<«21“î>ÎÄ€‹¨¤1¬’<´ó•þ³gIÅXLä•’
sÿû?l³Ùx~i>H/ÜoµoßÞÉA†H%bˆEaY63Ó^XP˜a1G£Ñ£ÇŽ¥‚˜JÄ?JÄh§N¥Rù²RWVÎ‚unÚã*£*ÄªÑñ6áã"Ïé8ŽXŽ“Héç?yüŸþÏ¨
Ë³KnaáâÁàà zñ¤-‹ÕZSUUPX8yD’äÁ?ÁÙ´V?ï¹ñ]"RDR%RRbT""•!†%–%†'VHwÿæOêYŸ•Å—ùc+#+‚ ‰Q˜$ËO„cf«E&™#õÉ§žúà¾G!aéò.\<ÈÌ´Ÿ?*Çqn·»¶¶vêœ­d2™L$333§¤Ü¥­étKøß%@:¨
)’Å‹žÿC•I–‰D¢q±zb–Ú³±ª©ÄÈÉg~öÃ,%!‘$1ú„Ê?%’¢¢8l¶‰h,–H&$šèéùßþðƒÿÌÒû.h?0[ä-ÔéõÚKEQ#á‰X,Æq\á”Á„+0šÌóÙY€[Œ'99ë“E’EâtÄæ·WH!’bÄØÉÃ»í¼Ìéô±87§@x‚ã¸ÊÜœh<^˜ç1˜3bÉÄá§¬ÊJÒÓÝñláâA[k‹¢Ã2ÛîÞ6™ZZZN?:u­™«¬6û?î#À­GUHŠ‘*ÏùB9IŠL¼qi|ƒ®qrr¸çtïé®d4nVÍÁMÄU¥…¹¼BIYêé?7á?˜lN^N?˜‰'Ìˆ×L”dU¥úõ&“I;òúŽ×?£’Ê0Liii–;kß[û˜™fM¥)Š² ½XÒT™Äèµ/ë¯Ê$FH0ÃÝàŽ-8fbì¥çž?Œ„ÇÇõ¦Œ¾±1?Ãâ1³«*ŠXF!R¹çtºFI&ÏMÄ¢³·CX¸xPQ^®Óë++*´—g{zN‡Óå”¥´¸Ä–i#¢x<^¡? uÊ"GS+T²Z­sî?*GÂ>ßp4‘zÍ›­v‡Ëbææ¡Þ<9O‘Þê´è®t¢Fd"bÍ‡q©U¾À¢¦*×•Î·Bb”óÍ>†ÀšLw½óžŸüìgã
é"ÑÒ<WMu•,+1I°8FŽøc‰Œ‚2?ÑÐyð€Åj)-­4Méîõ?·pñ`$\±b…öóððpwW9ìöÚš?.õ-Ër(RÕ«ÿÍÍvÏåær¸ÿts×Xlú?Ã9"2:r*+½.ý\Ú»ªÈÐÑA"*Xá¬¼b<HŽô=#¢ÌeËùKmp
5)vƒ¶VIŠ‘pãKCc±˜Ñ¸PHŒÀ[2?þ¹/(ªü‹ïÿGIN&§çFù¬_?ûÌGßóN‡Þ¨°ÒS/¼62>úÙw½3’Œ…ÇGù%8x°?Û¢©ªÝn×†<¨(JFFFUuõd6ÐÊ”³³³õ©j0:74t~ÑE{¨D¢(Îx“™ÈÁŽcM±z‹ÙeÓ³DÒÄX0,&dŠÏÝ®¹­Ö³tJk®FŽ_K½Áå¨2ÉñX©Üqº«££SûÙh2äç•/+½Q?_Ã²Ú::õåe§ŽÞV]ydßQ#eèxŠÇ³íÆ?¾k‹*Æb¡ˆ#Ãboú)U—Z¸xPS[§-c‡³³³†©©­Õë/úÒžçù’’ƒÁ@D¥DbRœˆLœ>}š¡éõÆYå(¡îã±¶ÜÆºBËE¢ªÉñ¡“­}ÃœÕ–¦l`ðÔlÎVˆˆ8,Õ
EUf¹NQüÔ«Dd¨¸ëê§ÊIbu×?Å(‹íÛ(?i© ‹E£±ŽŽÎ¾þ?uk×Ìã`3ù'““•e_Yg’•ûWWËå‚ï<{F‘Y¯—GÇ‡'Â2'¬jlT9~éM_¸x`2¦À{{{Ã,Ã—<’«ÚÖ)‚N°ëì???ÍÍÍ###JT’¤YŽ¨?¡ HDd®ª?–ˆˆÑY=Ë×:ÃlÚÖIe9~)æNXÔ”Ä,NÒÎœËƒ’ îzß?5·Ä¢±òò²©ÃÚ`Â¾ý‡¶lÞx?íÏFVU­/)?£\"Ééˆ1â²¬ŠIÔQYžHnz÷ý*ÇIª,Üü5ÙÓ,àä"†Ñ¦µµµ©ª²lYsÉÔ‰dbÇŽ×-Õ5Õ.—K§Ó±,KDõõõmmmGŽQYÛ±¢´¸`vw?'bDDdu8.WÀè-–ëûÕn.òe¿i?wì`]a£ö’µdM}Wn—Çå[.ÛìõÅƒþþÁ‘‘à´l@DÚËŽŽÎþþÁü|ÏõÜb‰Õe­Z«FÇÏ>,ÈbŽÅRRè…‡ÇqñÎûß£r¬JŠp“WcÏháâ?N´âãÊÊ*Žc½^ï¥çôúââb"òùüÃ>¿Ñ`¨¨(ç8Žˆª««ívûÐÐ?6ðcµeÎíö¢4Ûä«ªñÑ¡Þþ€o,‰ˆXAÈtç–—äN|PÁ?Þ3}££qE!"Ž·Ø]E%žóÅç‰ãƒÝ½ÝþHL$bY£ÕYYUì2œ?Fc={ÚGˆ(§jU™?ˆƒ­­Ýa"K^cM–èm?†%…ˆÕ³½E•yÖ‹±’ç††&Fc’B©â
OQiÙ.µ€%D¹Ò,Ö`Iôälyœ-?ˆtù«&ß’Çâ;.›&g¯}ÊôH0HD3€‚|?6Åhþãq#3g²ßq{wGKW?&U.J<ãÈ<xpïò†½ÁLW[Žÿf´Ð£Ãèu:†ax~†[3,›??‡“É$Ã0²$µµµ[­-Käææêaphˆˆ8v–YÍhÍäi\¢ØP[ŸkMÁÕ*¢ƒ‡÷?^œ$Qöî©iœR¾œð·éˆO9O–Â?s'ç*V4œ?ÍÊÄ`Ó‰¾àdƒŠõ=­l¬-ÐÎQ’Z
‘R«*)r\ŒÅˆ„øðé£ýâäbKJ26tº=]¶®ÜÁÉ?ŽææñâÕ˜”D8|æÄ±sëÊ2—`ž€ë§JWxSWØÈè-œ-Ožð%{Ë¡^"âì…ºÂÕ¬Á’Ñø£¿âúòªDtíñ 0$¢ŒF£Ñ´@«1ËI%jvÙ[Ž„KìvR¤¾þ@ÃÊ:S†!<>b4˜I&Zjs‹r[41©×ëY–íêîR%?76®™vN<·Ym¹¹¹Ñh4
>|X[¹¨¯¯oýúõDdw8NutÙ,f›Ý9›ûÚòr3ûûFí<±£Ç˜]àÎ±Û2ÍF~ÆíŒ&Kãz‹·¨0ßi6ð©rd´¿íø¹Q9ÒÞ=’Síd‰HïhêHk)(©ófšV‰G‚¾þ“gâ®L=?ŸÎ7ÐÙÇl•+Šs?,‘8z¶£¹?¡(‘Ž3#yZS—3~îä8k)(«óZõDRÌßÑÒ7œ Ä@ï@¾Ãk""ÎjÑ)¬œ™“WZàÎ4
,CJrâ\ç©Öa)Öw¶Ï³Â»—â€ëvµíe…ì*yÂk~Š³dëË6‘4|*Öü”±þ.#ëÊ×’¢\ç³Óé¸Ü[&£1‹]Wë³Æ’Bj\Ï¨:‹yecãXßpVŽ?·¹ÝîÌß`–#gl$`qd-½oc.È²LD,Ëzr=ÁàÈÈH@QöâA–e–aY6#####Ãåríys?$‰ãããýýýùùù,ËÖÖÔŽŽŽÎ8ø03ƒgå*©ùèPP&EŒu÷iÇ9ÞbÏÌË÷äeÙÉ¤Àd–4®*×M‰¼g¶{«½#ûÎˆŠt”œ¢øÀÙžQæ²Ú5ç7+`®ÂÊõ¹¢$Ðd< ½cåšeŽTg×²šªÈ‘ÖM6uSçÏòšø®#~‘¾PÂkÒ‘.§âN—0µ³¬.ÃSQîšrÀEÔ«Ä"Jöæ,ÙÆåïÖ^
ÙÕ±ãO'{«ßyý?ß$TYUQIÊÌrËqzíõƒ›7ßÁÆ‰h,ÇÃwœì\é¸ZXº-\à™Ü© ´¬Ôår;?ÎdrúrZ<Ïóü…¼i47¿m³Óår»ÝƒCC’$‘Õf-È/0ÌeM+ÞRØ°aÕºº¯Ë¨Ÿl^–Â?ÀÉcÇwî?Ù¾0?ˆ×Í0f4™‰ˆ”DR$¢˜8FD$¸Ëó.é† L.™…ùŽ‹‚Œàpê‰ˆ”XäÊ°ŽÒi?[mÚ?ÀñèùÐÌ3t–3š?DD‘ø¬W$€[
3ón^ñS¯ÆÛ_Jö!"9ÔËgWL}—Ï®Ð&%û?ÄÛ_Ò<?}ã³‹ÆL—ŸAd2cÑ…=PUUUY’T-$°¤òKIWv¦ÊŠbB2ëLr,ÁÞÀ?#?…=hok_¿ÁÅ0ŒÅbñù‡eI‡Ã7n„O¸’$±,;u/žç‹‹‹ßzë-"õ¬Ý^VVFDn·;?Ñ¬æ?Çf—§Üå)'"YŒDÆÇB??¾ÑQ‘”øØÉ#ít[mÁ…uVUELF"‰É‰yQíï^e"!'""‡Årµr‹ù’ß©
wå*{f˜MÓgÎ_9-”+²?ŒF'kŒ’ÚQ¾Ò´B€Å¦¿?ˆœŽËN°ÐjFF‚W˜€t£¨ªÊ°Œ—Edôº¼‚‚ûïÛ&ª’?·H¢<x°eèàqyƒ`¹b%ÆMháâÁÄÄD(r8z½~ùòú–––d2ÙÒÒRUUe8¿Ë°—®vêv»m6[4Òâ?Ýañû®½+œ`¶:ÍV§Ç«FúZ÷wF%ÒÑ,(wÉáþÎÝ£‘ÙDAžKól³ÄHGkwßØÕæL¥24Ó÷”S÷>ãì…Òð)!»zòˆ4|Š³N[Ëè2?_#mÙ"§Ó~¹´Å‹úç;Hªzì•]†àxÝ;nŸˆ%32ìª,?ŒŽØŒn1CqÏêåUÉäÁ^½ýÁw³³]2çæ°pñ ///:"*((`fdd„ˆº:»<ž\»ÃAD¼0s***†‡‡µJ‚ ‚`4Þ?YõŒ¹ ¨d µ3FJ8'b‡O<VˆŒŽœ¯ÓaÖ§:ìÞÙ6:ýjåºÆÎ®—:ÞÑÔÙ“ âŒy%¹yŽÌóë©ÆúŽµwN¤³k°¨1,]mVŒ®pu¬ù©Øñ§µ)FÒð)9<l¬`V?_“X,Ö×7àt:®°/²Ñht:?‘`,›Çí“‰8…LQ¥fÕšD[Ï?<fÉusªÚÔÔtÿ>]ÖŒƒÏ¿\½þöÜšêY4v“Y¸x088¨1SZZJDùùù¾sÃÃ~1ÔÛ×+Ër¦Íætº
½…zýôGA¢‚‚‡ÃÁ0L4›ÝÂE³ÆK‰á?°BDÆÜ•õ…S÷QN^´I³Ñ˜A4A#§í†öbÆü}"¢ÜÊºê¬©1=’ˆ¦«Op3`Y’¯ÔÄ8+Œõ${':ßÐŒõ0,/µ¹µWiüšknÑ~h>Þrå3cÑØ|oŸÌòlÕ¶;i4¶÷õãîåeŒ¤ª’RXX¨ªj4?[¾û›ÿþïòç_\bC†}ÃŠJÃ>_NNŽÙl&¢U«Nž<¹ï­}Ú¤z pº³3/?oÆËÏk+Ÿj/ñøŒ§]j¬ëx?¾¨zÚnbçI¡¡>­ÌØ–¡›¬0N(bÀ™òÒèÊÖwL$Hô÷ù¼¶¬‹×îRjU›SÄëßo,x“?à
žè²;£‰ÃíñŽ¦åïælyÓÖ)‡Zâ?»T9y¥ùEÌµ<^ŽŒGF‚ç˜í%ó7ÅH&•3ðä“ŒÀªñDñ£Zm6•T1‘dxþ§Ï<çÊ.°ð†Y4v“Y¸x°¼n¹6§³««~ùrí`eeeEEE__ŸßïW•ˆ.: "Žãê—×©™™©Í’3í³û× ?ôõÇ†•öánc®×íq:¬Ï3¤ÊR"6êë?yfLÛ½ ²ÀJDfÑ8Qpx šåM•«‘¾Sí¡‹Z5{
òz;Dj?Á³U•©-ŠÕäøÐÉÖQWCõ¼oåGDFs&GI)±8SáG9Ùê¿ÒFˆ¬@tÙõä±ACùmËdm?¢Éz!·V•“òh?]!\Ó–ÉN§ãžíw_Ã…ó„UIaHGc6ûHUHeÆÆÇbñ(ÏñFŽ“e•]‚«Ñ‚Æƒ¤(jeÇ²,555åææz<måÂÂÂÂÂBEQÂá°ªÎ0¡ßçóÉ²Ä0ŒE‘•Ùý…°9yÆá¾˜"Ç†º{‡º{g:Gï]Q‘£#"rdõ?*±Ž‡{2­Y&y4'Ù‚üÌ¾þ)µ¼³¼nlü˜?¬$úNëcY£ž“¢¶ƒqÔó˜g¸ÏfÈ-Íjê—Ä¡ÎÝ?>‡Û"DÇã¢lqè}ãóß¸yqÉ3£h(ß2õ¥¾h=]þª+eîÚ÷K¾ÔäøÀÂ,U4•öÔª×ëEYá9^Ud1):Îx<n4úúÎqœ ªq•f÷Xúû¦–òž9s&;;»¤¤$//•MY–eFÛÜ`š¶¶6I’<ÇqÚ£ø,7Ìcô®²å[
'ÎôžŒ„“M»a½#/¯<ßmžü—lð¬Y«×–JŒŽö?qFo}E9ÓÛ×QÃ¼­díZGOWwç°¨(J,¦+sK‹ÊsŒtIó<`ËV¬5vžè?ˆ‰À`‚ˆŒYöÑæÀÜnb¬þrñà’3ç²2{Ã¶d¾µÿ?Ñd4?##Á-oÛ8¯µÈ3ÒëŠ(åäØUŽIHI?ç?.‹dgåvžVdé’7—æÑG]˜;íyó?KWúQÅ`0Z¬–¼¼|›Í?F†™öwßÒÒ‰¨¦¦ÆétQoo¯^'dçäÎ¹ªz!~°<Ï]þ¯T‘%Y!byájÿ%&Û¼rƒóHUDI!"Nà—Z|€y#ÇIž¾GíuátÄÝÈ¹ø§»:::‰¨  ¯~ùë¡o<E%öÕ»û‡ƒ¦Hè¹_?ˆú‡voN"!vŸí?t°#8:ü¥/}‰]raáFˆagøøXV”Ä`08(ªÊ³¦qÍÔ÷C¡Ðèè(Ë²&£QËªªööôV”—]S^˜Ý˜Ëñ³ÌÊ³os¾0¬  ÀÜpRä«®p:[wc³•/+-È÷,ü ?†!Ú²ùÎ~ýëÌœ,%.s‚‰G¬Š”HÄ’˜©çþÔ'TY¥W¿¹™-\<œ©¬`ºÉo÷“ÉäàààÁˆa8Ž{ûÛß~¾?¡Á¡Á‚ü…¨þXÊx#‰‘·H›#†øyyˆOW6 bˆT’¥Æµk_ëðš˜Ž7%‚Q ÞÌ¢ÖlNï×…Tn?Ö¬\8Ü®,EUbTšºüç…´·’Éäøø¸¢(m­mñDÜíÎâ8nùòå6›MgÎœq¹\éû·°T0,&£×—L×¼ÚbÅ©ÏŸôËzû3¯ìÜrÇJVaûN?u8²ŸÙ±?çˆ7˜Ø%W—¼ ñ ¿ ?aX•ˆTbRUÒŠ9.ä•ˆ(C1Ù9Ù*‘Àñ…“ûMôõõegg‘É„xpÝŽ3I±kœeÄpÄ—\6Ð0ÄÐª5+ºžÞ)ìï_+`Y–3dðÖH8 È*Ëž¢]B.47ŸS0µX¬7nÔét“Ù`ïÞ½çÎ?ÓÑ74dX3ç­³·†%Á|-•Ê7ºy1R“,£(¼ êõ’Áª7èIg¶˜õjr‚ç8æú§e->Xš<ãŽ—Ø´i“Õje†çyfJÛµkW pa½NõL’€ó8±:R³Zð”ˆÕ/ÑAƒ‹ð¼A`™”p|âÞíw½úêk™V§,©,³äFÎ[ÈÉEW*effòüE½J$ÍÍÍƒ!??ò`†y6¸•0,qFâŒ¤ˆ¤J¤(¤*çëFbXbYbøkÛù&%p¬¬Æ?Q•üÂ¼Ò²2_0¦ãI–%•T†!Biò5Såª§I’Äó¼,ËáðD,ðûý—Æ³dò†.Ó“X?H ¹ì‡¶T)
éõ‚(ICƒ®¬¬4ÚÖ=1¾;à¦ËÂÅƒ­[·ÎþdŽã23m™™¶\ÏÜ÷>¸´ï¨yžUI!Rs=ÙŽ´²,§-ª¹$-ýc×FUUžgYŽå8VUd“Qo6T†Ün÷R›TtÞ–&ÜTX–q:í¢D=g,Ë(²b4ÙnoEYáÒ«:Ð0?>úhºû‹&@
â¤ @
â¤ @
â¤ @
â¤ @
â¤ @
?8Jw`Qà=Ùöt÷`¡‡ÜN[º{°è`r¤ @
â¤ @
â¤ @
â¤ @
â¤ @
â¤ @
â¤ @
â¤ @
â¤ @
â¤ @
â¤,®x‰Æý?Pº{p‹âÓÝ"" ÔÒÞ½yCCk{×ÙžA"2›?E…žšª’twà’þxÐÚÞÝÚÞUSUª½t»µU%>¨µ½‹ˆ?LšãÁÎ7›üþàæ?«Ý.»vÄl2¸]v·Ë^äõìzóp$kl¨™EK¾#O5?7Ü¹É«›z4Þ{èùÃº?ÔgÍâòÎÉW¼?UP¼¢Ö›)Ìå—ñ5?±‡6M»WôÌŽ—†¼ÛÖ•™æÒÔ,ÍkãpëIg<ˆDãÓ²ÁTf“¡±¡fç‡³\ö"¯g6úZÚ}yõY“¿“<Õ:ªÐÕ¢ÁyeëïZ•E¤Hb$Ðv¸õ•×F7½½>kNàf–ÎÒäÖö.³Ù8c6Ðhc­'»gÙ @¡#?c“/#Ý'»íé^Q’IQ¹p¦"&EI™©"–,9õ›VV?ïÈÙpê ªˆáàÐPp|êURxdèœo,¦¨S¯Wâc?!ÿXü¢ƒ¤D‚Cþ±øÅ÷Tc¾¡ÀhbêQE‰^|P•Ä¤Dªø"
‘šõŸK³üXf)m£‘hülÏàU'{=Z±òlxkK#ÍÝý¥+ó"Éwê$ÕUÚ?4:µog¢ò?Õ9,Iç¾pÒ¸~S½óòm1Žâbý©¡@|™Å9³cGwÜîÈÍ?†ŽÛ6¬Ë×‰¾æ÷G²¼V.ÚñF,oëÛJ­DD‘¶}{dÁ¦ú†”¼-Ûª?DDRÏ‘=?œ%Sìé+6¬«s°¤Fz:8¢Ë÷£‡ŽÊÞú­õY‚â;òâ‰~“5×Á‡Ë¶W;ÈßúôžˆÓ?Ù•k²èÜ®?¡LW¾ÐqHÔËsøÈ®"Íµn·cÚ t°©uòe$×^a?ácA}yÏ®SÁüZÇxgG¿·ú>Kß""ry2^íé©Ë)ÖS| §×ìÙv…l@DDœÀ“B2™½›ï)fY"¢¸ãÀ³Ýñü_·Ï\³nm©™ˆÖ\(HÚ+6Õ;‰¤?ýÏ¶õª?f"JPÎºmef"m{ã•¶¾eë½º¡Žƒ#ö;¶Öç
Dµû_hk+Èªwd­xÇæUÚ?òÛžÞ3è«vd%­wnÉæ‰’½û:Cyu÷4äDâÀÑg±9|ÜW”þ•‹¦Êº$˜M³×c2gÙ‚µ´8ë…“?ùÞ@‡yÕ;êK½a)ªÈê9Õ.^¦êÏZ¶Òzµ¦â±$±ÄQl´§·/#¢¨H
ÉÄ;s¬?7½9ž•ëÎÊõ8ÌŒv‘=WK¼ #¢Tl0{=fí§L—?NŽŽ“—ü%§.W›ú$dºlbO(B³<áëîŒKDR„dÃù¾ØóSã?å¯ÍI]gÏ´âÜ0iŽÑhÌlš|¦"¯g–UÈ—%äÕÕö¼¸»-£zíÚ‹ªŠuÞWÓÑ¾‘lþÔXÞš;t—o‚ˆˆÔ@?h-wˆÄþ£/6³?kÊô$Ÿkíì&"2Ýöù±ÑP0ÐÛöâ‰Ì?wÕ^¾Z'ËT"Ž#"Ž()+ç‹?d…ˆaiôä‹¯‹7­¬Ëàh¢Û×“˜l‚KÅ–ã)))‹mÍ+S IDAT?;XÒö”i6Ìf£Ï•=’[Û»w¾Ù4·–KjŠÊÖ[¦g=euú?½{©¼ÀÉÌpa2™“I1™ŒŒ4ïj>Åf­*²‘œ”³Õ™¡tlÈŸ*}ŽŒEÎ˜éÎ+[^ì‰EÆÅ+ô(qºûœ¨©±3Ý>6Ïå"rz²ƒý§Ã
‰#=gFÍÞ#‰R’3»ìFA§Kƒã34åÈ/ú»ÎŒ«D$?tŒÌé£¸¢tŽ¤Ö-uÛ/WWà„ZÛ»6o\=·v[q½m¦7,ÞeÖæ&ª+œž4½w÷«7f×l¯ÊÑ¦
J«zš_|aÀÈó%y6
QlüìÉý½1?A?ã¢¡²~?‘(<c«Ddöš‡_y¡5))²µ`³Ví¨Þ²²i×ë;N0¬BBñmkÊLDÆâÆÜ¦½Ïí2êy{?eÆâgemÅžæ—ž>Ëê?×–I‘¹}8—Ç<úè£i¼}k{÷ÙÞÁÆ†šK‚?ÚùÆášªÒ¸qòÈ‰]Ö/š+E!ö’ëf<x¹ëv¦.9ª*
±ìLã×t_˜ÁàpÈíœ1CÜÒÒ\{PSU‰Æv¾qØívÔV•h%È~ðLï?ßt»70P¢¯­›–m¸¦l@4óãøžÑgÈ3efÑ(²Ìƒ4?h´ÅL#‘‹ðy=Å^Ï¬3?=E%t‹k±&HŒÌhQ<+»]öíw¯×¶8ÐL]Îè†aµÕF¯ºººÕ«Wçååñü¢ø{˜W’$õ÷÷8xèøñéî¤,¢ÇÐy‰7?­[·®[·.Ý½X8<Ïåy</¾ôrº»”Î…Maªºº:d¸e­_ÇòåuéîâÁb±zõoXZnk\“î.!,
ªªæåå¥»é”ŸŸ¯ªjº{ˆ‹ƒZd¸Åñ<Otå?Ÿ`!à©4ÍT9€´ç""b„„tÂèAúá¿ŠÄHA<€ÄHA<€ÄHA<€ÄHA<€”E´kòÙžÁƒM­n·£±¡Æl2¤»;·œEÎöÑÁ¦Ö"¯Çlj-.Ì5›?n—=Ý]¸…¤?ì|³)?E"1"òB‘H,‰iG6o\=ë„à;òTsçä+ŽµzÊ7¬.0Ïfkîè™/uÚ×ßµ*k¶}VÄ¤ÌéÌÌ¸qü#cDÄ0³y€[ Çq‚Àéõ‚À§ÿÉy¤ÿ—ôûƒ›7®>ØÔªí Ûew»ìgzç4€P6ùˆŸžx«iG»õ¾jÛÕ/ÓeÕÝnÔÍâÄó"Ý{÷õ¬ÛRjžý5pen§m±Å"bH•d%K$1ÃlLwwæ]úã?fûÝë§9ØÔzíÍé%æö¾`¤Ê¢N`ibtXÉÈµéˆHIŒ‚¢ÎáÈÔ³DD¼ÑåÔ“pþZUâœÍe5²“ÿ8¥ðˆ?B.§…U’Q!YJˆI?xŒ!,e*1ÇY-¦DB?Ø¬KüâÅn¸x4If?1Ö³ó¥>r)¡Öè­Þn5ö8tpD—ïF•½õ[ë³
{¾Óºm]™‰(rf×®>Îã0KÝ{ƒÖ;ÞV›%H#-ûwv%ì—n¬5ä**òtÅHîly¥‡ìkÖy—~ˆ¸Å©*ét14‰-í1„%|]-G†ˆˆäh°ÇÇV¬Ëe©‡(AžuPf&"eðèÁû[ës¢Ú?ý/´µdÕ;&Ÿz«Ó°bóÚ<žˆJÚÞØ6¼-gèP[w÷–
3‘(*ÂŠÓ®}=‹jrQ<žˆÅâÚÏ&A®vÅ­¢à\oß UV”:ìs˜C0?^'Äã¢(IK¸a)þb¼9»(gÙ*G¦ž¥(ósSÏñ@É©ËÕžœ…L—MìEh2Äýã?;y$@DDQvÜ‹ûCã™Ùùçƒ€°Èæ©ªÚv²ó?ÿúxK‡¢(ÚAžçîX»êãyoA~Nº;xu¿ýÝËßý¯Ÿ]z<Ï“ýþ÷Þ{÷Û7ð<w=í8Ô¬µÿOÿ—?«—_OSp‹SU2›±xñàæ?UZ;ÓêC,w¾„€ãJÊÊùÝàd…ˆ™ò¸Ïñ:â]Ååe©u,Oƒ=KÄ‰ÑHÁy’$?ñÔÿóãßLƒÉã»÷:ÙÑýÏßúra~î<Ý=žHþÛüï‰ÖŽM?öáoxûƒÃÿø?vŸéûôÇ¾Î„p5Ÿ8ùOÿú#K†éËöIo¡'ÝÝ€…Æq¬(ÊéîÅ<ZRñàªœž,Ã›ý§Ã¹Vé93j.Ë1…Soë²½9'?õËês†(M82³sr?vu•9su¤ÆFÃ\¦ÕlÍ¤PpT,5*Qújë÷ì;¬eƒ‚üÜÏ~òý«WÖ‚ ŠâéÎžÿ~üWV‹%'Ë5?·WÕ`h¬¯h||âú³Y-ÿò_)+)Ô^†'"ßÿá¯žqçK¯½¹uËúŠòâknyû¶Mo»s­6çêúû™H$ûú‡lV‹(I×ßÀMêð‘žÜ,OnöÔ#ƒCÃ÷m{Zûµ@dñ`ÉpToYÙ´ëõ'V!¡ø¶5e=1ê
×¬{«ù™§[9½"“yYãêLwÁÚõ‘?{w?!q¬³rõf«.kY™kGÛÓOµ‘·î¡†ôLàÿêÉEñäfÿó7ÿ2'Û­¡ºªìÛßúJ8<¡ÓÝ¬–ó#xÿ‘c­ƒC¾“]×½Á ¿¡½¸Õ}ão¿384üüÓ?káð‘ŸøÌ—=¹Ù·H<PÓÝ?y•þxàv;|þÐäŽ“"Ñxqáì'Æd­zà®›Š·<pÑ“¥¹°a{!)ŠÂ²ç§IbròmÁU·qK?ª(ê…÷gåÖû*IQhò?¹xÓ}ÅYpg{ºÎôÑ½ïÜ4™&ñ<g·Û¦Nzÿ{ï-òæýÏ?Ÿh>qò3ø=ïº›ˆ:»{ðø¯›?·'E©´¤àÃx`Ým«X–ÑªNwõ<ýì«›Ž!žç–•=òþwÝÞ¸‚a˜þä7»Þ<à÷‰èµ]oin#¢ÉYFãá‰_üú¹—_}34:îrÚï}çæ‡ÞóN“Ñ0§_P§xž×æJÑò›]oÜ´¡ñwoüÁãOì?pôî·oøâ>BD?‘Ð/Ÿxþõ]o…FÇÍfScCÝ}èÁÉº‹K§©ªÚt´õ'?ªýTÕ×UþÑ‡þ º²lr•eEQ÷8òóÿ{öt×YEQós|à•å%ßþî?|? 6¸ñW?þ‹N'`–Üš~ðŸßúÄg¾rÏ»?úüÓ?ù´lð?¯ÿiºû7@úãAmUIK{÷¥Ç³\ö"ï|=uM>û?÷¶´u÷»Jê¦#0,{é”¡K“@ú²uvõ$“¢N'ÔT-»Òyç§5mýáO~??¬¾ðòîïþçO“¢äv9t:¾¯oèëóoûðƒ?tÃ0­í?öåoÅ©è$Irû©®¯ÿÍ¿þõW>wçú5ãã}ýç´·"‘h$%"m–Ñ™³ý_ÿÛëë²gZòs'&"?þÙSÇ[:ûÚç-s¨à:ç†F‰Èé´k?÷õ?ìè>p¨¹£óì…Ï¡»÷¯ýö°od²3;ß8p°éÄ×¿ü™ÛW\:H’äŸþòéŸýß³,Ëd¹]Z~øâ—¾õ¥?û„6I’äÿ~üWO>ýòdEÇÙÞ?o÷ñOüá?AßØx˜ˆEö´9Q˜e· OnödBÐ^~ãëºzU]ºû7@úã?Ûeß¼¡!]w×Ù\ÞÚ‚.ÛÜ¾Ù^"Ñ³yVSê_}}ïŠå•_ûÒ§‹
ó22L}çþ÷O+ªúØW?¿áŽÕÃøÁ/ÿõ·ùÄs«WÖV”{ó¶¿cómkêWÕW‚?LŠÿþß?æù/¼¼û¶ÕË¿ø…?|æ?ú÷ßÛðØýÛ·hßâQ2)þô—¿ëëºÿž-Ÿûät:A’äÿúŸ_>ù»—Ÿ{áõ‡º÷rÝSI‡'B¡1m4 ídçO~þôÄD´ ?§ª¢tò´CM'JŠþî¯ÿ¤ºªÌl2Æã‰ÿùñÃ¾‘â¢üo|õóE…yccáÿ÷íì;pô‡?~bY‰×uÉ®Û-m¿~òK†ùþîÏµ–Owžýò_ûñŸ>YSµ,;ËyèÈ‰ß=÷½÷=ïüð0Ã¾‘ß¿´kë–u=°íàáãñÕœV)pòäfâcão¿CDŸøØÃÈKFúãAzl9óµ²Ï<›ë|úò²¢Ç¾ö…L›U{yèðñaßÈÚÆ?«—k“jÜ.Ç?ë×üèŸlië¨(/6›M_øô'/×é„Ûo[ùÌó;‡|±Xürwïíj:Új³ZîÛ¾E«|àynËæu/¼¼»ùÄ©îÛz¹ÇÇ'þä/¿9í Íjù“Ï~8;Ë9yÄå´?öÕÏ¤†•ÚNv?q’eÙ?zäŠ
óˆÈf³üÑ‡lmïììîmi?½iCãÔUUÝùÆ?x"¹mëÆÊòí`IqAÃÊšW_ßw¶wÀåÌÜ¹{2)ÖÕT|àïÓ&Deg9?úÈ{æôi,y‡?œøÆß~G«=øÆß~gõªº©•ÊpóºÕãÁÍK¯ˆ(?k{®ªª¢t2QOï ?híøØg¿6ypb"2ù¡=o5?ìè>ÙÑ-Ir,¿ê]‚ÁÑ±ñ0Ïs_ÿ›ã¸Ôä«dRŒ'’WÎ,Ëº]ŽÉDQY^RSU¶iãmÓæ#••z³ÜÒÂÄD$‹Û¬–ÜÜ+Ú:í6›Í26ÖvC›*‘HžÑî76m½ÐíÐ˜¢(ýýCõµcãDTR”oµdÌd²ù_ÿSOnÖdÂ€xp³*òæëtB2)mn[^[1YV;'n—cõÊši++JˆèÀáãý7ÿO$í™ÖªÊ2OŽûÜp`O i6ÍúU+ªzÝÔƒVk†îâ#SY2Ìß|ì‹7vºÎä6Ò—*ÈÏ-/+šv°È›ï°„iã“õ“uGöÿ>Ý]ƒë…xp³*+õÖV/;r¬í¹vÞ±vÕ²‹vã‰¤Ï˜œ„s)³ÙHD9Ù®?ä¡K¿ÑEñ…—wÇÉ·o^÷•?ÿ¤¶+Ù®7îykJ<`­Â;žHÈ²Ìqéõ:?NàXîÝ÷ÝµSóµÛÅâñpøÂÞ‘h,O‘·0oÚùÇj¿lIqÁç>õ?K3•(ŠÚ}C‘hÌl2^ÒÇ²¬(ŠÉ¤8o¿Àb§LŽh•ÊƒC¾4wn„t®½×Ãl2¾ïÁ{z]`$ôg_ù‡'Ÿ~90’$9Û±ë­?ökÿóãß\áö¶5õ½îÈ±Ö7÷VÕÔê½ñDrÏ[MZÑó4ñxbç¦1èu9Ù.":Ñzzèœ_;XT˜WZ\86þíï^ž\õHQÔ­—Nõ¹~Úí’Iñ‰§^Òº-IòÓÏ¾êó?¸œöêÊÒiç‚°vM=Ë²;wh>qròxx"òÆžC²,‚°þöU,Ë;~òÅ—ßPUkóÀáãZû‡Íf³DcñCM'´wnA—Vxr³Q?¼4`ôà&ÖØP÷…Ï<òÝÿüéØxø{ßÿÙ÷¾ÿ³©ïªª?N­7˜ª®¦ü]÷ÝõÄo_ü»ø¯ïÿèWFƒ?HõûƒŠªþãßýÅÊúêµkêßØsèõÝûÇÆÃÞOk{ç¹aÿ´Fî\¿æ…—vè_r:ìåeÞ¯}ù³}ä=ßøæ¿¿ðòîÝ{9ì6­B 4:þ¾·ê?Þwm“ .Çf³<òþw=ö÷ßÛ·ÿÈƒøc‡Ý‹Ç?Ë²¿÷Þ‚üÊÎ7o¼mÿÁc»Þ<ø§_ú–Ví ËŠÏÈ´Y‹¼y…žukW­m\±oÿ‘ï}ÿgÿ÷äóFƒ!EQûXòr³W.¯z}÷þÇúäÓÏ¾Bóõ/}¦á’Z7)ŒÜÄ†Ù¾mÓÿó›w®_£ÍÿÑ˜Í¦÷=¸ý{ÿüõK·K›ÄqÜ'?ú¾Ç¾úùì,W êëêë?§ÓëÞÿÞ{+ÊKˆè®·ÝñùOÐh4j:ñäï^6™ŒŸøè{§5R_WùÇŸý?Ùl’$yØ8Û;8Ž4®^þßßý›†•5±X¼¯¨¯(<¹sýš{¶m¾±Ù@³î¶•ßþ_)/+ŠD¢}ýC?@(;ËõØW?ÿî{ïšñvƒþ«ùé?þì‡22LÃ¾@_ÿÐàÐ°ÓaÿÈß£}\f“ñÑ¿úÜÞwŸA¯Ó>™D"±eÓíZØÐé„Ï}ê+k‰(4:
?uu÷Þð_
 ]˜G}4Ý}¸¥i{{ì±ëlGQÔpxBQ?^wéŒù+‹DcÉD’ã9K†yÚ#µ$É‘Ë²—¾5íÖ*©fóÔ”"ŠâÄD”a™iÇçI<žˆÅâ—þ—Û©@UÕðDD–äË}b—û½¦Þî>m¸œ¿úê×µ/@ÓÝ‘«ð?Œ¹?¶t÷b¾`rÑÁ²ŒÍf¹¶kÍ&ãåžqyž»Üô¤«ÞZ»}áþçúKk¬C¡±_yƒˆì™VÇÅ?aæÊK—^ù#?ñv7;ÄX²þå»?~æ÷;´Mî»g‹=ó*9`É²Z3Š‹ò—×VÜóŽÍËJ½‹¤ í`ÉúØ‡üØ‡Lw/n&X¹R ñR e±”&G¢ñÖö. DDE…žšª’t÷à–³(âA$ÿýKoN¾<Û;˜å¶»]öklNJŠ*/˜›EüþàÔ—‘H¬¥½{ó††¹¶nÛ{x`$ADD¼¾°¦¾¡Ô&øšŸØC›¨Ï"ò{u×hÙöMÅæ¹4«ˆI™Ó!nÀ’·(âA$ŸvÄl2Ìµ‘xï¡çGò×nÎ³°¤ÄÇ‡ÚZ‡ÆKlÎ)çd•7lˆè?sì]÷Þ}=ë¶”Î)SÜ|ÅWâYîéóˆÌ¦9>ÃSðÔ‰ÑŒê•kó-,CÄ°[Þªu•Îiûäê2\vãäï¬$Æ|CÁqII½–’¢¤?šõŸó?%µS”dBTH–b2)*°„-ŠÑ·Ë^SUÚÚÞ•zévÌ¹49:Hè½Û•ÏòµìÞEõ­È"’|Íûö-^9~T^¶vS‰Ù×²{×¨57!YÂHï¹´á¾Z¥uW[gŒäÎ–WzÈ^±f?w®¹à¦±(âÕT•y=~Ðl6^KQ²$ŠÄ³þm”Áoøs¶n)·2DÕû^èè/\©#¢ˆ¥ú?ÕN†”¬£OôÕÖÖmm0îÚ×SÐ€ÉE°ä-Šx ÕhÊ‘HLO˜[¼ ?$J³==à(ªÔy¼…ˆˆÄ‹'IGDy.m>+°$ËsýEnjé?þ@hç‡§4›?sÛýÀdsé;{Çª¬W™_¤á8?2sª«²9íuË˜[Ç–š4—&Ï˜´1„Öö®³=ƒ³nÉQ½&+Ùvt_W0®©Rd¬çÐÎ¶•Èœ‘Iá‘ñ‹Îvz²ƒƒ=^Ðé?OND’ÌåZ6[3)‰H?ã¯pSIóèÁ™+€Ö“ÝE^Ï,›²ê·ÞÑ¶÷pÓ³ÍDç÷=°2DæœJOßþ×^=QR¿iòlGõ–•GßÜ¹ãÇR‚2
ÊÖe^vØ!kY™kGÛÓOµ‘·î¡†œÙÿv7—4Ç t…w#‘X$Ÿý†ìê-Û«I•D•Ÿ²‹™¹pí¦BE!–%ºë¡GWn+$’$âS‚uÅ…w)«þ¡&O-Þt_1¥ZX²ÒŠ
=¾+&„kØ?^¸t¦ÐåžìùYÈ°Ô¥9ÔT•Ô¤·p¾€ÄHIÿ¾@D‡›»ÓÝÄƒÅauý¬7€X¢žz"Ý=L.€I=€Å"’ ?v,JŠ2·Y–l&Êw)fý|õí?x‹B$A­½lž“
\sÞqJQ(8A­½lM!ÂuÁä"X¬ÇA.ëµìFË²ä²’ÇAý<ß^||°(ŒÅÈ‘q¹7YŒøÎ…Ç¤+Í:rdÐXt~:wËÀä"Xårã±Óo?¼îcFŽÜîØê5ÍxËÎ¹h¦A<€EÎè©ËüdF??øÑÙè^“9Ý}Zª0¹;s†6ëHI$ÉœÁÒÝŸ%ñn²?°£?½³ÒÊ¥»'KâÜä ïÙÝbÉ?ÎJ3ž`ç>\Xô"?—_=wºosëÒÝ•%¥É°Ø?ŽŸ”ˆvøö±ï¼ßSiLwŸ–¨Å"ÑøÙžA_ ?ÆˆÈí²×T•šM(;Ê]‘ÿÅéîÄ­aQÄƒÖöîÖö®©G"‘˜?**ôÔT•¤¯_°p´]¸ë¨;¾üÎ0[é?Ó²A‘×s¶gPK­í]f“¡Èë¹Z¾#O5w^zØQ¶½zü÷{"«¶­+›yëX,lF
N?Ûví-'È†§¾ë“æxà„¦f·ÛÑØP£ÅMëÉn·ÛqµYFY«¸kùŽ½zÂ²nKéù?2ÔØ–Û#†%ZÁ?&†cáH2™L.ð­¿é¤%²?o
‹œ7£tµcýûK>Skk¸†Ëó\Jk/Ë0äÈ˜ó €¢Pp‚ƒTS¸d¶MVEÕ1v×4Çƒ3S’ÀŒ"‘ØÙžÁë˜b$X?™ODŠ’TH`“ãÁ?lÌ¶›YF‰?C²>Ûna'?p)<âOpG¦~±?K…#‰³=Ã‚Žwdš22œ|÷–³û;î—ø¦°È=7ðË—~û§‡Þÿ÷+ÿ»Ñyç\/7ë©¦Páƒ¤Ìñ!ŸeÉf¢šBÅ¬Ÿëm#UUeYV‰X†a†˜Š²,§ôàªçø¡šk¿AëÓ{hÓõY8öüÉPKz3ù{-y†€?±?/°×RöŽ?Åf¢H÷?WN³ù9Fùdóˆ£nk}–pÍ÷?gÑXâLï0¯ãr²íéî@Ê½yß›÷ð§ößÿÕcŸüÎê_\Ã‚YOyKæëÿk¤ªŠ,+DŒÀ±§¥ƒŠ‰dº÷=ˆDbS_jËÕT•ÎÏÝÆ¢µ[Ö¬Ü²©Äˆä­;ÿ³o(Fîxó„nÍÛÖ¬©¯]»iuápGwx~zq#ûÇtïÉv¤»#Ó}í3å–š_tÿgº;rSRUU–†au:N8–e,hÒÜî‹p#‘Øï_ÞSäõlß¶aòà?[ÞÔè´óDDË‘Ùuág™TŠûCã|r¨­åHsË‘ã}£Lìâä²¸„#ñ3V}€Ej[Þ{?ìIw/nFª,ËDŒ °\šÖ`Jóä¢,—ÝïN=‰Äv½yØí²O=çÝ?å.½8ž%½¥¤ªÄª½®*çíÔ"¢dRÊÈÀ^ °HÝ›÷ðŸ~$Ý½¸ù(Šª\Ú²AúGf\´T+GÖ~6›?³XØô²sr#çzB$èt‚Ž—'&ñà,Aªª²Ãqé|DOóè?Ùdhl¨9ØÔz¹®½,ynôk×GÞØ¿û™T…ìyw¬u˜—èŠ¨°iñ`ak¦Kÿ¶hÚà@ëÉîieÊf³±±¡Æ=Ç™EY+îÚrÑëú‡Hý´ê?¬ÔASñ–Š/ýYpVnÙ^IŠ¤0<›Ö¿¸%1Ä¤9¤?hÁívøýA_ ‰ÆµbƒëØëàú°übßò`~,Šx Í22{=Sf3Z,ñ–6UU‰¤¬(DdÐë8ŽSU5‹k[„ëúÉò|Q”’¢¨?3y¡ ðŠ¢&EQ;Gà9?N7y²NXŽMÄêùÛM¶©ªª(Š‚ hƒtÉd’ã8­eYQ$IÒëtÚ]’I‘ø©Ý`Y†ˆâ‰¤v„cY½^—æÉ€óñ‚$ÉÏ>ÿêÀà9½^žˆlÝ²aÙ²âŸÿò©D2Éó|<¿ÿÞ»‹‹ÞÚß´÷­¦ŒS<¿kË†ºÚJíÂ5«ëG‚¡]»÷›LF"ª­)¿cÝš·ö7½¹÷ Õj™˜ˆÞ¾¶¡«ël$Œ„ìv«Õb¹ïž»œŽLI’÷ì+¥¥ÞU+j†y}×[å%ÅEDtèpsk[Ç>tŸÉd”$ù™ç^©¬([^WIDñxâÉ§_¸ãöÕDô«ß<k³Z‰¨È›¿õíxÿe`)Ã³,œwÝwwqQÁ°/°ãõ=……yF£á?w½#Ëíììê9ÑzRøŽÓg>ý‰X-ç†ýÏýþµ¼¼\«%còòMw®]½j¹ösÿÀ¹ŽÓg>û©Y-’$)ŠºñŽ5‘hìÉ§~ÿŽ»7g¹?SïûÊko8ì™Z*ÐD£±ÁÁáÜœaòTi IDAT¬Î®-ÑþƒGŠ‹ò-–ŒÎ®³'Ouiñ`e}í¶­w.Ô'?fˆ°p‰D$ö›L&žçE?ÇccáS].‡ÝñäfkyÀé°Û¬–ññðÔxÐÖ~zttœˆV,¯>7ìËÍÍ²d˜‰èÊßèëõºíÛ¶ì?xÔå¼°Ewoÿ Ã‘YWSñÆÞƒ%,ÃêõºÂ‚¼–¶Žúºªî³}ÕUË´3{zû_{}••yóçóãH?ÄX8/¾¼ËbÉ(.*Ø´q-Ïó¢(kn?ÆâFƒþ¶Æ•Ç[ÚURUUeFUUEU§]îv;µ£Ñ0§ûæä¸uzáå×vkU‰dòXs[‘7$8OôôhÍÖT—79±{tIQAÿÀ9íZ›Í¢½k³YnÜ'°HaOX8ïºïî?}ä}[6ß‘™iÕ¾×_{ÛªwÝ»5‹÷öæ{rÎiã~ÿH$u:íªª¨ªª×ëˆÈír”–xKK¼f³)ß“{æLßðp€ˆ&&"cãá+ßzYYq¦Ízèp3?;çŸ˜ˆLLDzû2mÖ¶öÓ’$iý©­©ðB%Å…“fÚlÚMí™¶ùÿ„Ò£·œ—^Ùù?ÿô+êkþò/>›“?5‹+æ—Á _ÓP¨©ù]÷n½mÍŠýä×C‚ ÜwÏ]ñxâ§?ÿm^^ŽÓiÞµ{ÿÁCÍZiò†;7Ü±æñÛ±±q›Ízßö·Û¬WúvŸcÙëC£c²,?Ñ¾qýmåËŠµ‘„ç~ÿš?ÔN++õ–•z§^x´¹¥ûL/J“&ì~ºï§ï.xä6ÊóÒLQTQY–^’dUUyžc&‘†t:áÚd}ôÑyè*Ì–ªªDôØc?ÍéªÃÍÝe%¹s½×K¯ì$¢ü§ÿØ¶uó±ÿÏÞ}ÆÇUŸùN›Þ4#?z—-Û²-wbl ^³$¹Ù$„lê†d78&esI6¹›,¤-!ô„ Ícî¶poêmŠf¤ésæ”ûâYÈ²-É¶F#ý¾¼9sæ”Gc‰ÏùÍ¿ÕÎËËY½zE^®{VmÍp/µàMë‰¥áž™îWÇøÕ±ˆhaöò'–¼qž#'¿À÷iá»ÿþ="ûÓˆûºzr\—¥[?$É,ËèuCý:2žHvzºLFC®ÛÙÑéÅT^®‹øÖVÏó…9Ã- )Jø*t¢øú77tvú:=^":Pw¸Óãíôxµ=?ÿÙÆ$˜h65?¦e"*4•¥» )%ƒ!EQrÉèÅb—ËÎq\°;¬Ó…4ìx€±È?ºÃ}½‰´?@D³jk®]}Õk¯½?îê`¬ÛéßzßþÏjÛ³—ÿdö#é®>BUTEQhàÜ.Ã†Öƒ‰åé'°çÁŸ>”¦Z cìôo½sûJm»ÐTvþnE0šTRS))‘%I–e%)ŠÄ0’,ëh$àŒ¶XãÙ½†Úb?}Ù€ˆÐn0†0Œª’¯«;•’‚=a)%56wò
E,fãÈ.‰xDDwn_¹Ó¿µÐTöÖªS};Ûb?wl¿ºïåKÞÀ„Ec‡Nàs²¡p”a˜l§]%b†ÊÉÎrfÙFvMÄU²,G¢1‹Ù¤­PÖ'‘H¦R’Åbû“Œom±Æûö¶¯‰à¾ýŸm‹5jÛÈcÏsÎ,{–ÃÖSUUãñ„  sŒm]?îG{ö¹ç_EQ§ÓÝûÅ»>yë,Ë9zò—ÿQ[°¬¸¨`ã÷¾ªM£ôË‡ýãÏiçêtº¥KæîîOVO®H÷Ï0nÝ\¼~§«6CQ¡©ôÞêûµöíÝ{§Ü?l0Öˆ)Éãé’d9?7Ûj5±,KD²¬´wøž·ZL#¸&f.‚QGòóÝ[þñäÞ÷ÿþÇßÿì¯{ùè±SÃ´µ{îøÔÍ»·¿¸{û‹wÞ~óïy&Žj§üó?·ìÛ±y÷ö7?ÿ‡)Õ•_þÚý»vH÷Ï0n­+¹ëÞ)÷kÛ›š¿êõª¾l°0{ù½Õ÷§µ:„”’º‚=M-?§Z=¾@J’´Öƒp8‰ÅGvM´À()+-*+-Ò¶KK
'Oªèôø¦×T¯¾ziß1³gÕüã•·BáˆÕjîÛÉqœË•õ™»neYöÙ¿nž>½Úd4ªªêï
¶µu”——ô­—œJI'O5È²\YYj2öÇé…O?nÌËuçç¹Y=—Îg]ñú]þ­;ý[û:e4H#ŽãlV3Ã0--žx<™—ëq·"MšãAcSû?ÉÉqšM†Q)g<›U[SWw¸oÅƒ>?ïêÕ+F¹˜®@°½ÃSZR8`ÿ©ÓMN§#k°‘4Ã\±hÎë[¶ù|?¢Â¼Gþøì?N?RõË‡þ¸î¦k×\÷±®®àlü¯¢Â<ƒA¿ïÁCløFyYÑSzáÑÇŸýØòÅ-msgOÿ?Ÿù”Öèƒ*4•ýdö#W½^Õ²ÁXÆ2ŒËiÏu;Û;|oW,žÈÍqÊŠ2â¦3ìÚ{x(ñ€ˆÖ\»ôBÁ»oSÝ©þ;œUkV”›Ï}ÂD³þÎ[âYú`àþÚ™5×®¾j4+‰Åã¿{ä™Å‹æT”—ôßº¾é?Oüåk÷~¶ï‹ÿô:ÏsŠ¢ìÜ}àÄÉúŸüðÛ‹Ùãñ=øóß.\0ûÐáã.§ã›_ý¼Á W•aèÔéÆW^}û÷ÿßªÊRUUcñ²ÀiA[­ÐTöä’-é®.€ãX»Í¢?/àõbíápÔhÉ’ÉiŽ}ÙÀl6F£çëåóÌ¥¼`Õ•«æ¸/]}ãË¬ÚšYµÓ]%“âïy†ˆÖßñOý'/jk÷üøÁ‡>uëÚùójÏun4‹'’,Ë¨;ÒÕ|ò™ç‰H’äP(‰D+ÊKêšðŸ¿\8Öüyµy¹9'N6””äj?fÓgÿ˜hÖ•ÜÕoÒú?½ŒÃp<§}j4ê‹
ÜF£¾½Ã'É
ÿÑY"‡.ýcÊJÌ­iljßµ÷°Ö•¨ÿ»±XüüÉá|T)•R8A×Ûá\‘RqO’(s:?¢]ž8çt:ôý¾Q–Â]¾ä™?ª”J‘ c=? (deÛö]W’=þ@œ³d»¬~†ª’‚²>7ËŠ.îƒ’eùÑÇŸõx|÷}ó‹ý›üþÀ?þïkV-_sÝÇÎ5±©ªª;w(-)ÌÉqêõºêêÊÛn¹A;øÎO¯ÓfJ}ü‘_4·´í;pèË_½ÿ»ß¾G¯×…BaI’GñG'09#èt‚;Ç©×Š¢Ë².§]¯ì6‹ÍjÙ5ÓÌ­ykÛÞX,®eƒò’üþïzýÁ¡ÇQSâ‡/X^à)xä½wB¥×--7KÞ}[ê‚“¯¬LžÚþÞqÖÆ‰¬ËžjÝ5Oš{õ4'K­ßùÚI¶(Ï(«ërÎX]ë|‡Ÿ7êÎ“dÁ®x;”Â•×Ns1=½óåSližQ>yø-sÍº¹ylÊ»ïÍƒ~gn6ß÷¾R½ba:6}”,ËOýé…÷Þßû½ï~EU©»;ÄqœÅb
v÷üøÁ‡ÊËŠW®X¬ÍYd0è½ÖÔÐÝÒVExqó–¿lÚü£ïÓd4.˜Wûãòw&U•Ë²ÜØÔj4ü]Ažç++JËJ‹NŸnêìôÕÎœÚ
pèèâEs‰¤¿+P\tá6(€Ììõ„"}/UUUTuÄ3²¤?ìÚ{xÁÜšX,¾kïaŸ/àóF|©æ][›û^TÔÞ:Ëí®??kÛ{oÔ±Õ±­ùµ×Uš‰¢DU²×¬¬434¿ûØæ7O6U.,Ol;¨›ÿñÙE‘Z|ðõƒõaw5‘˜U½¢ÖE$µíxñH“š+§§þD¨b®Ö‘i:©D¤´ÖÕyK\;ÅND©œ½/í¬˜—‡~îý…ÃÑ-o¾{èÈ‰Ûîø²¶çºkV|ï;_ihlyû?Dôìs×öoø÷½ñ†ÕDôÌ³/>óì‹Dd³Z®þØ•?þîgE…yD4½¦úîõ·~åYŽ'’7Ý°úóŸýÔÉS¿zø1UU%IšTUvÅ¢9Î,Ç·¾öù?ø-­í6«åK_X_X??É‹`Ü?e%‰=g¿e4èˆF²prúã?Ùd<|ôtÍÔJ­õ`úÔ?¬{åõ==ÄK2ö€1W]1ÃÿÊÁ:kÅš+Ü}“<¹ŠóÌÚS¢Ã™O-ÁÊ?C<u9¤ÍìeâæÞF‹¬|ñ‚ŽˆT"²æéßÙýžX”?[?›Ÿm7PÀÛFänÙW×BD$I\$'BûA‡íñG~~öþ¹³gìÛ±ùìý_¹çî¯Üs÷ —bfõÕKW_½4Oèõzí‰ÿÊÅó¯\<_’$†aúF5Ìª­yá¹ß'EQ'X?ÆAàs\Yƒ.fµŒðQ4ýñ ‹×L­<|ôt4?Fão]DëÁ RO‡Bl?¿#VÙ×á'‘’z·TE&ââx–ôÖŠ©½!kêdN òzIÖ=cÙº)á ?Ð~lÿßÕÒë–Ù9ž…•3òzŸJg0üEÍ7Cc4œÏŠçù•Öët£UÀèaYÖhÐü £?uÂŸóÓ´‹›Ú}Ã`0<Ñ†wvK¯X^Þÿò;u¶«kµ„hCcGEm¾ŽÍ-M\ö¢,lyùûO7+æäêˆ”D [Ìrž#s‰ÝÙá´ºò­.c¼yk4JåE¥Â[?íÓŠ+m‘í
‘Ë?GR¸ŒÄTªµÝãïêaY†ã¸þ?¨óó²óÜ®\3?ñ ¬¤@ë8tÁlP6„YM‰èÔ»¯ŸYúÀYµf±ñø;§húâ9n¹ç.¿ûÎû§W/Í#"W±±õ­7vHJJÖW_±¸ˆ'â‹]}gÇÖgeVPÊ*\²èñ@‰û?×mñ)F+&(wö\7ÕÌ_°gïkÏ×sz6%%3gg9t{—?Öw:‰ÅI›ÕìÌ²:A‹Â`]*†"?ñ fj…;'ëüÇ˜LÆ¡-™ìž³nÕœ³öÎ¹.ïÃMÞ=kÅ-DDQ/ç_3y¾¢P¿u²×”•k¦?")ß½Üµ·®ûÈ-ˆˆÈ^uÅ²*"EQÎ,³Å˜Kæ/+™¯(±<r\v:A(,pz_W·(¦xžsfÙlV3Ïq#^6Ícr²/.¯A?µ!?Ýö¡³lúGsÀ„À0d4èóó²í6K êEZÛ¼v›9?7Û4¤oØ1fÍK–—rãË²‹‰çyI–›[:“I1ËaC<VÀ¨'dY…cþ®îH4ærÚ³ÖgƒÆUU#‘˜×ìêê‘eÙá°f»&“‘T’$™lÂÓB<ÈH:?.‰[,Æt0ˆ—Úž.µT¦»Šñ/)¦Ú:}MÍ?b*e5›±ÓÓ¥½•ëv]p A!d$«Y‰&`lz¥í¯óœW¦»Šñ?!2y¹.†aX†!¦ß[ÌùN<ÄƒŒ”›m?ÝØÙîä:Ó]ÀG|aÇ?§#Ç1ÿ©t2þétBA^v®Û©*ª$É*©Ç²,Ë0ÌÈz!d*“I_Vš×Øìéô-fš`,x©íéWÚþz:züG³;Ý>7ÝåŒÃpO$ÁžH$®ªª^/ØmÖ,‡•ç&«Y_Y–ëñõº#?ÞîQ¾ûtó¢É/à—>¢Ä\9ßuå/æ=…l0jº»CM­?‘HŒeY–eC‘¨¿«'/×UXàÖë„\OxÌdÔ——¸ÓrëMônZîã˜¯«GûF<Ý…dQLµ{üÑh¼ ?Çf5s—LŠG§_[.m×D<€1¡ 7+#âA»'˜îzE£ñp8š•e+-Î×¨ªj0è??hìE´!ËÃ½&ÖÈHbJ’eE¯ú"3c2t:A’euD×D<ÈHƒŽçùX<™SÚEQÃáh2)êþ#?:d$³Éh·Y¼¾@}C«Íjf&)¦¼ÞÃ0YÛÈzi!d$žçòr]¢˜ê
ôø»ºUUU‰t‚PTàÎrØFxÍK]$Œ†TJ’$É?“•írÄâEQ?·Û,6«Ë¢L,I1åñ¬sIQ®¢¨*©,Ã°ìE?.F<ÈHª¢$“)? Ê²¢íQTUQd"bY–e3shò®½‡›Úû^–•˜MÆ²Ò³É?ÖºÆ:Y–½¾€,Ëöçdge»#¸`úãAcS»ÙlÌÉÎÒ¶‰(‹¿½mÏŠ¥ó?ÎCUÕDRGböÛm–‘]0ýñ`PÑ(ÀpçÎÎ**Ì°ßhÔ?ì‚c%”—h­ÑXbÁÜíåpx÷mª£+WÍq_l%Þ¯¿Ý]µfE¹ùb¯py±c6?Y#œÆôlc"D£ñ·ÞÙ£mû|?Í¯lÓ¶ËJÌ­åbÜ“ç.?ê?£|W€aâxÎj5?½ÝmTU•$Y%â9ndã’‰è¢¦=ºäÌæKñX.‰)I!Uìöuz{D""UI‰¢¢ž9DI‰)mx·*…??ð™wu–ì,cïç¢*‰‡¯'¡|ø®¶§ÿñé ×&£?TU’eUUÁÐÉú–§š|þ $¬<Dc¢õ@c6W,?×ØÔ~øèé‹¹Ž÷ÐÖ·»mùIYp]ÍåÊ¹k§[Zwm=à˜{ót'Q²é?Í?¥kEŽ¼õn‡âÎv¤üÛ»-³V.¬2“÷ÐÖ·©öÖYnŠ¶¼÷Î±vÞQêPvï’§­X\¥óî{ó ß™›ÍÇ÷½¯T¯XX…H?&²¬ô„ÂÇåä8ãñdk›§;x.O²,£Íý3\c(ÔL©ˆÅâÑXü\+j?öñi.†÷þçö´{§O/­ÈÞ»¿³«Æéb(ÔÜâ/©Z¦ŸÜÖÆÕ,^]e&¢Ð±w_©k)]\üá%”Ö£Ç<î7ÎÍˆ(%¥¥uO?·tÁµSìD”ÊÙûÂÑÎŠyyil‰Å’O8*Š¢8úwÿ±oý¡èŽÑ¿/ŒY¥æÊy®+?]ñ¥éö¹é®eBˆFã=¡¨3ËÆs¬?Gb¹9N‡ÝÚÐÔìe|<hhî˜>µ¢fj¥ÏŒF/.$f»""V`I–‰ˆÍ/ž´ÿÉŽ)®ü@ÃiÒ¢<6ÞÐ2å÷~ÿosZéH H}ñ àm£¢Ey‚öJàò{ÛˆÜ-ûêZˆˆ$‰‹ÄãDéj?G“?MAÇ;&‹Å5újÜqâFiôïcÖKmO¿Òö×¯íþô?fÿv?kyºËÿÄ”$Ë2ÇqÃ„#1–e]N»Ãníèô‹)IQU–ö„1Ì&ƒ–
L&ãÅÆƒ³1Ùå“?¯Ô·Ì ÀI{ùõ."‘×‘¶¨©D×ï–ã)š‰tý÷8
+gäõ6ƒá…K\åPÅâÉ†f¯ãòrG
.‡
o¿¡ðö/ì¸ñßüË/æ=…6„ËM¯xž‹ÅâÝ=áp8ªÓf“QV-ŒllòšìóÍfcCS»Ï¸×·•W•t5¼Qç/ª(6‘.·4/y²¾3¥©ñ†z¯PêÎ>s¸³¨Tè¨o©DD©îž(9‹J…ÖÆö¸ t:?O…¢iûîÜãëÑ|A®3]œËo½0ÙZóTýÃé.dü3›ŒY[O(rôxC8³Û,z½.ŽJ’d4FÆPëAÿéM/>oRÅ±ææÂIùZ(Ò•ÌŸÝónÝó/fIárJ¯ªq÷OK®šù‹vï}íùz…ˆµf/ºrvQÍü{ö¾ö|=§gS²P2sv–C—–€Ž&œŽ®„p¹][øOÿ}tcº«ÿ?/ÈÏaY&‰»œŽ\·“ãX†ar²³F¼³aÃ†K]çð>Zïõ}kúÔŠ‘?¨UQèÜ3Ãò®¢HÄò—&¨ªJD7ïïgO]}UEþ%)`Ä¼iÅØ8—É/ðÃ}TÐžKGÚ)fô´{‚9.ûå¸²$É,ËèuCý_QÔ¤(&II’yŽãžeY"â8V'#Xú )Jéo=¨™Z1Ú+ŸÀ°ç{Òä]–MÿÇ?(Ší¾`0Ô·‡a½^çÎÉr:í,qç={pxÎÈHÃð<'èÎL—£ÈJ°;‰Æ†ÍÉvŒàšˆI§
òrrÝgæ¸W¥+ÐÓÐØìîA<€Öî^Ö±ãnFx†aaàTû\6ëõDQRuÃ`LpfY/_<Ã—ã²c?ªª‰¤˜’$£Q?²ñF•ªªñx‚ˆŒF%“¢ ðÇio%“¢ YS)íx?ç8ŽSUx"’EJIÃ¤¤33!p,«×ë†QU5•J‚ m‹bŠxŽe‰H–å¾‹h7ÒNÑ®?EžçÜW§ÓöŒ’$‡ÂÑD"©½T‰R)©+Ð“JI6«9ã×=€qÏïlzá•h4Ærl–Ý¾öúU¯mygþ¼Úò²b"ŠÅÏmÚ|Ý5W5·´½½u‡Éd$¢é5“‹‹
¶¼ùî'?±Öj5wußß±·´¤è½{“Éd$s:å¥Å«¯^Êó|,žxúO»jùâªÊRI’_yíí+Íuç¸dEyõõw‰äÚë¯Ö{ê™ç¯Yµ¼´¤?ˆzzBýÛ+×|å€û.»raº?0€óI¥$Ww Ø£½T‰TEeÊÏËv¹F2ðñF?,ËïíØ;göŒ¹³§3#Š¢¢žóàËÍ›3SÛnhlikï|mË;k¯_¥í©™6yVí´†Æ–Ý{ên¾ñZ­M ï.›_~ãöOÞè°Ÿ™?¸»;?'XŽmk÷h‘@–•?»öäçò<wàƒ£þ®ÀÙ÷ãxžËrXuýf.âXÖhÔ[­f½N8ï©ç¾æ¥+à|I±+Ð½pÁl­?K§Ó¥Rç\*åÈÑ“ÝÝ!"š5s-˜7K¯×}pèhqQÁùïâÌrLž\ñî{{V¯\ªíQUõÄ‰Ó“ªÊívëÑc§ŠŠò‰(+Ëf4N74åd»ºº‚e%Egß7;ÛyI?€KLxƒA/¼ÙdäxŽˆ¢DRÅË2?’GýK³ô/À¥•“ã*/+./+Ö†(°,»äŠy'O5?QÁs'U–å¹³ß~g‡,+DŽD??¨WT%‹·µwú¼]DÄ2ìÜÙ3:¶ý½Ý3gLÕëuƒÞ`,“$¹£ÓïõUUe†e†aÂáXSKGp¤C±`”ú\wö?I’¤ªª××%Içl=ÈÉvVV”VV”šÍ¦¾Ó¯Z¾x÷ÞºdR¼À?fÎœ±xüT}#56¶rë÷ÚÚ;vÛÑã§TU%"»ÝV^V¬(jA¾û<÷³"Ñx Ø#I²6Ñ‹†ç¹p8ÖÝ:ï©ç„ÎEN§Çûøã9Pw˜ˆ®Y½â®õ·ŽÎ}9–]¾táKÿØòýþ?"š9}Ê5«–Ñïÿð9¶[o¹¡ïà··îØµ»®oh²¶3×?½vÍªºŽ\ð^z?îÚU+^Üüz<ž8tøØê•Ëòòrˆ(Žü}ó–p8¢6oÎÌysföïãÔÿ¾š0¨?þ­Ï·<~sñú…ÙËÓ]ËD—LŠ)IÖéxŽ;ó¥¿Éd^LIŠª²ÃŸ¼ˆÙ°aÃ¥®†Aû&{ãÆ?Ã:kO]}UEþn×éñÞ~Ç—îºóÖÚÚšººÃ¯¾öö¿}ëžYµ5#¸Ô‚7­'n<ç×ÿ0.ýêø¿:ö-Ì^þÄ’7Îsääøá>*|û;ÿ~Y×=¸TË¢µ{‚9.û6I’Y–Ñë†ú~W çØ‰Fg–mò¤Rm2w"
v‡?oÈrX§L.î‡™%´L,Z£?Öb0«¶¦îƒÃ??ñì¬Úá…˜˜65?¦e"*4•¥» ‹Ùh6ÁP{‡Ïf5s,›S­mI’­X÷†ÂÓéëßV?—ë>ïá½vú·Þ·ÿ³ÚöÂìå?™ýHº+Òétù¹Ù?Íí?m‚À3#I²$Ëyn—Ë9ÂöMžXjkkÔ~åµ·´ŽFêçææ¤»(ëvú·Þ¹}¥¶]h*;·"5C.—½¢¼(';K–e-fcYq~qQ®Ñ Ù5Ñz0±Ìª­¹ëÎ[üéCþô¡Þ—£54Æ¾¶XãÙ½†Úb?}Ù€ˆÐn0¦ð—í´Ûm)%©ªÊr¬Nú?Tö/iy?îZë5×¬8Pw8/×=²AÉ0.Ý¹}åNÿÖBSÙ[«Nõíl‹5Þ±ýê¾—O,y?5Ãè^'\šûôÇŸ?xþL&£Ù„5ª.­OÑ‡4v‚¢¨áHÄd4
ýå–e9?YÌ¦þúÀeÒk¼oÿgûšîÛÿÙ¶X£¶?l0¤3>Zøèé–“ã\0·áâ¨;üàOêôxórÝÚ:ZÂh®~ =€F? IDATîo~å­_=üÇŸüðÛsgÏ ¢x<ñôŸ_xâ©M¡p„çùÛ>qý?‡Éhì
t?úØ³Ï=ÿ²(Š:?îÞ/ÞõÉ[o@H¸Ln.^¿Ó¿U›¡¨ÐTzoõýZ{‚öî½SîG6˜ÒN/˜[SVZpþÃ6¿ú®Ï0_à0ï¾MugšÁ8ÖV0yé¼bóe™6÷‚E”HÐ±é¹ûà:=Þ¯sÃ]wÞzÍ5+ú&,êôx_}õíÇžx67/çÚÕW?B¡päÁŸýæÈ±“)1Õ·3‹ó÷—g~?“íôx|ßùÞƒo½ýþšë>GòóÝ[þñ¤Åb>~¢þ[ßùqÍ´Ic§¹`œYWrW[¼I›ºtSóã›šïk7X˜½üÞêûÓ] Œ†4w.jhîhhî8ÿ1Ñh|ˆW«ºrÕí¹78øþÞ7ŽÚÖN»,+V\ˆÿÀßë¨¯˜±áñÇÿrö@ä¼\÷]ëoõx|??þ—Ñ‰V‹ùî»>aµZ¾yß?úvº\YwÝy‹¶??íœR])I••••iû‹Šò«*KeE…"&¬uÅëwù·îôoíCYÆ“4ÇŸ/pY®«wV›?¶¢ÓìfR”XØß“Ò9?=Kª’JIÜ™¯öE”d^'?”RX??wyâœv¤=³­Q•D(”õ¹YVít%%ÊœN h—'L6·Ë¬]?%‘(¦Dê½‘îòEe“=ÛfLW“Â?ºÃ³jk´)MÈÍÍéôxµNG—»†a*+J»»Cg¿?ÅSbª¾¡ùä©Æ[o¹^Û©ªj$“eyÏ¾dY./+¾ÜLd…¦²ŸÌ~äª×«úïI{6ðí}ö´ü®¹¹é-c‚Hs<ÈÉq^pPÁÇ.*É¬3*Þ}/l5Ùò?|p÷þTÕÜ5Ó,­»¶Ï]tí$+QøÔk¯«×,t·îÚÜÂåK¬`Ž·¾¯TLÉö¶ÇÚöÒesrXJy÷½yÐïÌÍæãûÞWªW,¬2Gë·¿wœµq"ë²§šZæÎ[¾4Ç³{Ûév"ú`GO%s—M‘ë^Þu—Ú¸Ø‰wâ…«?Viá§uQ®Y½¢îƒÃ?¯y}wVmMÚ—H{äÑ?ýñ‰çýúO¯ËÏë-&™ò³‡_~õm›Õò¯÷~Æn³¦·H€qOKÚ
h…¦²'—lIwE0<qQe2#üN:Íñ`úÔŠœì¬óóÖ¶½C¼š÷ô¡}DDr,Ðäe«ç³,;ëº«æ°,QÑ‘çßm÷N›^Z‘½wKWÕ4C]?í‘’)¥zŠ‘hŸ±jŠƒ¡Ž½¯ok×]»rº?¡Ž½¯ooÌÉq¶ÖÕyK\;ÅND©œ½/í¬˜g%¢(›·öêRQµõ?WÛ%å‹Wë÷mª£yËæ¸‰HjÞá5×,^Ti&¢ùêÅf#4ö×7øÊ=wåž»{BáŸþü·Oÿù…¾ó†aý?6~ëG¿ÕÞáÙø£ÿ¶˜Í«V^™îJÆ9m‚Ö×èìe.9ì÷I–|§‘ˆäx0Ð-êÙvã‡³’(‰PÔgåØ1cÍà’’úÊÁ¸J”gçŽ™]¢cˆ˜aÆ„ôOlzéñæÜ²¼Isz;Éo}‹?$IQ’DÄæOÚ¿ÿdÇW~ µ™&-Êëí<är8""Ž#ÊvØ>ÜVT…(àm#r·ì«k!"’$.?“•ˆ\ùÙÚo('ð¤?|V5®<Û®ön¹ósÜùÎ4?–Îv›uþÜ™»öÔ%“¢¡ßjù¹5S'=vñ`¤e òsoí²T.¸Þ¡4ïxã­V]E…CÞõž<cõL"ê>ºí².Oð?è”f|ì¦Ù£_Þä+þ°<5_ †’)µ½[Æ”XRmÊ?9åM-®Ô;‡÷ÀŸþx?%=íÎÎÊÉqöÍsZ3µr3™º+§Ü}ìå7å+fÏ°p©÷6%‰ˆ˜ìòÉÆWê[fPà¤½üz×‡Ÿoy9–ãÉQX9#¯7¿Î`x?†4fÚ\¶ð–¢xw0ào>òòAÇ²UÓÝéÿÔÓF[Ü '–e9?uw‡Ìf“ÇëÛºmçê«—e»²ü]Á»öWU–éõºÃGN?Y¿òª%6«¥©¹í@Ý‘Û>qCº¸\n[ûq"’;w¾Ó™Íºùy<Ñ¼”,? QOVÍMµN–äüOnmöÍÈÎIwµiç+;N'zbŠ7$—çð¡¸zÚ›J¦z;«$RªA`â©a÷]+ªf³±ÿËX,~i:HI"gÎÎ2
E?™µÝ¶òª’#ÇÞ§Šjk‡vgQ©ðVcû´âJC¤D»Bärœë`³ÍI§=ä¶“JÑž€Îîtä:ä}©5”¢‰B¡ðW¾ñýC‡?ÑW¿ùýþ×?©ª(íî}âS_ÔÖ=øøµWÝróuÃ8?ŽC‡??ø_¿ÕÖ=Xÿéu+–-J÷O—WÀÓ&—,Îë}^8m£4ÏÉq‚Ž¤´Ö76´uËï?JúB2?ô¤Žv¤Ô³‚@JVùáÏŠ“ÎU³ÙèõÝ9T^Z E‚ò~‹h#’£Ñx,6Ô‰M‘]¾ ïö—Þ6êù¬bk_;ñy“*Ž57NÊ?O‹ÁG¸jæ/Ø³÷µçë9=›’…’™³³ç:×\:-ÿøû»ž=BŽ™sgDŽíhŽë‚œH¦ÔÎ7žã¤‰Áá°=þÈÏÏÞÏÖßó…õñxB¯×³þçç¹ïÿî¿~ï;_I$’ƒžn×9È@ÇRX‰té®dÌ
'ÔC­bW¤·W{ê¬ÞíšhRíè–?fÖfd‡ÒÊJ
›Û/¸prYiÁ—N#rÏY·j?ÝŒ¹dÁ²UQˆe¢i}oˆ¡ž”mr±ëÃOÊ\¹¸oè®{ÖªA¶sÉüe%óE"–ïU+VõÍûe®\|keï¶àž¾æÆéŠ¢°,K´øæYDŠBìP£È„e4Ò–Ã0Ì û`\rVØ÷Ÿj˜UZm%ƒ=©Lc3ÑP–ƒú UŒŠŠÓÌéy&ßÁe[.ü8šÎxP3µ¢fjÅhÜ‰9ëÁ<pê`—cÖüÌ’É²CþÌØþ·E6
gíÕË¶¿ýÒ³;$"ƒmÊâ£ò¼˜IS‘#øÂr(~¦GË?ÙÀªªI¨,ÛT•Ny$ž“?uôp«k.Ü?e¢ö‚·U]÷q^Ò]œÅR¶äú2’eâ´IaŠn½«ï=÷œ»Ö§±´±BÏ3zž!:fvJ¾à0±Éï[ƒgºI²–)’”Ä)ªŽ»@7£‰x¢ÀXÆqC8hBRT’5)õf†!§™½¾ÖdÖ3Ú»EYÜŸvE’©?œ¥ªÔ”Ë²/ðü?/™$UýR4ÙT•fëŒºÞf–!³ž)u&íx
Æ.<^a¢¶d #í©ž”§G–?|Ô7ŒŽcÌMTààê}gš8Žòí|¶åÂ-2h=È1Qõ‡Ïd?7ü‘ÉM•dE•úö14«X·t²¾Ø‰x0ŽäXÙ«$%õ”'IªÊ‡•cIõP[ªoÉ(³Ž)rò6ã?žüÑ¹(#éuºH$n±Lì%Ö`¬z©íéRKå„aËµqÉÔGVHVU
'Ô—ÄféŒ:&Uý©pBé[G9ËÌ²qa4ÄƒŒd1ë"ÑâŒM¯´ýužóÊtW1>¦ÒÍ{BJ\T%ùLNèŽ)[?'Ì†!Š‰jÿEÓÂ5šPÈ>¤© Ð¹(#åfÛSbªÝHw!}aÇ?'B‡?]ñ¥t2nÍ)ÕÏ)ÑÍ/×Uåò}KïjmÑ„I¨Tî‰)MY”†tq´d$“I_Vš×Øìéô-fš`,x©íéWÚþz:züG³;Ý>7ÝåŒ[Ù6ÛÂ**…âŠYÇÔµ¤Î<ÇËPRRuü…{!d*«Y_Y–ëñõº#?ÞîÑ/`ºyÑäðûg”˜+ç»®üÅ¼§?FË?ÃÄæÙù“^)–T¼Ë±DÉ2‘ÛÊMÊLº!?>Àã]3õå%îtÝ}½›®[€FRT=ÏôÅžc
\U® Éj[·ìÉYfva…>Û2Ô1ˆ™Êab]6.ª‰”JD3½H(Ìây–¦'=©l+ç2c¼1â@¦rÛ¸?M5jC%Uòíœ–´ÞGÕyÂp/ˆx?©"ž¥Y%º¨¨ò,é‡0øøü2žyh#?/ë@/Äè…x½Æ†ˆTuàg£
ñ`L`ˆT5Íù3À˜†‰ˆa.Í<™ˆaEVeYaY.]5 À˜P?›5ÁãË0*£J²ÌrÇ¦§›âAó%:»S?¨å¤Jií¤CŒŽÓ›y«CpæòÒ]N†bX–•e%•’‰'ŽKCB@<ÈH¾Dg[¼))'Ò]@/•Ô¤œHÊ‰@Ò×o*4–"$ŒÃ0ËÊŠ"¦$Na9–eX†ÅÄƒÌÓ9åI´¥»
€sJÊ‰úÈñ¨)³T¥»–ÌÃ°Ç°²¢H²"Ë
£u·•„ Ë2âA†A6€L¡=´ !ŒÃ0<Çª*)Š¢ª¤ý7ÛÛœaÄƒLâKtÈ›Ûþ¼§k[cô”¤¤ÒWñ¬Pf®šçZº¦ð¶¾?žD›™· —Ñˆ0C7ÚS!d’¶xSß¶7Ñþë?®¶ÍÜXûpmÖ«Oki0Ñ‰J².¸ëé†ßlüàË_œü]·¡@ÛßoB<È X-cø?ýÇ"ÿúÄ?o)¹ûóžšïZŠli§cõó]K1ï©[Jîþõ‰÷íOÊ_¢3­¥Á0 dŒîT o{sÛŸ«m3?Sõõ´V0ˆÏT}½Ú6ssÛŸûöôŒ?1ñ cD¥pßöž®m·—!­åœÓíå_ØÓµ­ïeÿÇã2†('û¶£§j³¤µ€sªÍZÐ=Õ÷²ÿcŒqˆ£ÿtV’’Âx³t¬¾ÿ´ŠCœ•ÆÄè…x½ âôÂªÉ‚ªªÉ¤(+
ô:ŽãTU?Ç*C¤7è9¶7(¦R’˜JiÇô?(¼¢¨bªw€‘Às:?®ï`? °›L$ûÆõ]SUUQLñßÿú,Ëh—E’$½N§Ý(•J‚À0‰¢ÈqÜÙ‡õÿqEÑî¢•ÑWÇq‰¤HDËêõ:í‚0ˆ‚$É/þýõ¶öN½^ŽDW¯\:iRù“OoJŠ"Ïó‰xâÆ®)//~ÇÞíïïµXL‰xbÕÊ¥3¦OÑNœ?¯¶+|{ë“ÉHDÓk&/Y<ÿý{·mße³Y#‘Ø‹æž>Ý?Æü]Á¬,›Íj]{ý*—Ó!Iò/½6¥ºjæŒ)D”H$Ÿ{þK®˜W^VLD»÷Ô>râS·®5™Œ’$ÿíÅ×*+KçÌšÎ0Ì›o¿_=¹âìÃˆ(ØÝóü¯„#QŽåˆèS·®mhjé_[qQÁ“Ï<ït:$I²Û¬ÿtÓÇ­Vsºÿ2âÁrÓÚkÊËŠ=^ÿo¾[RRh4ÖÝt?;ÇuêtÓÁÃÇ??q²á‹Ÿ¿Ãfµtz|/mÞRX˜o³ZúN_±|Ñ¼93µíÖ¶Î'îùÂ]6«E’$EQ—-™?ÅŸÛ´ùºk®rç¸úßwÇ®}åeEV«åÔéÆcÇO/¹bÅbñövO~žûÔé&-<Ñk[Þqf9´T p˜,ËÛÞÝ5sÆ´¹³§3#Š"ÇóÔÔÒ¿¶†Æ–êI7ßx-Ïs¯¼¾µ©¹uzMõ¨|Àñ`I&“ÑXÜãñ™L&žçEM$’==áã'Ng;³|þ®‚ü\-¸œYv›5
÷?GŽžìîÑ¬™Ó:=Þü|·Õb&"ž?ßo‘^¯+).<täDíŒ©õ?-Ó¦NÒö7·¶;?Ž5ÕïlßU]]Á2¬^¯[síÊ»ög»œ}§8L’ä`wÏ¢…sdYnmë”e9/7g@mD$IR,Gbž5S.ç‡
0® L /¿ú¶Õj)/+^±lÏó©Tê@ÝáX<a4è.˜ýÁ¡£*©ªª2£ªª¢\¾$'Ç¥}¯o4†ußši“÷î;¸µ{GEYqk['%Eñ@Ý‘²Ò¢®@w8ijjÓ®œ——£Ó¯nÙª?:8û°ÂÂ<EQUUU¥­½óÐáã«¯^6 ¶p$êóÞß¹¿¹¥mÁüY…¹—ôSÏ0sÑrÓÚk>w÷'W^µÄá°ißë/Z8ç¦VÇâ‰æ–ö¢‚ü¶¶Ní;xŸ¯+?¹\Yªª¨ªª×ëˆ('ÛYYQZYQj6›Š
òZ<?E"ÑžPø<÷ÕëuÓkª}þ`Ey‰¶§³Ó‰D#‘hsK›Ãn;rô¤$IÚ[“ªÊvÛî=uƒÆó\®;ûƒƒÇX–]rÅ¼Ò’"í¬þµQ~ž{åUK®ÿøÊ>8‰D/ÿG0N õ`¢3ôóçÖîÞ[wÓ«ÎŸõÈÿÌ0$ÂÚëW%ÉÇŸükaažË•ÕÞáy{ëŽ]»ë´á¿K—,XºdþcOýµ§'d·ÛÖ®¹Ún³žç.U•¥U•¥Ú¶,Ë<ºìÊ…“'•kM/mÞâó´w9–]zå‚`wÏ ‡uu—/]øÒ?¶üä§:? ðÚ¸…þµh—ÊÍÍÉÏÏ=tøø¢…s0L(;ý[Ÿoyüæâõ³—§»È0Ì†Ò]Ã„¦ª*mÜ¸ñ‚GîôoíÛ¾sûÊ7J—¹4ÈH¿:þÀ¯Ž=@D³—?±ä?t•1ù¾ÿÝ‡T´çÒ±ÿ¥^»'˜ã²§»ŠË?‹Æ?MÍ?iÙ€ˆ
Meé.2âÀ8±Ó¿õ¾ýŸÕ¶f/ÿÉìGÒ]dÄ€ñ`§ë?ÛWjÛ…¦²4v+‚Œ†x?IÚb?ƒîìËD4âvƒ7oùíÿ>=`çž}_Ü¼ed„Œƒx?1îÜ¾òª×«®z½ªÿÎ¶XãÛ¯î{ùÄ’7.fÂ¢—>šöì;øù/Ý7â«AÆA<È0m±Æ¾1DtßþÏö5)\d6X»æêÖ\Ý—´lðýï}míš«‡p6ŒX÷ cÜ\¼^›ë|Sóc…¦Ò{«ï¿sûÊ¾ÙÏï?rÿÅ/tð/Ÿ»?ˆ~û¿Outx^Ü¼Ù`¢AëÁÄòË‡ýåC?¦ëâgÐÐØ²þ3_khl¹L%Œ3ëJîºwÊýÚö¦æÇ¯z½ª/,Ì^~oõý—ä.ÿò¹ÛÿåsŸF6˜˜Ðz?IÖ¯ßåßºÓ¿µÿåK¾Ú¿|îv­&´L\²,×74<t,?÷íL¥¤#GOØÙ
¨;ìó´5žeYî…S)©£Ó;àH"J&Åƒ‡Ž54¶(Š:¬zEõxýûöê»Q*%õ„Â²,74¶<t,™µu¦Ãáh"‘ŒD¢{÷ìèôªªšH${Bá¾;ö?xÑÀ˜Sh*01¦1…K­TcSë÷ø»Íj±˜÷8¼ñ?¾º`þ,¿?ðÿ«¨0Ï`Ðï{ðÐ¾QYQ²ùå77ýí•¹sf=vjæŒ©Ÿýç[›[Úïû?ÿ›——cµ˜ÃáH}Có?6~kæŒ©Dt îÈ7¾ýÃü|÷Ûïì¸ý¶ÿùÎ[¬‹žLŠÝÝ¡¾—ápDQU"
»¿ó½yŽ›TU¶uÛÎ›Ö^³þÓë>8tôþ??¯ª*Ëvf?<Ýhµ˜üƒÓët?ùÙÃ==a–e\.çëolÛðï_?:¥ò»÷ÿô{ß¹wRU9=ÿâ«G??úÎ·¾Äq\:>]€ËKKÚèäBSÙ“K0ë(\2ˆ‘,Ë›þöÊ¼93¿øù;8ŽÛ¶}÷cOþuê”Iw9ßüêç½¢¨C§N7¾¸yËþàßrssÂáèþô¡ú†fžç#‘èUËÖÞxÃ*"zúO/<ÿâkSª«ˆHÐ?zà[v›uÙ•}ìÙu7]k·Yûßú™g_|æÙûïÉÏsQ–ÃþËŸ_¯ÓÑUË?ü»'nZ»Zk¸øÌú[kgNõúº¾ú??ÍÚ?rr\ßùÖ—t:aRUÙ¶í»–,ž;kæ´wÞÝUUY
GÞÞúþ·ß¬Ó£þÑŒ’u%wµÅ›´¾F…¦²t—ãâÁD‰Æ>þ…ÿóiíËõ¢Â¼p8âï
T”—Ô74ÿà?¹pþ¬ùójórsNœl{þ²é<ÏQG‡7Ž8³.§£væT­e`Ê”ÊW·¼‹Å‰¨fê$-˜LI–Õ³úýó?·|åž»û^64¶lxàçÚv{»gûû{"‘hwwHþðÜŠò’Ò’B"Ò/ð²¢hÏš9U{ú7›Œ²,³»òª%ÿý?X{ýªövË²5Ó&?â'
?—j 2@ˆË°ƒ>)¦´—Š¢Ã°,[ZRøø#¿hniÛwàÐ—¿zÿw¿}?^¯+).¸åæ?z"úä'ÖšÍ¦Ö¶Ž¤˜JŠ¢vº,É<Ç1,sÞ{^ÀÑc§6üà÷}ë‹•å¥?M-¿ÿÃŸ†{…I“ÊœNÇ®ÝŽŸ¨¿aÍÕZ-`|8~²~ï¾ƒÕ“*æÎ™‘îZÆ'Mž@ÚÚ=êŽL›:Éb1ÍŸWûêë[£Ñ˜,Ëïnß]\”ŸëÎöxý¡p¤²¢tÝ?×ÎŸ;³³Ó7¥ºÒçëjhl±Û­6›µ»'”’RD‰Dß|ë=QL%“âkol›^Sm1›.¦6QÍfcYI‘ÝnmljG¢Ã½‚Éh\wÓµ¿ùý“‡?ž˜3{úÅcÖ‰õápôøÉút2n¡õ`¢øáþêï/¿ùÉO\¿øŠ¹ÃÜö‰ëý»'¯¹a=Ë²3¦W÷ß¾l0è÷ìûàW?¦ªª$I“ªÊ®X4Ç™åøú¿~îÇ>ìÛÐEDæÍúÖ×>OD.§C¯×ÝvÇ=Á`Omí´ïÝwïEž<¹bÆô)·ßõ•ÜÜœùsg:ì#ùî¿fÚä‚‚¼ój³]YSŒY+–_±wßÁÉ“*Ò]È¸ÅlØ°!Ý5LhÚž7n¼à‘}‹žÑ?ÛWž¸QÖ?dY>û^–eUUyþ#)Q’$†aœEžã´?Ú€??÷½´¤(%¥´ñÄ—Ä ·ºÖ¶Žþó@M~?ï?ÝêP–sÖžKL{8µ{‚9.{º«¸\Ðz0QúÌ=èÎiA3h`YæfƒsÝzˆTU}ý?w«'W”–]Â’`LÁØƒËñ†­¼¬øñ?ü"ÝUÄ0ÌÝë?‘î*àòê{€xp™ @ÆÀØƒËñ2†Õb^±lQº«Ï0±)dŒã'ëû¿OïÝw0Ý…Œ[ˆ?1Nœ¨×BBº·Ð¹(c0Ä¨¤jÛ<+ˆJRÇêÓ]À D%É³BßK†.Ù\¥{p¹¡õ cè¸3a Ì\UÜ•ÖrÎ©.¸«Ì\Õ÷²ÿcÌEÒÆä»/ÕaÄƒŒaæÏ,$<Ïµôé†ß¤µ€szºá7ó\Kû^öŒ?1ñ c8gßöšÂÛŽ‡>øÃ©Ÿ§µ"€AüáÔÏ?‡>XSx[ßžþ?10Æ!dŒCžž3ô½üâäï>×üè×ö|zw×6QI¦µ4•äî®m_Ûóéçšýâäïöí×s†C^ZKƒaÀÐäLRh,­?×¶Ý†‚3ÿgsÛŸ7Ô}©1zJRRé®&4žÊÌUó\K7ÌüŸþû?¥é+
†ñ “äò¢RÄ“hëÛ³¦ð¶þ-wcJ®¡M™?‹2L™¥*×P˜î*.,×PXf©Â?0† õ ó”YªÌ¼¥-Þ””é®`zÎPh,E»A&B<ÈH9†¼Cž/ÑÙ?
D¥°('ûVLH†§7óV‡àD0È\ˆLé®ÆŒ=€^ˆÐñz!@/Äè…x½ âôB<€^ˆÐñz!@/Äè…x½ âôB<€^ˆÐñz!@/Äè…x½ âôB<€^ˆÐñzñé.ˆˆöÔÕ§»Äƒ±a^mEºKH³—6¥»@ç"èƒx½ âôB<€^ˆÐ›À˜ÐîÃ0—äj1<Ï‚Ål¸$œ `L(ÈÍº„ñ€ˆÄ”?%}]a§ÃÌqè53$ø˜`|ÒâÙÈ IDAT|–Ýl4
?îhºkÉˆ0žYLžg#ÑDºÉˆ0Î™Múx"•î*2âŒs:?—$9ÝUdÄÿTRÓ]Bf@<€^ˆÐëŒª¶.òõP,I
Z¹Ç$–!“žrìTè:ßa­m^oW4WUeôŠÃ†5›Œn·«¨0ÿ<‡É?z©§ƒ’áqö¹1Kz+oÏçœç9lÜÿÚñ×Æ8Ä€Qéx+E0±ÞØ¦¨IP$A¾ª."£nàñxâè±S‘(æPÿUU"Ñh¤!êõvM?Re4\¤V£©¶¬Þ,äNe?bÆWÿUQâÝrw³Ô°](œÅêÌÞ×~mL&CeE‰ÕjeÙK¶ì×˜¢(j8îèôîÛhÐ_Èãë?`C6È,‘od?²ÁùE¢Ñ£ÇN?½?Õv€³å³X“s¼e"bXÖä
fq¶üTÛ?³ß?zì”ÛíšR]e·ÛÆk6 "–eìvÛ”ê*·Û5è¯d„q÷÷0&µu!džH‚Úº>²§µ­Ùà‚"Ñhk[Gÿ=r žÕ›y×ù:ÞŒ¼«‚Õ›å@}ÿ?­m&“aBõ·)*Ì7™~ S Œ_Oº+€ðçõv?óPègÀ%õtpŽ’ô•3ª8G‰Ôó‘Çb¯·+?Ï?¾ŠÒ#?Ï?¿—…x0bÉtW#2à.‹§­”Œ2ðƒJ†Y£#mÕŒ.Öè d¸ÿžh,nµZÓWQzX­Vü½d(Ä€Ñ€yŠ2Ô€¸ñ:áÌ%7àƒRUeŽ78†=ûÇÇãÎ…eü½d¨ó·
‚x½ âôB<€^|º€rZˆc)§dêr]Ÿˆ‘fÒ“Ù@)‰º/n¹0Ž%‡…XºŒ?ÑØäÌrp
…“¢8ô³8ŽËrØ†î‰ãŠ” "âé®#=TU•e™eY–Å·½p)!džª|rÛI{$PUŠ&©ÁC=—n1ß,Uå“^ "J¦èTn;ç?Q×ûR’ÉÛCM^’‡<™¡ÅH&ÅDŠÄÉj¤Ê\â8:ÝAÞ‰±ŠÜ¤ªò\w¶öl§ªj$«ohîéå\«Å\YYÊsÜÉÓ?^¯ÿò;–¨Šä;!›H‘‰ˆXŽs”ðÎr±uéK'¤»ÄË+•J5·t´wx´™Cv{yY‘Ùl:q²žˆ&Oª@`€‹?x?aŠ²Ém'I!o?D‰²Ìd6?î’þïÜí ?§fQ‘‹\ÖAâA®ƒÊs‰c)£DŠ†ì&²†‘ˆ(?‹räé¦“qJ¦È&–¡øÄø*¼¸¨ ×?-I²ÇëE1+Ën1›õ:ÝN%"JŠ¢ß`Y6O\æJÇUÛö«/kt°Ö<"F?u©±.&«4Ý•?QL;~:‹U”—˜MFYQ<_85›Mé.ÆÄ€cÔÃ??D?"¢ö.Ò$É¤}ï²’^ h‚:ƒ¤>ÒíG/?ÍH²B?eYzûùÃçlvPÔÞÔ¡]|—?xŽü!:ÖÚ»G/ÇönäØÈd X‚|!J¦z; %Sd5’Ù@‘8µÈaî=žc)ÇNÑuGˆcI”Èb$£Žâ"9-¤¨'JÞžÞÞGªÒÛßÉi!†¥îÉÊ™;j?ø°"Jº†a|¾®†Æf"jkïÔët’,‘Õbq¹²ôz]4ëðxõz?ÅlE±»'DDz?Îf³Ê²öp'&E«Åb4âñ„ÓéÐëuÝ=¡¾ö„ü\·Õf‰Eã¡pÄ`ÐG¢ÑX†/d«Ä{”hkÌÒ•,è]jÍY¦*©—TI‰øH‘XKóa$UŒ)±.bXÖâf´F)¡CDJ,Àš²˜1ßU©»'Ô
O›:Éåì]ˆÚ™e× )Ë²¶n±Ùdä¸ÿßÞ?>·q&f?û$HP¤H‘EQ%{,Ë–e[kìXyâò¬3ÙÉ&©MíVås*•©üSµ³å­É®³‰×ŽÏØš‘gtØ#[–hKÔA‘"ER$$@â"Ž>ö@Š·x€â¡ç÷èn¼x»Hïƒ÷h±°Q’¤T*­Ñh,Káfmªªf³¹L&k2†¥TÚÂˆˆ6™BÛ×eƒ¢b$ŽääHý/ªÜ<vÜE]HL P_ÂcpÙà-T:
Fpoæà”hN¶•CŸ@<?~ÄÓ÷Çü˜ô0ë!+3z
Õ˜˜¤(Ð8àwáN6å?eˆ"Àc‡Åƒe(·ÃeÃÀÊí0èÐ‚ÃRì!5?F=âiÔW@šŒµÐjÐ)CPçƒQE…ÇŽr;:7A„¬ÈÜn§¢ª##ÑD2Y˜BP[S¨òŽñzÊ=×½?P]Ý6EQnuÜI$’Ûª«|>O8q8lƒ¾«»·Ìn¯¨(—$YEA€×ã6?}ý{šw¹œEQà?,Ë¢¨½7ìëxPÕ64%ƒ"‰vÿôÛ0-äV”Ôh>øTÔ¡[:_³è¨ÌÝ»¬¦F Ñ©Š$h´ºêC½%{ï2ä<YUòºÊ}¢½r=Nk©TU?Ç“V‹ÙfµLman<‹ßº}GÔhÈŠÒ´sGY™}hx¤»§Ïh0¨PEQÜ½«A5w{"#£Fƒ>›ËWWù+++
Ò#‹ñ€ˆh“Ç`ÒÃaAÀ?€’‚hÝ!DÈæ€=50 ?ÈÀi?ÛIF™’I‚Ï…‰,nÞƒ¨AS5Üv£3~qwX Ñ@# '!…Í?9éþ4
3fñ;¡×"EOÛ+Pé‚ß…ä
Áææ=ØL¨õÂjÄ·=h¨œ\D!'Ldrè@•~'l&ÄÓó_Ÿ-î? ?‚íð9á¶c`Ã?Æ…‡Í&“Ãa¯ø«~I’G£±;Ý½£ÑX6“Ð²g—ÙdÒh4ÉDÊét”»]’$9ÊìyI?ÆÛTi‚ LLdnutþJ…Ýf­ðzvëD&Óq»[–å¦]&qKü§ŸÏ˜žæRIé„ÖhØö8D?j—c}¢­BçÝ­^uj&žëÿZI„5îzªœÓùšEGàá?ÅJ©ª*IyX¼/IÒ½? §Ü]·}›  çî½þ{A“Ù‹?ù}ÞíµÕ…c´Zíèh,66¾¯¥Él6%“©®î^—«ÌdÚè](´¦¶Ä¿DD?’t7úaÐÁmƒÝ‡;dÃãpXPé‚NQU…Äp˜Qf…¬Â ÃX
* j ±»´"D6Óýu‡
s’ˆ¥PåF]2y¨*ÒÙûuÈæ¡¨?¹M£ŠZÌãix0êŠO3y$& j Éó¼pÞ3Íæ‘œ€R¶Øñ…¹Ñåv¸mÐÐ÷gKodéôDû?ƒ^ïv»[™Ãîõ¸eY)+³WVúôz?(jTU…€hlÌá°9Ëì²,ú±±x46V·}Û¬³¹\"™RE£Ñ šl&—H$$âI“qK´ùtP@¦JY5—†F›] ä3?2Š”…’—‡î¨ù´šMaÚx$Ao­©þ«#‚V«ƒš?;”hº\^J§3žrWaøPY™}d$*I²ÕjéëL§'ÊÊìn—S«ÕÆIA†#£ +J6›Ëår[5`¯È’0m2…™Ù<‚Q£ØæA &j¼°›1G,Ÿ#„bð8`6Àmƒ¢ 2£…–wdr¤?¬"1m8ºÝKá^På†C‡x#ÓÔ™È!?ƒK§Cc÷+Vˆ%˜ŒaI1`
ƒŽ
TŠŠ¡1ä'û7Ò~dQa
?$ËÙ\.
Cášm?ê@¥ÙdÚ^Sm·ÛFF£÷Ç*}ÞÂ|Ó`hÈãq[Ì¦r·SQ”áÈèË—P§V°Ñë·Èb>£­‰eÕS}ª"Mÿ ‚A6Ñ»€Xlª¹?+Ð™u»UEÊ~»^§°‚ ØíÖPx8‘LMÍ=˜@3íë§*Jáµ?*¿ÇãN$R££Ñ`p¨¹y§ô:_…§09¡:P95Ka‹Éå%­vkžZÉ1m2Û<pÛŸÀX
^ ?…Ý¨He +ÅPMÂj„ÅˆD‘q”Y?—`5a<?T.T£ÓšþÙ< Ì‚l* +50èà´Î˜iƒÝ·ûë?ÎBÔÀnÆD©ÌxÈËð;!ŠH-|ç„B/„ÍŸ™Ýë@R z¶y ×Â ‡$@2³N+G¡×ÂmC(¶Šëû°ÔÔÊÝ®x<×h4^¯[?J§v &SiY’?Ó~ï?FÇlV‹Åb‰'Ã‘???çr^«ÕÒÒ¼ÀÔH¤õµÞò±ñøððh}]?$Ë‘È¨ßç•d¹««g<žXË“.?Ù)Z=J"œí½(:ü€ $#ª”ÕWQ•&”l\0Ø£CMG‘Mf—š‰Ë™¸Æì‚ªhôf?É.G{¡lÖ›k¸œŽ2‡­³«§ªÒg·YeYEœN‡¯Â+ŠÚT:?Éæô:­ÍfqØmƒC6›Å ×??ÇM&S¹Û©×ëÆÆ’$9?ŽððÈØxÜSî’ee|<ár9€-ØŒN¥³&ãÉk?ñ€ˆh“Igá°Ài).=¤(‰£oj¼¨­€¢ '0GEºâŒÞ±ú#¨ñ¢Ö‹ÂòD³-Å`2Àa†ÝŒBGÁÐ<vìð£'ŒÑÉÖc$A@µV#¬FÈKHL ƒN‹2¨*â)Ü™1©`º‘8\6X?Øá¿ß›±?äbT8±ÍI†<¹žRO:eÖâDç\ºÍÐ¶I§&$‡ät:\®2Š¢DFF{û¼žòÚšªºÚjEQr¹¼8ù‡?VTxŒ}4:ö ² ‘HööTüv»5›ËÇÆÆ?ee4‚FEQ#
A5*TÍäƒÍ2!UW¹OŠ˜¤XŸ4Ô@u¢³FõbY ¾‘ëûZçoÑùöäƒWóƒßªª*h4¢½JãªÕ”U+±ÞlGP0–šÍÚÒjµ»vÖ÷ßõõªª"—Óa·Y5ÁëqÝìˆ^¾ru_KÓöíÛzzú¿¹r€³ÌQ·}› ÑÄÆâ×®ß.¼ª®¶Úfµ‚P¿½¦§·¿³«G4žrgY™}ëõ$ÓIRœËŽ%ÿðÿ°Þux¤:ÿñÿq½+BDkë‹›¥/Óe…¢Î¾W±ÓŠl~Æ<?…XMÐ‹ÞYÔ Ì‚‰Üƒ‹š÷HƒVÓýU•X­f©7].¬Ö:žš½zéÒ+¼\Oí¾ÿøü_—¸tÀå,SelæÝÐ\Î²L6»ÊEHý¾ŠôÄÄøx\Å–æ?V«¥·p` ¸ê*/ÉÑ§¾7õ8sëcÓ‹¥?ÂjE3n‚¦BÊAk˜|¦¨rnÆZ¥ª¢Êyaê€µ1ë|Ïñõô«QB…»&OÏuªª*Š25@HQÓï’V¸×²(Š³ÒàÜ¢Vo'^h—–°¹¼”Jg%Iq•Y¦Âöê‡b·£T¥m4›5:Ñ¼-ûyoo<¯ä¢-OY¹ßQ°¸y?Ìæ—–R“%–¼ô
o4ÑØ<½ón\»ÍVð?YV‚ I$¡ÐÐ*‹ÝXæ¹;²€éMA3û>‚f­³ÁÃ4wž€ Ó7Î½}² Zí<Í¿2å 8+a< hµ¢É¨c¿Á²0mAñDâêµ›o¹ÅlP¸Ãš,Ïw‹;¢£²ÂYÚÞZÆ""¢­)›Ë=´¡DD´e”lmvŒDDDDDTÄx@DDDDDEŒDDDDDTÄ©ÉDDDD´!Ä“kºr‘ÝjZ£’·Æ"¢‡A#@Q×»´|š™­AÐ¨ª²àÑ4I4³Ÿª
„GcÌ‚ªÌ=}EQ5šGk±NEQ…åÿÅÍw.lº¾?/*Ñz3o?1=Zfýá
÷ š}¡6ebµ7zÛ,”‰1lÓ·XÌ¦DbsÞ´o‰¿/›ãÑÃàq¬whEfýá¼^÷ºUeS™u¡´¿<Ö¿~Õy¨ä±~­Ã?}‹×ë…‡×¯Fë#æ÷e“b< "zªÜ°×»´LV#ªf6oU~«Å²nÚ$¬K jFûXtÕ)Ù”4Ú³~•zH¤Ñ%›]uÓ7ªüétf`0´~õzØCétfÖÇ€6Æ"¢‡dg€a3±±30Ïö¦];˜aµXšví˜»]Wµ_Ž‡òÁï”t[oþ†ª(éh>ø?éªöÏÝß´kÇððhÇí;ããqeëÎCRu|<ÞqûÎððè¼Ú85™ˆè!1é±¿ƒ£ˆŒ#?åLåJ#Àl€Ç1»ß`ŠÉdl=°g`04<<šJOp¦r? h,f“×ë^èc?ÞbØ~DŽöä‡n!›Øb×M40Ø´¿®ržl0ýcÓÝÓ¿…?6Sƒ];™61Æ"¢‡ªÊ½`»“6‘@•Ÿ'V@tÕÍxóHáÇ†6."""""¢"Æ"""""*b< """"¢"Æ"""""*âÔd""""ÚR†.½ý«k3¶l;úÊó¶[zÿ¡u«ÓæÁx@DDDD[PECc•uò‰^Öû¬o}6Æ""""Ú‚|»=V±Þ•Ø„ˆˆˆˆhCèëôU”?¥¹Ã|<JÅÇfweï[¿4ŒDDDD´!8ì6ƒÁPªÒî~uöîäã}/¿ñãÁÒ0Ñ†`±šKXZó½ö¸·øX,YèØú6I’´Zþ-ˆˆˆèÑ%I’®¤Í!­A§g?Áò±Iº!ÖÔÔ¬w-ˆˆˆˆÖÍÀÀ@iw\þf²Hs`_s]ißbKb<XªŠË—/3Ñ£ìÊ•+ª
A(Y?C]?C“?íÚÚmãm¶Æ?*Yé[ãÁ:ÀÕ«W}>ß‘#GÖ»:DDDDëàË/¿¼zõª hJ*ã¯Ÿ»™Ù`I6U„Ó§O‡B¡C‡ÎC ""¢G?$IÝÝ=ß~ÛvóæMA(]÷­›¡ëO„BWÚµk×®^½¦ªª @UÕõ®×V+wÙ×»K2?û½eë]"Ú†ÛþéÓ;íùãgkõª¢èõú‡[­MFQ”ÈH4›ÍÍ»×b19Ë™LÖl6=ôª­ilxÜèu/8Ã7žÐ{ì_Âõ,Ëfs‹I„ÉA´Î6uò+¡Nûfð+²VA#šõ®Å’l¢ªÑ:«8ô—~h½+±é‰¢ÆWá]ü‹åQj>é\å‹í78|‹,ºèõ,¶y´Úb6`×Áñ(}¾7°b2P!šBïãóšh4›ã
o¢ª-ÇTãGTAà£ãÁÂH@DDD?AƒÁFÃx°á0$<‚ l–ë¼‰ªJDDD[Ç4Qã1Qã1QW."zTÄ“ë]""¢õd·>2·»^Æ¢GÿM$""¢âà""""""*b< """"¢"Æ"""""*b< """"¢"Æ"""""*b< """"¢"Æ"""""*b< """"¢"Æ"""""*b< """"¢"Æ"""""*b< """"¢"Æ"""""*b< """"¢"Æ"""""*b< """"¢"Æ"""""*b< """"¢"Æ"""""*b< """"¢"Æ"""""*Ò®wˆˆ“Ì +ˆÎA´Ö£¡r½kCDD´Õ1Ñ’$’©ÎÎžD2u»³Çf³Tú+ü~¯Íj­ô{×îM“¼{V#l&œ¿€?ˆˆhm1Ñƒ]ik¿ÜÖÀf³jmI$S‰D²?v6ÔlmYMáßö ­ûþS«¯??©làèø?øä2º‚Ç9ŸSuúþI“³yèu¢°šj.JUr9èó×”ó9âš¾;Qé0ÑbÉÔÙsƒ¡áC­-³b@¡?ár[ûí®ž—_:n³ZVP~WmÝh­¿¿ÅjÄô~ƒdál&„b‹uLÜùÃ»7\'Oµ¸æ¶ÂÇnöëÞç_}Ì¿‚
.@ÎçdQ¯ŸÌáö·?ÇK?Ùç™·bßàÈ©gVryˆªœ“Å…â=9—‡nNÆVå\z½¸öõÛlx=iuˆh1…lðòKÇ+ýÞD2u¥­}jpÑÁÖ–ƒ­-~ÅGŸùèã3o¼þÊ
ÊoëFC%ÔÍØ8•ŽîA8†¶n´uÃjœ‘"æ‘îjë¬?¾Ó<sk¶¯­#”vÔÄ??¼{·úõu¦iÚñäµõ%}{¢-CÍôsæ\·l6Ëi¥ê™ßÛ6óK%Çn?ûìúˆY/¦s¶ýÇŸorŠ?»õåGßEÍf1?¶¶ž8ÚìÔ­×l,¼žT
ÚàPl½ë@DÔGŸ™žÞ~çƒÂöJÅíÎž`h¨°ë?¿òö;œ=ÿÕ±£O,÷-’ØL³·Le¿6S1ÝSìXXP™-{­+R¿Ï3ýw?áÎoÒfË­XÉˆ:þG´?\ïW_©­oü§J?C_ÿÇW½¾gkï§iuäÚç÷*_~í9+ ¦:~súš÷Õn`ôúoú+~øãc6HÞúô³ë?:PÎñ{¼žT"Z—Ó¶Þu ¢?èvWO04|ì™'
“?¯´µ¶Wú½ÇŽ>q°µåíw>8{îbaXÑ±gž8{î«Æ†ºUÎTž•f=}oóã¸réVÝK-Sÿ¬¥»ÚzûÏ}5uTnì^ÏõÞÎp4*é\îêÇŽ´øÍ0ÑýõoƒÏìVn]êèv?:Q5|áì@å±#õ†Â|ÿi{Ïßtç2?â¿ý @ýášR:|íË«·F20ºš¾÷øÞJßüð"¿²{î¸#¢G^~°7Ò°÷X!A‹þ¦æK_õOÔî˜úÉ z¯ÃÝø#+@°44ûþwïÐwÅÈÀ?òÆÚ
íWkc³ÿßïF”¯á*›¯'•ï{@Dóëìì©ô{w6ÇýCC…©É[÷°Y-….…ÂÞJE¥ß{öüÅU¾éùë+Í óìÝo»Ñ1?+>—ïÝø
-ûª§÷’gC·îÉ?–ï¿üâ§Ž=å?žþ]W²°GÊDÃ7Ï]Jx{úOž­5AÎ¥R’|ÿ¥R&šR×®Ï=Õdƒ½ñ©Ï?8ñÜ®bÃð›Aë¡§O½úýïïP®þîRO¦P‰|4‘_åe!Ú¢¢#ýÛýñ€&³=›ÖÕ7‹¤ì¦©¿E“É2:>?ÌØ?b³L}¯E³U3Ï<ÌzoT¼žTŒD´ ©ÖA¥ßûÆë¯LïH$Šæ%¯lvò”® B1´Ö¯,ŒÕ{#ß\?€šèºÙwhÖôCÍá'›kËL?Þ`ví¨ŒEF³“;³îÖç÷Õ•Ûæ_ƒh’hÐ™t"D?É Ó¦¦÷é¿×Zç4ëfWKË>Cd4ºüK@ôˆ‘ó®iÃuf‹,«Óv+¨²Yï?5ZÊT²¤:mÓþ±±˜P¦%ùG¯'•ãÍï`ëÞD"55¦ÈfµCÃÁÐpái"™
††w6û
#‘
+Š€ß…®àŒlŠW8]
×žýþÛí])Èýmæ–]åsŽP•‰X$4¸}³íÚ½1äsÒä®r?{åsˆ½î²©ÇF“ã‰ôŠË"zDˆºhbbêY>?g,§£Á`"yÿi&5&µB,1í·‹ÔÄ84œâ^O*Æ"š_¥ß»³±®Ðîpì™Ã…ÉÊgÏuöüWo¿ó?Íf),uŸ=÷U¥ß»Ê‰¡(¬F¼{çoÌè7Ç?\zG·¾r_+®^ko»2ÖÚZ=»µ¯Foüê£Ï.‡“D‹Ëï±qI!¢õã*ß6=G??W”ß?Ù09=–øÄähAäâã¨p™`,«Ð$RScöò‰(|ÎÅ.xDðzRi0Ñ‚¶¶Ø¬–³ç/^ik·Y-oüø•C­-ÁÐP04´³±î?×_)t)|ôñ™J¿÷å—Ž¯òíü.h­Ç‹‡ðúÓËS4“©±¥q «£¢¹¡lÎ¾á{m©ê'Ž·4ÔúüŸ¿|£¡’ãcS?E½²ÌÞw¢ÕÑUÕz®vôæTÈvwyk«ô@&Œå¸ªw?^ï(¬°¨Æ»:£»åÊ;FÚoŽ†ÍÄïtŒî¨v­ï‰l¼žT¼ï-Èfµ{æðGŸ)Ü2¹p£ƒ©›£MÝÍf³¬>8Ú¼ú2‚kï©—›EÝ<½ãV›ÝÑ(ün@Í\ïŒÂ¾@)f·W÷åÝÁdcƒU@n¨ýR70™Xô6›5ÖÛ7ÚÐìÔ
 ¢Ño?òÇ‰3ï¾sÕlÌ¥???ø~­Àx÷GŸâ‡u¨B(?pbÏ¹ß¾÷o=Ò¨xâ…gÜ÷?´\øÍ;ïÃŒ´âyêÄÓ\…³€×“J‚ñ€ˆc³Z^~éx!’@¥¿ÂfµCC…AGsï¦¼,~'¦?”?ß˜‡v¾lÀR÷Ä‘Èï~óÁu£Q/ëÔz#•áÚsä±Ï/ñèMëºIDATüû¿¶¢«¦õ±ýe§û&÷•ïz®%òÙ§ïˆ;Ÿþ³ÀòkHD +ßûƒ?k‘eE§¾´‡þú¯&[kŸ9UI†vÆwÚ¶ýém‡,AdCf^O*áoÿîï×»Dë@ÔlŽ‘u‘ÑñÊŠ•²)©D2…BÃ…N!¡±±nõ«µuÃïš}s´éÚºq´•«yŸÙä¬".º<Ñ}R>',pk3UÉå¡×oŽÏ•Jp(æq;Ö»k…!‘ˆ–Äfµìl¨›ºB©ø]hÌ s]L>¶ÑZ_âl`©Ù€V·àôeA£çÔf""ÚZˆh=Y?8P‡%DDD´Bì'""""¢"Æ"""""*b< """"¢"Æ"""""*b< """"¢"Æ"""""*b< """"¢"Æ"""""*b< """"¢"Æ"""""*b< """"¢"Æ"""""*b< """"¢¢’Æƒl<?-eyDDDDDô0•2„¯þë/®†KX òÙlV*e?DDDDD´°:¸(¼rúí7ö?ÿéÍ7ÿ×Ïþùý/:còG†/ýüg—
™$ÝùéÏ?éL?”
Îy/iàâ/Þ¼80+ÌHß|§má?üìgw&JÕˆˆˆˆˆVJ»†eÇ{.w`÷ãuæe¾.{÷Ì¿üzd÷Éÿ÷j»¨‘²±Áöoû¢?NÏÕ³$´?æÃåoµu4öØ§6NÜ½}¹|ïŸ•Ãnþñ©¸Å¸®5$""""z?5ë=ˆ÷œ;}úF|¡ý1ró«.Ï³/®±‹Zƒ³æÐsû‹Ù@‘â‘??H\V–PR>„cé©JÈ…ÁJR<2ŽMLû¥¿Pl86c(S~Îa@6^èÝíÛ[v÷}×¹¿%ÞÝÞÛzpg½ÝSnžÌbòD,<0Ïß:›ÍÞ¿LùéÃ©fî"""""ZckÓ{ï9wút¯óø©ãËí:@2)ßpÎÝ#G®|üáw¨ore»NUûá‰zû|%€¾ô¯§ûœµÕ>1vúãÌÁ“§ö{?îþÝ[7ÄíbNëqf»OÚ½úÒ¾r1¾ü«?‡+[üb¼í7ñ?|u·ñ®Ï>¼®­¯±Ëí§#žNò‰ˆwŸyïì°og?¡íbÖ07!˜¶ï<ôûÓwöz"iàÆ×éÖ“5"€áKo¾‡×þæI¤ðå_ž‰øš+Äè7cÏ©çÒíÿrF<ù“ÙîsÿtÖòòŸˆ€ÜñÍåùƒ¦e_C""""¢Y‹x»vúôµ0>óÖ­3swŽýøTË<­ÿ"I–`ÖÎS¯øí‹—´GþôÅ]vàÉ½×ß«­ç¿«[ ­¯õOúx¡”:Ëÿ{¿ox¿ÇrÍOÿ¸ÉÞýÝ/ÿåroã‰ÚáŽ‹Ö'ÿòH“8ð`ìúÙó–cÿùé€@Ãµ_ýþöŽWëc—>‰4½öÚ“>?ïûâŸûãsÞ4Ðô¤çÿ^ïÝ¨7!Ûwý²gÿOgŽˆ’.~lzíä;€–ªsÿ|u`ûÓ5ðáÝð?c]7"6Ë­»¡Çmv çúîÆ¿`6 """¢‡f-â?³öPÓí_ßÂ¡_hõæ¾¥nî¶é»E-ÒÒÜõŠRC÷úªv+öØË}ø}8¶`<äÄ@O_$™²Ã?Ý“?ö×××‹púªq16ŽzwÕîÈù3gcµ•UþÊ*?U›Žôõ™ái¿T(×Y2ˆ?ö`û‹>@çñVbN<Êš›.Ü¸¯ß?îý{[ž?Õ½ßJ£®»­0§9›1ÇÓêö»þ£k ÕgvÊ-'žJ¼ß}ïñ€¯ÿNûž?O-z­ˆˆˆˆˆJjMÙ·;ùŠøá§/Ú^;¾Ç).ëÅV?¿|äÎ@lwÙÌ­hDVšÒ£f­,04?víÃwv½v¬Ù&"!¯ç&wdsY ð‹¼”‡¨ÓÖ†ç²==>‰ô\|÷båËÒ¢5ÀV¾£¹©Ø¸oÞ§Õ!6#+ËÀ¢§c¨Ýµçì…®H9®¥>¿}Nã^k†»nwsUáÙîfh¶íôüá^¸ÉÑ‰?ÇÊýÉ¦Óý{•îÞC{Ž­åÔq""""¢YÖjj²aÛÓ'_Ù“íé›ç'ö(ßûì¾ìïOŸëÉJ€"¥c]?½1TÕ¶Äntd ÝÝyÝÓ²Í˜íU?ÄÀlw"‰È?ÍÅE§»Ül0²‘?»÷K¸u+œ€lwÇMs“ÏÄGby­Ùé«i||ßŽØèxÎà«Û;ÔÑ7
ƒÁ`0O¤4ðT5y:®wÇ@ŽÜê¸3íÅ@S«öÊ'Ÿ]1ïk˜»Ô’§ªÉ×q«/[(X”ãiìõÍÛ._øìš¡©¶b a_ß•3m#­;ËKVDDDDD«³†¿N¶=yrÛJ^(úž<ù#ÃÙ³ï¿yZGÅ?'žuÁà9òêø™Þüì?ÅíO¾tÀ'öÀž½í§ßúÙ…Ã¯ý·õ‡=~ò?Ú¶½ð_^j|®ñóOñžÛnp7Tî¸_x}ƒýî'o?™ÈÆ¤ò§^:Ð"ï¹tþƒˆÉn‘âqëákÍÐÕ=u2~æ·oýL28óY¾p¬ž}Ïüä­Ÿ_t˜íÛ÷øê›¿úå»[·}ñžÚ>ß¼iÏÁž»pöW?¿ 5kG%gëÑcn§AC qï'w¥â"°¾šÒÅÛMÇ6ôJ®DDDD´ûw_ª²Â—~þNýÍã¾REÊ*ZƒvöFY£?õ³º,AÔ>à1?îüô­;õ?}±ÑIÂ¬éÏóI’µ³6J²¢Wßé’— ãÈ¡õ$j6è=g‰ŒŽWV,<•9âÉ‰’”CDD´IÙ­¦’”ŠyÜŽ’µ•²…j¯<ü\jt%4ZÃÜ&ÜÜF<¦g€Ï0wi¤ùŠÅìl Ù`6 ‡¯Tÿ&ÑVÊFª9°o‹+=sýsQ#r- """"¢ù=Z¿a‹'û-ds¿&""""¢‡€ñ€ˆˆˆˆˆŠˆˆˆˆˆ¨ˆñ€ˆˆˆˆˆŠˆˆˆˆˆ¨ˆñ€ˆˆˆˆˆŠˆˆˆˆˆ¨ˆñ€ˆˆˆˆˆŠˆˆˆˆˆ¨ˆñ€ˆˆˆˆˆŠˆˆˆˆˆ¨ˆñ€ˆˆˆˆˆŠˆˆˆˆˆ¨ˆñ€ˆˆˆˆˆŠˆˆˆˆˆ¨ˆñ€ˆˆˆˆˆŠˆˆˆˆˆ¨ˆñ€ˆˆˆˆˆŠˆˆˆˆˆ¨H»Þ "ZL2ƒ® :ÑZ?†Êõ®ÑVÇx@DK’H¦:;{ÉÔíÎ›ÍRé¯ðû½6«µÒï]»7MfðîX?°™pþ&""¢µÅx@Dv¥­ýr[;›Ír¨µ%‘L%ÉBNØÙPw°µe5…Ûƒ¶îûO­F¼þ4¦²€£{àwâ“Ëè
.ä|NÕéø'MÎæ¡×‰ÂjªY,G|—ÙT%—“çlõ†M6ªSÎŒEG2 µ8]e†_ÆÂ‰kuz±ðóŸòÜë³ôk;o=—õ×YâK¦ŸËJê”ÏIí[õ'a•u#"Zã-&‘L?=w1>ÔÚ2+ú.·µßîêyù¥ã6«eåwÑÖ?Öúû[¬FLï7HfŽÁfB(¶X×ÁÄ??¼{ÃuòT‹knãuìög¿¾á}þÕÇü+¨àt‘¶÷.Üh|úÏ÷,éðtïù_¶?ZŒ¦?ÀêÃ¯ì^Úë75ÑóÅ¾ìËXmF@.•m­G?ì­4,öªtïù_~‡ÇNßiF¸ýíÏñÒOöÍsÊáö·?ïuJ9™È‹•»O<ÕàÐ¯ ®Køë¨J.'‹÷ƒâ^2ý\–Ÿ3'zÛ~{}¬ø$Ÿ‰f0í|—ÿI˜Uÿ™uÛÜT9'‹‹ä49—‡nÎ•Wå\zÆ£¹x=iuˆh1…lðòKÇ+ýÞD2u¥­}jpÑÁÖ–ƒ­-~ÅGŸùèã3o¼þÊ
ÊoëFC%ÔÍØ8•ŽîA8†¶n´uÃjœ‘"æ‘îjë¬ŸÓTÊöµuD€R?ò´¾öò>Q·œ—”µþÑ3+ÉMBôÛçSµ'_ÛíšŒ¹‘ž«á?æÚ£¯UC»”UûÔ+Ó’CvìÆï÷Ûv÷Ÿt-¿²Køë¤{Ïÿò^Í©©¿È^2ã\"mï]Àrr¦©þ{'§>´¡«ÿçsÌ8ßåšUÿe\çLÍôsæ\·l6Ëi¥ê™ßÛfš±_ŽÝ:÷Ùõ³^Lçlû??ßä ?vëË?¾‹šÍb:mm=q´Ù¹É¯C©ðzR)üeXGËƒÁH‚IEND®B`‚' height='200' width='200'/><br>]]>
  </system-out>
</testsuite> <!-- Runner.TestRunner -->
