<?xml version="1.0" encoding="UTF-8"?>
<!-- Generated by org.testng.reporters.JUnitReportReporter -->
<testsuite hostname="LAPTOP-BKSODKPH" failures="0" tests="1" name="Runner.TestRunner" time="22.071" errors="0" timestamp="2024-04-26T14:14:45 IST" skipped="0">
  <testcase classname="Runner.TestRunner" name="runScenario" time="22.071"/>
  <system-out/>
</testsuite> <!-- Runner.TestRunner -->
