<?xml version="1.0" encoding="UTF-8"?>
<!-- Generated by org.testng.reporters.JUnitReportReporter -->
<testsuite hostname="praveenkumar" failures="0" tests="2" name="Runner.TestRunner" time="45.325" errors="0" timestamp="2024-08-29T22:14:06 IST" skipped="0">
  <testcase classname="Runner.TestRunner" name="runScenario" time="32.295">
    <system-out>
      <![CDATA[<br><img src='data:image/png;base64,‰PNG

IHDR
1K«Í/sRGB®Îé IDATxœìÝwt\Õµ?ð½Ï-S¤Q±Ü{7Æc\0¸Ñlj¨!„B‡B^ò’?„??¼—i¤/Ô`bÓ±M˜blª±?‹\dKM¹åœýûcF²dY#i$<ï·òý¬…Ö?™sÏÝWZß=gŸs8•ñ€H•:ø¿éä!=€<¤?‡ôò?@ÒÈCzyH éä!=€<¤?‡ôò?@ÒÈCzyH éä!=€<¤?g—:€_ï¼ùš1a`9Šˆ?2¢Ø&&Ò,,¤H‘PîÝnbb!Éf²A¨Å¨xÄNTTöí[•¨¨ˆ—Å˜5‘"b"ÓPŸ\ûÎ–íéÜYû¸¢V$Ú"f2Ùm¿cEÚ?%¤-R!“#’±ÉÒÍÁä»kÐFî¢D²V¢”‚ê>‰a£&õ€nCzP2N8Þ$Ói›XÄ!cÉÞOåÌL$"mD„Ú?ˆ?b–ü¡0,ÛéÛ·ß¸1ã·ð ƒ®ªîk9®eG˜f·å*O.{ìœs>‰*¦Ü“;±ˆpëƒ|ÒÀD$"¬ˆ¤9X&f’ü>I.Ë`!é(`¢6wGÍW$1ÄŠ³ÿÓGÍ¸{ñÊýÿ×ø÷„ô d.¼ð2·ig£[?F‰É"+|¶åödùïÕYšŸßE„)ÿxÝüœ?{L—0EÄh-ÌS&tøìÙÃG¯H$
3aÂ„/}éKŽc;®CÒêÁ?(?
!BLù¨Zôe_Ù‹jÎ¨]ŽADœOò‘S>™hé¡å^˜©±)}Èø‘ûáo9œÊø¥Žàß”Ñ…»Ùíg1I~Ð`ÏSvîQ\„òßÃ·|OÍÏç”?Î½#B¾ï'“??ï?=&_¤ÓeAd2ÇqšŸü‰H˜¹å€Ú|·Ÿe_KnÄCš›µœKm8?ä°'ïÙóNÛKQjeÒìV}2ØFJæˆÃf§¶*.¢‘!¥ˆ&!²ˆˆH1“2DŠŒ!RùcmH)bMd±6¤,bÛ±bñøü9ó.¸èB?ð\7Ò­`žyæéË.û¢"Ñ¤lâ?ÄfŠ²™C‹ŒaKEÆ?•56¢–/Œ´Õ)Öš”%¬‰lÖ!)[8$±É„­/Úú}ÃæN»ýÎ{ÿ·û‚ô dÆŽãx‰Ý:¡º?ç8‡™?Hø†xÐ€þ'Ÿü©ã??¾OŸ>EtU‘¨˜2eJÍõDÿ0…¡:tx©ãø7‚â"€’qâ0MnewÓƒæÂ~ñ}ßóýò²2fVªGkUcÂ0°·¥(I„r¥>ÜÍ:¥}¼w'ºm}]#Bþn?*ztFJæÔ“N³3É?Ä–1ù©-{¶¶×£Lb$u2Y¯²¢êšo~sþQGõøž^zqÅw¾w­Ý¥4£eFqë÷s~ªB·sŒÜâKM^pÜ3¯ýÑO»w2é@É|üñÆh¦i³6N~Y 5OÚm~Ú6’Éf'N<ð«_ýêÜyózžQc2µþã?H“²r“?;êµ˜Ò£–åP»‡©)?Ý1fHW€â ¸ d²éT9%¨Òæ–ì å{ø6L,&TŠ„È÷}‘šš×u^¡{êêê˜±Ê¯1Ôj?¶­‡dOxÍ;"´‰|¯1?6Zµn¹P›ƒ\-”à¤ŽõïÅÛ€0zP27~ÿz+³+iU)ÑÍïí;= fÑ¡ˆöýpÈà!ß¸æUU½³Ö§6&“N~ðÆëoÜ÷ÀýÊRœ_}hŸuNíup7tØyA0å€Q—|ùÝ½/(FJfèàéT£Å?,”+Ü7FÆŽËOo9þÄ…–²Š¾®çyï¿÷îëÖ½»úÝw>|wÃúuAn¯Ý¾nã{oÚÜ6†âäîŽ;»ÍöW4FN:êð?/~¡øk@w =(™[7Ûœj
£vËVÈí´ì†A&•>bXMß¾=¿ôöÚÚ­µÛ¼Àw×²”eÙ¶m)Ûfcš7Zk§yc´â®Ø¼árWÛ1‘¡DÌJôZÜE »P\P2KŸzJ™´oÜ›
“1¦vkí§N<ù°#fq•ÚíÛžZöÔª×WI ©y‡bË²•¥ò{!­c‰²?~üïÉè"²
fò=²åÂÓÎéÁ• 0zP2ƒöÏ4ÔwåÿÂ?^øÛßýfäèQÝêÿÕW_½û®»ÿúØÃ›>ÞRt?%wòü.]Yê(þ]`ô d/zÂdÒ¡í&Ü÷óL^Æ#EsfÏ©¬¬ìnÿ±hlæ¬ÃŽ9æ˜xy¼,^®µn5`ï:Ž•L6uÿ&>A"âD¢}b½²p+tÒ€’©O6::™öÊ,2{ÕÞ0³ˆ4¥ROš<é É]ï3ÃËWn­ÝJ$n$RUY!BÙL6›É¶ô\Ü‚¢OlÝC·Ngæ†¦ly¿XÑW€îBq@ÉØ?š­ßâuØ`Ì˜Q?=öÄ¤Iv©;¡×W½þÝï]ûÒÊåõ?½gi?0oÆCO¢¸`?Áè@Éüò×¿S[Md #Í›ˆ11­³Ùàˆé‡u57 "¦m;·/8öØ3>}šmEEBn·•@«MÍ˜H$·£™ˆˆ?äöCk©?’6!µêaŸ/©mºß‡F†W¢¸`ÿÁè@Élxÿ}ì0±AÆ‹Å+Í¬_3uê!]ìGH^}åÕLÚ+?Ç¬ˆk)‹˜•ˆ°b!fE¢…UnÿÑ:0F~Æ"îSUIJ‰6"D$lÙ,bX©==P(d3"abÃ¬ÄH¾êˆ‘Å¢‰•1"KD³RdD˜˜I(l³baf!f1†9·›‘==33¾®Ž5Ã'}’Øé@ÉL;Æ4ínTW±ˆ1D6s M&“9çÜsýË_E#N§?lÜ¸ñúë¯¿÷Þ{£×²lË¶?6ÌÌLÚˆÅÄÌ¡ÅÄJ‘1DdˆÂ ¨éÛoüØ±ÃF?pâAŒ·æ?57Üp=31+ffV–¥r=³1BDJ)c1)fÑD³¥˜„H)ÅDÚ3+&cH±+#B"J©–;-”;1ß1-¬“6b+ªO{ÇÍ›õà£KöËP\P:gösaº.´Ê˜%_OÃì{~¼¬ü+_¹²+¹­Y³Æ¶í+¾t…ø6[ÌÜ¦v‡òÅDZ‡AŠˆ:pð¸ÆOŸ>mÈ°¡ÑHÄ¶m"špà„­µ[=ÏWJå»6²wW­Š“ö.êâAû7;î“™Ó=óÀAÅÿŠ ›0zP2õ;k£’i0qÅ:÷ŽÑÆRÖðÃ»rz†>ZŠvW)¥”ÊÏ! j)àWLA¦ÓéÊÊŠaÃ
uëùÞÖ-Û˜…:-õßçCÿ'€‰E¸ÌÖñš!Ÿàe Œ”ÌQÇ§›ê2ì(ÎON'3Ÿ9çìÛ~ñÇéäÿÏuuu_ÿú×?±$s™UsV°Gnj¯ïû$ôé³Îúò—¯0¡V¶ÕQ‡O=ùÔÅ—\bYlYvûÞö(z]Óî&BÄÔ”
Î:nÖ­w>TìU {?”Ìá‡M·³»šÜ>"2F´‘/œ{n§¹½üòË›kk?YxŒc;ûzfg&JeÒa¨?uÊ)çœ}vYYYáûô©ž>cz¢"áX¦û3;Èí{Ð˜l6fB±×€nCq@ÉD\¥ÃÛî#F[–•õ²®ë(Uèé<Çó¼À#ÑˆÕ<O ·ÒOîÀ²¬T:•ÍzUÕU-ºBkÓ¼âéžÞš×%j©'’\îAûl¶?%W&Ô¦“®?ÈÄBLAƒG?ä6Ð[0zP2§œtšãèLÖ°âÆú†#‡ÿò—¿ìSSSø¬ž}á‡?ù¡—ñbÑ¨!­™)­™Ørì]»võÔÿÚÿüÞÌY3ºÌÓÏ<óýë¯wÝˆRl)K“Ë4Œ£,KDŒ1–²„E´aV¬ÈhafVl´a"¶”1Ê²rlY$$F³RL¬?VJ)æPkf¶”ÒZSîÀ±-«åÀ?¤š2óíÿºÇ¿lè¤%³}ç¶ˆNïÌŠcq:ëêÄSªút’¤Ò©{îûÓÆõ”e)•ûº=ÿe¾ˆ(Vž$*ç}þ3gMïn<;wí²‘Ü®D’ŸÕ ¹ÝÒ¤Õµö\”ˆ™YDrå@-mÛçÆXDˆssŽ13íãÄVW¤T:½£iD‘¿_è>”Œö3ì?2a†5Õ}”ÕI-?Ñf÷îÝÊ¶”R$B¹YÍ9YÏ#’Dy"‹u7˜0šš²Ì&÷2ÿ¼ž_©ÕFÆ-¥V˜¹Ý¤„–¥ùƒ=?Q«O¹í*H­nŠˆYn˜ä²¾Ý½(FJæ›×\“mÜ–•x&?ºàÂóO?íôÂíßzãÍ›òã Ô¶²òÏî9B–m??°ÿÀoü~¹½¾ê?[o½•™ÇÏËj-¹Gú–ÇøN~îÕcûeO÷J'ºðÓ0Ïž2þ’¯~§ˆ;€" =(™eO>m55mÉ¦*×|ë›…û¾óÿøáG.?—“í¸bt~è@)ßó˜Õm¿øE¢²¢¸`¶lÙúøc?+›s•EJ±í8b±Ñ¬”Q–Êí|l´a¥Œ1J)1†ç3#ÌÜ’-p~†q.Åh5P$†X‘˜æ1
EbX±a¥ÄRJŒ±,Õ˜LÙþÜKŠ»%è>”ÌÖÚõeÜXTE,5røî¬²hý†õ¤H‰eÄD¢Ñ¬Ÿvl7}Ûrê¢ndìØ1Eãg¼­Û·f²~6ðE„ÈÄ£ñL6‹Å3™t,M§³±h4“Í$ÊË?PyyY&›?F#^Ö?Dlß7ŽcaèØ*É²Äf"ÒLŽ‘À¶œ0ôm;Y×?z^6?f³™h4žÉ¤ãñX:?‰Çã©tº,OeÒñx<•lªN¨xÅ°¢ïº£%óØ_ÿ–õ›$´Ï>ëÌÂ¹?çûwÿïÿnÛ¼5?ˆä
ôóó†«d²ñÈ£?:úè£{ÌG>ºï¾<ð€³?ûÙŽÚè \¿~Ã›o¼¹fõšú††ÊŠJËV–²Ú—µhûf.[È­X*¹yÉ¹ÅlšæÞÉMn´?bàIŸ>¯'·]‡Ñ€’<°CC}<^þ?¼tÐAhùüóÏ/Xp\îûÿØñxùÒ¥KæÎ?Ó“`yä‘3Ï<sÞœyK—-íhö‚‚´çm«­}ÿý÷Ÿyæ¹®\ñòk¯ù¾×“ëvê˜Ù3zå'zh?ô dÞXõª4IYõôiÓ
·¬««[½úm¥˜¹Íl_¥T:?ªéÛoê!‡ô0˜úÝ»ß~gmß>5ãÆ?S]ÛLÍ„úí5k¶×íÔA ?vl'‰X–•[¢T¤è–ó˜9u¿Ê²QÜÃ® ‹P\P2uÛ·&Ó©Ùó
?ÑîúúE‹ž¨ªªh·%“?£F?îyn@DÉ¦¦uï˜’;fu-=P¶uÐÁ{‚ßZ»õ©'ŸNgÓ}kj”RÊRm*?ŠH˜LÚºjT÷O€â =(™sÏ¿¨¡¡~ÉÒeÃ‡,(Ðìî»þ÷k_û?Ž>ýÁnœ3§GeE9Ï=÷âùçá€^[µ*fó¯ƒëº¶cß÷‡ûW¬|ALÏ#Ê;æð©??ûÏ^ë
Bq@É,ùÛ¬õ‚NH$Ê
4{ýµ×7nX¯[‡†[fø)ËÊd2Ç· ¢¢²çÁlÚ´iéÒ¥ƒ‡=î¸–²ŠîÇó¼gž~fÇÎºhÄµÇR–m)“Û¹ËC¹–Žm×7&‡õKL›S(}€^„Ñ€’2tØˆaýç™LÚÃ¡Ã†2[Ì*Ée,”ñ2³Æ?ë•Ü€ˆª+ª&OšÜ¯¦?ÅÅçD‰DN<éÄÜñ»ï¾óñ¦-åå•1×?fVŠL(ì0‡b+"£…¦@ÄfeD¶l2¡°ÍlÈÔô7ý*Ü^¹Aè
¤%süq®ûúå_û¯›´yô‘Ç.¾ôâL&Óþ£xYù“K—Î™Ó·W‚yîÅçO?ý´yóç?ñø±x1û.·g±úÅm·<óÌÓét–L‘3•??êð‡¿Ð+ñ@§?”Ì—®¸âø“Ž)ÜfØ¨áß¸æÒF+æ–µ€˜Y›?ƒN™ÒkKúLœpÀõ7Ü0xð`Çuz«Ï±ãÇßû§{üÓýk?|Ç‰DÇÍ­iÔÅÓYq&:¶oÅ?ÂÜ€’©Ý¼yô¨A¤"5¢Û¶g=Ï¶­–uBs»†éPÐ??öV0¾lÙº¥ª¼¢ª¦º·úl-“Í~¼ñãX,jYVs’°÷BLÍš?b£âŽ­òI„í!=(™Ù³f¼¸|y"‘è¨ÁŽ;O<éø?Ö­‹DÚ¤Fk!¾çžûŽ=¶G;%·¶èñE_8ÿ}úô™>m†íXñx¼¬¬lÔˆQcÇ?:tðÀ~úô«±m{¯?ºnçŽ?W_ý?'/Šº!ÊmŠÜéY©löŒ£¿ýO?wQè.”Ì?MÒcF=pà «õFLaÄbåcÆŒîÅ`úöë{äü£…´úaÈétzÓÇ›Ö¬y[-³G?9eÊ”©Ó¦Nž4¹¬¬ÐDêÂýßrë­Ã†ý×¿þ?Å•2"?g~h˜ÔÉ¾Ð‹0zP2»wíèß¯Òq:|à#;êvZJµ~Šfb-:êº‰ÊÞY³('‚d2)F„öT1‘Ñ„¾ç{b$‘Hä6EfÅ}*«I9’P·³.ÛuI„š—j¥=EÂL"ÄÌ¡1•¶gb˜~°Ÿ`ô d.¸à‚‡zØéx&ðÒ¥K¿ûÝo;®Ûüäœÿ‘Íf?:ó7¿ý¥ëöÚ¢Ÿ+V®üæÕßPqË¦BÄÄBBÄŠH(ÔZDH„™ûÔô?>íÐÏ|æì)S¦t·âè…^¸é7ZŽÍŠ™‘H>O`ÊMK`&fÊxfþôn¾íÎÞºM(é@ÉDìSX A]]] ¥"žplÛäžË“P¨©¬<æH,ºÏZÙª¼¬R)&""&""abbEFçÞ/ã?öøÒµkß¹ðÂ‹Ž[¸ [“¤O8ñ„¿ÿã¥§Ÿ~®o¿~¡ŸR¶cS~Ø¢å¢ÄLŠÓN¤Èr&(Š‹J&ð2‰)UÑQcL6ëç&‰01kmGYV?ö/Û‹£?6Få
{rOç-¹gwf2Fˆ‰Å(¶´HdS©tŸš>ŽÝíï›“$?FDÈ²ìÜÒL¹u™šˆ‰Ø$}B†°Ÿ =(™ÿø?ÿøÙÿü$‘(ï¨ÁŸþtÏã??VU]EÒz
/§S©£Ž>ú’K.éÅ`V½¶ê¿öÓˆãØ¶-ÌfÚ3™XZ<i­³žW]‘¸àâKfLŸÞõ‹Þuç]?üõ‘:šZÀi/8dÂÈ+¯þn÷oŠ?â"€’yù+?1¼ÿþûK—.-++SªÍ–h??Éê>}z7˜;w>÷Ì³aØ¶Ý²!A›¥…
.2¤µÎd½çžá¦›n:õÔÓ”¥
µn6ó°Ã~~ËÏW¬X?F¥]ÿÌÔ”ÊøGÏ¿²û·ÅÁè@ÉÔnÙ2lèÇí°j?•JÕÕÕ)eå+|ò8‚ŠªÊêªª^ÆóüíÛ·m²Ù¬ÃÌÌ¬,Ë±mÛrò4Wþ´—›?œI¥le?;ªë×M64ÖÖÖº±¨½¯Z)m¸L¥b5#{pgÐ=(™»ï¼ëšo]ít¼øÐšµk|à/®ãîÉ„˜)“ÍN9ä óÎûBÑ›”µ÷á‡ëîºëÎÑ#Gœ|Ê)¢eGÝŽÚÚÚ>ø`û¶ñxÔ¶Ý½÷)?æñ…=£¬Åd3™òòòË¾xé°¡Ã:½n¢²bwý®Ûoý…ãFˆ¹Í®LY?œzà˜Ó?wAoÝ&†Ñ€’™zð¤—ÿõ¯ÊŽ·/X´hÑ©§žZYUÁ¬öì2ÌÔ”J2eÚ³Ï<Uô&eí=úè£§Ÿ~úü¹G.Y²8?d³ÙT:µ»®îƒ×=ùô²7ÞxýÍ×ßô}Ï?¸$Ôœ–ìs$?‰(?ÉL™6ýž;ï;vL§—njjºè’KþËŸ+«+I¨Õ0§Óé£gÏüË¢gzë6 0¤%³úõU‡N›dw¼-Zãîú5ï½çÚ6)æV3´1±XìÀ'2õÚèAC}ý«ßÐà„qãÚ÷êeý>ü ¾~w¨“X–?Çr‹QóœåÖ´æúÆÆñcGÖùBn××_£ººšIn?&âÜZI‰ˆ5xÔÄ^ºKèŠ‹Jfí»ï4e’Ýñî–ã®ûàC#Ú²¬6“„…<Ïïß§o¿?½¶?ðÖÚÚ7_[5qâ¤Ñ£Gµ_¥4u'M:°ååªU«–/_ž(/?ÆbJ)cÌ>F„7|ô?1râI'4¸ðÕkjjfNŸñÀŸŒÅ"®ÑZçê¨¼@?PŽô`¿Áè@ÉÔTWÔn|¿²ßÐŽìØ±ãðY‡¸îÃ}~ú›ßüöòË/ë­`¸ÿ?s>wÎá‡Ïzæ™gc±X?–F›­µ[ÿðû?üöŽßnÙ²%‹z™l?ösgÏ{èá¿ôïpõÒ¼úúúO>éï+_r£?ëµ¼ìá‡>öì?ºCP¤%óÁûïNž0@¹ý:j`Œ<ÿì3Û¶ns"‘ÜÎd’_ÂˆÓMMÓgL?ð É½ÌúŸ}êé1ãÇÎ™3ÇR]Z–ôý÷ßÿç¿^öš2å‰„ÅJŒ°?/2ÉÇiBÝ”j:éS'8 Óß^»öå•ÿˆE£¶ëÙ*lò‡é3uöÑ=¾?è”L²n[S2RQÓaz O:h²m»ÄÄªec"bcúínl‚Àq:.NêŽªDbÌ˜15}ú¨.Ïg7nÜ¸qãˆè…_È¤3åååÒz‡–ÙËÌ¯¼öêÀ§M;´p‡“&N¬¬H¼óöÚH4J,Ìô¡êªŽ—v€Þ†ô dN8õŒ¯]~ñ?ùY?6¯¼úÚÉ'?ÔÑ§=ôÐ™gžÙ+ÁümÉ“çž{ÎôiÓ_\þbáâ¢½A°éãM_¹ê+»vï*ÐÌuÝÇyôø“N(ÜÛú?Ö/8naëwN9rÆýKVv=è¤%ó­k¾5kú”ÂmfÌ˜ñË_þ*ƒ½ö#³m»1™4p`o3múÔo¼qØ°av»yÉ…9ŽóùÏ~Ô¨Ñ+–/·Û¶íö[§1s*?2…7^&"¢ÃgÍúÃþ°{÷îH4ÂÄB<°º¹
ôæ”L²~W„3‰~#,U¨ž'•JíÚUµbd)£Y³01Ã^6=tÈPÛí…ïz¼¬·­¶¶¼2Ñ§ºOÑ?ìÜ¶=ÙØ¯('b!aÉÅ*DL©t6?öÐù$„MovØ&‡´‘¸Êº•CŠº£%sèÔiåŽ÷Çû›=ûˆÍ–¿¸üŒ3Î´-KH8·Å€!RDBlñW\ñƒüÀ²¬³xñâóÎ?oÎa³[¼(âYîÿêk«.¾äÒÆ†úÜÔäæÊù?•µÑC‡»ï¾{¦M›^ “ .ÿâåÏ=û¬mÛ:4'/8âÎ?ÿ­¸x »?”ÌégœÂÞ.U`ã"":xÊÁç_ø…º?»lÇÒZ‹1¹9ÊB$D‘h4Âž§C‡ýô™Ÿ>`Â„žl´vìqoºñ‹–,r'‰Š˜Pk/›Ée5–m~¸­v[áNÇ¹üÒK«*«³^Š•5{æ!=ˆºÅE%£Äç°ÞSUenœœ#"™TÆ‰8¢E8ÿe<Sà‡:*«*{ŒÖ:›Í(ÛŽºæžnÆÜØØ?ÄrA¶™ŠÀœjjªLTXN'ùLÖ÷H‹²Ò!%ztFJfÞÜ£¨a·ÐïÁ{1bx?–®ûð¼óÎkJ68ŽC¹ô€Œ%¶?µq”}óÏ~zÌÑ=Úà©§–]yå—?˜=û÷¿ÿ}ÑÅE9Ûjk/¹èâõ›>ŠX.‘?Rd$ ’lJ}îs_¸ö{ß¶¬ÿ‘|ÿÆ‡yÈ
õ±óÿáíèI<Ðu]Úø>åå±²ŠúÝõë>Ü÷¾È-†>öüP¥lÅ¶R¶b'$ÑÄ¶ë¦ï‰Ç‚ 'Á¸v$^V‹ÆÈt¾¾Paý8ó¬Ï?Ø¹µM¤‰C#†Ørì·×®nhh*Ð3|ðÁŽã„–c»=­›€®Cq@ÉXA½¯ª¢+‰n,F,ÛQlå¾_7F˜E)KDß+/?;=øÖ_a*•rc‘HoQCc“af•ï!¥˜ˆÃÐ/OÄ?N&]HccÒˆíª,9(.ØOP\P2—^|‘òv‡V¹û¯®›<yr?Æ¬xñâÅüãËq1D$¹‡x"1J‹œvò)\t~qû(¿ñ©ìu IDATæ›×ßpÃ¡‡NýîµßíìÁ½KÖ}ðÁõ7ÜD¶J5òuQ¾L›6ã{×~Ï?t|!‘ŸÝrÛKË_˜;ëÐ«¿{cÏã€®@zP2/ýýŸŽnÌR<ÙÔxÐ!Nˆhâ·lÙº{÷.¥ö.ef"Y÷î#F?\¸àØ"‚©ÛU÷ÒÊ¬Äô¸¸(gð ÁÉÆÝo¯Yã8NëÙÉ¹¬fÓ¦Í]|Ñ¨‘#;<Ÿ•-ôêk¯ö¯èÑDè”ŒßÔ³Òª¿—IG·ª¦ºÓS“Édyy9I~bÎýgŒI¥R‰XYeßÎûi/‚Ý»wÇb±D¢×*yêëë}ß?¸‘½BÕFg³Þ€ý¯ÇšÍd’É2GT¬˜;€"`ô d~~û¯Ø«Ïh×R*™j:ú˜£N?íôÂ§TTT¼ðÂ‹K—,®HT6?sïÁÌFë¬çÍ?7ïô3N³T7&õ®]»ö÷¿ûý¤I“.¹ô’žï¢?ãF"·Ýv[c}£eïÕ!{~vÒ„/¼ô¢×Êd3·Ývû°~•ç]vU¯Ä?Âè@ÉŒ8 ÝÐ˜&?{9á€Ï>ýìà!ƒŸµêõ×O?í´6hã:î7¾þ?k¾ý­ÊÊŠ.óèÃ=ýÓgÌŸäÒ¥OF£½SÏãg¼SN?åÉ'—íóÓ&Nxñùåýú÷ëèôººÝ‡vøˆþ•‹ž]Ñ+ñ@§?”Ì¦ë¥±¶Q•ëÀ³,+ÃC=´Ó%Œˆhã†?ë7lpl‹-k¯5†DÄqœL&†áa3‹Åc]¦¡¾þ?÷Þ«©î3vôÚ»×â}¼éãM?Ví†DÈu?ƒ:Øv
ŒcËšµï©09|Ü”ÞŠ
Cq@É¬X¹"ªëÓªŠE‘1æÍ7ß<õ´ÓPøÄá#†—'Êï½÷?xÌ%bÉ­b$BùµŒ„™?1«W¯ö<oØ°á.¨ªª*ÜçîúúW_yeÄˆ£F?²¨×¶(‹—½»v­¯µeY¹ùLù%Œ|?ˆÅÊ&NœÐñÙ¼k×®¦­ï"=Øo?”Ì7¾þõ2ÊlJSÔVÌ†¡õóÏ¿pç]wF;C(++[¿îƒ_Ü~[$ü?•(ei­‰È¶,­??±-GëPYÖ¨#¯ú?+O;íÓû ^}õÕ+¯¼rî¼yG}t,ÖÕ1‡N564þ×ßß¶½–„”¥˜IkafÛ¶RM©k¯ýÞ?7~¿Àé[²tù’Ç—?üùÞŠ
Cq@É¼¼òÅLýf«¬Ÿè?¬ˆ"Êd²Šù¤SObî|WûL&³ì©g‚Tª¢ªŠ˜Y˜Y´h&%Ì"Æ"6Ì"&¹k—&uø¬™#ÆŒî¨·Ûv¼øÜóý÷Ÿ3w®êÂÕ»(ƒå+þ‘mh°#ÑPB‹“6*¶_?=jÒäINÿ£?·­_}èáÅ,Õ
EÀè@ÉXìTWÔøN‚Yk!bãÆ#&0O.^rÄÜy?,0‹ÅN=åäL&³ò¹ç™íH<&
‰a––Èˆˆ¨¬l˜YûÞ»o­~›H4I4Ø¯ÿ?áCª*«mÛ"¢Xy¼²OUy,j„T¯M= Ûvì»Ñó?¨å?M$L®EŠˆm;ÛÔ”c¸Ý6-jª*šÊ±e2Àþƒô dÎøÌ™^ºÉX–R*_‘/dÈ4%›.¼ðÂ_ÿú×]™¦LD+_þÇ?üc¶-[YùùmíµªÑÆèÐµía#G÷íWS??=nÃÆõ?>öØ¼¹ó–>¹Ôî½â""úå/}ûí·UVT´lŽ&DÌœlJNŸ6íÅWD£ÞæË¯¼rë?ßzxÙß{1(é@Éü×w¯‹ø?õ*j±‘æ9L¤µö|/‚®¤±Xìºëo8xê´×_yÕ‰ºQ7ÂÌB¹ñƒ½å†r›“‰¥Òij!9´ß¡ÓgÌ˜0a‚ã8½{›ç}áÜAƒºŽË­2!ƒpÀÀ?N¡•‹hòÄÉW~ùŠÞ?
ÀÜ€’YûÆ+•?Ê˜LËƒ»1±“jJ?;¦ºOŸ®w˜¬oxû?µ‘H4‹ŠáVù@[’ßhY”R-‹…aXYY1lø0îhþrQ“É?Ö­s\w¯Nµ6–R'P`U/nÙøþ€ác{1(£%sÂI'…©úF_1·©þÉ=Ók­§L>ð¾:ðÀ‰]ìÐ×á²%Oþôç?OeRÜRÊÓªÏ6í„Z9þ’%K¢½Z\ôûßýáê«¿fYVëéLj=bÄˆ·ÞZ?H”wtî[kß¾éê/Ý»ø…^Œ
@zP2W\y×ïª³#$fïÏ˜”‘º;×®^Ýõô ¦¦æ¿n¸næ¬Y‹??f¶-ÛR¬ˆÚæ
ûÂÌ^:=jäHËí?-“[Lœ8áâ‹/)¯ª0¦íc*ËÊl§Ðýjª?þÔ)½€â"€’É¦›\[¬hBiè?™[¾àÏÏ'ÖY\]U]Ü%6oÚ,$e‰rÇrˆI)eŒÉ%¹Œ!÷?¾EØÊø^4‹ôvzàûA&•²#®ˆ0±??+Öa¨X•w<t@DZ(hÜn"EÞ>tFJfÎì¹••q²ìtS1-¬X1kc˜H)jSQ^ÞÐÔxÄaGÜðýÜ­þ}ß_¿~ýï~ÿû×ßXø?ãØMÉ¦DE…ˆÑ¹mŒ‰´6¬ÈR–1Æóü©S§Þu×]]\1©‹þó?¯yâoOÄbñÜ¬kVJ)†aS™zÿý÷«},¶”÷âŠåwÞòãßÜû×^Œ
@zP23gºkÃÚ]¡?¨¨dRFŒ¥Ôž
&KÈ°ÔT÷]»fí“KŸ¼ð¢»Õ¿ëº³çÌ?~ìß_úû£?>þáGÆbqKYFŒmÛDbY¶1bDâñpà€ÜñÃzqŒ‘ªÊ>nÄebÊM´`#Zdâ
äDd[Î€ÁÃz7(ÅE%ã*m?a¬j²,!!bRŠ˜ˆk-F‚ÀÇ-°E@i-J±1¢µN§3~à™Ð(ËŠFc¶mÅ¢N?MÊŠcŒÑF+¶´"¡ÜÂ Œ¸¶²
Í=¡ Sª²Þ:‚Ñ€’Y¸ðøò'CÇ"CÌ”›>Üz}Ÿ=«11¥R©ñã'\{íwÇ?+~¡OËâÜO/ëíÞ½cÛ¶[7oIeRÿüç?_ýõéÓ¦ÿøÇÿíFzí_‡·ßzëëß¸&›Í8vsŸœK?Ä÷ýï|ûÛ'œtb?Óqû¯6®~õÆ[Ó[ñ@aHJ&Õ”ªû¸!u9ô‰™Y™æYFŒ)¥DŒˆ(e‰‘¼ðÂs›¶lüõm¿À¸^=‹?1rÔ¨Ñžïm"‘È½÷Þ×¯_?²:[ä¨;Þ\³æ?7_¯ª¬!ff&c$W¿¤µ‰Ø?ü3ôÖê··oØØ‹ñ@a(.(™ÀË’Ÿ´bU–e‰bRÌ¹¹Jqn’@ëU†,Ë
ý0™nªªªŒöêìa""’ºº]ñx<‰*ÕkÓ$”ŒŸ&VLJÈ´l¸&bÂPÇËâvÁâ"Ï½Ì.+ì/=(™o\}uuu\Ø£-V†LûýÊDÈ"Òd,R!‘b!²E{/¨ª®þÌÙŸ™rÐÁ½Ì›o¾uÇwL<pâå—QQ¡Gö®khh¸ùæy¾¯˜™•"cHi"ÛÒS¦L¿èÂ
œ^·}ç?~Ëèþñ/|é›½t
£%3jÄ°p÷Î£,›ˆ”ˆ0íµ?š2ŠÛì€ÌÌb„•¥EÆŒýÝï}÷¬³Îêù`Â¢E‹N?ãôc?Yðè_ÿ?E{Ø[ÎŸøó9Ÿû¬e[J‰2ÄL†Hˆ¬0¾õŸßþáM?(púŠ+Ž<æØ…GL{hÉó½t
é@É4ÔÕ?;3N•Eºyj²´ 0‹ç—1"jYÿ3¿ú±!J66Š1Ó¦Mëùj¤©TjÃÆ?••ƒì­Å‹¶oß¾cûŽHÔe&!¦ü¢¦"ÄÙlvø°á?+D^ÖûpÝ‡•1§Ï ‘½t
ÅE%óÐŸÿRå„Û‚¨Í¦Í÷?™?‘gž}F´)++?|öœC§NQE=Ü×ÖÖ>ñø¢ñÆêSŸê•Ò¢u~øÐÃ;ŽÓ.uaÏËNš4iò¤ÉNg¢eË–­~û­iGÏEz°¿`ô d†ì/õ»™I„›ŠþID‰òSO;ã¼Ï~ÆÌ™UÕUÝ
æÁþüÙsÎž>uÚò—–G£±ÞZ6›ýÌYg-zâ‰\fÐ>Ôo~ó›?ùÉO
ô°kwý”ƒÞ´éããçÎxxÙÊÆ]„ô dÞ]ýºÞ½©ÑígIØ“Ü€g3YÇuš’M^://?böìêêî­öS[[ûòËÿì[Óoæa3íÎÖí”1æé§ŸVŠÇm=q‚ˆD¤)•:læáýû×èÁ÷ƒeO-ó²™áj&MŸÓÃx ‹P\P2nØ8 œÓ©”M¤IÛd…Úd7ÿÌ½³×O¥É(R†Œ"%-i³Ÿñ]Ç?Tº¾ÖÏ?û|`BÒ?Fû0jÔèýû†•"-Ñˆk©žÖyž·dÉ’ˆí„Ji_‡dlR¹Ÿš%“LM™zHáÜ€ˆÖ¬Y#ÚDÝ2Ûv{tFJfèÀþ•¦~}ò“½J48°ß„ñvøá³f6jÌ¨AýºÑˆëºV«=~ø¡Oú¬yóæ>ùä²h´ø•‹´ÖW_ýõÛn»Ý˜'T,[¶lÁ‚:©«Ûyü'½ò¯—‰hÁÑG>ú·eEÇÝ‚Ñ€’¹óî?6nZ“v(2ÅíT,­6J?v›&äÞÃ0´ÑA:?z÷½÷I‘"0``,Öf‚Áa‡ÍºåÖ[†æ8N±7D¹½Û&Nœü³Ÿþ,?YÍ3rX©TSSUuõ‘óçîÄq#—]|éœO¬†ô/ïI<Ð-=(™wV¿?eµê¯($"C¤¨y_€æ—šˆ›ßÏ½T­fä^æ2?Ü§-OäÜü²yße"­uÖóBÏ7$Ìœß–Yˆ™mÇv·ªªzÄðáTìº¦»víZ³vmEEÂu#dŒ´[ë?‰'O.´`QÎÚµk/t¢‘PsEÔï7dB‘@7!=(™1#Gxé¤oDq›U}r
¿Ìí#@­ÞÜëå>ßÉ¥
D$$Í3†9÷3§2™cŽ:ú‰Ç¹±b6Yûàƒ.¼àÂ•/­H”—›Üp7‡-DD©têª+¾rËm·Þ¥aóæÍsf±iÓ¦X,žÌxg;ÿO?.."(Š‹Jæª/~ÉÛùQ­$ÖÍïí?tðØ/­>jÑf5£ÞiÝ¸ÍUDDëpÒA“Ù)rìà_¯¼2nìØ©‡N5íK¥˜?°mëëW­ÓÜ¶mÛqÜq'ÚŽ%B~N;p|qñ@0zP2µ›7V%œ€ã,ÝÞmŸ?üÅiîŠƒÀ?ÅbÕUÕ¬º×w:?ÞV»?-?DX)iÉr?AÀFÚ•`6oÚ¤”²-›˜´pœ<§r@‘÷Ý„ô dž|`?Mza÷žÅÛ?/t÷ôöc”ÛªÀÈ1Ç{ç]èú¶hbÌâÅK~ô£®]³Öq]æÜZ«m(fß÷/¿ì‹7ýè?vxû¯~uãõ7ägK(ËÙc?œ÷û{ÿÒÅx ‡P\P2Ç/\°cÓGa$AFw¡ù'Œ9?N>DYÝø§áíÕ«zè¡Êªª£Ž=FÄ´O;”bÏóËÊÊ/¹üÒN{ÓZøÁ3fÎŒÅ"Æ3ù?™0~T·ïŠ…Ñ€’q-²Èg§¬Ô?ä¡f"e)ÕÙô"ò}_D2^6æF•RŽ»ïåP³Ù,uq#­uà‘h´åúbÈ»=ÁÚ¦ûFJfáÂãËEZŒP®Ü?w DÒö?½˜‰ÛäÎÚ{.²äÚ«[aÓº[&6:ÜÝ˜<xòA·Þz«êàYŸˆ²Yï½÷Þ½ÿÞûþùò?#Ñˆëº¤)%${…ªX%+ûô¹ùæ?ßùôâ·V¯þÎw¾ø^Ô?†l%ÄœlLM›2þ†›Ñ[¿s(é@ÉèPv¼»zK@å—Ý÷¬‚Ö+5´¬JÊ¹b&""Ù×AnÔ–ƒÖ¹Cë3éÔˆ¡#MÇó¤wÖÕ=øÀƒ~ðÁ-›·x¾g»ï{s®ã|ûóçŽ?®+¿?ÅûÛkÿzÍ?¹Š÷¬óšñÃÆéÊéÐ+P\P2:ð”ß?á²"V.ú$£‰h¤ÃB t:³cÇveYñXœEdß5HÂ¬|ß‘X,VUUÕÅ«ïØ±ƒˆ”²Z¿©…ËL–+úv÷^ 8=(™/_ye\eÒœ°š÷/fÎ=u7ÿ$¢Ö/Ûµéù)­_??dð?ùóçíÚ]Ÿll¬«««ÝV»{÷.âÜZ¥Š™mÛffcLG(Å©¦Ô?ÁC®»áºD"Ñ•ßÃÇ›>¾áú<Ïw‡ˆöÄÆäù2÷?‘çù;Ÿü_é@)½üÏ˜úm[²RQV–L§Ër]»)?­,/kH¥¢®ËLéL¶ª"ÑÐ”*‹Fƒ0Â0QVÖ˜J%âñt6ÃÄ±h$™ÊT–—545E\×¶¬¦t¦*QÞ˜JÅ"#’Éz¹—eÑ˜øÚ˜òx¬1•®ˆÇ›2KY×iJg*ÊÊü p#î]ÿ{wøÌ–íX–RÉd*QoL¥Ëã±¬ç#e±hc:]QV–L¥Ûv»)?­*/kL¥\Ça‘~ý\páÅåå]šOì{á?ß¿ñ‘G²m'?õª*Ê›Rñh4Ôaà‡N$*Ééçù“ÿcŠ‹J©nçöˆi’Xu6??D¢Z‡"l;ÊÏz‘h,}&KYxA4õ|ÏRŽ?6¡‰D£Y/ëØ®–€4¹×Ëzv$ž"e9¶ïùn4ê{i[¹Ê¢ ÐnÄõ²×q‰Å‰8^&‰DµÅ°åX?çYÊÒbÄÂ04ÑˆãF"
ü0‹y^Ö¶]#?hq#‘¬ç9NDk?D9Žíû>³J65úž7tèÐššš®ÿÖ¯_oY¶qÉ?ïgÝXÔÏxŽí’2a(QÖe5?É¿ì?Ñ€’¹ëÎ;U¸?q”ÊÕÒ°°ä¦aË2bØ?²”ÖZ)EBB†ˆYˆ,6Ú(V¤Èh£”eÄ0‰(–Ð(K‰I¾VÌ’Ÿ…,Bª¥&c4³ÅLBÂÂJ±É_Š´EŠE
\ÑˆilH:äìs>‹uuK5"zî™ç=±¨¢ª‚‰m¶+ªÄ,Æ?Å¤…Yi¦ñƒ*?<ùœOòï{`ô dìßØPß“-?ÿ?°,{á‚c¿}ÍÎšsDnþ@W¼ôÒßO=õ”?;wn¶`ÎŒGŸZÙa@ç?”Ì{kWKrK½©Plˆˆ„Z–ôlYw”„„‰ˆ¸ÝA»¦­Ú5c"iþ´õGù+æFöZCµ]ûÜAîÔ ½lÖ#d×ô­œ5}†êrb?óÎ;ï®[÷a,7Æ[–j<y?X3izO~ÏÐu(.(™÷Þ][UI
5/lº×Öí„Ðu]ï¡+—f#™¬—nÊ2ð„Oä.ì¯ÜÞ¦M›—¿ð¢w]e5žjÎƒDöÞFAk®t*Š¸£%3d`ÿú†úRGÑm#G?<bÖìÏžsöÂ…#‘HwO_µjÕ¹ç?»æí5]lüÜ/CqÀ~‚Ñ€’yðÏ4nx¥ÑÁ¬ÅY”EPû:ÐDŠˆ;;Èí*–;"ÓÙ?!’=—%¡Šˆ(!MB"$ùþ‰DÌ€~ýæÎ™;pPñK%/¸àÂ~ýú“ˆ)3Ð§¬Ç¿iè*Œ”ÌªU¯õOP†¶*u(DDd´ÖFjúô©H$œˆ‹Æ¨˜Ò¡}ôÑú-[6Åbñh´Ã?™[cæ¬—­.?÷:º7ã€Ž!=(™Áû§“š·šR\BJñôé3î¹çž¾}û2s,SÌÊ²zÞs2ÙôÛ;îøÙÏ~º­¶¶[Ó´Ö§3ç¾'žíyÐ(.(™ë®ý^vË;Û­>›Üdà&ïcÒ°P»Œ¢££íûÜòæ^M˜½lö€‰G?îý¯ê7mþx×Ž?ŸûìÙ¬+•ÛÚ¡ðÍ
3yž?iìÈ^?:‚Ñ€’©Û¶‰³;ƒÈ ?äç–gÿÖÏôL"m^¶kAÔåü`Ï›´g)S&
E?3ºw2>X·®aw½b«¼,f¹QÅ¹»ku³­ÂÉ'{n–}m*í01À~‚ô d9øÀLS“XKqË—îuVG‹˜¶¿M?{P÷}ßvÜ/®5zDQÁìÕ#müøãßüæ·¿ûý±ãFXÈ?p‡9Ì¾5e3fO½ëÁÅ=ºÅE%sÔüc7oiPÂ¢™º<?[}ù^´Vƒù¡öéÓ§<ÑË1Õ××ß{Ï=o¬zýˆÃÓ­P[oòú°Cé…? k0zP2©d£ÎîÒV‚Ät¡y³.n?Öúý–Çí½Ž[µdfcLMMu,ïæ}´Q·£.•MëPA?F,Ëf&Ù³s7ºb¢ÐP"F*õ$$è:¤%³ðØ£w|üQZ”ÅJºüàÜÑÌƒnÙ×†ÈÜÔÔtÝu×]uÕUEt¸sçÎ/®üËÃyiåÊl6k;¶eYDù??‹ˆ67†?ôÉGÎºí?÷ÅE%3 o?/›ŒiÅû=h5kx/÷Ù¸#{%ì£C!J$‰ŠîÞ…1æýwßûß{îyöÙg³™tEUeW·-ê4°}|TAÖ þ5ÝŠ†Ñ€’‰:Ê÷v‰J‘eYaÚ¶mŒ!e©0Ô¶m­™™ç^êP+Kå6°m[‡¡eY"bD,KéP[¶m´&"ÕÜ¡ÖZ13³ÖÚ²mjËRBd´±ì\ËÉ9–mÙvW¦
ˆHà–eaX__oGK©x<nŒ!"R¬;Øˆ»U„¹€uÚ¶æVŠ‰DØš|«|?ü9£¥tÕW¾’llQ¬”çy±X4?Ê¸®ÃÌ¾ïÇÊb™T&q?‘ ¢ñ˜—ÉF"?D$âºYÏ‹E£ÙlVY–e)ß÷ã±x:?v\‡ˆ|?(‹ÇÓ™LÄuCjmbÑh&›?F#žç+fÇq<Ï‹Æ¢™tÆvK©T*uøG|ík_UjÏ6Îb´Ñj?J§v×íÞ¾sûêÕ«ß{ÿýÍ›6+æl&k;¶ã8AÄËâ©TÚ?¸bL„eñx:“ŽD"AˆP$Éf³Ñh$›õ,Ë²-Ëó½h,–Ig\×%"ß÷cñX6“‰¸mt„Dj™9yäW¾ýƒ’þ¡þ?`ôòTÚÀ¿¤?‡ôò?@ÒÈCzyH éä!=€<¤?‡ôò?@ÒÈCzyH éä!=€<¤?‡ôò?@ÒÈCzyH éä!=€<»Ôüßå%“¾&"r‰ˆU°©ö“I?ˆˆ"‰*—ˆ¨î…ë¾rçª=uòÐiŸºê¨A½V:™ô©ÍµJÈKnúðÝ-?¹ƒ9t¯?Þºï¬›—š:{Ô¨ÃÏ9gjbG¸çOCK$"ûûúÿAzÐ‘º¿}çS×­ "}Õ]?]4¾@Óuþò©?YMDDŸ»gÕ—§QØ¸cÍ{ï½³æ²?èÅôà?;Ž;÷njs­’ØöÊÝ·Ü~ÛÒ÷¼½Þ¯š|â—}óÜé}sU¸ë?5ï½÷Îšæ9óœ©û=Î7ï8â¢ûr‡s¯_ô«Skö{ÿ?Aq@çÖÝvÇ#Û:þ¸þ…ßÞ¾zÆSrÞª;Î:ã+ÿÓ>7 ¢úÕ‹oùÊQgÝñÆ>>€ÿë0zÐ/ýð/?ô?#öY™²ö/¿Xœn÷n|ÔÜK/úÁK«¶Uï?÷ŸúþëËw½ÓrËU#˜:m^ß?/¾½uçú÷v¦‰ˆ"³= ÷Ëê{Ðe—~nÓ[¯¬k¤~ñ]‚ô K¼¿Ü~÷™G\6¡ÝÛÝö«­û8!1ùœ+&]¶_¢Û¯Ö-¹³9rç^sÇ??3>a]EDÚßôæ¢ßÝüð?“§çS©aó¯ºb~)Ã€î@qüÛK'“õÉd}ÒÓ…Û­¿íöE;÷~Ó_þ‡Ÿ.ïÉÕµßùÕ½d²>™l?@Q qç·S´äº7ßk>þôÍ¹Ažå?zæ÷Ý·?<jŸò·ïw/„âÎêŒ—L&ë÷Lcø÷„Ñøw¥“kŸ¸ã¦_/zc[ËS¦Ûwê‘\vÕù³:˜½ºâ§w¬8î;sZ­Ìóî}ÿó—R·-ºâøå3‡óïxë«“‰è?[ŽØ3«ø•s¼?þè[w½”«Æ¡øø3®¹þ;§ŽlS¿ôñKÿóÃîþG2÷*qÐ™×Þtõ?nhç?îºé'÷?ýQ²å?Ä¨ùg\váåÚ>Á÷¦Í;ÿì  IDAT“DUíÞn}¹U·´Ï™ÁzëòÛ~ô­»_É‡[5ùœ¯~çêÿÇÞ½ÇEYæÿÿÌf@D@FEQÃM45MÍC‘Qfi«¶jeÚvØÚr•[[nû5ÛÜÚÊ¶Õ¬M7mW;XT´R×³bJ&©ÔAa€æÀüþà9{–„×ó±Üs?sÏJ÷û¾®ë¾ìû]õI›úáÖY}D¤àó'”â2øùõ¯Åýïosç¯ü©z«„'þòÒŒ~ç?Ú¸VUS?Ü:ÍýÑ_üh“òÿ}ÏqÏ¼öLR4]¡´IÄm’'ïóg&¾´±Þ•½óÔžÕóShúæíqæ:|üôåNç'o,¿{à´k•Ëß‚Ï,Ê‘sø1Kc]Œštdá3÷lª]@ù¡Ï_žæðK~m”òèÏŠ}ÝÿÈ¢µlû>{öWyCnh¸7gÚß¦Ý¿äH½¹¶Ã—<¿M‚WÏêwŸjŠ¾¾»|WÕ€°ñÙ»›þÔ¯ÆÜm>Û³_k+ÿé?_t¨Ö×?ýÓ'/OÚqÛèÍlU¸ñ?÷¿ºép­9§Sß™ñ„üûœ+“½dÖm·Öj3pøüÕåë_zÅÂ
-?ÎEÚ¢Š]ËçV]šûu÷üü??_¾â½ùsßNdÔ£Ìõ×ïÿøì]DDäð¢w¾.Pv²ù£¹Uwµ»Ìxæ¡.õ·ëÝ\[7mtú„šøð¤Ûãj®B?ßþkõ±ªIÏ¡%/?É¦÷ÌxxÚŒñ¦ò­›67ØÙÑä×•l`êÿèË,[þå‡o¿öü=CÂôbž6æ†Kün„èÄn¯¹³~:uÉË³&ÜykBÂ°á÷=?wIòÎZÍ""æ¨!öðó¿çžÉí®»}ò´ß3$LŸýÝê?Í8}ë¦ÃbŠ=õá{†„Õ|©#‹¾L½˜A›6n­ð2~ÚÔ1×Õüß-ûúèEì®Z´h‹ŽÞ§\PÞõøœ""]:_;`Ð¸™Ï;)?Ü3öë;ãé{–<ñY…È¦¿|´iÔ3C|-yã³
ýÄ§'õ.˜}¾5DL~{ÅïL‘G§ý·>»FDDö9\!>"?®^tøÌš«f)#}g$.˜ðàòìº»ªÈ9’V5ÕgÆœ‡GGˆˆtŽî“pû„gŽ-ˆ¸ä=‹ÚýÓ’gœÿuíéÚs?§müäÐÆOþöª)nÒko>>¤©.?©_|PÝÐÑeÒÇ?_6fNúä©{æ6?µyþ³¿O™™´èÎiïXDD*ÒrŽKB³a¬YæIüûñþ&™1sðóƒžß(""?ÎqÊ5-ýÖ9¸âh=ÐT÷aùrÑ;ß¥þ|´z@ªÆan¼G‰Ïài³‹ˆHùg¿<rêûåÊåûàgf¾€‹È„‡'%T0]? ¡z~žõ´ˆHö?š;âÝ§Ü“P3 Á§Ï=Sû5¨-°ú]À{>{ÅÖ´Ã5ã˜#®i¶_~ÅÖ¹}Å5øß£_4_½O·{Þ\ûß/ß{~Æ˜„èclû–?úð‚´¦ÆRùiSõ¢þ÷ß_Ó¡wß=ÍvÒ´{ªß.§éÞ{xõìô<[ÓÛœUÿ‡îé_ý››®Ô¿zþ±‚‹Ù+\­h=Ðu¸)év¿­ß–‹”ÿ´èùß.Ÿ°îCn›4ã¡Ñ×6‚Ç=>cÉæEÙ"if?ÔîH…ˆHç'Oê Òà‰Fg¥¯=~×WS?`ØNÖ<(¡kdí%á]cEvÕ];vØŒ.½sXDŽ|þê¬Ï«f¶ëÜÿ¦;f>1©XÓUø\øíq?)z@Ò’ž‘ò‚ìƒ÷n[ýÉ²ÕJ‡¨ÃË®™Øø+ŠËK?UO^Û¥ÎË¤}¢»÷i¦Qíá>—è¿`>µO¾F}µ´´h“Ú}í«·g?¹®C­§ÓTœ<´vÉËn›õmS/Hî1iÖx½ˆHù‘l‹ˆˆÏøÇ§^Ä ØKFÓ}ÆÇË_›:´Î?üÓGv~³à¡Û&½³¯¹€†ÄvïYç?/d<®_ptŸAã}yåÇÏÄWÏÛtøìcµ­§êÞ¡/ÈK»€£.Z´UÁSÿœ0U¤ÂVp<óð?¿þç¢ÕÊEÊ·þóû#·OìÜØ6ú!=3deõãJýFÏ{´ñ÷(_<SXw‘ª„Ô¬\éfäs^Vzcøu¾ý©WoJ¤ÜvìÈÁÃÛ?úÛò?§EäÈ¢äÔqMÕyÝÔeM=ßâ*Ž¤ŽïÑXŽ0‡ÇŠœå?²û‘ªs¸n×¾ŠQgjËþq+o€–Eë€6ÉSp¬º‰ÀÇÝ'áö©/¿0^™sàdi“†%Íú×UMÆ?>mdÃGþ_"Ñ=kÆú÷—?Õ\4WìùlÉ®†«;OYªoÃû™"b†ÜõøkORæä]âNô»>»ÿWIÃŸZðùž¼:/«ÈÛôÖ‚Oª??ìÕøöÁqCâª·X9ûwŸ:U!âqÛø×ßÍ?Ôø&€+…ÖmQÅ®?Æþ&Ù44iÚð?×Æt¹Ö,Ç¶'¿¾RYz{¯&®kED$zÜœ?»¯_sŸF[.‘ëGÏè²ü?Ã""ÙKf?xÏwÅÉ«}³µ‘qG“Ÿºó¯Ùq£ÇÝ1èæ˜îÑ]L%6,Y²µjaDŸÍ½Là¼Ù6}ó™ˆœÚ¸ü¥?Ë_1EÇ†ëŽ8Y«S—iÓ†7ÕM)|Üï§ý{ÊGÙ""ÎM™6ü/ÕKüô>åN ´AÎ?ßV!R±ñ³ù?«·Ì§ûãÓni¶û½Oxü€ðæV¸$4Ý§¾8é›êg˜Ú¶6wûg""~ƒ†®ÿêƒìÍÉi"²oõ’}«—ÔÛO»¤gÆu¿”…U”–xL"µ$lÙéuÛ'Ú}mÁŒø¦û]ùÄÍx÷/?ý¿äìz[ýeÐ×3ªûnZ?‹´Aú!?~T ¯ˆøyôíï–Oºö’¿(à‚øôy|ÅÊç'žyišøtOš³dîÌ®õ×Œ÷êO?Ž«÷"SüøçW|õü%îå>î/ÿÝúùÛs¦íYÿˆâvÝíO½½~í«·7xµ\=£žÿrýò¿??mÆøÑ·Ož6ûÕ?Ö¯}õöNBÓ´,U™½¹'Z@+Wn³)}Lí~¡ïÀª°Ùœ??Ét¶
+l6»2©7™|®@Î©uDÑ›L~Í¯]Ãi;­75|aÂw5o%4ç»ùãšy$+àò s€¶ÍïÜ¯h[Œ?Ét®ÏG:?U/‘;âÑäßÜ¹HÆÜ3îŽÑ7÷6™Lb+8¾ý“g_Ù¨¬7°¹×5.ZWÚÏïß3áïÍ¼¡óŒ¥=÷mÌ€Ö?±€+-¤÷=·woâê¿]Â¬¥ÉÐRh=´ŒŠ‚#~Ú·w^IÕgÿðÞýú÷¿C&M PÐ¹€‚x@A<  P(ˆÚ–.Z†«$7#»È%¢ŽŒ1éxÖ>ÄmQQÚòŸ§äH`¨A/"å6k…©ß½ã§ëê×|HpØÊÅàç{uýåt»Jíb0‘ÎÛUùsÀÅâ¯€6Æžö÷W¤÷¹û?Ù!ÕWÌå9ë¯:|zDW¿f7MÿtÞ«2ù_÷Ç^‘B/•CŸ<µLžþ¿)WWÕ¿WçÏ‹x mÉø*y›yøÓÎdñ‹þÛ'[²*~!TevgK×WÌÁ¥¿Yš?å¹YMÍ­U”¶rÙú?¬åú?„1IÓ†uõ+Ùþöë•ØŠÅ ½ë÷ªµ‰ÇfÙ½yÕÿÒÒ?ØÊõ¦˜½7>PI nëÞäÅ+ögä»ü¢ÌC“&Œï$"r*mùG)[?ØÊõ!±7Ÿš¢±çn\™üå–ÓbŠ˜8ýÞx%ÆÔšoîÖkü¯ã;hë–jŠé=xÒ¸ÁQÆ3EoùpÎ7–Óùv0µó‰öÒ#kê)rµ3›Ž?0>.¨Î×wúÊ¿-v?zmb¼®z–kïŠg¿5üæ÷I1º¦6/Úø?…iq3{SÐ™£ï‹}é‘?Ê¢Iw96¼ÿM–~ÌãRûxåÇS×~³cÃ?|«SÒ¹×Ô‡îŽ¯©¨Ñ³TšµfyrJºõ´˜bn¨þÖ[Î†/Þ_“e)ÕµëÜå®ñã†Fª~ô•³¿?ž£ì2ãóyïÉÝoŒë¡,š2³{Úò%Û”sþè½ñ?gý¹ õ¢õ@[rÊrÄeèÖl68µþO/néðÀƒoþÆ¬sånü`éÿ+œ¸`\ÂôÙ½Òþ3ïïrÛŸïë!¢ÕênU¶ÿÛmî>÷Íœ¤Gþ7‹>œ»6äµ[Í"b]·ðÙïãxðÉHSYÑÁ”o¶[âÍëÿôÒ–vcÇÍ~äšvŽ¢´5kSOÄ'\úÇ¥G†>øÒë]¥(}ÕÏ.°¿ùä€@±m[´peð„—æõ
Ñ¸,û¿ût·%þÖHñd-Ÿ»"sôÌ¿ÌŒôóelùbã?¾SÎTØâŸã÷ôÔò«Ç¦ÅŠh~ÕõLüÍcO†jOçnXüÎßþ>ã¹GûÔþ>ÚØÞ]Ë^Û¼uLüÐ€ª9¶­ß§éú>£kfs·³ÐvÚá®Ù‹ÓQb-¬ºåvÚö¯ZžÃà©¿¿»SP½sgK[½»¢wÒó“‚üÅ}|í’?ý-åµ9‰fÉoì,µO_:gÙ¡î~ò…!¾¶#[¾Ûx ï”Iÿä­ùYÝŸ|rVŒÉmMK~}Þ»å/ÌJì$"{¾M\gŽç*·YÅ#¢,ÚùÑ’â¤qÏÿ9Hò7¿÷úŠ¿GD??àl?7´^Äm?1$ fºhã?~™[5­Ü!NÿníñaSþØß,"¢‰úëa[ŸÝž>®k¬Ñè#"~~ÆÆÒEÀ€é5Ý“Œ¦a7†|õSnù­f?GÚÊO-3æ$ÆjEÄÏ˜0åqïJ^{$aÂÂ[cu"b4œø ˆX×¥¬O\pG×@‘ ØqI#ŸIÙyjÀ¨G3ö™FÏ‰ñ­¹÷Ý¿UÊÏÍ,ê‘8$ÒO'¢Šñ`L½ªt??ŸQDŒ&¿ªV…êzFEkEÄ/6éÉûs_òÝ¨>w×Ù6æÆ±?ÞÝºÏ6ô&“ˆHÞæoÓÍ·O7Ÿëæ?)ï<röÄ„ÆFw˜>0óÌ‘ÇÇ|}(§TÌÆÆÏ’å¿ß®ñüÚÄ³ˆˆ)öÖcE$/eÉßñ¯Lˆ‰ºiÊ“Çþü§O·}r@óãIDÄð¸é7EŠˆ'Þ²ûO‡²å¦x¿ænh½ˆÚ?ˆXóN‰t¨ú4hêcý<"rð£§6;="’›™.?9Òö¦UoS$.ëñ"‰íp¶?»Šr²rO;\ùÙÙ9¥â±—‰øX2]‘ãcêý±µäeIlR´®ÎL÷‘,kH9ræÐ¶r?k^¾H‡î#ÜóßYX‘4 wt÷Î¡å1D®³ö½×—?¾5¡{tdT‡s¸Å]`Étõ˜xí™z{ÄÆ”¦)’˜:?gÌƒF›—¯Þl¹)Ñ,’ñ¿Ý§‡? rü7oDLÏ¨&¯Ô=îbKÖ‘GyAnFnîqq•:DŒ?Ÿ¥ã9E~×u7×Ý?ë¸ÕÚ«*(‡‹ë"r?È€³Ž,îY3Ý®½Q2
­"!Ín­¯EÐ–Ev3ÊþKÍ?Áäg4ùýª{ì»JËëmyûã‰½?rÙÉOÿöÝåi…å¢?î^}]á(ƒ¶þ­Wi¹øÕï°bwÛë­fê7aÂÐÑÆN|îµ}Û?Lûô­y3Ÿ·4½jÕ?Q³žûóø(û?ïÏ?÷ëÇß]“¶:+e¢ÑëêÍu)}mjì;x`þî"Ž´5|ÇŽˆÕ?ÏæçÁ“µò/ýá?iùNñŽŒïÚÎ¿z·M?%Cƒ
\vñÑ5œ{e@Eë€6¥ë°Ä ””õi7OŽoüV{h—.’¦‰ïmn¸Lçc?ÒÆ¯8Ówl·öŸðÆ}ñU-ÇRä˜ˆˆ˜¯‰—ï2ŽJ¿:?o¢bbeqV–$ô¨5ÓÔÁl8]bŠí_ÿ2WDD?0*:aÔ8)ßùáÌ?7Œœ›h?ÉÜsð?=ß9ErVÍ{aUê°u7÷Ñ¥¼æò=4<F6:&ñQÊ×Ñ£Gtæ{¶?øÆ?»æ…ÿ¥?ê¹y[Ì€Éáç¹¹ˆ5ÏÚè¹ª/cwÊ©Ø'ÿoB|U“Èq‹ˆµ™³ÕÕd=”[,‘?µæú……úÍÍ´KHõÏj9š'1};5V×ñ\‘ÈFÔÓÌÏ­­ÚóÈ©SÂÓßšóaJº¥¼êÚÏe·µW–›n?/[õÅW96eFIÖšoÓŠED¤SDˆìLÛV*"Rï~yHhˆÉÍ©šY”ºjmõæ¾½‡??”¥_¤+[m[—V,ÚÞ7ÇëÖ$/?PµšÛºsý®‰~SçÔä÷w)Ûº¬i«ÖgxD<YÛÖeW±¬¸DŒ¾:)I[³ÓêRæÛO¹u~~¢Eh—.²u[j¹GÄ#bL¸}„;åß)9Uõ”¦}²ü`È˜Æ{à˜ˆÙ–<g•eàðÊµxs›‡tŽ1dìH³xDDÊ|±|Ë¹ý$B:KÞ¡cnåü|³»:U4~–ÌnŒÉØðþz¥¨<gý¶l‘èÁ÷Æd-[žj­:yk¯*8¢ªìkbâdËŽ´r?ˆ¸-ë“¿<zNu5ós@+ÆƒM´=ž¢´äË7äZJ•:cPìÀÁ“î`ö)Þ÷Å[¤fThý4n—6(!iÂ´‘~"â±n{ÿƒ÷Sm.‘˜É³þ8¼VwûªEiövA:§!~|\Öâôø7f©:Ü§KÞZcu‰ˆN3lÜ“÷Æj¤xß¯/LÍqˆˆøÅ$<:ãîø )ÏYÿÑâÛòÄÏè.wb‡$=zo| Xw-[¶x›UMþÛiS?‡Ÿ˜20TÄ~ð«¾Xµ×îj?›ëš³~›Ó°U$ûÛo$ï:%"æ)¯?6*ÀºíƒÞßiÓµåsë¤YI=šx]´{×/½½/á?½;¦fOÓ›Û®œ¿ü«·ˆ„$$Míº}þ®ª“`]3÷oÛn|ªÞóLkX·}øêÒ¬²@“Îé;ôž®?ÿ3kà¼§FuP~‹FÏÒâ÷Öî:%"¢ï1qúøQQ±\ùöò”ÑÝånÓÀ‰S½©ºèÌÐFÝ1iLéÒ¿+ï;K_:½Î;ã¬ëþöôŽš®éŸZ/â€6Ìe/¯?¡z¤o=[¹ü|tÂtÙË=ºFæ‹ˆÇ^îjj‘»Üîò3Ö¿xwÙm¢7Õ/Àe/wëü†,Øm.­©A?ÛUjCƒ?4 &ê©Ë’òÒ»»nnì²¾™Í¶rMÃ"ÏÊí*uéš¨§ñ³Ôè?<örg#§®É?œU3?7´FÄ@2¾˜ù†mú›Súù¶t%€+…±€F¹Ó÷f…Œ¹‰lm
­´P(ˆÄ
âñ€‚x@A<  P(ˆÄ
âñ€‚x@A<  P(ˆÄ
âñ€‚x@A<  P(ˆÄ
âñ€‚x@A<  P(ˆÄ
âñ€‚x@A<  P(ˆÄ
mKà—Çã.·ÛÏ|ÔütRnwùµVr»J]b0è4Êg—Ý&zSÍGqØÊÅàç«=3ÑÈQ\:ƒA'µ§mlMp¥ðŸamšÿÜ†üPƒ¾êcÂÝoÜl™ÿÜ–n³_˜­¬RžºüñNœ÷Ô¨""âH{ÿé©>¯‘ôOç½*“ÿulÍDcGI8ï©Q²iþsk?w0ù«Ý§óí•ðäãwÇ]Áïª4ªû£s'Ÿ¹¢?e±§ü{ý¨ÙÃCDÄ“»6ù KBj–[·¬OíÕ56uóÖññC.àp!÷ÎzjTOÑ¶Þ?ÿ^»7ª®,Æh”§¸ÔV^j+/µ¹<UsBbdíÊT»ˆïLY%Ag.ß=×$»ÇÞ=å®aE+ÿ›uQ‡ÕÓ7$;mï©‹ýà4*kÙÜw_˜ûîsß]•]5'ä®_%¤'o°ØÓ¿ü?}â}}ÛU¯êúqÇÚÈC;icnîëÿý–]Ž‹;²?o;±æht.Ð¨z?‹DDtÑ·Mí4oþœÝÎ›&.ÍÝ¦,³¬]uPŠ-sfoqŸvÙS¶Xû?¸ˆžAE§?‹y`ØEpþˆÎ?¡ß¸a)/M¼£«”å*ó2v¬*î1~Z¼¹ê£eû[É›3†Ý]g»ŠòòR›ˆˆhë>þ¨.?»<ÿ§ËS]ýï¾‰¡É´â€F¥¿:ýÊä°Éÿº­zv‡á|ODDÊª>Û¶}›Ú.ñ±ÄÞJ:?8ß‘«—®ÙsÛ°Ú;ÛöÅL¥­!öùÅ“<ÃHD¬KŸûÃR?Ñ3pÂ›÷Æû]–/ÎBUfw¶t~š@A<  P(ˆÄ
â¯EÚ?‚Â’â{…Óåõz[ºW•Jå£×‚Û´t-®^‹´N§û˜¥À×W`ôU©T-]€«€×ë-)uXJW„9X¯ç®"Ðú€6!ûÈÉ  ÿNaA-]€«Òñ“EEEeÑ?ÃZº—c€Ö¯ °Ä×WG6pÁ:…ùúê

KZº—ñhýŠKì!ÁôpQB‚ŠKì-]€ËŽx´~NW€Ñ·¥«pu0úV8]-]€ËŽx´~^¯—±È.’J¥â¡g@[@<  P(ˆÄ
ÞŽ I–¼“‹/OýaŸˆ$?9sú¤–®\^Ä?³ä?¼ãîk>&³¶ïq7Ä?Ã¦9«Wd?¨=Ã?ìŽ1½Ú_`!E;¿ÙsÌÜg\ŸËüÖçÂýŸ¯-Š9¸½B³w/M•Aúv»¼‡à?x qU?5,y'-^–ð÷yç¸yÇ„[FG_žÊÀeÃØ?ËËË¯7ÇvQ{t–•:Üâ,ÈÉÈ=^êeºÄYµÜã°•:Üâ¶?œ•sÊáib7G~NÆ™<[©ÝYç(eU‹*?%'33ŽYî3K½Îâ¹ŽæÛÝw\¯Ú:µÐFÐz q}ô#
?Ÿxà©°•–UÐŒ¾ÚÂý{¾¶H G§÷­°îÉîi*Îw}+¬{²;Ý8hD”þðŽ][K}]•ú ]i~Î¶ ÈÑ#»Õíéã8¼mç¦cÒ>Ô×™–³Ñ?<ñ¶kCò3¿ÜáêsWÿX½ˆ8Ó7ïØãÓ}òM27ïÜQìÛ1PJÓ3¥KÜ]×‹#gÝµö½;2»?Üø-{öî/wk?ÆŒìTÑŠÎóäpµ"h\Âq3§O^¸xY­?ç14Ùºo×ç5½“ÂºN%"â6%ÜßIUy`Ã†?ù>£’ú†WM=!Q‘""Ú·÷ïé+âÈüú«cûr£‡FÖÚi~fêQuÏƒú«Å{rkòþ­û#îº®S—½?e´ÅÆ™¤$+ã”¶Ë°ç¡?[Û?Jº.\%âÈü:9+½§I¶fš{?ï&"öŸw¬L;|ý-]õ?Ô~lçÞb}tü¸¾Á"•y»6¯)½ðÓÀÕ…x I3§OJ3"õ‡}æð°s”|FãcÛuR‰ˆZ«4…×L{¼Ê
Áa=}EDÄ78Ô?÷XA±ÔŠÅ'NÛA]ªnù«ÂB÷gŠDõêâûåáœ¼¸ëürŠŠM!ÃBåø¡Roú–=é"".§ÆYZzÂV â¶¬Ûlq»4vG©H#¦‹mn}Dç`Q‡ûËáóúê\ÅˆgÉ;Y3@Ù’w2õ9ß„ÐÕÙVp»œ"z‘J©ÑÔY¨Q«¥Ò[=j ÒíÑªD$°GXÈ?£‡rOê;£z÷9­Q‹PBŸðê¨õ~EÛ4bŒˆ¾1ªºC‘ÚÇØhZ?F*Ýgœ@kD<ÐˆÔöÍxô¹z3Íáa—ýí…'öæwîªµÍÍ±k;u©ð—ÒÂ»#;þlÙ—UÞÕ_Š33­êŽ};Šˆè»öîr|Í?kÔn‰T‹HTD ~{þÁ²èþ¡Zñ:­Ç
<þæÎá™?³uï®qäœ£¡±¾Eþá‘¦cä\e”â=™Å"?—ñ+ðKB<P_£Ù ªaáâeáá¡wŽyÖ?œHý~ijõÿ°;Æô:§c·o'»7/+«ôxÕ?=ã…Šˆ:ºkð¾í¹+Wœè9rðèí);v,ýADÔ?]z‰V®ïÃ»‡fçÉµQáUŸ¯‰Qœºaãÿ¨ÔRYiè>8<<j@\Üúýk>ÿ^£?WÒ³g´?U IDAT„Ù¤i¤SŸþÇ7g}þi–¨ô]Âýåô9Õ@+ *³óØ> •K?x4!þ<ÞAðò+o~õÍÚ¦–šÃÃ¾þâÃKSY]™¿ß*]§?§Ó£××½pw;?j½^éäq:5úº7þs÷,;óü¢3<‡øúÖÛ•Ý!ß³ßiä(@Û–š–Ûãš–®ÀåÅ{ÔWï…hõXòNVK¸ŒêgÑÖdipÕnÛós‘&ÂÛàb^S?ˆˆö\²AcG õ£s€ú’ÆŒÜýÃ?Í¬p±ïGkB—ûu¼°7x}zî×ÓÇték ?!¨oæôI"—süq4¾¦Æ%tV*½ÁŸ;ý\t.  P(ˆÄ
âÐú©T*¯×ÛÒU¸ºy½^•JÕÒU¸ìˆ@ëç£×•”:Zº
W·’R‡?^×ÒU¸ìˆ@ë`°”´t®nÖ‚’À€zq!€«
ñhý‚Û8®ã'‹ZºW«ã'‹Wpû€–.Àe§*³;[º—?Óé>f)ðõÕ…}é@à\x½Þ’R‡µ ÄápE˜ƒõzmKWà²#mHAaIq‰½Âéb¤2€s¡R©|ôºÀí@ÛA< `ìñ€‚x@A<  P(ˆÄ
âñ€‚x@¡méüòxÜåv»2­1øÎü¡pÙm¢7é4µW¶[-¹V?1ÕÌwÙ-GÚý{D™ZqÙË+ÄÏh¨YVîÑùùjkvèÒšüt¶ªâ°•»•I?¡ú¸gfjuC?bÀÅ!h hÓüçÖï`òW‹³ÄV=òµ'‡‡hDiï?½"5aÂÂ‡âu""Rž¾â…wÒÊMþb?]l;û¹;ÍÖ5o-Xš­Ð:Klå×ß½ É:çÅƒ#ç=5ªƒˆHúþüj~â‚§Šˆ'ý“§?×þþ…IQÖmïð~š½]?¡¬ÈæŠQŽ˜þé¼W·B´Ri?]löÄ“Sbgf–Û¬¦~÷Nš>"Ò¯¥Ï­ñ@£Bî?õÔ¨"žƒKŸYšrpø”X±nYŸÚ«klêæ­ãã‡ˆHÑ–ä4¹uæÂ±‘""yk¨HÆúOÒ£}çÁ??Í’/~áQ#£7oK³Ž"Ž´[D\i{K9¸gCPß?G‹å¿KþžuÍóoLŽ5ˆØ³–ÏûpÎç‘Æw0î?ûcE¤xË»?¯Úž;¼öÌòœäù¯,ý4ü¹)±ü5à`ì€³P®»=×$»ÇÞ=å®aE+ÿ›UµÄè+eù¹9§ì""áæ?ˆ^§“’Ã‡-å.?Éné?Ôœ±ã'«ˆëç´Ô˜áSZ¶î³‰¸wmKokÚö¢¨Ñ£c«úºŽf.ÞòcFÝ2œå.Ñˆ¾îL¿¨ÄÄþö5?º"g€Ö?ûmeýtþ¼µH¹í´ï€ç{ˆëÇk#¼ÙIxs_ÿ?mÙ•ÔµŸ¯ià”‡?H™ûbJ¹hÍ}†=úëáQÑ·Íž¸òýÅSJÜºóÈ&MŠ
Œ‹?ýgêÞSCÚýp0vàÝÃ|-Ÿ¤¤Zû¶ß•4ìv³Hºõ¨èkÝ¬k'¥å®ªÛ?:ý+qØOWÝùØ€@‘ãuêÔúû‰?Y,±?WøÐ4*hÌofŽ®þkIYuPŠ-sfoqŸvÙS¶Xû?‘ øI³â'‰Ûu*gÕ¢ßZ×õ?;"£FLùó—Ý’ºrÎ[É1¦ôˆ—²fûšÛz?lÒé†-Z½mcûÔÐ^cÃE$<<FöÖ†±d•kBD¬"Òç¶?ß×Ãºåƒ9ë»öŽ64¨ÓfÍ]¤™lÀ%Aç"?ÒüM~F“ŸÑ ÓˆdìXUÜcü´Ä©§NHzr\ä‘äÍwúúõ%n­.È`Ñé´’·=e¯ÅåÑÚ4R5„YLñý#3VmNßÛWD›p“uÕªƒ?oN0‹ˆõ¿9òô7É_eÛDÄu|íâolñ£o©ÚÔÇÏÏhŠ™4Ò³ý“Ö:5:Š2Ö­\™4öæWþÐ*Ñzà¬lÛ¾Mm—øXbo³2#Îwäê¥kö–Ÿ6ÿÙµUÝ€Bg?4»N<üÙÂ¸ED|Cî|ò¡~¾""~}ú”\¹¡WU^ˆ½1A·Á2´ŸNy©ü“·^Ÿ·Ò%¢ÓÆ??ùè@S?4]ÇÞ×ãñRvšâ/"–ýzƒˆh£ºÞõâc£:]ÑÓ@+¦*³;[ºW9—Ý¥®÷þ·Ë!:ßó¾ár¸/`+p©({@A<  P(ˆÄ
ž/´!…%Å%ö
§Ëëõ¶t-®*•ÊG¯0·héZ\!¼÷hœN÷1K?¯¯.$8 Àè«R©Zº"W¯×[Rê°”8®s°^Ï]E õ#mBö‘“AAþ?Â‚ZºW¥ã'‹ŠŠÊ¢;‡µt!.;Æ­_Aa‰¯¯Žlà‚u
òõÕ–´t!.;âÐú—ØC‚é7à¢„—Ø[º
—ñhý*œ®£oKWàê`ô­pºZº
—ñhý¼^/c‘\$•JÅCÏ€¶€x@A<  P(ˆ¼ÀÙ-\¼|÷?ZòòE$iÌÈ™Ó'µtEà² 8‹?>—úÃ¾š?/ËË;ùò‹¿kz‹œÕ+²NÔ|R©ÁæaÃ»‡ü‚ž­Z´ó›=ÇÌ}ÆõáMÒÔAç"ÍY¸xyM60‡‡Ý9f¤ˆ|õÍÚ¯¾YÛü†n™2á–)n™œØ­£ýØºyW¤^pQˆš“\+$?ùò‹¿K¸!ND¾>[<¨¡1Fô2ë?……""nûé“™¹ÇKœgÖp;¬G³>Yì¬Tæx?Å'rd³:Ü"•N»­Ôá®Yd/sxª7õ8jU:KêîÙë´—•9½nû©cNØªŽTz"÷ÀÑ|»[@£è\ 9–¼“5ÓÉß¬ÍË;Y»£Ñ¹©,.w‹¯?Ñ?»nUæÿ? UéÞLç5Ý5 B9«¿Ë*5jOíK=5üæþÁ;SÒ²5ÆIO;dŒ¿9¡4íëÁw%^("G÷¾ÝÖeØÍƒBEääŽÿî/?6ºKÁžuûö?Ö†„èJ÷fzÂ»Þ58ÊP”‘²¶@Œ•¥µÞÝ3Ì™ú]Zz™>$D·o?KÃ»_hñ@sÌáa5Á’wò«oNÖÌo~ÃâÌ=ë,""žrÛ‰bu§þ‘z­vÈ?f½^+"’»gÙŽ“‡Dt<|â„.ìŽ½Ú‹ˆ·RT"–cÙ¥?úv©¯ZlÁ?¥{gzf‘hÕ¹9'…†ÉQËaOÐ .jgFÖ¾¿þwôïé+âÈLI>¼óhÔPqKXü”¾Á"RúÓÖt»±Ö:¹öË|ê¸4éåWÞ¬ÝzPÛcFžÓ.´úð.?{…›;µ"•ÎÓ9{³Klnw™xCX@àOyëV—ui¬—A!>™;¾Ý™Ú.*"¼KG“& kLpÞþìüþF[N?Ÿ?þûwZrú…Tæk®¹¶‹Jç—Jû®=}EDÄ78Ø/÷Ø©"ñ}DçàªB¬§õ×¹Dg€Ö„x q/¿òfSã?kF 4#°[ŸÑugYö}½ÙÖi`¯Ûk¥0;%ß-"ÒþÚ»îîRx*ÿxÞ‰?ßËì?hDTäˆ;;Úòsò
öoßõctŸq×u»Æ˜z ?ÇXfî0"Âtú‡ô#9Çä¤:rp˜ˆ¨5j©p9Eô""•R)¢©>hõã’ê®G<ÐˆzÙÀ–pCœ%ïdß®ï{CÜY³Aã\n§JdÔVZØìb)ÈËñ‹êÙ¾c¨lÍ(.“’‚œÊ?¨=;˜Me›×•ØD‚ô1æ¨Ÿ27§WvìÝO/êž×JÙ“í1„Ý*"¨ß~bo~çþ¡ZûÑÜ»>*"HÄRûàQ?5;jÖ9’Sv&A€ÄõÕËwŽyÇ˜‘j‹ì—±çöêÔÆŽþF).´ìNûy³V«©t;}‚‡tòîß—úóF·V¯®tªqƒ#DDT?Ã3sò‚bº¨E¤}×`cFžt?¬Úó5ñ#Šw­Ûø¿""ÚŽ×Ç÷o/RXïè×²¤nÚð¿*µ>(°½AJ/öûÐ
©ÊìÎsXÀU,ýàÑ„øèsXQqÃ€15ÓwŽÙìÐÎŸÛéÔèõª³Íô:?eó9«t:+Ï²Í…ì€"5-;¶Ç5-]€Ë‹ÿHhÒÌé“gNŸt‰wªÕ7Òû¿áLÕ\Ä«õú³½ËåBv@Â'Ô7súäÝ?ü("—>€_6â€úfNŸ$B0 -:[C<€6ƒx@A<  P(ˆ@ë§R©¼^oKWàêæõzU*Õ9¬àêF<Z?½®¤ÔÑÒU¸º•”:|ôº–®ÀeG<Z¿Àƒµ ¤¥«pu³”Zº
—ñhý‚Û8®ã'‹ZºW«ã'‹Wpû€–.Àe§*³;[º—?Óé>f)ðõÕ…}é@à\x½Þ’R‡µ ÄápE˜ƒõzmKWà²#mHAaIq‰½Âéb¤2€s¡R©|ôºÀí@ÛA< `ìñ€‚x@A<  P(ˆÄ
âñ€‚x@A<  P(ˆÄ
âñ€‚x@¡mé\v‡³ ÐVZf¯¬ô6º‚Z­2ú‚Û›¾ú+^ø¥P•Ù?-]€ËËîpæÍ?2j4?·z<•E¥Çò
¢®%!ÐfÑ¹hý

máÁ¡šÊ"¢Ñ¨C;D„Ú®lu~ñÜªÒrUKà
¡sÐú•–Ù»F…žËšÁAÆcyM/O_:}Ùš3µæþ£ž|h°Ys)ª<géÿáU™ü¯ûc¯èQÑênÐ?_WgÎøI®G®½´Q9ËUN?×èS¯SŸæ/ªWÖ|RKl7ïìÉîð_Ð-;uÊÛšM×{æöV-ûXýñIqŠˆVþðˆû–°Æ;(h5ˆ@ëWYém¦Ý 6?FÝÔà„£žþ¿)UWæ%Y+|8çÓ?…÷õ¸$uWZˆwåoÝí/ãTëk6]ï™;¬‘VgÒH‰fåGêÙßhþ™ä¹Œµ\g¶*ïºÊ•?xŒjõžkf%kúOw[º*—Õ/èN€«L@×a7†”gY¬U=îâ£Ó²-®š+—½Üá—5cïÁœ·ˆÔ™nj+‡­Ü%R’›¾7ËêeÚâp×>¸xl9Ò2òìuf:,uöï±——Ú«‘ž_{s·«ÔîRmuyD¤A÷†6Â­ÊËÔìÉT;k~y‡ºÔ¡’
uîM^…ˆˆT¨3ÔdžTI¥ª´´¦×?ÊyZ“þ£&÷´JùXªª¨”
»ª´T]ZÑtçœÏˆë%÷°ª°j«‚Ú;©UÒMaÍN*U…G5{~Ôä9T"*g¹ºÔqfQ­’ª‹o¤¼ª5ÕÎJ•ó„fÏÑªëUéÑ:ß]ƒ{Ö0?Q+¢®º˜Ó
àªAë€f·ä–êÂÚ·{úÒ9ÿ9Ý«»oÑ’·Ý‰³*Öÿ-|z‡.¾BëR”ºÀ=ìŽîû÷EUMÏznJOm£[¥:oñq³NLQ’•º0tä­†ÔƒÚn’•º0tâ+??ê ""¹ëçÿÁåkÈÙ¹¢ìÚ¤—"b]ÿîÿÕö‹r&/ÏìvßŸ'Æúü|æÖ˜˜¢ãE†^I3cCk®n}òÔWGbµb•ôƒo…'$üYm–ôƒo…?|íÙá?ï­%O5®ç!í3ËTr?7Æ¡ž] ùý#î[Â¼é«4OäË?ERàç½ÿAÎÖ>ño•þoŒC[ØÁkÛ/½âŽ­ToúH3×"‰Ñ’ñ…Úy]å;÷È—ï©W”Jénõ3?IÌÏ¬M5Í©
‹D‚¼Æ
Í‡¯«7È??¼_hKo¨\˜ä‡æoª3"¼½4ªÿ£1Ó56T?òžf•Î{c°d~¥?¼Ó=¡P3þgï—¿qE$SóÈ¿T÷>æÛQD4«ÞQŸ¸ÃýH?†åyôš¹o«¤£üT"á×U.ì¤þ~¡æõIŒ–¿S½Ojÿ±]&OôÐt´zÄçgÃây{}EDÄa?­?zøéx?¸w-_¶ðÌ×îˆ‘{{~øxrÚ°‡âEDJ#Ç¿’¥‘´þaþÓkœ`ÖHÚ?ÿðÖž¬)=»6µ•ÕxãÂÇüÄš2ço+óï^ð¬2½m_Ñ¨áA""ùíF½:9Þ 2>õí'¾[“1`’1eþ
Óô7¦ô3ˆxrW¾¸bã°ØD‘RóíÏý1ÎÐà{ØÚ~á·ý’¿ö…Ùë­?¼ðÇ„ªéô½EÃG9Û[ø•>Õ¸ì¬ªñ/êª?xßy¥òP²Êt³gîˆJÕØíÉšþÓÝ""6ïøgÝ}|ED³ìªàêurS´ˆWDœ?ªçæyçÎr÷ñqhÞ~U½2Þ5ù÷^cUþa•¾‹öÃtg‘êÛ£òàÄJ½?ÜÿûÊ«*Äiï_¦JO’ÈÕ+ý½+ín/"•*Q‹ä¨Wœðþþw¬ˆˆJ*½Rê²NµÉ*‰!ª=»Tâ+){4c=’©úÔé}¹‡×ù£¦AyžÉ?""ÒÓóÕˆJ)Ý®û¿BïüZëœ¨©µR³êcUä=ž{2ðhýˆÎOÂ¯›ë¶fn^²0­÷ô‰CE$ëçT‘^Û—~²]DÄa×?,<]µvLd”FDD§‰‰2WO»<žf¶ŠêUu«^«“Î]ÏLKeu?‡„>ñUü†¨k£íÛr­Åêl‹?¤­Zñ³ˆˆäkŠB‹ªVíÒ/¶a6‘ ˜ÎµF/!µ¦]â‘â?í?xÐúÔ{P ýø´¹®êRÞÙÙ+[%·jQoŸªTlUíwÈ?ë«×‰ñ†oÉÌR9»T*ëøzc‚eÓ1µt;‡ôÒ§åí*#¼"*g?zÝnUžSÄ¡’J¯ˆ»x‡¤¨^Z¬½¹›·Ïµ•ÝÂD:zGÕ/-Ð&ÆÈ€ØÊØk¼àIì®ýøuâ0Õ¦CÞ'¦ÉÇËU™‰*Ù§ò¿¡²›ZÒ-/PDj¾¯ä¯õ5}½1Ár&d«¾ìX¹ðúFB€Ö‡xàü?&?£DõNzrŠåw‹>O˜79ÖW«õ‘¨¾£î?Sþ¤Ü«1ø‰X•XÐ”&·ÒŸuTTy¹K¤j×n—ˆZ«óÕJ yhÒ°NU+$%ê"EDt??XI«mú(?ï­ž?ø‹TÔ¼ÈUk€^ÍD€·£¨
‹Tâ)—<ÑkEÊÅ)¢¼4¤òìƒûzÝä~°Þƒ’r4O,VÝ>Õ3¡£Èõž""â~ùªÂ<uF–ê­¿kûLt?ØÓ3ù÷•wå«3²U+>Ö8o’¹7Wö‰ó¾¼N?")Ý½?tñæùjvPKº$>ä9KyÕõ×©ÍÏ{W_/ïCÚ†&¸@?ýÇ¦/Y›+ÒµßM†Ôÿí>m0ùM~>ŽãùösØÁ…m%""{v¬Ís‹HyÆæGƒúõòëŸŸ¶í°øM~Fƒ+?ÿôE|µK»7\5Œ•7GÉ—[4¥•"•êïwªÂ¯õÖoð©ÒS>^£I?¡.=¡yû{UU«R·^ÞÈLõº*qfª¿-?!×VŠx£BeÏQ•³ª_ÐYÙå„ÚÛ­s¥Ñèµå¨Ò«fžÔd:¤ý5ž‡yî?’Ì|•”h2‹ÄØÑÓg?çÁëe?U%"úë½÷;T/§¨îº¡R/•7÷•”/Ô·÷ŽìØLyut»Ö^{ë™EyÇT…GU¥yz\%h=p¡4‘‰c{¬Z”²íæ™ÇÍ|øƒ^˜¹^gÔ–»'LéUdcC1´•ˆHŸhùä•™¹R^aè÷ÐC‰á"2àÑ§­óß?÷k·ÖÏã–ÎO>Ö5ä‚¿Z@c{cHfëW9ä~Õ‰Eê»æ¨ýE|:yÿ:ÖÓà–¹·Ï}ž¹Éš·þ¥1yï¿Í{b™ˆˆtóÌMÔ¼üžö=µ”‰Œ¿Û“""ÞØáÞÿ¡N|Q-×V®›t¶ç–v¯œ­™ýºH_‰‰õÞ(""…'U~¥ÍÐIûJÉó÷¾Ñ¿ÒyRûŸÚnWKžxgO«Q{n¼NýáOÞ‘=¼"Òþo·uªnC+•ÿÛ6ZžµÞÑ=/'hŸ~WûžVÂ;{ûWw¬)ÊV-Ë—±£.þ¸
¨ÊìÎsXÀUì@Æ±øØ¨syõ?ÇS™–žÓ3&âBåv9Dç{¾÷.l+—[t¶rÙ]jCŠÎß¥Ý®n•Símª“›³T­7*·Þ?©ºÄõÞþÞ©,T9+D_ÿ%h"*i8ó¼ŽÞpf¥ÊYéÕŸß¿›&Ê«íBv UáÐúýE¥¡ÎºfAQ©ÑÿbzÙku¾Wl+i$ˆˆÎÐÌp‡ó?Ä%Ý®ÚfúÙ«2¿Õ<—¥ÙÝk¬Pí8(CFUFžYêÕû4¶Ñ¹gƒ¦ŽÞpfÓ¦iM”w±»ÐªÐz´~v‡3çh~Dxpp?±©6?§² ¨ôX^AÔ5¡_† ÍP9O«3s¥B$¸sÕ‡ õ m‚Ýá,(´•–Ù++¿”Q«UFCp{Ù€¶Œx@AC
âñ€‚x@A<  P(ˆÄ
âñ€‚x@A<  P(ˆÄ
âñ€‚x@A<  P(ˆÄ
âñ€‚x@A<  P(ˆÄ
âñ€‚x@A<  P(ˆÄ
âñ€‚x@A<  P(ˆÄ
âñ€BÛÒ¸rVlV¯ß§>|Råò´t)®:?tó?«œ0¸²¥kp…¨ÊìÎ–®Àeg)T½òÍ!‹ª¥pUênö¾xŸÇÜÞÛÒ…¸ìè\´dã?EõÊ4-]€+?x´~+6«É.Ò!‹jÅf.€Ö?ç@ë·~ÿÒ\ü1Úþ?­ßá“4¸øc´Ä õã9E.þ˜mñ€‚x@A<  P(ˆÐ
ê+£cÏ|L¸^F÷•î-Yàê mé—Ò3OÊ½ÊôœJ9²Gžù·L½W’¼[æ^èn'="Ot•Ôdyâ—®VÀ/ñZ?¤äÞ)=&Ÿ¦JA€Œ•„p‘m{¥P/ûZº<À/ñZ?¸"nùê-Y(""Ÿ¦ˆ¹ƒXDRÈ)ƒ©Z©ƒL,=´’º]òÚK{·¬N—î±ÒY+?JÒ1‹lÙ «O5qŒ2,Jœ'ÅÙM’:JÉQùë–+÷—ñZ›SD+·>*Î4Y¿E‰XN‰ˆÜ;F’B%y·Ìí.Ÿ< ?µâ¬?Ñ}¥Ô#ÆbY?.÷Ž‘¤@)ÐH°ˆheôuÒáeYÞè1båI"61ú‹SDßWÂeâ§Wú›.†&@ëñÎI-’à.2m¬,y]6¾ sÖYaÒ-ÒY+‡6ÈÐäžÿŠøÔZæ#›eàó²ü˜ˆ¿¼©¹ÝòÒë2t‰ˆtŽº\_påÑz­Hº<‘.!÷ÆIß(Iè"£ï”Sg–w6‰ˆüFDÄ²AÜ"µ¶®šÿNžLŠÑ4wœÒBY}Jä”¶K07š á?:´æ""rL>M‘çÿ!ÿ<,¢•îµžpjs‹ˆ˜ªqÚA|šØ ­¢õZ?iÈ­>’z@¶ã5’%â–CÿÓ?Ê
ŸeÊ½f4A^Í”Ý¤;÷ˆuñ_h=›^Ý(ÏüJfÞ$æ
Yý•¼SkK²¼³[lzt?3%ÕÞ‚Å~‰TevgK×àòñ¢®¥KÀ•6¨¯8s$µáÃI;È¤ëdÃ±ˆH¬|ö€˜-2ðÍ©W¥u¯¸Zº—?‹ Úº»‰ƒå‰›ä‰DqºDt¢wËêÍW¸4À/ñÚ’UrÏ>Iê#f­ˆ[R·Kò±–.ðKB<€¶Å’%³7&´ÂÚIDATZºÀ/C“(ˆÄ
âñ€‚x´~:MKW Uà?Ð€Ö¯K˜·¥Kþ»vlÓ@PQÒe$—¹'nÂ®Æ¹: b
@H ûH~$[º{¯‚‰fõw—9°L`äÌßns¹õÀX&°òæo¿½Œƒ;?à_ÆaÚoåÌŸ<€E8Î
ø³q˜Ž‡ó­§®aõñùuë€+9½¬Ÿ_×oï«o§<ð÷wO?ÓnsñnË!€ø\D‘@äyD‘@äyD‘@äyD‘@äyD‘@äyD‘@äyD‘@äyD‘@äyD‘@äyD‘@äyD‘@äyD‘@äyD‘@ä?ŒFƒ¥Þ–u—IEND®B`‚' height='200' width='200'/><br>
<br><img src='data:image/png;base64,‰PNG

IHDR
1K«Í/sRGB®Îé IDATxœìÝwt\Õµ?ð½Ï-S¤Q±Ü{7Æc\0¸Ñlj¨!„B‡B^ò’?„??¼—i¤/Ô`bÓ±M˜blª±?‹\dKM¹åœýûcF²dY#i$<ï·òý¬…Ö?™sÏÝWZß=gŸs8•ñ€H•:ø¿éä!=€<¤?‡ôò?@ÒÈCzyH éä!=€<¤?‡ôò?@ÒÈCzyH éä!=€<¤?g—:€_ï¼ùš1a`9Šˆ?2¢Ø&&Ò,,¤H‘PîÝnbb!Éf²A¨Å¨xÄNTTöí[•¨¨ˆ—Å˜5‘"b"ÓPŸ\ûÎ–íéÜYû¸¢V$Ú"f2Ùm¿cEÚ?%¤-R!“#’±ÉÒÍÁä»kÐFî¢D²V¢”‚ê>‰a£&õ€nCzP2N8Þ$Ói›XÄ!cÉÞOåÌL$"mD„Ú?ˆ?b–ü¡0,ÛéÛ·ß¸1ã·ð ƒ®ªîk9®eG˜f·å*O.{ìœs>‰*¦Ü“;±ˆpëƒ|ÒÀD$"¬ˆ¤9X&f’ü>I.Ë`!é(`¢6wGÍW$1ÄŠ³ÿÓGÍ¸{ñÊýÿ×ø÷„ô d.¼ð2·ig£[?F‰É"+|¶åödùïÕYšŸßE„)ÿxÝüœ?{L—0EÄh-ÌS&tøìÙÃG¯H$
3aÂ„/}éKŽc;®CÒêÁ?(?
!BLù¨Zôe_Ù‹jÎ¨]ŽADœOò‘S>™hé¡å^˜©±)}Èø‘ûáo9œÊø¥Žàß”Ñ…»Ùíg1I~Ð`ÏSvîQ\„òßÃ·|OÍÏç”?Î½#B¾ï'“??ï?=&_¤ÓeAd2ÇqšŸü‰H˜¹å€Ú|·Ÿe_KnÄCš›µœKm8?ä°'ïÙóNÛKQjeÒìV}2ØFJæˆÃf§¶*.¢‘!¥ˆ&!²ˆˆH1“2DŠŒ!RùcmH)bMd±6¤,bÛ±bñøü9ó.¸èB?ð\7Ò­`žyæéË.û¢"Ñ¤lâ?ÄfŠ²™C‹ŒaKEÆ?•56¢–/Œ´Õ)Öš”%¬‰lÖ!)[8$±É„­/Úú}ÃæN»ýÎ{ÿ·û‚ô dÆŽãx‰Ý:¡º?ç8‡™?Hø†xÐ€þ'Ÿü©ã??¾OŸ>EtU‘¨˜2eJÍõDÿ0…¡:tx©ãø7‚â"€’qâ0MnewÓƒæÂ~ñ}ßóýò²2fVªGkUcÂ0°·¥(I„r¥>ÜÍ:¥}¼w'ºm}]#Bþn?*ztFJæÔ“N³3É?Ä–1ù©-{¶¶×£Lb$u2Y¯²¢êšo~sþQGõøž^zqÅw¾w­Ý¥4£eFqë÷s~ªB·sŒÜâKM^pÜ3¯ýÑO»w2é@É|üñÆh¦i³6N~Y 5OÚm~Ú6’Éf'N<ð«_ýêÜyózžQc2µþã?H“²r“?;êµ˜Ò£–åP»‡©)?Ý1fHW€â ¸ d²éT9%¨Òæ–ì å{ø6L,&TŠ„È÷}‘šš×u^¡{êêê˜±Ê¯1Ôj?¶­‡dOxÍ;"´‰|¯1?6Zµn¹P›ƒ\-”à¤ŽõïÅÛ€0zP27~ÿz+³+iU)ÑÍïí;= fÑ¡ˆöýpÈà!ß¸æUU½³Ö§6&“N~ðÆëoÜ÷ÀýÊRœ_}hŸuNíup7tØyA0å€Q—|ùÝ½/(FJfèàéT£Å?,”+Ü7FÆŽËOo9þÄ…–²Š¾®çyï¿÷îëÖ½»úÝw>|wÃúuAn¯Ý¾nã{oÚÜ6†âäîŽ;»ÍöW4FN:êð?/~¡øk@w =(™[7Ûœj
£vËVÈí´ì†A&•>bXMß¾=¿ôöÚÚ­µÛ¼Àw×²”eÙ¶m)Ûfcš7Zk§yc´â®Ø¼árWÛ1‘¡DÌJôZÜE »P\P2KŸzJ™´oÜ›
“1¦vkí§N<ù°#fq•ÚíÛžZöÔª×WI ©y‡bË²•¥ò{!­c‰²?~üïÉè"²
fò=²åÂÓÎéÁ• 0zP2ƒöÏ4ÔwåÿÂ?^øÛßýfäèQÝêÿÕW_½û®»ÿúØÃ›>ÞRt?%wòü.]Yê(þ]`ô d/zÂdÒ¡í&Ü÷óL^Æ#EsfÏ©¬¬ìnÿ±hlæ¬ÃŽ9æ˜xy¼,^®µn5`ï:Ž•L6uÿ&>A"âD¢}b½²p+tÒ€’©O6::™öÊ,2{ÕÞ0³ˆ4¥ROš<é É]ï3ÃËWn­ÝJ$n$RUY!BÙL6›É¶ô\Ü‚¢OlÝC·Ngæ†¦ly¿XÑW€îBq@ÉØ?š­ßâuØ`Ì˜Q?=öÄ¤Iv©;¡×W½þÝï]ûÒÊåõ?½gi?0oÆCO¢¸`?Áè@Éüò×¿S[Md #Í›ˆ11­³Ùàˆé‡u57 "¦m;·/8öØ3>}šmEEBn·•@«MÍ˜H$·£™ˆˆ?äöCk©?’6!µêaŸ/©mºß‡F†W¢¸`ÿÁè@Élxÿ}ì0±AÆ‹Å+Í¬_3uê!]ìGH^}åÕLÚ+?Ç¬ˆk)‹˜•ˆ°b!fE¢…UnÿÑ:0F~Æ"îSUIJ‰6"D$lÙ,bX©==P(d3"abÃ¬ÄH¾êˆ‘Å¢‰•1"KD³RdD˜˜I(l³baf!f1†9·›‘==33¾®Ž5Ã'}’Øé@ÉL;Æ4ínTW±ˆ1D6s M&“9çÜsýË_E#N§?lÜ¸ñúë¯¿÷Þ{£×²lË¶?6ÌÌLÚˆÅÄÌ¡ÅÄJ‘1DdˆÂ ¨éÛoüØ±ÃF?pâAŒ·æ?57Üp=31+ffV–¥r=³1BDJ)c1)fÑD³¥˜„H)ÅDÚ3+&cH±+#B"J©–;-”;1ß1-¬“6b+ªO{ÇÍ›õà£KöËP\P:gösaº.´Ê˜%_OÃì{~¼¬ü+_¹²+¹­Y³Æ¶í+¾t…ø6[ÌÜ¦v‡òÅDZ‡AŠˆ:pð¸ÆOŸ>mÈ°¡ÑHÄ¶m"špà„­µ[=ÏWJå»6²wW­Š“ö.êâAû7;î“™Ó=óÀAÅÿŠ ›0zP2õ;k£’i0qÅ:÷ŽÑÆRÖðÃ»rz†>ZŠvW)¥”ÊÏ! j)àWLA¦ÓéÊÊŠaÃ
uëùÞÖ-Û˜…:-õßçCÿ'€‰E¸ÌÖñš!Ÿàe Œ”ÌQÇ§›ê2ì(ÎON'3Ÿ9çìÛ~ñÇéäÿÏuuu_ÿú×?±$s™UsV°Gnj¯ïû$ôé³Îúò—¯0¡V¶ÕQ‡O=ùÔÅ—\bYlYvûÞö(z]Óî&BÄÔ”
Î:nÖ­w>TìU {?”Ìá‡M·³»šÜ>"2F´‘/œ{n§¹½üòË›kk?YxŒc;ûzfg&JeÒa¨?uÊ)çœ}vYYYáûô©ž>cz¢"áX¦û3;Èí{Ð˜l6fB±×€nCq@ÉD\¥ÃÛî#F[–•õ²®ë(Uèé<Çó¼À#ÑˆÕ<O ·ÒOîÀ²¬T:•ÍzUÕU-ºBkÓ¼âéžÞš×%j©'’\îAûl¶?%W&Ô¦“®?ÈÄBLAƒG?ä6Ð[0zP2§œtšãèLÖ°âÆú†#‡ÿò—¿ìSSSø¬ž}á‡?ù¡—ñbÑ¨!­™)­™Ørì]»võÔÿÚÿüÞÌY3ºÌÓÏ<óýë¯wÝˆRl)K“Ë4Œ£,KDŒ1–²„E´aV¬ÈhafVl´a"¶”1Ê²rlY$$F³RL¬?VJ)æPkf¶”ÒZSîÀ±-«åÀ?¤š2óíÿºÇ¿lè¤%³}ç¶ˆNïÌŠcq:ëêÄSªút’¤Ò©{îûÓÆõ”e)•ûº=ÿe¾ˆ(Vž$*ç}þ3gMïn<;wí²‘Ü®D’ŸÕ ¹ÝÒ¤Õµö\”ˆ™YDrå@-mÛçÆXDˆssŽ13íãÄVW¤T:½£iD‘¿_è>”Œö3ì?2a†5Õ}”ÕI-?Ñf÷îÝÊ¶”R$B¹YÍ9YÏ#’Dy"‹u7˜0šš²Ì&÷2ÿ¼ž_©ÕFÆ-¥V˜¹Ý¤„–¥ùƒ=?Q«O¹í*H­nŠˆYn˜ä²¾Ý½(FJæ›×\“mÜ–•x&?ºàÂóO?íôÂíßzãÍ›òã Ô¶²òÏî9B–m??°ÿÀoü~¹½¾ê?[o½•™ÇÏËj-¹Gú–ÇøN~îÕcûeO÷J'ºðÓ0Ïž2þ’¯~§ˆ;€" =(™eO>m55mÉ¦*×|ë›…û¾óÿøáG.?—“í¸bt~è@)ßó˜Õm¿øE¢²¢¸`¶lÙúøc?+›s•EJ±í8b±Ñ¬”Q–Êí|l´a¥Œ1J)1†ç3#ÌÜ’-p~†q.Åh5P$†X‘˜æ1
EbX±a¥ÄRJŒ±,Õ˜LÙþÜKŠ»%è>”ÌÖÚõeÜXTE,5røî¬²hý†õ¤H‰eÄD¢Ñ¬Ÿvl7}Ûrê¢ndìØ1Eãg¼­Û·f²~6ðE„ÈÄ£ñL6‹Å3™t,M§³±h4“Í$ÊË?PyyY&›?F#^Ö?Dlß7ŽcaèØ*É²Äf"ÒLŽ‘À¶œ0ôm;Y×?z^6?f³™h4žÉ¤ãñX:?‰Çã©tº,OeÒñx<•lªN¨xÅ°¢ïº£%óØ_ÿ–õ›$´Ï>ëÌÂ¹?çûwÿïÿnÛ¼5?ˆä
ôóó†«d²ñÈ£?:úè£{ÌG>ºï¾<ð€³?ûÙŽÚè \¿~Ã›o¼¹fõšú††ÊŠJËV–²Ú—µhûf.[È­X*¹yÉ¹ÅlšæÞÉMn´?bàIŸ>¯'·]‡Ñ€’<°CC}<^þ?¼tÐAhùüóÏ/Xp\îûÿØñxùÒ¥KæÎ?Ó“`yä‘3Ï<sÞœyK—-íhö‚‚´çm«­}ÿý÷Ÿyæ¹®\ñòk¯ù¾×“ëvê˜Ù3zå'zh?ô dÞXõª4IYõôiÓ
·¬««[½úm¥˜¹Íl_¥T:?ªéÛoê!‡ô0˜úÝ»ß~gmß>5ãÆ?S]ÛLÍ„úí5k¶×íÔA ?vl'‰X–•[¢T¤è–ó˜9u¿Ê²QÜÃ® ‹P\P2uÛ·&Ó©Ùó
?ÑîúúE‹ž¨ªªh·%“?£F?îyn@DÉ¦¦uï˜’;fu-=P¶uÐÁ{‚ßZ»õ©'ŸNgÓ}kj”RÊRm*?ŠH˜LÚºjT÷O€â =(™sÏ¿¨¡¡~ÉÒeÃ‡,(Ðìî»þ÷k_û?Ž>ýÁnœ3§GeE9Ï=÷âùçá€^[µ*fó¯ƒëº¶cß÷‡ûW¬|ALÏ#Ê;æð©??ûÏ^ë
Bq@É,ùÛ¬õ‚NH$Ê
4{ýµ×7nX¯[‡†[fø)ËÊd2Ç· ¢¢²çÁlÚ´iéÒ¥ƒ‡=î¸–²ŠîÇó¼gž~fÇÎºhÄµÇR–m)“Û¹ËC¹–Žm×7&‡õKL›S(}€^„Ñ€’2tØˆaýç™LÚÃ¡Ã†2[Ì*Ée,”ñ2³Æ?ë•Ü€ˆª+ª&OšÜ¯¦?ÅÅçD‰DN<éÄÜñ»ï¾óñ¦-åå•1×?fVŠL(ì0‡b+"£…¦@ÄfeD¶l2¡°ÍlÈÔô7ý*Ü^¹Aè
¤%süq®ûúå_û¯›´yô‘Ç.¾ôâL&Óþ£xYù“K—Î™Ó·W‚yîÅçO?ý´yóç?ñø±x1û.·g±úÅm·<óÌÓét–L‘3•??êð‡¿Ð+ñ@§?”Ì—®¸âø“Ž)ÜfØ¨áß¸æÒF+æ–µ€˜Y›?ƒN™ÒkKúLœpÀõ7Ü0xð`Çuz«Ï±ãÇßû§{üÓýk?|Ç‰DÇÍ­iÔÅÓYq&:¶oÅ?ÂÜ€’©Ý¼yô¨A¤"5¢Û¶g=Ï¶­–uBs»†éPÐ??öV0¾lÙº¥ª¼¢ª¦º·úl-“Í~¼ñãX,jYVs’°÷BLÍš?b£âŽ­òI„í!=(™Ù³f¼¸|y"‘è¨ÁŽ;O<éø?Ö­‹DÚ¤Fk!¾çžûŽ=¶G;%·¶èñE_8ÿ}úô™>m†íXñx¼¬¬lÔˆQcÇ?:tðÀ~úô«±m{¯?ºnçŽ?W_ý?'/Šº!ÊmŠÜéY©löŒ£¿ýO?wQè.”Ì?MÒcF=pà «õFLaÄbåcÆŒîÅ`úöë{äü£…´úaÈétzÓÇ›Ö¬y[-³G?9eÊ”©Ó¦Nž4¹¬¬ÐDêÂýßrë­Ã†ý×¿þ?Å•2"?g~h˜ÔÉ¾Ð‹0zP2»wíèß¯Òq:|à#;êvZJµ~Šfb-:êº‰ÊÞY³('‚d2)F„öT1‘Ñ„¾ç{b$‘Hä6EfÅ}*«I9’P·³.ÛuI„š—j¥=EÂL"ÄÌ¡1•¶gb˜~°Ÿ`ô d.¸à‚‡zØéx&ðÒ¥K¿ûÝo;®Ûüäœÿ‘Íf?:ó7¿ý¥ëöÚ¢Ÿ+V®üæÕßPqË¦BÄÄBBÄŠH(ÔZDH„™ûÔô?>íÐÏ|æì)S¦t·âè…^¸é7ZŽÍŠ™‘H>O`ÊMK`&fÊxfþôn¾íÎÞºM(é@ÉDìSX A]]] ¥"žplÛäžË“P¨©¬<æH,ºÏZÙª¼¬R)&""&""abbEFçÞ/ã?öøÒµkß¹ðÂ‹Ž[¸ [“¤O8ñ„¿ÿã¥§Ÿ~®o¿~¡ŸR¶cS~Ø¢å¢ÄLŠÓN¤Èr&(Š‹J&ð2‰)UÑQcL6ëç&‰01kmGYV?ö/Û‹£?6Få
{rOç-¹gwf2Fˆ‰Å(¶´HdS©tŸš>ŽÝíï›“$?FDÈ²ìÜÒL¹u™šˆ‰Ø$}B†°Ÿ =(™ÿø?ÿøÙÿü$‘(ï¨ÁŸþtÏã??VU]EÒz
/§S©£Ž>ú’K.éÅ`V½¶ê¿öÓˆãØ¶-ÌfÚ3™XZ<i­³žW]‘¸àâKfLŸÞõ‹Þuç]?üõ‘:šZÀi/8dÂÈ+¯þn÷oŠ?â"€’yù+?1¼ÿþûK—.-++SªÍ–h??Éê>}z7˜;w>÷Ì³aØ¶Ý²!A›¥…
.2¤µÎd½çžá¦›n:õÔÓ”¥
µn6ó°Ã~~ËÏW¬X?F¥]ÿÌÔ”ÊøGÏ¿²û·ÅÁè@ÉÔnÙ2lèÇí°j?•JÕÕÕ)eå+|ò8‚ŠªÊêªª^ÆóüíÛ·m²Ù¬ÃÌÌ¬,Ë±mÛrò4Wþ´—›?œI¥le?;ªë×M64ÖÖÖº±¨½¯Z)m¸L¥b5#{pgÐ=(™»ï¼ëšo]ít¼øÐšµk|à/®ãîÉ„˜)“ÍN9ä óÎûBÑ›”µ÷á‡ëîºëÎÑ#Gœ|Ê)¢eGÝŽÚÚÚ>ø`û¶ñxÔ¶Ý½÷)?æñ…=£¬Åd3™òòòË¾xé°¡Ã:½n¢²bwý®Ûoý…ãFˆ¹Í®LY?œzà˜Ó?wAoÝ&†Ñ€’™zð¤—ÿõ¯ÊŽ·/X´hÑ©§žZYUÁ¬öì2ÌÔ”J2eÚ³Ï<Uô&eí=úè£§Ÿ~úü¹G.Y²8?d³ÙT:µ»®îƒ×=ùô²7ÞxýÍ×ßô}Ï?¸$Ôœ–ìs$?‰(?ÉL™6ýž;ï;vL§—njjºè’KþËŸ+«+I¨Õ0§Óé£gÏüË¢gzë6 0¤%³úõU‡N›dw¼-Zãîú5ï½çÚ6)æV3´1±XìÀ'2õÚèAC}ý«ßÐà„qãÚ÷êeý>ü ¾~w¨“X–?Çr‹QóœåÖ´æúÆÆñcGÖùBn××_£ººšIn?&âÜZI‰ˆ5xÔÄ^ºKèŠ‹Jfí»ï4e’Ýñî–ã®ûàC#Ú²¬6“„…<Ïïß§o¿?½¶?ðÖÚÚ7_[5qâ¤Ñ£Gµ_¥4u'M:°ååªU«–/_ž(/?ÆbJ)cÌ>F„7|ô?1râI'4¸ðÕkjjfNŸñÀŸŒÅ"®ÑZçê¨¼@?PŽô`¿Áè@ÉÔTWÔn|¿²ßÐŽìØ±ãðY‡¸îÃ}~ú›ßüöòË/ë­`¸ÿ?s>wÎá‡Ïzæ™gc±X?–F›­µ[ÿðû?üöŽßnÙ²%‹z™l?ösgÏ{èá¿ôïpõÒ¼úúúO>éï+_r£?ëµ¼ìá‡>öì?ºCP¤%óÁûïNž0@¹ý:j`Œ<ÿì3Û¶ns"‘ÜÎd’_ÂˆÓMMÓgL?ð É½ÌúŸ}êé1ãÇÎ™3ÇR]Z–ôý÷ßÿç¿^öš2å‰„ÅJŒ°?/2ÉÇiBÝ”j:éS'8 Óß^»öå•ÿˆE£¶ëÙ*lò‡é3uöÑ=¾?è”L²n[S2RQÓaz O:h²m»ÄÄªec"bcúínl‚Àq:.NêŽªDbÌ˜15}ú¨.Ïg7nÜ¸qãˆè…_È¤3åååÒz‡–ÙËÌ¯¼öêÀ§M;´p‡“&N¬¬H¼óöÚH4J,Ìô¡êªŽ—v€Þ†ô dN8õŒ¯]~ñ?ùY?6¯¼úÚÉ'?ÔÑ§=ôÐ™gžÙ+ÁümÉ“çž{ÎôiÓ_\þbáâ¢½A°éãM_¹ê+»vï*ÐÌuÝÇyôø“N(ÜÛú?Ö/8naëwN9rÆýKVv=è¤%ó­k¾5kú”ÂmfÌ˜ñË_þ*ƒ½ö#³m»1™4p`o3múÔo¼qØ°av»yÉ…9ŽóùÏ~Ô¨Ñ+–/·Û¶íö[§1s*?2…7^&"¢ÃgÍúÃþ°{÷îH4ÂÄB<°º¹
ôæ”L²~W„3‰~#,U¨ž'•JíÚUµbd)£Y³01Ã^6=tÈPÛí…ïz¼¬·­¶¶¼2Ñ§ºOÑ?ìÜ¶=ÙØ¯('b!aÉÅ*DL©t6?öÐù$„MovØ&‡´‘¸Êº•CŠº£%sèÔiåŽ÷Çû›=ûˆÍ–¿¸üŒ3Î´-KH8·Å€!RDBlñW\ñƒüÀ²¬³xñâóÎ?oÎa³[¼(âYîÿêk«.¾äÒÆ†úÜÔäæÊù?•µÑC‡»ï¾{¦M›^ “ .ÿâåÏ=û¬mÛ:4'/8âÎ?ÿ­¸x »?”ÌégœÂÞ.U`ã"":xÊÁç_ø…º?»lÇÒZ‹1¹9ÊB$D‘h4Âž§C‡ýô™Ÿ>`Â„žl´vìqoºñ‹–,r'‰Š˜Pk/›Ée5–m~¸­v[áNÇ¹üÒK«*«³^Š•5{æ!=ˆºÅE%£Äç°ÞSUenœœ#"™TÆ‰8¢E8ÿe<Sà‡:*«*{ŒÖ:›Í(ÛŽºæžnÆÜØØ?ÄrA¶™ŠÀœjjªLTXN'ùLÖ÷H‹²Ò!%ztFJfÞÜ£¨a·ÐïÁ{1bx?–®ûð¼óÎkJ68ŽC¹ô€Œ%¶?µq”}óÏ~zÌÑ=Úà©§–]yå—?˜=û÷¿ÿ}ÑÅE9Ûjk/¹èâõ›>ŠX.‘?Rd$ ’lJ}îs_¸ö{ß¶¬ÿ‘|ÿÆ‡yÈ
õ±óÿáíèI<Ðu]Úø>åå±²ŠúÝõë>Ü÷¾È-†>öüP¥lÅ¶R¶b'$ÑÄ¶ë¦ï‰Ç‚ 'Á¸v$^V‹ÆÈt¾¾Paý8ó¬Ï?Ø¹µM¤‰C#†Ørì·×®nhh*Ð3|ðÁŽã„–c»=­›€®Cq@ÉXA½¯ª¢+‰n,F,ÛQlå¾_7F˜E)KDß+/?;=øÖ_a*•rc‘HoQCc“af•ï!¥˜ˆÃÐ/OÄ?N&]HccÒˆíª,9(.ØOP\P2—^|‘òv‡V¹û¯®›<yr?Æ¬xñâÅüãËq1D$¹‡x"1J‹œvò)\t~qû(¿ñ©ìu IDATæ›×ßpÃ¡‡NýîµßíìÁ½KÖ}ðÁõ7ÜD¶J5òuQ¾L›6ã{×~Ï?t|!‘ŸÝrÛKË_˜;ëÐ«¿{cÏã€®@zP2/ýýŸŽnÌR<ÙÔxÐ!Nˆhâ·lÙº{÷.¥ö.ef"Y÷î#F?\¸àØ"‚©ÛU÷ÒÊ¬Äô¸¸(gð ÁÉÆÝo¯Yã8NëÙÉ¹¬fÓ¦Í]|Ñ¨‘#;<Ÿ•-ôêk¯ö¯èÑDè”ŒßÔ³Òª¿—IG·ª¦ºÓS“Édyy9I~bÎýgŒI¥R‰XYeßÎûi/‚Ý»wÇb±D¢×*yêëë}ß?¸‘½BÕFg³Þ€ý¯ÇšÍd’É2GT¬˜;€"`ô d~~û¯Ø«Ïh×R*™j:ú˜£N?íôÂ§TTT¼ðÂ‹K—,®HT6?sïÁÌFë¬çÍ?7ïô3N³T7&õ®]»ö÷¿ûý¤I“.¹ô’žï¢?ãF"·Ýv[c}£eïÕ!{~vÒ„/¼ô¢×Êd3·Ývû°~•ç]vU¯Ä?Âè@ÉŒ8 ÝÐ˜&?{9á€Ï>ýìà!ƒŸµêõ×O?í´6hã:î7¾þ?k¾ý­ÊÊŠ.óèÃ=ýÓgÌŸäÒ¥OF£½SÏãg¼SN?åÉ'—íóÓ&Nxñùåýú÷ëèôººÝ‡vøˆþ•‹ž]Ñ+ñ@§?”Ì¦ë¥±¶Q•ëÀ³,+ÃC=´Ó%Œˆhã†?ë7lpl‹-k¯5†DÄqœL&†áa3‹Åc]¦¡¾þ?÷Þ«©î3vôÚ»×â}¼éãM?Ví†DÈu?ƒ:Øv
ŒcËšµï©09|Ü”ÞŠ
Cq@É¬X¹"ªëÓªŠE‘1æÍ7ß<õ´ÓPøÄá#†—'Êï½÷?xÌ%bÉ­b$BùµŒ„™?1«W¯ö<oØ°á.¨ªª*ÜçîúúW_yeÄˆ£F?²¨×¶(‹—½»v­¯µeY¹ùLù%Œ|?ˆÅÊ&NœÐñÙ¼k×®¦­ï"=Øo?”Ì7¾þõ2ÊlJSÔVÌ†¡õóÏ¿pç]wF;C(++[¿îƒ_Ü~[$ü?•(ei­‰È¶,­??±-GëPYÖ¨#¯ú?+O;íÓû ^}õÕ+¯¼rî¼yG}t,ÖÕ1‡N564þ×ßß¶½–„”¥˜IkafÛ¶RM©k¯ýÞ?7~¿Àé[²tù’Ç—?üùÞŠ
Cq@É¼¼òÅLýf«¬Ÿè?¬ˆ"Êd²Šù¤SObî|WûL&³ì©g‚Tª¢ªŠ˜Y˜Y´h&%Ì"Æ"6Ì"&¹k—&uø¬™#ÆŒî¨·Ûv¼øÜóý÷Ÿ3w®êÂÕ»(ƒå+þ‘mh°#ÑPB‹“6*¶_?=jÒäINÿ£?·­_}èáÅ,Õ
EÀè@ÉXìTWÔøN‚Yk!bãÆ#&0O.^rÄÜy?,0‹ÅN=åäL&³ò¹ç™íH<&
‰a––Èˆˆ¨¬l˜YûÞ»o­~›H4I4Ø¯ÿ?áCª*«mÛ"¢Xy¼²OUy,j„T¯M= Ûvì»Ñó?¨å?M$L®EŠˆm;ÛÔ”c¸Ý6-jª*šÊ±e2Àþƒô dÎøÌ™^ºÉX–R*_‘/dÈ4%›.¼ðÂ_ÿú×]™¦LD+_þÇ?üc¶-[YùùmíµªÑÆèÐµía#G÷íWS??=nÃÆõ?>öØ¼¹ó–>¹Ôî½â""úå/}ûí·UVT´lŽ&DÌœlJNŸ6íÅWD£ÞæË¯¼rë?ßzxÙß{1(é@Éü×w¯‹ø?õ*j±‘æ9L¤µö|/‚®¤±Xìºëo8xê´×_yÕ‰ºQ7ÂÌB¹ñƒ½å†r›“‰¥Òij!9´ß¡ÓgÌ˜0a‚ã8½{›ç}áÜAƒºŽË­2!ƒpÀÀ?N¡•‹hòÄÉW~ùŠÞ?
ÀÜ€’YûÆ+•?Ê˜LËƒ»1±“jJ?;¦ºOŸ®w˜¬oxû?µ‘H4‹ŠáVù@[’ßhY”R-‹…aXYY1lø0îhþrQ“É?Ö­s\w¯Nµ6–R'P`U/nÙøþ€ác{1(£%sÂI'…©úF_1·©þÉ=Ók­§L>ð¾:ðÀ‰]ìÐ×á²%Oþôç?OeRÜRÊÓªÏ6í„Z9þ’%K¢½Z\ôûßýáê«¿fYVëéLj=bÄˆ·ÞZ?H”wtî[kß¾éê/Ý»ø…^Œ
@zP2W\y×ïª³#$fïÏ˜”‘º;×®^Ýõô ¦¦æ¿n¸næ¬Y‹??f¶-ÛR¬ˆÚæ
ûÂÌ^:=jäHËí?-“[Lœ8áâ‹/)¯ª0¦íc*ËÊl§Ðýjª?þÔ)½€â"€’É¦›\[¬hBiè?™[¾àÏÏ'ÖY\]U]Ü%6oÚ,$e‰rÇrˆI)eŒÉ%¹Œ!÷?¾EØÊø^4‹ôvzàûA&•²#®ˆ0±??+Öa¨X•w<t@DZ(hÜn"EÞ>tFJfÎì¹••q²ìtS1-¬X1kc˜H)jSQ^ÞÐÔxÄaGÜðýÜ­þ}ß_¿~ýï~ÿû×ßXø?ãØMÉ¦DE…ˆÑ¹mŒ‰´6¬ÈR–1Æóü©S§Þu×]]\1©‹þó?¯yâoOÄbñÜ¬kVJ)†aS™zÿý÷«},¶”÷âŠåwÞòãßÜû×^Œ
@zP23gºkÃÚ]¡?¨¨dRFŒ¥Ôž
&KÈ°ÔT÷]»fí“KŸ¼ð¢»Õ¿ëº³çÌ?~ìß_úû£?>þáGÆbqKYFŒmÛDbY¶1bDâñpà€ÜñÃzqŒ‘ªÊ>nÄebÊM´`#Zdâ
äDd[Î€ÁÃz7(ÅE%ã*m?a¬j²,!!bRŠ˜ˆk-F‚ÀÇ-°E@i-J±1¢µN§3~à™Ð(ËŠFc¶mÅ¢N?MÊŠcŒÑF+¶´"¡ÜÂ Œ¸¶²
Í=¡ Sª²Þ:‚Ñ€’Y¸ðøò'CÇ"CÌ”›>Üz}Ÿ=«11¥R©ñã'\{íwÇ?+~¡OËâÜO/ëíÞ½cÛ¶[7oIeRÿüç?_ýõéÓ¦ÿøÇÿíFzí_‡·ßzëëß¸&›Í8vsŸœK?Ä÷ýï|ûÛ'œtb?Óqû¯6®~õÆ[Ó[ñ@aHJ&Õ”ªû¸!u9ô‰™Y™æYFŒ)¥DŒˆ(e‰‘¼ðÂs›¶lüõm¿À¸^=‹?1rÔ¨Ñžïm"‘È½÷Þ×¯_?²:[ä¨;Þ\³æ?7_¯ª¬!ff&c$W¿¤µ‰Ø?ü3ôÖê··oØØ‹ñ@a(.(™ÀË’Ÿ´bU–e‰bRÌ¹¹Jqn’@ëU†,Ë
ý0™nªªªŒöêìa""’ºº]ñx<‰*ÕkÓ$”ŒŸ&VLJÈ´l¸&bÂPÇËâvÁâ"Ï½Ì.+ì/=(™o\}uuu\Ø£-V†LûýÊDÈ"Òd,R!‘b!²E{/¨ª®þÌÙŸ™rÐÁ½Ì›o¾uÇwL<pâå—QQ¡Gö®khh¸ùæy¾¯˜™•"cHi"ÛÒS¦L¿èÂ
œ^·}ç?~Ëèþñ/|é›½t
£%3jÄ°p÷Î£,›ˆ”ˆ0íµ?š2ŠÛì€ÌÌb„•¥EÆŒýÝï}÷¬³Îêù`Â¢E‹N?ãôc?Yðè_ÿ?E{Ø[ÎŸøó9Ÿû¬e[J‰2ÄL†Hˆ¬0¾õŸßþáM?(púŠ+Ž<æØ…GL{hÉó½t
é@É4ÔÕ?;3N•Eºyj²´ 0‹ç—1"jYÿ3¿ú±!J66Š1Ó¦Mëùj¤©TjÃÆ?••ƒì­Å‹¶oß¾cûŽHÔe&!¦ü¢¦"ÄÙlvø°á?+D^ÖûpÝ‡•1§Ï ‘½t
ÅE%óÐŸÿRå„Û‚¨Í¦Í÷?™?‘gž}F´)++?|öœC§NQE=Ü×ÖÖ>ñø¢ñÆêSŸê•Ò¢u~øÐÃ;ŽÓ.uaÏËNš4iò¤ÉNg¢eË–­~û­iGÏEz°¿`ô d†ì/õ»™I„›ŠþID‰òSO;ã¼Ï~ÆÌ™UÕUÝ
æÁþüÙsÎž>uÚò—–G£±ÞZ6›ýÌYg-zâ‰\fÐ>Ôo~ó›?ùÉO
ô°kwý”ƒÞ´éããçÎxxÙÊÆ]„ô dÞ]ýºÞ½©ÑígIØ“Ü€g3YÇuš’M^://?böìêêî­öS[[ûòËÿì[Óoæa3íÎÖí”1æé§ŸVŠÇm=q‚ˆD¤)•:læáýû×èÁ÷ƒeO-ó²™áj&MŸÓÃx ‹P\P2nØ8 œÓ©”M¤IÛd…Úd7ÿÌ½³×O¥É(R†Œ"%-i³Ÿñ]Ç?Tº¾ÖÏ?û|`BÒ?Fû0jÔèýû†•"-Ñˆk©žÖyž·dÉ’ˆí„Ji_‡dlR¹Ÿš%“LM™zHáÜ€ˆÖ¬Y#ÚDÝ2Ûv{tFJfèÀþ•¦~}ò“½J48°ß„ñvøá³f6jÌ¨AýºÑˆëºV«=~ø¡Oú¬yóæ>ùä²h´ø•‹´ÖW_ýõÛn»Ý˜'T,[¶lÁ‚:©«Ûyü'½ò¯—‰hÁÑG>ú·eEÇÝ‚Ñ€’¹óî?6nZ“v(2ÅíT,­6J?v›&äÞÃ0´ÑA:?z÷½÷I‘"0``,Öf‚Áa‡ÍºåÖ[†æ8N±7D¹½Û&Nœü³Ÿþ,?YÍ3rX©TSSUuõ‘óçîÄq#—]|éœO¬†ô/ïI<Ð-=(™wV¿?eµê¯($"C¤¨y_€æ—šˆ›ßÏ½T­fä^æ2?Ü§-OäÜü²yße"­uÖóBÏ7$Ìœß–Yˆ™mÇv·ªªzÄðáTìº¦»víZ³vmEEÂu#dŒ´[ë?‰'O.´`QÎÚµk/t¢‘PsEÔï7dB‘@7!=(™1#Gxé¤oDq›U}r
¿Ìí#@­ÞÜëå>ßÉ¥
D$$Í3†9÷3§2™cŽ:ú‰Ç¹±b6Yûàƒ.¼àÂ•/­H”—›Üp7‡-DD©têª+¾rËm·Þ¥aóæÍsf±iÓ¦X,žÌxg;ÿO?.."(Š‹Jæª/~ÉÛùQ­$ÖÍïí?tðØ/­>jÑf5£ÞiÝ¸ÍUDDëpÒA“Ù)rìà_¯¼2nìØ©‡N5íK¥˜?°mëëW­ÓÜ¶mÛqÜq'ÚŽ%B~N;p|qñ@0zP2µ›7V%œ€ã,ÝÞmŸ?üÅiîŠƒÀ?ÅbÕUÕ¬º×w:?ÞV»?-?DX)iÉr?AÀFÚ•`6oÚ¤”²-›˜´pœ<§r@‘÷Ý„ô dž|`?Mza÷žÅÛ?/t÷ôöc”ÛªÀÈ1Ç{ç]èú¶hbÌâÅK~ô£®]³Öq]æÜZ«m(fß÷/¿ì‹7ýè?vxû¯~uãõ7ägK(ËÙc?œ÷û{ÿÒÅx ‡P\P2Ç/\°cÓGa$AFw¡ù'Œ9?N>DYÝø§áíÕ«zè¡Êªª£Ž=FÄ´O;”bÏóËÊÊ/¹üÒN{ÓZøÁ3fÎŒÅ"Æ3ù?™0~T·ïŠ…Ñ€’q-²Èg§¬Ô?ä¡f"e)ÕÙô"ò}_D2^6æF•RŽ»ïåP³Ù,uq#­uà‘h´åúbÈ»=ÁÚ¦ûFJfáÂãËEZŒP®Ü?w DÒö?½˜‰ÛäÎÚ{.²äÚ«[aÓº[&6:ÜÝ˜<xòA·Þz«êàYŸˆ²Yï½÷Þ½ÿÞûþùò?#Ñˆëº¤)%${…ªX%+ûô¹ùæ?ßùôâ·V¯þÎw¾ø^Ô?†l%ÄœlLM›2þ†›Ñ[¿s(é@ÉèPv¼»zK@å—Ý÷¬‚Ö+5´¬JÊ¹b&""Ù×AnÔ–ƒÖ¹Cë3éÔˆ¡#MÇó¤wÖÕ=øÀƒ~ðÁ-›·x¾g»ï{s®ã|ûóçŽ?®+¿?ÅûÛkÿzÍ?¹Š÷¬óšñÃÆéÊéÐ+P\P2:ð”ß?á²"V.ú$£‰h¤ÃB t:³cÇveYñXœEdß5HÂ¬|ß‘X,VUUÕÅ«ïØ±ƒˆ”²Z¿©…ËL–+úv÷^ 8=(™/_ye\eÒœ°š÷/fÎ=u7ÿ$¢Ö/Ûµéù)­_??dð?ùóçíÚ]Ÿll¬«««ÝV»{÷.âÜZ¥Š™mÛffcLG(Å©¦Ô?ÁC®»áºD"Ñ•ßÃÇ›>¾áú<Ïw‡ˆöÄÆäù2÷?‘çù;Ÿü_é@)½üÏ˜úm[²RQV–L§Ër]»)?­,/kH¥¢®ËLéL¶ª"ÑÐ”*‹Fƒ0Â0QVÖ˜J%âñt6ÃÄ±h$™ÊT–—545E\×¶¬¦t¦*QÞ˜JÅ"#’Éz¹—eÑ˜øÚ˜òx¬1•®ˆÇ›2KY×iJg*ÊÊü p#î]ÿ{wøÌ–íX–RÉd*QoL¥Ëã±¬ç#e±hc:]QV–L¥Ûv»)?­*/kL¥\Ça‘~ý\páÅåå]šOì{á?ß¿ñ‘G²m'?õª*Ê›Rñh4Ôaà‡N$*Ééçù“ÿcŠ‹J©nçöˆi’Xu6??D¢Z‡"l;ÊÏz‘h,}&KYxA4õ|ÏRŽ?6¡‰D£Y/ëØ®–€4¹×Ëzv$ž"e9¶ïùn4ê{i[¹Ê¢ ÐnÄõ²×q‰Å‰8^&‰DµÅ°åX?çYÊÒbÄÂ04ÑˆãF"
ü0‹y^Ö¶]#?hq#‘¬ç9NDk?D9Žíû>³J65úž7tèÐššš®ÿÖ¯_oY¶qÉ?ïgÝXÔÏxŽí’2a(QÖe5?É¿ì?Ñ€’¹ëÎ;U¸?q”ÊÕÒ°°ä¦aË2bØ?²”ÖZ)EBB†ˆYˆ,6Ú(V¤Èh£”eÄ0‰(–Ð(K‰I¾VÌ’Ÿ…,Bª¥&c4³ÅLBÂÂJ±É_Š´EŠE
\ÑˆilH:äìs>‹uuK5"zî™ç=±¨¢ª‚‰m¶+ªÄ,Æ?Å¤…Yi¦ñƒ*?<ùœOòï{`ô dìßØPß“-?ÿ?°,{á‚c¿}ÍÎšsDnþ@W¼ôÒßO=õ”?;wn¶`ÎŒGŸZÙa@ç?”Ì{kWKrK½©Plˆˆ„Z–ôlYw”„„‰ˆ¸ÝA»¦­Ú5c"iþ´õGù+æFöZCµ]ûÜAîÔ ½lÖ#d×ô­œ5}†êrb?óÎ;ï®[÷a,7Æ[–j<y?X3izO~ÏÐu(.(™÷Þ][UI
5/lº×Öí„Ðu]ï¡+—f#™¬—nÊ2ð„Oä.ì¯ÜÞ¦M›—¿ð¢w]e5žjÎƒDöÞFAk®t*Š¸£%3d`ÿú†úRGÑm#G?<bÖìÏžsöÂ…#‘HwO_µjÕ¹ç?»æí5]lüÜ/CqÀ~‚Ñ€’yðÏ4nx¥ÑÁ¬ÅY”EPû:ÐDŠˆ;;Èí*–;"ÓÙ?!’=—%¡Šˆ(!MB"$ùþ‰DÌ€~ýæÎ™;pPñK%/¸àÂ~ýú“ˆ)3Ð§¬Ç¿iè*Œ”ÌªU¯õOP†¶*u(DDd´ÖFjúô©H$œˆ‹Æ¨˜Ò¡}ôÑú-[6Åbñh´Ã?™[cæ¬—­.?÷:º7ã€Ž!=(™Áû§“š·šR\BJñôé3î¹çž¾}û2s,SÌÊ²zÞs2ÙôÛ;îøÙÏ~º­¶¶[Ó´Ö§3ç¾'žíyÐ(.(™ë®ý^vË;Û­>›Üdà&ïcÒ°P»Œ¢££íûÜòæ^M˜½lö€‰G?îý¯ê7mþx×Ž?ŸûìÙ¬+•ÛÚ¡ðÍ
3yž?iìÈ^?:‚Ñ€’©Û¶‰³;ƒÈ ?äç–gÿÖÏôL"m^¶kAÔåü`Ï›´g)S&
E?3ºw2>X·®aw½b«¼,f¹QÅ¹»ku³­ÂÉ'{n–}m*í01À~‚ô d9øÀLS“XKqË—îuVG‹˜¶¿M?{P÷}ßvÜ/®5zDQÁìÕ#müøãßüæ·¿ûý±ãFXÈ?p‡9Ì¾5e3fO½ëÁÅ=ºÅE%sÔüc7oiPÂ¢™º<?[}ù^´Vƒù¡öéÓ§<ÑË1Õ××ß{Ï=o¬zýˆÃÓ­P[oòú°Cé…? k0zP2©d£ÎîÒV‚Ät¡y³.n?Öúý–Çí½Ž[µdfcLMMu,ïæ}´Q·£.•MëPA?F,Ëf&Ù³s7ºb¢ÐP"F*õ$$è:¤%³ðØ£w|üQZ”ÅJºüàÜÑÌƒnÙ×†ÈÜÔÔtÝu×]uÕUEt¸sçÎ/®üËÃyiåÊl6k;¶eYDù??‹ˆ67†?ôÉGÎºí?÷ÅE%3 o?/›ŒiÅû=h5kx/÷Ù¸#{%ì£C!J$‰ŠîÞ…1æýwßûß{îyöÙg³™tEUeW·-ê4°}|TAÖ þ5ÝŠ†Ñ€’‰:Ê÷v‰J‘eYaÚ¶mŒ!e©0Ô¶m­™™ç^êP+Kå6°m[‡¡eY"bD,KéP[¶m´&"ÕÜ¡ÖZ13³ÖÚ²mjËRBd´±ì\ËÉ9–mÙvW¦
ˆHà–eaX__oGK©x<nŒ!"R¬;Øˆ»U„¹€uÚ¶æVŠ‰DØš|«|?ü9£¥tÕW¾’llQ¬”çy±X4?Ê¸®ÃÌ¾ïÇÊb™T&q?‘ ¢ñ˜—ÉF"?D$âºYÏ‹E£ÙlVY–e)ß÷ã±x:?v\‡ˆ|?(‹ÇÓ™LÄuCjmbÑh&›?F#žç+fÇq<Ï‹Æ¢™tÆvK©T*uøG|ík_UjÏ6Îb´Ñj?J§v×íÞ¾sûêÕ«ß{ÿýÍ›6+æl&k;¶ã8AÄËâ©TÚ?¸bL„eñx:“ŽD"AˆP$Éf³Ñh$›õ,Ë²-Ëó½h,–Ig\×%"ß÷cñX6“‰¸mt„Dj™9yäW¾ýƒ’þ¡þ?`ôòTÚÀ¿¤?‡ôò?@ÒÈCzyH éä!=€<¤?‡ôò?@ÒÈCzyH éä!=€<¤?‡ôò?@ÒÈCzyH éä!=€<»Ôüßå%“¾&"r‰ˆU°©ö“I?ˆˆ"‰*—ˆ¨î…ë¾rçª=uòÐiŸºê¨A½V:™ô©ÍµJÈKnúðÝ-?¹ƒ9t¯?Þºï¬›—š:{Ô¨ÃÏ9gjbG¸çOCK$"ûûúÿAzÐ‘º¿}çS×­ "}Õ]?]4¾@Óuþò©?YMDDŸ»gÕ—§QØ¸cÍ{ï½³æ²?èÅôà?;Ž;÷njs­’ØöÊÝ·Ü~ÛÒ÷¼½Þ¯š|â—}óÜé}sU¸ë?5ï½÷Îšæ9óœ©û=Î7ï8â¢ûr‡s¯_ô«Skö{ÿ?Aq@çÖÝvÇ#Û:þ¸þ…ßÞ¾zÆSrÞª;Î:ã+ÿÓ>7 ¢úÕ‹oùÊQgÝñÆ>>€ÿë0zÐ/ýð/?ô?#öY™²ö/¿Xœn÷n|ÔÜK/úÁK«¶Uï?÷ŸúþëËw½ÓrËU#˜:m^ß?/¾½uçú÷v¦‰ˆ"³= ÷Ëê{Ðe—~nÓ[¯¬k¤~ñ]‚ô K¼¿Ü~÷™G\6¡ÝÛÝö«­û8!1ùœ+&]¶_¢Û¯Ö-¹³9rç^sÇ??3>a]EDÚßôæ¢ßÝüð?“§çS©aó¯ºb~)Ã€î@qüÛK'“õÉd}ÒÓ…Û­¿íöE;÷~Ó_þ‡Ÿ.ïÉÕµßùÕ½d²>™l?@Q qç·S´äº7ßk>þôÍ¹Ažå?zæ÷Ý·?<jŸò·ïw/„âÎêŒ—L&ë÷Lcø÷„Ñøw¥“kŸ¸ã¦_/zc[ËS¦Ûwê‘\vÕù³:˜½ºâ§w¬8î;sZ­Ìóî}ÿó—R·-ºâøå3‡óïxë«“‰è?[ŽØ3«ø•s¼?þè[w½”«Æ¡øø3®¹þ;§ŽlS¿ôñKÿóÃîþG2÷*qÐ™×Þtõ?nhç?îºé'÷?ýQ²å?Ä¨ùg\váåÚ>Á÷¦Í;ÿì  IDAT“DUíÞn}¹U·´Ï™ÁzëòÛ~ô­»_É‡[5ùœ¯~çêÿÇÞ?ÇEUïÿ3ÌÈ ˆhL
*áB).h®‰¹*e.”ZjjZ¦Ùb¿Ô³Eíf›Ú¢©W-ñ¦•]µÔëšR‰¹á.È"ƒ30óûƒÃ¾¸K¯ç£?Îœõ3gr8ïù~¿çt:ðLáIµlçÔ¶"’þõde€¸t›¾ù­Vÿ{ö¼µn6ù_3Çw¸üÑÆ%ªµlçhûòW^^¾Mù?Á½Å çÞz.²)]¡ÔHÄ5’#ùëç†ÍÜZæÊÞzî÷óžÈ0|??±Ô½{žÙ*b]ýnô?G·T.Ó¿^¸ø˜ˆˆ44úŸIª¨‹Q¥N,znð¶’˜ýêè\}Ì[}”[æXþðã‹–h40øê…‡’»·+¿7küû£^q¢Ì\Óñ­+¦ïßS;\ÃûŸš¶n&?4 l}á?§ž~¨»VM?»÷kIæ?<:iñáo?ë?Õ¯ÿåÞ¾õªØ*cë+ÏÙv¼Äœ¬¸ã'Ë.¹±¢"ÇVL½wëÎmÖƒ_Ï‰2{ožÓã†ß„ª?‹ÔDy{£g\šë›š>ïó¯£×|<oÖc}CëˆôÐÇXvýŽ“fŒo"""Ç/ø.]ÙÉöå³~Õn2þ¹±MÊnÓ IÓªJØ¹m«Õ£A—a?ï×ªè*ÔúÃgÎL:¯˜Yœ??lôø¡aóÎmÛËíìtÌÛJ60tœøêÒUÑß,›ÿÖôÁÝ¸‹qtÿv×øÙM#íWôËzVÜŠW§FÝwOXXxÏ§Ï^³§Dó…ˆˆ1°{¹=üõŸÙÅÙ ÎýFŒÿØàîÜ?ý¸aONØ¹í¸ZõõØàîŠÞÔ‰ÅßÄ]M‡ m[wæé}»=ªÿEŸDÞ?«¾;};€›­j¢³Ç(”÷Oš&"Ò¤qËN]MxîLŠTð›±¾ýøg¯˜üUžÈ¶-ßÖç¹î‡W¼ûUžˆˆû°g‡·IŸq¹541Í3aµÈÄQ=þïž6ŠˆÈ?Çó¤¡‡Èþ‹?¯¹~ª2Òw|ÄÂ¨1ÑÇJï*ïä‰ø‚©¶ãg=Ö·¡ˆHã¦mÃúE=wætzÃkÞ³¨N?×V<g}ì?MY%çZÏÞºúðÖÕïÏ1´þÖ{“ºWÖå'/nÝÒÂ†Ž&Ã?ÿ|RhAØ˜0|õÓƒg—?%tŸþÕGQþ"""ß7zA’ˆH^üÉ³Ve«’qøÒÿLêh‘ñºMï2}«ˆˆüqü¤UU÷Sçà†£õ@Mäí]Ø‡å›Å~Œûëtá€Tµ¡¡±â%ÝFÏè&""æ¯}sâÜÏÑÊå{·çÆw»‚‹È°Ç†‡0´îV8?9-KDäØÁ¢_Ä›?V4 Á£íàQÊÕV»ðYÀ¿õéš?ñÇÓ‹Æ17lTe¿ü¼?³ÛviUî¿‰ß¤W]½ÇmƒßÛôßo>ž>¾XÓrcL¢'>¶0¾²±Ô'þØV¸¨ãÃƒC‹"Ôþƒ\åa‡?\øt9u³6=g'$›*ßæ¢:ŽÜ±ð37´îÒ±pþ™ô«Ù+Ü¬h=PÕëÙO¿ó³ˆù?ÅÓŸZ,""šu¿wøø±}[V|M¿bûâc"ñgŒ­s"OD¤ñäI‘õDÊÝÑè¢ÜKŽßõT—¦”¢»…”\â"²·ôÚ!áã›,_p\DN|=gê×3ë4îØuÀ„ÉÃ;6¨¼
ï+ÿy\mhÚ)rr§ÈÉ"bN?vèÐ¾]V¯Ú tˆ:½hã°ŠQlÎ9S8Ù²I©‡I{4mÖQ¤ŠþE%‡7x\£¿`%O¾Z*|´Ô´¨‘êôxëÛùSûßQ¯ÄÝiòRoZñjÔ½S¨ìÉÍ‡Oê."b>q,IDÄcè¤QW1(öšQ7ÿyô[£z”ú!?ëÄžïŽ½wø‚UÝÔ/¤Y‹Rÿ5¾’ñ¸zß¦m»šøêÚÏŸ-œ·íøÅÇj§?+ý}zrüpíÐz ¦òõFØ(‘<SúÙ£Çîÿîß‹74‹˜wþûçý†5®h÷îcŸë¾¶ðv¥ú¾s'Vüå«ghÐL¤ !.ñ”t,ùœœ˜PÑúÆýžžÓïi³éÌ‰CÇ?ì^þ~ôž,9±8&n|«Êê¼cÔªå£.·¸¼ñ'|C›W”#Œþ!"¹ÄhÖ]¤àþ´÷@^ŸâÚŽíßÉS zÑz Fr¤Ÿ)l"ð0ø6mÖoÔ«/UæLÉ©tÃ‘SÿïŽ‚ÉÐI£{—¿åÿ5Ò´EÑxƒÃÿùæ?¢‹æ¼ß¿Z±·üêÖsI…?ÃëCÂºß?é­§»(s’¯q'ú¼½_=üPdÏ§~ý{r©‡ˆå%oû`áêÂW½[V¼½o«î­
·X;ã™Õ‡Ïå‰8¬g¶¾óÌ¼Ão¸Qh=Påí]>ð‰C?ÈÑ=;·nÒÒ(gvÇ¼½VYÚïöJ®kED¤é YŸ79›'žÆ¶¶0\#­ûŽo½à¸ˆÈ±ã{<ùþVòÛ†Åßï¬`œÃé˜§ï{çX«¾ƒt¹+¸YÓ&†ìƒ[V¬ØY°°aÛæU=Là²™¶}ÿ•ˆœÛ=skôLCÓ÷ôSJôbj2ztÏÊº)ùz~ôF.?&"bÝö¯Ñ=ÿU¸Dïîa¶Ò€Õˆx ²îùù«<‘¼­_ÍÛúU™eÍ&?¾»Êî÷þ¡?ü«ZášP7õòðïïajÚýÕìÝ_‰ˆè»tïVöÑÇ¶ÇÄ‹È?+lXQf?u"ŸÔìZ–—“í0ˆ”l?0K(Ý>Q§Ç[Ç‡VÞïÊ£Õøÿ•þäÿÅ+³Õ¿º|7¾°ï :Ð¹@äÞ}âò²yEDïÛ}âü£‡·¼æ
¸"m'­Y;}XñCÓÄ£Yä¬³'•]³é 9KŸîÚ Ì]ˆ¡C§¯ùvú5îåá?è_ÿÝùõüY£z´({DñhpG¿§çoÞ4§_¹GË•Ñ°Ïôo6G4}ôø¡}û?=cÎòÍ›æô»Uh:€ê¥º`©êŽàâÌ&“ò-èa¨ó}VžÉduˆ¨=†‹U˜g2Y”IwƒÁãäœGwƒA_õÚE¬¦,wCù&üXôT².³~œ7¨Š[²®:¨Ùô—~E[m<†K½?Òe¬z?\ÙOÇ<qßbé?xÐ€¾wµð5bJ?»{õ¯oUVhÕ¹ªÇ5®Z7Ú_ŸŽú¨Š§"4¿rùäVÿÐÆpmŒ=Üh~m÷kVÉÕ?°©+‘ ºÐz¨yé'þq`ßŸÉÙ¯kù·éÖ±¹ÿ?2¨ñ€‚ÎEÄ
âñ€‚x@A< ÐTwP=lÙ§ŽË´‰h}‚?>Zîµñ@M”½ðëØ“R»¾Î]DÌ¦´<C‡!CÇ…é«¹&³èôž7×7§Ý–c??üsÙnÊ?®ßzjKüG/¯IhûÀ»3Âü
¯˜Í'7/Y<«W?¾ÊM¾œ;GF|öpÈ)ôZ9¼úéUòì›#o®ªÿnÎ?®ñ@ÍräÛ˜]ÆžïŽ.Î"¢ìùÔ”ê¬
€Õ‹µºk€æÐÊ'V¦Žœ6µ³¡ªµ2ã×®Ú¼õ`šÙÝ/¬äèð }öîùoo9œm:/:?o?HýûŸÓÃ§Ä&SÒ¯Û×ÿ/>á„Éìn¾3bâ?ÐÚJ±§í‹Y²æÏ#©6} ±GdÔÐ6>""çâ£—Çî<a2»û…ÜÕsTd¨ŸZÄrjëÚ˜o~KÊCpçˆqCB•Sb¾ñ¶Û‡>ZOSºTCp›nÃuô*.êüŽe³¾OÊJµˆ·¡Ž§H@øÌÇ;Õ.ª'ÓVÇhì<0jh+ŸRo_ìkß_bïóÖ°Pmá,Û¾5/ü {âùÈ`me›gnýdQ|«Ouõ)>ú??™?wª­,~î–O¿Otï?é•^~%?g>·éû_¶LM³jýß>jì¡EUx–r7FÇÄ&¤e‰!¸]á»v˜NnY÷éÆÄ¤m?ÆMî:¨G ®àC_;c?<:mh°²Ë#_ÏýXxwPseÑÈÍâ£WìRÎùÄ!¡µ/úq€ë¢õ@Mr.é„Mw[ƒ*³Á¹Í¯½¼£Þ£cÞ{Â¨µ?Úºtåÿe[8(lÜŒÛã¿˜û‘ÜûÆƒÍE4Z]é­.üùÃ.{Û'ŒöÑHnê÷‹—ÍÞä÷Ö=FIûiÑ?ê†>:fJ€áBæ¡Øïw'µŠ0¦o~mæŽ:Íx¼Q?ÜÌø?›âþ?ð=´ò••'zŒ™ùvPmÉLX¿ô……–÷¦tª-¦]‹­õ?š9÷v?µ-éÏ¿ü5)ôžq$FÏ^s´ï„MÐ;2?ìX·õ`û‘aÅ•Õî8ì?Ð?—?½NzrtˆˆZ§/¬gØON©¯É:µeÉ‚÷??mbÛ’ïGÒ&èÂ[Ûwöíá]0Ç´óçxmû'ƒµUln·f˜²ríE{±æf§eüe·f˜þ\?Ú®Û¨ç¸Õ§Ì¹3Åoø5¯Mäôá>µÄ~vÓŠ×Þ?}kV„QDR+:KuVÎZu¸ÝS^jîçi:±ãÇ­Û?“„ÕÌKl6eÊÔ`ƒ=->æí¹š_šq«ˆ8,©&±Ïf6¥‰CDY´gùŠó‘ƒ¦¿á#©Û?~{ÍG›Nït±?\ñ@Mãåç]4?¹õ“Eßœ*˜V~!NøqÓÙð‘¯t4Šˆ¨z<¾ó…Ýƒ‚B¼µ=DD¯÷ª(]xwWÔ=ÉË~§ß·œ2ßcÔçÆ¯ý2)lü¬ˆ?ˆè½ÂF>."ö½1›N„E-º'D+"^†ÎÃÆˆHÚO±ý#ª-"â2(²÷s±{ÎuêSïô‘†¾³Bý<EDclóÀSJù§Žf6?è ×Šh}‚{?.S•V§×ê½DÄË /hU(¬§OS?ˆèC"§<|jÒŠû´} Ô¶Áw¼õÃ?L=ºDD’·ÿ?`ì7Îx©›WÄÜ¸÷Œaa?î0t~tBñ‘»…wødŽ½*>KIÿýa£¾Û[ÃÂŒ""†?{Æ„ˆHrìŠ-žC_?
õì:rÊ™7^ûrw?)?ªO""µº×5@DÄ+bØÝ¿¾vø˜tÕWýq€ë"¨IÔ"’–|N¤^ÁkŸ.£žìà‘CËŸÞnuˆÈ©£Ò¸Knü¾øÂm2Å–v6SBê]lç¶Ì“‰§²rm©ÇŽ?<’#Ë}zÒQ[ÀÐà2_¶IÉ‰ÙT[j¦ýDbš_=9Q|h“YŸ–œ*R¯YX/û¼‹ò";µiÚ¬q}?r¢zwtÞôñÛ«²îkÖ4 °Þ%üÄ?žtÔÖ|XËâzj7ÎI8‘)Á¥:Ï»ô5FoØžÔ5Â(rä¿f…êâ-rö7¯@p‹ÀJ¯ÔöóI‰'ÒsÍé§Žœ:uVl9¹"^Ÿ¥³'3õw43–Þ?ílZRýÛ²?r¸VMdË©Òé¢#‹ooP4]§®—ÉHñ«rpa<@Mâp›—üy2©h†VgÐ{ô^úÂû¶s™múMŠhã%q,æÙ§>ŒŽÏ0‹¶~ÓæÁþ…Ðy¹D§)ûSŒ-Ç,ú²V,vK™Õ¢¢z4MÈ°io?o_'%þËæN˜4weBÁª~}¦N{ch åà–OgÏ}dÒ‡S/Vg^îQ»kËÌµ)}mJ¨Ý¾[çÔ_·É?ß¸Ås`¯íål~‰k_œùâñ©VÑû„Õ©U¸ÛÊÎR-]¹
lñÐ–Ÿ{e@Eë€%(<Â'6vsü]#B+þ©½~“&¯õmc,¿Lë¡“œŠ¯8~Ù?Ö1êÝC^&?‰•3""bl*?9-Ju¾‘%‰‰Ö¼ÄLC=£.+ÛÒ&´ìe®ˆˆÆ¯iXŸ¦a}‰yÏ²Ÿoé=;Â("jƒ±E·ûZt»o¤œ\?÷¥õqáãÃJoî¡ñsÑå{}ÿ`ÙrøŒ„*3l§OŸÐ‡”oñ8pãKÿ‹ïÓbû®àN#ü/ss‘´ä´
ÏUYG~?=2åÍ¨Ð‚&‘³I"iUœ¥À CÚáSç% v‰¹úõõ§Oµˆ_áÇšt:Y‚ÛßZQ]gO‰T° Œ*>npa´¨YŒ½G?ôOø`Ö²Ø„$sÁµŸÍ’v:é¬²ÜvOè…õë¾=iRfd'nü!þ¼ˆˆÜÚÐOöÄïÊ)ó{¹_}?9qêdÁÌÌ¸õ›
7÷lÞKbW®KP¶ÊÜõSüyÑ´¹+T»1&ú`Ájö´=›÷fKpÏ®?ãb>Ý“©lkK‹_¿ùˆCÄ‘¸ë§Äó…G¼p>[¼<µ"’¿qOšM™oÉÊ´kõúrÑ¢~“&²sWœÙ!âñ
ë×ËûŸØ“õäÄ¯Ž>ä×¿â8ÆÎ?‚wÅÌZŸÔ¹g'åZ¼ªÍýëŽüŸä1\½ãÒ>’z~?%ùð»r~¾ÿµ0UT|–Œ?î>²åÓÍJ?ùäæ]ÇDšvœ¸*:.­àl$oZ²>³s¯‚²·’¿Ä›"bOÚóÍéKª«Š?\76Pó82ãcÖDo9•”£ÌÐzù„tî6üþNFO‘óÖ}°4îHžF¯¶Û4>a‘Q£{èEÄ‘¶ëÓ¥ŸÆ™l"Á#¦¾Ò³Dwû‚Eñ–:>Z«.th«Ä%¡ïÎèéWp¸/W|°1Í&"ZMpø )CBk«åü?uo/Š;™+"¢›8þ?P1ŸÜ¼|É–]É¢÷²›íº?î‘‡„Ö–´½«V-Ù•&µµrMY†æ?MÙ¹¾ˆåÐ·K×­ßgÑ××I¶ÉÖ¨ÓÔ§"ƒË·Š¤îžÿnÌÞs"bùö“}¼Óv-]úé“ÖKcÎ“à{†O?l^Éã¢í{—Îœ ì•w.ZÁQùæ–CkçE{Ò."~a‘£‚vÏÛ[pÒ6Î~×?O—¹Ÿi‘´]Ëæ¬L¼PÛ µzöô×¿;Ï}ºO=å³¨ð,-ùxÓÞs""ZÿæÃÆí¨Ë¡µó£c?ˆÖËn¶:9±kaPñÐÞ?gåGÊóÎVŽ+õÌ¸´ŸÞö—¢®ò?\ñ@f³˜óD«+é[F®É,:½g¹N˜6‹Ù¡­`¾ˆ8,f[e‹ìf‹MïUöâÝf1‰»¡l6‹Ù®ÕëÊY°˜lC¹»-Ç"ºr;©ú@•ÔSZRìÌ÷ÞUÑe}›çšÌêòE^”Ý–cÓVROÅg©Â9,fk§®Ò?\T7¸"â GÖMx×4î½‘<«»À?ÂØ@…ìûýúw%@?Bë­Ä
âñ€‚x@A<  P(ˆÄ
âñ€‚x@A<  P(ˆÄ
âñ€‚x@A<  P(ˆÄ
âñ€‚x@A<  P(ˆÄ
âñ€‚x@A<  P(ˆÄ
âñ€BSÝøçqØÍKñK?N¯³Å¦÷Ò•XÉnË±‰N§U+¯m“¸Š^J®É,:½§¦x¢‚£Ø´:?VJNSÑšàFáÏ0€r2·Í›¶%µ¾Î½àeØïÞ•4oÚŽÛf¼4¼©²Š9.zÒ'Ãæ>Ý§žˆˆäÆúìš¸°¨EcCµ""’ðåÜ92â³‡CŠ&*:J|ç¹O÷‘mó¦m:[ÏPËÍž•j‘À°)“õ¹?ï"¨P³‰³G_ÑŸK±ÄþgsŸ=ýDÄqjSÌ!›ø-OÛ±9îö ?¸í;‡†öð¾‚Ãù™útŸz"ŽÌ]K?œ÷q?wn,Æ¨?ã|ŽÉœc2ç˜lŽ‚9~Á²imœEDÎï‰]/>Å—ïŽCcìyxæÚÿ&^ÕaÕ>?û·÷;¿ïÜÕ¾pˆ*”¸jö‡/Íþð¥Ù®?V0Çïþ‡Âb¶$Y¾ùÂ2ìÁöu
WµíÿeS@§·j‚ïj_ëç{s¯îÈžu$-™x@u s€
•é\$"¢mzï¨[çÎ›õ«µë°…õOíR–%mZHÎ'Íš±]Äže³ÄîHëÐë*zef?cçWýÀå#¸tºƒÂc_>1 H.œRæùeýùæCG‡^&íþ fû‘ðJm—g6ç˜DDDSúöG¥9ìæÔ?¿ŒŽ³u| +C“¨ÄJ˜3îEe2|Äg÷Î®×ó•?EDäBÁkÓ®âêD<ÑFIÒÊ³÷†•¿7¼äÎv­› ´5„L_2¢Ü=ŒD$må´WŠh½Á?£Þª¿.o
\„ê‚ÅZÝ5øG`h2ñ€‚x@A<  P(ˆ<¨AÒ3²Ïg[ò¬6§ÓYÝµ¸¨T*wmmo?o]ïê®ÀÂcÑ€ÁjµŸIJ÷ôÔúùz{{yªTªê®ÀMÀétfçä¦¥gçæÚ}ÝÝùUp}Ä F8v"ÅÇ§Ö­|ª»7¥³)™™™š6nPÝ…¸î{¸¾ôŒlOO-ÙÀ»µ??§§6=#»ºpÝ×w>ÛâçK¿aWÅÏ×û|¶¥º«pÝ×—gµy{yVwnnÞ^žyV[uWàº#®Ïét2ÀUR©TÜô¨ˆÄ
âñ€‚x@ÁÓÑT*)9eñ’è¸ßˆHdÿÞÆ¿^GrXM&›»¡–‡úz\
â€Š%%§x`LÑË˜ï7µo×*¬]«kz?Ç7,ùðóø¤‚Tà°æÕï0î‰qAµ*Û ÏtÁêQËà.""ñ·› Ëw?ÑúšÖ@MF<P±‚Fƒ"IÉ)‹—¬
ûhî5;€#åç9ÓWÖâ?Oñ-j40%®™5ù½G<ZaBH‰}eÌÏ½–ÍÐàš•J`ì€Š%'§–™cô¿œ‹rËéƒ{ö<c•‚¾CYŠÿ³Šˆ¤ÇþëÃFÏ/ßÁW-¦“ñ{ÿJÉsXMÒ(êõ'dÁ:*ØO^VŽÕ*yæœ¢?”â°¦ŸŒßû×é¼âm/˜,"ŽÌãñ{÷ŸÌ,¹®édüÞøD“CÄRñ®Îþµ·ô®J¼?¢?[E²÷ïùëlÁì‚iËeœ$þih=P±öåúù_j<¸ppÅôÑËÿîÑÕ?øöÁ6/Fw?ŸðÎ±žý+³Û›kÞìujýg·Lû¬¥HÊÏoL_bíÚÐº~õßÇ%rÑkáÝ—îHÛ¢Y™ý<2`Ïºèb:ýæ„Xiñð;¯Ô+qLKü‡ÞÜGÏÖ¿÷‚í‘E³#üeÿÒ¨Ñ‰¡éy†ö^û×Çå?ž÷Õ¨–âH‰}åñYšìåõá‚[Bw¼M©æˆ¼¿–N˜øÝÙö]úg$„¾óÙH÷ÕÓG¯¶öŠ2ý4;¾ÕØè×Üª–ýK£æžuŸ²wý?[÷§}î­eïúÍüâ?ˆú×â3à†#¨XX»VÆ?X´dU‰——64ùÌç~¬?¶nÍ@™’g±zèB£ÿ=RDÎ~÷Üð-M¯%©‰ñÍ;D¹KÞž•3,m|³¯Aäì7O=žÕÀ âç[+ÛRÑ~žèèóÌ˜Ÿ{ÍQ®æã‹iÝûÑ«{Ì_ÕHDÆµ³GôÎ»Ÿë""r"è‘/Ç¶PK^Ç·;ÏØ²TË&[>z1!|ÑS:èD,;çöûNÚ”¬þô7ï|íýô²å÷7‘g,òRÿ;ácí´uóú‹L:½fÂãméùf¯Z"r°Nß]/…{HJ‹'ÇÌMzqë¼.Ó±¿fFDø\ÓO€„x RÆ?ìß+î·Fÿ—>(9ýÀŽýí»¾é¯¼ôÐŒ#–¼?>~ê³Û,p«ZÄz!»~#ƒÈÁ¿övì<ÒP¸më†"’ë°U±ŸŠüµç;«„÷áb1eø?ÉÈ)XÒ+¬…ZDÄCï%‘ãÅI¯Ùt""¢íØ]Ö—ª>~ûAw¿^Ø˜ «•S²u£mdî_Gßì*"Zµô(XÍ]:†M‹£|w%nÄKJN) œ”œ÷›\bBpw÷’¤LS™¹–ø?^?ð_Ÿ´.¸.w¯å?šiñÐy?3ŒO8½#&±ÞäZ"™û÷ø„Þ-îç*ÚO%Çô¬#-z<4²?!Fªµ‘³­j¨ß@âSL"‘œìô2{ò2Èßé&‘ÂXâîî%f[Ñõ~žCÜuÊ4·a¸â€
Äýv`üÄiefý\ÊÓí{Fd}»ç¡k‰#åà¯sÖ¿üêñG>y&°p%ß ÐÌx§´ IDATC[Ž;Â[‡?d7óÅäPIÈhÑ=loôï}õ×ÙÎ³æDÊï'°AÓ ÷¹‰yx8Dê7è ž”Ö?-»ôýÝæGººU-bM9xÚ½…¡âÖ†&]´~wå‡=‚ëè•¶aÉgIr«ˆÈ…ý_¯Ü&]F
íÕ×ö^ìÞ¨ µ¤>íÞ¾gÄKÖÿ:à™öµ$}Ãúõµ|¿åµ8Çü”Ua6(hCX´d•¿ýûú÷®jû:á¯|tê©g¢Úe‰èju{bÎÛY^Ûn•ícÚ½!""ÏþmRèÝƒ?xï»”ù÷÷?·.¼è™hQ¦VM-ƒ®’ýµ<¶Û£ovþZdØ«¿Méúà€¯§>ØîÃ³{â?ÙïÌÞõ3÷ú’nmõì‹ÏUÒû¿á +Ý?\øæäÕ·t6ö™^;×ˆˆäÛöÝRiôÐ Ð»§Ï>ûÂŒ]­"î¾ÝZ<ûÁ‚2:‰»äi{Mž31´ŠnNÜÜT,ô‘\\Â¡Óa¡M/}ýW_ïÛï7U¶Ôèßà»uË.iGV«¸W~%íH‰}eæÞÎSž‰hi(ì¥“—¼åó->õ¨z?%ç”^šg?Té‚ÉTËP0ÜÁ‘øÙ¸§ÎŽ_7­s¹:Ö<q/Õ}¨ê·ÔqñÇBš7ªî*\_´(«ÌÑÊHJNIJN¹¤g T}1­nñÚ;M~Z2ëÑ·•§&›­î!}ŸœîQfÍòû)9§ôÒ‹e‘äÍ/>º2»s×þî¦?6¬wZÜ¾¢:Õî/—Cëàú.·õ`Ñ’è_Û_Å
‹¯á³“«…Ãzöp|’IÄÐºYF—ˆÖ & ®ïrãTˆxÔnÕ]€
âñ€‚x@A<  ®O¥R9?Îê®ÀÍÍétªTªê®ÀuG<\Ÿ‡»6;'·º«psËÎÉõp×Vw®;âàúj{ëÒÒ³«»
7·´ôìÚÞ},9€›ñp}¾u½ssmgS2«»7«³)™¹¹6ßºÞÕ]€ëŽ§&5‚Õj?“”îé©õóõööò¤1€Kát:³srÓÒ³ssm?¾îîšê®ÀuG<j?ôŒìóÙ–<«?‘Ê.…J¥òp×ÖöÖÑnÔÄ
ÆP(ˆÄ
âñ€‚x@A<  P(ˆšê.À??Ãn¶X”iµN¯+þ¢°YLânÐªK®lIK:•&õƒ?>Eóm–¤‡,µšu±YÌy¢÷Ò-3;´zOMÑmƒ^[n«¹&³]™Ôê
?[<S£ÕéJ®ñ@9™ÛæMÛt¶ž¡–›X³Mæ¦½ßšÒÓO-’ÿé³kâÂ¢?ÕŠˆˆ9aÍKâ/Ô6ÔKÖyÝÀÓî3¦mü`áÊcZ?o?5ÛdnýÀÂÈ´Y/ê=÷é>õDD¾xcNjÄÂg»ÕGÂêg¿Ö<ÿÒðÀ´]Ÿ.ý4ÞRÇGw!ÓdVŽ˜ðåÜ9»u~ÞÉ·d?×…Ož22DW<ÓlJË3t2|\¯}uŸ3\ñ@…ü†L}ºO=Ç¡•Ï­Œ=Ôsdˆ¤íØw{PHÜö?CC{x‹HæŽ˜x¹gÂ¢?""ÉIiõEŽl^?8qÁ˜Î:‡))Uôþ?½›nßŸÖ§—ŸäÆoÙ!b‹ß—Ý­‡·È¡ß·ø´£©$ýwÅG‰?¦¿;"D'bIŒž»lÖ×‡‰ˆtôîÃ!"r~Ç‡“ÖïŽéYr¦ùdÌ¼×W~é?mdßf\Œ=pÊu·ãÐÆûÀFÞž¹ö¿‰K¼<åBê©“ç,""þF?µˆ»V+ÙÇ?'™m"jƒÑß â×±‡ñÈ/¤‰ØþŠ?î9²sÒÎ&ûÞ]~=B?’¿;3°oß?‚þGº þáÆó;ö)]†Õlµ¸—ž©ŒˆèhÙøÛár&p}üÞ Bi_Î›ë&b6eyvšÞ\lûÙÐé½[5µïj_ëµ{#ƒ:x:?Œ:¾4vöË±fÑÛ†O|¤g`Ó{g[ûé’E±Ùv­·±÷£Ã‡·ò©Ý*4äßqûÎu¯óÛ¡?Î„{&­Ž?Kk_woœOx?£HBÚiq/ñcEíu$Çl+x±ûëg¾•\KV¾Ï}Ovª-r¶T?šZz‘³)ç%¤ö>C¸"â€
ùôbBoß¢á¿I±ëÉù¤Y3¶‹Ø³l–Øizù‰Oèð©¡ÃÅn;wrýâeüôî€€À^#ßè%b³$Å­?õALðÂ‘¼CÃ[ÅnÜ½±Þ®æ=F´Ú°ðÅvm­Wÿö?þ"âï,ûŠC‹$;-?ÂüDÒD¤í½o<Ø<mÇÒY›ƒÚ4Õ•«Ó”–*Ú#Ù€k‚ÎE*¤ÑÕ2è½z/?V-rä—õç›1**bTTä”A'b¶qØ6o>’mÑh}t^"Z­F’wÇîK²9D´º::µaChÇ€#ë·Çumã)¢ëš¶~ý¡Æw…ED|:Þ?õ}Ì·ÇL"b;»iÉ÷¦Ð¾wúlê¡×{{Gövì^½%­T?¹™G~Z»6Ágà]ÍoüÀ%Ñzà¢L»~ˆ«ñdD£2£•gï+7þÞ-<5~Þ›
ºù…ELím´ý}èøW‹Æ,´‹ˆxúÝ7elO}Ûö?å”´»½ /„Ü¦Ý’Ô£ƒjw9Ó¼úƒ·ç®µ‰h5¡'Lìl(U‚:hàƒÍ'-?ÝÛed-Ù²ê‘-"¢©tÿËOö¹õ†ž\˜ê‚ÅZÝ5¸ÉÙ,6·2Ï°ÛrEëyÙ?@ØríW°¸VˆŒ=  PÐÇ¨)2r$Û¬2[ÅfqVw5n
*ÑjDï.Þzg]¯ê.ÀÁØÀõeäÈßY*›­ºëp3Ójå–:„Àõw&]•ž]ÝEp¾ÞÒÐ—öGÀ•1öped×Vz¶œIWUw®#Æ.+#GÊdƒÍÜöW%g¨ìùÕV€›ˆÆMüë:Û4qölUü­‘ž-z¡—àªè\¸¬„3ÅãÒMª•›Ý‚ü%ª«êö@qç——Àj—?OÊšÎÄdÙ3ß× t+Òj%¤!]Œ×D<\SFŽœN+îðÞ·êÈòÈÝtp%>ûÙ³Wž¹ÏQ4§‘Ã”×ÄØÀ5e›‹“ÀænAþdWî‘»UAþ²ù@ñeCÉ/®„x¸&s‰vÁ}ÇUQ]ùCàªDuUí;^üMb¦óà¢ˆ€k²Ù‹§“3T·Vg1\Àí?’œQJ~Ép%ÄÀE•4hÏg,2€«å®‘R7=cd2à¢ˆÄ
â€›O»Ný«»\ñ€‚x@ÁÝL\Ü¢%Ñ¿þ¶?)9UD"û÷ž0nxuW®â€‹?qZÜoŠ^.Z²*99åÕ—Ÿ©Ö¢ÀuAç"UY´$º(ýÜ×¿·ˆ|ûý¦o¿ßTÝ¥€k?x *1%b@dÿÞ¯¾üLX»V"òñWDç"UIJN)šŽù~SrrJÉŽF•r\8øÓW???[»D¼Ã§pfÊÞo¾Þs®nh¿ÝÖRf¦î]³>.­^Ë?á·ê.s[p­TÅèß (!$%§|û}JÑüÊ7²î_:aô²L‘eëÎÿbZGw‘”Øq»UDdÙæi_~ÕP$õ»§üx»ED¾[úCFÌ’A·^Ú¶×ÿ}PCÑ¹@¥^}ý½’­%èß»òíþÚ¶:³pÚºfÏ_""é{c®ïEDNoß—""é¿nÞn)œ÷ÇŽ½©—±-¸ˆ*öêëïU6þ¸hB%Zvw/zqw³‘:A¡?Eój…5ß ?&EóüCZø^Æ¶àz s€
”ÉFÿaíZ%%§´o×º}»VUfñ¹{úìiê?×ŸÈ1öš2³—?ˆˆºåØ÷_Ì~ÉÞT¯ÖÃžÛRDDš???/ç½¥ñI†–?üßØêKÝöÃëûî¨¹T,ÖKXÀM&þ¸ªhúÙeš]o_Æ¶e²Á}ý{èßûb‘à†j×©ÿo»¿¯î*€§óóòî{ÑËÐ&Îj-ÀuAë€²Êdž€@ÍA<P©ãFL7¼º«7ñ@YÆ?øõ·ý"B6 ¦!(kÂ¸á"j"nl
@A<póá¶E\'Ä
âñ€‚x¸¨â‡&‹ÆM¬öªÖ€‹²ÚESòªAUÅºnbÄÀ5iKÜµØ¿®óÏ“ÕYðçIñ¯ë,z©åÖè€‹"®Iï^<Ý¦‰sÍgUkÀÅ¬ÙálÓ¤ø›¤ä—WB<\“·¾ø¯xÏVù‰ÉòÙÏ$Wè³Ÿ?‰ÉÒ³U~Ñœ’_2\‰ê‚ÅZÝ5¸.Î¨l6e:Ý¤Z¹Ù-È_¢ºªnwz¸V»üyRÖìp&&ËÈžù¾%hµÒ?x¸&âà²2rätZ©Áƒ›¸í;®JÎPÙó+ß
iÜÄ¿®³MgÉviäç¬ëU}e¸žˆ€+;“®JÏ®î"¸_oièKÓà²{¸²†¾N_ïê.€!.?ÖÀõeäÈßYÅãà
hµrKú®?xÔ9’mV™­b³‹ðÛ€K¡­Fôîâ­'5ñ€‚±Ä
âñ€‚x@A<  P(ˆÄ
âñ€‚x@A<  Phª»7‚%×šžaÊ¹`ÉÏwV¸‚››Ê«–Î·®Açé~Ã«ÿªku×àú²äZOžNmèïëëã¥VWÜfèpä§gæœINlTŸ„@?Eç"Àõ¥g˜úûÖ¯ç]Y6µÚ­~=ï†þ¾é¦[€<»*Ç¬ªî"Ü t.\_ÎKP`ýKYÓ×ÇëLrzåËVŽ[µ±ø¥ÆØ±Ï”±ÝŒêkQå%KøüÅ92â³‡CnèQár2¶h‡þTjÎÐá¶Ç[^Ûƒ¨¬f•Uíôò(Ó©OýÉËnk‹^¹IÈmÎ#ìþÿ ŸìÜbç«·µvÌn£Zõ¹Ûç)b?¼ø¸ýîwPà2ˆ€ëËÏwVÑnP’ZíVÙà„"}ž}sdÁ•yvâÚ…Ëf}é·èÁæ×¤NàFós®}Ê^÷:@õÓõ¶ÖŽÙáü³*N#ÙêµËÝf|¯þw¤ã:ÖrE¬ÇTÉwä¯}ÜáåæöûÔScÔÇÙ½ª»*×Õ?è—
7ï ð;ýÌ‰Ii/öó§ÅK²]áØ,æ\»ØÒŽì;t2Û."¥¦+Û*×d¶‰dŸJØ—˜fe:)×^òàâ0?<$ÙRjfnR©ý;,æKÁ!RKnn·åXlÊ¡Ól)WFù½¡†°«’?ª?êf-úäsÝrrU’çvê :9ODDòÜŽîWMQI¾*'§¨×?Êš¥NØ¯>•¥R^æ¨òò%Ï¢ÊÉqËÉ«¼sŽ·£Wk9u\•Q°UzÉ?”(é :£h'ùªŒÓêß÷«“sU"*«Ù-'·xQ‰’
‹¯ ¼‚5Ý¬ù*ëßêßO\¨rN—zïîíìSÃ^·|_Ÿ«9­n´¸b–¤S9Úuëˆˆ%aå¬/7½½™gæŠùöˆOö©/iÿ[ôì/ÚÐ<?Þ/3n¡=|@³?Ï,˜ž:mdM…[%|9wÉY£V?’·¨~ï{tq‡4·IbÜ¢úÃ^²O=9µyÞ‹6}ˆîäž5ZFÎ|²“ŸHÚæ_ú¯¦C¨?5&úèm¾1,Dèëï¦gžÍÔÝ9!¤~ÑÕÍáÕO{"D#^õ%áÐþaµýåf”„Cø÷~ë…žï­:O5nëaÍs«TÒÈœë6#]ýüãö»8Ö«'§Ê?™’®w><F|?i&ÿGåÞÈœ«É¨ç4ý)c_·‡ä»m[®ž?$MåÈ:7ëùË7»­É‘œ_ÝžûC‚»;¦vª¬iN•‘)âãôÊS/{Ûm›·Üy«óÈ:MN»üE‘ÉUòžÛ‘†ÎÛÕªe_¸õš`Xß-öcõz­óN_9ú­&à>{T†zè_Îož°{‰ÈQõãŸ©†<ix‹ˆ¨×/pû{€ýñæåËs¸§«gÏWÉ-òG¶øß‘¿èV·Ÿ©ßN—ˆ¦²l?ÊÔ˜¢ùd·Œæ épyÄ—gË’¹û<ED$×’åøØ³¡Z±ï?^õg·o‘!-–MŠ‰*"’0ôõÈ@µÄÿûÅy¿Þz%Ê¨–ø¿øÁï‰#[U¶Uš×?‹žÓKZì¬÷×¦>°ðez×?Ì>=}DDRëô™3"T'24nþä7é4Ü+vÞÃ¸wGvÐ‰8N­}yÍÖð?‘c¿i¯´Ò•{¦:Ý^zª£NR7½4csÚã/½V0?°/³gŸÜŠöæ£O5®»4ÕÐ—µ…/œ^Ï?£2Üå˜Ý+_D50VóhŒºã8»ˆˆÉ9ô{[OQ¯úDå[¸Î©XÍ£âë~·ÙÉÎÙSím=ErÕóç¸­µ?xÞéUÐƒ?<¿üÁÿÜ¡Y– "bÍTýpZÆËw÷?‡ŸÏS0P¡•æáUª„HØï¶¶–sí#öº"’¯7‘“nkþv>ÿº=DDD%ùNÉqvÿIµ-M"üT¿ïU‰§Äþ®á?£ª/­ÎW›;­ûÕåÊsŒ¨-""-ßöÊ‘œÝÚ73œóJ¬ówQ­ùêõŸ«;Æ´`ààúˆ.OØCOŽ±§Ý¾bQ|›qÃ:×‘Ä¿âDnß½rõn‘\‹6%#«`íà€@µˆˆV+h,œ¶9UlØ,°à§z?VOK~a?‡°¶¡üºÀ–M-»N¥?w;–ä!ñë×ü%""©êÌú™«6éR>ˆˆOpc?ˆˆ›Ú]üJLÛÄ!çV´7â?ë)3ö ]óy–t¿£àRÞÐØ);åTÁ¢&Î¶©8Mõg®to]¸N°Ó§ˆÈÑD•µI¾²Ž§3ØW¶?q“Û.¡wiÛ1¿_T~€·SDeMwûéWU²U$W%ùNñjâì«š¹Ds×mÎ¶-óok r‹³·—ÛÌ…šˆ`é’ÒÈ)ÞŽˆfšÏs‹Wm;ìœ<Z>?V?PÉU­vù·¹IB…åÕ‘¢÷+§Î–x›žÎ`_)ŽÇTßÜ’¿¨u!€ë!¸<^^½—¶‰œ22é™Å_‡Íâ©ÑxH`û>CZ)_)CÔ:½Hš*SéVîe6ÛD
vm·‰¸i´ž©mì~kÁ
‘Z?È!mÅ7VÒh*?JÅ{ƒËó?Z"yEO²• W4áí¼ET™*ñsŠˆ˜%YDDÜ5"f±Š(É¿øà¾Û»ÚÇ”¹QÒIõä%ª~£Q·ˆüíöûAñ³¿ú¢*#ÙíH¢êƒ?4m‡ÙÇ´pŒx>ÿþT·#ÇTk>W[»Êì»òÛ¶r¾ú“ÛQ?‰mæ|¼‰3ÙSýËA7I?ˆ±Ž‹”W8Qv?’ôÎûÛ;y
PC04ÀªÝ1b`í„›N‰uèª‹ûß¯Y:ƒÞË ÷È=›j¹„\ÙV""òû/›’í"b>²}ËiŸ-|ô·‡†¦Æï:.z/ƒÞKgKMÍºŠ·vm÷†›†Wþ]?òÍuN¾H¾ÛÏ{Tþ-?e<ò»·?Ï7ªþvËù[=ÿgUA«Òm·;Žºýô·JD¬GÝ~H—î-óEœ?õå÷Ó*kA¿ ‹²ÈßnÎÛç{y9M'U3SÔGs¥n#Ç?áŽ‡åhªJ²ÕG3ÅëGÛ.Ž1­å÷4•ˆ¸·v>œ«z5Vu»|wÉ¿«½Ä®sû¼®³÷-U”WÊm-?þ%×I+^”|F•qZ•s•§ÀM‚ÖWJ1°ùúÅ±»îšÐyÐ„Ç–.}iÂf­—Æl×uŽÙ8°ìÈÆò‚¯h+‘¶MeõëN‰9O×aìØé4ñÙ´yÎ}Ä®Ñ;ìÒ8lÊ“A~WüÖ¼+ÚC2]_~÷‡U/v»–[-?[?ït”ûÉÜÙöAÇìõŸ©½|œßëü{•ˆˆÜæ˜¡~õcÍÇnrAdèŽ?q†ôtÞù‰[ÄËnÒ2ÿ§á»oi³üMÕ3ÞÔxJpˆóNÉHQ-ûVsD+uó%¹–óÝŽùÖÍk4¿ØÅßM’Å9ct¾ˆˆ›ãÎ;Ü–ýáìÝÜ)"uÛ9oûIu[?|åÛ
ËK+stÇ«ašg?Ô|¬ÿÆÎ¶¾…«D2?©V¥ÊÀ>W†ÜT,ÖKXÀMìà‘3¡!?—òè‡#?>ád‹à†Wz(»-W´ž—û»Ã•m%b³‹¶ÜV6‹ÍMWI‡¢Ëwm÷†›…]eusVÖÉÍšãæî¥üôn?ÓFlvþûy{€²PeÍ÷²AÉSIù™—uôò3óUÖ|§ûåý»©¤¼’®d·\
_€ëóª¥KÏÌ©_Ïû¢k¦gæxÕºš^ö­çÛJ*È"¢ÕU1ÜáòqM÷†›…¦Š~öª£?¨§%ª{7szå©~9$Ýûä/uº{T´Ñ¥gƒÊŽ^~få¦r•”wµ»àRh=\Ÿ%×zòtjC__¯ÊÚŽüôÌœ3Éé??êë<‚TAeÍr;zJòD|Üq\ñ¨,¹ÖôSÎK~~Å—2nn*¯Z:ßº²5ñ€‚†Ä
âñ€‚x@A<  P(ˆÄ
âñ€‚x@A<  P(ˆÄ
âñ€‚x@A<  P(ˆÄ
âñ€‚x@A<  P(ˆÄ
âñ€‚x@A<  P(ˆÄ
âñ€‚x@A<  P(ˆÄ
â…¦ºpã¬Ùî¶ù€Ûñ•ÍQÝ¥¸hÕÒ¤?³g«ü¨nùÕ]€DuÁb­î\wIª×¿PNRUw!nJÍŒÎ—të:«»×?‹€?làjNR½þ…ºº«p#×·f»ÙÀU:œ¤Z³?ËÀõñïp}›ð/À5À—Pðïp}ÇSh:pðeÔÄÀõqŸ"×_&@M@<  P(ˆÄ
â¸ .í¥oHñË°ÖÒ·½4«ÎŠ7Mu¸–ž›"C*Ó³òåÄïòÜdÔÓIÌ¯2ûJw;üq™$q12ù×®VÀ?ñ\Gä£2¤¡äœ‘/ã$Ý[:‡H˜¿ˆÈ®}’á.ª»<À?ñ\G«z"vùöY$""_ÆŠ±ž$‰Ä”s:9Q°R=ÞMšk$n·$×•ºvÙ? ÍB¤±FþÈ?ÈNbÙ±E6œ«äõ$<P¬)b½M"o‘ìÓòÎŽ÷×ñ\‡É*¢‘{&Š5^6ï?Ã"IçDD†ô—Èúó«Ìn&«•Æ±æIßö’ã¯ó²!A†ô—ÈÚ’®_ÑHß;¤Þ«]á1BäÅH“xÕ«ˆ{{ó—a_Þèw
¸Nš®cÁF‰Ëß&2z ¬x[¶¾$³:—ZaøÝÒX#‡·H?—dðE<J,ó?ôíÒyºDŸ©%?»Vu /»Ì|[z¬?t‘Æ?×ëín<ZÀ…$Èä‘†2¤•´”°&Ò÷>9w¤xycƒˆÈ¡ïED’¶ÈÁ»%¬ÄÖó$Ëð†"êªŽ““!Î‰œ“ãñå‡&p!|©€ë0Ö‘3òe¬LÿDþ}\D#ÍJÜáÔd1Üâ´žx{T²#@MEë¸ŽÑ?Ê=wPv¯F(b—ÃÿÃ?Ê
_•!Fé%sŽJ½Û¤¿Jã/¸ŽÃ§Åä.]î”ç’]Å˜'¾•%VHŠ‘¿ŠÉ]ºÜ!^G%ÎR?Åþ‰T,Öê®ÀõÕëemu—€­K{±ž”¸ò7'­'Ãï?-[$IDBä«GÅ˜$?ß«–qSúéu[u—àú¢s¸ ?¿V² ›Lî*“#ÄjÑŠ»]6l¿Á¥þÑˆP“¬—Á$²­5"v‰Û-1gª»$À?ñj–¤DY”XÝEþ©š@A<  P(ˆÄÀõiÕÕ]µ*m¢IDAT—À—P××¤?³ºKà
ø2jâàúz¶Ê¯î¸¾L€š€x¸¾¨nùÍŒüæàª43:£º×G<j„—t?\±fFçË:ª»
7‚ê‚ÅZÝ5¸AÖlwÛ|ÀíxŠÊÆ_y—@«–&œ=[åÓnÔÄ
:P(ˆÄ
âñ€‚x@A<  þ¿ý:äo½geL€é0=¦Àô˜Ó`zL€é0=¦Àô˜Ó`zL€é0=¦Àô˜Ó`zL€é0=¦Àô˜Ó`zL€é0=¦Àô˜Ó`zL€é0=’Ú°sîŒIEND®B`‚' height='200' width='200'/><br>
<br><img src='data:image/png;base64,‰PNG

IHDR
1K«Í/sRGB®Îé IDATxœìÝésç?/ú_¯@£±/\ÀM\ÄE”D-–,k³Å²'NÆ3•œÉ™:•[wªîßt_Ü:SçÎ9çÎLÆ'ñØ‘#[^´X;%R”(’â¾A?z½/R\%’¢Qú~¦j‚n4ž~@BôóÅ³1Ÿ_øšàµsòíÃ}ûrj;â!@â!@â!¼YþøÇ?®õâÀ¤?ÖJˆoŠÅ©`Õ„€xðFX™Vžá·±>P2}ôÑs¯A<X.—×sšž×tÝ0Ó²m‹ˆ†å9Vx‡(8EÁ)
¥®æÖC<(2L3£ä5oš‘mCÃ0Ä.0MÛ´ô¼nÌeT–!YrxeÏ½>#öÈ²ì¹L6“Í3DDÄ²Qá¡M4ÿ°ˆ!†±Û²ì9EÍ¨šÇåô¹%–aV-ygÙ¾xpåÊe{þ1Cd1D–e±,ë÷jkjÝ9›ÍÞ¹{·øsµ‰²‰{ÙïƒÈ¦æÝ?á²Šm«<¼Æ5ŸLg-ËZÑî|>Ë²2jNÕt¿,¹œâË©àöÙ¾x0>>nÛKÎx¼Þö¶¶šÚÚ…3†aŽ??¯§´šêèÖWˆÈÒÉ6È²È¶ˆ±‰ˆl†–X–žØ×mÀ}2?ÍdsDÄ0Ã²¬iš…v¿a©Ôœ Š^?Ç¶‰ãX†al"†eCç9^`yÛ¶m›,ËžÍd5Ãô»¥R¿¡²}ñÀïÌÇ›ã¸H$²wï^fQŒ¦iZ^óûý‹B[á«d8ñuœPJ¶EVžL}éÉùÿ±M2M"?H%N ÖAÌë0à~f.£æ´ÅgLÓd&ŸÏ?¦ùdðI0t¹\?Çãñp—Ëå"‘ˆ(¦iÚ6G61DÄ0D”Íi–m=®Ò½¡UÜ½{w=—8p`[ãAMMMáÃ°»êjE‡£phYÖØø¸’Î¨ªÊq\í¢Î„g?\òË¬,ÀÆÌ‘©­ãºÂÅ:™:q"qÎ—[«—,1§äò:Ã0öÓQ.6Ë2E™LfÒ9M›™K
Bñ»i¯×[‰¦
]’Ë4Ž-ÌZ¶‰b(§é³élàKë·}ñàAw—eÃ2¼ÿÁB6èêêzôèÑ&Js9y}?­®#À›Ç¶ÈPÉ67üBS#Ë$^Ú¡ÝÉtVÍ¯’ˆòš–Éd†GFbñ?lbÈÐ4M×œ’Ä0L*“Q²ê\r.ZQÑÒÒb'rDD61L±³EÍë,£úvæ(£í‹ºaÚ6uèp¹ŠYêë‹_Çã1"Æ&›a˜ÆÆÆ²HÙ•«W˜çÍ±‰,ËÚ–Z¼Öl“ôìÂ¢M½\!ÁE·Å{É²9-«jó+æ?mÛ¢CÔ4?eY–e{>L¦SC,'Z–Å¶m™ù\Î¶‰œ’“?'¡`pnnÎçó™–É1,Ë°ÑBUÉiÏíÄ™ÊÛZš›E‡£µ¥¥p884Cá?iY?õ>¿?ˆr¹\Ká‚…U¤9Z<Á&¯×»áØ¦’žžžÊæ‹Ç¼ìÃ™{KPi™x*ODoÈóÌO…¥&ŠID¬J¯ÃbX°cØÖeƒùRHÏ’ ï >Ë¶SuñQ-Ó""bh|r|rj2›S‰emM'†á‹%Û0"Öbô|ŽÛ°m»}ÏžãlÛ.Ì¨eˆìù]JÉ9ÂŽ[ítûâÁL"Q˜î@DSSSýýDö¶·‹b±mšæìì¬m?ÿ3ZYÙÈÍÍôèãÎþ9uy—Ã$IÁŠÖÖº°c#å=—2qç~‚ˆj„ZŸ´™á;?U"òïÞ¬Þ‘=P°Sêgƒ›•„­Ÿªªª$m})­ä¬âŽgÅÿ—Ïç‰ˆã9Ó4‡‡‡óZÞ&›,“,‹a–%Ž!–µ–,Æ´“eØ\.7Ðßß°k—Çã)Ëþo>Ø6¥³yŸ¼Ã¦glã¶h¶
]×¯_·,Ëív·íÙ³?
Ó”ËËËN'Ùvbvvrbb~Ñ’½l"]×W½ÉjÌDïÝ[c±?ö9X"#3—Hëy“ÔÄä?kéö·÷FwØïà˜¹ÍÌ7X‹m’™ÛÂ™Ê½?û{{û
?%—TS]Õ¼»qKJ6LKQóÃŠ°,kF,e9–±,ÛÔE–<‡ßãrI’,Ë9MK$S3si%§±N‰ˆE™?61Ë²‹
µÕ¼î–DŽÝ1ý*ÛÚ÷î+,cšN§ËËË†iß»×áXò¥=ÏóN§“ˆ‰tMÏ(™Ç?¢Øb’´ÞÉàÖìÀ½1ƒˆX_åÑ}µž%¢ÚZjâa÷Èçõ•(8£ígË-""KµÀv±­u®S”{ô9[Þ{þ¥¦F¬øâCŒTU½rí†šU©@UÕlVííí;~ìÈ‹w&dÕ¼i˜Va·‚"›c9ÃÐyAP”ŒiZº¦ÛD"Ëì
zkËC"Çú½–eË¶+Ëî÷ö?‰Ïå?ÓØ®®û¿ßëöX–YGô´ÑÊ0óak‡©¼\Û\R±><<œÎdX†•œ+šä6Ù‹bœ 
1pôèÑÎÎÎ™™™§Sl2ŒuöØñ‰„ND$·í]–ˆˆ½ÑýÇBé[²uRYŽgwØTØñ¬ü:.*\¹‘+OÜ‹6ßïvv©Yµ¹¹iqwA¡3áÊµçÎž~Áò³9me×±ÇqË°D$‚ndY¿×#ð>·‹ç–eÉÁ‰’V_ÿdê–CrZ–e¦¡ëöÒ¡.ŒM6C9Í@<XÃ†=xðÀ¶­Ý»[˜5òZþâÅ¯=n÷žö=ápXE–e‰¨££ãÁƒ·oß¶,³0?«±¾f}wÍåÓN¼ÁàZsÇü€1€7ƒ¹æ7­¹Þ‹¬Ó#Ö-²ž²ÅÏêS=æÜ¸³ùÜšÅ¾X<Ÿ™I,ËDT8ìíí¯®Žnº|M7s•0–aÖ¶,5—³,‹Æ&[’\.ÙmZºEdc3ËÄ0ÁPHšMŒMº®išfÛ6Ã2¶m¯lßš–¥¦Àï˜¯ƒ·/ˆ‚P˜|ÜÚÚÆql]]ÝÊkœG}}=MOÇ¦¦c’ÓÙÒÒÌqíÙ³'LLL’™×çßØíuc½É×¶sÉ‰áÑøôœªêDD¬ ø#•Í•Ë;ì|bløÉH2™³,"âxO ¼«!Z!/½NO?ÄU'bYÉjm«;ç?:sC?ôÌQEÛ¡&åÇ»»ÒDžª£íeV|¸g0žH+Jåu»Z«¼üâO?–™œ›È$UÃ¢âäŠè®Æ¦-žj¯ëY£0X§'?t?óUq¾*"«-<eÎ?åz/®™
g7?dz&‘ ¢šÕ@Mu´0ÄèÅâ?Q°²KÙ”×ò™TÊ2-Û¶XÓ†6Yi5kèz(àw.›˜ŒšµD—?àŸžMñ¼`Û…?l¦Ø[ð”Íï¢!¬®0‹a¢È0Ï¯rk†eËËËÒé´¦iÃ˜†ñàA?×ë)d‰ÊÊJQÆ'&ˆhÝ3<$¯Ÿ§”AêÄƒ‘ð‘šçÍXÈŽß¸9’\š$,]OŒ_›ši?ºhúr>öàöÀXnÑu¦‘ŽOÞ?OŽµ8<›­Ìø­û#‰…-KMÆîü˜m=º·¦p?¥RˆQÌ±–™ÓU•HÈM=¾Ó;ª/Ä[KS'÷$²»?7y""3ÞÛÙ9¦/Í¿V>?~rÿîdMËñ&ÿNšÛÆ6žñ¤X{”qx8_•™™Ö†oš³ÃDÄjÅÚ·X§Ç}ô¿1Žg®/oD›?ñ™­:Á@’$Éõ¢#—´Â7ÆÙ¶½0ˆ±Æ¶É¶†õ{}<ËššÎ›FÄãÖM3tžáRiÕãô“È{ËÊÝnylzFÅ` 
‡V-Z<f©0Á&Zµ¿â•µ?Û¢éšÃá`Y¶ ß²,5—;zôÈ²kr¹œÏë«¬¬Ìf³³³³7oÞ,¬\422ròäI"
ƒ?z{'&&|Ù­ç¾¾ªJÿèHÒ¢dßý‹CRyM¤"àóË¿êv’ËÇRÊá©ÛU[’?<C¶©$GÜ›LšJÏÀLÅžKDvª÷ÖÀXžˆXOMÃ¾:¿,°VNIL?>|’û4?œo¬o„uúZÔWJ,‘žìíÍ[–Òûd¦ªPÔZR“S¬§¦i_?×Ad¨±Þ®‘©<åÇ†Çªƒu."â¼ÑbMEUcMÄ/,C––™ì{Ô=e¨#ƒ#Ñu;u3ox™ž·½¬PÞff¦ÕÎO8O¹£é4S?ÔÎO¤Ž?9wÙ³_K–E/öEy(\ë)—$eUu­g×Ã0MbVt0dY6C6Ë²^¯WàyYÂ.§Ç!ærs"Çš†ž5L†È!ðše˜šVQV665Ãqlyy¹Óá †V+*dƒâMwŽí‹¦iVŒŠVF‰™™™¸eYìÒN–e–aYÖív»Ýîp8üÃ÷?†žJ¥FGG«««Y–ÝÛ¾7™L®Úù°:gôà!£óÎDÂ$KW'†'
ç9ÞðWUG«ü»ðÛdüG5‹‹"/ÃÉ?º=u3WžèV,™¤P?(768”'"òïÞ{d~³Öé×¶ž¬Ô?â9‚?ì++„w··)·»gi¡¨gX\8/D÷·ç.ÝŽé”ŸžÍ×¹D$V´¼W–ÝÑ–ÚÄÔÀÄ¢Ë–°Ÿÿe¶6|“ó”Kûÿ¦p(”ïQï}ªß”öüüÅ/!sQ4ZÜ 7É&Ûæ9Öãõ¸ÝžtbÆôI‚Xé«`m#5—²-25µ*¶Éâ=~ÊZ<Ï{½ÞÊŠ
†!fíõšb¬-Ù[b»lßð“…?
›ÃáH(Ò´åËiñ<Ï/˜%IÒÙŸœ…Ã‘Hd|bÂ0"òú¼5Õ5Î?¬iÅ{jŸ:t|_M]Xr,oéxüáÝ{ß\{8’~éxq•î0É%YyM'"56¥‘æªÕ„ÅÁÅ_[\d„`ÈADd©Ê³`ƒ?Ë
÷ú
i=•?ÍŒ°Je9I–ˆˆ”ÜºW$€7
³zs5÷è«\Ï—Úèm"2g‡ùò–ÅÏòå-…?FÚèí\Ï—…O×_ø:©YÕµö"—KR³/Ô{°d9ÓÅç‰,²-ÛfÖãöpçtI6Cª’U3Ù\.ït¹8ŽÏ*Ù¹D’LÛ6-]ÓÂ¡?ÛãyF6˜/|'åƒíë=èyÐsòT˜a?Ç3›23?NŸ>}Zž¶pÃ`Yvñ^<Ï×××_½z•Èšššˆ(‰¨Y•Ö5¶h#Èáhs8ÚLD¦®(©¹ÙøØH2©“•›{x»‡ÞÞ[ót?UÛÒ5EÉäæeùÁÐM"AURDDôxž·I¶G^ñù.~€¬ç|NÜ²kYáó=kY(·L#§$³sŒ´Â?Ý|Ö°B€WÍèè8…‚k°(ÌI˜™I<cÒ³™óÓX–]†e9Æ¶].×Ñ·?ÞüÑ~üd€¯¯åµœÀØša«ñYÍb‚Á ’Vr“±Uß½{w0tˆŽB“­X³Úÿì(Û2™Ìììl0t8û÷wtuuišÖÕÕÕÖÖæœß?eØ•Ã¶"‘ˆÏçËf³…xfbÓ›¯
'ÈÞ?ìEële¤ûZŸbYJïp¢¦9Hd¦Gûî$•õŒã¹ÏýÍÏôvŒÌ=oü Àbö*«þ/ÛûŒÔS?„ò=gŒ©G\ vÙZFk¾I…e‹B¡ÀZ/ßt<`YÆ\uaS"f~®2Ïûì¿š‰çmÓåvÅÆÆü¾@4u¹\Y5k±¬Sr]Þê†fŽçt]:è?¡BNXþïŽŠÛªªª‰D0$¢šš†afffˆ¨¿¯?­ƒDÄ«×§¥¥ejjª0BIA¤­Ù]‚‘kv5Œu÷©d¥s9"vêÑõÇi‹H
V4Ô…‚²£X¡ÄÀ7’Ë_]Úqdvª÷VßPžˆ“ª*«‚þùõTÕ‘»=}™RV^iKös¾
kßR;?Qï}ZbdL=2ÓSRÇÇë*|STU…‚ÏØY’¤P(ŸI¨ªº¹í“9–5M‹a˜…®ƒÂwÓ,cKd±<'û¼GO~Ü3§¦ƒ¿™ÓfcSvÀïøÞJkÙšÝ?Ä?išÄ0–m1»?–aâXÄƒÕŒ??ÛDÃ466QuuõôäÔTlš6MÓïó…BáÚºZ‡cyÓ_„±±1†¨¦¦&2“Íªë[¸hÝb)?5–¶ˆHª<ØQ»xemÉ&Í’ä&ÊÅçæ(äÛÒZlÀ\l$ODTÙºoOÙâÏœ’Ï–ªN°°,=s-;Ÿb§Ôñ±6|3ß÷]¡3Aêø˜ay}¢K¨ÜûœÂ7ångWáAç½®g_©fÕMoŸÌó\aëƒE
Mz†È¶‰l†LÓ –|?àþƒ‡žtuêé”Óát8nYv:Šž«¯®³1gY’$é†QX#Õ¦5•|ÄÉ†l_<˜šž²lššž®¨¨?e™ˆ½uøáÃ‡W®^)ª?Åã?ûúªª«V}ùäÔTaåÓÂa>—[õ²•æúï9víY¶›Ø<cvb¤0ÍØçæHËŠ?)‹¥p¹£7“'=62]ç+[ºv×*;j¿vaL/:—Þo.1‰ÁFðO´æÎhúTO®÷¢kÿßp¾ªeëé]¹¾K¶©=k|³™æåÌLbf&1ÿ`½/ÙÄ#‘ç¾Ge˜â +Û¶-²†±lË¶Éét¦iÛ6ÏI¦É'çrn§è?\9ÃP³Ä²"ïÈ&Ã
š®3[Øbyñ]
‡…1E¶?x°†ýûöãôõ÷wìß_8ÙÚÚÚÒÒ222‹Å,Ë&¢•]DÄq\Çþ"Ûï/n–ì¬ïÓ`ÎŒŒªSVÏÔ€TY‰†‚^§ÈóÙ¦‘W“Ó£ŸÌv/h­ñ‘ì!J%¦Æ²euÅ©Á¶2ò¨gvI©r´¦j¸oL§‰žû<ÛÖZÜ¢ØÖR»“áÃ{6¿•ßúI²ŸI2ÆÇg<¡bøÑgvÇžµ"+­¹þ?97îl>WØ2¹°NÑÂ|¡r¯mjfr”ž6µer(üÅ‡ïoâ…åXm?J¦Ð¾gˆå8žãŒâ°&—Ó&§f›ÍkZ:•tpäóûÞ1>6ihe9ÁžßÓ€Y‘¸³eò¶ÆM×C»LÓ¸uëVeee4-ü4kkkkkk-ËJ§Ó«®55==mšÃ0…ð`Y–i­owÖ]Q%M?¨–©NO¯v?£î@K…HD¬­ñOŒ$-µ÷Ç›C~o™ËLÆ•´ÆÖTûGFÍ=àCÍûæRwci+?rÿîËJÎÈë…Œ³ÓjT^å>[ÌYÙX=qkÔÐ'ú¾??#!;Oé¦'\ãˆ?¤^~`çâ2WÿFÑÙ|nñ¡•^²ŒX}èYÙ€Ûü~É+-ô¼ÈREË8žçXsÙRæéìaË´–e&•J=îéaXÖÒÍ€Ïñ¹ÎKÉçúF§„P¥ {D‡ƒeYË¶ìâÉ«´c9–xÄƒÕŒ?Ž,þE<yò¤¼¼¼¡¡¡ªª˜MY–e¦°¹Á2<0#?rWb”[ç†yŒ#Ü´ÿ\mfrlxp\IkK†Ý°‚#XUÕ\‘>ÉÎè‘cŽÂr@ùdr$IÄIu-ÍÌðÈè’‚y_Ã±cÁ¡þ?¾)Ý²,Uµˆˆ¤ÊÆ]Í­˜Æü0ÁÝŽI}÷’Šž??ç‰H*«9ÜHvÆ·áö°ƒ±ŽµâÁŠ+7Ò´e·lKÖ™™ÄÕk7$—ä’¤™™Ä¹ŸœÞÜ\ä•dÉ‘ÎæˆžÎN&›8Ž3-SÓ4C×S©ôÌLÜ4Íl6[S»«ïþm–$‡Àc›f>oÏÎÎÅbq>›s8nÙ-ˆS˜ƒÌ,I…þ‡°•‘i0Ÿ_øz{îôÃ÷ß­\éÇ¶,§Sòx=UUÕ>Ÿ7›Í2³ìwßÕÕ•H$ˆ¨½½=
Ñðð°CÊ+*7\Û~?XžçÖž%`™†i±¼ð¼e>»À—È¶tÃ""NàwÒÀ6()3Gæò=j_'ç\ÇuëÕû¸¿··?ˆjjª:ö?s>ôF¦5•H²?mÛ¦i$“É¬š5tÝ¶m]×9Ž3L#“Nó[]VÞÛyËi*{w×q,i†Ï=Ãã•?-•uõY5Ëó‚i™nYÉét¹\¦iÙËöª
{en³Óµ_ÜÉ·ÑÝ»w×sñ?¶µ÷€v•5?XV7ôD"1?[¶Ísäè‘ÅÏÏÎÎ&“I–e]’TÈ¶m·47mª¿ÎÇrü:³òúË|YV?`c8'YæsW8]/†ÛÚl@DÍ»kª£[Õi°€çXÙ)fÔœ®Ç1319Á±,/‡h˜†®kápD×tIm†••éx"“s9Å¼nå4ƒã„éX¬º¡I×õ\.Ïó¼Âd5MŸ‰Ç«ª«$§“lÆ²,"’B³Áæl_<˜˜_uëe¾Ý×4m||üú??Ãp÷ÓŸþt¾œ‰ñ‰ñšêí˜ýð:ã%Ò•U·HÛ †ø-nÄly6(ðÊR&›cYVÓ4ÝÐò¹¼ ¢èÈår¦iÆgfÊÊË«««“‰ÙÙäœÓíÍ™†bYzžˆxÎ!DÊC±˜¢d‚?`"9›Ë©–må(Ç±¬’Qžw8–i‘{k¶êÚVÛ"á2Ë¶blZ¼üçÓ…§4MK¥R–e=è~?Ëç"‘2Žãöïßïóù
ááÉ“'ápø%}VÞ K‚‹ôì‹%†×¦wC+–eü×ÔÌ¬ ð¹œÊ0L6›u¹\JF‡ÃsÉ¹L:ã÷ˆÈf†ÒšiêyY’¼^Ù)8ï®¨œ˜˜hmksËn†›ìÉ‰Ép$l˜FVUY–xAv,³“6D+Ø¾xP]SÅ0¬MDvqÚ³tßéBßÂlb¶0y¼¼¢Ü&8¾¦¶†?ï”)//'"—ñà…12ê&G1ñÒÎÊn—SÓ=J.¯ªªeY‡CU³¦iišît:'§¦dÙM,k3/Iy›qÈÞ¹\Ž5™òHÐfÖ4ôx,ŸÏ»Ý²išÉ¹¤ÇãÎ©ª¡9U•eÙ)ò’c‡MJ.Ø¾xÐÙyoCÁÔãñž>}ZÅ…lpùòåÉÉÉB!ŽÃ‡Ý^ÿK«,ÀƒaI?73Sy«ç"o³ Ïm˜f>Ÿg†ã8Y–].yv6Á²\6›D?eY›ˆåyÞ)y|>ej2¥æœY5ðkªép8“É¤èpˆ¢È2ŒìvçT5ŸÏ;?K×ÜN_©ßß&mãÔäUw4XáÌ™3^¯—ažç™EÝ1—.]ŠÇŸ®×ùŒ?'`Ã8'±"Yùu-xÊÄ:vb§Á2eAß„ìš™a4McY¯(ŠSÓº×+INçèÈh p:?†aˆ¢À°ŒÓéÌçóŠ’ñz=Ç;Îx<^^^ár¹QÌ©*/š¦ñ[])õ;Û¼í\Tóü€`“ßïçù%µÊçó???N§³ººzá¤[Þ†?ÇÞ$KœDœD–N¶A–E¶5?o”!†%–%†ßÜ¾È¯¬ŽöV†hd|‚ÈÎdÒù|ÞÐ–ãf3áp˜çyC7þ€ÃéÐ5Ý4ÍlVM¥Òn?[E]×‰È²L‡Ãa†’ÉÔUG[êëJýž^ÈöÅƒ¹¹¹ÂOÏfÏó¦i¦Ó5›‹ÅbÌŠYš¶¥ËôÀV h'mõûBö··†CÁÁ‘1‡Ã©(ŠËårˆŽ|>oš&1dZ¦Ãá`YVrIy-¯†¦i¦a:%§eÙétª¬¼\Êk–iîªªhªßUêwó¢¶/œ?~ýsç÷ûü~_etã{ŸlD´¢,
?Žõ9%–a9Žå9~zzº,RÆ0ÅaE,ËºÝî¼¦†¡iyÑáðù|©T:)+Ã»wü6ŽÛi^‡÷ð‚?oª¯«(÷&’)Ã0S©TU´ª°LN&“AŽçÃ°,Û4Í€ß
øjÊƒ¯G0(x}ÞÀrËò?}íD4›œ›œŽé†év{óù<Ïó,ÃcËNIr9Ý.W0àóº_ÃÙ°ˆËü¾€§.Nú"vürT°U ñŠ ñŠ ñŠ ñŠ ñŠøñ©ÙR×^|´<Pê:l·ñ©ÙHÈWêZ¼r0¸Š ñŠ ñŠ ñŠ ñŠ ñŠ ñŠ ñŠ ñŠ ñŠ ñŠ/î> IDAT ˆ/uˆˆº{‡Ç?|ÿ$?/{6Ê.g‰ªð)q<øü/?¸\R,–8{ú­B6¸~«{Ù5‘Hðì©Ã%ª À¤ÄñàÌ©·.}óìé·"áíª‹Ê²´ìšÂSÏ3}û“Î¾…#ŽõF›O½U#3ëxiöÉÅ/û'ß;T¶Þj[ºfr¢€‘Yðz)q<?]ÎÂ˜¢ë«kZhâç÷¯ÞºØãýh?ïù/Ëö½#‰ë¸pž2pùÊPÍñs?ò¦«
ð
zMç8‚5rÏHBióˆºÅ,e’S–»Ò'‘•Ÿ‹'t1ô;X""^
‡$Ì¿Ö6R³ñç{%v¡óÁHÏÄr‡CÖÒòºE¦‘×5?xô!Àëãµ?{?Ëj$‹’:ôÍ—#¶f3¬T·çC¯4üã?ë3buTHÞ¸cÖuœï((~÷Ï}ÞŽ7¹ˆ”'—.?pÑ l\NxOüdo™`Ìt]û¦?ˆ†Å¹îÙð®]Ócý*™}]†(ÐräxÝòÑP;Ôk3÷€ˆhº¿ëö‘™MM³-Ç+Y"ÊSôøß5ÉDd?ß¹>8q¾£R Ú;ví?<¨)ë.?~tµÏyàì±*žˆ|wm0ýAÅÄ?^vßûçZd""]·„®KW†jcp¼f^«¹E¼\¾«b÷¡ ßÁR–ˆ¤êÊb;>‹[û*ãˆØ§Í*´ÔøhJ É‡·ãDD”eS’š‹Í¦üåÕóA@ÀX"x}•8??ž8z¸]v9cñYEQW^³þ¹e?{W[}ˆåæ§pœ@šiÍïgZDÌ¢æ>Ç‹Ä‡ë››ÜÅûXžÆ‡HÍçˆÐS¯½Çƒî‡Š¢Æb¹.zýV÷Zñ`«ö=EËœß?>NW¶xX}fèIRnª?ˆÒÅ§ÅòºŠ‡w‡MC”O$óAyEå?þ?‰¦P¥H¶šLs~¯ìõÓl"©7Ê‚M´žµSv‚Çƒ£‡ÛEÝU-ÌCÈfW‹/>ÜhApÏ¹ƒ·.}}ñ>ÃZ$Ô¿}¤Éµøi±öÈÁ¹«?Ÿ}ÚÍ9,“äÝGßòGjŽ?T¾¹üí¿Dj}ë¬W,ÛÝ¾øàÓOPÝ¾ß®Ø²ê”óù…¯K]‡°,‹eç‡c×þ8.¬\T`[–ýôù…×Ð²S+ÏÀ1>5m`«€?èì‰#Dt÷îÝõ\|àÀ?Ò÷”ÊBÛ?5Üõ j4Ü°oq7Ã²+‡­LÈðzyCãÁÑ®Û[s ìÛà¾k¯¡7=8}•¥®À+Ãc ñŠ ñŠ ñŠ ñŠ ñŠ ñŠ ñŠ ˆ/uŠ”l®»§?Ÿ%¢]µÑö¶†R×à?óJÄ%›ûüËï‡ÇË"?H8°ÉâM·yA@ÇÀÆ¼ñ K,>Tµ«gàì©Ã-'7õàòÍ±™<ñŽÚöŽÃ?>aºó_ 3w”MßýêR²éÃ3õòFŠµtÍäDÄ(9Ý0òy]×MÓ4íRWàMÀq'œÃ!ü+Ñr~Ù^‰7©dsËÎÈ.çFÉßøóM¥úè±³U–¬\jâA÷DªÁZtMYóáSŠCÚ`í._ª9~®qC™`‹eUÓYrzd'Ïs¥®À›Â0Ì\ÞHgTQàÝò’;Ð+ñ•xYdù8"ÙµÑ}âÑý¤{ÏÁcÕ–!bX§¯êÐñÖ³ô*ÑHïÙÊÏMO$R†U<64Ý°ÈÖ’±Éé9­p‰¥åu‹L#¯kšn@IÌ¥†aÊÃ>·ì@6ØN<Ï¹eGyØÇ0Ì\J)uu^ºW¢÷ ´·5v÷ô#ÁOMÎÎÅóŽº¨ïÙWMw}{‰:~s ŒÈ˜î¼r9á©²Ê½;æîcgäé®o/%½•yS(f†ï›?‡?Úku_zÐ§’Ù×uaˆ-GŽ×½þ‘^5EåyÎïu•º"o4¿×•Le3Šúz÷!¼ñ€ˆÚÛvÕEc±„,K›™”lè:ñÂºß?5~ÿ»XÅùsÍ^†hÏØ•ÿì­=(‘âÙóó=!†¬²;¸9>½wï¾ó‡¥KW†jcp”„nšn”‡Ÿ}`ø½®©øœn¯ñ<„Wâ?æ&(+ŠZèOØX¼ ?¡ë½<‹[¶Ñw¯‹ˆˆt•Ws‰DT.ŒGb–Ls£o`Ëåóº,mx*¼$²äÌçuÄƒ—(Ÿýæ»›ËNÊ²´±Ý\¾°£oh|®Í»®/Y9N Åž¶òâ î6–(¾±Šl]7=2âÀ«Âéà³j¾Ôµx‰J<5yÕlPèCèîé_wIÁ=GÊ´w®ô'r‘m(sC7¾y0cÉn?¥gRK®EËœããCy^EAàµŒ¢1k•,{ý4›HêD„µ$aÛ™¦‰¹È¯žçÌ×zŒI‰{ž<3t?ØU]gQBYÇù.ß¼õÇN¢ù}¼‘\Ñ¹ö×¯î7tœY¸:¸çÜÁ;ßsñ>ÇRžÜ5MÇýkv;”ín
_|ðé'¨nßoW¬ÿÝ¼8dR€WÍëý_gæó_—ðöŸÿå‡Âdƒµ|øÁ©ï?`ºÍ/ßÅÌ²ˆ]­«Ä0h?CÇÖ*v ñ©ÙHhgLö?ÍÌEË7»ƒ8¼;¨!qöÄ"º{÷îz.>pà@é{vÕF§ã³Ï¸`û£Ã+G
­Õ²_ÿ´dxÝ•8´·5´—¶0ßˆ@â!@â!@â!@â!@â!@â!@_ê
À¶ÒuSÉæ5Ý0L³Ôuys1cÛv©îÎq¬CàeÙ)ð\©êð
Ê(95§†iSÉ~5P*1<ÏINÁ-;·ùÖ÷i`Ši²ð¹Û",CA5”Ó¾]¥®ÊŽ…xðÑt39—áyÞãvJN±ÔÕys?OÍžRÝ]ÓtM3f“¿Ï-
HdšV"©ð<ëóJ¢€ÿ,¾¡4ÝP²ùØL:è—9n;ÆV¤UúúÅSÛp«7‹eS<EñLÑOö“G*u…v .xSè†™œSxžúedƒ7™(
n·Ä°l2™Ñut"Q"©H’ðÉÈo2Qà>Y’„DRÙž;"¼lñ}}¯Ô•Ø™^•?…J6784>ŸÍfU"Š„ím?²k»ûø^cŠ’/dƒRW^·”É¨J6ç÷½Ñ‰Œ’ãyÖ?ÿÜ¹]N]73Jîe?2º?ˆl°â)º?ˆQFöJÄƒîž?îžþÅgE?ÅgwÕFÛÛJW/€×Š¦7Ú@ð”(ò¹œ^êZ”˜šÓ}^>€§d—c.¥¾ìx00õR‹‡§¦6¬ôñ`Y6ØU/$„îž~ÙåÜU}^Ó·?éì[y:ØôážÔç?(‡>8ÞäÚòŠì0†ibL,&ŠBFÉ•º%f&ÆÁb¢ÀÆKt—H¿ì;@~Ô›Pâ¿‰±øìâl‰?n/Äƒ‚î‡‘Hðy£ŒÊ}üÞ!""š¾ûÕ}Ïñs?ó}å¶zî-"XÖ)‚•¶áS?uŠ¶~Ô›Pâ©ÉO%?U)Š:ø¼kžIð†ü2OD–¥–måæâÅ²‰¨ð8½äsc¤g&âÉ¼õwØ©Jß{ðÜk¦ã³í›¿A÷§?Ð™?;Ê(~÷ÏgËXrÈ4¿ì©jqÆ§MÇ/{š~vº^&R~¼ð˜­®?Ì‡?3Á}ç;Ê„Mß`*q<PuñaaÙ¢ö¶Æe3•·H^Úuöx5OJÿ…¿(oŸ=WUx<=¡Ö7½ßß?üü`µ@d×Üÿêþ@º¬¥dë’”@‰ãA$ŒÅ‡Š¢~þ—ÎœzkW]ôó/¿/œÜºåM¥P€'"bXŽäðÓÇ&Ù”‹Í¦xšxÐ5]¨£Ê*â¼IJÊÂ?Åñ ?.}3,¾f‹îÆrÌšÏq<KOC[ƒ·pÜÖÌah¼aJ<5yÕEKOG–ei›n¡¼¢R™š%A‘73u¯x?”¸÷@v9?n¿~«{­ŽÞü´ä?qÔ;©|wíÛ5YÁ¶(PuâXPÆŠ¨ð&)ý^0…Î?î‡Ë¦)Ë²tôp{dƒ#‹Ê¼wnÉqÇo>.>:ôqYñ¤«þÜÇõ+¡Ös¶’eXÏ®=àuUúxPH…9ÊÓñY%›+L6hok(MmX¾Ä#®Jä•ˆ…QFr]t{¦À†¸?T¤Ç/²W-ì¯J<ØYLu6žPM"Ñx„g,Ž·y¶©å­%gXV¹­*ÞÔt“¶²À5o”ÓM^—5:lSË[œãåüè`«ýöerˆoÄ€#“Q:;»3Š29s»å¦Æ]Ûµ~,¦MÝ»xéê˜ùôŒ3pôÜÙƒ•ß¨§aõ&úô?ÿþ§Þeç¸PÍ¹÷NÕ»7|«”Çß|ö-½õßÞo–^¼0C×Vt®ú6¦nüóÅÎýçþ¯£åKNOßùïêíøåïŽ•¯ö"xõ¸·j'*xµ!Às˜ZznZËün‘¥B#`Q£ˆç¿ù³-M'QœŸ¼c[ÚÂu÷ô|á©trFB?È¯\RÎâÃÕŠ25Ý¤Eešºfp¢cµ[sÅ/,MM7íu.¼ZI&2äù¥…¿ˆ¦®™œ(²KŠ""~¾gêj*™!9èwq–®KdËÞïéërùò?…ÃLF¹ÛÙÝ×?ø·¸å÷‚gRú.]º:8ùëÓíag¡aìáµ“™ÍÄƒlÿÅÿ}“NÿêgÍòW„ßýûó­óOš³=þxçÂåÞ­iÓo?©Ûÿö÷šý?o¡©°Ó!ÀÚììÀ×_}‚gªŠZ}ìïNFçnÿéË!ÙW\ö×ßñÞÛu."¢LÏÅ?Ü¦c½×ZØ\0;øÝ§÷gd§Ä’©*jäÀG?ip3dN?øë×'Èt˜sŠU÷Î{§+&¿ût¤îoÞÝ-/¼pÑ!MÞÿ_—†ƒ.‘ˆLU¡êc¶Î|þåHã?ß&²³?¿ú²·ê½÷yž^qÐçqrDj6'5ÿðˆ<ðõ—×Ò²O$Òs#xúÃS"-Ñ}ñûsBP¢LZw·ÿðH„#Rû®üË“šß~Ð -º5…öž9ÑèÈ<ùñëkcs¼ìcrÝ¹¯Õ76<GdfÒ9rÊn?(ØòÞ©][ÛtËd”B68ÐÑÞÑÑžÉ(“SÓ??2åòåë'NÝÒ»Á3©c?‡ÍªS'
Ù€ˆ8)P{ðgµöó^¸¸@Û‘]Ã7R)¢W*ÀkñÖ6ýøòDÅOóvµHdësi«ÐL®Üê§-®%W±žnÚ]C]?­‡ƒógý‡Î¿»[&²÷þp©g²áHdüÆÅ‡\Ç{¿ßã!"Ê%æL×Š»®&ÐþÞ¥ÿå³ÇCß}ïpâßuVþ¢ƒëºt™öýÝ^ÏÒì:ù«Že¾ùäÁÀž#‹«?¸õ§?öÄŽ†&n|›Ý÷w¿mp3DÙÁï>»r9üÁézÇê·.H=þöòtå™_~T-‘™LfÜþÃ‰(vãŸ¿§ï©ÜÌOú¹:;»²¹Ýr“»¾¢¼ìß?ù|r*öRnÏ”×5¢¥ß÷?íïÊ?ß¿v»wj,I®ŠòŽÃÇö{â÷>»<»ÿl‡ÞuéÖÈTã™_;¯ýÐ¯ÍÑ­¿þ{QhïÏO6>¯Ñof3:y8ŽrO.ÿåvªéÝÚÃó·N÷^¼Ð#:¼~q)jÿ·ºâõ'þvx½oÏÎÅzîõ?M+YÎYU¿÷äÛÍþB“A›}xãÚ½'³³¦®ªí8x¨É5üí…®©4õûÙG´û?_í/{î=–šîü÷«©Cgöæ».ßèKåEoëá'›7¶¸9lÄXÇJ”KÌ¤ËÊ<"'ø¼ÅÓ¦®iy??¢Ñ†>¬lÿÝ[ÚwŸ>j?^·l„…®å‰ãX¢éÉ‡fÍO›ç›òÎ ?ˆ"2Íœ®þ åt“V0u5¯sDZ<™vC.r·91üÕg()ŸøÅn÷ZSÙ•ƒ|ô¼FOdO?>1[ÒP|­kW[SççO¦?Õ×¬zëÂ¨$ul$æi>Y-B~¿o?ÐÍ+d€ÆÆ]‹OºÝrEEdr2699]Q±Ñæl–TÛÚxçÂµžÛÛÚ­
x¥%óôñkŸý©×ÛñÎÛ‡d1;ÙyéóÏâç~õ“z'‘™?)ã·þ:,[¿}4âÐ‘wä‘«ßôSÃÞwª%|«íÆ©&'ÇÇ‹ÿ¦´ÔXÏµ>ùÐ{Ã$vE.~ñ`d¦=\lö§†NÍ–?ª]–0,3Sâ•«üÃZSúÉµë±ðáŽsGÜbvêÞÕ›`¥ÿã?ŽRÝ_~qÕÙþË?~à2ñá®ë}“õoU´¾%]º:n}«-Läò®ãËØz<6yã«Dy{Ç¹ŸŠÙéÎ¾ûâdóï6^l?Êýü­UÎÿŸï=}œÉÑw]41»?õ‚í€xk·¾wäîµË_ßÎ™¢3²÷øÑýQM÷üøe?-Œ¢Iô$;ŽF9§ÕZÛy{ ]Wè äíéaIÍæÜ5‡Þ-#µ7Mäw¬ò‡'ÝùÝ×½…–¼¥Í‘wù¾'©Þ¾$"SÕ<m'|¹vŸÜ7ôé]:òÁnÏÊøl’#2UE­9rB¦!¢‰{ßÿñ!‘–Ë8¢§ÏF(;0Gä[”+Ü^?Í¬'ó·.Œ¤r¥“äØUªÕÝîåÃÓÝ²LË(J‰jôfrÖŸùÅ/C7®ßë¼ØÓIDätÖ·;u *1D3]ßv›õgÏktUEÄÜ'_\ïÙ_°Ð†O‰-¿ýe»¿øÁ‹FÅŒ‹ˆÑªµæ(?ß\ê\tÌU4Wy"â¢Í‡=ƒ·?ì×pDï¿7->^³|v°Üü³lÞØ[ô¶ýâ¿´Í÷‡„¥ûßœŠ¿SS®%âÓ´ûüžr¯@ˆ¶?ú5•WÉ4FD¾òªèÌ=ÐÅ¶÷ßmóU•{ôO6ôâG?2iåð¡}‹OŽOL§3™–Ý%ÚI`gB<€g|-GÞo!2õÌðÝ/¿¾ü/G+™#o$-÷Õ¿‘F‰ñ?XsG„ˆÈÓqúTƒ3ÖùŸ7´ê27Cä÷s”Jç(²|çü0$"RþúéÈòŠ,Œð±'¯ýÏËÝU¿Ü&’=>"ò®:<)zäƒeDD…)ËY"*k{ûìnqúöÅï´ŠJy‚išETÌ%3±òµHDêª·&""Õ¢!EµIÚÞ¥ÝnW&£¬ì%(ô*T”£ë`{1rtÿ™_ï'2ôtrll çÚ­Kÿ3öÖ=ßL³±…V,|Ä…H$@=±¸BáÂ'¼"ìßØ‡gÉÔd2S/~ñ§Ïé×óV9nÚï½~¹÷ÉÁš&§9þ¸7U¶¿iÝˆžÃLÅ§ñ™xZ§üŒF:‰‘ªZîâwåö7Ö–G"¡€´•í¡®b¡ß?G«6úúG?ˆh!!ŒOLÿéó¿žy÷ØVñÍ11KÿÏWKÎú–?„×6€µ¥FŽ¦M›ˆD?#ŽV[³0?Ô;R¹çÐ±ÃGwy§c¿Ôß5”'""Žs
¢íx+2pãaÌ *«épÅ:œ3ˆl+3ú` ¾Á*i«=Z…èp¢Cxºœ'ˆ¢ÃU}ð@õøÝÎ‹(²«ÅùðÖ­Ñ´EDÚèýƒÎC»+ˆHUs´FNªmh0®Þ‰©&‘™O<z4šÛà[Ø”Â°¢ËWnd2O;
þrá›LF©¨ˆ¬ìU€mÂžð®Ö£?ûõ;²9<8¤YëxÕ‹à¼­?”ìž!"òÔ·ÕÓT×“å»º©ýpó*}igNÝü×úâÛÞ)SŽVUD+žz’›Þûø·§ké‘ß_øÿô/ÿ~gjÿ$Ýþ¢x"½ô¬–Í‹ºÅÅ#pÜÆvchÙÝÐ²»áÑã?[·ï/Îè:Ø(ôÀšLKOÞþúÿ½dñþ#?9UÉSŒhôÆ—ÿT\`3tâÝ`×tÍ±wk*çÿœ„ò#ÿ«gp®LX(GÜµïH÷W×{>ÜÜÿÁqúþÆÿ¿Û&çuœÖ×U•øÝùç»DDœP½ïÄ±ù~ÔYÓ±÷á§·7Ø<xî}ûò7Ÿý‡FD¼§ýÔ¹ýþñkÿ|í!ï?ò“iÙ­‰ª?|ðÓ–šçõ—¯üË“ˆDoÍ±J‹œ/ý«–¦ÆúþþÁÉÉØ_.\r»]nYîë/y¢L&›É(HÛ(§*NiµŸ7Ï’Šx©7ž4I.¶nSÉYkMÂg‰ˆÌ?¬zdêËŠw6:|ûßïõ?´Æžxšÿ6º5œÅ‡zg#¿=Ûî/NkOŸcmû‘Úö#DÉî?ÿËÕþ±ýåµÇ™¦M«Ek9\&Ð­þá¹¶ö§“urÃOÆIØUî_8£ŒÅsí¾bÇKrfÒ¿Á‰þ…~ƒ›·ï§3Ê£Þd€ÍA<€5qþ†c5#2âæÿZDŽ~üû¥«hîþû%‡bã©ß7ýôæÿÃÌxZñqká±«bÿû¿Üo[¦ÅÎ9ØðôJ"’—QeÇïÿ¡cµ
FŽüÃÇ«œ®ìøý?,;åÚýÁÇ»ç|ûÞû}qô?£òðO~wxñŒû‡??-)jù­¹PÃ±?ŽÙ–Iì¢ýÖ¨ÌÖ9qühÿàÝÎîLF!Š-LEÈd”¿\¸ôþù3HÛd¦ç?>í•v·îmªûƒ.snr¬çÆM…k;T/9›Öö~{õJøÌ¡·˜Ÿ¾ñí=³ü?æòµI‘*?]½ß9\y¤‚4òÊ+f¶˜fN×Šndf'o\$[Íü
aáÆ½å·î|{•ÊOœ¯z¥÷‹ÿ}sxå®d¹Ù±±ñÅáÅŠ:œNŠ?Ï4ûC‚ï¾Ý=ß'bŽß¹6Ý×\îåÈÎ¥2*y$GDE9ì|Ðh”Ûé‘–•psGí½›?üé‹ôÑ¶ú ›òsS=?W¹ÚÓ‹Í“¾ëö?Øíó3?—n)¿ÞûìßÄ*²À¦!Àóq[þ§‚a78pàåÚÌdØm~n·ÜÑÑÞØ¸krjÚ-Ën·ìvË…l€„°­Bý3öê?ÞK_tÇÕ8?õûÏüü@”#"FnýÉ9íëo~ø?Ï¾%"A¨=zîÜžg,åh?Ó>üe÷ÿ:Hä=ù›_´/¿vö‡Oÿí‡…#§³ªþ­¿=Òü4xë÷6Ü™(ß[¿‰ƒˆbý¿è_|¢ã—¿;¶ïýó©¿^üôß®9ªÚO<¹FDD¶$ÑíŸÞÉêTØ¿ùÝó{?ybÝ¡s­‰‹W/ü?«Dí§þñ?¥3¤åæŸý?ûÎåË·¾»R˜fÍÉáŽóÇŽÕ.ùÄvkŽÿçfL"ÎÕxp3o‡èð¡}Ë&(À†0Ÿ_øºÔuØnãS³‘Ðö,Gù¢b3sÑò­Yù{|jv«Š‚4>5lÉqZè=(LBxÿüÙ½61›~Ã?/øïÂÌé&/ˆ«ÆKÛÔò$:×›"MM'aÉ~Þë®ÄÔµ?\|Ò|þïnÕ¬ä…’uÍ^ýÝ™šnr‚¸òÍÙ¦¦“¸Ê‹.È[$¬xíÔÍÿûO½¿üÝ±r"C×˜Õ
ß.Ûð×r'NðÝ¥Œº#—1]¼ëVÙA‰³'ŽÑÝ»w×sñ?Ð{°ã¹ÝòûçÏtvv—WDJ]—7çÖlÄ2œ¸|…®g%
ë¸jÚ`WgÚ{²q«³Aa:ÿZÏˆk¼q†Ÿ½î/Ã=?2ñkÞJèñx©kÛñ`Çs»å'Ž®ãBxý(Ã£™p[ÇîM,z…0B8"»¶w½`XâÀÎ%7½û«¦RWb”uüí¯V]?¶ö=€¢÷= [$”]¿›RÊxpýV÷zâ}øÁ©ç%„éÛŸtö->lúðL=VøX¿RÆƒÁ¡ñH$¸·­á›ïn®zÁ®ºhY8pýVw,–?ë¢Ï-°éä{‡Ê^BEv¾h9IËÆ•ÔÛTY!z§’Dã]Ô»5µ{íÙ–e¬º»ø«£ôS“»z

Q?ˆž?zbñYÙ%m¾hÛÐu‹D¶ð+°Ý NàÉÐLNH™™R¹`ÐïXôÅHÏÄòOOÚ†®“ ²¹¹Ä¬&Â>çüoÓÊÏÅ*ç‡<ó?CÛÊ¥³¦£<àa_é_:¼‰:öPtEÓïTŽîvÒÝÔËrSS%‰Dææâ?‹vùˆ³hzŠÒ›xùNcÛ¶iš6Ë0,Ã³M-EÓ47ñªÇƒX,±ðøèáöÂ¢H8‹Ï*Šª(jwOÿ3XBÓ4¹÷Û IDAT]›?`y?§ÙW¾KÕýìT½lLßþkçlóñs?ù¾ËW±^NcC>}ôº"ï>üÓ=A–HøñÂc¶ºB2vÎ÷?ï(bÝŸþ ”U¦àÓVÕ¹ö„Rúü¢?­«?ÌÇÝßÈí®`õéÛ_ß?ËÃ¼zûªÕræí&l€W?:GãY""b©,D'ØCý×6ØL×(™!‘6Û¸?Ð©fº>E÷7WÂÎaÛ–iZDŒÀ±WHÛòÚ:.Z¡ô½²,-ž]°«6º¡`P0|ýÛá…ƒ†Žß(+ë8ràû+;Ù–lïheÇÏe"…ˆ”ÿŸ½;Š#Ëóÿu÷p?;ˆq?@’Ð-¥*•©ÌÊÊìÊ®ê®êîêcËºwfzÇlvÇzvgmÌæ2[³™Ýµµµýck·z»»º+ëÌÊÌRf)KY¤îD)$’H"    îððcÿˆà?H?à÷‘þ<<Ü_¼¸ÞÏß{¿§8ß<^ad°{¦ÿ“Ïï>¨Ø[&\¼%ì~£i¨E·>»u?”·DÛö£?@½òë¯øw8rgïË[R™ê¡PöôL”ìy½&@2÷úG}ãå­ù”ŠB!M"‚s½s¸ñÝ:èM¨®®ê(c85¶¥ÛlTU•e…aXžg9öåhn”ð ‰E¢ñùaØó<Kó-1÷€1VîÛéÿôV?¹üÍ}yó+R:Šò?©°Íj/ÀH`á@Pƒ±¯nO¤ÊÃÄŒ±Ô¾¶0¿ˆ£
ÀìÚ¦½Ðù…¸Íér»
œ9:LOŒy#]=# I\8¨ÿ€B!š‰:èh?}{±Ýˆ¢vé Ná»`Þ†ãåph@–àÅ¥?t?Á;¯À
Üù8ºEf ají·Ó»9Šp¨ì‘#Dm(3? AË+h¼wqf$«õ°^TY–æ%Š²”–¸?}ª£àÜÅku5å†<c‘H,5¡¬¸àêõÞiYÉiß˜vÖ?­˜ðOJé[ª"NÃBk.¯-O¯;Y[ÍñÀÒ“uØ¼?‡¿Y
ø§½ýÝ«%'çpX+væ§ŠßÉhø%J!„²aTÔÃ
@Â`åÀqpÀÈ2¢"P‚wª!bQ#Ü%8Áãý^à8psMÉã­(ÕBc0³y8¡àý¯€¼Q?%¡ÕÃmÇ­BX€Šh2“žUÐ—“¢¨*Às/Sl?åðÀhÔG¢ñ<§-õg${,ÈsÚ"Ñø?#2táJ dß‘í¡îÓz,_kLõ D††ÇÊÄ=#8g›¼%¿ {ðA ¼Ù%J|zF´Ù—¹ü/ÎLËV»ÙQ`vècžó‘Ê¶•ðg‡½;Š*, D¦‚pX…*9!„BÈ:°æãÏ\3>Ü¥î–p½+=Sy_ æÇ{Ý`®À»å°º°«7Ð\ƒR-Â‡sÞzy¹¨Ü…1€¯¥ï*ÊÅÈ$®–àOª!ÈèëØÌsTUe†ã^¦Ø ËáAj‚ÁâÙÉ?™Ÿ~Pº‚¬¦î]úlaé{å›ûõw.ÜCýþæ<y-‡C—.tž8”ÀQ¤x¶ýŠ¤$eíö}û·iMQÛÁÈ…+ç.³¼ªÀVx m™ð@‰ùïôünRÑëX1WSK€ºÝ{®]?óÁ}NË&e¾¸¡Éf^²÷Ùì4‹‹z®$M“Çe»„?ìQ‹aä!..Ø›YÈbdÕ@`®¥D¨V0µð?RÈNìKoÑàLZðûf0?<_Õ—S*<ÈÔ<ä5“Íð ®¶</×öô}ýÊ–LÎkþæ«ÍOlm>™?wS“·ëèï@d€¾p÷kÕ»‹úzxGÍñ7k H
£Ig&Íküö79 §rßáJ@QvþáŒ±x÷áâÝŠ"?ÕP\@6"?×ÄâI
È<Q”´üV˜??}œdÅ¦WÌŒ§G-)‘|Úce`À=ë—$C¦Ôßêst3`À¼|ñA–çä:Ÿ¬¯%Ç?­¸uÏ.ñp–Ý(“½yœÑ Ì†§gÂv«)Ûe!Ù
ÇEÉ±²]?,Óh81)<}w“41)i4[=lžÌ9s—ÀÌ*fÍY4•NÄ™EÙQÍ„sÐÀf,Ú?Û‰]²Ú€¶à¢±üÀ‘’g†½„l:<ÏYsL3³‘é™ˆ^ÇS7Â–%ŠIQ”TY±YMü–oéu|$šr¶à¯!YZ$šÐë(½HÚõI”–ÀìÂ»M˜’‘—›žŠðX
Tï ¼¸Íxg?¼AÈ,6¢øÇNÜð¡¢z'¾½1˜m°Æñ??À„*áà°ãòb§Ñ~?[Ï’<n+~!²<Í
 [”Às6«1I„ÂñÀl$ÛÅÙº†™dm?PŽã´<g4ø-?²€É¨›œ
…£qÓŠ²’M.?K’bË¡Ìäi¡\ä°¿V'¬T„è¸ñÄ~QœîÅÉ¸?(MUžŒ©Ì@hí<Âl…Ù
¨Eà¼Àu•@¯ƒ[‡Øó¬íKÖËVÙÊxgÍÙêãIYÌn5NÏD’IÙhÐÒ(£-KLJ‘hB’»u3Ç§Ï>íÞ‹_àâû0ØG.¬,&|‹ÖH.€€Œô@¡Iœž(Íâ,a¤ïõ/q„‘»xï.Ü.èn¥ùÊ}BÙÒ8ŽÍu˜Ã‘øl0&I²º…'QnY?†Óëxê7XÎÔäâLEh©G‘zQ,Þ/Šáè“?^âó¼¾µ-)YB!0u&#?/"dEJ`Ä8î"k%Éº¡ð€B!„¬ÂûŸe»d=Ñ]B!„BH…„B!„dŸ¢¨‰„˜LJ$IN&%UU$IQ|êzukŠÂB!„B²/!ŠÞqÿt `ÒðŽMŠbRV”qŸÒ?“±bPx@!„BHöII)†#QÓ3Á )Iª¢fB³¡pÆŠAá!„B!‹ª¨Š¢d%Ó2e."„B!dCP¡&“R<.J’,ËJBÁ0’,à3V
!„BÙFU195“LJ?Ù?””†=ãŽÃ&£>c¥ ð€B!„?ìxM®ÓE†qÚsT€e0ÈuÚì6KÆŠAá!„B!Ù§Ñpv[ŽÍj„…¡DªªÆbqž§ÁE„B!„l%bRòù¦$Y.p9ÍfË²dYñŽMò?ÙdÈL1(< „BÉ(–?’?Œ4[Ëd»«!%¥©ÀìÌl8?8?+¯Ñ¨ª
EíVê=¸z½wø?wþÏÒ·Ñ /-qº¬–‹B!d]ØÍð³]ˆ­ÁnÎvV‰ã8‹ÙÈ0ÌÈˆ/Kä»™V”’ýu†x?F}i‰»´Ä?Ú‰ÆÎ]¼‰Æ³]4B!„?µWîÊv¶Œ—®ªY†qØsÊË
ÍfƒobêþðèÌLPV”Œ–!“'[¹HdµÂD×¯>ëšXƒSOÜøìçç†"kp$B!„?%ì,…3syh¶.§;K³]ˆÕã86Çb*-väçF#ñ¡Þ™™Œv6epQJY‰;Õ“‰Æ÷´Ô•Íõ$d^^uË¡ˆ6s©e!„²õ¼Ò€ÏoÒ£uä´à•†lb•†á4\jF²^¯ÝæÎÓëµÞ±IIV4—±blˆð ‰?½p-u{rrú“O/¦n—–¸÷´Ô­úp’˜„†ç¤ÿ´(Øór¨J2)q¼0?=EIŠ2'ð, JÁ€?£ËfNß+˜œ‚&Ý«¢*ñàt@ämŽ»h‹¬]ØŸB!d•Ìz¼½·†qß‡éÍT^3,»å®—²ß@ø¼\»VàEÀ²¬Ãž£ø‹Éb6e¬"<˜g4ê#‘Ødâöùs3–‚„ÌçñSž[rEË7êM¯ž¿amù½z;$\ød¼äÍ½ÛÂ_?½4¦ä9­IÿåÓ®ã{+?˜¸}þ¿½+‘‘/.ô{5Ö«ÒyUÞqt¥0Ñõù-¿ÝåÔÄº:”íG÷V×æ‰B!dÚYúR¶bÉº
Ìgƒáù?UUUT•Íàeé?ú£‡Z‡x{û_ôXóŽ7v8(yÝ¿¼æ?¨¯/)w^ïŸª³;=#þâÊÃÚÐÝ‹£\Ýþ•FÁþKŸöŒ”ì/š;„ò°¯ß—·óí–|@RJòÊÃk=%{^¯É?Ì½þQßxykþ?½A!„B^*²¬„Â‘ééÙ'ïÒë CV6PxPWS?Æ"Ñí=€B§ƒ–g!ËØ‚¢ªîî»c5Ž‚é¡©ª-Ÿ?=ê·¤¯ÿ[ìf|5À|x0=1ŠmmùéTR¼†‡bÈéêIâÂ±@ý„B!äÅñ¼&×a[rù3³)sMÎyÆêkËëj+&ý?bô8ÆYV­ÿôþÈNLßÍ)ûº5EžÛA™óÁrD" ,Þb-¬Ø™ŸÞm'£ÉtZB!„²I±,«×iyÍ³?>s?öºTT`0¬Á„'YÊ*‹¿êo%·56ê®’üþ÷Ç+óyÄ†îOð%?NÀŸÞÝ¾­„o¿?,ª°0HÎÌŠVû¶þì°wGQ……”ÈT«ðŒ³B!„²b2ùÐëóOÍ²,ÃqÜâùùÎü<GfŠ±?ÂƒI ¬Ä=ôÀ;99½.'ÐäW•÷{<…U©ùBñî¦ÙK=üº—…Âå–«Ë[<‘ÀQ·»­óú™î+kv¶lÚV·{Ïµëg>¸ÏiÙ¤Ì74Ù¬Í= „B!/Žaáp4OXÌF»ÍÂ|*Dà5™k´3Ÿœù<c'[ÒÏõÙrw=gbÓÕRËO_â^E‘Àj(.x‰y}?\GN¶K±"“S³n—-Û¥ „BÈ‚6$$IfYF+¬´e¯ªˆ'ÓÓ³“S3¢˜4›‡Õb6j8ŽeÙçH^”¥ã‡ö¸qãÆJößµk×†è=¨«­˜ð–¼+C‹£1ìÓZúKÜË²Ù¯6B!„²©0ô:mA¾3Çbšg‚á‡£9c?Ëi0è2VŒì·sëjË×¿ƒ€B!„?—Ë²&“A£ÑH²ìO$D›Õ²µÂB!„BHŠ,ËÁPÔ?5ŽDö›ÕœÉØ€ÂB!„B6UUÃáè„?055+Ë²Õjv:¬ƒ*$IÖ,•ðt=Px@!„BHö%ÄäèøäÏ¸˜Lš?†x\÷M¥îrå9òr3”ª„ÂB!„B²?ô:]¾ËÁ0Ë0X”©ˆYuÖ¢çGá!„B!Ù'¼;ßéÊ³«Š*I²
5•Ñ”a˜Œ?,¢ð€B!„??aŽãbñÄt`6Ž©ªªÕò9³ÍjÖpB!„²ÅÌÌ<‡£,Ë²,GüS³ù.G¡;O+ð™)…„B!„dŸ(&½>$säZÌFŽãqÌç÷§–KËL1(< „B!$û"‘X(±Ù,%E©ÉªªêtÚþ?áÙ`85e9Å`3pB!„BÈÓ‰II–­ÀÏODfÆ`Ð/É²š©bPx@!„BHöét‚F£‰Æ1™Ú¢(j(I$D?×<’èt=Ñà"B!„B²ÏhÐçXL“Ó÷‡ZÌF†abrbbša›Õ’±¥(< „B!$û4.ßåÅäÔô¬jFUUx~›;Ïfµd®;!„B!d9É¤$IR^®Íé°FcqEQx^“c1YÌFZ?B!„?­%!&}“Óf“±x›KQT*Ë0,›é©ÂB!„’}ª¢$I?eYImQTUQd,Ë²ì–™š<é<}ƒAo4è2UB!„B²C–å‰ÉiY–Ûžë´9ÖÌ”!›áAoßýÞ¾Ágî–›kßÓRG!„BÙÜTU?'ÄP8úØö‹)ceÈnx0¸§¥®´ÄýôÝ>ùí¥ÉÉiã³v#„B!ä¥Æq\žÓ¶­ÐõØv½^›±2dypÑ?glÈ3öô}"‘Ø
Ž4Ñõ«ž{óq¬Å]}¨µÈ˜©±?RQ/dj„!/¥p$‹'%IV‘±… ×F£áô:Þd¤îM’i›àDž›ÛeËvÈzaÆhÔÛm™Kcú¤,‡““Ókx´Êƒ¯6çÓ·:®·÷Y¾±#g?¿bþ÷`¾0„?GÉ²2=ÑhØ‹^à³?êEˆI)MLN…ìV#ÇÑ:ô$6Ó'ˆ²§áÌf£^Ÿ¾ä¤ªª$É* á¸ŒÍKÎ~x?›kæ¤‚gÎ]^‚Ö^^dì™ŽìÈ1BQ¢!ÿlR°Û­Zª’LJÜÂ¥}E%Y#ð?’
Ë³±)_ŒKí©Dn§¨J<8?µ.›9õp%)ÊœÀ#2åÁ’ç0¦ŽŸˆbRG}„<az&¢×ó¦M1¡Hà5BŽ&?OÏDræl‡l›éDYL+ð½ª*É2Ç²Ó? orZQ”\‡ÍaÏÉØÒYêkËs?Ïè ;{ñús9aôÊD×é[–»&ÐÙ?¬lys‡éáÕów\m¯W™ tïÌg?íoîÍ{xõ“®@bycìa‡R^ãœðÆ¬©Û‡7ç²HNt}~Ëow95±®eûÑ½•ÆÈýË_Üa-œÈ:r’Fn¹Z?Êõu^ô¸yeJƒâ–Ã;ÏY9„lJáH\£a7YËÆdÐ%“r8§QFd½mÊO!$E–•Ù`ˆã¸Ü\{,–x8ê›†y‹%X–yf›y­lªNÉ‰ÁÛ]c G§L°Û÷°,»ëä±æÔrÛ¾úà’wbG}I¹óz÷ÈTåƒ©ao¸¸¦D‹1gç«5Vc×?»è^?^oa0vý³ËÞéæ\ûÃžž‰’=¯×äHæ^ÿ¨o¼¼Õ Âæãk%:`»ùÂ§Ã£ñâ²ý'´]¿êAëa\DÈ“bñdŽEŸíR¬=£A;ŒQx@ÖÛfýBRngƒ»Í¢áX0
G]¹vkŽyè?70ÜBáA$ïíÌsÚrsíóyNëj+ž?“©Æè*Í¯jN
’Ã÷GüA?"?uØ‚¢ªîî»c5Ž‚é‡Tµå§9¬V8pZ-s·U¦'F?¼‘®ž?$.‹ÁÀQàL”ã5Pðx–ZBÈ£$IÞ”£¥^#Iô@ÖÝfýBRóÙdYæ8Ža˜P8Ê²¬ÃžcÍ1??ûÅ¤¤¨*ËdbÌúFùŠ1¹?Æž#<È«¨ü‚ýLÿéÏ§ËŽ6í4qßŸx?ÆYV­ÿôþÈNLßÍ)ûúüàŸ§M+d9¬…;óÓ£¾v2+I©DyÄ&Î²²‰ŸÙ8èmFÈ&¦Õò?ÆffC¡PDx£A/+J*0ÈØlÖlæÙ0õ“?h4VVâN…e%îÔÿÔŒäI`ø?7}?VxR9£Ó¦çAœžÎm¶”UOµ÷ø·•­,
±o+á{c¼À¯I#ÒSž™ÅŽ‰éYô5N!„BVÂhÐÛ¬–Ù`¸ïÎP(Í±˜´Z!ŠH’¤×ë2 d³÷ ´Ø=ìñ>sáäÒ÷3—N[–³lOÁõË§Îéµ[‘ya’°&¿ª¼ßã)¬*Xi€ä¨Û½çÚõ3Üç´lRæ‹šlÖåk,ÙQp§ãêÏ¿‚µaÿ‰Jãsž?õ!Çþé˜p&»Ó¢ãæ¾mäxZž£\[Ÿ”%VÐe(…Å!ý¾?@0»œ–õ¯[U ‘²ÏkÜ¹,Ë„Ã1‡ÝêÊ³sË0L®Ó–É•˜OÎ|ž±“e?ª(x,]¬8tiQþ¢UP¬fEA…¢(,KyÐ7"¯/?ëÈÊš«695»–Ëß¨Á{—Ïžë?[ru€hÜ/[ö?ÖT |W~ØŽ·¾ÛöøB?kÌëlÖ}Öì©ÉIQfaÙ†£ïê{Þ¬~çû­ëüZm¢ïfû¹ŽÖiÈ¡HÐXtðh[??_Ç“ú®ýàžãEÜÄŸ B^"+lHH’Ì²ŒVXéåxEQ¢?'$IÖpœ†×¤Z’Ç
<ÿK$Déø¡½nÜ¸±’ýwíÚµ?æ¬/æ‰Fúô½[SÖ]»Ÿ#I9Ë®¸Î(6 ?ÿæïÚ#ï~¯Ñ)¤·ˆþ?®É0
^ò|;RRæ6O¿Glðì?†J¿÷Zõréi\ÍßúóVXæ^²Jñ¡Ëçz-{¿÷z©>õRå?·»FÆº†„òQ½c“?Àüpx0£Õ
y¹6»=‡ÅÖX÷ k,•'ßÐðôÍO¶ÿH¼î@½sQ»RpV·9³Y¦UPãÞgÏ\çÚ¾s¢f~È^läÊ§_ôLÉç¬Ù{â@©y³O£áW|)Š<‹8>4¨køÖ\l€áÌ…­»³[*BÈ–Ä0ŒFÃñÂBU‘•ÀL0‰2›ë´f¦[õF#Ph@¶¦h"‰§\~PâÞîËýþtÅ5»írÏ·™b£Ý¯ygds^nÕ®¶† ûzN_J6¿ÓêNQöv~Üg>v¼fn„¤8üÅ)_Ñ[{‹^ôRwläÒ§_ÜƒN‹Å—Ô#ý.z
?þù;n!éëþ´½½ßþNmæFg®ˆ¸×ÕÕ3øX•Æ‡.ýÖSx¬1yûÒÍ‘Ñ8_XVpoµUã¿ùÑå»Ñ8ÄÙß|Ô jßÛèy¿Oäz/wÞ-<ñ§­–¡‹¿u¿q°"U±±žŽƒžÑ¤¡°¨aÏîGúëma{®³¸¾¹¹Ü&l…Øéyˆbrù;—~?ˆ¯¿¿ïžgr<[^a]Ûîô`¤‰Ç_/€ˆ·»£óîx$ª³W7îÛéN½vrÌÛ}¹óöhg}Û?¦T?^lðü™ÛhxíHÙKÞ­GY%AàÝù¹®¼…Ù²Š¢LMÏ{3³¸?ú“?ÍÌ™Ù8B‘øó/¬‘YÑXÂlZ«%?VÝØ¥Ëý!­ÅjÐñ<÷è ÆÈÃ®!Ïô$Š[íil(R‡.}9b®ª°k„Îüäººóð¡ÃÍu¥öpïo/ûr·[4&M¤ç²ß¹³ÈÌ€øàúéÛãCÁÎ|Cê˜w¿üR*Þ[i[HB‘øó<#^kÉ­j«Ñ>¼=cÛY‘î‰w^–ë_mÌåÎä¦.ÝU¶Wåj_¸¦žÏOMöu~ØþÐ½ïÕ#{öÖ•š&¯|ØÇï(³rHøúnÝåÔïß×ÜZišêùòz²`g?ÓYZáFû’•'_mk¨¬rY86òðb÷°o:QP¿ûÀîb3ÇÉ“w:&r+<»wæÇ?ÌîcÇ?ìÛYãû>¿pÕ€©îNOTíØþ†E–èÝ¡D¡;‡<>‰3Ô?ö+ÃœÑf2hµ?M-[ö„¿ÿš×X»»µ©¥¾¦Tï½pÆëH}Â?¿^ldàôû]JíþÃZ›*ò„‰;>cIžä½>à™žU‹÷´h¬.fœýü¡eG¹]H?ƒpU–Ú–¸„÷œŸ BÈšZaCBQT†a4OK?ÿ†a8ŽÕh¸ùÿ<¯Ñi…™™Ã0N‡mµÉ‹dY)/Ù`|||%ûçççg9±)!$Ãô•'þèk¥òð•ò‹þíÏ~~úÜMOP\”~W¨nk«°éu¼ÞY·{?äŸy¤§#P³o?Ó(èx³«ñøAgï¥Û~Î¢ÝÈýñÔr`qÏ?¯nw­Ð?âO3èé/­)^“¾:?ÕùD°pÐƒóÜ÷³`4qÞHt-N¶Vbƒ=]öÖãuN=p:WÃîÆ‰?û‘ô½‘‚Æ#.³Ž,¥{ZÜÁ±ÉÀéx#Ï?ã?:^ÐÍO¨àjÚÕÚôºG§X¨¾žË³-G÷[8œ­b_SÎõA€ØÔd ²¶ÊÆs8£³æ`kñVí-~ÎÕüÖ»ûì“7ÏþìŸ~öƒøÅû¿û²ß—~‘žò
:Ž¶U»Ì:^ÐñæÒŠ²ä¨ofá˜‹^/Ù{«{´z÷ÁZ—YÇF[qË¡ºô„F¡fïÞÊ£ 3:ëš[Ì> ¯8òöÛÔu@ ªj<!&%‰ÍàÂôsAÈÖ¢/l|¥°€F¯\ø¸«xÿw—¦.Çç;Fæõ9Ç}8èKíÎ_èò‹ŠCÃ318õÎÊã{ÃÞ}…E\|ôþHEã±
ÛƒßŽL59??ú«]ËÜh´"¸‚ýqçîýp(ÒÒ¼sñFïØD(Þ^Uþb’''ýNc…Ô;·%–ÐùaÀ…¹öùº&x#Q`™„…KçªúG“öª„×;:È?Ù\úÂÒâŽ/NóM%¹¹›ž¾ìŸ‚á?{OTì…*‹Ñ ßs»ãÓ?{›Ž¿Û`{ú+˜Î…ŒÎLŽ#™¿°Îâ×+˜?Ëò—úä;ŸèõVŒ‡"( \Ø„l]’$C‘x<‘úS’Iijz6™”,fã–X÷€’EœÎâ¬húº?}ÿýÏîÒÊ§ŒV?DÜ“é|%Ì…®Ë#£mE¹žÁ©†fc1Tévß×äÔ{b-Š2—×=šWÿ¸;wï˜?¼c§>ùÝÑ#mKîÜ1\ÜÎWj9 IDAT;ž72ÊêJz_¿à«ÙEôßG>À|Ã¸6<Ç1ãÿ93w›ÁÿzfÉ»ÛáŠñUï£çœ¿«˜A÷6ŽQòÌ‘ºü‰}¥žõ:ÃF›»öÐ;Æ‹?<;ìkÈ‘ÅÇ~'õÅ­G9âC>jº÷ÕVØt¶Â|à]æ ¢‡ÀS_=!äÙ’IÉ?53Hÿl¨€ª¨ƒ‚|§Ã‘¡‰²Å¨Àc—xáÙ#õÍ6zü3pÏ]•gü£¼½9u•ÓRV_Þ}ÏSêŸ­Ùï`.«-þÙ ·D3^ùêº¦E2YŠ1ˆÀe1–‹Ü«?˜¼½ª<ŠÌGó±Á“]31ý/{êÆ‚Ï‘™¬YeÇ‚æ± ¹w<ï÷{­úØšú‰ÏÇ§ºÓx³?DW¡ûñ(7æé°üÃC5¦TáäûËÝæØ†þÉ¶½,9Â!Y£Ñp6«YX”@‡cY½^k6µÌªC×3Ù2Äáó?þè|Ÿ/OM€ôuqs¼¢ºøé…¢º&ùjg¯_LÇÛÙ1ìl­ž[ÎIW\âº{ýr¯º£,ÕþÑ–?\ºxOßP±f"UãI1ž”!Ë©*`,®©ÜìõŠ* z»®{Ë*ŸñT–ÔÒ¼s{Uùµ®[ç.\Y.6@±Á14ÿ²§nÍèùù?Ow{1QUŽÍ^º<hÛUêœ•?…?ž¹ù"rÄ{sÀ¯ºôO§%gúúz—=WXUÍ]¿Ò=‘ÎŽóxâO-’èë½~­×÷”lJ„?Í‰ç5:?Öšc*,È-.Ê/.ÊßV˜g4êE1™”¤`mPï![†Pºï¤ÜÕ}ùýËs£y¾¸áÐír?+ë(çj~íøg?þÑmÎˆ¨È7cÇÂez¡´ºîìEÿ?¢¹ŽO]q™«ý~ø`áÚå?¶ÿäZjLÉè¿¸ç‘ïœ¨1êÊµŸû»¿•ÎÕpèµòçœÍ™Yt­ëÖr±AÇp1ÅÇXÐÜ1\¼6£Œl?oCG÷ï~|&™Ž›u–º='ß©²€±úÄ7Ðqñãœ?Áˆ¨Ì—ÕµÀ¸v¿YsúÓ_ü½Îhçl©h„¹3py­o½ÙÝ~æWã8CqõñÜ§)9ëé€¹¶ÎE)¸ÙZ$I÷(-Ö±s3B¡è„:ÏiÏËÍÐŠéÌ'g>ÏÌ™Ù8V¸úF095ë^zRê‘Å¤VV9/@•ÅÝÍ&ðúkÿŒdYf¹u]5ù‡WZ)<ØP
,¡ï·][ÛcÊñ¤¼Ü’srR”—øÈÈbüJWì^ÕÎËY—O!d•VØ??$™eíŠW²œ™÷YÌ¦íU%Ü\:Ôé@ðÎÝ»¥º²dµåLˆÒñC{Ü¸qc%ûïÚµ‹zÙ¢8?ž6>Ã3×"Ç­÷è‰å“ÙXÖãátË.8~Éhš[ÍhàUíLÙ‚1)É‚ á-•`0èx^#&%EUÙŒ$/¢¹„òl+ËSD2‡^BÈæ£Ñp,Ã$“’¬(óc±„(&9–ÍØÂ÷Ô{@!„BHö™Œz£Q?zÇ&-f#Ç²1ùpÔ'I²™Ö= „B!dK¡Àåöx‡†Gy^Ã0Œ$É’,çç9öÌÍ™¤ð€B!„?ìc89,Çúý?H4®(ŠÉ(XsÌ¹¹6½îÙË­
!„BÙ4ç´çäXLRRRU•åX?çÏTÎD2y2Ba_·™²
ô"dÓcFà5ŸµV:e~ „d”FÃ‰ÉÌ-ý¸‘9-h®@¡#Ûå /úBÖ…„?ŒÒëøH4‘íRdŸ^À·à/_ÃÎh)>Y1úBÖ…„?Œ2u’¤„£ñl$›8ß9Œ7Za7#&b…cJ3•ÑŽlhô"„¬7
!™f·c±d`6²5ÇHp,j‹ðgÇa5âÇçp¡+¹¬×âÛÑZu5ly[üDYo45™’iÇæ:ÌáH|6“$Y…šíeT¾oïELD{Ú{ ®ìÙ7–âŸ?ÄÀ(þÍ? !­ôQdSÚâŸ Àí²e»d3£ð€’&£ÎdÔe»YPíFcîŽáw=¯x„È]/ú¢${«ñi×ú–?¼¶ì'ˆ²Þhp!„dT}òrpsƒc«xTTÄÙ[0ê°§úÌ­?C!$fcÊ½)QoÌXG!õBHFí(‚–ÇÍa„b«xT,?±Æ¦‘cD¾C¾u,!!„?lñÎÈ}cÉÑ€$h˜‡¦¥D4Œ¤`"(w%ªòù‚Îªg×5Y…„’Q%ypoÊ*/M‡ŒÂ¢‡Å°NE#„’5IY½ë“¾¼Ÿˆ‰©Ÿ5K2€–gdþ?<RÑDž™k*
r¸õ+…„’9Nd3Hòª;€Q?°¢LGk"/?e?d|9?¹“BÈÖÄsÌLT‘?'’dõæC‘çQReDÃ)’P÷Wjmë!ÐÜBÉ»¾øƒ(°¯ú±ÓalsÂfÂèÔ÷¾÷¯ÑþŸq²e
y²íÿïýk´Tâü}ü«·±£hK!ä)d<Ç$¥Gz–%11Ì'”Ù˜òøã×õ²UÃ«êNÖ‡$c*„â\ØÐ7²ºÇ–æ‚ç01“¹ù#~œéF"‰‰Ù?qUè-M¶,‹IŸí"?µ—?Ô@Tó¬9Èœf¶<wÛð²UÐÏÉF01‹HÅ¹(°C¯ElÅ}??¥?dô?\Ý÷Õà@-\îCGzcmŽÔ!ÏŠ»^|ôe:Þ(sá{Àk0âOïvWÀÄ?Z„b8º*ðÛ.Ü~€Ô¤·Û?kÁå>H2MæF"Ñ[š²9ãJ(¦Žå±y>6`èx&&ªY]3¨0ë;ü‡ÂBÉœp_yÐ¶?¥ø¼gá?ÛŽæ
ÌDpsx§ûw€×š¡(ðN~Û…ÿô3ü·¯ã»G@VñZ3^Ý…¿þŽÔã¯ß„Í„„–?†E*ÉÒ¿zþãOñ/ÞD¾ª
žƒ†Ã¡øÏ?€ûmä[!JøÚ.(
¢üÇŸâÚ½U×!„lMrï¨I¨þ°¼xZšQËÔ¹…<76+?ÍÈ£?…ûLKÕa¾ÀÊ±ë“¿ˆæBHF}Ú…P»Êñ{û ¬ìÏaÏvÔãÞz=+=Ñ+8¸cÓøçÿ7þôÿ€w‡êp¢—úð¿}ˆ×ÿ=ÞüøÊƒ¢\Ü?ã?°ðË/pìßâý/–ÎªÄsøä^ÿ÷èõÀnBC^k†ËŠs·ñÆÀÿõ1-ÞK!«#ÉðLKƒÒøì#±Á6÷õFCK©°ÍÆµ”hVé\n>™i4¡v':‡>i=JEá!„d”(áÏB/àDšÊ¡ãŸý?ÅøÎaØÐÞƒ+=QEôZŒpû†|¸3
??N«ÚR‰ÿ÷¯ñþÿ„í…`p,ÜvˆRz:D×àÒk2¤vˆ&0äp,ò­?ùMàW˜Ü?S!d#ó‡ÏdÇ±(°rV›bÄ±p˜Øê|Þ¤[è,›‘»=âW^qµ9²W‚ÂBÉ(QÂÕ|pZò
Z«À/ß‡ åq¸ý&f|~ŸßD8¾ÒÉ
 ‚™ûš×Î?å¯^ÃÑ?Ãÿy
}s3À± hÒ7ž)&‚eÒN}ôÂJËF!$µ:ò“+œÉ
òs4‹·ª*,z&SoQ&*®}|@s!$Óü!|x,ƒc;ñ?¼ƒßváÜm<˜D,–Ç")AÇ£<ûjðû Õ ó.~ðé3¦üj8­ÇîªôŸS!ÌD°Ý?ï½MåEqûÔBV0àE$÷\~Õûã(ËÇÉÌDðî~˜õ˜
=û‰Ü~€=Õx£yV”å!ÏŠ© ü×?Gs~sÞhA× Îtã_¾…hÿË/pcèE+?B6‡«a¡á +PçÚù=;SŠìË(*¦#Š aÄEiOIaíçPx@!™¦(žÀ‡W É8R??y'šqwwÇ0:…D6ì(F?ItôãŸÎÁ»Ôr‹®_øóÔUü};þâUü³“0ÅO. £ù6üåkøo"‘„?ƒþ®v4•£©žIÂ+z"?:‹¯5¡m;z=à5éƒ6Ý_aÐBÇCÃÁ …ªB³Ž}BÈKFÃ¢¡HÈ·rüÒüäãP\¹3ž,´r=Ë²`XöLIâ£K"¨*ìFVQ±æ”™OÎ|¾Æ‡$dÃóú¹Žœl—bE&§fÝ.[¶KAðŸÎ[?ÃZh­Ä«»°£v4$ª
–…¢À;?¯Fpí¾¼ƒ@xééÂ+ÑZàñlBûj0À?ï‘?µE0jW‘w¨Ì…ÝU8w³8R?ó.âIüÏÿ¸ê%žÏ¿;q6§!„?'¬°!!I2Ë2Úg¥¡PTDê/¯Ebs#…´<ã²p¹f6×Ìy¦¥¯F“‹÷4ŒÓÄ**Š„Ê¼§<!JÇípãÆ?•<¯]»vQï!„dS0ŠÏoâÜm”æ¢Ò?ŠXÁk0ÀýqøƒÇT(?™ô¹-ÙÜŸ_a±Õ6ëíÀ_¼ŠùIðÀàôõÅ„²i°Tyî???‰(‘T=SÒh²òx§«IÇ4lò,\Žž5j×%³)…„’eŠ‚û>Ü÷Ýé-‚QZŠº1ýè,:ïáµ&X?d\îÃùÛÙ.Ó†º>ÝÖXçZAŽ*BÈVÅ²Å¿$+H%?]À`›MSëæµšõYò ð€²nä¤˜§å¹çþSe1¡@Ã¯pq€ÍD\—LÖë¢od“v<÷ÛO•ep‹Þö1_÷@À\»<¾Ãæ$Ç“2Ë
Â³çšÈbRVXA·ÊY)Ï¬Æ­QÏdÓšL®$äØøe]‘­÷«KY¡ÈÀéŸ\[´g(®>~¨É­‡ïê{Þ\´§ÎRÕÒv¤Ö™þy?x»/_¾îIÊÀ9+ê¨s‹ŽYÔú½×ªõ?@õ;ßouý?—¯ôSyz8£³åèa÷È¯9éœÆ·¾ÛæZûgO6¾Ó‘æ™?–yW¼m½ñÑùEqgtÖ8ÐVl\ØìûðçÝ¾¼¦ï~£Ö¼øÁ/öö‹ÝmÿQŽ¿{¢Ò„ÐàíÃ>>úû›®Æš“çr1Ðúõwê,/úü×X¤ÿ·?qùÎ‰œþÉµÑâÖ?xµÚœj„¤>­Çÿª!|æŸ¾2×¾ûí&ç|ûDöžúøÒ„ëø¯Ô&ýw;/]ö¥2ðêl?‡´[ðØÇ€úèž<_Üpàè.w°ó½ÇªºøðÛ'«?xÔâz^‚8²±ëù‘M?_ÿV±çÔ©›qÛîßnt€éÿìãóþúÉœ¾œX´;çªmzç@u¦NÖ™ÍÈYtl\\è)4`&‘|$fà9&)«ë´Xò<
!OevÖUÚµb“=ý}§>Ó}÷µ©{\UÕ…&rÈ3|÷r;§ÿæ‘R‘?Ó¿¼æIrÎŠŠb—˜êìùp*öÎ;­®%¿oæ?Fˆçëüu{×8£³®Ú®?ÏùúÇÃ•yÕÍM¸;1v8õ«²á–W$€/®+s
D_ßpÏ™ßÞýfCzª¿ìí½é0q»×WÝæš»t-¿ØÛO¹ÞáG~k¡²ïÚÇg‡ƒ:[]S®rht¸<ÜT?_\Œþk]CGËt™¬ªU“=×Ú¿Ê¼y­+­¯»6Ô;Ðïm8X˜®4Ù{»c–†ú2?ì»~êÃî8RÏZ
?Þõöœ98üõ'Ú÷²¯ëÔ‡Ýqð|qm™S'†F†|‘]îÔÝó5Âã‹F-®ç¥¼žçß™``àn9Ðìiïê¼p%ÿ­6¸|Þ#[v=QmD*@ž»9õ…ðôô]…›Î6w¨Z{}XœÉªŠm6.?‡cˆ2®‹É¹œE›?•äõÍGá!ä©¬¥--ÕzˆÛÄ_µß?Ô¦ÚWù5­»S×MKß}ýÓGJ?Þ›Ýž$\ûNÎµ*Ë¿üðÔ­?Ž»ÕïÔ.uoáøi¡¾Î®p‹®\îÞ‰%Œz?sw)øä?»‹ÎN¶0sië2ïŠH?ä”5´Ö@´‹×î?Œ4ØŒ¾Ý+[vÖ–÷õô7»*RMµÐÀ½ýDÏ`oÎmùzÀ÷` 4?ÙVhiE@~¡ƒÞ~O¤ì‰+â?¯ãwWœoµ=2k‚sï¨wõöôÞÞS˜ª´øÐ?a–†ìëèŽƒ/=ù‡û‹5°»®ïôO»==ÞŠýîÅ‡ttÇÁ;?¼{¢&ÕÄoA,×3éÆðÓ?à‹ëyŽÿæG—±ïí†¼ÔŸüÆ®ç…wæ×î×[ýï_ë9×U|X¸tÑkõ+-î…`~íî¨¥ÚŸŸÉB‘ÉúË3smÚÑ€<’w¸ù\3Ç±?$’êÈ´4SËs5õ…¼Ë²îù¡iÕdBÈÊ¨b"@Ð>1ÁR…ƒ€EËŸGœ5¥ó‘ï®¬´¾‘ñØ’‡?FG½ÞÔÿ‰ˆŒ¸o$ ~çÜ¨ŒQ¿¯ÿ‘—I04@Ë§/Øúûº†`i¨mªk°à~ßÝÙÔæ}ûù'¼
?³@ÿ?/û=þ?(¼ €ÞjçÏäô—Ä7˜\g±5ÞóéÙþÇÁÈ©¨/îwõúÁ¡Û÷?òÚ*Ä)Ÿàj+Šç¯=š*k*€äÈè£«vÄ&F|jêk]þ×*:89÷µ0ê?yb¥ðÅõ<GŽNF¢‹FalìzŽÍŒÏ?A_(UDSõÑN.4xê“¾ï<òú2=®r,²â¥ÓÉË…a`7²µnþ•Z]~—Z½žcQW(ì«Ð}g¯ñx­.±õBže¼ç7õ@4î?€«(-ôœz¯g~7ké?íNÀ—°Û_Ó­@p¹W“ƒí§Ó·‹Z¿÷Z¡¤°YÍËìOÈ*øÏÿä½óspù?Í¥<È#ý7“(o®²@jË.ÙñÕHÍ¾"ò‹½ý"Á6«ÌUŽÿ®cpðüè`jÃžãÇòx-…€ÇÖg1)Iª¢ˆbrjzf¹}ò]N­V»Ü½ÏOWzð`îéúÎzÍöêâ†¸®l{)wøúÝ‘gQ`ð¶üž†
ˆ%E…ÖÅ#~xƒ€,?ö @¡uÙ´ñCWÎÍ/®ÝøÖwÛ‰Ð©g9ìóÍÊ@ `Òë•>Ç•gä6t=GzÎž›ûþtùÎ‰TO‚¾b÷ž›§;¦a¨k¬ylÜÔÀå÷Ç8r(Hâà•ƒl@š'.Ý›uŒyµs÷_°™<!ä%fu5·ÔÖW¹æ†Ë¦Ë?¡Á!Ñ}üõýÅ:œÖ„&a¸æÛâ‘™T¶…%¹ß}¥:Ýô`YŠV˜Ë?*&d¥R#¼c£·G|ŽÚ·NÔYôô&a‘ü=×€,›!÷öÝm(ª1
kñöãÒïv?­îØ·êEf¦ÆGïtöù;Nw:ÿxnŒÍd,ñ¬©ª:;”$9×i7õ‘È=p9óºÄ?£éäáÉŸ]8ÿ¥sqÛ„+¬ß—7|©w`h'Æo&‘×TéŽx³Àü‚d4<‘A(µçèÌâ=Qwâ[{òæv^úù¥ëYôöœºàOoKó³Ÿ7n=ÛþÞ×ªæžúütvL@ôÆå+E?ëšÛ9¿ô`uý“ÛYCBž*¿ñ?×ª—œý›\*üüƒ¾öÏ{?oÕY§»ŒÃÍ@ÿƒ`MzîAÒ{ï^på/=…˜ã?:^Xôw~¡ƒþÛ·êòçx¨©ÁßëòüVˆcY¥Ñ˜£®$ùkz„w£ýÜ?ÚûNu:ÿü@§úïÝz»2gù»ü5MÎµ|ûÅ#1­Q¯1Z]VW¡6ñ«öûá`éðÀÌ=ób (Š©¦j,7›ŒO6[5g4V_²U0W{kæÔ‡7ý?n¶TÕ¹.Møº>?$¹ª?e©î!Ï]¯§ØÓâN?/
ßëø¢B°hHÌÜž·ûëÜó—Éc‘øüø"?–VVçúêUÀwå‡íx2?Ù­gŽÓ=þeßµÓý°Ö¾{ÂØùÁµžO;Ý´a˜Võ?w÷Ðt+’!B^Œ£vwÅÀ™ÁÛ]Ã¯”é\uMÅ}×<§ßŸ(-¶p‰‰ÁÞQÖê}ºyÍ7áñœ-g!T˜¾~=8wíÌYÓRj®hl¾ÙÞå¹ö³Ÿ×Ì¥Ž‘ëN|§É™µçä™#cAð´?h’£+ßY(­o±z¯öuÞ¬)ª›é¹‚ëÀ×Í•öþúãK7<;?Å/ôöÓLü3aÀßoÞ¿Wiq¡‰C|²÷>`Íu€éÈ›ñéfUU…#©ÛáH4/×‘c1ÏC‹÷ÉÉ1óšõþç]»¿vpüãK?lJëÍ¾ž™8Ìµ¥sí\cEsÓmO÷ðéŸÎÖÕæj¥°§ßëW| ÑýX#=½§ÿüû¿ªœË\$W¿ûí¦Ôýãý×:¦÷5<¾¨Ü#õ¼¬øF®çÙ¡›×Bs×EœU­eoç¹?œG^oršpôÀð?ÏŸùÜù¯VÓ÷É<
!/HWÖ\ïì¹{µ§¦h¯ÛX}òÛ¦î‹—¯ú‘JÑÝztoµUã»ru œ¡¸îdó¢k`!o÷ü…É°sg©Ypí~ç¤ùËËWúÒwióÜÍùYiT—?AáÁ†b?v+¾¤Ï8ÚJ¯:|µ³[}€«¾lñ`zKU?ëÒÙá®;õÅu/òöãrs?èóBq¸t–âæÆ©žþ»ƒ>àl¥u'7:ˆÁÙ à,\¦?mN$?¿Œ?HˆÁ`Øh2D"QINOµÕjƒ!#i}KÝ+­ž÷]¥„sÕ5Xz.] €sµ¼õæÎsW‡{»é'7<ùJ-ìééð¤–Oip? ÀwwÀ7·«ESZçZž=RÏssjNÅ¢¹»ž“žÞ?ùú¬²U&î]ìqÅ‡¤úRô•ÇÞ˜úðÔ­kí½¹ïä®õÉyæ“3Ÿg»„dš×Èu,;%nC™œšu»lÙ.ÅsQe1¡,^5Y–À­òŠ„OÊ<¿‚uW3á‡WZ)BØ 
,¡ï·][ï³<ÏÛ/>xæŸ¾ªØÿçÇJç.û®ü°=°°°—ì¹ü³Ó}–ƒßþúSìRebr*‘ç·h8.ÏåLÄósg×kFòZ‘’"V¶æ´”•­¯¼`‰z~Ì–©g’%+lHH²Ì2xžÉÒÞQ:~h/€7n¬dÿ]»vQbSBÈºa8A÷Èºï«?pº?øýÆÞKh;’õU`ý~coNô<o?]ic?ÁAÏÂ8ûœš“G›Ýs¹e¯ç¸ÚÆš§.æ†·YS?ŒÙÙ ^¯ÓjF£^–ioš•Å©=W[ÑKÔó£¶N=“??Tªº\ò¾ŠBÈŠXõ±ï·]ë.îÏ›i¦r†qŒ’gŽÔåOì+õ¬`÷lá\Í_{§\¿0æ:ká¢Á¸¢=ï¯×ºžÒNJR$}r{$3›Œ&£!‘Í&#“­«‘Â“õüØýTÏdC`XF‘UYVXvÃ\ëZ
!dö•z6vót%|W~ØÞ³Ü?E­ß9^®Sºhúœ46×S§19®§Ôl:É¦¼ôZ^?™`®Óžë´ÓpªgòR`FeTI–YŽáØ—æ¢…„²Õ¸Ú¾ÿÝ¶l‚,‰a§Ãît<mŸÍHÞÔ¨žI¦0,ËÊ²’LÊÐ ½ò†÷r”’B!„?—Ã0Ëª*Ä¤$&%YV”??z!„BY/Ëp++Š$+²¬0©-™Ö"/3‚îé(< „B!d1£áXU…¢(ªŠÔ¿xÑ~†ç›[Oá!„B!ë?apÜK?ÂˆæB!„BÒ(< „B!„¤Qx@!„BI£ð€B!„’FS“Ù*‚áX¶‹@!dXL´dYG²UÐÏ!„Bž‰B!„BÒ(< „B!„¤Qx@!„BI£ð€B!„’Fá!„B!$?ÂB!„BH…„B!„?4
!„B!iB!„BÒ(< „B!„¤Qx@!„BI£ð€B!„’Fá!„B!$?ÂB!„BH…„B!„?4
!„B!iB!„BÒ(< „B!„¤Qx@!„BIÓd»„?ÍH•¢ôÈF£Vö…“Œ'?V« ‹q‰Ói¹å÷„NË€œˆKlúöZ’ãÁÐxPX“Ýì4¬ùñ3cQ•B!OG¿„?U»ÞuË;æs¸Zšw.½G¬ÿÌÈ™6×8·AV†‚ì¾¯V˜žqðqïùEüØ·¶ÊGøŽç4þ÷o,ý˜qïùþâ¿+Ù<ìþÿºu©ÛkE
xOÿ*Ô-2e6@(0·iO¼VXo[Û AŽ'äÇ'B? IDATN+´(pz´J74YL‚ç9f™»UY”¹%êIJÊÜ?ZÛ£‘y²¯{¼ŠT)‘ÄÓÞÆŠ”?5OðÏy´ÍKIÆUNÇ-;¶C’`µz‡’uµ?{„?
…#Þ1_ê¶»Àe6œ»påÎÀýÖæ?wîÞ7™?Û«Ê—ytÑ¾Âoí0Ìý¥ÆzÞû`üöSYoXæ)ùî¿ùKE£]]I·í+ý›Ý¬nuzªÉ‘ý4j;šÿ7;sæÿj¬óal?ÃƒèÄ©¿?Ô>³ZVeQà„ç­Òuá»úÞi?Ñ<W?Î†×Ž”éÈ?¾óŸÞö.*šw}íx­í‘#5îéüÝùAÙ`?£Já‘×÷ë±‘+Ÿ]¹+YDQÛ{ŠôÖüh[‹Ÿ?{&h:¾T0)Ïv·û:&3§†,¦o¿ævr˜¤Ã“F†?¨Ö=®“;s4?ó?çƒß%$#“Œ ìkEÇJt/p´M`übìÓäÌ}ûøÃU@?%~ûU6C
¡ø~_Ù£Ï\J~õ©kF«þ?¿‘•²“-bÓ}ê!kÄ;6qê“ß¹òRšM&³É˜Š¶W—·4ïôŽùÆÆ&–Åè¶™ªà?g´ƒyÝs4d9­n¹!HÏ#zûJt¦Áþ½Gš&ºüeo­áI2ç¹ªt?Ôz»Íõè&Õ³}ÄýÖ·^1j¤ÿÌooæ}³É±p¿8|åŠÚüÝï¸9@ûòý+ÃùÇJÄ‡®tb÷;RÀIï—§:†s_)Ó­ñÑ¶y¼ûþgSMâKÜ«ŽwOÜÛæþç'L€:óÕà¯ºgþ¢Õ
Ìtþ&Zö­ª·,¾}j¬3ß²/wQd•˜<{‡þ¬zÈSgê½—_^©}Þ£mµ¯é÷>ÖÕ;>Çž¿Ò»5€$vüƒtÿ?4åï@u²S.ãÿø@ÞÊ|‘É–Bá!diç.t=Ò¶¸õŸŠŽi»Þuë½Ÿ}
E¾{dßÊ(+q0¦T#>êûì×±²o”V¦C…è½ÏG‡J
_­0<q×bñ‡×¼g{’“àj›mÇrîð@ÿ{¯¸LtþÔ?£ES{²U?öW[s¿²JøáèÙKñá€j-Ñ;jûµG«v?v¡4¼;ÌìûCçòß?Ñákãï$'ãlQ‘~ßÁÂmfáy½f‹ÿÿìÝÙ{W¾/üŸT%•f[¶dË²läÏ`À3œ†ºéN§“ÎÞ?}ú<{Ÿçì‹ý'ôå¾8'Ï»û=9Oºß¤ÓÝéNwH ?æ0£ØØxž$K¶lÍC•ô^Hžådlìïçá•ªV­Z²åõ­Z«ªÁvë‰àQ2E•ú½%±ŒÁ;,uu®Æ®0i™œõÉ»*uî{­çŸDl±?l½GDëuïVÒäú›__¿K3{[MªI‡G\l–WíLæoÔ„‰èÜg­"CUæ?×”¼öºKŽ¦Þ°_Ãä¬×î­Œ5N´?T†ë/¹›{ÃJ·µ&á#©âîiN-üqt™HYPjø}§µ2u<C„ú:m5ÑŸ&£¸ôÖ?nŸ9Ÿ±tæTì?ÖOb,Z_w³Û—S(OliKô+c¨Ì{—Ä½×œqÞíxÄT¾kØäõIY:-[’6W£^óKM´¯*ª?üï¶‘j½v|3¯»g}ÊáXƒ§VV_ìòæŸ­´Õ+Ð(aöE¿+Xiñ&ßÍ>·xü;ˆïm½})Ò/_EaM@<€ø\.?Z51è?šŽ¼þª1#m``0úÿèp£Ù! ý¯ß9ÒtmÔR•úóXŸ><bã'Ÿ¡ô{Â#?øo?¯òô\×I§üø‰L'¸»O]IcoøO8º¹ßn½ÔçÞ¤?öGNûù¿ÙÏk”G
eDäoëüð\¸êHÆÓK(0ZwÁÞaÌÜ•3ÐHl¹f¶s–î‡§ún)5µÇ2“™?½Ñú×O»Ž¿o63ÑÊ¯\*ßix{›Äoøâ¤µ^¯©Ö‹(0xþ3—êHæ¯kåðô6Ú[©•Ù'LöSŸùò÷gkˆX‘Ão·^èµW$þ¹ZÅE(0G[Ek¢>x$ó'¸-ö{mÂÞÙ&‹å?OÒîc±R
ŒN”àøò?nÙýO÷ËÙ€§ñ²íÿ:ÃÿºGÏFÛ°Çy†—ïÚŸ½‹õÞøÓI‹î½¬DOXð9»›Z¬^RŠK3•DäsØ<ãØ'IŒ\®õQúX×|ØÞ?¤Ý6¾½\¡qØ]Ddo×j&â©\©°;‰(¡¥­­x0çí½~‹—Í¿ÅHT
çˆ—TŽ [£?ÉÍ*•-à&ÿê±…ô)ãŸÉL‡-@ÞÀ³•¶Z„}¡Î{Â?Ÿä¶(‡?X":ÝÄWŽ\%ê¶„'6p‡Ýdœh™^cX[pcS˜ß?»?ãÙ`rN˜s£ž[ƒŸÙýwêÂh?“É7)Ÿý¯šs¸þ³÷`¶YÃÉ8…®pÝ®õ‘ÙÖ•—ê÷jT§ÒgVW‰îz¢E4Õ‡
ö›v™T2Ž“iÒöîTÌÞýcf?Ã÷ÚÏõrûödœŒS™¶dÖšçî?Œ½ÉªÊª2¨d—¼.c÷úH¯ÍCDäðÕkå&K"–S™·˜+µ"b8™RLD%'ã¸ñùˆ’ýár?NÁÍ˜²·&FS´MÖe(Ob9.Zs-sr|ç=gGIò?’dÇÉ4)U“ÌŽzÛØû^Iõ~“IÃÉ8Uþ¶¤*gÀîœcÿÏäáÃ– ¾°,ß|ôÍ_Ø‰ˆÂ”©žÔÿ“)“§~²B(E=ñAIJAˆEHHNšX,•+B”øÒ`\„7I&5¬T?á‰ˆ?di&ýª(Y-Mipž'?fâR LÉ¸ùð3—¶Z<¬„¶¸@¼ú¼.DD¢dõÄ÷#''ÏÔM„,Ñ\gcæwûnã"³ÁŒ©ÉÑóÖ=W?åì2<Ëï¶êå‡5ãDÃ¬êMú‰õT
1ÝD*!`·‰MúIãÉµ2¹ã RQpÄK¦xÓ$ÜŽ?»$Ù41ÕAf23–6ÿØ9N&C?> ‡“)¨i8@¤"½f¯0xê\oU‰Ê W'Ïz·V""sFÒïN©I^’a“.¼Ž*¯ÖNê„hrÌ£­/éDD&N7^Ç¨Hpx‰4³ö´û¶)]Í‘¦r÷Û_:­t1õ?º‰Æú>~ÏÈÔ~#vMœÿy=L4ó0#“.}Þh³'¶4'b{ƒ“Nä]Ã"-±¢žáÀÄŒ"ï )MÇ²dwzÉ[ÁïT¬ø™K[’Š™ŸUK5,ÑÆÚ€íÿ¬ÕÑˆ‹ï–|4-0=Ï*¼Ž+®À<ž´¶‘Z­œœ.]¹ár{°õ?¡ª<\ßéz¶Zð|˜¸©ßXKwzC++&aÀÆÇ}Óˆ#ž±óùÎq2Ú]¿È:°žqµŸúôéÿú¬»WxÞjúâD‹i†°?@,3=OðñtHµé'He*MˆˆH®Õ+?¾àØâ s”ÒS&]ÖIÑe?º¼ã/GGÓuÉDÉº\‡gâGÐå°fë´‰.Æ)dïŒ½GHš¬ •Vªr†Æ¿ù?!Ê?MîÃ&ë%6çøçA#¾X¯xæÒV¹.–ˆˆd"?›"DÉ‘}dâ[Äi?äMNþ*qšŠ<-ó"ëkâÌc``?ˆþôÙ×ýÖñëOZÚ]®ÅÅx?Tñï×ísôÎ³±L#1ôì“ºÔ#¶Eÿ`dºŒpsï¤á26oSÜ5¹”â
ª«·ŽL#Ä”¬e©×oŸXÈÛm‚J¿?NŒÂ°.£jOî»ïçMó]|ì$"b-¢ƒ>ÑV:½”:'×d#žeÂ€\ŸA½¶I- xl½dHIàMUç"XŸ¶ØÇzŠÁ¾ÎŽ\­–ˆR²Š†6;ˆˆ(âlm.2éˆ×`¿Õ-I2ÍúÍ?ÁHt«¶Ö4s¦”HjÈIkiîEBýO;ÒÍiÂKÞm±[œ<QRN©Pÿx”ˆˆÂ#-Î?Rµ?ˆôêr›³Ñ&ïnz,”¯K""Þéè´xx"™I•uwäi BD°7=aLÜbK[UÂÖ¦À??š"?ŽðÓJQ—%Ê¸%tF—ûƒO‹ÌY‘àè:üDÄš*"?¡0QØÿ‹ Q0¸æQX?«V)sçžˆ<7!8ÒÛÿ}ƒ¸ü­$""…Ü¤q6µ¹ËÊUDËmG=QÖŒ?T)RÕO§3R¦‘>¹*£ÿÊµAÃž49®Ö´¸?êò?²{Ÿ[Ï_](ãm#õõþY¾YóNÝÞÏì¿û[÷Ñý:³VÁRÈíp4^r4e¥ýªR»÷ÆàÕÆÑÃåI2Šø{û¾o`ö¾“<ÏÎmƒISÚð{HdÅI“5BcÛhYeRüK³·kJÚË^¼í8¶E+#"ïàC›¦l?Œ4\9šº¦uÜÔ29s…üÊ—ö{&Y¥ž#
ôÖ?\Õ«þýE=.?ÑÈ=WO~ne¤
ÁïR¬É“‘HWùZÙåóŸÿU,%/¥o;´'•ˆü}÷.uä¼q¸P)ÍÙñ#×wùì?BôÊ
0K‰ˆd9»ö»Îõ‡;R…?È•î=½ibK[[,÷ZÏ?¡?“<]­?ÕT‚?õCMyŠ%
Ã–Œªïþë?ƒjŠPFòñ}ÑŸùäê#Áó§ŸþŽDä¡¬šŒzù{‡>iSþÇ¥ŠK;p¬÷ËO[ë”"—GTut]>GD¢E•¶º¨e‘ëô[%¤Ñ¨Ztð¨TND2n×Ïç?òßQ“ÏEe?–æÊˆHhùD ÷é“H_-©8úÓG¼’(œ%ÿñr¬jˆ0cFZÜ™jõÜi¡éBÏo.L¼Ôep»ßÊ.‹ý±O®ªu÷~Ù÷›KD¬¸ú`ÊA“=Îù0ƒîhißÉ?[¾Ð«þý­ÌÊZ?ÿ¬ý}àÐ)HHQž8$»wrq‡Â²ß~ËZ_?tê%›ÔÕµ)MÆ9ùNDÄ¤îz‹Õ×ÙÏ}Öc?žÚçÄ•›RºEKD»Ž„ÎŸ³üç5«Ž‰øv×‰¬Jí|?Nä¸Üý¿zI¯¹am‰öplbF´),¿¹f!Vþë?Ù¨³·£Ýu,\wvð?ë‰H¥`«iˆˆ8}u­÷ÔéÎßðDæ¤ÿØ?¹²Žì:óeçEF$ñF³ò×GŒó%›Ä‘gVüI%E?˜)s¦Uæ=ÇÌÄÄŽ?§Pçù”Ñæ?è*¿[.afÊÈ(VWqøD… âùK+:ôvQìÿ‹,m1T¼[9m™¢¨BæRDVUùû
ò)Ä“dJçA“và­4BÄLÄuÕzÍ.¯4zI?Õ›N¼á…ðÔ?m‹(mU+rdÞ'šqŒWû?"aØñ¡’ÂÚ°Cý?›{?Í]Í-+‡èÛsß/w^´~«CŸúr\±¶?Ó—gô¥+7\.waaœ§žº\î#¯¿ú¼ûóž8é<ç)„€Ÿ¤wà‚~’Ì}KŸ…lçÿkD÷NAå\MáAž•ŒßVhÒæA?±q–Ï¹K@`ãò¼M1ç
ñk"øa·'áAâ¸}†(èö0*e"ŸvÏ âwúX?bÑ?*?›Uªðñ=§°×V¨Vô/êZõu$öî¨"¢û÷ï/då?7âêÌjó¦ò––ö––ö™o3Ò7o*OÀ>Ä,·€ñÝ7e˜#}æQþ¶®«^uUaR2Ç?àyzm¤.CùïóÄ/;[7úYjÂÈâß³hÞ¦˜s…ø5™m_±ƒš»¢ËOúƒÙ aD2Í3MMá”«nJñr+T˜$
/âÄ§V)7o*ßL‰ˆ+…Ì”œU?têS[‡—ˆÈ”§øUmÆ‹Z°ò!ÀÂ%íL*Ú¹ÜÕX±pÍ
b ñb ñb ñb ñb ñb ñb ñb ñb ñb †]î
Àâtû–»
?•|¹««âÀZ??'0/.€ÄˆA<€ÄˆA<€ÄˆA<€ÄˆA<€ÄˆA<€ÄˆA<€ÄˆA<€ÄˆA<€ÄˆA<€v¹+«Z˜÷º-ÃAžH¦Ñè4Ò—ó;Gðxb¥2F´Ü5Xb/çŸjXVwî6öX?é›7•Ï±š×võôðÅ2éÅ¢?s¨—˜µ¦j“,¡µ‰ð? Ÿà¾»à,7f¼ƒ§>rÒþ¬%ŠÄíb-ãC#™õóŠÁI¥Lœåó’ÌÕDúI2ã×-ÂBÄÍññ„ù€Àr’•¶z…Cþ#cfÛÁs,ÎTÀ’Z‹¿{°@.·§Àý¿1#]­RÑ¥+7ž´´oÙTþ¤µ]¥V®/È?»m`ðÌÇŽ?íü$M[$¸{ûÎ´¹x“,¡ß<¾æs=Myí»{O}ä)~?¿,Z¤"íÈ¯Sˆ•&¬üµË×sãü?VAª‚”µ­vk–|J7'4ÒtýÔýa…‚ñzU›^Û]ª•EüÝõß]n
ÁÎÜóÚ+Ùòe;‚U.â·Y.žsªö¯ße˜ñ¦0zï‚µÎ&R3—FõÓCFCDÄ;úÏ|á¶)EO$ykúáò$vZ™]Ý_~à•¢?‡r^ÍÚ»Nö¥­–«¾´PÒXTJ­–ì.`‰"¾ŽÀÙÓAM¼‹²k%Õ9S?œ=>Íßµ‘RBždù;G—¥î°F¬ºß:H?þ?ÁSß~gÌH‹¾T«Tj•2šÖænÞTÞ?`ŒøÞú‘z½êß÷Œg"bT¦ì¦vÄÈ¸ç²añü7ê©êÍw3$D¡þ›§ê:õûr&]Kzx®;ýÍ·jÔ""wÓ™<Lÿq¥NDÁÎ7"›Þþ¹‘!nþýF§a¯a-ñË½öóUQùã¼±Ü|j2þÛAQdäqÛ÷F~µ%™h¤þ´7çDÁ?ˆÈýðÔ@½AS­Ÿ”ú¶‹×h×?š"aèâgýO¹ùÜ³–¶J’¿2í»Ð¬ûž¶þw¹‘%âƒuóí¿`s'~;"¶z¾3GòÎQ–(âl|ñU†5ñâ»t¥®fÏ¶É½ÿh6¨Ù³íÎÝÆ?ýåk—Ëóöžêø»:#•ûS“g-=`<p±!ØãéMÒªjcQô419ê?³SMVFoÿÅ!‰6¤Ø’ûéª¿æhì<J±y?ºº*]çèûÃ%ŸËAþÁ¾?4‘üÀ[&º×zžt'ôîó×|­¦ÔÿØ)®ÿÌN5UcgC-÷ZÏ“îÝJí”š8H¿Ž«ª2$÷vŸ±QÄv²õ­×½[ISKðvÞ¶\}²ùÅYYòê?™&…ˆˆÈk=Ò—sHëo°Ýz"x”LQ¥~oÉê;÷ùÌ‚–ŽÁœŠ½ÑOZb,Z_w³Û—S8~%ÀÞûTWø¦:ÚT–fü­ÃV©KõuÚ
*j¢?É(.½u£ÛgÎÇ„„c•yï’¸÷š³#Î»£?˜Ê·¢y_”¼>)ëC§eK²ÁæjÔk~©‰}jE’ÿÝ6R­×Žoæïu÷¬O9ûøR++†/vyóƒÏVÚêè‰”0û¢_¬´x“ïfŸ[<þõÁ÷6ˆŠÞ‹¾iŠ—¯¢°&àïÄçryÔª‰sÿÑlpäõW?iƒÑÿG‡Íäõ[x‘I;ÛƒPïµî¿Z¸ãµëŽp‚»kðäg]¾·ò*µ"¢°ßn½ÔçÞ¤?öGNûù¿ÙÏk”G
eD#u_Ú-•oïWËÈgy2Ødáw­K?qÌÛtÚò4?íH¡ŒH,#êõ„;ºì§2”U‡LÑˆßž¼{Þî ðäš=d:¢`üŽ¡ú6g~Uö“ýÔg¾üýYÅ"VBä˜T‚ûá©¾[JMí±Ìd&do´þõÓ®ãï›Í…GlÁ+†ÊwÞÞ&ñ[¾8i­×¯ÊsŸÏfÄÞ®ÕLJ¹R;`w?õóý#Ö°:c|p:£P‰íN?¥?Ú»“´Û&6Shv×Äf?H³ßÎÐë·xÙnì%#Q)œ#^R9‚n?jüW?U0*[ÀM4þÕ1béS&®õÈL‡-@ÞÀ³•¶Z„}¡Î{Â?Ÿä¶(‡?X":ÝÄW…\%ê¶LúÞr‡Ýdœh™^cX[pcS˜ß?»?ãÙ`rN˜k±:~t rÚ®Þí=˜mÖp2N¡+\W[>UoÏ /Õï-Ô¨8N¥Ï¬®Ýôy}½Ã\åz?Œ£0”˜w­“IdœDÂ1ÇÉÆ'>2Š½ûŒf­bžAAc5É×*d—l0Ø¦gN¦‘DÉÉ8nÚA¾×~®—Û·'Ã àdœÊ´%³Ö8wodìýHVUV•A%ã¸äu»×Gzmžµðš!!9i¢W/•+B“ßøˆvò?RžDa?ˆ„PŠzb3‰B)‘Te˜áM’IÝt©:%ÂÉÒp‹•¬–¦|:<O:ÍÄ¼ ™’qóág.mµxX/lq?8x/ôy]ˆˆ"DÉê‰^?'§i_B–h¶¯T€DC<€ùÝ¾Û¸¸l bIp8ã¿Ç;‚­zyŽfbeƒ‰£6ÿxÛ¤ŸxO¥“#è&"ER¹9pêd×Ã®a»74³Ø)L2Ý‹w[5\†f«Žq;Bî¥i"tÈLfÆ2àwÇ^2úñÓßœLAMÃ?E”¾Ê‰ˆõ?¿ú¼SîcÃ°"‡kR—Èã%1CDŒdØ5±YÈëap‡Ùe b{Cî‰—A×°ˆ%"VÔãœôCîá4åÓaY²;½ã/ýAÅŠŸ¹´U!©˜ùÙOeyV¡“n¬§ü X‰DD#.~|?€?¦…¦'‚sð¢ À<ž´¶‘Z­œœ.]¹árÏúÇJ!3h¨Ó?ð|˜¸ß=|„?»ö¤B‹Ž˜ß­–…zF/~Ùþ›Û›?Ï{Z1Z“EÝfÕˆ#žqeUžàL¸d]®Ã3ñCãrX³u“F•Ë’ÓÅ.Ïxò¹†É •¥è²G]ýËÑ‘ÁtÝì³Z`‰(dïïº‚#$MV?J+U9Cã—þüÎeÈ&?JÖKlÎàøË_¬W<si«‚\'ÕŒ‡ÈD7Eˆ’"ûÈÄ‰ÓÉ3Lºö©§©È3Ñ2/²¾°!À<‰èOŸ}Ý?`¿nð¤¥Ýåšý\Vrñ&¦ãÚp§0my„x™FbèØ'½5b‘™[@??K6¤WîÌ9ñ‹Â«þzÏÎSô¶BDžëïˆ#ö?Y
—cXfžßgÅË+ÉZ–zýö‰¼Ý&¨ô«¯³¤†œ´–æîQ$Ôÿ´#Ýl?‘ßÑßçéLùöÆÇ±.’óióP~V
I2ÍúÍ?ÁQ°¯­5Íœ‰û½0¼Ûb·8y¢¤œR¡þñ(…GZœ¥jéÕå6g£#úènz,”¯K""Þéè´xx"™I•uwäi BD°7=aLÜbK[UÂÖ¦À??úct„ŸVŠ’ˆ¸,QÆ-¡3ºÜ|úXdÎbˆGGÐá'"ÖTih…‰ˆÂÎ¦e>Xí0»æQX?«V)sg›ˆOr¹áxgß'ŸuÙ¯/Ö+eLØïmº=tÑ¯þ·ÚÔÝæž+×ÑÛž:.^ªkSçéal-Š¢uJ–ˆˆ÷{"ªØY|N•"jz<j/Qé(Bq†"¨2ÖÛ¿j¯2èdi±Þê%Šž´Öj«Ì=W.[ÉD}Ø)ËK&Nš¬ÛFË*“¦]?™µ{o^m=\ž$£ˆ¿·ïûfï;8™½ ²œ]û]ç¿úÃ©ÂäJ÷ŽÞÕt´íÔzó_¶¤§V.¿zî³/HAÞ°~çk»¢S5¥9;~äúî/Ÿ=PÈ‚^Yáá¸«é±Ük=ÿ„BNòtµv2TTSPevÖ5å)N”([2ª¾ø¯?ª)BÉÇ÷Eì“«?ÏŸ~ú;‘‡²j2èEDäïú¤MùG”*.íÀ±Þ/?m­SŠ\QÕÑuù‰UÚê¢–E®ÿÑo•?2D£jÑÁ£R9É¸]?œÿÈGM>•ýXš+#"¡å?Þ§WL"}µ¤â\èOñJ¢p–üÇË}°ª!À<Œiqg¨g?{LDDª²#ë’ï\=Ùw*zzž”¨¹?]F¢¢Ú4×iÛ‡8d
²âêý™ÖÍxœê4,zÒÿÛ“a¥^LÎ°?CùvmjôC¥þpÏà}ð„ˆöžXŸ3}K.›¶ãôÐ~0DDÅ;Óv—þ)ö–¢¨ÖÀ_üÝ£n"âÄÕ;ÓŠˆXJ®ªu÷~iùÍ5±ò_ÿë¤e´»Ž„ÎŸ³üç5«Ž‰øv×‰¬JíêëÁ,VWqøD… âIóÒ·ü÷‰ýW?³ëÇ9$ðÄLùë$ÑUnü6 IDAT~·\ÂƒP,!CeÁ»•Ó–)Š*d.Etn±*_A>…x’Lùx4iÞJ#!DÌÄo±j½f—WÍü¬Þtâý/„Ù)ß"J[UÄŠÙ?÷‰f£ÄÀÕþ?ˆÀGv|h‡¤°6ìˆÍ¤bs²¹«¹e`å}{îûå®À‹ÖouèS_Ž+Ö¶¡QcúòÜôûÒ•.—»°0ÎSÏ].÷‘×_]`QBÀÏ³ñn"òÄ‹|âX˜„ˆãâœÚ~’Êf?´áÁøÎZ“0à‰“ÆßDú‰?v_#€U'âwúX?bÑ'7«T!Í=§°×V¨p*wz‰:{wTÑýû÷²òÆ?qõfµySyKK{KKûÌ·Œé›7•/¼(†“Åï%Hd\Üås³Ü,Û0Üœ“ŒE³n8kMÄ,7û(Fº¨9Í/'‘lÒmI?SbBNˆ*œ‚€ñâS«”›7•o¦EÄxÙ!”@âÄ @âÄ @âÄ @âÄ @âÄ @âÄ @âÄ @âÄ @âÄ @âÄ @»Ü€Äéö-w 4*ùrWV3Ä€µN`^\1ˆƒx1ˆƒx1ˆƒx1ˆƒx1xj2ÀK,äC¼G"Yîº<;‰Äb‘„e¤Ò¹z&??Ôn¥a…ŸãXÅ"JQSn:•›çZmÙv?m?pø?x)…ÃŸ?(„ÃË]‘ˆPDG„`8Är™T,M[Áå£ïÈîLÀ¾Â²;Éî¤v+í« µ|Æ
+£açm€%‚ÁE/¥•Ð…M8!öùƒ3—'*LfwÒ÷q–¯´†?­M–âÀË'äWT6?„p8ä'/iìL|6ˆ²;©±sÊ’•Ù°3Û`é ¼|B¼°ÜUXBÓŽ®Ýº„ûšVøŠmØ[1X}^>áç™œ»âM;ºa×îkZá+¶aWlÅ`õA<xù¼Ô÷)š×´£[ÒŽñ´ÂWlÃ®ØŠÁêƒx1ˆƒx‡|SdV5<`Õ
´ßø¶Á1þR,U™Ë·lÌšñ$°²7Ÿú¡ËPQ³=÷YKXj
ÚZB%Zô‡ÛK·›áÆ¯nZr^Ù¿!E<iIkÎ+Ç7¤,¢˜p8
3VŒ³µ°’ ¬nš?{^ÉR?=?ïß¿S§Tí+Ð>[I¦]ÛôŒšKx#‹~ZHj1Ñ¸Âáê¸ûÈPSžþ]){ó©º
¶.OKdÅžâ*ÀêÆˆ9VÂ±uJny¾?6‡?x>
S8ì¶¹üDDÑÿÛ,#ÞhÏšçC?IOøP€KTÉZ­Z6Öy‚.›ÍfsÆ;ãáp(ÀÇž*6ùÿDa¿sØb.á3ÇzhÐI??4²d{˜L,ZoÞîôÄ7ì±Yl#ž0?Ê¬Ï‡|˜çCÁA~rC,;\=XsŸÃ>ìˆUŠN#cDcËý!â$ã/Œy±TÆ$¼`!"ÉÒT;"¸†¬®§JOÕ<ó.¿Çå!uªrúÁ'¨|€EøýDj‰døÑùKÃiæ?½ÓÎÚ| *eðîÕ}…’<>®hgužÿÑ··lÅ»^]ŸJDÁžê©üHe¸þÜ#ª¨Ùž+>¾t£ËÉ*4äáeë·í(McÉÞ|êç¦ƒÛÌ
"oý¹Gêí‡ËÓÂÃ?W¯t„4rñþyñk5ÙŠ¥9¾KõDDYåKSúTi%›Œýwï^}¬yµ$er*ìë¯¯»a£dŽ~IÞ+»‹¶»oØtÛn6Rý¹}É¥{2û/6:ˆ¨ýöùvÒÆ`@<XK"Î§×/^jökô2†ˆ¼~» Ùºoe†ŒÈZÿé:òö¶ô%Ù³õîç_5¾ù/[Y|ÐÑ|ëÊµfOÙÕŽÁ@˜Ytì?´Ü¸P×ïÕÈâhCéö¿¹?_µÈº;/Ÿ¿Ù!ÈŒÛj¦Äƒ•° îþæÇ–ÂÞ¡îAw@¶ncKÃD£ñæÝÇ³äD|ÿÍÆNuéëÕÙœ˜\ÍWÏ7õ›«×Kû›:­©ébW_›Mœ»Õ(¡Þ±2GZow9?^ßd”ˆyËí?Ü~šùZQrü
ŒôµyÓÆf,„ü¼äü«Ì[ËmçÜydØ¿abq¨¿ùÖ€ªêÐÖ,9‘³íÒ÷-}9[³¶T\¸yëÖãêé‘®«©ÎÖJ²?«?ÁE°ò ¬!ö†ï.xò~üË:ilIÐÞr×æ¦ÙRï:}Ó‰®K°æŽGg¾}(ÈÊ¦Y.íGyÛ.ü¹3çç‹”‹)=âë”WÿägÆèV‘Pÿ­¯N]oÉ<T¸˜ù˜þ§·~pþèŸJ5KS>Àâˆ©…e¥ÙæNLÃDDÆìØeçÐ@X‘â|úð1‘—Èæt‰MYªG?ºúJÓÕ?mÃÒubò?•åu)-E+›–a Þ‘?ÍT©âÖ‡×/ô))ÙëŒ«$‘Ì¸yÛÈ…êo¨ÕcË\C–°T;ÔúØIDä#qRVZJù®"×ùæ'¤Ýt $eõ4¬Bˆk‡½§Ù_º£L7©“.ÕnÓ½??³iB¿oMVÕáÂôÔá??‰,7J¤)Ý¹eÒK‰ÑœC§œN¢ÅtßGííd˜™V>À©ŒE%s\‹‰I5æÇ~\I,!¢œÂÜ¦»}½ÊŽ?qcnòäéŠ"""al¸¼æãÆ¦$H?¯zÓ52äêko<ß<Ró£’”Õ2ùQœV²£Ây®¡Ù2¾H$&qröúüh`(\OŒ„ˆÈkµ?ö[}æ{ë'Ä€µÆÍ> ìï¿w½®Ùî YvQÕ®?FùØ˜_ß½«·;úGuš¾`ã¶Š‘`}pæZhÓ›[Œ±…þúošÔ{÷?u‰ƒ??œ²fy%Kè¸zºÏX»3ONö†¯¯Sõ!]_¼EBöÖú?ú,Æ?S¶³Œyp©?ûà®œ™IMzê<kmøúZ[ÐAaû¹¯‰‰rvü¸B7yZCæ†Í›òµóŸÇzÝ¤×Ç¿]KÐÑ\ãQ·Ó%‘³Ë¶nÊKfÉ×qõtƒÍEDW¿î“?®âÐžœ¹.ÑÌU>À’KÎ0sOº:,¦™*±àêUäš”Ä¦›s$ß7>“q‡qêÅ?¹Þ˜BwŸvØLE©4Ôüh?4Ei
"¿XAŽþ>gf63ÔÜa£èõ„àH¯[š‘¢W''‹œíw|þÑRü¸§RuqD#¥š2
¸©nN L£0oØØ{åîp,-%gd©Û{Ûú?³UïêUeƒ?¯7Œ¦UìÞH?çêU»ËÓXR©D–[a’J,–KpIVÄ€µCW´YwçÚÙËÁªÙzµ"ÎpüîW¨¢ªö˜ŠÜ-—¾½tUsü`žŒˆ\-çþÒ ßYs¨F%Œ>¾ö?¯?¯ß™)IÏÌ~Ûi­4FóA°»å®Íªé°mˆ^’ð´?éÔVI‰|!ŸÝ=“(xmžîëW²ãíÈÞpêï­ú=5µURÁý´îòC«M•þ¬7ôH/©=’ÙrîËîœÝ¯(‰XQÈZêÔ`víþ7uÒ ·ïÁ¹“ßÞ<\š4gAO{Kzá¦8'xë?“—,9»Ós‚»»áâßÎr¸89{Û‘Œ¾[Ÿþ@[k·¦ÍýgŽò^qJYõ¶àí;Ï×‘Xb(Üb&%›óRÚšýyëôÓûró+¯„êê¯þ£‹ˆ$ª¬íÕ9
"JYW‘i½õèú©Gbcn¦žzˆˆÿpûÝ†Û¡0‰æÍ[?K…U”ŸA±£¤<%/"?Xn®®r]¸Ù}¥/Ù±9tëÁõSˆHÌ¥äïHë¾£‹r^Ù–«Ó–Ý®+—nÜVïßfV‹òº®·Ýþ¶ƒr·Úh\-—Tà%‡x°†ÈóþBþ ®áÆW×ýb´™éE¥›Š²4Ò±œ -Ü¶-OCD$+­ÚøøïöaÊ3’Ðó ÎQôêþ"CDRÙ†ý;í¿¿ö°èg•:]V‘ìB»E0f2DþîkiU±µ¹Ç^¡Ó‰ˆœÝÍóÖWãôŒgÛQs½°õÍ]EÑp!+Þ³Éñû¸Ÿý€Y‰T&aˆadiôÜ½ói]ƒ´ú§[Œ"’Hó¶ïs~þ÷»?{ÍsÌ‹pµ\¿æ*<Rg˜?«µþ?´âíÍF5‘6Ûn×_ÏÝíÌß—#‘2r–ˆ¸±]?SùÏ‰ËÝv<7Îò”‡?OšMKb¹qË.ã¦pH ‰dR'U?SófÎÄKEöö7³ÇŠN)¨9T ð!b%—$åÆª=onâÃ"V,&ª(#""MîîWsÃáPˆ$ÜRö€»è]KXü$)åož²@’RþÚáñ&)²6Ôdm‡xbb?<Û~t¬ÝˆMÙ°o¬ñÙ”ò]GJÃ¡ˆX’øûº<#äT€µEž¹aßáãÿô/oÿË;‡÷&u_ùæOW;ƒcït=T¥<‰FÜ>"r;­¡¬lÃÄß.©!+Ûeñ‘.¿Bù¨³_ "_{O^AE^‘üiÏ‘«¯Í^˜•ïoÞ¬;¢ÌÔIOkb´ºÌ„¾àtXõ9™“úá:cuÛ³oâj9÷—z¦æµ-ñDp;uy™ãSI¤3æPûððÂ«4gù/–X<%,ÃÆé×2ñ,/m6XyÄ|²ÙV–µõ‹
ã™F—Wù£×KÕ--Ý¾9WåƒAbØß|˜ˆH?™—ÞÔÓ'?¯»m¨Âœ.ÒdÈï´[‰œÝ-¾ÍY+ê¯ž
’D<½J¡Y×÷õþp¦ŽvÎzËÑ°$Ž?^ž°àçµÎW>À‹†x°–Df,‘Hç¬Ö¦“Å>é1¤Âˆ½O’¢?Þ”S“S–Ûù´ÛÚÞ<Z”¥#"uNqvS[¿µ­ÁŸŸµ¨Û"©4é’žî?‰ÞzÐÒÓ½˜â?H9Æ\ªIÒôÛ“n²â¶P¶&î°ÁzûÔwÅ±ƒE³öÝ%êIŸÕ6)8íÊN™{*ÃÂËxÑÖŒ`çå?~}¹ÉêòÇz³‚Ózï‡K^aöÜwØ“f•V
·êÙ£ƒ?‚ýõu?º-…c"“e¯Ko½sýQ¤$'6g 37«çÚÕ§òŠ¼ÅÝ4•ÉÚP­m¾ð]}·ÃçwÚÛnŸk?u<¾
úCA¿?'â¡ ?Æ;i/UiÕŽæNEÓQjaUvÿ?úN_408›®Ýò”–Ä¹1’`¿wêé»wäJ£;
ý¡™{ÐåoÈî¸[×{ö‚ëÉ?:‡¹Ô<ÿs$X>À†©Ék†Ô\}X¸{ïúß¯ûÑ%IvÅ®_l4Î÷´2&}Ó¡ý?\üæ“‡Œ’¼AqvåþÚ’‰~»Ô\Xzñª}GÖØ?wdÙ9éÚÝ;3=×V]xðÊuWNß“js6ìß¯¹ô×ø·ñµ]üäŠ=öâÜç?ˆ(kË/ã<VLW±¿´ïgþÏ"Iá›ïmÉß·ßûýÅ?~t“S’WP–î<¼Ógò´½½É"ë…¯›'-ÌÞýÆáÂ©ÏWS|Ýwîü7ÿçŠX!„­¹æØöì|³.´|€Kôí¹ï—»/Z¿Õ¡O]Ðð?eg5¦k°ââÁ?@b©t‘ó"B0@RÙœM0úèïŸ?VýóöìçÞ§à7é^®!¢E·ÀøPP$I`yss¹ý‘8ãW‰Ôª‰«p¿ÿŽÂKv¬býó«/WlÃNkX^/QGbïŽ*"ºÿþBVÞ¸q#¬QŒTò,=c³ÔÙÀÞpé^·Ã?à·?ºùÐQš•™ˆ}2²©Ïy1‰ÌÑ›¨"À$ÏxpÉ*2íèRÔ³¯úÜ¦¾bvÅVV.€D—WØûÆ©+‡ŸH"IÏ¯üIÕÊº÷À
!a!ø¬?\ñ$So–›NvçRí+7}ÊËÛ°’7IX"ˆ°’(?{ŒË]€•O*eC¼ „WbGö91b±T:¥Rn¦vë’$?†ÊÍS–¬Ì†?Ù&Kƒ‹^Jr™”YÐc·^&ŒX,—Å¹]Â¾
Ò%úÁâ:í‹w6b¥5ìlm°D?D^Jb±H©à‚A>ÄápdeN¨] ‰Äb‘„ef;G®–Ó¯Pc'µ[iØõ\3•Å"JQSnúôë+¬Œ†?·M–~à^bR)»vº?åæYûô·¦`²tí–âÄ @âÄ @â</Á
òË]HÄ˜‡àsÝõÛZÿéç¿¿k}?5€¥‚xs³Öúyýà+¤W½sâŸ7¥¿À*ÀRÁó>ày12³Üu€„@<X[|êî·u÷…™Y[«ŠR%DDƒþ^G;êû¯×?ìó“FW¶mGe†Ì×qõtƒÍEDW¿î“¥–ÕîÌ£Ž«§ûŒûK…‡7>—ýìP¶åÚÙîÌC{rdDDi»{«¡»ÛIÚÌüêêJ£’¦/OÓTTUd*—µ% Ä€5Ä÷ôÜï«|cŸ†m×.œòí=^™JÙmÝ×®ú7¼òêÏv’³íúWß^W¿³??{Û‘Œ¾[Ÿþ@[k·¦‰ÅR"_Ègï{pÁ•½¡êÕ­*¥”ü?ÇˆˆH°Þ9ujhý›¯?(#ß`ÃÙ//møIMŽŒ‚×ÿvOU{øøA]ÖGÝ#ÆâdÑr·L…¹kFÄúàúèæšíÙ†ˆm^ueÒ?¶ñ)ÅÒ¢W^ÉORJeJ]é¦Íj«ÝAÄH¤29KÄr©L"•Ž?!ré«lÉ×i¤²©£Š<mwï%Õì.ÕÉ1òôÊ?¥¶æn9lýÚâB£’!#Õ+w"¬D¸z°f8í}¡”‚@ßØŽQ¥Ë‰ˆº¤ñUåòd²¸<”1ËøŸ¬t}¼/ÁaïÖ«
†úûÇ–xƒÒî?›H©3
g.~/”õ:­FŠÉ
+âÀšÁƒÓ–h‹?¤%I·!$’O^¢0UQ$“¶å§?1w÷õµßx¡Ï¯(«yss:2ÀJƒx°f¨µéÔÇ¨?FÍ¢6c85ÂZUªIÒŒø£1nÇ_©Ë.ÔenØÉw^þÿn4ç¿Qšo5X>˜{°fH³J+ƒu7ÙÇ."í-?zýóm–”œFÛ;ƒ¢¹ŽFDD©…U=×nuú¢kFWßƒ§CDDöŽûø®ü>/Éœ?Xyð÷`í`Ò7ÕÖÞ¿ræÏRë3†¬ª9óm%É©Ú^pþæï?ú?H·ÿ3çZY™¿ï óú_>ú?”ÞÖ˜wî "âÇµ/ÿÒG2­,èðÈ‹öï-Â}MVÑ·ç¾_î:¼hýV‡>õå×b5¦k^¬à'asï !"É‚7‰Á@˜™¹!ÄRLL€—ÙKÔ‘Ø»£Šˆîß¿¿?•7nÜˆ«k#“,zéb61Óïy+E‚h°’aîÄ @âÄ @âÄ @âÄ°ýVÇr×V6E«^î:ÀŠ€ÁEƒx1ˆƒx1ˆƒx1ˆƒx1ˆƒx1ˆƒx1ˆƒx1ˆƒx1ˆƒx1ìrW–ÐÆ?¾2®@âÀŠ&Zî
À4«û¯3âÀŠÆ0ÏË]ˆáy?a˜å®ÅB<XÑ$Æà—»ãðâÁœÞ@"ËŽ“x|þå®Äx|~Ž“,w-–P"ã?åÁ?z`I`?
pÞÖ6ËJ%ìˆÓ»Üqz¥VÂ®æ›®ÐÁE?þ;gÿôáÿïï>üðÿ~ðÉ×Z³¾¶Üúí·¢™ÄÛræ·§[^L/jÆ¾øÞº?>¬ë?føÞº?»k'Ë|ðm‹û…TV•RÎóÀòqzy^P)åË]‘¥µ”ÑÇÙ~»™J¶æ*¹] ã»O¿±—}ëß²4Œ˜8úïujõKTÏ„`M¥Õº?ï6—šÊ4ã}Onë*ÞÕ‘FñÖ1§R¶¬5„—Y’Féöø¬öQ¥\&ãX–]ÍCVžüÞãóK%l’F¹ÜÕYrKœí—ÏžíÔ¾Z²è-í?o´ê÷¾U½.ÚÍf9íº-ûÖÅÞóÎ!‹“4©fÞ+!¯ch8À¥èµŠhgJx†ãÈi³xÙT?V>vøÑb¥^§åÆ›$ä´Y§®FpXl¼"#5N»irÊK.Ül³•UŽåg[cç¦Í5ÉDa©F¯/Yð9lC‚"]§‘…ù@H`9.ÖÝ"nlM>˜ô¬m*¥<Äó?@Èë‚Yîú¬""†a$F­’¯î1Eã–æ Ç²Á±W{é€Ü¶».ß¤?ùŽ`»óíÉû”Wœh=kM¯yóµ<M¼ˆˆxË­?žíÒš³Œãì·þÍG?mÔ“·íû?19L?Õkmgû4[Ž¿¾AÇ„,·¿úvÐXžÁ8ïžsæ¿y¼DCÎÖœ|Èæ­Ó?gmúCG·r¶}÷ù¥AÃú\în]€ÏØ§<gý–‹gŸöVèMñ½?nz7]ÇÑà­?§ÿs»?xËí/¿³JÓ™áúo©ìØþoã§ß1Gß©ÔQ íòï.)?üSµ‰!ºë>|¤{ÿpñ¢ÛÀ64ºÜU€•.BÄ/>p¹ëò‚,E<p4œ=Û`!²|÷qÓw3ß6Õ¼u¬<Nï?†xRÄËfÎ'u·Ø¿¨-Òm¯xøÅÇwÛ]“;K)¬aÓ/ÞÛ-%Wùç/º7êÓˆˆz…uïý¨XCT]rÿËOow¾fl®SmG±‚¨r?<¼tEYóË]&4|uñIþñ<Ç­Ó¶â'¶$D¡®kŸt;gìÔT¼]ÿ‡‡?Myr
t=¼­ßøÞÔQBoÝ·ýÅ'Ž–iˆ¨<óò'zsv­«¤“–J½?FZÙÔÊ¦Ž?*“‰ô¶?,)ü²ÁÑ§&-wVœ¥ˆZó–â'ß4Ñ–ÚC›ÜÌ]Jf.›ü6Ã’—Ÿy¿"?µ§+3¿&v½@£3ÐE‹cÖx@$¸zÛ»lî Q`?„Ô±“ýyy±AK¤5dQ?c”òR3KlW¾»ä033Œ™zëµuu)HßxËFDDN±Ué'çP;åÔ¢·±’èÓŒ4#%”_}ÔáÌ+¡¶GÝå{§]Þ¶4y)·íntŽiÀ¯pzýdÊÝ˜ò÷ÖÞMM‹PþÚN×m=[M†î§?eëwÎÙVµ$ƒ‹495Gß`N~}¶N}âÕ2íâ†Î«ô:ûÓ^GIòÔ+,#£?>¤'L¤`¢Yîhäh8ùYoÑ‰šR5C.¦ÿáøÕ @0@=#Ï‡ˆ‘ˆ‰TûßÉñŽÚm¶öº¿Ô?ü¤œåH­Ë/-ŽuîK7°¶(( Dsg.*»tµÕ¦£Ïæý93:÷¬‚RsKJ3£¯JJ‰åˆ({½þ‡KqR­¯Ñe¸‹Ï6wW„Û:·”Õ¬‰n°R,Õ?M¹ì]Gß(´wÅ9Å>]ÅÞ?‹g/·Ø<Q˜÷:ZëÎÜ±q™ærÇ£–Þ‘·­å¡¾<;…H¡É$‹ÝID¤ÐhiÀfˆˆA'£MÕ)8ŽØz;&Jïmj²ˆˆmÍ?Å†"§ÝbZÃºÂ­òC£AÎ?[amî"Žã8Ž#§Ë#&}f±¾ùa›“ˆH°55??_{ÆT¼‰½súw
fÞjIŸYlhnê
Df§—'"Òä•fß¾ú?®ØœLŒ©`C×?ïîÚ7å›0)^¤%<;Íeo?šý,2†íGÌ]ºôÅ‡g"¢¤ôÊm{SˆÓï8>úÝ×~D˜œí¯W"?©¬¢ñìÇ\­>ñ¯•yÕú“§ÿënö¡~½p_á…3}žªáRŒù…çh:Nü?/ààu;_?jbÉël¿uåk›\£ä?NUu­YA’Ü?G?ß?ÿøžÓ†dÚ|¨FGúû·ô?þø·uI
MN™!—ñ«¯+Ù”}í4íÌ‰7oZ¿ùÐ¾«—¾úíUVÁñÚM»kRµœ˜8SaÅé>vXÃºJ”•ÝIDAT¾îIqÍŠ¾“+¬B¢¿s.QeYnýös:ö?·U …ù@˜åØéñô»¾<1ì<ÿ'ò¶œùøiÞ{µ…
âyš6ý9^±ÄóÂô;ÌóB˜?ÿžªó
ñ$ÁÈ¡åÄˆWè3eïŽªÅn’ÈªÆX½‡f½Õè³³ÜÌ.ÜÌN<MÎ³þŠ™·FŠW,ÅyúT"²²¬@‰ì¤*L+X\â)òöýjƒ{Ä·¶Îa3x1Àì0üb ñb ñb ñb ñb ñb ñbØå®¼ï½÷ÞÌ…üñä—¸z°&LKq—àêÀÇƒÂä×Œ”cž³H!©ôÅüBG„`?ž¿ÎÏY¸
ŒTšØZ,é¡Åß?ÀH¥ŒhIª!øCŸ@Ä(µ©ùô½,¼œ@?fVr¬þÄ&èS˜ó;F¡Õ%É§¯{—•§êµÒiõä?Cƒî ‘T?žªžµ¢B0H’xÇ8¥(Ïèð¨—'âTi)š…´§?S?ˆ‘SŠ*Âˆ‰ÑÔ_ÿÉ"R)/
Rdþße^ÏXÈDžý³ˆP0$z®ŽÃ©4A¥E(1’È3ÿ„,\8èqÂÄpš$µtö“ìÞãñI¢LI’¯¸sñüñø5„™Ùñ`Þÿâ›§²TUô?°à²ûƒ2Mñ–êÍy3z6e½óç‹ËöþjKzb«Ÿíþ§§éGÿ´9m9÷´]9Õe>r _¹{O_ûå¿v®ûé?BE¢«q¶×]¾ÚâWëdùüC‚fsÍîùâË²ÞùóEª}këÌÚøÚ/ÿõíLÌ§àë¸üçNóÏ_-˜^E_ÿƒ«×ïKRU‘à²‡Ôvÿ¨2}¬¼wöÌã`r’”ÂÁ—jãk{7¤J‰ˆxGË­kuÁä$)yG=Bææ7ö¨gü–¶;_ÛjŠ{ŒQ¼£åö­^6·0[—šL®!ëýÇw‚çú?åEÍDwœ$•’\DÄÓpX”oŽl`E»ÇÖÓpˆ’8;Ñ+ÛÃÔ,:CôË²ÈÜÍek?¢É”…)Ù´Ý4Ï†³ò‰¯Þ$Ê¡ýæg-aÁlÍ¢36Ñá½a}BŠó‰¯Þ¤u¯DòXà™ì-m]±œ…>ž3n+L?Ó“öõÞ¹Ù3ÂJ9†„@+¥æl-3ÈWX|?&„¸Ùñ`™äW¿1©+j½uåì7#{ßØ’þLgîÒ7ÿüøF&Qçâà¥7ôðûKÞÜ7Þ®Hû¡µÞ·{èYâÁìä¹{~¾ŽØ¥ýÁ†\¹¯¾s`¬#îj>ÿ÷+w2OD»òBß?3méOlÍ?¹žžÿâbcÆ±Íi‘Ç:(ßüÓ·?±¿ÊÁþ['¯Üh3N3¼õÎµÖ"Ól5à­·¾ïÍª9´oì@å
mZVAÐrçò}Ó¾Êx¿³QãQG‡w„SÆ?‚añív¿9ü£ñ=ÙÅŸ4ÒöíSzÉ¶…7MjäGó¥ˆE?‡wí³äÙ€ˆôE‘·
#øÂ‚—?:âË(Ú›™ÄF¿R¼=õ7Zžêª‹R¦®qu4ô„s*ö¯SñCÍ7[ö%U™úõ›³eÌ=X¤©;lT?¼r«Öasc¸5²^öÞ'þââÒÔIý/ijÁÖõºïGÄH¹D?ïš?ÉÜ¼3ÒIzuÖ:“0êôQ°·­+µ¼(cìHÕù¯l•µ¶Y"¢¤¢?•Æ‰3vR£ÙL=#î©Åï×õæ•Íºÿ`ï?ÇÉÛ7gHÉÕQ÷ÍgŸÿùäWŸ~vº®ÍÉ6ïÑ¶ÞêÎÜÆ×%ºÇSMåD6 "iÊÿßÎµ~¥•eùßõê…+/á¢BD|Dâ#,ÆÄT^Õ•IMºS«j­þóz­þÐ]3]3éÊ$U©$“Wii‡|+F"A?—¼®\¸œþ ("¦Ò™®šÔ¿åáöÙ{ŸsïÙ{Ÿ}vad° úÀ"ˆ À0¿Hf€Ú^fQUüR¨mê8m,úêµÍJ$3|y¿dÈË«[?Å0D-×Õ©Ž¯‡Ò¿(³ÿSTŠ*ªø0 ï´v»îo@Ø~írÎ®¯'Ñ o:kÓÏÍùÍ™©Ïº?W¯Õ{l6³š¡xïøƒuÃ•Q3$˜™šò„ãy©©Ëî0„ïOÂq£¿à×žß÷.ZÅ…¿Í¯úsõcïGö.uq£æýs/fÝ±ŒDÝÞ7t?8AøÀÌ?Sîp2³Õ6tœ‘IÒ¡Õ•EÏºk
¥ùÔÐP‡š€ðÜ?_áü»D¤¦.»£¿h·½#q@Œ­Lí²}¢Õ6Ðy¨-ó¸\³¯K‰‹¡Ùï&r¶gû?¸é¼3'»x¥[UªFƒ±wÐÞ¥9ÆZÉø§t®†v²õJƒ¥o¨g?í¢&±ürÆ?k©&+ðƒ½i}åŸõ²uæŽ~{ûÛV„Èû§'œ?(´§†Îžnf?´çÙ£5ýØ¥å~·ä«ÿ~¶\;ÛZ˜â¨¬¶½«‹w ÉÖqMæ!‡M¿ßqOÞtF¢6uÈ‹˜>:}»3ûYo#°5s{ŽËÚ@9Ï¶}++ž@(?‘È–R…¼x>9+Ä‚ZoU–´*t˜
…-Gí>®ñ?NÄÐìó`çåëÚeçRåÑ²¾5iß¨bÈù­‹½õ…ž‰h€ní®æå[Ê¢¨Í-È›IËÿÒËûjFpÞŒ¥%x2¨¯GOw¡Cµ×*Äk^.ã†EO7aÖ(GFŒ Æ)œ,œâ€HÍ?eŸ!›sÔR
¨CwéÓòÔë%j>Šm ¥‰w‘ýÌj>Xób¾ÝAO’Ž”S»x± ÷Õ<ŒàòéêÍ4åãHOžšôaSD³Ã§
ª]Õ*ê¥^l`+?F5†Í˜Ÿƒq pâmAXjaœBÑ„©¡"‡'IñmS$˜ƒJŽžÒÖðKœ–TñëA!º:½ šFº´ûáóBøÕøšäô IQÞYàyHIÙ·|"•Sp%žv?B¦äcÑ,då}?\TÝƒ*ªø@@«4j¼Ió1ôòî½hç?«¿½$¿5ûð¯Oú~7Ö*¢®{·z¯_m`À‡W]ž?Én¬-d3i>¿{Q‘÷>»û8m¹våÇ r=ŸðG¢¦½Aò|Ä?ó,or\·3;!×£û¸ÏmdV¾ÿ?yù…K7G•´óL>¹Ã?ÞêÓ¼÷Ù?ÇiËµßœã˜ïŸy<L$ˆ®.ÆeVÇ'ÎïLÕßrh@Ì„Ó¾‰çÆ¾Ákÿ*Cjåù·O'”7/µ±ÿq×í¿®5?Ž~>¦¤…Ø¢óùj{/k1èüæi´ûãk·´,øÐÂÓ¿<Ë}y¡µÉ`¾Yöö,{odÞ»´B›®«~õû¯fä—¯|6¦ Å˜gâñ]~ì·§5GM­|{žýôœ’b‹SOÿ’vü~ØH5ùX°8>ºncrÉõ—On?wÝª:–ˆÌÞ½ýJ;záúey]v{éoÏ<qÈZ+¯‡õ‰g‚møÒçÒºldöÉÃ;™‹7-2£QþØé‰´Û¸=s'ìq…›F.¶—´]ÜWãžö>“VÎ–Ý¸åî5±Åvm@F#—\¿ýhé‹éVìË;è¸zN-Ó¡åùµ„ÁªßÔsT˜>1Nc×¾"¹Hx}b|§oðÒçR$=ãw¾ýQñû?-@,¿MöKviÄ„{üÁC÷õ'•x/ˆ›w¶u´™€Lb­‡s…i?˜­ôË”ÇíQv”Œ›÷;Ÿ­W¯«¨à±ãÅÂŒÎ òf¥¡ï³½c
ŠåÔ»ÿhõõ+±Óx8èI¡Qÿ~òý# „CS»w=7?hã¯0ØCl-Sgj4£DkîM£±?Ü0€áY æ3?=‡LÅÙD4‹Éª§›Ü”"õ†º·@ÉH›©—?RÑfrùaAm½¢þÓE}~¦À¼·æëu\´ÎË!&j&g(þéÓìQŸ¦NšÉ5!?èÎÞ Â6×(QGF†Àxé¢¾¢nuQ7ug#§ÈE9Äõb[Y4ý”=ŸÉbc™j9A.ŸRÔø5)ÃE°5OÝOábi”BHP3œhÀ/Uˆ Š_j4ZeÞé˜µ-{Ñ!àÛªiì?â úEõ)®<‡Og 7
8ÕÖ1 øU¹¢Õä¢*ªøPP[S|3žéiÕùÑŽ¥AÑl“Ía»×ÓøèV¼ÝÚ®fh
t½¶kÄn,óñ·=.?öü%»^Á0Faê<Ïêl#ýM
†‘(?í©`$¡W¼wÔaRÒP«¶ö7ÌxCHzg=²¡Ñ]‚2U›cÈrL×?6ØÙ¤`Ã(ZÛÍ¢/Ûod:‡‡ÚÔ¬„a¹ž3ýukáðîÄÅÀÊJÒ:èèÐ²†QèN;zŠI"üë™iµ}Ìªei€f›zí}!÷Zà,½?Á5ñä7é]XÓ?2+A‚³?&lF€V[†l*—ç¨?(æ]þŽ’AGí†ÅÉ¹h±=¥êsìjRÆu8ÖôÔ’O|?¢Ï=“³;º8#aMý£}ªä±ËAl·;,*#aûØ lÑåIÌ‰NkvÕÝgqÅ…Î.}¹…Ã¶_ýòãVÑ;õÍW_ÿáÿöõý'sëaosb[?ë5©YÃHdœÙlÚ
F…yOê†©WF­EÃ±òô•ƒé²¨dŒDÆYlòà^/IëÐ…~£JÆH¦^ÛnæBÁX…Œœw?àwNxÎö‘øõ¬b®|‘„{r6yÚÞu°É¾?l÷?íËX|z5{'*yÅØ©L%o„•þü¶@”ºÿâÐßFÑæ†ˆþÓ…F9aÒrmyD3°áƒ¨'#fÂ2„aI÷iÒ||>cGw¡MI†h:H-"qà×©Y)Îw–hÒØEzÓx“5ÿýÖB‹hea°3þï¥³»Ð­#,S¡¾¯$#?DÎFNÌHÅ©‘ZñcÀZèÐ†!¬¦0Ò†#i•ÁèÈ ‰°a5…=ÞÄ©š[°÷Z”„aˆ\[±’ªoPE9TÍm²ôf¤øŠÊ¼QY«þÈ³Ÿ¿ZŠÈ:[›ÞeÕÕ±(Ž–û€Q==¨¢ŠBnoocáu­¬=â›x?YÏ¥k0›&'î×ÚúNh9?š=ò‹©DDÛÄ•œ`ª¸ÃY:íA?FÊ"ÏòDdSä,BÀïß¹hœ—ˆ…´­çK"'œ®Rt{E$wâÁX(ˆ¤îÀôhâ¢¶õ¬Á40ïJ<ß»JlB‰Î¨‡ÄH8ÂÉÚ#œïd¥‘l
¨W¶ŸÒM,x“mÝ
 â™çÆ,`;ÈiÚ³þ@‰¬b<ÁCÇþä Æœ7ÆCÃ€Ñ¨?Ð3ÍéšÄåTâöqüä¶C9£½ä"+Ó¨×cýUšõÜÁE£A1‘H(hcWïä?W¾^ÎHƒ÷º½Ûg\¥DÖÐ?fè fq¿gê‡».“ãËs­"ò‰p<-Š™p0ŒÙ<À¤ã[¢¹·òfWqúŽ¤xè¸S›eJ¥ˆüv$–Éç’Ñp$˜9¾¶ç[?Ný×ó…íÅ­º’àÉdtÝ!)HÚýè»)ÚvÓv }amâqÚvsø'j.±J??F®®›
†‡šË²ßD!¯RQM!š¢ ý™=„·\Mf¡9xÌ*Î2*™BK[ÉOjÁ±HU&?’9Ë ÄS‰& ‘ ÜW=•¥‘Íyj“À’§6÷íˆiŠÙUOãñnX³ò „ÏH< OS[À@ÃA7Z…æ·h£?%)C¬ˆS<“ÄV-†åïF¢Šÿ¿?éOÈÜoi}«ØÞ¦Ž–²äÓ|dij%ÜØu¶¥R¢…òƒ‚,ŸD?ìW?ÿU1[Eÿ—ÁG‚i…NÍb®<´Ê¶Ø?mW@}çÕ/>±s‚yêÞ¿ÿé??W’ÿDvÊ¾Q[¯õë%sêèCoŠšÊÑáÍó?þyb1¹Htzîj]¾3qAØMnÚû$ŠåÚ’šÎ\8©vcíñyO}î9¶×¢-Žz'?=m8rù Ò Hå#e‘oáGÌ I[C¿k„†‘Ê!Šà,=ÜâŠ7$½­½m?¡hZ¢äÚlŸ~rJ±âöñÏ}óõ=g )‚®×šTû•u„0u?C85:sûOß97Ò"ê½Nù^—Ró±Å'O}¦Ò’¦«ÔÔEâ‰Ò~¢?9YÉžMxßÔ÷°*i*x§~(ên—ÓùÒé|¹BËNçKoùyŽFGoD€kïo˜{>ñ:Æg~Û3½1à§MG¼N‰?Þ³ÎÀJÌ—}CŒí¤SäQ¾ð•äZÇTžHºšJTÅOƒi24ó¡?m@¿Ù¨mkQjÎ'_O»ƒÚcJšr™‰Ã–óbI]¥Þ*þäœ§yËš+IEND®B`‚' height='200' width='200'/><br>]]>
    </system-out>
  </testcase> <!-- runScenario -->
  <testcase classname="Runner.TestRunner" name="runScenario" time="13.030">
    <system-out>
      <![CDATA[<br><img src='data:image/png;base64,‰PNG

IHDR
1K«Í/sRGB®Îé
ˆIDATxœí×1À0À°¬ü9g?9´‡„À¯¿Ý€™s;x…=b€Ø öˆ=b€Ø öˆ=b€Ø öˆ=b€Ø öˆ=b€Ø öˆ=b€Ø öˆ=b€Ø öˆ=b€Ø öˆ=b€Ø öˆ=b€Ø öˆ=b€Ø öˆ=b€Ø öˆ=b€Ø öˆ=b€Ø öˆ=b€Ø öˆ=b€Ø öˆ=b€Ø öˆ=b€Ø öˆ=b€Ø öˆ=b€Ø öˆ=b€Ø öˆ=b€Ø öˆ=b€Ø öˆ=b€Ø öˆ=b€Ø öˆ=b€Ø öˆ=b€Ø öˆ=b€Ø öˆ=b€Ø öˆ=b€Ø öˆ=b€Ø öˆ=b€Ø öˆ=b€Ø öˆ=b€Ø öˆ=b€Ø öˆ=b€Ø öˆ=b€Ø öˆ=b€Ø öˆ=b€Ø öˆ=b€Ø öˆ=b€Ø öˆ=b€Ø öˆ=b€Ø öˆ=b€Ø öˆ=b€Ø öˆ=b€Ø öˆ=b€Ø öˆ=b€Ø öˆ=b€Ø öˆ=b€Ø öˆ=b€Ø öˆ=b€Ø öˆ=b€Ø öˆ=b€Ø öˆ=b€Ø öˆ=b€Ø öˆ=b€Ø öˆ=b€Ø öˆ=b€Ø öˆ=b€Ø öˆ=b€Ø öˆ=b€Ø öˆ=b€Ø öˆ=b€Ø öˆ=b€Ø öˆ=b€Ø öˆ=b€Ø öˆ=b€Ø öˆ=b€Ø öˆ=b€Ø öˆ=b€Ø öˆ=b€Ø öˆ=b€Ø öˆ=b€Ø öˆ=b€Ø öˆ=b€Ø öˆ=b€Ø öˆ=b€Ø öˆ=b€Ø öˆ=b€Ø öˆ=b€Ø öˆ=b€Ø öˆ=b€Ø öˆ=b€Ø öˆ=b€Ø öˆ=b€Ø öˆ=b€Ø öˆ=b€Ø öˆ=b€Ø öˆ=b€Ø öˆ=b€Ø öˆ=b€Ø öˆ=b€Ø öˆ=b€Ø öˆ=b€Ø öˆ=b€Ø öˆ=b€Ø öˆ=b€Ø öˆ=b€Ø öˆ=b€Ø öˆ=b€Ø öˆ=b€Ø öˆ=b€Ø öˆ=b€Ø öˆ=b€Ø öˆ=b€Ø öˆ=b€Ø öˆ=b€Ø öˆ=b€Ø öˆ=b€Ø öˆ=b€Ø öˆ=b€Ø öˆ=b€Ø öˆ=b€Ø öˆ=b€Ø öˆ=b€Ø öˆ=b€Ø öˆ=b€Ø öˆ=b€Ø öˆ=b€Ø öˆ=b€Ø öˆ=b€Ø öˆ=b€Ø öˆ=b€Ø öˆ=b€Ø öˆ=b€Ø öˆ=b€Ø öˆ=b€Ø öˆ=b€Ø öˆ=b€Ø öˆ=b€Ø öˆ=b€Ø öˆ=b€Ø öˆ=b€Ø öˆ=b€Ø öˆ=b€Ø öˆ=b€Ø öˆ=b€Ø öˆ=b€Ø öˆ=b€Ø ?#¯_˜>™(IEND®B`‚' height='200' width='200'/><br>]]>
    </system-out>
  </testcase> <!-- runScenario -->
  <system-out>
    <![CDATA[<br><img src='data:image/png;base64,‰PNG

IHDR
1K«Í/sRGB®Îé
ˆIDATxœí×1À0À°¬ü9g?9´‡„À¯¿Ý€™s;x…=b€Ø öˆ=b€Ø öˆ=b€Ø öˆ=b€Ø öˆ=b€Ø öˆ=b€Ø öˆ=b€Ø öˆ=b€Ø öˆ=b€Ø öˆ=b€Ø öˆ=b€Ø öˆ=b€Ø öˆ=b€Ø öˆ=b€Ø öˆ=b€Ø öˆ=b€Ø öˆ=b€Ø öˆ=b€Ø öˆ=b€Ø öˆ=b€Ø öˆ=b€Ø öˆ=b€Ø öˆ=b€Ø öˆ=b€Ø öˆ=b€Ø öˆ=b€Ø öˆ=b€Ø öˆ=b€Ø öˆ=b€Ø öˆ=b€Ø öˆ=b€Ø öˆ=b€Ø öˆ=b€Ø öˆ=b€Ø öˆ=b€Ø öˆ=b€Ø öˆ=b€Ø öˆ=b€Ø öˆ=b€Ø öˆ=b€Ø öˆ=b€Ø öˆ=b€Ø öˆ=b€Ø öˆ=b€Ø öˆ=b€Ø öˆ=b€Ø öˆ=b€Ø öˆ=b€Ø öˆ=b€Ø öˆ=b€Ø öˆ=b€Ø öˆ=b€Ø öˆ=b€Ø öˆ=b€Ø öˆ=b€Ø öˆ=b€Ø öˆ=b€Ø öˆ=b€Ø öˆ=b€Ø öˆ=b€Ø öˆ=b€Ø öˆ=b€Ø öˆ=b€Ø öˆ=b€Ø öˆ=b€Ø öˆ=b€Ø öˆ=b€Ø öˆ=b€Ø öˆ=b€Ø öˆ=b€Ø öˆ=b€Ø öˆ=b€Ø öˆ=b€Ø öˆ=b€Ø öˆ=b€Ø öˆ=b€Ø öˆ=b€Ø öˆ=b€Ø öˆ=b€Ø öˆ=b€Ø öˆ=b€Ø öˆ=b€Ø öˆ=b€Ø öˆ=b€Ø öˆ=b€Ø öˆ=b€Ø öˆ=b€Ø öˆ=b€Ø öˆ=b€Ø öˆ=b€Ø öˆ=b€Ø öˆ=b€Ø öˆ=b€Ø öˆ=b€Ø öˆ=b€Ø öˆ=b€Ø öˆ=b€Ø öˆ=b€Ø öˆ=b€Ø öˆ=b€Ø öˆ=b€Ø öˆ=b€Ø öˆ=b€Ø öˆ=b€Ø öˆ=b€Ø öˆ=b€Ø öˆ=b€Ø öˆ=b€Ø öˆ=b€Ø öˆ=b€Ø öˆ=b€Ø öˆ=b€Ø öˆ=b€Ø öˆ=b€Ø öˆ=b€Ø öˆ=b€Ø öˆ=b€Ø öˆ=b€Ø öˆ=b€Ø öˆ=b€Ø öˆ=b€Ø öˆ=b€Ø öˆ=b€Ø öˆ=b€Ø öˆ=b€Ø öˆ=b€Ø öˆ=b€Ø öˆ=b€Ø öˆ=b€Ø öˆ=b€Ø öˆ=b€Ø öˆ=b€Ø öˆ=b€Ø öˆ=b€Ø öˆ=b€Ø öˆ=b€Ø öˆ=b€Ø öˆ=b€Ø öˆ=b€Ø öˆ=b€Ø ?#¯_˜>™(IEND®B`‚' height='200' width='200'/><br>
<br><img src='data:image/png;base64,‰PNG

IHDR
1K«Í/sRGB®Îé IDATxœìÝwt\Õµ?ð½Ï-S¤Q±Ü{7Æc\0¸Ñlj¨!„B‡B^ò’?„??¼—i¤/Ô`bÓ±M˜blª±?‹\dKM¹åœýûcF²dY#i$<ï·òý¬…Ö?™sÏÝWZß=gŸs8•ñ€H•:ø¿éä!=€<¤?‡ôò?@ÒÈCzyH éä!=€<¤?‡ôò?@ÒÈCzyH éä!=€<¤?g—:€_ï¼ùš1a`9Šˆ?2¢Ø&&Ò,,¤H‘PîÝnbb!Éf²A¨Å¨xÄNTTöí[•¨¨ˆ—Å˜5‘"b"ÓPŸ\ûÎ–íéÜYû¸¢V$Ú"f2Ùm¿cEÚ?%¤-R!“#’±ÉÒÍÁä»kÐFî¢D²V¢”‚ê>‰a£&õ€nCzP2N8Þ$Ói›XÄ!cÉÞOåÌL$"mD„Ú?ˆ?b–ü¡0,ÛéÛ·ß¸1ã·ð ƒ®ªîk9®eG˜f·å*O.{ìœs>‰*¦Ü“;±ˆpëƒ|ÒÀD$"¬ˆ¤9X&f’ü>I.Ë`!é(`¢6wGÍW$1ÄŠ³ÿÓGÍ¸{ñÊýÿ×ø÷„ô d.¼ð2·ig£[?F‰É"+|¶åödùïÕYšŸßE„)ÿxÝüœ?{L—0EÄh-ÌS&tøìÙÃG¯H$
3aÂ„/}éKŽc;®CÒêÁ?(?
!BLù¨Zôe_Ù‹jÎ¨]ŽADœOò‘S>™hé¡å^˜©±)}Èø‘ûáo9œÊø¥Žàß”Ñ…»Ùíg1I~Ð`ÏSvîQ\„òßÃ·|OÍÏç”?Î½#B¾ï'“??ï?=&_¤ÓeAd2ÇqšŸü‰H˜¹å€Ú|·Ÿe_KnÄCš›µœKm8?ä°'ïÙóNÛKQjeÒìV}2ØFJæˆÃf§¶*.¢‘!¥ˆ&!²ˆˆH1“2DŠŒ!RùcmH)bMd±6¤,bÛ±bñøü9ó.¸èB?ð\7Ò­`žyæéË.û¢"Ñ¤lâ?ÄfŠ²™C‹ŒaKEÆ?•56¢–/Œ´Õ)Öš”%¬‰lÖ!)[8$±É„­/Úú}ÃæN»ýÎ{ÿ·û‚ô dÆŽãx‰Ý:¡º?ç8‡™?Hø†xÐ€þ'Ÿü©ã??¾OŸ>EtU‘¨˜2eJÍõDÿ0…¡:tx©ãø7‚â"€’qâ0MnewÓƒæÂ~ñ}ßóýò²2fVªGkUcÂ0°·¥(I„r¥>ÜÍ:¥}¼w'ºm}]#Bþn?*ztFJæÔ“N³3É?Ä–1ù©-{¶¶×£Lb$u2Y¯²¢êšo~sþQGõøž^zqÅw¾w­Ý¥4£eFqë÷s~ªB·sŒÜâKM^pÜ3¯ýÑO»w2é@É|üñÆh¦i³6N~Y 5OÚm~Ú6’Éf'N<ð«_ýêÜyózžQc2µþã?H“²r“?;êµ˜Ò£–åP»‡©)?Ý1fHW€â ¸ d²éT9%¨Òæ–ì å{ø6L,&TŠ„È÷}‘šš×u^¡{êêê˜±Ê¯1Ôj?¶­‡dOxÍ;"´‰|¯1?6Zµn¹P›ƒ\-”à¤ŽõïÅÛ€0zP27~ÿz+³+iU)ÑÍïí;= fÑ¡ˆöýpÈà!ß¸æUU½³Ö§6&“N~ðÆëoÜ÷ÀýÊRœ_}hŸuNíup7tØyA0å€Q—|ùÝ½/(FJfèàéT£Å?,”+Ü7FÆŽËOo9þÄ…–²Š¾®çyï¿÷îëÖ½»úÝw>|wÃúuAn¯Ý¾nã{oÚÜ6†âäîŽ;»ÍöW4FN:êð?/~¡øk@w =(™[7Ûœj
£vËVÈí´ì†A&•>bXMß¾=¿ôöÚÚ­µÛ¼Àw×²”eÙ¶m)Ûfcš7Zk§yc´â®Ø¼árWÛ1‘¡DÌJôZÜE »P\P2KŸzJ™´oÜ›
“1¦vkí§N<ù°#fq•ÚíÛžZöÔª×WI ©y‡bË²•¥ò{!­c‰²?~üïÉè"²
fò=²åÂÓÎéÁ• 0zP2ƒöÏ4ÔwåÿÂ?^øÛßýfäèQÝêÿÕW_½û®»ÿúØÃ›>ÞRt?%wòü.]Yê(þ]`ô d/zÂdÒ¡í&Ü÷óL^Æ#EsfÏ©¬¬ìnÿ±hlæ¬ÃŽ9æ˜xy¼,^®µn5`ï:Ž•L6uÿ&>A"âD¢}b½²p+tÒ€’©O6::™öÊ,2{ÕÞ0³ˆ4¥ROš<é É]ï3ÃËWn­ÝJ$n$RUY!BÙL6›É¶ô\Ü‚¢OlÝC·Ngæ†¦ly¿XÑW€îBq@ÉØ?š­ßâuØ`Ì˜Q?=öÄ¤Iv©;¡×W½þÝï]ûÒÊåõ?½gi?0oÆCO¢¸`?Áè@Éüò×¿S[Md #Í›ˆ11­³Ùàˆé‡u57 "¦m;·/8öØ3>}šmEEBn·•@«MÍ˜H$·£™ˆˆ?äöCk©?’6!µêaŸ/©mºß‡F†W¢¸`ÿÁè@Élxÿ}ì0±AÆ‹Å+Í¬_3uê!]ìGH^}åÕLÚ+?Ç¬ˆk)‹˜•ˆ°b!fE¢…UnÿÑ:0F~Æ"îSUIJ‰6"D$lÙ,bX©==P(d3"abÃ¬ÄH¾êˆ‘Å¢‰•1"KD³RdD˜˜I(l³baf!f1†9·›‘==33¾®Ž5Ã'}’Øé@ÉL;Æ4ínTW±ˆ1D6s M&“9çÜsýË_E#N§?lÜ¸ñúë¯¿÷Þ{£×²lË¶?6ÌÌLÚˆÅÄÌ¡ÅÄJ‘1DdˆÂ ¨éÛoüØ±ÃF?pâAŒ·æ?57Üp=31+ffV–¥r=³1BDJ)c1)fÑD³¥˜„H)ÅDÚ3+&cH±+#B"J©–;-”;1ß1-¬“6b+ªO{ÇÍ›õà£KöËP\P:gösaº.´Ê˜%_OÃì{~¼¬ü+_¹²+¹­Y³Æ¶í+¾t…ø6[ÌÜ¦v‡òÅDZ‡AŠˆ:pð¸ÆOŸ>mÈ°¡ÑHÄ¶m"špà„­µ[=ÏWJå»6²wW­Š“ö.êâAû7;î“™Ó=óÀAÅÿŠ ›0zP2õ;k£’i0qÅ:÷ŽÑÆRÖðÃ»rz†>ZŠvW)¥”ÊÏ! j)àWLA¦ÓéÊÊŠaÃ
uëùÞÖ-Û˜…:-õßçCÿ'€‰E¸ÌÖñš!Ÿàe Œ”ÌQÇ§›ê2ì(ÎON'3Ÿ9çìÛ~ñÇéäÿÏuuu_ÿú×?±$s™UsV°Gnj¯ïû$ôé³Îúò—¯0¡V¶ÕQ‡O=ùÔÅ—\bYlYvûÞö(z]Óî&BÄÔ”
Î:nÖ­w>TìU {?”Ìá‡M·³»šÜ>"2F´‘/œ{n§¹½üòË›kk?YxŒc;ûzfg&JeÒa¨?uÊ)çœ}vYYYáûô©ž>cz¢"áX¦û3;Èí{Ð˜l6fB±×€nCq@ÉD\¥ÃÛî#F[–•õ²®ë(Uèé<Çó¼À#ÑˆÕ<O ·ÒOîÀ²¬T:•ÍzUÕU-ºBkÓ¼âéžÞš×%j©'’\îAûl¶?%W&Ô¦“®?ÈÄBLAƒG?ä6Ð[0zP2§œtšãèLÖ°âÆú†#‡ÿò—¿ìSSSø¬ž}á‡?ù¡—ñbÑ¨!­™)­™Ørì]»võÔÿÚÿüÞÌY3ºÌÓÏ<óýë¯wÝˆRl)K“Ë4Œ£,KDŒ1–²„E´aV¬ÈhafVl´a"¶”1Ê²rlY$$F³RL¬?VJ)æPkf¶”ÒZSîÀ±-«åÀ?¤š2óíÿºÇ¿lè¤%³}ç¶ˆNïÌŠcq:ëêÄSªút’¤Ò©{îûÓÆõ”e)•ûº=ÿe¾ˆ(Vž$*ç}þ3gMïn<;wí²‘Ü®D’ŸÕ ¹ÝÒ¤Õµö\”ˆ™YDrå@-mÛçÆXDˆssŽ13íãÄVW¤T:½£iD‘¿_è>”Œö3ì?2a†5Õ}”ÕI-?Ñf÷îÝÊ¶”R$B¹YÍ9YÏ#’Dy"‹u7˜0šš²Ì&÷2ÿ¼ž_©ÕFÆ-¥V˜¹Ý¤„–¥ùƒ=?Q«O¹í*H­nŠˆYn˜ä²¾Ý½(FJæ›×\“mÜ–•x&?ºàÂóO?íôÂíßzãÍ›òã Ô¶²òÏî9B–m??°ÿÀoü~¹½¾ê?[o½•™ÇÏËj-¹Gú–ÇøN~îÕcûeO÷J'ºðÓ0Ïž2þ’¯~§ˆ;€" =(™eO>m55mÉ¦*×|ë›…û¾óÿøáG.?—“í¸bt~è@)ßó˜Õm¿øE¢²¢¸`¶lÙúøc?+›s•EJ±í8b±Ñ¬”Q–Êí|l´a¥Œ1J)1†ç3#ÌÜ’-p~†q.Åh5P$†X‘˜æ1
EbX±a¥ÄRJŒ±,Õ˜LÙþÜKŠ»%è>”ÌÖÚõeÜXTE,5røî¬²hý†õ¤H‰eÄD¢Ñ¬Ÿvl7}Ûrê¢ndìØ1Eãg¼­Û·f²~6ðE„ÈÄ£ñL6‹Å3™t,M§³±h4“Í$ÊË?PyyY&›?F#^Ö?Dlß7ŽcaèØ*É²Äf"ÒLŽ‘À¶œ0ôm;Y×?z^6?f³™h4žÉ¤ãñX:?‰Çã©tº,OeÒñx<•lªN¨xÅ°¢ïº£%óØ_ÿ–õ›$´Ï>ëÌÂ¹?çûwÿïÿnÛ¼5?ˆä
ôóó†«d²ñÈ£?:úè£{ÌG>ºï¾<ð€³?ûÙŽÚè \¿~Ã›o¼¹fõšú††ÊŠJËV–²Ú—µhûf.[È­X*¹yÉ¹ÅlšæÞÉMn´?bàIŸ>¯'·]‡Ñ€’<°CC}<^þ?¼tÐAhùüóÏ/Xp\îûÿØñxùÒ¥KæÎ?Ó“`yä‘3Ï<sÞœyK—-íhö‚‚´çm«­}ÿý÷Ÿyæ¹®\ñòk¯ù¾×“ëvê˜Ù3zå'zh?ô dÞXõª4IYõôiÓ
·¬««[½úm¥˜¹Íl_¥T:?ªéÛoê!‡ô0˜úÝ»ß~gmß>5ãÆ?S]ÛLÍ„úí5k¶×íÔA ?vl'‰X–•[¢T¤è–ó˜9u¿Ê²QÜÃ® ‹P\P2uÛ·&Ó©Ùó
?ÑîúúE‹ž¨ªªh·%“?£F?îyn@DÉ¦¦uï˜’;fu-=P¶uÐÁ{‚ßZ»õ©'ŸNgÓ}kj”RÊRm*?ŠH˜LÚºjT÷O€â =(™sÏ¿¨¡¡~ÉÒeÃ‡,(Ðìî»þ÷k_û?Ž>ýÁnœ3§GeE9Ï=÷âùçá€^[µ*fó¯ƒëº¶cß÷‡ûW¬|ALÏ#Ê;æð©??ûÏ^ë
Bq@É,ùÛ¬õ‚NH$Ê
4{ýµ×7nX¯[‡†[fø)ËÊd2Ç· ¢¢²çÁlÚ´iéÒ¥ƒ‡=î¸–²ŠîÇó¼gž~fÇÎºhÄµÇR–m)“Û¹ËC¹–Žm×7&‡õKL›S(}€^„Ñ€’2tØˆaýç™LÚÃ¡Ã†2[Ì*Ée,”ñ2³Æ?ë•Ü€ˆª+ª&OšÜ¯¦?ÅÅçD‰DN<éÄÜñ»ï¾óñ¦-åå•1×?fVŠL(ì0‡b+"£…¦@ÄfeD¶l2¡°ÍlÈÔô7ý*Ü^¹Aè
¤%süq®ûúå_û¯›´yô‘Ç.¾ôâL&Óþ£xYù“K—Î™Ó·W‚yîÅçO?ý´yóç?ñø±x1û.·g±úÅm·<óÌÓét–L‘3•??êð‡¿Ð+ñ@§?”Ì—®¸âø“Ž)ÜfØ¨áß¸æÒF+æ–µ€˜Y›?ƒN™ÒkKúLœpÀõ7Ü0xð`Çuz«Ï±ãÇßû§{üÓýk?|Ç‰DÇÍ­iÔÅÓYq&:¶oÅ?ÂÜ€’©Ý¼yô¨A¤"5¢Û¶g=Ï¶­–uBs»†éPÐ??öV0¾lÙº¥ª¼¢ª¦º·úl-“Í~¼ñãX,jYVs’°÷BLÍš?b£âŽ­òI„í!=(™Ù³f¼¸|y"‘è¨ÁŽ;O<éø?Ö­‹DÚ¤Fk!¾çžûŽ=¶G;%·¶èñE_8ÿ}úô™>m†íXñx¼¬¬lÔˆQcÇ?:tðÀ~úô«±m{¯?ºnçŽ?W_ý?'/Šº!ÊmŠÜéY©löŒ£¿ýO?wQè.”Ì?MÒcF=pà «õFLaÄbåcÆŒîÅ`úöë{äü£…´úaÈétzÓÇ›Ö¬y[-³G?9eÊ”©Ó¦Nž4¹¬¬ÐDêÂýßrë­Ã†ý×¿þ?Å•2"?g~h˜ÔÉ¾Ð‹0zP2»wíèß¯Òq:|à#;êvZJµ~Šfb-:êº‰ÊÞY³('‚d2)F„öT1‘Ñ„¾ç{b$‘Hä6EfÅ}*«I9’P·³.ÛuI„š—j¥=EÂL"ÄÌ¡1•¶gb˜~°Ÿ`ô d.¸à‚‡zØéx&ðÒ¥K¿ûÝo;®Ûüäœÿ‘Íf?:ó7¿ý¥ëöÚ¢Ÿ+V®üæÕßPqË¦BÄÄBBÄŠH(ÔZDH„™ûÔô?>íÐÏ|æì)S¦t·âè…^¸é7ZŽÍŠ™‘H>O`ÊMK`&fÊxfþôn¾íÎÞºM(é@ÉDìSX A]]] ¥"žplÛäžË“P¨©¬<æH,ºÏZÙª¼¬R)&""&""abbEFçÞ/ã?öøÒµkß¹ðÂ‹Ž[¸ [“¤O8ñ„¿ÿã¥§Ÿ~®o¿~¡ŸR¶cS~Ø¢å¢ÄLŠÓN¤Èr&(Š‹J&ð2‰)UÑQcL6ëç&‰01kmGYV?ö/Û‹£?6Få
{rOç-¹gwf2Fˆ‰Å(¶´HdS©tŸš>ŽÝíï›“$?FDÈ²ìÜÒL¹u™šˆ‰Ø$}B†°Ÿ =(™ÿø?ÿøÙÿü$‘(ï¨ÁŸþtÏã??VU]EÒz
/§S©£Ž>ú’K.éÅ`V½¶ê¿öÓˆãØ¶-ÌfÚ3™XZ<i­³žW]‘¸àâKfLŸÞõ‹Þuç]?üõ‘:šZÀi/8dÂÈ+¯þn÷oŠ?â"€’yù+?1¼ÿþûK—.-++SªÍ–h??Éê>}z7˜;w>÷Ì³aØ¶Ý²!A›¥…
.2¤µÎd½çžá¦›n:õÔÓ”¥
µn6ó°Ã~~ËÏW¬X?F¥]ÿÌÔ”ÊøGÏ¿²û·ÅÁè@ÉÔnÙ2lèÇí°j?•JÕÕÕ)eå+|ò8‚ŠªÊêªª^ÆóüíÛ·m²Ù¬ÃÌÌ¬,Ë±mÛrò4Wþ´—›?œI¥le?;ªë×M64ÖÖÖº±¨½¯Z)m¸L¥b5#{pgÐ=(™»ï¼ëšo]ít¼øÐšµk|à/®ãîÉ„˜)“ÍN9ä óÎûBÑ›”µ÷á‡ëîºëÎÑ#Gœ|Ê)¢eGÝŽÚÚÚ>ø`û¶ñxÔ¶Ý½÷)?æñ…=£¬Åd3™òòòË¾xé°¡Ã:½n¢²bwý®Ûoý…ãFˆ¹Í®LY?œzà˜Ó?wAoÝ&†Ñ€’™zð¤—ÿõ¯ÊŽ·/X´hÑ©§žZYUÁ¬öì2ÌÔ”J2eÚ³Ï<Uô&eí=úè£§Ÿ~úü¹G.Y²8?d³ÙT:µ»®îƒ×=ùô²7ÞxýÍ×ßô}Ï?¸$Ôœ–ìs$?‰(?ÉL™6ýž;ï;vL§—njjºè’KþËŸ+«+I¨Õ0§Óé£gÏüË¢gzë6 0¤%³úõU‡N›dw¼-Zãîú5ï½çÚ6)æV3´1±XìÀ'2õÚèAC}ý«ßÐà„qãÚ÷êeý>ü ¾~w¨“X–?Çr‹QóœåÖ´æúÆÆñcGÖùBn××_£ººšIn?&âÜZI‰ˆ5xÔÄ^ºKèŠ‹Jfí»ï4e’Ýñî–ã®ûàC#Ú²¬6“„…<Ïïß§o¿?½¶?ðÖÚÚ7_[5qâ¤Ñ£Gµ_¥4u'M:°ååªU«–/_ž(/?ÆbJ)cÌ>F„7|ô?1râI'4¸ðÕkjjfNŸñÀŸŒÅ"®ÑZçê¨¼@?PŽô`¿Áè@ÉÔTWÔn|¿²ßÐŽìØ±ãðY‡¸îÃ}~ú›ßüöòË/ë­`¸ÿ?s>wÎá‡Ïzæ™gc±X?–F›­µ[ÿðû?üöŽßnÙ²%‹z™l?ösgÏ{èá¿ôïpõÒ¼úúúO>éï+_r£?ëµ¼ìá‡>öì?ºCP¤%óÁûïNž0@¹ý:j`Œ<ÿì3Û¶ns"‘ÜÎd’_ÂˆÓMMÓgL?ð É½ÌúŸ}êé1ãÇÎ™3ÇR]Z–ôý÷ßÿç¿^öš2å‰„ÅJŒ°?/2ÉÇiBÝ”j:éS'8 Óß^»öå•ÿˆE£¶ëÙ*lò‡é3uöÑ=¾?è”L²n[S2RQÓaz O:h²m»ÄÄªec"bcúínl‚Àq:.NêŽªDbÌ˜15}ú¨.Ïg7nÜ¸qãˆè…_È¤3åååÒz‡–ÙËÌ¯¼öêÀ§M;´p‡“&N¬¬H¼óöÚH4J,Ìô¡êªŽ—v€Þ†ô dN8õŒ¯]~ñ?ùY?6¯¼úÚÉ'?ÔÑ§=ôÐ™gžÙ+ÁümÉ“çž{ÎôiÓ_\þbáâ¢½A°éãM_¹ê+»vï*ÐÌuÝÇyôø“N(ÜÛú?Ö/8naëwN9rÆýKVv=è¤%ó­k¾5kú”ÂmfÌ˜ñË_þ*ƒ½ö#³m»1™4p`o3múÔo¼qØ°av»yÉ…9ŽóùÏ~Ô¨Ñ+–/·Û¶íö[§1s*?2…7^&"¢ÃgÍúÃþ°{÷îH4ÂÄB<°º¹
ôæ”L²~W„3‰~#,U¨ž'•JíÚUµbd)£Y³01Ã^6=tÈPÛí…ïz¼¬·­¶¶¼2Ñ§ºOÑ?ìÜ¶=ÙØ¯('b!aÉÅ*DL©t6?öÐù$„MovØ&‡´‘¸Êº•CŠº£%sèÔiåŽ÷Çû›=ûˆÍ–¿¸üŒ3Î´-KH8·Å€!RDBlñW\ñƒüÀ²¬³xñâóÎ?oÎa³[¼(âYîÿêk«.¾äÒÆ†úÜÔäæÊù?•µÑC‡»ï¾{¦M›^ “ .ÿâåÏ=û¬mÛ:4'/8âÎ?ÿ­¸x »?”ÌégœÂÞ.U`ã"":xÊÁç_ø…º?»lÇÒZ‹1¹9ÊB$D‘h4Âž§C‡ýô™Ÿ>`Â„žl´vìqoºñ‹–,r'‰Š˜Pk/›Ée5–m~¸­v[áNÇ¹üÒK«*«³^Š•5{æ!=ˆºÅE%£Äç°ÞSUenœœ#"™TÆ‰8¢E8ÿe<Sà‡:*«*{ŒÖ:›Í(ÛŽºæžnÆÜØØ?ÄrA¶™ŠÀœjjªLTXN'ùLÖ÷H‹²Ò!%ztFJfÞÜ£¨a·ÐïÁ{1bx?–®ûð¼óÎkJ68ŽC¹ô€Œ%¶?µq”}óÏ~zÌÑ=Úà©§–]yå—?˜=û÷¿ÿ}ÑÅE9Ûjk/¹èâõ›>ŠX.‘?Rd$ ’lJ}îs_¸ö{ß¶¬ÿ‘|ÿÆ‡yÈ
õ±óÿáíèI<Ðu]Úø>åå±²ŠúÝõë>Ü÷¾È-†>öüP¥lÅ¶R¶b'$ÑÄ¶ë¦ï‰Ç‚ 'Á¸v$^V‹ÆÈt¾¾Paý8ó¬Ï?Ø¹µM¤‰C#†Ørì·×®nhh*Ð3|ðÁŽã„–c»=­›€®Cq@ÉXA½¯ª¢+‰n,F,ÛQlå¾_7F˜E)KDß+/?;=øÖ_a*•rc‘HoQCc“af•ï!¥˜ˆÃÐ/OÄ?N&]HccÒˆíª,9(.ØOP\P2—^|‘òv‡V¹û¯®›<yr?Æ¬xñâÅüãËq1D$¹‡x"1J‹œvò)\t~qû(¿ñ©ìu IDATæ›×ßpÃ¡‡NýîµßíìÁ½KÖ}ðÁõ7ÜD¶J5òuQ¾L›6ã{×~Ï?t|!‘ŸÝrÛKË_˜;ëÐ«¿{cÏã€®@zP2/ýýŸŽnÌR<ÙÔxÐ!Nˆhâ·lÙº{÷.¥ö.ef"Y÷î#F?\¸àØ"‚©ÛU÷ÒÊ¬Äô¸¸(gð ÁÉÆÝo¯Yã8NëÙÉ¹¬fÓ¦Í]|Ñ¨‘#;<Ÿ•-ôêk¯ö¯èÑDè”ŒßÔ³Òª¿—IG·ª¦ºÓS“Édyy9I~bÎýgŒI¥R‰XYeßÎûi/‚Ý»wÇb±D¢×*yêëë}ß?¸‘½BÕFg³Þ€ý¯ÇšÍd’É2GT¬˜;€"`ô d~~û¯Ø«Ïh×R*™j:ú˜£N?íôÂ§TTT¼ðÂ‹K—,®HT6?sïÁÌFë¬çÍ?7ïô3N³T7&õ®]»ö÷¿ûý¤I“.¹ô’žï¢?ãF"·Ýv[c}£eïÕ!{~vÒ„/¼ô¢×Êd3·Ývû°~•ç]vU¯Ä?Âè@ÉŒ8 ÝÐ˜&?{9á€Ï>ýìà!ƒŸµêõ×O?í´6hã:î7¾þ?k¾ý­ÊÊŠ.óèÃ=ýÓgÌŸäÒ¥OF£½SÏãg¼SN?åÉ'—íóÓ&Nxñùåýú÷ëèôººÝ‡vøˆþ•‹ž]Ñ+ñ@§?”Ì¦ë¥±¶Q•ëÀ³,+ÃC=´Ó%Œˆhã†?ë7lpl‹-k¯5†DÄqœL&†áa3‹Åc]¦¡¾þ?÷Þ«©î3vôÚ»×â}¼éãM?Ví†DÈu?ƒ:Øv
ŒcËšµï©09|Ü”ÞŠ
Cq@É¬X¹"ªëÓªŠE‘1æÍ7ß<õ´ÓPøÄá#†—'Êï½÷?xÌ%bÉ­b$BùµŒ„™?1«W¯ö<oØ°á.¨ªª*ÜçîúúW_yeÄˆ£F?²¨×¶(‹—½»v­¯µeY¹ùLù%Œ|?ˆÅÊ&NœÐñÙ¼k×®¦­ï"=Øo?”Ì7¾þõ2ÊlJSÔVÌ†¡õóÏ¿pç]wF;C(++[¿îƒ_Ü~[$ü?•(ei­‰È¶,­??±-GëPYÖ¨#¯ú?+O;íÓû ^}õÕ+¯¼rî¼yG}t,ÖÕ1‡N564þ×ßß¶½–„”¥˜IkafÛ¶RM©k¯ýÞ?7~¿Àé[²tù’Ç—?üùÞŠ
Cq@É¼¼òÅLýf«¬Ÿè?¬ˆ"Êd²Šù¤SObî|WûL&³ì©g‚Tª¢ªŠ˜Y˜Y´h&%Ì"Æ"6Ì"&¹k—&uø¬™#ÆŒî¨·Ûv¼øÜóý÷Ÿ3w®êÂÕ»(ƒå+þ‘mh°#ÑPB‹“6*¶_?=jÒäINÿ£?·­_}èáÅ,Õ
EÀè@ÉXìTWÔøN‚Yk!bãÆ#&0O.^rÄÜy?,0‹ÅN=åäL&³ò¹ç™íH<&
‰a––Èˆˆ¨¬l˜YûÞ»o­~›H4I4Ø¯ÿ?áCª*«mÛ"¢Xy¼²OUy,j„T¯M= Ûvì»Ñó?¨å?M$L®EŠˆm;ÛÔ”c¸Ý6-jª*šÊ±e2Àþƒô dÎøÌ™^ºÉX–R*_‘/dÈ4%›.¼ðÂ_ÿú×]™¦LD+_þÇ?üc¶-[YùùmíµªÑÆèÐµía#G÷íWS??=nÃÆõ?>öØ¼¹ó–>¹Ôî½â""úå/}ûí·UVT´lŽ&DÌœlJNŸ6íÅWD£ÞæË¯¼rë?ßzxÙß{1(é@Éü×w¯‹ø?õ*j±‘æ9L¤µö|/‚®¤±Xìºëo8xê´×_yÕ‰ºQ7ÂÌB¹ñƒ½å†r›“‰¥Òij!9´ß¡ÓgÌ˜0a‚ã8½{›ç}áÜAƒºŽË­2!ƒpÀÀ?N¡•‹hòÄÉW~ùŠÞ?
ÀÜ€’YûÆ+•?Ê˜LËƒ»1±“jJ?;¦ºOŸ®w˜¬oxû?µ‘H4‹ŠáVù@[’ßhY”R-‹…aXYY1lø0îhþrQ“É?Ö­s\w¯Nµ6–R'P`U/nÙøþ€ác{1(£%sÂI'…©úF_1·©þÉ=Ók­§L>ð¾:ðÀ‰]ìÐ×á²%Oþôç?OeRÜRÊÓªÏ6í„Z9þ’%K¢½Z\ôûßýáê«¿fYVëéLj=bÄˆ·ÞZ?H”wtî[kß¾éê/Ý»ø…^Œ
@zP2W\y×ïª³#$fïÏ˜”‘º;×®^Ýõô ¦¦æ¿n¸næ¬Y‹??f¶-ÛR¬ˆÚæ
ûÂÌ^:=jäHËí?-“[Lœ8áâ‹/)¯ª0¦íc*ËÊl§Ðýjª?þÔ)½€â"€’É¦›\[¬hBiè?™[¾àÏÏ'ÖY\]U]Ü%6oÚ,$e‰rÇrˆI)eŒÉ%¹Œ!÷?¾EØÊø^4‹ôvzàûA&•²#®ˆ0±??+Öa¨X•w<t@DZ(hÜn"EÞ>tFJfÎì¹••q²ìtS1-¬X1kc˜H)jSQ^ÞÐÔxÄaGÜðýÜ­þ}ß_¿~ýï~ÿû×ßXø?ãØMÉ¦DE…ˆÑ¹mŒ‰´6¬ÈR–1Æóü©S§Þu×]]\1©‹þó?¯yâoOÄbñÜ¬kVJ)†aS™zÿý÷«},¶”÷âŠåwÞòãßÜû×^Œ
@zP23gºkÃÚ]¡?¨¨dRFŒ¥Ôž
&KÈ°ÔT÷]»fí“KŸ¼ð¢»Õ¿ëº³çÌ?~ìß_úû£?>þáGÆbqKYFŒmÛDbY¶1bDâñpà€ÜñÃzqŒ‘ªÊ>nÄebÊM´`#Zdâ
äDd[Î€ÁÃz7(ÅE%ã*m?a¬j²,!!bRŠ˜ˆk-F‚ÀÇ-°E@i-J±1¢µN§3~à™Ð(ËŠFc¶mÅ¢N?MÊŠcŒÑF+¶´"¡ÜÂ Œ¸¶²
Í=¡ Sª²Þ:‚Ñ€’Y¸ðøò'CÇ"CÌ”›>Üz}Ÿ=«11¥R©ñã'\{íwÇ?+~¡OËâÜO/ëíÞ½cÛ¶[7oIeRÿüç?_ýõéÓ¦ÿøÇÿíFzí_‡·ßzëëß¸&›Í8vsŸœK?Ä÷ýï|ûÛ'œtb?Óqû¯6®~õÆ[Ó[ñ@aHJ&Õ”ªû¸!u9ô‰™Y™æYFŒ)¥DŒˆ(e‰‘¼ðÂs›¶lüõm¿À¸^=‹?1rÔ¨Ñžïm"‘È½÷Þ×¯_?²:[ä¨;Þ\³æ?7_¯ª¬!ff&c$W¿¤µ‰Ø?ü3ôÖê··oØØ‹ñ@a(.(™ÀË’Ÿ´bU–e‰bRÌ¹¹Jqn’@ëU†,Ë
ý0™nªªªŒöêìa""’ºº]ñx<‰*ÕkÓ$”ŒŸ&VLJÈ´l¸&bÂPÇËâvÁâ"Ï½Ì.+ì/=(™o\}uuu\Ø£-V†LûýÊDÈ"Òd,R!‘b!²E{/¨ª®þÌÙŸ™rÐÁ½Ì›o¾uÇwL<pâå—QQ¡Gö®khh¸ùæy¾¯˜™•"cHi"ÛÒS¦L¿èÂ
œ^·}ç?~Ëèþñ/|é›½t
£%3jÄ°p÷Î£,›ˆ”ˆ0íµ?š2ŠÛì€ÌÌb„•¥EÆŒýÝï}÷¬³Îêù`Â¢E‹N?ãôc?Yðè_ÿ?E{Ø[ÎŸøó9Ÿû¬e[J‰2ÄL†Hˆ¬0¾õŸßþáM?(púŠ+Ž<æØ…GL{hÉó½t
é@É4ÔÕ?;3N•Eºyj²´ 0‹ç—1"jYÿ3¿ú±!J66Š1Ó¦Mëùj¤©TjÃÆ?••ƒì­Å‹¶oß¾cûŽHÔe&!¦ü¢¦"ÄÙlvø°á?+D^ÖûpÝ‡•1§Ï ‘½t
ÅE%óÐŸÿRå„Û‚¨Í¦Í÷?™?‘gž}F´)++?|öœC§NQE=Ü×ÖÖ>ñø¢ñÆêSŸê•Ò¢u~øÐÃ;ŽÓ.uaÏËNš4iò¤ÉNg¢eË–­~û­iGÏEz°¿`ô d†ì/õ»™I„›ŠþID‰òSO;ã¼Ï~ÆÌ™UÕUÝ
æÁþüÙsÎž>uÚò—–G£±ÞZ6›ýÌYg-zâ‰\fÐ>Ôo~ó›?ùÉO
ô°kwý”ƒÞ´éããçÎxxÙÊÆ]„ô dÞ]ýºÞ½©ÑígIØ“Ü€g3YÇuš’M^://?böìêêî­öS[[ûòËÿì[Óoæa3íÎÖí”1æé§ŸVŠÇm=q‚ˆD¤)•:læáýû×èÁ÷ƒeO-ó²™áj&MŸÓÃx ‹P\P2nØ8 œÓ©”M¤IÛd…Úd7ÿÌ½³×O¥É(R†Œ"%-i³Ÿñ]Ç?Tº¾ÖÏ?û|`BÒ?Fû0jÔèýû†•"-Ñˆk©žÖyž·dÉ’ˆí„Ji_‡dlR¹Ÿš%“LM™zHáÜ€ˆÖ¬Y#ÚDÝ2Ûv{tFJfèÀþ•¦~}ò“½J48°ß„ñvøá³f6jÌ¨AýºÑˆëºV«=~ø¡Oú¬yóæ>ùä²h´ø•‹´ÖW_ýõÛn»Ý˜'T,[¶lÁ‚:©«Ûyü'½ò¯—‰hÁÑG>ú·eEÇÝ‚Ñ€’¹óî?6nZ“v(2ÅíT,­6J?v›&äÞÃ0´ÑA:?z÷½÷I‘"0``,Öf‚Áa‡ÍºåÖ[†æ8N±7D¹½Û&Nœü³Ÿþ,?YÍ3rX©TSSUuõ‘óçîÄq#—]|éœO¬†ô/ïI<Ð-=(™wV¿?eµê¯($"C¤¨y_€æ—šˆ›ßÏ½T­fä^æ2?Ü§-OäÜü²yße"­uÖóBÏ7$Ìœß–Yˆ™mÇv·ªªzÄðáTìº¦»víZ³vmEEÂu#dŒ´[ë?‰'O.´`QÎÚµk/t¢‘PsEÔï7dB‘@7!=(™1#Gxé¤oDq›U}r
¿Ìí#@­ÞÜëå>ßÉ¥
D$$Í3†9÷3§2™cŽ:ú‰Ç¹±b6Yûàƒ.¼àÂ•/­H”—›Üp7‡-DD©têª+¾rËm·Þ¥aóæÍsf±iÓ¦X,žÌxg;ÿO?.."(Š‹Jæª/~ÉÛùQ­$ÖÍïí?tðØ/­>jÑf5£ÞiÝ¸ÍUDDëpÒA“Ù)rìà_¯¼2nìØ©‡N5íK¥˜?°mëëW­ÓÜ¶mÛqÜq'ÚŽ%B~N;p|qñ@0zP2µ›7V%œ€ã,ÝÞmŸ?üÅiîŠƒÀ?ÅbÕUÕ¬º×w:?ÞV»?-?DX)iÉr?AÀFÚ•`6oÚ¤”²-›˜´pœ<§r@‘÷Ý„ô dž|`?Mza÷žÅÛ?/t÷ôöc”ÛªÀÈ1Ç{ç]èú¶hbÌâÅK~ô£®]³Öq]æÜZ«m(fß÷/¿ì‹7ýè?vxû¯~uãõ7ägK(ËÙc?œ÷û{ÿÒÅx ‡P\P2Ç/\°cÓGa$AFw¡ù'Œ9?N>DYÝø§áíÕ«zè¡Êªª£Ž=FÄ´O;”bÏóËÊÊ/¹üÒN{ÓZøÁ3fÎŒÅ"Æ3ù?™0~T·ïŠ…Ñ€’q-²Èg§¬Ô?ä¡f"e)ÕÙô"ò}_D2^6æF•RŽ»ïåP³Ù,uq#­uà‘h´åúbÈ»=ÁÚ¦ûFJfáÂãËEZŒP®Ü?w DÒö?½˜‰ÛäÎÚ{.²äÚ«[aÓº[&6:ÜÝ˜<xòA·Þz«êàYŸˆ²Yï½÷Þ½ÿÞûþùò?#Ñˆëº¤)%${…ªX%+ûô¹ùæ?ßùôâ·V¯þÎw¾ø^Ô?†l%ÄœlLM›2þ†›Ñ[¿s(é@ÉèPv¼»zK@å—Ý÷¬‚Ö+5´¬JÊ¹b&""Ù×AnÔ–ƒÖ¹Cë3éÔˆ¡#MÇó¤wÖÕ=øÀƒ~ðÁ-›·x¾g»ï{s®ã|ûóçŽ?®+¿?ÅûÛkÿzÍ?¹Š÷¬óšñÃÆéÊéÐ+P\P2:ð”ß?á²"V.ú$£‰h¤ÃB t:³cÇveYñXœEdß5HÂ¬|ß‘X,VUUÕÅ«ïØ±ƒˆ”²Z¿©…ËL–+úv÷^ 8=(™/_ye\eÒœ°š÷/fÎ=u7ÿ$¢Ö/Ûµéù)­_??dð?ùóçíÚ]Ÿll¬«««ÝV»{÷.âÜZ¥Š™mÛffcLG(Å©¦Ô?ÁC®»áºD"Ñ•ßÃÇ›>¾áú<Ïw‡ˆöÄÆäù2÷?‘çù;Ÿü_é@)½üÏ˜úm[²RQV–L§Ër]»)?­,/kH¥¢®ËLéL¶ª"ÑÐ”*‹Fƒ0Â0QVÖ˜J%âñt6ÃÄ±h$™ÊT–—545E\×¶¬¦t¦*QÞ˜JÅ"#’Éz¹—eÑ˜øÚ˜òx¬1•®ˆÇ›2KY×iJg*ÊÊü p#î]ÿ{wøÌ–íX–RÉd*QoL¥Ëã±¬ç#e±hc:]QV–L¥Ûv»)?­*/kL¥\Ça‘~ý\páÅåå]šOì{á?ß¿ñ‘G²m'?õª*Ê›Rñh4Ôaà‡N$*Ééçù“ÿcŠ‹J©nçöˆi’Xu6??D¢Z‡"l;ÊÏz‘h,}&KYxA4õ|ÏRŽ?6¡‰D£Y/ëØ®–€4¹×Ëzv$ž"e9¶ïùn4ê{i[¹Ê¢ ÐnÄõ²×q‰Å‰8^&‰DµÅ°åX?çYÊÒbÄÂ04ÑˆãF"
ü0‹y^Ö¶]#?hq#‘¬ç9NDk?D9Žíû>³J65úž7tèÐššš®ÿÖ¯_oY¶qÉ?ïgÝXÔÏxŽí’2a(QÖe5?É¿ì?Ñ€’¹ëÎ;U¸?q”ÊÕÒ°°ä¦aË2bØ?²”ÖZ)EBB†ˆYˆ,6Ú(V¤Èh£”eÄ0‰(–Ð(K‰I¾VÌ’Ÿ…,Bª¥&c4³ÅLBÂÂJ±É_Š´EŠE
\ÑˆilH:äìs>‹uuK5"zî™ç=±¨¢ª‚‰m¶+ªÄ,Æ?Å¤…Yi¦ñƒ*?<ùœOòï{`ô dìßØPß“-?ÿ?°,{á‚c¿}ÍÎšsDnþ@W¼ôÒßO=õ”?;wn¶`ÎŒGŸZÙa@ç?”Ì{kWKrK½©Plˆˆ„Z–ôlYw”„„‰ˆ¸ÝA»¦­Ú5c"iþ´õGù+æFöZCµ]ûÜAîÔ ½lÖ#d×ô­œ5}†êrb?óÎ;ï®[÷a,7Æ[–j<y?X3izO~ÏÐu(.(™÷Þ][UI
5/lº×Öí„Ðu]ï¡+—f#™¬—nÊ2ð„Oä.ì¯ÜÞ¦M›—¿ð¢w]e5žjÎƒDöÞFAk®t*Š¸£%3d`ÿú†úRGÑm#G?<bÖìÏžsöÂ…#‘HwO_µjÕ¹ç?»æí5]lüÜ/CqÀ~‚Ñ€’yðÏ4nx¥ÑÁ¬ÅY”EPû:ÐDŠˆ;;Èí*–;"ÓÙ?!’=—%¡Šˆ(!MB"$ùþ‰DÌ€~ýæÎ™;pPñK%/¸àÂ~ýú“ˆ)3Ð§¬Ç¿iè*Œ”ÌªU¯õOP†¶*u(DDd´ÖFjúô©H$œˆ‹Æ¨˜Ò¡}ôÑú-[6Åbñh´Ã?™[cæ¬—­.?÷:º7ã€Ž!=(™Áû§“š·šR\BJñôé3î¹çž¾}û2s,SÌÊ²zÞs2ÙôÛ;îøÙÏ~º­¶¶[Ó´Ö§3ç¾'žíyÐ(.(™ë®ý^vË;Û­>›Üdà&ïcÒ°P»Œ¢££íûÜòæ^M˜½lö€‰G?îý¯ê7mþx×Ž?ŸûìÙ¬+•ÛÚ¡ðÍ
3yž?iìÈ^?:‚Ñ€’©Û¶‰³;ƒÈ ?äç–gÿÖÏôL"m^¶kAÔåü`Ï›´g)S&
E?3ºw2>X·®aw½b«¼,f¹QÅ¹»ku³­ÂÉ'{n–}m*í01À~‚ô d9øÀLS“XKqË—îuVG‹˜¶¿M?{P÷}ßvÜ/®5zDQÁìÕ#müøãßüæ·¿ûý±ãFXÈ?p‡9Ì¾5e3fO½ëÁÅ=ºÅE%sÔüc7oiPÂ¢™º<?[}ù^´Vƒù¡öéÓ§<ÑË1Õ××ß{Ï=o¬zýˆÃÓ­P[oòú°Cé…? k0zP2©d£ÎîÒV‚Ät¡y³.n?Öúý–Çí½Ž[µdfcLMMu,ïæ}´Q·£.•MëPA?F,Ëf&Ù³s7ºb¢ÐP"F*õ$$è:¤%³ðØ£w|üQZ”ÅJºüàÜÑÌƒnÙ×†ÈÜÔÔtÝu×]uÕUEt¸sçÎ/®üËÃyiåÊl6k;¶eYDù??‹ˆ67†?ôÉGÎºí?÷ÅE%3 o?/›ŒiÅû=h5kx/÷Ù¸#{%ì£C!J$‰ŠîÞ…1æýwßûß{îyöÙg³™tEUeW·-ê4°}|TAÖ þ5ÝŠ†Ñ€’‰:Ê÷v‰J‘eYaÚ¶mŒ!e©0Ô¶m­™™ç^êP+Kå6°m[‡¡eY"bD,KéP[¶m´&"ÕÜ¡ÖZ13³ÖÚ²mjËRBd´±ì\ËÉ9–mÙvW¦
ˆHà–eaX__oGK©x<nŒ!"R¬;Øˆ»U„¹€uÚ¶æVŠ‰DØš|«|?ü9£¥tÕW¾’llQ¬”çy±X4?Ê¸®ÃÌ¾ïÇÊb™T&q?‘ ¢ñ˜—ÉF"?D$âºYÏ‹E£ÙlVY–e)ß÷ã±x:?v\‡ˆ|?(‹ÇÓ™LÄuCjmbÑh&›?F#žç+fÇq<Ï‹Æ¢™tÆvK©T*uøG|ík_UjÏ6Îb´Ñj?J§v×íÞ¾sûêÕ«ß{ÿýÍ›6+æl&k;¶ã8AÄËâ©TÚ?¸bL„eñx:“ŽD"AˆP$Éf³Ñh$›õ,Ë²-Ëó½h,–Ig\×%"ß÷cñX6“‰¸mt„Dj™9yäW¾ýƒ’þ¡þ?`ôòTÚÀ¿¤?‡ôò?@ÒÈCzyH éä!=€<¤?‡ôò?@ÒÈCzyH éä!=€<¤?‡ôò?@ÒÈCzyH éä!=€<»Ôüßå%“¾&"r‰ˆU°©ö“I?ˆˆ"‰*—ˆ¨î…ë¾rçª=uòÐiŸºê¨A½V:™ô©ÍµJÈKnúðÝ-?¹ƒ9t¯?Þºï¬›—š:{Ô¨ÃÏ9gjbG¸çOCK$"ûûúÿAzÐ‘º¿}çS×­ "}Õ]?]4¾@Óuþò©?YMDDŸ»gÕ—§QØ¸cÍ{ï½³æ²?èÅôà?;Ž;÷njs­’ØöÊÝ·Ü~ÛÒ÷¼½Þ¯š|â—}óÜé}sU¸ë?5ï½÷Îšæ9óœ©û=Î7ï8â¢ûr‡s¯_ô«Skö{ÿ?Aq@çÖÝvÇ#Û:þ¸þ…ßÞ¾zÆSrÞª;Î:ã+ÿÓ>7 ¢úÕ‹oùÊQgÝñÆ>>€ÿë0zÐ/ýð/?ô?#öY™²ö/¿Xœn÷n|ÔÜK/úÁK«¶Uï?÷ŸúþëËw½ÓrËU#˜:m^ß?/¾½uçú÷v¦‰ˆ"³= ÷Ëê{Ðe—~nÓ[¯¬k¤~ñ]‚ô K¼¿Ü~÷™G\6¡ÝÛÝö«­û8!1ùœ+&]¶_¢Û¯Ö-¹³9rç^sÇ??3>a]EDÚßôæ¢ßÝüð?“§çS©aó¯ºb~)Ã€î@qüÛK'“õÉd}ÒÓ…Û­¿íöE;÷~Ó_þ‡Ÿ.ïÉÕµßùÕ½d²>™l?@Q qç·S´äº7ßk>þôÍ¹Ažå?zæ÷Ý·?<jŸò·ïw/„âÎêŒ—L&ë÷Lcø÷„Ñøw¥“kŸ¸ã¦_/zc[ËS¦Ûwê‘\vÕù³:˜½ºâ§w¬8î;sZ­Ìóî}ÿó—R·-ºâøå3‡óïxë«“‰è?[ŽØ3«ø•s¼?þè[w½”«Æ¡øø3®¹þ;§ŽlS¿ôñKÿóÃîþG2÷*qÐ™×Þtõ?nhç?îºé'÷?ýQ²å?Ä¨ùg\váåÚ>Á÷¦Í;ÿì  IDAT“DUíÞn}¹U·´Ï™ÁzëòÛ~ô­»_É‡[5ùœ¯~çêÿÇÞ½ÇEYæÿÿÌf@D@FEQÃM45MÍC‘Qfi«¶jeÚvØÚr•[[nû5ÛÜÚÊ¶Õ¬M7mW;XT´R×³bJ&©ÔAa€æÀüþà9{–„×ó±Üs?sÏJ÷û¾®ë¾ìû]õI›úáÖY}D¤àó'”â2øùõ¯Åýïosç¯ü©z«„'þòÒŒ~ç?Ú¸VUS?Ü:ÍýÑ_üh“òÿ}ÏqÏ¼öLR4]¡´IÄm’'ïóg&¾´±Þ•½óÔžÕóShúæíqæ:|üôåNç'o,¿{à´k•Ëß‚Ï,Ê‘sø1Kc]Œštdá3÷lª]@ù¡Ï_žæðK~m”òèÏŠ}ÝÿÈ¢µlû>{öWyCnh¸7gÚß¦Ý¿äH½¹¶Ã—<¿M‚WÏêwŸjŠ¾¾»|WÕ€°ñÙ»›þÔ¯ÆÜm>Û³_k+ÿé?_t¨Ö×?ýÓ'/OÚqÛèÍlU¸ñ?÷¿ºép­9§Sß™ñ„üûœ+“½dÖm·Öj3pøüÕåë_zÅÂ
-?ÎEÚ¢Š]ËçV]šûu÷üü??_¾â½ùsßNdÔ£Ìõ×ïÿøì]DDäð¢w¾.Pv²ù£¹Uwµ»Ìxæ¡.õ·ëÝ\[7mtú„šøð¤Ûãj®B?ßþkõ±ªIÏ¡%/?É¦÷ÌxxÚŒñ¦ò­›67ØÙÑä×•l`êÿèË,[þå‡o¿öü=CÂôbž6æ†Kün„èÄn¯¹³~:uÉË³&ÜykBÂ°á÷=?wIòÎZÍ""æ¨!öðó¿çžÉí®»}ò´ß3$LŸýÝê?Í8}ë¦ÃbŠ=õá{†„Õ|©#‹¾L½˜A›6n­ð2~ÚÔ1×Õüß-ûúèEì®Z´h‹ŽÞ§\PÞõøœ""]:_;`Ð¸™Ï;)?Ü3öë;ãé{–<ñY…È¦¿|´iÔ3C|-yã³
ýÄ§'õ.˜}¾5DL~{ÅïL‘G§ý·>»FDDö9\!>"?®^tøÌš«f)#}g$.˜ðàòìº»ªÈ9’V5ÕgÆœ‡GGˆˆtŽî“pû„gŽ-ˆ¸ä=‹ÚýÓ’gœÿuíéÚs?§müäÐÆOþöª)nÒko>>¤©.?©_|PÝÐÑeÒÇ?_6fNúä©{æ6?µyþ³¿O™™´èÎiïXDD*ÒrŽKB³a¬YæIüûñþ&™1sðóƒžß(""?ÎqÊ5-ýÖ9¸âh=ÐT÷aùrÑ;ß¥þ|´z@ªÆan¼G‰Ïài³‹ˆHùg¿<rêûåÊåûàgf¾€‹È„‡'%T0]? ¡z~žõ´ˆHö?š;âÝ§Ü“P3 Á§Ï=Sû5¨-°ú]À{>{ÅÖ´Ã5ã˜#®i¶_~ÅÖ¹}Å5øß£_4_½O·{Þ\ûß/ß{~Æ˜„èclû–?úð‚´¦ÆRùiSõ¢þ÷ß_Ó¡wß=ÍvÒ´{ªß.§éÞ{xõìô<[ÓÛœUÿ‡îé_ý››®Ô¿zþ±‚‹Ù+\­h=Ðu¸)év¿­ß–‹”ÿ´èùß.Ÿ°îCn›4ã¡Ñ×6‚Ç=>cÉæEÙ"if?ÔîH…ˆHç'Oê Òà‰Fg¥¯=~×WS?`ØNÖ<(¡kdí%á]cEvÕ];vØŒ.½sXDŽ|þê¬Ï«f¶ëÜÿ¦;f>1©XÓUø\øíq?)z@Ò’ž‘ò‚ìƒ÷n[ýÉ²ÕJ‡¨ÃË®™Øø+ŠËK?UO^Û¥ÎË¤}¢»÷i¦Qíá>—è¿`>µO¾F}µ´´h“Ú}í«·g?¹®C­§ÓTœ<´vÉËn›õmS/Hî1iÖx½ˆHù‘l‹ˆˆÏøÇ§^Ä ØKFÓ}ÆÇË_›:´Î?üÓGv~³à¡Û&½³¯¹€†ÄvïYç?/d<®_ptŸAã}yåÇÏÄWÏÛtøìcµ­§êÞ¡/ÈK»€£.Z´UÁSÿœ0U¤ÂVp<óð?¿þç¢ÕÊEÊ·þóû#·OìÜØ6ú!=3deõãJýFÏ{´ñ÷(_<SXw‘ª„Ô¬\éfäs^Vzcøu¾ý©WoJ¤ÜvìÈÁÃÛ?úÛò?§EäÈ¢äÔqMÕyÝÔeM=ßâ*Ž¤ŽïÑXŽ0‡ÇŠœå?²û‘ªs¸n×¾ŠQgjËþq+o€–Eë€6ÉSp¬º‰ÀÇÝ'áö©/¿0^™sàdi“†%Íú×UMÆ?>mdÃGþ_"Ñ=kÆú÷—?Õ\4WìùlÉ®†«;OYªoÃû™"b†ÜõøkORæä]âNô»>»ÿWIÃŸZðùž¼:/«ÈÛôÖ‚Oª??ìÕøöÁqCâª·X9ûwŸ:U!âqÛø×ßÍ?Ôø&€+…ÖmQÅ®?Æþ&Ù44iÚð?×Æt¹Ö,Ç¶'¿¾RYz{¯&®kED$zÜœ?»¯_sŸF[.‘ëGÏè²ü?Ã""ÙKf?xÏwÅÉ«}³µ‘qG“Ÿºó¯Ùq£ÇÝ1èæ˜îÑ]L%6,Y²µjaDŸÍ½Là¼Ù6}ó™ˆœÚ¸ü¥?Ë_1EÇ†ëŽ8Y«S—iÓ†7ÕM)|Üï§ý{ÊGÙ""ÎM™6ü/ÕKüô>åN ´AÎ?ßV!R±ñ³ù?«·Ì§ûãÓni¶û½Oxü€ðæV¸$4Ý§¾8é›êg˜Ú¶6wûg""~ƒ†®ÿêƒìÍÉi"²oõ’}«—ÔÛO»¤gÆu¿”…U”–xL"µ$lÙéuÛ'Ú}mÁŒø¦û]ùÄÍx÷/?ý¿äìz[ýeÐ×3ªûnZ?‹´Aú!?~T ¯ˆøyôíï–Oºö’¿(à‚øôy|ÅÊç'žyišøtOš³dîÌ®õ×Œ÷êO?Ž«÷"SüøçW|õü%îå>î/ÿÝúùÛs¦íYÿˆâvÝíO½½~í«·7xµ\=£žÿrýò¿??mÆøÑ·Ož6ûÕ?Ö¯}õöNBÓ´,U™½¹'Z@+Wn³)}Lí~¡ïÀª°Ùœ??Ét¶
+l6»2©7™|®@Î©uDÑ›L~Í¯]Ãi;­75|aÂw5o%4ç»ùãšy$+àò s€¶ÍïÜ¯h[Œ?Ét®ÏG:?U/‘;âÑäßÜ¹HÆÜ3îŽÑ7÷6™Lb+8¾ý“g_Ù¨¬7°¹×5.ZWÚÏïß3áïÍ¼¡óŒ¥=÷mÌ€Ö?±€+-¤÷=·woâê¿]Â¬¥ÉÐRh=´ŒŠ‚#~Ú·w^IÕgÿðÞýú÷¿C&M PÐ¹€‚x@A<  P(ˆÚ–.Z†«$7#»È%¢ŽŒ1éxÖ>ÄmQQÚòŸ§äH`¨A/"å6k…©ß½ã§ëê×|HpØÊÅàç{uýåt»Jíb0‘ÎÛUùsÀÅâ¯€6Æžö÷W¤÷¹û?Ù!ÕWÌå9ë¯:|zDW¿f7MÿtÞ«2ù_÷Ç^‘B/•CŸ<µLžþ¿)WWÕ¿WçÏ‹x mÉø*y›yøÓÎdñ‹þÛ'[²*~!TevgK×WÌÁ¥¿Yš?å¹YMÍ­U”¶rÙú?¬åú?„1IÓ†uõ+Ùþöë•ØŠÅ ½ë÷ªµ‰ÇfÙ½yÕÿÒÒ?ØÊõ¦˜½7>PI nëÞäÅ+ögä»ü¢ÌC“&Œï$"r*mùG)[?ØÊõ!±7Ÿš¢±çn\™üå–ÓbŠ˜8ýÞx%ÆÔšoîÖkü¯ã;hë–jŠé=xÒ¸ÁQÆ3EoùpÎ7–Óùv0µó‰öÒ#kê)rµ3›Ž?0>.¨Î×wúÊ¿-v?zmb¼®z–kïŠg¿5üæ÷I1º¦6/Úø?…iq3{SÐ™£ï‹}é‘?Ê¢Iw96¼ÿM–~ÌãRûxåÇS×~³cÃ?|«SÒ¹×Ô‡îŽ¯©¨Ñ³TšµfyrJºõ´˜bn¨þÖ[Î†/Þ_“e)ÕµëÜå®ñã†Fª~ô•³¿?ž£ì2ãóyïÉÝoŒë¡,š2³{Úò%Û”sþè½ñ?gý¹ õ¢õ@[rÊrÄeèÖl68µþO/néðÀƒoþÆ¬sånü`éÿ+œ¸`\ÂôÙ½Òþ3ïïrÛŸïë!¢ÕênU¶ÿÛmî>÷Íœ¤Gþ7‹>œ»6äµ[Í"b]·ðÙïãxðÉHSYÑÁ”o¶[âÍëÿôÒ–vcÇÍ~äšvŽ¢´5kSOÄ'\úÇ¥G†>øÒë]¥(}ÕÏ.°¿ùä€@±m[´peð„—æõ
Ñ¸,û¿ût·%þÖHñd-Ÿ»"sôÌ¿ÌŒôóelùbã?¾SÎTØâŸã÷ôÔò«Ç¦ÅŠh~ÕõLüÍcO†jOçnXüÎßþ>ã¹GûÔþ>ÚØÞ]Ë^Û¼uLüÐ€ª9¶­ß§éú>£kfs·³ÐvÚá®Ù‹ÓQb-¬ºåvÚö¯ZžÃà©¿¿»SP½sgK[½»¢wÒó“‚üÅ}|í’?ý-åµ9‰fÉoì,µO_:gÙ¡î~ò…!¾¶#[¾Ûx ï”Iÿä­ùYÝŸ|rVŒÉmMK~}Þ»å/ÌJì$"{¾M\gŽç*·YÅ#¢,ÚùÑ’â¤qÏÿ9Hò7¿÷úŠ¿GD??àl?7´^Äm?1$ fºhã?~™[5­Ü!NÿníñaSþØß,"¢‰úëa[ŸÝž>®k¬Ñè#"~~ÆÆÒEÀ€é5Ý“Œ¦a7†|õSnù­f?GÚÊO-3æ$ÆjEÄÏ˜0åqïJ^{$aÂÂ[cu"b4œø ˆX×¥¬O\pG×@‘ ØqI#ŸIÙyjÀ¨G3ö™FÏ‰ñ­¹÷Ý¿UÊÏÍ,ê‘8$ÒO'¢Šñ`L½ªt??ŸQDŒ&¿ªV…êzFEkEÄ/6éÉûs_òÝ¨>w×Ù6æÆ±?ÞÝºÏ6ô&“ˆHÞæoÓÍ·O7Ÿëæ?)ï<röÄ„ÆFw˜>0óÌ‘ÇÇ|}(§TÌÆÆÏ’å¿ß®ñüÚÄ³ˆˆ)öÖcE$/eÉßñ¯Lˆ‰ºiÊ“Çþü§O·}r@óãIDÄð¸é7EŠˆ'Þ²ûO‡²å¦x¿ænh½ˆÚ?ˆXóN‰t¨ú4hêcý<"rð£§6;="’›™.?9Òö¦UoS$.ëñ"‰íp¶?»Šr²rO;\ùÙÙ9¥â±—‰øX2]‘ãcêý±µäeIlR´®ÎL÷‘,kH9ræÐ¶r?k^¾H‡î#ÜóßYX‘4 wt÷Î¡å1D®³ö½×—?¾5¡{tdT‡s¸Å]`Étõ˜xí™z{ÄÆ”¦)’˜:?gÌƒF›—¯Þl¹)Ñ,’ñ¿Ý§‡? rü7oDLÏ¨&¯Ô=îbKÖ‘GyAnFnîqq•:DŒ?Ÿ¥ã9E~×u7×Ý?ë¸ÕÚ«*(‡‹ë"r?È€³Ž,îY3Ý®½Q2
­"!Ín­¯EÐ–Ev3ÊþKÍ?Áäg4ùýª{ì»JËëmyûã‰½?rÙÉOÿöÝåi…å¢?î^}]á(ƒ¶þ­Wi¹øÕï°bwÛë­fê7aÂÐÑÆN|îµ}Û?Lûô­y3Ÿ·4½jÕ?Q³žûóø(û?ïÏ?÷ëÇß]“¶:+e¢ÑëêÍu)}mjì;x`þî"Ž´5|ÇŽˆÕ?ÏæçÁ“µò/ýá?iùNñŽŒïÚÎ¿z·M?%Cƒ
\vñÑ5œ{e@Eë€6¥ë°Ä ””õi7OŽoüV{h—.’¦‰ïmn¸Lçc?ÒÆ¯8Ówl·öŸðÆ}ñU-ÇRä˜ˆˆ˜¯‰—ï2ŽJ¿:?o¢bbeqV–$ô¨5ÓÔÁl8]bŠí_ÿ2WDD?0*:aÔ8)ßùáÌ?7Œœ›h?ÉÜsð?=ß9ErVÍ{aUê°u7÷Ñ¥¼æò=4<F6:&ñQÊ×Ñ£Gtæ{¶?øÆ?»æ…ÿ¥?ê¹y[Ì€Éáç¹¹ˆ5ÏÚè¹ª/cwÊ©Ø'ÿoB|U“Èq‹ˆµ™³ÕÕd=”[,‘?µæú……úÍÍ´KHõÏj9š'1};5V×ñ\‘ÈFÔÓÌÏ­­ÚóÈ©SÂÓßšóaJº¥¼êÚÏe·µW–›n?/[õÅW96eFIÖšoÓŠED¤SDˆìLÛV*"Rï~yHhˆÉÍ©šY”ºjmõæ¾½‡??”¥_¤+[m[—V,ÚÞ7ÇëÖ$/?PµšÛºsý®‰~SçÔä÷w)Ûº¬i«ÖgxD<YÛÖeW±¬¸DŒ¾:)I[³ÓêRæÛO¹u~~¢Eh—.²u[j¹GÄ#bL¸}„;åß)9Uõ”¦}²ü`È˜Æ{à˜ˆÙ–<g•eàðÊµxs›‡tŽ1dìH³xDDÊ|±|Ë¹ý$B:KÞ¡cnåü|³»:U4~–ÌnŒÉØðþz¥¨<gý¶l‘èÁ÷Æd-[žj­:yk¯*8¢ªìkbâdËŽ´r?ˆ¸-ë“¿<zNu5ós@+ÆƒM´=ž¢´äË7äZJ•:cPìÀÁ“î`ö)Þ÷Å[¤fThý4n—6(!iÂ´‘~"â±n{ÿƒ÷Sm.‘˜É³þ8¼VwûªEiövA:§!~|\Öâôø7f©:Ü§KÞZcu‰ˆN3lÜ“÷Æj¤xß¯/LÍqˆˆøÅ$<:ãîø )ÏYÿÑâÛòÄÏè.wb‡$=zo| Xw-[¶x›UMþÛiS?‡Ÿ˜20TÄ~ð«¾Xµ×îj?›ëš³~›Ó°U$ûÛo$ï:%"æ)¯?6*ÀºíƒÞßiÓµåsë¤YI=šx]´{×/½½/á?½;¦fOÓ›Û®œ¿ü«·ˆ„$$Míº}þ®ª“`]3÷oÛn|ªÞóLkX·}øêÒ¬²@“Îé;ôž®?ÿ3kà¼§FuP~‹FÏÒâ÷Öî:%"¢ï1qúøQQ±\ùöò”ÑÝånÓÀ‰S½©ºèÌÐFÝ1iLéÒ¿+ï;K_:½Î;ã¬ëþöôŽš®éŸZ/â€6Ìe/¯?¡z¤o=[¹ü|tÂtÙË=ºFæ‹ˆÇ^îjj‘»Üîò3Ö¿xwÙm¢7Õ/Àe/wëü†,Øm.­©A?ÛUjCƒ?4 &ê©Ë’òÒ»»nnì²¾™Í¶rMÃ"ÏÊí*uéš¨§ñ³Ôè?<örg#§®É?œU3?7´FÄ@2¾˜ù†mú›Súù¶t%€+…±€F¹Ó÷f…Œ¹‰lm
­´P(ˆÄ
âñ€‚x@A<  P(ˆÄ
âñ€‚x@A<  P(ˆÄ
âñ€‚x@A<  P(ˆÄ
âñ€‚x@A<  P(ˆÄ
âñ€‚x@A<  P(ˆÄ
mKà—Çã.·ÛÏ|ÔütRnwùµVr»J]b0è4Êg—Ý&zSÍGqØÊÅàç«=3ÑÈQ\:ƒA'µ§mlMp¥ðŸamšÿÜ†üPƒ¾êcÂÝoÜl™ÿÜ–n³_˜­¬RžºüñNœ÷Ô¨""âH{ÿé©>¯‘ôOç½*“ÿulÍDcGI8ï©Q²iþsk?w0ù«Ý§óí•ðäãwÇ]Áïª4ªû£s'Ÿ¹¢?e±§ü{ý¨ÙÃCDÄ“»6ù KBj–[·¬OíÕ56uóÖññC.àp!÷ÎzjTOÑ¶Þ?ÿ^»7ª®,Æh”§¸ÔV^j+/µ¹<UsBbdíÊT»ˆïLY%Ag.ß=×$»ÇÞ=å®aE+ÿ›uQ‡ÕÓ7$;mï©‹ýà4*kÙÜw_˜ûîsß]•]5'ä®_%¤'o°ØÓ¿ü?}â}}ÛU¯êúqÇÚÈC;icnîëÿý–]Ž‹;²?o;±æht.Ð¨z?‹DDtÑ·Mí4oþœÝÎ›&.ÍÝ¦,³¬]uPŠ-sfoqŸvÙS¶Xû?¸ˆžAE§?‹y`ØEpþˆÎ?¡ß¸a)/M¼£«”å*ó2v¬*î1~Z¼¹ê£eû[É›3†Ý]g»ŠòòR›ˆˆhë>þ¨.?»<ÿ§ËS]ýï¾‰¡É´â€F¥¿:ýÊä°Éÿº­zv‡á|ODDÊª>Û¶}›Ú.ñ±ÄÞJ:?8ß‘«—®ÙsÛ°Ú;ÛöÅL¥­!öùÅ“<ÃHD¬KŸûÃR?Ñ3pÂ›÷Æû]–/ÎBUfw¶t~š@A<  P(ˆÄ
â¯EÚ?‚Â’â{…Óåõz[ºW•Jå£×‚Û´t-®^‹´N§û˜¥À×W`ôU©T-]€«€×ë-)uXJW„9X¯ç®"Ðú€6!ûÈÉ  ÿNaA-]€«Òñ“EEEeÑ?ÃZº—c€Ö¯ °Ä×WG6pÁ:…ùúê

KZº—ñhýŠKì!ÁôpQB‚ŠKì-]€ËŽx´~NW€Ñ·¥«pu0úV8]-]€ËŽx´~^¯—±È.’J¥â¡g@[@<  P(ˆÄ
ÞŽ I–¼“‹/OýaŸˆ$?9sú¤–®\^Ä?³ä?¼ãîk>&³¶ïq7Ä?Ã¦9«Wd?¨=Ã?ìŽ1½Ú_`!E;¿ÙsÌÜg\ŸËüÖçÂýŸ¯-Š9¸½B³w/M•Aúv»¼‡à?x qU?5,y'-^–ð÷yç¸yÇ„[FG_žÊÀeÃØ?ËËË¯7ÇvQ{t–•:Üâ,ÈÉÈ=^êeºÄYµÜã°•:Üâ¶?œ•sÊáib7G~NÆ™<[©ÝYç(eU‹*?%'33ŽYî3K½Îâ¹ŽæÛÝw\¯Ú:µÐFÐz q}ô#
?Ÿxà©°•–UÐŒ¾ÚÂý{¾¶H G§÷­°îÉîi*Îw}+¬{²;Ý8hD”þðŽ][K}]•ú ]i~Î¶ ÈÑ#»Õíéã8¼mç¦cÒ>Ô×™–³Ñ?<ñ¶kCò3¿ÜáêsWÿX½ˆ8Ó7ïØãÓ}òM27ïÜQìÛ1PJÓ3¥KÜ]×‹#gÝµö½;2»?Üø-{öî/wk?ÆŒìTÑŠÎóäpµ"h\Âq3§O^¸xY­?ç14Ùºo×ç5½“ÂºN%"â6%ÜßIUy`Ã†?ù>£’ú†WM=!Q‘""Ú·÷ïé+âÈüú«cûr£‡FÖÚi~fêQuÏƒú«Å{rkòþ­û#îº®S—½?e´ÅÆ™¤$+ã”¶Ë°ç¡?[Û?Jº.\%âÈü:9+½§I¶fš{?ï&"öŸw¬L;|ý-]õ?Ô~lçÞb}tü¸¾Á"•y»6¯)½ðÓÀÕ…x I3§OJ3"õ‡}æð°s”|FãcÛuR‰ˆZ«4…×L{¼Ê
Áa=}EDÄ78Ô?÷XA±ÔŠÅ'NÛA]ªnù«ÂB÷gŠDõêâûåáœ¼¸ëürŠŠM!ÃBåø¡Roú–=é"".§ÆYZzÂV â¶¬Ûlq»4vG©H#¦‹mn}Dç`Q‡ûËáóúê\ÅˆgÉ;Y3@Ù’w2õ9ß„ÐÕÙVp»œ"z‘J©ÑÔY¨Q«¥Ò[=j ÒíÑªD$°GXÈ?£‡rOê;£z÷9­Q‹PBŸðê¨õ~EÛ4bŒˆ¾1ªºC‘ÚÇØhZ?F*Ýgœ@kD<ÐˆÔöÍxô¹z3Íáa—ýí…'öæwîªµÍÍ±k;u©ð—ÒÂ»#;þlÙ—UÞÕ_Š33­êŽ};Šˆè»öîr|Í?kÔn‰T‹HTD ~{þÁ²èþ¡Zñ:­Ç
<þæÎá™?³uï®qäœ£¡±¾Eþá‘¦cä\e”â=™Å"?—ñ+ðKB<P_£Ù ªaáâeáá¡wŽyÖ?œHý~ijõÿ°;Æô:§c·o'»7/+«ôxÕ?=ã…Šˆ:ºkð¾í¹+Wœè9rðèí);v,ýADÔ?]z‰V®ïÃ»‡fçÉµQáUŸ¯‰Qœºaãÿ¨ÔRYiè>8<<j@\Üúýk>ÿ^£?WÒ³g´?U IDAT„Ù¤i¤SŸþÇ7g}þi–¨ô]Âýåô9Õ@+ *³óØ> •K?x4!þ<ÞAðò+o~õÍÚ¦–šÃÃ¾þâÃKSY]™¿ß*]§?§Ó£××½pw;?j½^éäq:5úº7þs÷,;óü¢3<‡øúÖÛ•Ý!ß³ßiä(@Û–š–Ûãš–®ÀåÅ{ÔWï…hõXòNVK¸ŒêgÑÖdipÕnÛós‘&ÂÛàb^S?ˆˆö\²AcG õ£s€ú’ÆŒÜýÃ?Í¬p±ïGkB—ûu¼°7x}zî×ÓÇték ?!¨oæôI"—süq4¾¦Æ%tV*½ÁŸ;ý\t.  P(ˆÄ
âÐú©T*¯×ÛÒU¸ºy½^•JÕÒU¸ìˆ@ëç£×•”:Zº
W·’R‡?^×ÒU¸ìˆ@ë`°”´t®nÖ‚’À€zq!€«
ñhý‚Û8®ã'‹ZºW«ã'‹Wpû€–.Àe§*³;[º—?Óé>f)ðõÕ…}é@à\x½Þ’R‡µ ÄápE˜ƒõzmKWà²#mHAaIq‰½Âéb¤2€s¡R©|ôºÀí@ÛA< `ìñ€‚x@A<  P(ˆÄ
âñ€‚x@¡méüòxÜåv»2­1øÎü¡pÙm¢7é4µW¶[-¹V?1ÕÌwÙ-GÚý{D™ZqÙË+ÄÏh¨YVîÑùùjkvèÒšüt¶ªâ°•»•I?¡ú¸gfjuC?bÀÅ!h hÓüçÖï`òW‹³ÄV=òµ'‡‡hDiï?½"5aÂÂ‡âu""Rž¾â…wÒÊMþb?]l;û¹;ÍÖ5o-Xš­Ð:Klå×ß½ É:çÅƒ#ç=5ªƒˆHúþüj~â‚§Šˆ'ý“§?×þþ…IQÖmïð~š½]?¡¬ÈæŠQŽ˜þé¼W·B´Ri?]löÄ“Sbgf–Û¬¦~÷Nš>"Ò¯¥Ï­ñ@£Bî?õÔ¨"žƒKŸYšrpø”X±nYŸÚ«klêæ­ãã‡ˆHÑ–ä4¹uæÂ±‘""yk¨HÆúOÒ£}çÁ??Í’/~áQ#£7oK³Ž"Ž´[D\i{K9¸gCPß?G‹å¿KþžuÍóoLŽ5ˆØ³–ÏûpÎç‘Æw0î?ûcE¤xË»?¯Úž;¼öÌòœäù¯,ý4ü¹)±ü5à`ì€³P®»=×$»ÇÞ=å®aE+ÿ›UµÄè+eù¹9§ì""áæ?ˆ^§“’Ã‡-å.?Éné?Ôœ±ã'«ˆëç´Ô˜áSZ¶î³‰¸wmKokÚö¢¨Ñ£c«úºŽf.ÞòcFÝ2œå.Ñˆ¾îL¿¨ÄÄþö5?º"g€Ö?ûmeýtþ¼µH¹í´ï€ç{ˆëÇk#¼ÙIxs_ÿ?mÙ•ÔµŸ¯ià”‡?H™ûbJ¹hÍ}†=úëáQÑ·Íž¸òýÅSJÜºóÈ&MŠ
Œ‹?ýgêÞSCÚýp0vàÝÃ|-Ÿ¤¤Zû¶ß•4ìv³Hºõ¨èkÝ¬k'¥å®ªÛ?:ý+qØOWÝùØ€@‘ãuêÔúû‰?Y,±?WøÐ4*hÌofŽ®þkIYuPŠ-sfoqŸvÙS¶Xû?‘ øI³â'‰Ûu*gÕ¢ßZ×õ?;"£FLùó—Ý’ºrÎ[É1¦ôˆ—²fûšÛz?lÒé†-Z½mcûÔÐ^cÃE$<<FöÖ†±d•kBD¬"Òç¶?ß×Ãºåƒ9ë»öŽ64¨ÓfÍ]¤™lÀ%Aç"?ÒüM~F“ŸÑ ÓˆdìXUÜcü´Ä©§NHzr\ä‘äÍwúúõ%n­.È`Ñé´’·=e¯ÅåÑÚ4R5„YLñý#3VmNßÛWD›p“uÕªƒ?oN0‹ˆõ¿9òô7É_eÛDÄu|íâolñ£o©ÚÔÇÏÏhŠ™4Ò³ý“Ö:5:Š2Ö­\™4öæWþÐ*Ñzà¬lÛ¾Mm—øXbo³2#Îwäê¥kö–Ÿ6ÿÙµUÝ€Bg?4»N<üÙÂ¸ED|Cî|ò¡~¾""~}ú”\¹¡WU^ˆ½1A·Á2´ŸNy©ü“·^Ÿ·Ò%¢ÓÆ??ùè@S?4]ÇÞ×ãñRvšâ/"–ýzƒˆh£ºÞõâc£:]ÑÓ@+¦*³;[ºW9—Ý¥®÷þ·Ë!:ßó¾ár¸/`+p©({@A<  P(ˆÄ
ž/´!…%Å%ö
§Ëëõ¶t-®*•ÊG¯0·héZ\!¼÷hœN÷1K?¯¯.$8 Àè«R©Zº"W¯×[Rê°”8®s°^Ï]E õ#mBö‘“AAþ?Â‚ZºW¥ã'‹ŠŠÊ¢;‡µt!.;Æ­_Aa‰¯¯Žlà‚u
òõÕ–´t!.;âÐú—ØC‚é7à¢„—Ø[º
—ñhý*œ®£oKWàê`ô­pºZº
—ñhý¼^/c‘\$•JÅCÏ€¶€x@A<  P(ˆ¼ÀÙ-\¼|÷?ZòòE$iÌÈ™Ó'µtEà² 8‹?>—úÃ¾š?/ËË;ùò‹¿kz‹œÕ+²NÔ|R©ÁæaÃ»‡ü‚ž­Z´ó›=ÇÌ}ÆõáMÒÔAç"ÍY¸xyM60‡‡Ý9f¤ˆ|õÍÚ¯¾YÛü†n™2á–)n™œØ­£ýØºyW¤^pQˆš“\+$?ùò‹¿K¸!ND¾>[<¨¡1Fô2ë?……""nûé“™¹ÇKœgÖp;¬G³>Yì¬Tæx?Å'rd³:Ü"•N»­Ôá®Yd/sxª7õ8jU:KêîÙë´—•9½nû©cNØªŽTz"÷ÀÑ|»[@£è\ 9–¼“5ÓÉß¬ÍË;Y»£Ñ¹©,.w‹¯?Ñ?»nUæÿ? UéÞLç5Ý5 B9«¿Ë*5jOíK=5üæþÁ;SÒ²5ÆIO;dŒ¿9¡4íëÁw%^("G÷¾ÝÖeØÍƒBEääŽÿî/?6ºKÁžuûö?Ö†„èJ÷fzÂ»Þ58ÊP”‘²¶@Œ•¥µÞÝ3Ì™ú]Zz™>$D·o?KÃ»_hñ@sÌáa5Á’wò«oNÖÌo~ÃâÌ=ë,""žrÛ‰bu§þ‘z­vÈ?f½^+"’»gÙŽ“‡Dt<|â„.ìŽ½Ú‹ˆ·RT"–cÙ¥?úv©¯ZlÁ?¥{gzf‘hÕ¹9'…†ÉQËaOÐ .jgFÖ¾¿þwôïé+âÈLI>¼óhÔPqKXü”¾Á"RúÓÖt»±Ö:¹öË|ê¸4éåWÞ¬ÝzPÛcFžÓ.´úð.?{…›;µ"•ÎÓ9{³Klnw™xCX@àOyëV—ui¬—A!>™;¾Ý™Ú.*"¼KG“& kLpÞþìüþF[N?Ÿ?þûwZrú…Tæk®¹¶‹Jç—Jû®=}EDÄ78Ø/÷Ø©"ñ}DçàªB¬§õ×¹Dg€Ö„x q/¿òfSã?kF 4#°[ŸÑugYö}½ÙÖi`¯Ûk¥0;%ß-"ÒþÚ»îîRx*ÿxÞ‰?ßËì?hDTäˆ;;Úòsò
öoßõctŸq×u»Æ˜z ?ÇXfî0"Âtú‡ô#9Çä¤:rp˜ˆ¨5j©p9Eô""•R)¢©>hõã’ê®G<ÐˆzÙÀ–pCœ%ïdß®ï{CÜY³Aã\n§JdÔVZØìb)ÈËñ‹êÙ¾c¨lÍ(.“’‚œÊ?¨=;˜Me›×•ØD‚ô1æ¨Ÿ27§WvìÝO/êž×JÙ“í1„Ý*"¨ß~bo~çþ¡ZûÑÜ»>*"HÄRûàQ?5;jÖ9’Sv&A€ÄõÕËwŽyÇ˜‘j‹ì—±çöêÔÆŽþF).´ìNûy³V«©t;}‚‡tòîß—úóF·V¯®tªqƒ#DDT?Ã3sò‚bº¨E¤}×`cFžt?¬Úó5ñ#Šw­Ûø¿""ÚŽ×Ç÷o/RXïè×²¤nÚð¿*µ>(°½AJ/öûÐ
©ÊìÎsXÀU,ýàÑ„øèsXQqÃ€15ÓwŽÙìÐÎŸÛéÔèõª³Íô:?eó9«t:+Ï²Í…ì€"5-;¶Ç5-]€Ë‹ÿHhÒÌé“gNŸt‰wªÕ7Òû¿áLÕ\Ä«õú³½ËåBv@Â'Ô7súäÝ?ü("—>€_6â€úfNŸ$B0 -:[C<€6ƒx@A<  P(ˆ@ë§R©¼^oKWàêæõzU*Õ9¬àêF<Z?½®¤ÔÑÒU¸º•”:|ôº–®ÀeG<Z¿Àƒµ ¤¥«pu³”Zº
—ñhý‚Û8®ã'‹ZºW«ã'‹Wpû€–.Àe§*³;[º—?Óé>f)ðõÕ…}é@à\x½Þ’R‡µ ÄápE˜ƒõzmKWà²#mHAaIq‰½Âéb¤2€s¡R©|ôºÀí@ÛA< `ìñ€‚x@A<  P(ˆÄ
âñ€‚x@A<  P(ˆÄ
âñ€‚x@¡mé\v‡³ ÐVZf¯¬ô6º‚Z­2ú‚Û›¾ú+^ø¥P•Ù?-]€ËËîpæÍ?2j4?·z<•E¥Çò
¢®%!ÐfÑ¹hý

máÁ¡šÊ"¢Ñ¨C;D„Ú®lu~ñÜªÒrUKà
¡sÐú•–Ù»F…žËšÁAÆcyM/O_:}Ùš3µæþ£ž|h°Ys)ª<géÿáU™ü¯ûc¯èQÑênÐ?_WgÎøI®G®½´Q9ËUN?×èS¯SŸæ/ªWÖ|RKl7ïìÉîð_Ð-;uÊÛšM×{æöV-ûXýñIqŠˆVþðˆû–°Æ;(h5ˆ@ëWYém¦Ý 6?FÝÔà„£žþ¿)UWæ%Y+|8çÓ?…÷õ¸$uWZˆwåoÝí/ãTëk6]ï™;¬‘VgÒH‰fåGêÙßhþ™ä¹Œµ\g¶*ïºÊ•?xŒjõžkf%kúOw[º*—Õ/èN€«L@×a7†”gY¬U=îâ£Ó²-®š+—½Üá—5cïÁœ·ˆÔ™nj+‡­Ü%R’›¾7ËêeÚâp×>¸xl9Ò2òìuf:,uöï±——Ú«‘ž_{s·«ÔîRmuyD¤A÷†6Â­ÊËÔìÉT;k~y‡ºÔ¡’
uîM^…ˆˆT¨3ÔdžTI¥ª´´¦×?ÊyZ“þ£&÷´JùXªª¨”
»ª´T]ZÑtçœÏˆë%÷°ª°j«‚Ú;©UÒMaÍN*U…G5{~Ôä9T"*g¹ºÔqfQ­’ª‹o¤¼ª5ÕÎJ•ó„fÏÑªëUéÑ:ß]ƒ{Ö0?Q+¢®º˜Ó
àªAë€f·ä–êÂÚ·{úÒ9ÿ9Ý«»oÑ’·Ý‰³*Öÿ-|z‡.¾BëR”ºÀ=ìŽîû÷EUMÏznJOm£[¥:oñq³NLQ’•º0tä­†ÔƒÚn’•º0tâ+??ê ""¹ëçÿÁåkÈÙ¹¢ìÚ¤—"b]ÿîÿÕö‹r&/ÏìvßŸ'Æúü|æÖ˜˜¢ãE†^I3cCk®n}òÔWGbµb•ôƒo…'$üYm–ôƒo…?|íÙá?ï­%O5®ç!í3ËTr?7Æ¡ž] ùý#î[Â¼é«4OäË?ERàç½ÿAÎÖ>ño•þoŒC[ØÁkÛ/½âŽ­ToúH3×"‰Ñ’ñ…Úy]å;÷È—ï©W”Jénõ3?IÌÏ¬M5Í©
‹D‚¼Æ
Í‡¯«7È??¼_hKo¨\˜ä‡æoª3"¼½4ªÿ£1Ó56T?òžf•Î{c°d~¥?¼Ó=¡P3þgï—¿qE$SóÈ¿T÷>æÛQD4«ÞQŸ¸ÃýH?†åyôš¹o«¤£üT"á×U.ì¤þ~¡æõIŒ–¿S½Ojÿ±]&OôÐt´zÄçgÃây{}EDÄa?­?zøéx?¸w-_¶ðÌ×îˆ‘{{~øxrÚ°‡âEDJ#Ç¿’¥‘´þaþÓkœ`ÖHÚ?ÿðÖž¬)=»6µ•ÕxãÂÇüÄš2ço+óï^ð¬2½m_Ñ¨áA""ùíF½:9Þ 2>õí'¾[“1`’1eþ
Óô7¦ô3ˆxrW¾¸bã°ØD‘RóíÏý1ÎÐà{ØÚ~á·ý’¿ö…Ùë­?¼ðÇ„ªéô½EÃG9Û[ø•>Õ¸ì¬ªñ/êª?xßy¥òP²Êt³gîˆJÕØíÉšþÓÝ""6ïøgÝ}|ED³ìªàêurS´ˆWDœ?ªçæyçÎr÷ñqhÞ~U½2Þ5ù÷^cUþa•¾‹öÃtg‘êÛ£òàÄJ½?ÜÿûÊ«*Äiï_¦JO’ÈÕ+ý½+ín/"•*Q‹ä¨Wœðþþw¬ˆˆJ*½Rê²NµÉ*‰!ª=»Tâ+){4c=’©úÔé}¹‡×ù£¦AyžÉ?""ÒÓóÕˆJ)Ý®û¿BïüZëœ¨©µR³êcUä=ž{2ðhýˆÎOÂ¯›ë¶fn^²0­÷ô‰CE$ëçT‘^Û—~²]DÄa×?,<]µvLd”FDD§‰‰2WO»<žf¶ŠêUu«^«“Î]ÏLKeu?‡„>ñUü†¨k£íÛr­Åêl‹?¤­Zñ³ˆˆäkŠB‹ªVíÒ/¶a6‘ ˜ÎµF/!µ¦]â‘â?í?xÐúÔ{P ýø´¹®êRÞÙÙ+[%·jQoŸªTlUíwÈ?ë«×‰ñ†oÉÌR9»T*ëøzc‚eÓ1µt;‡ôÒ§åí*#¼"*g?zÝnUžSÄ¡’J¯ˆ»x‡¤¨^Z¬½¹›·Ïµ•ÝÂD:zGÕ/-Ð&ÆÈ€ØÊØk¼àIì®ýøuâ0Õ¦CÞ'¦ÉÇËU™‰*Ù§ò¿¡²›ZÒ-/PDj¾¯ä¯õ5}½1Ár&d«¾ìX¹ðúFB€Ö‡xàü?&?£DõNzrŠåw‹>O˜79ÖW«õ‘¨¾£î?Sþ¤Ü«1ø‰X•XÐ”&·ÒŸuTTy¹K¤j×n—ˆZ«óÕJ yhÒ°NU+$%ê"EDt??XI«mú(?ï­ž?ø‹TÔ¼ÈUk€^ÍD€·£¨
‹Tâ)—<ÑkEÊÅ)¢¼4¤òìƒûzÝä~°Þƒ’r4O,VÝ>Õ3¡£Èõž""â~ùªÂ<uF–ê­¿kûLt?ØÓ3ù÷•wå«3²U+>Ö8o’¹7Wö‰ó¾¼N?")Ý½?tñæùjvPKº$>ä9KyÕõ×©ÍÏ{W_/ïCÚ†&¸@?ýÇ¦/Y›+ÒµßM†Ôÿí>m0ùM~>ŽãùösØÁ…m%""{v¬Ís‹HyÆæGƒúõòëŸŸ¶í°øM~Fƒ+?ÿôE|µK»7\5Œ•7GÉ—[4¥•"•êïwªÂ¯õÖoð©ÒS>^£I?¡.=¡yû{UU«R·^ÞÈLõº*qfª¿-?!×VŠx£BeÏQ•³ª_ÐYÙå„ÚÛ­s¥Ñèµå¨Ò«fžÔd:¤ý5ž‡yî?’Ì|•”h2‹ÄØÑÓg?çÁëe?U%"úë½÷;T/§¨îº¡R/•7÷•”/Ô·÷ŽìØLyut»Ö^{ë™EyÇT…GU¥yz\%h=p¡4‘‰c{¬Z”²íæ™ÇÍ|øƒ^˜¹^gÔ–»'LéUdcC1´•ˆHŸhùä•™¹R^aè÷ÐC‰á"2àÑ§­óß?÷k·ÖÏã–ÎO>Ö5ä‚¿Z@c{cHfëW9ä~Õ‰Eê»æ¨ýE|:yÿ:ÖÓà–¹·Ï}ž¹Éš·þ¥1yï¿Í{b™ˆˆtóÌMÔ¼üžö=µ”‰Œ¿Û“""ÞØáÞÿ¡N|Q-×V®›t¶ç–v¯œ­™ýºH_‰‰õÞ(""…'U~¥ÍÐIûJÉó÷¾Ñ¿ÒyRûŸÚnWKžxgO«Q{n¼NýáOÞ‘=¼"Òþo·uªnC+•ÿÛ6ZžµÞÑ=/'hŸ~WûžVÂ;{ûWw¬)ÊV-Ë—±£.þ¸
¨ÊìÎsXÀUì@Æ±øØ¨syõ?ÇS™–žÓ3&âBåv9Dç{¾÷.l+—[t¶rÙ]jCŠÎß¥Ý®n•Símª“›³T­7*·Þ?©ºÄõÞþÞ©,T9+D_ÿ%h"*i8ó¼ŽÞpf¥ÊYéÕŸß¿›&Ê«íBv UáÐúýE¥¡ÎºfAQ©ÑÿbzÙku¾Wl+i$ˆˆÎÐÌp‡ó?Ä%Ý®ÚfúÙ«2¿Õ<—¥ÙÝk¬Pí8(CFUFžYêÕû4¶Ñ¹gƒ¦ŽÞpfÓ¦iM”w±»ÐªÐz´~v‡3çh~Dxpp?±©6?§² ¨ôX^AÔ5¡_† ÍP9O«3s¥B$¸sÕ‡ õ m‚Ýá,(´•–Ù++¿”Q«UFCp{Ù€¶Œx@AC
âñ€‚x@A<  P(ˆÄ
âñ€‚x@A<  P(ˆÄ
âñ€‚x@A<  P(ˆÄ
âñ€‚x@A<  P(ˆÄ
âñ€‚x@A<  P(ˆÄ
âñ€‚x@A<  P(ˆÄ
âñ€BÛÒ¸rVlV¯ß§>|Råò´t)®:?tó?«œ0¸²¥kp…¨ÊìÎ–®Àeg)T½òÍ!‹ª¥pUênö¾xŸÇÜÞÛÒ…¸ìè\´dã?EõÊ4-]€+?x´~+6«É.Ò!‹jÅf.€Ö?ç@ë·~ÿÒ\ü1Úþ?­ßá“4¸øc´Ä õã9E.þ˜mñ€‚x@A<  P(ˆÐ
ê+£cÏ|L¸^F÷•î-Yàê mé—Ò3OÊ½ÊôœJ9²Gžù·L½W’¼[æ^èn'="Ot•Ôdyâ—®VÀ/ñZ?¤äÞ)=&Ÿ¦JA€Œ•„p‘m{¥P/ûZº<À/ñZ?¸"nùê-Y(""Ÿ¦ˆ¹ƒXDRÈ)ƒ©Z©ƒL,=´’º]òÚK{·¬N—î±ÒY+?JÒ1‹lÙ «O5qŒ2,Jœ'ÅÙM’:JÉQùë–+÷—ñZ›SD+·>*Î4Y¿E‰XN‰ˆÜ;F’B%y·Ìí.Ÿ< ?µâ¬?Ñ}¥Ô#ÆbY?.÷Ž‘¤@)ÐH°ˆheôuÒáeYÞè1båI"61ú‹SDßWÂeâ§Wú›.†&@ëñÎI-’à.2m¬,y]6¾ sÖYaÒ-ÒY+‡6ÈÐäžÿŠøÔZæ#›eàó²ü˜ˆ¿¼©¹ÝòÒë2t‰ˆtŽº\_påÑz­Hº<‘.!÷ÆIß(Iè"£ï”Sg–w6‰ˆüFDÄ²AÜ"µ¶®šÿNžLŠÑ4wœÒBY}Jä”¶K07š á?:´æ""rL>M‘çÿ!ÿ<,¢•îµžpjs‹ˆ˜ªqÚA|šØ ­¢õZ?iÈ­>’z@¶ã5’%â–CÿÓ?Ê
ŸeÊ½f4A^Í”Ý¤;÷ˆuñ_h=›^Ý(ÏüJfÞ$æ
Yý•¼SkK²¼³[lzt?3%ÕÞ‚Å~‰TevgK×àòñ¢®¥KÀ•6¨¯8s$µáÃI;È¤ëdÃ±ˆH¬|ö€˜-2ðÍ©W¥u¯¸Zº—?‹ Úº»‰ƒå‰›ä‰DqºDt¢wËêÍW¸4À/ñÚ’UrÏ>Iê#f­ˆ[R·Kò±–.ðKB<€¶Å’%³7&´ÂÚIDATZºÀ/C“(ˆÄ
âñ€‚x´~:MKW Uà?Ð€Ö¯K˜·¥Kþ»vlÓ@PQÒe$—¹'nÂ®Æ¹: b
@H ûH~$[º{¯‚‰fõw—9°L`äÌßns¹õÀX&°òæo¿½Œƒ;?à_ÆaÚoåÌŸ<€E8Î
ø³q˜Ž‡ó­§®aõñùuë€+9½¬Ÿ_×oï«o§<ð÷wO?ÓnsñnË!€ø\D‘@äyD‘@äyD‘@äyD‘@äyD‘@äyD‘@äyD‘@äyD‘@äyD‘@äyD‘@äyD‘@äyD‘@äyD‘@ä?ŒFƒ¥Þ–u—IEND®B`‚' height='200' width='200'/><br>
<br><img src='data:image/png;base64,‰PNG

IHDR
1K«Í/sRGB®Îé IDATxœìÝwt\Õµ?ð½Ï-S¤Q±Ü{7Æc\0¸Ñlj¨!„B‡B^ò’?„??¼—i¤/Ô`bÓ±M˜blª±?‹\dKM¹åœýûcF²dY#i$<ï·òý¬…Ö?™sÏÝWZß=gŸs8•ñ€H•:ø¿éä!=€<¤?‡ôò?@ÒÈCzyH éä!=€<¤?‡ôò?@ÒÈCzyH éä!=€<¤?g—:€_ï¼ùš1a`9Šˆ?2¢Ø&&Ò,,¤H‘PîÝnbb!Éf²A¨Å¨xÄNTTöí[•¨¨ˆ—Å˜5‘"b"ÓPŸ\ûÎ–íéÜYû¸¢V$Ú"f2Ùm¿cEÚ?%¤-R!“#’±ÉÒÍÁä»kÐFî¢D²V¢”‚ê>‰a£&õ€nCzP2N8Þ$Ói›XÄ!cÉÞOåÌL$"mD„Ú?ˆ?b–ü¡0,ÛéÛ·ß¸1ã·ð ƒ®ªîk9®eG˜f·å*O.{ìœs>‰*¦Ü“;±ˆpëƒ|ÒÀD$"¬ˆ¤9X&f’ü>I.Ë`!é(`¢6wGÍW$1ÄŠ³ÿÓGÍ¸{ñÊýÿ×ø÷„ô d.¼ð2·ig£[?F‰É"+|¶åödùïÕYšŸßE„)ÿxÝüœ?{L—0EÄh-ÌS&tøìÙÃG¯H$
3aÂ„/}éKŽc;®CÒêÁ?(?
!BLù¨Zôe_Ù‹jÎ¨]ŽADœOò‘S>™hé¡å^˜©±)}Èø‘ûáo9œÊø¥Žàß”Ñ…»Ùíg1I~Ð`ÏSvîQ\„òßÃ·|OÍÏç”?Î½#B¾ï'“??ï?=&_¤ÓeAd2ÇqšŸü‰H˜¹å€Ú|·Ÿe_KnÄCš›µœKm8?ä°'ïÙóNÛKQjeÒìV}2ØFJæˆÃf§¶*.¢‘!¥ˆ&!²ˆˆH1“2DŠŒ!RùcmH)bMd±6¤,bÛ±bñøü9ó.¸èB?ð\7Ò­`žyæéË.û¢"Ñ¤lâ?ÄfŠ²™C‹ŒaKEÆ?•56¢–/Œ´Õ)Öš”%¬‰lÖ!)[8$±É„­/Úú}ÃæN»ýÎ{ÿ·û‚ô dÆŽãx‰Ý:¡º?ç8‡™?Hø†xÐ€þ'Ÿü©ã??¾OŸ>EtU‘¨˜2eJÍõDÿ0…¡:tx©ãø7‚â"€’qâ0MnewÓƒæÂ~ñ}ßóýò²2fVªGkUcÂ0°·¥(I„r¥>ÜÍ:¥}¼w'ºm}]#Bþn?*ztFJæÔ“N³3É?Ä–1ù©-{¶¶×£Lb$u2Y¯²¢êšo~sþQGõøž^zqÅw¾w­Ý¥4£eFqë÷s~ªB·sŒÜâKM^pÜ3¯ýÑO»w2é@É|üñÆh¦i³6N~Y 5OÚm~Ú6’Éf'N<ð«_ýêÜyózžQc2µþã?H“²r“?;êµ˜Ò£–åP»‡©)?Ý1fHW€â ¸ d²éT9%¨Òæ–ì å{ø6L,&TŠ„È÷}‘šš×u^¡{êêê˜±Ê¯1Ôj?¶­‡dOxÍ;"´‰|¯1?6Zµn¹P›ƒ\-”à¤ŽõïÅÛ€0zP27~ÿz+³+iU)ÑÍïí;= fÑ¡ˆöýpÈà!ß¸æUU½³Ö§6&“N~ðÆëoÜ÷ÀýÊRœ_}hŸuNíup7tØyA0å€Q—|ùÝ½/(FJfèàéT£Å?,”+Ü7FÆŽËOo9þÄ…–²Š¾®çyï¿÷îëÖ½»úÝw>|wÃúuAn¯Ý¾nã{oÚÜ6†âäîŽ;»ÍöW4FN:êð?/~¡øk@w =(™[7Ûœj
£vËVÈí´ì†A&•>bXMß¾=¿ôöÚÚ­µÛ¼Àw×²”eÙ¶m)Ûfcš7Zk§yc´â®Ø¼árWÛ1‘¡DÌJôZÜE »P\P2KŸzJ™´oÜ›
“1¦vkí§N<ù°#fq•ÚíÛžZöÔª×WI ©y‡bË²•¥ò{!­c‰²?~üïÉè"²
fò=²åÂÓÎéÁ• 0zP2ƒöÏ4ÔwåÿÂ?^øÛßýfäèQÝêÿÕW_½û®»ÿúØÃ›>ÞRt?%wòü.]Yê(þ]`ô d/zÂdÒ¡í&Ü÷óL^Æ#EsfÏ©¬¬ìnÿ±hlæ¬ÃŽ9æ˜xy¼,^®µn5`ï:Ž•L6uÿ&>A"âD¢}b½²p+tÒ€’©O6::™öÊ,2{ÕÞ0³ˆ4¥ROš<é É]ï3ÃËWn­ÝJ$n$RUY!BÙL6›É¶ô\Ü‚¢OlÝC·Ngæ†¦ly¿XÑW€îBq@ÉØ?š­ßâuØ`Ì˜Q?=öÄ¤Iv©;¡×W½þÝï]ûÒÊåõ?½gi?0oÆCO¢¸`?Áè@Éüò×¿S[Md #Í›ˆ11­³Ùàˆé‡u57 "¦m;·/8öØ3>}šmEEBn·•@«MÍ˜H$·£™ˆˆ?äöCk©?’6!µêaŸ/©mºß‡F†W¢¸`ÿÁè@Élxÿ}ì0±AÆ‹Å+Í¬_3uê!]ìGH^}åÕLÚ+?Ç¬ˆk)‹˜•ˆ°b!fE¢…UnÿÑ:0F~Æ"îSUIJ‰6"D$lÙ,bX©==P(d3"abÃ¬ÄH¾êˆ‘Å¢‰•1"KD³RdD˜˜I(l³baf!f1†9·›‘==33¾®Ž5Ã'}’Øé@ÉL;Æ4ínTW±ˆ1D6s M&“9çÜsýË_E#N§?lÜ¸ñúë¯¿÷Þ{£×²lË¶?6ÌÌLÚˆÅÄÌ¡ÅÄJ‘1DdˆÂ ¨éÛoüØ±ÃF?pâAŒ·æ?57Üp=31+ffV–¥r=³1BDJ)c1)fÑD³¥˜„H)ÅDÚ3+&cH±+#B"J©–;-”;1ß1-¬“6b+ªO{ÇÍ›õà£KöËP\P:gösaº.´Ê˜%_OÃì{~¼¬ü+_¹²+¹­Y³Æ¶í+¾t…ø6[ÌÜ¦v‡òÅDZ‡AŠˆ:pð¸ÆOŸ>mÈ°¡ÑHÄ¶m"špà„­µ[=ÏWJå»6²wW­Š“ö.êâAû7;î“™Ó=óÀAÅÿŠ ›0zP2õ;k£’i0qÅ:÷ŽÑÆRÖðÃ»rz†>ZŠvW)¥”ÊÏ! j)àWLA¦ÓéÊÊŠaÃ
uëùÞÖ-Û˜…:-õßçCÿ'€‰E¸ÌÖñš!Ÿàe Œ”ÌQÇ§›ê2ì(ÎON'3Ÿ9çìÛ~ñÇéäÿÏuuu_ÿú×?±$s™UsV°Gnj¯ïû$ôé³Îúò—¯0¡V¶ÕQ‡O=ùÔÅ—\bYlYvûÞö(z]Óî&BÄÔ”
Î:nÖ­w>TìU {?”Ìá‡M·³»šÜ>"2F´‘/œ{n§¹½üòË›kk?YxŒc;ûzfg&JeÒa¨?uÊ)çœ}vYYYáûô©ž>cz¢"áX¦û3;Èí{Ð˜l6fB±×€nCq@ÉD\¥ÃÛî#F[–•õ²®ë(Uèé<Çó¼À#ÑˆÕ<O ·ÒOîÀ²¬T:•ÍzUÕU-ºBkÓ¼âéžÞš×%j©'’\îAûl¶?%W&Ô¦“®?ÈÄBLAƒG?ä6Ð[0zP2§œtšãèLÖ°âÆú†#‡ÿò—¿ìSSSø¬ž}á‡?ù¡—ñbÑ¨!­™)­™Ørì]»võÔÿÚÿüÞÌY3ºÌÓÏ<óýë¯wÝˆRl)K“Ë4Œ£,KDŒ1–²„E´aV¬ÈhafVl´a"¶”1Ê²rlY$$F³RL¬?VJ)æPkf¶”ÒZSîÀ±-«åÀ?¤š2óíÿºÇ¿lè¤%³}ç¶ˆNïÌŠcq:ëêÄSªút’¤Ò©{îûÓÆõ”e)•ûº=ÿe¾ˆ(Vž$*ç}þ3gMïn<;wí²‘Ü®D’ŸÕ ¹ÝÒ¤Õµö\”ˆ™YDrå@-mÛçÆXDˆssŽ13íãÄVW¤T:½£iD‘¿_è>”Œö3ì?2a†5Õ}”ÕI-?Ñf÷îÝÊ¶”R$B¹YÍ9YÏ#’Dy"‹u7˜0šš²Ì&÷2ÿ¼ž_©ÕFÆ-¥V˜¹Ý¤„–¥ùƒ=?Q«O¹í*H­nŠˆYn˜ä²¾Ý½(FJæ›×\“mÜ–•x&?ºàÂóO?íôÂíßzãÍ›òã Ô¶²òÏî9B–m??°ÿÀoü~¹½¾ê?[o½•™ÇÏËj-¹Gú–ÇøN~îÕcûeO÷J'ºðÓ0Ïž2þ’¯~§ˆ;€" =(™eO>m55mÉ¦*×|ë›…û¾óÿøáG.?—“í¸bt~è@)ßó˜Õm¿øE¢²¢¸`¶lÙúøc?+›s•EJ±í8b±Ñ¬”Q–Êí|l´a¥Œ1J)1†ç3#ÌÜ’-p~†q.Åh5P$†X‘˜æ1
EbX±a¥ÄRJŒ±,Õ˜LÙþÜKŠ»%è>”ÌÖÚõeÜXTE,5røî¬²hý†õ¤H‰eÄD¢Ñ¬Ÿvl7}Ûrê¢ndìØ1Eãg¼­Û·f²~6ðE„ÈÄ£ñL6‹Å3™t,M§³±h4“Í$ÊË?PyyY&›?F#^Ö?Dlß7ŽcaèØ*É²Äf"ÒLŽ‘À¶œ0ôm;Y×?z^6?f³™h4žÉ¤ãñX:?‰Çã©tº,OeÒñx<•lªN¨xÅ°¢ïº£%óØ_ÿ–õ›$´Ï>ëÌÂ¹?çûwÿïÿnÛ¼5?ˆä
ôóó†«d²ñÈ£?:úè£{ÌG>ºï¾<ð€³?ûÙŽÚè \¿~Ã›o¼¹fõšú††ÊŠJËV–²Ú—µhûf.[È­X*¹yÉ¹ÅlšæÞÉMn´?bàIŸ>¯'·]‡Ñ€’<°CC}<^þ?¼tÐAhùüóÏ/Xp\îûÿØñxùÒ¥KæÎ?Ó“`yä‘3Ï<sÞœyK—-íhö‚‚´çm«­}ÿý÷Ÿyæ¹®\ñòk¯ù¾×“ëvê˜Ù3zå'zh?ô dÞXõª4IYõôiÓ
·¬««[½úm¥˜¹Íl_¥T:?ªéÛoê!‡ô0˜úÝ»ß~gmß>5ãÆ?S]ÛLÍ„úí5k¶×íÔA ?vl'‰X–•[¢T¤è–ó˜9u¿Ê²QÜÃ® ‹P\P2uÛ·&Ó©Ùó
?ÑîúúE‹ž¨ªªh·%“?£F?îyn@DÉ¦¦uï˜’;fu-=P¶uÐÁ{‚ßZ»õ©'ŸNgÓ}kj”RÊRm*?ŠH˜LÚºjT÷O€â =(™sÏ¿¨¡¡~ÉÒeÃ‡,(Ðìî»þ÷k_û?Ž>ýÁnœ3§GeE9Ï=÷âùçá€^[µ*fó¯ƒëº¶cß÷‡ûW¬|ALÏ#Ê;æð©??ûÏ^ë
Bq@É,ùÛ¬õ‚NH$Ê
4{ýµ×7nX¯[‡†[fø)ËÊd2Ç· ¢¢²çÁlÚ´iéÒ¥ƒ‡=î¸–²ŠîÇó¼gž~fÇÎºhÄµÇR–m)“Û¹ËC¹–Žm×7&‡õKL›S(}€^„Ñ€’2tØˆaýç™LÚÃ¡Ã†2[Ì*Ée,”ñ2³Æ?ë•Ü€ˆª+ª&OšÜ¯¦?ÅÅçD‰DN<éÄÜñ»ï¾óñ¦-åå•1×?fVŠL(ì0‡b+"£…¦@ÄfeD¶l2¡°ÍlÈÔô7ý*Ü^¹Aè
¤%süq®ûúå_û¯›´yô‘Ç.¾ôâL&Óþ£xYù“K—Î™Ó·W‚yîÅçO?ý´yóç?ñø±x1û.·g±úÅm·<óÌÓét–L‘3•??êð‡¿Ð+ñ@§?”Ì—®¸âø“Ž)ÜfØ¨áß¸æÒF+æ–µ€˜Y›?ƒN™ÒkKúLœpÀõ7Ü0xð`Çuz«Ï±ãÇßû§{üÓýk?|Ç‰DÇÍ­iÔÅÓYq&:¶oÅ?ÂÜ€’©Ý¼yô¨A¤"5¢Û¶g=Ï¶­–uBs»†éPÐ??öV0¾lÙº¥ª¼¢ª¦º·úl-“Í~¼ñãX,jYVs’°÷BLÍš?b£âŽ­òI„í!=(™Ù³f¼¸|y"‘è¨ÁŽ;O<éø?Ö­‹DÚ¤Fk!¾çžûŽ=¶G;%·¶èñE_8ÿ}úô™>m†íXñx¼¬¬lÔˆQcÇ?:tðÀ~úô«±m{¯?ºnçŽ?W_ý?'/Šº!ÊmŠÜéY©löŒ£¿ýO?wQè.”Ì?MÒcF=pà «õFLaÄbåcÆŒîÅ`úöë{äü£…´úaÈétzÓÇ›Ö¬y[-³G?9eÊ”©Ó¦Nž4¹¬¬ÐDêÂýßrë­Ã†ý×¿þ?Å•2"?g~h˜ÔÉ¾Ð‹0zP2»wíèß¯Òq:|à#;êvZJµ~Šfb-:êº‰ÊÞY³('‚d2)F„öT1‘Ñ„¾ç{b$‘Hä6EfÅ}*«I9’P·³.ÛuI„š—j¥=EÂL"ÄÌ¡1•¶gb˜~°Ÿ`ô d.¸à‚‡zØéx&ðÒ¥K¿ûÝo;®Ûüäœÿ‘Íf?:ó7¿ý¥ëöÚ¢Ÿ+V®üæÕßPqË¦BÄÄBBÄŠH(ÔZDH„™ûÔô?>íÐÏ|æì)S¦t·âè…^¸é7ZŽÍŠ™‘H>O`ÊMK`&fÊxfþôn¾íÎÞºM(é@ÉDìSX A]]] ¥"žplÛäžË“P¨©¬<æH,ºÏZÙª¼¬R)&""&""abbEFçÞ/ã?öøÒµkß¹ðÂ‹Ž[¸ [“¤O8ñ„¿ÿã¥§Ÿ~®o¿~¡ŸR¶cS~Ø¢å¢ÄLŠÓN¤Èr&(Š‹J&ð2‰)UÑQcL6ëç&‰01kmGYV?ö/Û‹£?6Få
{rOç-¹gwf2Fˆ‰Å(¶´HdS©tŸš>ŽÝíï›“$?FDÈ²ìÜÒL¹u™šˆ‰Ø$}B†°Ÿ =(™ÿø?ÿøÙÿü$‘(ï¨ÁŸþtÏã??VU]EÒz
/§S©£Ž>ú’K.éÅ`V½¶ê¿öÓˆãØ¶-ÌfÚ3™XZ<i­³žW]‘¸àâKfLŸÞõ‹Þuç]?üõ‘:šZÀi/8dÂÈ+¯þn÷oŠ?â"€’yù+?1¼ÿþûK—.-++SªÍ–h??Éê>}z7˜;w>÷Ì³aØ¶Ý²!A›¥…
.2¤µÎd½çžá¦›n:õÔÓ”¥
µn6ó°Ã~~ËÏW¬X?F¥]ÿÌÔ”ÊøGÏ¿²û·ÅÁè@ÉÔnÙ2lèÇí°j?•JÕÕÕ)eå+|ò8‚ŠªÊêªª^ÆóüíÛ·m²Ù¬ÃÌÌ¬,Ë±mÛrò4Wþ´—›?œI¥le?;ªë×M64ÖÖÖº±¨½¯Z)m¸L¥b5#{pgÐ=(™»ï¼ëšo]ít¼øÐšµk|à/®ãîÉ„˜)“ÍN9ä óÎûBÑ›”µ÷á‡ëîºëÎÑ#Gœ|Ê)¢eGÝŽÚÚÚ>ø`û¶ñxÔ¶Ý½÷)?æñ…=£¬Åd3™òòòË¾xé°¡Ã:½n¢²bwý®Ûoý…ãFˆ¹Í®LY?œzà˜Ó?wAoÝ&†Ñ€’™zð¤—ÿõ¯ÊŽ·/X´hÑ©§žZYUÁ¬öì2ÌÔ”J2eÚ³Ï<Uô&eí=úè£§Ÿ~úü¹G.Y²8?d³ÙT:µ»®îƒ×=ùô²7ÞxýÍ×ßô}Ï?¸$Ôœ–ìs$?‰(?ÉL™6ýž;ï;vL§—njjºè’KþËŸ+«+I¨Õ0§Óé£gÏüË¢gzë6 0¤%³úõU‡N›dw¼-Zãîú5ï½çÚ6)æV3´1±XìÀ'2õÚèAC}ý«ßÐà„qãÚ÷êeý>ü ¾~w¨“X–?Çr‹QóœåÖ´æúÆÆñcGÖùBn××_£ººšIn?&âÜZI‰ˆ5xÔÄ^ºKèŠ‹Jfí»ï4e’Ýñî–ã®ûàC#Ú²¬6“„…<Ïïß§o¿?½¶?ðÖÚÚ7_[5qâ¤Ñ£Gµ_¥4u'M:°ååªU«–/_ž(/?ÆbJ)cÌ>F„7|ô?1râI'4¸ðÕkjjfNŸñÀŸŒÅ"®ÑZçê¨¼@?PŽô`¿Áè@ÉÔTWÔn|¿²ßÐŽìØ±ãðY‡¸îÃ}~ú›ßüöòË/ë­`¸ÿ?s>wÎá‡Ïzæ™gc±X?–F›­µ[ÿðû?üöŽßnÙ²%‹z™l?ösgÏ{èá¿ôïpõÒ¼úúúO>éï+_r£?ëµ¼ìá‡>öì?ºCP¤%óÁûïNž0@¹ý:j`Œ<ÿì3Û¶ns"‘ÜÎd’_ÂˆÓMMÓgL?ð É½ÌúŸ}êé1ãÇÎ™3ÇR]Z–ôý÷ßÿç¿^öš2å‰„ÅJŒ°?/2ÉÇiBÝ”j:éS'8 Óß^»öå•ÿˆE£¶ëÙ*lò‡é3uöÑ=¾?è”L²n[S2RQÓaz O:h²m»ÄÄªec"bcúínl‚Àq:.NêŽªDbÌ˜15}ú¨.Ïg7nÜ¸qãˆè…_È¤3åååÒz‡–ÙËÌ¯¼öêÀ§M;´p‡“&N¬¬H¼óöÚH4J,Ìô¡êªŽ—v€Þ†ô dN8õŒ¯]~ñ?ùY?6¯¼úÚÉ'?ÔÑ§=ôÐ™gžÙ+ÁümÉ“çž{ÎôiÓ_\þbáâ¢½A°éãM_¹ê+»vï*ÐÌuÝÇyôø“N(ÜÛú?Ö/8naëwN9rÆýKVv=è¤%ó­k¾5kú”ÂmfÌ˜ñË_þ*ƒ½ö#³m»1™4p`o3múÔo¼qØ°av»yÉ…9ŽóùÏ~Ô¨Ñ+–/·Û¶íö[§1s*?2…7^&"¢ÃgÍúÃþ°{÷îH4ÂÄB<°º¹
ôæ”L²~W„3‰~#,U¨ž'•JíÚUµbd)£Y³01Ã^6=tÈPÛí…ïz¼¬·­¶¶¼2Ñ§ºOÑ?ìÜ¶=ÙØ¯('b!aÉÅ*DL©t6?öÐù$„MovØ&‡´‘¸Êº•CŠº£%sèÔiåŽ÷Çû›=ûˆÍ–¿¸üŒ3Î´-KH8·Å€!RDBlñW\ñƒüÀ²¬³xñâóÎ?oÎa³[¼(âYîÿêk«.¾äÒÆ†úÜÔäæÊù?•µÑC‡»ï¾{¦M›^ “ .ÿâåÏ=û¬mÛ:4'/8âÎ?ÿ­¸x »?”ÌégœÂÞ.U`ã"":xÊÁç_ø…º?»lÇÒZ‹1¹9ÊB$D‘h4Âž§C‡ýô™Ÿ>`Â„žl´vìqoºñ‹–,r'‰Š˜Pk/›Ée5–m~¸­v[áNÇ¹üÒK«*«³^Š•5{æ!=ˆºÅE%£Äç°ÞSUenœœ#"™TÆ‰8¢E8ÿe<Sà‡:*«*{ŒÖ:›Í(ÛŽºæžnÆÜØØ?ÄrA¶™ŠÀœjjªLTXN'ùLÖ÷H‹²Ò!%ztFJfÞÜ£¨a·ÐïÁ{1bx?–®ûð¼óÎkJ68ŽC¹ô€Œ%¶?µq”}óÏ~zÌÑ=Úà©§–]yå—?˜=û÷¿ÿ}ÑÅE9Ûjk/¹èâõ›>ŠX.‘?Rd$ ’lJ}îs_¸ö{ß¶¬ÿ‘|ÿÆ‡yÈ
õ±óÿáíèI<Ðu]Úø>åå±²ŠúÝõë>Ü÷¾È-†>öüP¥lÅ¶R¶b'$ÑÄ¶ë¦ï‰Ç‚ 'Á¸v$^V‹ÆÈt¾¾Paý8ó¬Ï?Ø¹µM¤‰C#†Ørì·×®nhh*Ð3|ðÁŽã„–c»=­›€®Cq@ÉXA½¯ª¢+‰n,F,ÛQlå¾_7F˜E)KDß+/?;=øÖ_a*•rc‘HoQCc“af•ï!¥˜ˆÃÐ/OÄ?N&]HccÒˆíª,9(.ØOP\P2—^|‘òv‡V¹û¯®›<yr?Æ¬xñâÅüãËq1D$¹‡x"1J‹œvò)\t~qû(¿ñ©ìu IDATæ›×ßpÃ¡‡NýîµßíìÁ½KÖ}ðÁõ7ÜD¶J5òuQ¾L›6ã{×~Ï?t|!‘ŸÝrÛKË_˜;ëÐ«¿{cÏã€®@zP2/ýýŸŽnÌR<ÙÔxÐ!Nˆhâ·lÙº{÷.¥ö.ef"Y÷î#F?\¸àØ"‚©ÛU÷ÒÊ¬Äô¸¸(gð ÁÉÆÝo¯Yã8NëÙÉ¹¬fÓ¦Í]|Ñ¨‘#;<Ÿ•-ôêk¯ö¯èÑDè”ŒßÔ³Òª¿—IG·ª¦ºÓS“Édyy9I~bÎýgŒI¥R‰XYeßÎûi/‚Ý»wÇb±D¢×*yêëë}ß?¸‘½BÕFg³Þ€ý¯ÇšÍd’É2GT¬˜;€"`ô d~~û¯Ø«Ïh×R*™j:ú˜£N?íôÂ§TTT¼ðÂ‹K—,®HT6?sïÁÌFë¬çÍ?7ïô3N³T7&õ®]»ö÷¿ûý¤I“.¹ô’žï¢?ãF"·Ýv[c}£eïÕ!{~vÒ„/¼ô¢×Êd3·Ývû°~•ç]vU¯Ä?Âè@ÉŒ8 ÝÐ˜&?{9á€Ï>ýìà!ƒŸµêõ×O?í´6hã:î7¾þ?k¾ý­ÊÊŠ.óèÃ=ýÓgÌŸäÒ¥OF£½SÏãg¼SN?åÉ'—íóÓ&Nxñùåýú÷ëèôººÝ‡vøˆþ•‹ž]Ñ+ñ@§?”Ì¦ë¥±¶Q•ëÀ³,+ÃC=´Ó%Œˆhã†?ë7lpl‹-k¯5†DÄqœL&†áa3‹Åc]¦¡¾þ?÷Þ«©î3vôÚ»×â}¼éãM?Ví†DÈu?ƒ:Øv
ŒcËšµï©09|Ü”ÞŠ
Cq@É¬X¹"ªëÓªŠE‘1æÍ7ß<õ´ÓPøÄá#†—'Êï½÷?xÌ%bÉ­b$BùµŒ„™?1«W¯ö<oØ°á.¨ªª*ÜçîúúW_yeÄˆ£F?²¨×¶(‹—½»v­¯µeY¹ùLù%Œ|?ˆÅÊ&NœÐñÙ¼k×®¦­ï"=Øo?”Ì7¾þõ2ÊlJSÔVÌ†¡õóÏ¿pç]wF;C(++[¿îƒ_Ü~[$ü?•(ei­‰È¶,­??±-GëPYÖ¨#¯ú?+O;íÓû ^}õÕ+¯¼rî¼yG}t,ÖÕ1‡N564þ×ßß¶½–„”¥˜IkafÛ¶RM©k¯ýÞ?7~¿Àé[²tù’Ç—?üùÞŠ
Cq@É¼¼òÅLýf«¬Ÿè?¬ˆ"Êd²Šù¤SObî|WûL&³ì©g‚Tª¢ªŠ˜Y˜Y´h&%Ì"Æ"6Ì"&¹k—&uø¬™#ÆŒî¨·Ûv¼øÜóý÷Ÿ3w®êÂÕ»(ƒå+þ‘mh°#ÑPB‹“6*¶_?=jÒäINÿ£?·­_}èáÅ,Õ
EÀè@ÉXìTWÔøN‚Yk!bãÆ#&0O.^rÄÜy?,0‹ÅN=åäL&³ò¹ç™íH<&
‰a––Èˆˆ¨¬l˜YûÞ»o­~›H4I4Ø¯ÿ?áCª*«mÛ"¢Xy¼²OUy,j„T¯M= Ûvì»Ñó?¨å?M$L®EŠˆm;ÛÔ”c¸Ý6-jª*šÊ±e2Àþƒô dÎøÌ™^ºÉX–R*_‘/dÈ4%›.¼ðÂ_ÿú×]™¦LD+_þÇ?üc¶-[YùùmíµªÑÆèÐµía#G÷íWS??=nÃÆõ?>öØ¼¹ó–>¹Ôî½â""úå/}ûí·UVT´lŽ&DÌœlJNŸ6íÅWD£ÞæË¯¼rë?ßzxÙß{1(é@Éü×w¯‹ø?õ*j±‘æ9L¤µö|/‚®¤±Xìºëo8xê´×_yÕ‰ºQ7ÂÌB¹ñƒ½å†r›“‰¥Òij!9´ß¡ÓgÌ˜0a‚ã8½{›ç}áÜAƒºŽË­2!ƒpÀÀ?N¡•‹hòÄÉW~ùŠÞ?
ÀÜ€’YûÆ+•?Ê˜LËƒ»1±“jJ?;¦ºOŸ®w˜¬oxû?µ‘H4‹ŠáVù@[’ßhY”R-‹…aXYY1lø0îhþrQ“É?Ö­s\w¯Nµ6–R'P`U/nÙøþ€ác{1(£%sÂI'…©úF_1·©þÉ=Ók­§L>ð¾:ðÀ‰]ìÐ×á²%Oþôç?OeRÜRÊÓªÏ6í„Z9þ’%K¢½Z\ôûßýáê«¿fYVëéLj=bÄˆ·ÞZ?H”wtî[kß¾éê/Ý»ø…^Œ
@zP2W\y×ïª³#$fïÏ˜”‘º;×®^Ýõô ¦¦æ¿n¸næ¬Y‹??f¶-ÛR¬ˆÚæ
ûÂÌ^:=jäHËí?-“[Lœ8áâ‹/)¯ª0¦íc*ËÊl§Ðýjª?þÔ)½€â"€’É¦›\[¬hBiè?™[¾àÏÏ'ÖY\]U]Ü%6oÚ,$e‰rÇrˆI)eŒÉ%¹Œ!÷?¾EØÊø^4‹ôvzàûA&•²#®ˆ0±??+Öa¨X•w<t@DZ(hÜn"EÞ>tFJfÎì¹••q²ìtS1-¬X1kc˜H)jSQ^ÞÐÔxÄaGÜðýÜ­þ}ß_¿~ýï~ÿû×ßXø?ãØMÉ¦DE…ˆÑ¹mŒ‰´6¬ÈR–1Æóü©S§Þu×]]\1©‹þó?¯yâoOÄbñÜ¬kVJ)†aS™zÿý÷«},¶”÷âŠåwÞòãßÜû×^Œ
@zP23gºkÃÚ]¡?¨¨dRFŒ¥Ôž
&KÈ°ÔT÷]»fí“KŸ¼ð¢»Õ¿ëº³çÌ?~ìß_úû£?>þáGÆbqKYFŒmÛDbY¶1bDâñpà€ÜñÃzqŒ‘ªÊ>nÄebÊM´`#Zdâ
äDd[Î€ÁÃz7(ÅE%ã*m?a¬j²,!!bRŠ˜ˆk-F‚ÀÇ-°E@i-J±1¢µN§3~à™Ð(ËŠFc¶mÅ¢N?MÊŠcŒÑF+¶´"¡ÜÂ Œ¸¶²
Í=¡ Sª²Þ:‚Ñ€’Y¸ðøò'CÇ"CÌ”›>Üz}Ÿ=«11¥R©ñã'\{íwÇ?+~¡OËâÜO/ëíÞ½cÛ¶[7oIeRÿüç?_ýõéÓ¦ÿøÇÿíFzí_‡·ßzëëß¸&›Í8vsŸœK?Ä÷ýï|ûÛ'œtb?Óqû¯6®~õÆ[Ó[ñ@aHJ&Õ”ªû¸!u9ô‰™Y™æYFŒ)¥DŒˆ(e‰‘¼ðÂs›¶lüõm¿À¸^=‹?1rÔ¨Ñžïm"‘È½÷Þ×¯_?²:[ä¨;Þ\³æ?7_¯ª¬!ff&c$W¿¤µ‰Ø?ü3ôÖê··oØØ‹ñ@a(.(™ÀË’Ÿ´bU–e‰bRÌ¹¹Jqn’@ëU†,Ë
ý0™nªªªŒöêìa""’ºº]ñx<‰*ÕkÓ$”ŒŸ&VLJÈ´l¸&bÂPÇËâvÁâ"Ï½Ì.+ì/=(™o\}uuu\Ø£-V†LûýÊDÈ"Òd,R!‘b!²E{/¨ª®þÌÙŸ™rÐÁ½Ì›o¾uÇwL<pâå—QQ¡Gö®khh¸ùæy¾¯˜™•"cHi"ÛÒS¦L¿èÂ
œ^·}ç?~Ëèþñ/|é›½t
£%3jÄ°p÷Î£,›ˆ”ˆ0íµ?š2ŠÛì€ÌÌb„•¥EÆŒýÝï}÷¬³Îêù`Â¢E‹N?ãôc?Yðè_ÿ?E{Ø[ÎŸøó9Ÿû¬e[J‰2ÄL†Hˆ¬0¾õŸßþáM?(púŠ+Ž<æØ…GL{hÉó½t
é@É4ÔÕ?;3N•Eºyj²´ 0‹ç—1"jYÿ3¿ú±!J66Š1Ó¦Mëùj¤©TjÃÆ?••ƒì­Å‹¶oß¾cûŽHÔe&!¦ü¢¦"ÄÙlvø°á?+D^ÖûpÝ‡•1§Ï ‘½t
ÅE%óÐŸÿRå„Û‚¨Í¦Í÷?™?‘gž}F´)++?|öœC§NQE=Ü×ÖÖ>ñø¢ñÆêSŸê•Ò¢u~øÐÃ;ŽÓ.uaÏËNš4iò¤ÉNg¢eË–­~û­iGÏEz°¿`ô d†ì/õ»™I„›ŠþID‰òSO;ã¼Ï~ÆÌ™UÕUÝ
æÁþüÙsÎž>uÚò—–G£±ÞZ6›ýÌYg-zâ‰\fÐ>Ôo~ó›?ùÉO
ô°kwý”ƒÞ´éããçÎxxÙÊÆ]„ô dÞ]ýºÞ½©ÑígIØ“Ü€g3YÇuš’M^://?böìêêî­öS[[ûòËÿì[Óoæa3íÎÖí”1æé§ŸVŠÇm=q‚ˆD¤)•:læáýû×èÁ÷ƒeO-ó²™áj&MŸÓÃx ‹P\P2nØ8 œÓ©”M¤IÛd…Úd7ÿÌ½³×O¥É(R†Œ"%-i³Ÿñ]Ç?Tº¾ÖÏ?û|`BÒ?Fû0jÔèýû†•"-Ñˆk©žÖyž·dÉ’ˆí„Ji_‡dlR¹Ÿš%“LM™zHáÜ€ˆÖ¬Y#ÚDÝ2Ûv{tFJfèÀþ•¦~}ò“½J48°ß„ñvøá³f6jÌ¨AýºÑˆëºV«=~ø¡Oú¬yóæ>ùä²h´ø•‹´ÖW_ýõÛn»Ý˜'T,[¶lÁ‚:©«Ûyü'½ò¯—‰hÁÑG>ú·eEÇÝ‚Ñ€’¹óî?6nZ“v(2ÅíT,­6J?v›&äÞÃ0´ÑA:?z÷½÷I‘"0``,Öf‚Áa‡ÍºåÖ[†æ8N±7D¹½Û&Nœü³Ÿþ,?YÍ3rX©TSSUuõ‘óçîÄq#—]|éœO¬†ô/ïI<Ð-=(™wV¿?eµê¯($"C¤¨y_€æ—šˆ›ßÏ½T­fä^æ2?Ü§-OäÜü²yße"­uÖóBÏ7$Ìœß–Yˆ™mÇv·ªªzÄðáTìº¦»víZ³vmEEÂu#dŒ´[ë?‰'O.´`QÎÚµk/t¢‘PsEÔï7dB‘@7!=(™1#Gxé¤oDq›U}r
¿Ìí#@­ÞÜëå>ßÉ¥
D$$Í3†9÷3§2™cŽ:ú‰Ç¹±b6Yûàƒ.¼àÂ•/­H”—›Üp7‡-DD©têª+¾rËm·Þ¥aóæÍsf±iÓ¦X,žÌxg;ÿO?.."(Š‹Jæª/~ÉÛùQ­$ÖÍïí?tðØ/­>jÑf5£ÞiÝ¸ÍUDDëpÒA“Ù)rìà_¯¼2nìØ©‡N5íK¥˜?°mëëW­ÓÜ¶mÛqÜq'ÚŽ%B~N;p|qñ@0zP2µ›7V%œ€ã,ÝÞmŸ?üÅiîŠƒÀ?ÅbÕUÕ¬º×w:?ÞV»?-?DX)iÉr?AÀFÚ•`6oÚ¤”²-›˜´pœ<§r@‘÷Ý„ô dž|`?Mza÷žÅÛ?/t÷ôöc”ÛªÀÈ1Ç{ç]èú¶hbÌâÅK~ô£®]³Öq]æÜZ«m(fß÷/¿ì‹7ýè?vxû¯~uãõ7ägK(ËÙc?œ÷û{ÿÒÅx ‡P\P2Ç/\°cÓGa$AFw¡ù'Œ9?N>DYÝø§áíÕ«zè¡Êªª£Ž=FÄ´O;”bÏóËÊÊ/¹üÒN{ÓZøÁ3fÎŒÅ"Æ3ù?™0~T·ïŠ…Ñ€’q-²Èg§¬Ô?ä¡f"e)ÕÙô"ò}_D2^6æF•RŽ»ïåP³Ù,uq#­uà‘h´åúbÈ»=ÁÚ¦ûFJfáÂãËEZŒP®Ü?w DÒö?½˜‰ÛäÎÚ{.²äÚ«[aÓº[&6:ÜÝ˜<xòA·Þz«êàYŸˆ²Yï½÷Þ½ÿÞûþùò?#Ñˆëº¤)%${…ªX%+ûô¹ùæ?ßùôâ·V¯þÎw¾ø^Ô?†l%ÄœlLM›2þ†›Ñ[¿s(é@ÉèPv¼»zK@å—Ý÷¬‚Ö+5´¬JÊ¹b&""Ù×AnÔ–ƒÖ¹Cë3éÔˆ¡#MÇó¤wÖÕ=øÀƒ~ðÁ-›·x¾g»ï{s®ã|ûóçŽ?®+¿?ÅûÛkÿzÍ?¹Š÷¬óšñÃÆéÊéÐ+P\P2:ð”ß?á²"V.ú$£‰h¤ÃB t:³cÇveYñXœEdß5HÂ¬|ß‘X,VUUÕÅ«ïØ±ƒˆ”²Z¿©…ËL–+úv÷^ 8=(™/_ye\eÒœ°š÷/fÎ=u7ÿ$¢Ö/Ûµéù)­_??dð?ùóçíÚ]Ÿll¬«««ÝV»{÷.âÜZ¥Š™mÛffcLG(Å©¦Ô?ÁC®»áºD"Ñ•ßÃÇ›>¾áú<Ïw‡ˆöÄÆäù2÷?‘çù;Ÿü_é@)½üÏ˜úm[²RQV–L§Ër]»)?­,/kH¥¢®ËLéL¶ª"ÑÐ”*‹Fƒ0Â0QVÖ˜J%âñt6ÃÄ±h$™ÊT–—545E\×¶¬¦t¦*QÞ˜JÅ"#’Éz¹—eÑ˜øÚ˜òx¬1•®ˆÇ›2KY×iJg*ÊÊü p#î]ÿ{wøÌ–íX–RÉd*QoL¥Ëã±¬ç#e±hc:]QV–L¥Ûv»)?­*/kL¥\Ça‘~ý\páÅåå]šOì{á?ß¿ñ‘G²m'?õª*Ê›Rñh4Ôaà‡N$*Ééçù“ÿcŠ‹J©nçöˆi’Xu6??D¢Z‡"l;ÊÏz‘h,}&KYxA4õ|ÏRŽ?6¡‰D£Y/ëØ®–€4¹×Ëzv$ž"e9¶ïùn4ê{i[¹Ê¢ ÐnÄõ²×q‰Å‰8^&‰DµÅ°åX?çYÊÒbÄÂ04ÑˆãF"
ü0‹y^Ö¶]#?hq#‘¬ç9NDk?D9Žíû>³J65úž7tèÐššš®ÿÖ¯_oY¶qÉ?ïgÝXÔÏxŽí’2a(QÖe5?É¿ì?Ñ€’¹ëÎ;U¸?q”ÊÕÒ°°ä¦aË2bØ?²”ÖZ)EBB†ˆYˆ,6Ú(V¤Èh£”eÄ0‰(–Ð(K‰I¾VÌ’Ÿ…,Bª¥&c4³ÅLBÂÂJ±É_Š´EŠE
\ÑˆilH:äìs>‹uuK5"zî™ç=±¨¢ª‚‰m¶+ªÄ,Æ?Å¤…Yi¦ñƒ*?<ùœOòï{`ô dìßØPß“-?ÿ?°,{á‚c¿}ÍÎšsDnþ@W¼ôÒßO=õ”?;wn¶`ÎŒGŸZÙa@ç?”Ì{kWKrK½©Plˆˆ„Z–ôlYw”„„‰ˆ¸ÝA»¦­Ú5c"iþ´õGù+æFöZCµ]ûÜAîÔ ½lÖ#d×ô­œ5}†êrb?óÎ;ï®[÷a,7Æ[–j<y?X3izO~ÏÐu(.(™÷Þ][UI
5/lº×Öí„Ðu]ï¡+—f#™¬—nÊ2ð„Oä.ì¯ÜÞ¦M›—¿ð¢w]e5žjÎƒDöÞFAk®t*Š¸£%3d`ÿú†úRGÑm#G?<bÖìÏžsöÂ…#‘HwO_µjÕ¹ç?»æí5]lüÜ/CqÀ~‚Ñ€’yðÏ4nx¥ÑÁ¬ÅY”EPû:ÐDŠˆ;;Èí*–;"ÓÙ?!’=—%¡Šˆ(!MB"$ùþ‰DÌ€~ýæÎ™;pPñK%/¸àÂ~ýú“ˆ)3Ð§¬Ç¿iè*Œ”ÌªU¯õOP†¶*u(DDd´ÖFjúô©H$œˆ‹Æ¨˜Ò¡}ôÑú-[6Åbñh´Ã?™[cæ¬—­.?÷:º7ã€Ž!=(™Áû§“š·šR\BJñôé3î¹çž¾}û2s,SÌÊ²zÞs2ÙôÛ;îøÙÏ~º­¶¶[Ó´Ö§3ç¾'žíyÐ(.(™ë®ý^vË;Û­>›Üdà&ïcÒ°P»Œ¢££íûÜòæ^M˜½lö€‰G?îý¯ê7mþx×Ž?ŸûìÙ¬+•ÛÚ¡ðÍ
3yž?iìÈ^?:‚Ñ€’©Û¶‰³;ƒÈ ?äç–gÿÖÏôL"m^¶kAÔåü`Ï›´g)S&
E?3ºw2>X·®aw½b«¼,f¹QÅ¹»ku³­ÂÉ'{n–}m*í01À~‚ô d9øÀLS“XKqË—îuVG‹˜¶¿M?{P÷}ßvÜ/®5zDQÁìÕ#müøãßüæ·¿ûý±ãFXÈ?p‡9Ì¾5e3fO½ëÁÅ=ºÅE%sÔüc7oiPÂ¢™º<?[}ù^´Vƒù¡öéÓ§<ÑË1Õ××ß{Ï=o¬zýˆÃÓ­P[oòú°Cé…? k0zP2©d£ÎîÒV‚Ät¡y³.n?Öúý–Çí½Ž[µdfcLMMu,ïæ}´Q·£.•MëPA?F,Ëf&Ù³s7ºb¢ÐP"F*õ$$è:¤%³ðØ£w|üQZ”ÅJºüàÜÑÌƒnÙ×†ÈÜÔÔtÝu×]uÕUEt¸sçÎ/®üËÃyiåÊl6k;¶eYDù??‹ˆ67†?ôÉGÎºí?÷ÅE%3 o?/›ŒiÅû=h5kx/÷Ù¸#{%ì£C!J$‰ŠîÞ…1æýwßûß{îyöÙg³™tEUeW·-ê4°}|TAÖ þ5ÝŠ†Ñ€’‰:Ê÷v‰J‘eYaÚ¶mŒ!e©0Ô¶m­™™ç^êP+Kå6°m[‡¡eY"bD,KéP[¶m´&"ÕÜ¡ÖZ13³ÖÚ²mjËRBd´±ì\ËÉ9–mÙvW¦
ˆHà–eaX__oGK©x<nŒ!"R¬;Øˆ»U„¹€uÚ¶æVŠ‰DØš|«|?ü9£¥tÕW¾’llQ¬”çy±X4?Ê¸®ÃÌ¾ïÇÊb™T&q?‘ ¢ñ˜—ÉF"?D$âºYÏ‹E£ÙlVY–e)ß÷ã±x:?v\‡ˆ|?(‹ÇÓ™LÄuCjmbÑh&›?F#žç+fÇq<Ï‹Æ¢™tÆvK©T*uøG|ík_UjÏ6Îb´Ñj?J§v×íÞ¾sûêÕ«ß{ÿýÍ›6+æl&k;¶ã8AÄËâ©TÚ?¸bL„eñx:“ŽD"AˆP$Éf³Ñh$›õ,Ë²-Ëó½h,–Ig\×%"ß÷cñX6“‰¸mt„Dj™9yäW¾ýƒ’þ¡þ?`ôòTÚÀ¿¤?‡ôò?@ÒÈCzyH éä!=€<¤?‡ôò?@ÒÈCzyH éä!=€<¤?‡ôò?@ÒÈCzyH éä!=€<»Ôüßå%“¾&"r‰ˆU°©ö“I?ˆˆ"‰*—ˆ¨î…ë¾rçª=uòÐiŸºê¨A½V:™ô©ÍµJÈKnúðÝ-?¹ƒ9t¯?Þºï¬›—š:{Ô¨ÃÏ9gjbG¸çOCK$"ûûúÿAzÐ‘º¿}çS×­ "}Õ]?]4¾@Óuþò©?YMDDŸ»gÕ—§QØ¸cÍ{ï½³æ²?èÅôà?;Ž;÷njs­’ØöÊÝ·Ü~ÛÒ÷¼½Þ¯š|â—}óÜé}sU¸ë?5ï½÷Îšæ9óœ©û=Î7ï8â¢ûr‡s¯_ô«Skö{ÿ?Aq@çÖÝvÇ#Û:þ¸þ…ßÞ¾zÆSrÞª;Î:ã+ÿÓ>7 ¢úÕ‹oùÊQgÝñÆ>>€ÿë0zÐ/ýð/?ô?#öY™²ö/¿Xœn÷n|ÔÜK/úÁK«¶Uï?÷ŸúþëËw½ÓrËU#˜:m^ß?/¾½uçú÷v¦‰ˆ"³= ÷Ëê{Ðe—~nÓ[¯¬k¤~ñ]‚ô K¼¿Ü~÷™G\6¡ÝÛÝö«­û8!1ùœ+&]¶_¢Û¯Ö-¹³9rç^sÇ??3>a]EDÚßôæ¢ßÝüð?“§çS©aó¯ºb~)Ã€î@qüÛK'“õÉd}ÒÓ…Û­¿íöE;÷~Ó_þ‡Ÿ.ïÉÕµßùÕ½d²>™l?@Q qç·S´äº7ßk>þôÍ¹Ažå?zæ÷Ý·?<jŸò·ïw/„âÎêŒ—L&ë÷Lcø÷„Ñøw¥“kŸ¸ã¦_/zc[ËS¦Ûwê‘\vÕù³:˜½ºâ§w¬8î;sZ­Ìóî}ÿó—R·-ºâøå3‡óïxë«“‰è?[ŽØ3«ø•s¼?þè[w½”«Æ¡øø3®¹þ;§ŽlS¿ôñKÿóÃîþG2÷*qÐ™×Þtõ?nhç?îºé'÷?ýQ²å?Ä¨ùg\váåÚ>Á÷¦Í;ÿì  IDAT“DUíÞn}¹U·´Ï™ÁzëòÛ~ô­»_É‡[5ùœ¯~çêÿÇÞ?ÇEUïÿ3ÌÈ ˆhL
*áB).h®‰¹*e.”ZjjZ¦Ùb¿Ô³Eíf›Ú¢©W-ñ¦•]µÔëšR‰¹á.È"ƒ30óûƒÃ¾¸K¯ç£?Îœõ3gr8ïù~¿çt:ðLáIµlçÔ¶"’þõde€¸t›¾ù­Vÿ{ö¼µn6ù_3Çw¸üÑÆ%ªµlçhûòW^^¾Mù?Á½Å çÞz.²)]¡ÔHÄ5’#ùëç†ÍÜZæÊÞzî÷óžÈ0|??±Ô½{žÙ*b]ýnô?G·T.Ó¿^¸ø˜ˆˆ44úŸIª¨‹Q¥N,znð¶’˜ýêè\}Ì[}”[æXþðã‹–h40øê…‡’»·+¿7küû£^q¢Ì\Óñ­+¦ïßS;\ÃûŸš¶n&?4 l}á?§ž~¨»VM?»÷kIæ?<:iñáo?ë?Õ¯ÿåÞ¾õªØ*cë+ÏÙv¼Äœ¬¸ã'Ë.¹±¢"ÇVL½wëÎmÖƒ_Ï‰2{ožÓã†ß„ª?‹ÔDy{£g\šë›š>ïó¯£×|<oÖc}CëˆôÐÇXvýŽ“fŒo"""Ç/ø.]ÙÉöå³~Õn2þ¹±MÊnÓ IÓªJØ¹m«Õ£A—a?ï×ªè*ÔúÃgÎL:¯˜Yœ??lôø¡aóÎmÛËíìtÌÛJ60tœøêÒUÑß,›ÿÖôÁÝ¸‹qtÿv×øÙM#íWôËzVÜŠW§FÝwOXXxÏ§Ï^³§Dó…ˆˆ1°{¹=üõŸÙÅÙ ÎýFŒÿØàîÜ?ý¸aONØ¹í¸ZõõØàîŠÞÔ‰ÅßÄ]M‡ m[wæé}»=ªÿEŸDÞ?«¾;};€›­j¢³Ç(”÷Oš&"Ò¤qËN]MxîLŠTð›±¾ýøg¯˜üUžÈ¶-ßÖç¹î‡W¼ûUžˆˆû°g‡·IŸq¹541Í3aµÈÄQ=þïž6ŠˆÈ?Çó¤¡‡Èþ‹?¯¹~ª2Òw|ÄÂ¨1ÑÇJï*ïä‰ø‚©¶ãg=Ö·¡ˆHã¦mÃúE=wætzÃkÞ³¨N?×V<g}ì?MY%çZÏÞºúðÖÕïÏ1´þÖ{“ºWÖå'/nÝÒÂ†Ž&Ã?ÿ|RhAØ˜0|õÓƒg—?%tŸþÕGQþ"""ß7zA’ˆH^üÉ³Ve«’qøÒÿLêh‘ñºMï2}«ˆˆüqü¤UU÷Sçà†£õ@Mäí]Ø‡å›Å~Œûëtá€Tµ¡¡±â%ÝFÏè&""æ¯}sâÜÏÑÊå{·çÆw»‚‹È°Ç†‡0´îV8?9-KDäØÁ¢_Ä›?V4 Á£íàQÊÕV»ðYÀ¿õéš?ñÇÓ‹Æ17lTe¿ü¼?³ÛviUî¿‰ß¤W]½ÇmƒßÛôßo>ž>¾XÓrcL¢'>¶0¾²±Ô'þØV¸¨ãÃƒC‹"Ôþƒ\åa‡?\øt9u³6=g'$›*ßæ¢:ŽÜ±ð37´îÒ±pþ™ô«Ù+Ü¬h=PÕëÙO¿ó³ˆù?ÅÓŸZ,""šu¿wøø±}[V|M¿bûâc"ñgŒ­s"OD¤ñäI‘õDÊÝÑè¢ÜKŽßõT—¦”¢»…”\â"²·ôÚ!áã›,_p\DN|=gê×3ë4îØuÀ„ÉÃ;6¨¼
ï+ÿy\mhÚ)rr§ÈÉ"bN?vèÐ¾]V¯Ú tˆ:½hã°ŠQlÎ9S8Ù²I©‡I{4mÖQ¤ŠþE%‡7x\£¿`%O¾Z*|´Ô´¨‘êôxëÛùSûßQ¯ÄÝiòRoZñjÔ½S¨ìÉÍ‡Oê."b>q,IDÄcè¤QW1(öšQ7ÿyô[£z”ú!?ëÄžïŽ½wø‚UÝÔ/¤Y‹Rÿ5¾’ñ¸zß¦m»šøêÚÏŸ-œ·íøÅÇj§?+ý}zrüpíÐz ¦òõFØ(‘<SúÙ£Çîÿîß‹74‹˜wþûçý†5®h÷îcŸë¾¶ðv¥ú¾s'Vüå«ghÐL¤ !.ñ”t,ùœœ˜PÑúÆýžžÓïi³éÌ‰CÇ?ì^þ~ôž,9±8&n|«Êê¼cÔªå£.·¸¼ñ'|C›W”#Œþ!"¹ÄhÖ]¤àþ´÷@^ŸâÚŽíßÉS zÑz Fr¤Ÿ)l"ð0ø6mÖoÔ«/UæLÉ©tÃ‘SÿïŽ‚ÉÐI£{—¿åÿ5Ò´EÑxƒÃÿùæ?¢‹æ¼ß¿Z±·üêÖsI…?ÃëCÂºß?é­§»(s’¯q'ú¼½_=üPdÏ§~ý{r©‡ˆå%oû`áêÂW½[V¼½o«î­
·X;ã™Õ‡Ïå‰8¬g¶¾óÌ¼Ão¸Qh=Påí]>ð‰C?ÈÑ=;·nÒÒ(gvÇ¼½VYÚïöJ®kED¤é YŸ79›'žÆ¶¶0\#­ûŽo½à¸ˆÈ±ã{<ùþVòÛ†Åßï¬`œÃé˜§ï{çX«¾ƒt¹+¸YÓ&†ìƒ[V¬ØY°°aÛæU=Là²™¶}ÿ•ˆœÛ=skôLCÓ÷ôSJôbj2ztÏÊº)ùz~ôF.?&"bÝö¯Ñ=ÿU¸Dïîa¶Ò€Õˆx ²îùù«<‘¼­_ÍÛúU™eÍ&?¾»Êî÷þ¡?ü«ZášP7õòðïïajÚýÕìÝ_‰ˆè»tïVöÑÇ¶ÇÄ‹È?+lXQf?u"ŸÔìZ–—“í0ˆ”l?0K(Ý>Q§Ç[Ç‡VÞïÊ£Õøÿ•þäÿÅ+³Õ¿º|7¾°ï :Ð¹@äÞ}âò²yEDïÛ}âü£‡·¼æ
¸"m'­Y;}XñCÓÄ£Yä¬³'•]³é 9KŸîÚ Ì]ˆ¡C§¯ùvú5îåá?è_ÿÝùõüY£z´({DñhpG¿§çoÞ4§_¹GË•Ñ°Ïôo6G4}ôø¡}û?=cÎòÍ›æô»Uh:€ê¥º`©êŽàâÌ&“ò-èa¨ó}VžÉduˆ¨=†‹U˜g2Y”IwƒÁãäœGwƒA_õÚE¬¦,wCù&üXôT².³~œ7¨Š[²®:¨Ùô—~E[m<†K½?Òe¬z?\ÙOÇ<qßbé?xÐ€¾wµð5bJ?»{õ¯oUVhÕ¹ªÇ5®Z7Ú_ŸŽú¨Š§"4¿rùäVÿÐÆpmŒ=Üh~m÷kVÉÕ?°©+‘ ºÐz¨yé'þq`ßŸÉÙ¯kù·éÖ±¹ÿ?2¨ñ€‚ÎEÄ
âñ€‚x@A< ÐTwP=lÙ§ŽË´‰h}‚?>Zîµñ@M”½ðëØ“R»¾Î]DÌ¦´<C‡!CÇ…é«¹&³èôž7×7§Ý–c??üsÙnÊ?®ßzjKüG/¯IhûÀ»3Âü
¯˜Í'7/Y<«W?¾ÊM¾œ;GF|öpÈ)ôZ9¼úéUòì›#o®ªÿnÎ?®ñ@ÍräÛ˜]ÆžïŽ.Î"¢ìùÔ”ê¬
€Õ‹µºk€æÐÊ'V¦Žœ6µ³¡ªµ2ã×®Ú¼õ`šÙÝ/¬äèð }öîùoo9œm:/:?o?HýûŸÓÃ§Ä&SÒ¯Û×ÿ/>á„Éìn¾3bâ?ÐÚJ±§í‹Y²æÏ#©6} ±GdÔÐ6>""çâ£—Çî<a2»û…ÜÕsTd¨ŸZÄrjëÚ˜o~KÊCpçˆqCB•Sb¾ñ¶Û‡>ZOSºTCp›nÃuô*.êüŽe³¾OÊJµˆ·¡Ž§H@øÌÇ;Õ.ª'ÓVÇhì<0jh+ŸRo_ìkß_bïóÖ°Pmá,Û¾5/ü {âùÈ`me›gnýdQ|«Ouõ)>ú??™?wª­,~î–O¿Otï?é•^~%?g>·éû_¶LM³jýß>jì¡EUx–r7FÇÄ&¤e‰!¸]á»v˜NnY÷éÆÄ¤m?ÆMî:¨G ®àC_;c?<:mh°²Ë#_ÏýXxwPseÑÈÍâ£WìRÎùÄ!¡µ/úq€ë¢õ@Mr.é„Mw[ƒ*³Á¹Í¯½¼£Þ£cÞ{Â¨µ?Úºtåÿe[8(lÜŒÛã¿˜û‘ÜûÆƒÍE4Z]é­.üùÃ.{Û'ŒöÑHnê÷‹—ÍÞä÷Ö=FIûiÑ?ê†>:fJ€áBæ¡Øïw'µŠ0¦o~mæŽ:Íx¼Q?ÜÌø?›âþ?ð=´ò••'zŒ™ùvPmÉLX¿ô……–÷¦tª-¦]‹­õ?š9÷v?µ-éÏ¿ü5)ôžq$FÏ^s´ï„MÐ;2?ìX·õ`û‘aÅ•Õî8ì?Ð?—?½NzrtˆˆZ§/¬gØON©¯É:µeÉ‚÷??mbÛ’ïGÒ&èÂ[Ûwöíá]0Ç´óçxmû'ƒµUln·f˜²ríE{±æf§eüe·f˜þ\?Ú®Û¨ç¸Õ§Ì¹3Åoø5¯Mäôá>µÄ~vÓŠ×Þ?}kV„QDR+:KuVÎZu¸ÝS^jîçi:±ãÇ­Û?“„ÕÌKl6eÊÔ`ƒ=->æí¹š_šq«ˆ8,©&±Ïf6¥‰CDY´gùŠó‘ƒ¦¿á#©Û?~{ÍG›Nït±?\ñ@Mãåç]4?¹õ“Eßœ*˜V~!NøqÓÙð‘¯t4Šˆ¨z<¾ó…Ýƒ‚B¼µ=DD¯÷ª(]xwWÔ=ÉË~§ß·œ2ßcÔçÆ¯ý2)lü¬ˆ?ˆè½ÂF>."ö½1›N„E-º'D+"^†ÎÃÆˆHÚO±ý#ª-"â2(²÷s±{ÎuêSïô‘†¾³Bý<EDclóÀSJù§Žf6?è ×Šh}‚{?.S•V§×ê½DÄË /hU(¬§OS?ˆèC"§<|jÒŠû´} Ô¶Áw¼õÃ?L=ºDD’·ÿ?`ì7Îx©›WÄÜ¸÷Œaa?î0t~tBñ‘»…wødŽ½*>KIÿýa£¾Û[ÃÂŒ""†?{Æ„ˆHrìŠ-žC_?
õì:rÊ™7^ûrw?)?ªO""µº×5@DÄ+bØÝ¿¾vø˜tÕWýq€ë"¨IÔ"’–|N¤^ÁkŸ.£žìà‘CËŸÞnuˆÈ©£Ò¸Knü¾øÂm2Å–v6SBê]lç¶Ì“‰§²rm©ÇŽ?<’#Ë}zÒQ[ÀÐà2_¶IÉ‰ÙT[j¦ýDbš_=9Q|h“YŸ–œ*R¯YX/û¼‹ò";µiÚ¬q}?r¢zwtÞôñÛ«²îkÖ4 °Þ%üÄ?žtÔÖ|XËâzj7ÎI8‘)Á¥:Ï»ô5FoØžÔ5Â(rä¿f…êâ-rö7¯@p‹ÀJ¯ÔöóI‰'ÒsÍé§Žœ:uVl9¹"^Ÿ¥³'3õw43–Þ?ílZRýÛ²?r¸VMdË©Òé¢#‹ooP4]§®—ÉHñ«rpa<@Mâp›—üy2©h†VgÐ{ô^úÂû¶s™múMŠhã%q,æÙ§>ŒŽÏ0‹¶~ÓæÁþ…Ðy¹D§)ûSŒ-Ç,ú²V,vK™Õ¢¢z4MÈ°io?o_'%þËæN˜4weBÁª~}¦N{ch åà–OgÏ}dÒ‡S/Vg^îQ»kËÌµ)}mJ¨Ý¾[çÔ_·É?ß¸Ås`¯íål~‰k_œùâñ©VÑû„Õ©U¸ÛÊÎR-]¹
lñÐ–Ÿ{e@Eë€%(<Â'6vsü]#B+þ©½~“&¯õmc,¿Lë¡“œŠ¯8~Ù?Ö1êÝC^&?‰•3""bl*?9-Ju¾‘%‰‰Ö¼ÄLC=£.+ÛÒ&´ìe®ˆˆÆ¯iXŸ¦a}‰yÏ²Ÿoé=;Â("jƒ±E·ûZt»o¤œ\?÷¥õqáãÃJoî¡ñsÑå{}ÿ`ÙrøŒ„*3l§OŸÐ‡”oñ8pãKÿ‹ïÓbû®àN#ü/ss‘´ä´
ÏUYG~?=2åÍ¨Ð‚&‘³I"iUœ¥À CÚáSç% v‰¹úõõ§Oµˆ_áÇšt:Y‚ÛßZQ]gO‰T° Œ*>npa´¨YŒ½G?ôOø`Ö²Ø„$sÁµŸÍ’v:é¬²ÜvOè…õë¾=iRfd'nü!þ¼ˆˆÜÚÐOöÄïÊ)ó{¹_}?9qêdÁÌÌ¸õ›
7÷lÞKbW®KP¶ÊÜõSüyÑ´¹+T»1&ú`Ájö´=›÷fKpÏ®?ãb>Ý“©lkK‹_¿ùˆCÄ‘¸ë§Äó…G¼p>[¼<µ"’¿qOšM™oÉÊ´kõúrÑ¢~“&²sWœÙ!âñ
ë×ËûŸØ“õäÄ¯Ž>ä×¿â8ÆÎ?‚wÅÌZŸÔ¹g'åZ¼ªÍýëŽüŸä1\½ãÒ>’z~?%ùð»r~¾ÿµ0UT|–Œ?î>²åÓÍJ?ùäæ]ÇDšvœ¸*:.­àl$oZ²>³s¯‚²·’¿Ä›"bOÚóÍéKª«Š?\76Pó82ãcÖDo9•”£ÌÐzù„tî6üþNFO‘óÖ}°4îHžF¯¶Û4>a‘Q£{èEÄ‘¶ëÓ¥ŸÆ™l"Á#¦¾Ò³Dwû‚Eñ–:>Z«.th«Ä%¡ïÎèéWp¸/W|°1Í&"ZMpø )CBk«åü?uo/Š;™+"¢›8þ?P1ŸÜ¼|É–]É¢÷²›íº?î‘‡„Ö–´½«V-Ù•&µµrMY†æ?MÙ¹¾ˆåÐ·K×­ßgÑ××I¶ÉÖ¨ÓÔ§"ƒË·Š¤îžÿnÌÞs"bùö“}¼Óv-]úé“ÖKcÎ“à{†O?l^Éã¢í{—Îœ ì•w.ZÁQùæ–CkçE{Ò."~a‘£‚vÏÛ[pÒ6Î~×?O—¹Ÿi‘´]Ëæ¬L¼PÛ µzöô×¿;Ï}ºO=å³¨ð,-ùxÓÞs""ZÿæÃÆí¨Ë¡µó£c?ˆÖËn¶:9±kaPñÐÞ?gåGÊóÎVŽ+õÌ¸´ŸÞö—¢®ò?\ñ@f³˜óD«+é[F®É,:½g¹N˜6‹Ù¡­`¾ˆ8,f[e‹ìf‹MïUöâÝf1‰»¡l6‹Ù®ÕëÊY°˜lC¹»-Ç"ºr;©ú@•ÔSZRìÌ÷ÞUÑe}›çšÌêòE^”Ý–cÓVROÅg©Â9,fk§®Ò?\T7¸"â GÖMx×4î½‘<«»À?ÂØ@…ìûýúw%@?Bë­Ä
âñ€‚x@A<  P(ˆÄ
âñ€‚x@A<  P(ˆÄ
âñ€‚x@A<  P(ˆÄ
âñ€‚x@A<  P(ˆÄ
âñ€‚x@A<  P(ˆÄ
âñ€BSÝøçqØÍKñK?N¯³Å¦÷Ò•XÉnË±‰N§U+¯m“¸Š^J®É,:½§¦x¢‚£Ø´:?VJNSÑšàFáÏ0€r2·Í›¶%µ¾Î½àeØïÞ•4oÚŽÛf¼4¼©²Š9.zÒ'Ãæ>Ý§žˆˆäÆúìš¸°¨EcCµ""’ðåÜ92â³‡CŠ&*:J|ç¹O÷‘mó¦m:[ÏPËÍž•j‘À°)“õ¹?ï"¨P³‰³G_ÑŸK±ÄþgsŸ=ýDÄqjSÌ!›ø-OÛ±9îö ?¸í;‡†öð¾‚Ãù™útŸz"ŽÌ]K?œ÷q?wn,Æ¨?ã|ŽÉœc2ç˜lŽ‚9~Á²imœEDÎï‰]/>Å—ïŽCcìyxæÚÿ&^ÕaÕ>?û·÷;¿ïÜÕ¾pˆ*”¸jö‡/Íþð¥Ù®?V0Çïþ‡Âb¶$Y¾ùÂ2ìÁöu
WµíÿeS@§·j‚ïj_ëç{s¯îÈžu$-™x@u s€
•é\$"¢mzï¨[çÎ›õ«µë°…õOíR–%mZHÎ'Íš±]Äže³ÄîHëÐë*zef?cçWýÀå#¸tºƒÂc_>1 H.œRæùeýùæCG‡^&íþ fû‘ðJm—g6ç˜DDDSúöG¥9ìæÔ?¿ŒŽ³u| +C“¨ÄJ˜3îEe2|Äg÷Î®×ó•?EDäBÁkÓ®âêD<ÑFIÒÊ³÷†•¿7¼äÎv­› ´5„L_2¢Ü=ŒD$må´WŠh½Á?£Þª¿.o
\„ê‚ÅZÝ5øG`h2ñ€‚x@A<  P(ˆ<¨AÒ3²Ïg[ò¬6§ÓYÝµ¸¨T*wmmo?o]ïê®ÀÂcÑ€ÁjµŸIJ÷ôÔúùz{{yªTªê®ÀMÀétfçä¦¥gçæÚ}ÝÝùUp}Ä F8v"ÅÇ§Ö­|ª»7¥³)™™™š6nPÝ…¸î{¸¾ôŒlOO-ÙÀ»µ??§§6=#»ºpÝ×w>ÛâçK¿aWÅÏ×û|¶¥º«pÝ×—gµy{yVwnnÞ^žyV[uWàº#®Ïét2ÀUR©TÜô¨ˆÄ
âñ€‚x@ÁÓÑT*)9eñ’è¸ßˆHdÿÞÆ¿^GrXM&›»¡–‡úz\
â€Š%%§x`LÑË˜ï7µo×*¬]«kz?Ç7,ùðóø¤‚Tà°æÕï0î‰qAµ*Û ÏtÁêQËà.""ñ·› Ëw?ÑúšÖ@MF<P±‚Fƒ"IÉ)‹—¬
ûhî5;€#åç9ÓWÖâ?Oñ-j40%®™5ù½G<ZaBH‰}eÌÏ½–ÍÐàš•J`ì€Š%'§–™cô¿œ‹rËéƒ{ö<c•‚¾CYŠÿ³Šˆ¤ÇþëÃFÏ/ßÁW-¦“ñ{ÿJÉsXMÒ(êõ'dÁ:*ØO^VŽÕ*yæœ¢?”â°¦ŸŒßû×é¼âm/˜,"ŽÌãñ{÷ŸÌ,¹®édüÞøD“CÄRñ®Îþµ·ô®J¼?¢?[E²÷ïùëlÁì‚iËeœ$þih=P±öåúù_j<¸ppÅôÑËÿîÑÕ?øöÁ6/Fw?ŸðÎ±žý+³Û›kÞìujýg·Lû¬¥HÊÏoL_bíÚÐº~õßÇ%rÑkáÝ—îHÛ¢Y™ý<2`Ïºèb:ýæ„Xiñð;¯Ô+qLKü‡ÞÜGÏÖ¿÷‚í‘E³#üeÿÒ¨Ñ‰¡éy†ö^û×Çå?ž÷Õ¨–âH‰}åñYšìåõá‚[Bw¼M©æˆ¼¿–N˜øÝÙö]úg$„¾óÙH÷ÕÓG¯¶öŠ2ý4;¾ÕØè×Üª–ýK£æžuŸ²wý?[÷§}î­eïúÍüâ?ˆú×â3à†#¨XX»VÆ?X´dU‰——64ùÌç~¬?¶nÍ@™’g±zèB£ÿ=RDÎ~÷Üð-M¯%©‰ñÍ;D¹KÞž•3,m|³¯Aäì7O=žÕÀ âç[+ÛRÑ~žèèóÌ˜Ÿ{ÍQ®æã‹iÝûÑ«{Ì_ÕHDÆµ³GôÎ»Ÿë""r"è‘/Ç¶PK^Ç·;ÏØ²TË&[>z1!|ÑS:èD,;çöûNÚ”¬þô7ï|íýô²å÷7‘g,òRÿ;ácí´uóú‹L:½fÂãméùf¯Z"r°Nß]/…{HJ‹'ÇÌMzqë¼.Ó±¿fFDø\ÓO€„x RÆ?ìß+î·Fÿ—>(9ýÀŽýí»¾é¯¼ôÐŒ#–¼?>~ê³Û,p«ZÄz!»~#ƒÈÁ¿övì<ÒP¸më†"’ë°U±ŸŠüµç;«„÷áb1eø?ÉÈ)XÒ+¬…ZDÄCï%‘ãÅI¯Ùt""¢íØ]Ö—ª>~ûAw¿^Ø˜ «•S²u£mdî_Gßì*"Zµô(XÍ]:†M‹£|w%nÄKJN) œ”œ÷›\bBpw÷’¤LS™¹–ø?^?ð_Ÿ´.¸.w¯å?šiñÐy?3ŒO8½#&±ÞäZ"™û÷ø„Þ-îç*ÚO%Çô¬#-z<4²?!Fªµ‘³­j¨ß@âSL"‘œìô2{ò2Èßé&‘ÂXâîî%f[Ñõ~žCÜuÊ4·a¸â€
Äýv`üÄiefý\ÊÓí{Fd}»ç¡k‰#åà¯sÖ¿üêñG>y&°p%ß ÐÌx§´ IDATC[Ž;Â[‡?d7óÅäPIÈhÑ=loôï}õ×ÙÎ³æDÊï'°AÓ ÷¹‰yx8Dê7è ž”Ö?-»ôýÝæGººU-bM9xÚ½…¡âÖ†&]´~wå‡=‚ëè•¶aÉgIr«ˆÈ…ý_¯Ü&]F
íÕ×ö^ìÞ¨ µ¤>íÞ¾gÄKÖÿ:à™öµ$}Ãúõµ|¿åµ8Çü”Ua6(hCX´d•¿ýûú÷®jû:á¯|tê©g¢Úe‰èju{bÎÛY^Ûn•ícÚ½!""ÏþmRèÝƒ?xï»”ù÷÷?·.¼è™hQ¦VM-ƒ®’ýµ<¶Û£ovþZdØ«¿Méúà€¯§>ØîÃ³{â?ÙïÌÞõ3÷ú’nmõì‹ÏUÒû¿á +Ý?\øæäÕ·t6ö™^;×ˆˆäÛöÝRiôÐ Ð»§Ï>ûÂŒ]­"î¾ÝZ<ûÁ‚2:‰»äi{Mž31´ŠnNÜÜT,ô‘\\Â¡Óa¡M/}ýW_ïÛï7U¶Ôèßà»uË.iGV«¸W~%íH‰}eæÞÎSž‰hi(ì¥“—¼åó->õ¨z?%ç”^šg?Té‚ÉTËP0ÜÁ‘øÙ¸§ÎŽ_7­s¹:Ö<q/Õ}¨ê·ÔqñÇBš7ªî*\_´(«ÌÑÊHJNIJN¹¤g T}1­nñÚ;M~Z2ëÑ·•§&›­î!}ŸœîQfÍòû)9§ôÒ‹e‘äÍ/>º2»s×þî¦?6¬wZÜ¾¢:Õî/—Cëàú.·õ`Ñ’è_Û_Å
‹¯á³“«…Ãzöp|’IÄÐºYF—ˆÖ & ®ïrãTˆxÔnÕ]€
âñ€‚x@A<  ®O¥R9?Îê®ÀÍÍétªTªê®ÀuG<\Ÿ‡»6;'·º«psËÎÉõp×Vw®;âàúj{ëÒÒ³«»
7·´ôìÚÞ},9€›ñp}¾u½ssmgS2«»7«³)™¹¹6ßºÞÕ]€ëŽ§&5‚Õj?“”îé©õóõööò¤1€Kát:³srÓÒ³ssm?¾îîšê®ÀuG<j?ôŒìóÙ–<«?‘Ê.…J¥òp×ÖöÖÑnÔÄ
ÆP(ˆÄ
âñ€‚x@A<  P(ˆšê.À??Ãn¶X”iµN¯+þ¢°YLânÐªK®lIK:•&õƒ?>Eóm–¤‡,µšu±YÌy¢÷Ò-3;´zOMÑmƒ^[n«¹&³]™Ôê
?[<S£ÕéJ®ñ@9™ÛæMÛt¶ž¡–›X³Mæ¦½ßšÒÓO-’ÿé³kâÂ¢?ÕŠˆˆ9aÍKâ/Ô6ÔKÖyÝÀÓî3¦mü`áÊcZ?o?5ÛdnýÀÂÈ´Y/ê=÷é>õDD¾xcNjÄÂg»ÕGÂêg¿Ö<ÿÒðÀ´]Ÿ.ý4ÞRÇGw!ÓdVŽ˜ðåÜ9»u~ÞÉ·d?×…Ož22DW<ÓlJË3t2|\¯}uŸ3\ñ@…ü†L}ºO=Ç¡•Ï­Œ=Ôsdˆ¤íØw{PHÜö?CC{x‹HæŽ˜x¹gÂ¢?""ÉIiõEŽl^?8qÁ˜Î:‡))Uôþ?½›nßŸÖ§—ŸäÆoÙ!b‹ß—Ý­‡·È¡ß·ø´£©$ýwÅG‰?¦¿;"D'bIŒž»lÖ×‡‰ˆtôîÃ!"r~Ç‡“ÖïŽéYr¦ùdÌ¼×W~é?mdßf\Œ=pÊu·ãÐÆûÀFÞž¹ö¿‰K¼<åBê©“ç,""þF?µˆ»V+ÙÇ?'™m"jƒÑß â×±‡ñÈ/¤‰ØþŠ?î9²sÒÎ&ûÞ]~=B?’¿;3°oß?‚þGº þáÆó;ö)]†Õlµ¸—ž©ŒˆèhÙøÛár&p}üÞ Bi_Î›ë&b6eyvšÞ\lûÙÐé½[5µïj_ëµ{#ƒ:x:?Œ:¾4vöË±fÑÛ†O|¤g`Ó{g[ûé’E±Ùv­·±÷£Ã‡·ò©Ý*4äßqûÎu¯óÛ¡?Î„{&­Ž?Kk_woœOx?£HBÚiq/ñcEíu$Çl+x±ûëg¾•\KV¾Ï}Ovª-r¶T?šZz‘³)ç%¤ö>C¸"â€
ùôbBoß¢á¿I±ëÉù¤Y3¶‹Ø³l–Øizù‰Oèð©¡ÃÅn;wrýâeüôî€€À^#ßè%b³$Å­?õALðÂ‘¼CÃ[ÅnÜ½±Þ®æ=F´Ú°ðÅvm­Wÿö?þ"âï,ûŠC‹$;-?ÂüDÒD¤í½o<Ø<mÇÒY›ƒÚ4Õ•«Ó”–*Ú#Ù€k‚ÎE*¤ÑÕ2è½z/?V-rä—õç›1**bTTä”A'b¶qØ6o>’mÑh}t^"Z­F’wÇîK²9D´º::µaChÇ€#ë·Çumã)¢ëš¶~ý¡Æw…ED|:Þ?õ}Ì·ÇL"b;»iÉ÷¦Ð¾wúlê¡×{{Gövì^½%­T?¹™G~Z»6Ágà]ÍoüÀ%Ñzà¢L»~ˆ«ñdD£2£•gï+7þÞ-<5~Þ›
ºù…ELím´ý}èøW‹Æ,´‹ˆxúÝ7elO}Ûö?å”´»½ /„Ü¦Ý’Ô£ƒjw9Ó¼úƒ·ç®µ‰h5¡'Lìl(U‚:hàƒÍ'-?ÝÛed-Ù²ê‘-"¢©tÿËOö¹õ†ž\˜ê‚ÅZÝ5¸ÉÙ,6·2Ï°ÛrEëyÙ?@ØríW°¸VˆŒ=  PÐÇ¨)2r$Û¬2[ÅfqVw5n
*ÑjDï.Þzg]¯ê.ÀÁØÀõeäÈßY*›­ºëp3Ójå–:„Àõw&]•ž]ÝEp¾ÞÒÐ—öGÀ•1öped×Vz¶œIWUw®#Æ.+#GÊdƒÍÜöW%g¨ìùÕV€›ˆÆMüë:Û4qölUü­‘ž-z¡—àªè\¸¬„3ÅãÒMª•›Ý‚ü%ª«êö@qç——Àj—?OÊšÎÄdÙ3ß× t+Òj%¤!]Œ×D<\SFŽœN+îðÞ·êÈòÈÝtp%>ûÙ³Wž¹ÏQ4§‘Ã”×ÄØÀ5e›‹“ÀænAþdWî‘»UAþ²ù@ñeCÉ/®„x¸&s‰vÁ}ÇUQ]ùCàªDuUí;^üMb¦óà¢ˆ€k²Ù‹§“3T·Vg1\Àí?’œQJ~Ép%ÄÀE•4hÏg,2€«å®‘R7=cd2à¢ˆÄ
â€›O»Ný«»\ñ€‚x@ÁÝL\Ü¢%Ñ¿þ¶?)9UD"û÷ž0nxuW®â€‹?qZÜoŠ^.Z²*99åÕ—Ÿ©Ö¢ÀuAç"UY´$º(ýÜ×¿·ˆ|ûý¦o¿ßTÝ¥€k?x *1%b@dÿÞ¯¾üLX»V"òñWDç"UIJN)šŽù~SrrJÉŽF•r\8øÓW???[»D¼Ã§pfÊÞo¾Þs®nh¿ÝÖRf¦î]³>.­^Ë?á·ê.s[p­TÅèß (!$%§|û}JÑüÊ7²î_:aô²L‘eëÎÿbZGw‘”Øq»UDdÙæi_~ÕP$õ»§üx»ED¾[úCFÌ’A·^Ú¶×ÿ}PCÑ¹@¥^}ý½’­%èß»òíþÚ¶:³pÚºfÏ_""é{c®ïEDNoß—""é¿nÞn)œ÷ÇŽ½©—±-¸ˆ*öêëïU6þ¸hB%Zvw/zqw³‘:A¡?Eój…5ß ?&EóüCZø^Æ¶àz s€
”ÉFÿaíZ%%§´o×º}»VUfñ¹{úìiê?×ŸÈ1öš2³—?ˆˆºåØ÷_Ì~ÉÞT¯ÖÃžÛRDDš???/ç½¥ñI†–?üßØêKÝöÃëûî¨¹T,ÖKXÀM&þ¸ªhúÙeš]o_Æ¶e²Á}ý{èßûb‘à†j×©ÿo»¿¯î*€§óóòî{ÑËÐ&Îj-ÀuAë€²Êdž€@ÍA<P©ãFL7¼º«7ñ@YÆ?øõ·ý"B6 ¦!(kÂ¸á"j"nl
@A<póá¶E\'Ä
âñ€‚x¸¨â‡&‹ÆM¬öªÖ€‹²ÚESòªAUÅºnbÄÀ5iKÜµØ¿®óÏ“ÕYðçIñ¯ë,z©åÖè€‹"®Iï^<Ý¦‰sÍgUkÀÅ¬ÙálÓ¤ø›¤ä—WB<\“·¾ø¯xÏVù‰ÉòÙÏ$Wè³Ÿ?‰ÉÒ³U~Ñœ’_2\‰ê‚ÅZÝ5¸.Î¨l6e:Ý¤Z¹Ù-È_¢ºªnwz¸V»üyRÖìp&&ËÈžù¾%hµÒ?x¸&âà²2rätZ©Áƒ›¸í;®JÎPÙó+ß
iÜÄ¿®³MgÉviäç¬ëU}e¸žˆ€+;“®JÏ®î"¸_oièKÓà²{¸²†¾N_ïê.€!.?ÖÀõeäÈßYÅãà
hµrKú®?xÔ9’mV™­b³‹ðÛ€K¡­Fôîâ­'5ñ€‚±Ä
âñ€‚x@A<  P(ˆÄ
âñ€‚x@A<  Phª»7‚%×šžaÊ¹`ÉÏwV¸‚››Ê«–Î·®Açé~Ã«ÿªku×àú²äZOžNmèïëëã¥VWÜfèpä§gæœINlTŸ„@?Eç"Àõ¥g˜úûÖ¯ç]Y6µÚ­~=ï†þ¾é¦[€<»*Ç¬ªî"Ü t.\_ÎKP`ýKYÓ×ÇëLrzåËVŽ[µ±ø¥ÆØ±Ï”±ÝŒêkQå%KøüÅ92â³‡CnèQár2¶h‡þTjÎÐá¶Ç[^Ûƒ¨¬f•Uíôò(Ó©OýÉËnk‹^¹IÈmÎ#ìþÿ ŸìÜbç«·µvÌn£Zõ¹Ûç)b?¼ø¸ýîwPà2ˆ€ëËÏwVÑnP’ZíVÙà„"}ž}sdÁ•yvâÚ…Ëf}é·èÁæ×¤NàFós®}Ê^÷:@õÓõ¶ÖŽÙáü³*N#ÙêµËÝf|¯þw¤ã:ÖrE¬ÇTÉwä¯}ÜáåæöûÔScÔÇÙ½ª»*×Õ?è—
7ï ð;ýÌ‰Ii/öó§ÅK²]áØ,æ\»ØÒŽì;t2Û."¥¦+Û*×d¶‰dŸJØ—˜fe:)×^òàâ0?<$ÙRjfnR©ý;,æKÁ!RKnn·åXlÊ¡Ól)WFù½¡†°«’?ª?êf-úäsÝrrU’çvê :9ODDòÜŽîWMQI¾*'§¨×?Êš¥NØ¯>•¥R^æ¨òò%Ï¢ÊÉqËÉ«¼sŽ·£Wk9u\•Q°UzÉ?”(é :£h'ùªŒÓêß÷«“sU"*«Ù-'·xQ‰’
‹¯ ¼‚5Ý¬ù*ëßêßO\¨rN—zïîíìSÃ^·|_Ÿ«9­n´¸b–¤S9Úuëˆˆ%aå¬/7½½™gæŠùöˆOö©/iÿ[ôì/ÚÐ<?Þ/3n¡=|@³?Ï,˜ž:mdM…[%|9wÉY£V?’·¨~ï{tq‡4·IbÜ¢úÃ^²O=9µyÞ‹6}ˆîäž5ZFÎ|²“ŸHÚæ_ú¯¦C¨?5&úèm¾1,Dèëï¦gžÍÔÝ9!¤~ÑÕÍáÕO{"D#^õ%áÐþaµýåf”„Cø÷~ë…žï­:O5nëaÍs«TÒÈœë6#]ýüãö»8Ö«'§Ê?™’®w><F|?i&ÿGåÞÈœ«É¨ç4ý)c_·‡ä»m[®ž?$MåÈ:7ëùË7»­É‘œ_ÝžûC‚»;¦vª¬iN•‘)âãôÊS/{Ûm›·Üy«óÈ:MN»üE‘ÉUòžÛ‘†ÎÛÕªe_¸õš`Xß-öcõz­óN_9ú­&à>{T†zè_Îož°{‰ÈQõãŸ©†<ix‹ˆ¨×/pû{€ýñæåËs¸§«gÏWÉ-òG¶øß‘¿èV·Ÿ©ßN—ˆ¦²l?ÊÔ˜¢ùd·Œæ épyÄ—gË’¹û<ED$×’åøØ³¡Z±ï?^õg·o‘!-–MŠ‰*"’0ôõÈ@µÄÿûÅy¿Þz%Ê¨–ø¿øÁï‰#[U¶Uš×?‹žÓKZì¬÷×¦>°ðez×?Ì>=}DDRëô™3"T'24nþä7é4Ü+vÞÃ¸wGvÐ‰8N­}yÍÖð?‘c¿i¯´Ò•{¦:Ý^zª£NR7½4csÚã/½V0?°/³gŸÜŠöæ£O5®»4ÕÐ—µ…/œ^Ï?£2Üå˜Ý+_D50VóhŒºã8»ˆˆÉ9ô{[OQ¯úDå[¸Î©XÍ£âë~·ÙÉÎÙSím=ErÕóç¸­µ?xÞéUÐƒ?<¿üÁÿÜ¡Y– "bÍTýpZÆËw÷?‡ŸÏS0P¡•æáUª„HØï¶¶–sí#öº"’¯7‘“nkþv>ÿº=DDD%ùNÉqvÿIµ-M"üT¿ïU‰§Äþ®á?£ª/­ÎW›;­ûÕåÊsŒ¨-""-ßöÊ‘œÝÚ73œóJ¬ówQ­ùêõŸ«;Æ´`ààúˆ.OØCOŽ±§Ý¾bQ|›qÃ:×‘Ä¿âDnß½rõn‘\‹6%#«`íà€@µˆˆV+h,œ¶9UlØ,°à§z?VOK~a?‡°¶¡üºÀ–M-»N¥?w;–ä!ñë×ü%""©êÌú™«6éR>ˆˆOpc?ˆˆ›Ú]üJLÛÄ!çV´7â?ë)3ö ]óy–t¿£àRÞÐØ);åTÁ¢&Î¶©8Mõg®to]¸N°Ó§ˆÈÑD•µI¾²Ž§3ØW¶?q“Û.¡wiÛ1¿_T~€·SDeMwûéWU²U$W%ùNñjâì«š¹Ds×mÎ¶-óok r‹³·—ÛÌ…šˆ`é’ÒÈ)ÞŽˆfšÏs‹Wm;ìœ<Z>?V?PÉU­vù·¹IB…åÕ‘¢÷+§Î–x›žÎ`_)ŽÇTßÜ’¿¨u!€ë!¸<^^½—¶‰œ22é™Å_‡Íâ©ÑxH`û>CZ)_)CÔ:½Hš*SéVîe6ÛD
vm·‰¸i´ž©mì~kÁ
‘Z?È!mÅ7VÒh*?JÅ{ƒËó?Z"yEO²• W4áí¼ET™*ñsŠˆ˜%YDDÜ5"f±Š(É¿øà¾Û»ÚÇ”¹QÒIõä%ª~£Q·ˆüíöûAñ³¿ú¢*#ÙíH¢êƒ?4m‡ÙÇ´pŒx>ÿþT·#ÇTk>W[»Êì»òÛ¶r¾ú“ÛQ?‰mæ|¼‰3ÙSýËA7I?ˆ±Ž‹”W8Qv?’ôÎûÛ;y
PC04ÀªÝ1b`í„›N‰uèª‹ûß¯Y:ƒÞË ÷È=›j¹„\ÙV""òû/›’í"b>²}ËiŸ-|ô·‡†¦Æï:.z/ƒÞKgKMÍºŠ·vm÷†›†Wþ]?òÍuN¾H¾ÛÏ{Tþ-?e<ò»·?Ï7ªþvËù[=ÿgUA«Òm·;Žºýô·JD¬GÝ~H—î-óEœ?õå÷Ó*kA¿ ‹²ÈßnÎÛç{y9M'U3SÔGs¥n#Ç?áŽ‡åhªJ²ÕG3ÅëGÛ.Ž1­å÷4•ˆ¸·v>œ«z5Vu»|wÉ¿«½Ä®sû¼®³÷-U”WÊm-?þ%×I+^”|F•qZ•s•§ÀM‚ÖWJ1°ùúÅ±»îšÐyÐ„Ç–.}iÂf­—Æl×uŽÙ8°ìÈÆò‚¯h+‘¶MeõëN‰9O×aìØé4ñÙ´yÎ}Ä®Ñ;ìÒ8lÊ“A~WüÖ¼+ÚC2]_~÷‡U/v»–[-?[?ït”ûÉÜÙöAÇìõŸ©½|œßëü{•ˆˆÜæ˜¡~õcÍÇnrAdèŽ?q†ôtÞù‰[ÄËnÒ2ÿ§á»oi³üMÕ3ÞÔxJpˆóNÉHQ-ûVsD+uó%¹–óÝŽùÖÍk4¿ØÅßM’Å9ct¾ˆˆ›ãÎ;Ü–ýáìÝÜ)"uÛ9oûIu[?|åÛ
ËK+stÇ«ašg?Ô|¬ÿÆÎ¶¾…«D2?©V¥ÊÀ>W†ÜT,ÖKXÀMìà‘3¡!?—òè‡#?>ád‹à†Wz(»-W´ž—û»Ã•m%b³‹¶ÜV6‹ÍMWI‡¢Ëwm÷†›…]eusVÖÉÍšãæî¥üôn?ÓFlvþûy{€²PeÍ÷²AÉSIù™—uôò3óUÖ|§ûåý»©¤¼’®d·\
_€ëóª¥KÏÌ©_Ïû¢k¦gæxÕºš^ö­çÛJ*È"¢ÕU1ÜáòqM÷†›…¦Š~öª£?¨§%ª{7szå©~9$Ýûä/uº{T´Ñ¥gƒÊŽ^~få¦r•”wµ»àRh=\Ÿ%×zòtjC__¯ÊÚŽüôÌœ3Éé??êë<‚TAeÍr;zJòD|Üq\ñ¨,¹ÖôSÎK~~Å—2nn*¯Z:ßº²5ñ€‚†Ä
âñ€‚x@A<  P(ˆÄ
âñ€‚x@A<  P(ˆÄ
âñ€‚x@A<  P(ˆÄ
âñ€‚x@A<  P(ˆÄ
âñ€‚x@A<  P(ˆÄ
âñ€‚x@A<  P(ˆÄ
â…¦ºpã¬Ùî¶ù€Ûñ•ÍQÝ¥¸hÕÒ¤?³g«ü¨nùÕ]€DuÁb­î\wIª×¿PNRUw!nJÍŒÎ—të:«»×?‹€?làjNR½þ…ºº«p#×·f»ÙÀU:œ¤Z³?ËÀõñïp}›ð/À5À—Pðïp}ÇSh:pðeÔÄÀõqŸ"×_&@M@<  P(ˆÄ
â¸ .í¥oHñË°ÖÒ·½4«ÎŠ7Mu¸–ž›"C*Ó³òåÄïòÜdÔÓIÌ¯2ûJw;üq™$q12ù×®VÀ?ñ\Gä£2¤¡äœ‘/ã$Ý[:‡H˜¿ˆÈ®}’á.ª»<À?ñ\G«z"vùöY$""_ÆŠ±ž$‰Ä”s:9Q°R=ÞMšk$n·$×•ºvÙ? ÍB¤±FþÈ?ÈNbÙ±E6œ«äõ$<P¬)b½M"o‘ìÓòÎŽ÷×ñ\‡É*¢‘{&Š5^6ï?Ã"IçDD†ô—Èúó«Ìn&«•Æ±æIßö’ã¯ó²!A†ô—ÈÚ’®_ÑHß;¤Þ«]á1BäÅH“xÕ«ˆ{{ó—a_Þèw
¸Nš®cÁF‰Ëß&2z ¬x[¶¾$³:—ZaøÝÒX#‡·H?—dðE<J,ó?ôíÒyºDŸ©%?»Vu /»Ì|[z¬?t‘Æ?×ëín<ZÀ…$Èä‘†2¤•´”°&Ò÷>9w¤xycƒˆÈ¡ïED’¶ÈÁ»%¬ÄÖó$Ëð†"êªŽ““!Î‰œ“ãñå‡&p!|©€ë0Ö‘3òe¬LÿDþ}\D#ÍJÜáÔd1Üâ´žx{T²#@MEë¸ŽÑ?Ê=wPv¯F(b—ÃÿÃ?Ê
_•!Fé%sŽJ½Û¤¿Jã/¸ŽÃ§Åä.]î”ç’]Å˜'¾•%VHŠ‘¿ŠÉ]ºÜ!^G%ÎR?Åþ‰T,Öê®ÀõÕëemu—€­K{±ž”¸ò7'­'Ãï?-[$IDBä«GÅ˜$?ß«–qSúéu[u—àú¢s¸ ?¿V² ›Lî*“#ÄjÑŠ»]6l¿Á¥þÑˆP“¬—Á$²­5"v‰Û-1gª»$À?ñj–¤DY”XÝEþ©š@A<  P(ˆÄÀõiÕÕ]µ*m¢IDAT—À—P××¤?³ºKà
ø2jâàúz¶Ê¯î¸¾L€š€x¸¾¨nùÍŒüæàª43:£º×G<j„—t?\±fFçË:ª»
7‚ê‚ÅZÝ5¸AÖlwÛ|ÀíxŠÊÆ_y—@«–&œ=[åÓnÔÄ
:P(ˆÄ
âñ€‚x@A<  þ¿ý:äo½geL€é0=¦Àô˜Ó`zL€é0=¦Àô˜Ó`zL€é0=¦Àô˜Ó`zL€é0=¦Àô˜Ó`zL€é0=¦Àô˜Ó`zL€é0=’Ú°sîŒIEND®B`‚' height='200' width='200'/><br>
<br><img src='data:image/png;base64,‰PNG

IHDR
1K«Í/sRGB®Îé IDATxœìÝésç?/ú_¯@£±/\ÀM\ÄE”D-–,k³Å²'NÆ3•œÉ™:•[wªîßt_Ü:SçÎ9çÎLÆ'ñØ‘#[^´X;%R”(’â¾A?z½/R\%’¢Qú~¦j‚n4ž~@BôóÅ³1Ÿ_øšàµsòíÃ}ûrj;â!@â!@â!¼YþøÇ?®õâÀ¤?ÖJˆoŠÅ©`Õ„€xðFX™Vžá·±>P2}ôÑs¯A<X.—×sšž×tÝ0Ó²m‹ˆ†å9Vx‡(8EÁ)
¥®æÖC<(2L3£ä5oš‘mCÃ0Ä.0MÛ´ô¼nÌeT–!YrxeÏ½>#öÈ²ì¹L6“Í3DDÄ²Qá¡M4ÿ°ˆ!†±Û²ì9EÍ¨šÇåô¹%–aV-ygÙ¾xpåÊe{þ1Cd1D–e±,ë÷jkjÝ9›ÍÞ¹{·øsµ‰²‰{ÙïƒÈ¦æÝ?á²Šm«<¼Æ5ŸLg-ËZÑî|>Ë²2jNÕt¿,¹œâË©àöÙ¾x0>>nÛKÎx¼Þö¶¶šÚÚ…3†aŽ??¯§´šêèÖWˆÈÒÉ6È²È¶ˆ±‰ˆl†–X–žØ×mÀ}2?ÍdsDÄ0Ã²¬iš…v¿a©Ôœ Š^?Ç¶‰ãX†al"†eCç9^`yÛ¶m›,ËžÍd5Ãô»¥R¿¡²}ñÀïÌÇ›ã¸H$²wï^fQŒ¦iZ^óûý‹B[á«d8ñuœPJ¶EVžL}éÉùÿ±M2M"?H%N ÖAÌë0à~f.£æ´ÅgLÓd&ŸÏ?¦ùdðI0t¹\?Çãñp—Ëå"‘ˆ(¦iÚ6G61DÄ0D”Íi–m=®Ò½¡UÜ½{w=—8p`[ãAMMMáÃ°»êjE‡£phYÖØø¸’Î¨ªÊq\í¢Î„g?\òË¬,ÀÆÌ‘©­ãºÂÅ:™:q"qÎ—[«—,1§äò:Ã0öÓQ.6Ë2E™LfÒ9M›™K
Bñ»i¯×[‰¦
]’Ë4Ž-ÌZ¶‰b(§é³élàKë·}ñàAw—eÃ2¼ÿÁB6èêêzôèÑ&Js9y}?­®#À›Ç¶ÈPÉ67üBS#Ë$^Ú¡ÝÉtVÍ¯’ˆòš–Éd†GFbñ?lbÈÐ4M×œ’Ä0L*“Q²ê\r.ZQÑÒÒb'rDD61L±³EÍë,£úvæ(£í‹ºaÚ6uèp¹ŠYêë‹_Çã1"Æ&›a˜ÆÆÆ²HÙ•«W˜çÍ±‰,ËÚ–Z¼Öl“ôìÂ¢M½\!ÁE·Å{É²9-«jó+æ?mÛ¢CÔ4?eY–e{>L¦SC,'Z–Å¶m™ù\Î¶‰œ’“?'¡`pnnÎçó™–É1,Ë°ÑBUÉiÏíÄ™ÊÛZš›E‡£µ¥¥p884Cá?iY?õ>¿?ˆr¹\Ká‚…U¤9Z<Á&¯×»áØ¦’žžžÊæ‹Ç¼ìÃ™{KPi™x*ODoÈóÌO…¥&ŠID¬J¯ÃbX°cØÖeƒùRHÏ’ ï >Ë¶SuñQ-Ó""bh|r|rj2›S‰emM'†á‹%Û0"Öbô|ŽÛ°m»}ÏžãlÛ.Ì¨eˆìù]JÉ9ÂŽ[ítûâÁL"Q˜î@DSSSýýDö¶·‹b±mšæìì¬m?ÿ3ZYÙÈÍÍôèãÎþ9uy—Ã$IÁŠÖÖº°c#å=—2qç~‚ˆj„ZŸ´™á;?U"òïÞ¬Þ‘=P°Sêgƒ›•„­Ÿªªª$m})­ä¬âŽgÅÿ—Ïç‰ˆã9Ó4‡‡‡óZÞ&›,“,‹a–%Ž!–µ–,Æ´“eØ\.7Ðßß°k—Çã)Ëþo>Ø6¥³yŸ¼Ã¦glã¶h¶
]×¯_·,Ëív·íÙ³?
Ó”ËËËN'Ùvbvvrbb~Ñ’½l"]×W½ÉjÌDïÝ[c±?ö9X"#3—Hëy“ÔÄä?kéö·÷FwØïà˜¹ÍÌ7X‹m’™ÛÂ™Ê½?û{{û
?%—TS]Õ¼»qKJ6LKQóÃŠ°,kF,e9–±,ÛÔE–<‡ßãrI’,Ë9MK$S3si%§±N‰ˆE™?61Ë²‹
µÕ¼î–DŽÝ1ý*ÛÚ÷î+,cšN§ËËË†iß»×áXò¥=ÏóN§“ˆ‰tMÏ(™Ç?¢Øb’´ÞÉàÖìÀ½1ƒˆX_åÑ}µž%¢ÚZjâa÷Èçõ•(8£ígË-""KµÀv±­u®S”{ô9[Þ{þ¥¦F¬øâCŒTU½rí†šU©@UÕlVííí;~ìÈ‹w&dÕ¼i˜Va·‚"›c9ÃÐyAP”ŒiZº¦ÛD"Ëì
zkËC"Çú½–eË¶+Ëî÷ö?‰Ïå?ÓØ®®û¿ßëöX–YGô´ÑÊ0óak‡©¼\Û\R±><<œÎdX†•œ+šä6Ù‹bœ 
1pôèÑÎÎÎ™™™§Sl2ŒuöØñ‰„ND$·í]–ˆˆ½ÑýÇBé[²uRYŽgwØTØñ¬ü:.*\¹‘+OÜ‹6ßïvv©Yµ¹¹iqwA¡3áÊµçÎž~Áò³9me×±ÇqË°D$‚ndY¿×#ð>·‹ç–eÉÁ‰’V_ÿdê–CrZ–e¦¡ëöÒ¡.ŒM6C9Í@<XÃ†=xðÀ¶­Ý»[˜5òZþâÅ¯=n÷žö=ápXE–e‰¨££ãÁƒ·oß¶,³0?«±¾f}wÍåÓN¼ÁàZsÇü€1€7ƒ¹æ7­¹Þ‹¬Ó#Ö-²ž²ÅÏêS=æÜ¸³ùÜšÅ¾X<Ÿ™I,ËDT8ìíí¯®Žnº|M7s•0–aÖ¶,5—³,‹Æ&[’\.ÙmZºEdc3ËÄ0ÁPHšMŒMº®išfÛ6Ã2¶m¯lßš–¥¦Àï˜¯ƒ·/ˆ‚P˜|ÜÚÚÆql]]ÝÊkœG}}=MOÇ¦¦c’ÓÙÒÒÌqíÙ³'LLL’™×çßØíuc½É×¶sÉ‰áÑøôœªêDD¬ ø#•Í•Ë;ì|bløÉH2™³,"âxO ¼«!Z!/½NO?ÄU'bYÉjm«;ç?:sC?ôÌQEÛ¡&åÇ»»ÒDžª£íeV|¸g0žH+Jåu»Z«¼üâO?–™œ›È$UÃ¢âäŠè®Æ¦-žj¯ëY£0X§'?t?óUq¾*"«-<eÎ?åz/®™
g7?dz&‘ ¢šÕ@Mu´0ÄèÅâ?Q°²KÙ”×ò™TÊ2-Û¶XÓ†6Yi5kèz(àw.›˜ŒšµD—?àŸžMñ¼`Û…?l¦Ø[ð”Íï¢!¬®0‹a¢È0Ï¯rk†eËËËÒé´¦iÃ˜†ñàA?×ë)d‰ÊÊJQÆ'&ˆhÝ3<$¯Ÿ§”AêÄƒ‘ð‘šçÍXÈŽß¸9’\š$,]OŒ_›ši?ºhúr>öàöÀXnÑu¦‘ŽOÞ?OŽµ8<›­Ìø­û#‰…-KMÆîü˜m=º·¦p?¥RˆQÌ±–™ÓU•HÈM=¾Ó;ª/Ä[KS'÷$²»?7y""3ÞÛÙ9¦/Í¿V>?~rÿîdMËñ&ÿNšÛÆ6žñ¤X{”qx8_•™™Ö†oš³ÃDÄjÅÚ·X§Ç}ô¿1Žg®/oD›?ñ™­:Á@’$Éõ¢#—´Â7ÆÙ¶½0ˆ±Æ¶É¶†õ{}<ËššÎ›FÄãÖM3tžáRiÕãô“È{ËÊÝnylzFÅ` 
‡V-Z<f©0Á&Zµ¿â•µ?Û¢éšÃá`Y¶ ß²,5—;zôÈ²kr¹œÏë«¬¬Ìf³³³³7oÞ,¬\422ròäI"
ƒ?z{'&&|Ù­ç¾¾ªJÿèHÒ¢dßý‹CRyM¤"àóË¿êv’ËÇRÊá©ÛU[’?<C¶©$GÜ›LšJÏÀLÅžKDvª÷ÖÀXžˆXOMÃ¾:¿,°VNIL?>|’û4?œo¬o„uúZÔWJ,‘žìíÍ[–Òûd¦ªPÔZR“S¬§¦i_?×Ad¨±Þ®‘©<åÇ†Çªƒu."â¼ÑbMEUcMÄ/,C––™ì{Ô=e¨#ƒ#Ñu;u3ox™ž·½¬PÞff¦ÕÎO8O¹£é4S?ÔÎO¤Ž?9wÙ³_K–E/öEy(\ë)—$eUu­g×Ã0MbVt0dY6C6Ë²^¯WàyYÂ.§Ç!ærs"Çš†ž5L†È!ðše˜šVQV665Ãqlyy¹Óá †V+*dƒâMwŽí‹¦iVŒŠVF‰™™™¸eYìÒN–e–aYÖív»Ýîp8üÃ÷?†žJ¥FGG«««Y–ÝÛ¾7™L®Úù°:gôà!£óÎDÂ$KW'†'
ç9ÞðWUG«ü»ðÛdüG5‹‹"/ÃÉ?º=u3WžèV,™¤P?(768”'"òïÞ{d~³Öé×¶ž¬Ô?â9‚?ì++„w··)·»gi¡¨gX\8/D÷·ç.ÝŽé”ŸžÍ×¹D$V´¼W–ÝÑ–ÚÄÔÀÄ¢Ë–°Ÿÿe¶6|“ó”Kûÿ¦p(”ïQï}ªß”öüüÅ/!sQ4ZÜ 7É&Ûæ9Öãõ¸ÝžtbÆôI‚Xé«`m#5—²-25µ*¶Éâ=~ÊZ<Ï{½ÞÊŠ
†!fíõšb¬-Ù[b»lßð“…?
›ÃáH(Ò´åËiñ<Ï/˜%IÒÙŸœ…Ã‘Hd|bÂ0"òú¼5Õ5Î?¬iÅ{jŸ:t|_M]Xr,oéxüáÝ{ß\{8’~éxq•î0É%YyM'"56¥‘æªÕ„ÅÁÅ_[\d„`ÈADd©Ê³`ƒ?Ë
÷ú
i=•?ÍŒ°Je9I–ˆˆ”ÜºW$€7
³zs5÷è«\Ï—Úèm"2g‡ùò–ÅÏòå-…?FÚèí\Ï—…O×_ø:©YÕµö"—KR³/Ô{°d9ÓÅç‰,²-ÛfÖãöpçtI6Cª’U3Ù\.ït¹8ŽÏ*Ù¹D’LÛ6-]ÓÂ¡?ÛãyF6˜/|'åƒíë=èyÐsòT˜a?Ç3›23?NŸ>}Zž¶pÃ`Yvñ^<Ï×××_½z•Èšššˆ(‰¨Y•Ö5¶h#Èáhs8ÚLD¦®(©¹ÙøØH2©“•›{x»‡ÞÞ[ót?UÛÒ5EÉäæeùÁÐM"AURDDôxž·I¶G^ñù.~€¬ç|NÜ²kYáó=kY(·L#§$³sŒ´Â?Ý|Ö°B€WÍèè8…‚k°(ÌI˜™I<cÒ³™óÓX–]†e9Æ¶].×Ñ·?ÞüÑ~üd€¯¯åµœÀØša«ñYÍb‚Á ’Vr“±Uß½{w0tˆŽB“­X³Úÿì(Û2™Ìììl0t8û÷wtuuišÖÕÕÕÖÖæœß?eØ•Ã¶"‘ˆÏçËf³…xfbÓ›¯
'ÈÞ?ìEële¤ûZŸbYJïp¢¦9Hd¦Gûî$•õŒã¹ÏýÍÏôvŒÌ=oü Àbö*«þ/ÛûŒÔS?„ò=gŒ©G\ vÙZFk¾I…e‹B¡ÀZ/ßt<`YÆ\uaS"f~®2Ïûì¿š‰çmÓåvÅÆÆü¾@4u¹\Y5k±¬Sr]Þê†fŽçt]:è?¡BNXþïŽŠÛªªª‰D0$¢šš†afffˆ¨¿¯?­ƒDÄ«×§¥¥ejjª0BIA¤­Ù]‚‘kv5Œu÷©d¥s9"vêÑõÇi‹H
V4Ô…‚²£X¡ÄÀ7’Ë_]Úqdvª÷VßPžˆ“ª*«‚þùõTÕ‘»=}™RV^iKös¾
kßR;?Qï}ZbdL=2ÓSRÇÇë*|STU…‚ÏØY’¤P(ŸI¨ªº¹í“9–5M‹a˜…®ƒÂwÓ,cKd±<'û¼GO~Ü3§¦ƒ¿™ÓfcSvÀïøÞJkÙšÝ?Ä?išÄ0–m1»?–aâXÄƒÕŒ??ÛDÃ466QuuõôäÔTlš6MÓïó…BáÚºZ‡cyÓ_„±±1†¨¦¦&2“Íªë[¸hÝb)?5–¶ˆHª<ØQ»xemÉ&Í’ä&ÊÅçæ(äÛÒZlÀ\l$ODTÙºoOÙâÏœ’Ï–ªN°°,=s-;Ÿb§Ôñ±6|3ß÷]¡3Aêø˜ay}¢K¨ÜûœÂ7ångWáAç½®g_©fÕMoŸÌó\aëƒE
Mz†È¶‰l†LÓ –|?àþƒ‡žtuêé”Óát8nYv:Šž«¯®³1gY’$é†QX#Õ¦5•|ÄÉ†l_<˜šž²lššž®¨¨?e™ˆ½uøáÃ‡W®^)ª?Åã?ûúªª«V}ùäÔTaåÓÂa>—[õ²•æúï9víY¶›Ø<cvb¤0ÍØçæHËŠ?)‹¥p¹£7“'=62]ç+[ºv×*;j¿vaL/:—Þo.1‰ÁFðO´æÎhúTO®÷¢kÿßp¾ªeëé]¹¾K¶©=k|³™æåÌLbf&1ÿ`½/ÙÄ#‘ç¾Ge˜â +Û¶-²†±lË¶Éét¦iÛ6ÏI¦É'çrn§è?\9ÃP³Ä²"ïÈ&Ã
š®3[Øbyñ]
‡…1E¶?x°†ýûöãôõ÷wìß_8ÙÚÚÚÒÒ222‹Å,Ë&¢•]DÄq\Çþ"Ûï/n–ì¬ïÓ`ÎŒŒªSVÏÔ€TY‰†‚^§ÈóÙ¦‘W“Ó£ŸÌv/h­ñ‘ì!J%¦Æ²euÅ©Á¶2ò¨gvI©r´¦j¸oL§‰žû<ÛÖZÜ¢ØÖR»“áÃ{6¿•ßúI²ŸI2ÆÇg<¡bøÑgvÇžµ"+­¹þ?97îl>WØ2¹°NÑÂ|¡r¯mjfr”ž6µer(üÅ‡ïoâ…åXm?J¦Ð¾gˆå8žãŒâ°&—Ó&§f›ÍkZ:•tpäóûÞ1>6ihe9ÁžßÓ€Y‘¸³eò¶ÆM×C»LÓ¸uëVeee4-ü4kkkkkk-ËJ§Ó«®55==mšÃ0…ð`Y–i­owÖ]Q%M?¨–©NO¯v?£î@K…HD¬­ñOŒ$-µ÷Ç›C~o™ËLÆ•´ÆÖTûGFÍ=àCÍûæRwci+?rÿîËJÎÈë…Œ³ÓjT^å>[ÌYÙX=qkÔÐ'ú¾??#!;Oé¦'\ãˆ?¤^~`çâ2WÿFÑÙ|nñ¡•^²ŒX}èYÙ€Ûü~É+-ô¼ÈREË8žçXsÙRæéìaË´–e&•J=îéaXÖÒÍ€Ïñ¹ÎKÉçúF§„P¥ {D‡ƒeYË¶ìâÉ«´c9–xÄƒÕŒ?Ž,þE<yò¤¼¼¼¡¡¡ªª˜MY–e¦°¹Á2<0#?rWb”[ç†yŒ#Ü´ÿ\mfrlxp\IkK†Ý°‚#XUÕ\‘>ÉÎè‘cŽÂr@ùdr$IÄIu-ÍÌðÈè’‚y_Ã±cÁ¡þ?¾)Ý²,Uµˆˆ¤ÊÆ]Í­˜Æü0ÁÝŽI}÷’Šž??ç‰H*«9ÜHvÆ·áö°ƒ±ŽµâÁŠ+7Ò´e·lKÖ™™ÄÕk7$—ä’¤™™Ä¹ŸœÞÜ\ä•dÉ‘ÎæˆžÎN&›8Ž3-SÓ4C×S©ôÌLÜ4Íl6[S»«ïþm–$‡Àc›f>oÏÎÎÅbq>›s8nÙ-ˆS˜ƒÌ,I…þ‡°•‘i0Ÿ_øz{îôÃ÷ß­\éÇ¶,§Sòx=UUÕ>Ÿ7›Í2³ìwßÕÕ•H$ˆ¨½½=
Ñðð°CÊ+*7\Û~?XžçÖž%`™†i±¼ð¼e>»À—È¶tÃ""NàwÒÀ6()3Gæò=j_'ç\ÇuëÕû¸¿··?ˆjjª:ö?s>ôF¦5•H²?mÛ¦i$“É¬š5tÝ¶m]×9Ž3L#“Nó[]VÞÛyËi*{w×q,i†Ï=Ãã•?-•uõY5Ëó‚i™nYÉét¹\¦iÙËöª
{en³Óµ_ÜÉ·ÑÝ»w×sñ?¶µ÷€v•5?XV7ôD"1?[¶Ísäè‘ÅÏÏÎÎ&“I–e]’TÈ¶m·47mª¿ÎÇrü:³òúË|YV?`c8'YæsW8]/†ÛÚl@DÍ»kª£[Õi°€çXÙ)fÔœ®Ç1319Á±,/‡h˜†®kápD×tIm†••éx"“s9Å¼nå4ƒã„éX¬º¡I×õ\.Ïó¼Âd5MŸ‰Ç«ª«$§“lÆ²,"’B³Áæl_<˜˜_uëe¾Ý×4m||üú??Ãp÷ÓŸþt¾œ‰ñ‰ñšêí˜ýð:ã%Ò•U·HÛ †ø-nÄly6(ðÊR&›cYVÓ4ÝÐò¹¼ ¢èÈår¦iÆgfÊÊË«««“‰ÙÙäœÓíÍ™†bYzžˆxÎ!DÊC±˜¢d‚?`"9›Ë©–må(Ç±¬’Qžw8–i‘{k¶êÚVÛ"á2Ë¶blZ¼üçÓ…§4MK¥R–e=è~?Ëç"‘2Žãöïßïóù
ááÉ“'ápø%}VÞ K‚‹ôì‹%†×¦wC+–eü×ÔÌ¬ ð¹œÊ0L6›u¹\JF‡ÃsÉ¹L:ã÷ˆÈf†ÒšiêyY’¼^Ù)8ï®¨œ˜˜hmksËn†›ìÉ‰Ép$l˜FVUY–xAv,³“6D+Ø¾xP]SÅ0¬MDvqÚ³tßéBßÂlb¶0y¼¼¢Ü&8¾¦¶†?ï”)//'"—ñà…12ê&G1ñÒÎÊn—SÓ=J.¯ªªeY‡CU³¦iišît:'§¦dÙM,k3/Iy›qÈÞ¹\Ž5™òHÐfÖ4ôx,ŸÏ»Ý²išÉ¹¤ÇãÎ©ª¡9U•eÙ)ò’c‡MJ.Ø¾xÐÙyoCÁÔãñž>}ZÅ…lpùòåÉÉÉB!ŽÃ‡Ý^ÿK«,ÀƒaI?73Sy«ç"o³ Ïm˜f>Ÿg†ã8Y–].yv6Á²\6›D?eY›ˆåyÞ)y|>ej2¥æœY5ðkªép8“É¤èpˆ¢È2ŒìvçT5ŸÏ;?K×ÜN_©ßß&mãÔäUw4XáÌ™3^¯—ažç™EÝ1—.]ŠÇŸ®×ùŒ?'`Ã8'±"Yùu-xÊÄ:vb§Á2eAß„ìš™a4McY¯(ŠSÓº×+INçèÈh p:?†aˆ¢À°ŒÓéÌçóŠ’ñz=Ç;Îx<^^^ár¹QÌ©*/š¦ñ[])õ;Û¼í\Tóü€`“ßïçù%µÊçó???N§³ººzá¤[Þ†?ÇÞ$KœDœD–N¶A–E¶5?o”!†%–%†ßÜ¾È¯¬ŽöV†hd|‚ÈÎdÒù|ÞÐ–ãf3áp˜çyC7þ€ÃéÐ5Ý4ÍlVM¥Òn?[E]×‰È²L‡Ãa†’ÉÔUG[êëJýž^ÈöÅƒ¹¹¹ÂOÏfÏó¦i¦Ó5›‹ÅbÌŠYš¶¥ËôÀV h'mõûBö··†CÁÁ‘1‡Ã©(ŠËårˆŽ|>oš&1dZ¦Ãá`YVrIy-¯†¦i¦a:%§eÙétª¬¼\Êk–iîªªhªßUêwó¢¶/œ?~ýsç÷ûü~_etã{ŸlD´¢,
?Žõ9%–a9Žå9~zzº,RÆ0ÅaE,ËºÝî¼¦†¡iyÑáðù|©T:)+Ã»wü6ŽÛi^‡÷ð‚?oª¯«(÷&’)Ã0S©TU´ª°LN&“AŽçÃ°,Û4Í€ß
øjÊƒ¯G0(x}ÞÀrËò?}íD4›œ›œŽé†év{óù<Ïó,ÃcËNIr9Ý.W0àóº_ÃÙ°ˆËü¾€§.Nú"vürT°U ñŠ ñŠ ñŠ ñŠ ñŠøñ©ÙR×^|´<Pê:l·ñ©ÙHÈWêZ¼r0¸Š ñŠ ñŠ ñŠ ñŠ ñŠ ñŠ ñŠ ñŠ ñŠ ñŠ/î> IDAT ˆ/uˆˆº{‡Ç?|ÿ$?/{6Ê.g‰ªð)q<øü/?¸\R,–8{ú­B6¸~«{Ù5‘Hðì©Ã%ª À¤ÄñàÌ©·.}óìé·"áíª‹Ê²´ìšÂSÏ3}û“Î¾…#ŽõF›O½U#3ëxiöÉÅ/û'ß;T¶Þj[ºfr¢€‘Yðz)q<?]ÎÂ˜¢ë«kZhâç÷¯ÞºØãýh?ïù/Ëö½#‰ë¸pž2pùÊPÍñs?ò¦«
ð
zMç8‚5rÏHBióˆºÅ,e’S–»Ò'‘•Ÿ‹'t1ô;X""^
‡$Ì¿Ö6R³ñç{%v¡óÁHÏÄr‡CÖÒòºE¦‘×5?xô!Àëãµ?{?Ëj$‹’:ôÍ—#¶f3¬T·çC¯4üã?ë3buTHÞ¸cÖuœï((~÷Ï}ÞŽ7¹ˆ”'—.?pÑ l\NxOüdo™`Ìt]û¦?ˆ†Å¹îÙð®]Ócý*™}]†(ÐräxÝòÑP;Ôk3÷€ˆhº¿ëö‘™MM³-Ç+Y"ÊSôøß5ÉDd?ß¹>8q¾£R Ú;ví?<¨)ë.?~tµÏyàì±*žˆ|wm0ýAÅÄ?^vßûçZd""]·„®KW†jcp¼f^«¹E¼\¾«b÷¡ ßÁR–ˆ¤êÊb;>‹[û*ãˆØ§Í*´ÔøhJ É‡·ãDD”eS’š‹Í¦üåÕóA@ÀX"x}•8??ž8z¸]v9cñYEQW^³þ¹e?{W[}ˆåæ§pœ@šiÍïgZDÌ¢æ>Ç‹Ä‡ë››ÜÅûXžÆ‡HÍçˆÐS¯½Çƒî‡Š¢Æb¹.zýV÷Zñ`«ö=EËœß?>NW¶xX}fèIRnª?ˆÒÅ§ÅòºŠ‡w‡MC”O$óAyEå?þ?‰¦P¥H¶šLs~¯ìõÓl"©7Ê‚M´žµSv‚Çƒ£‡ÛEÝU-ÌCÈfW‹/>ÜhApÏ¹ƒ·.}}ñ>ÃZ$Ô¿}¤Éµøi±öÈÁ¹«?Ÿ}ÚÍ9,“äÝGßòGjŽ?T¾¹üí¿Dj}ë¬W,ÛÝ¾øàÓOPÝ¾ß®Ø²ê”óù…¯K]‡°,‹eç‡c×þ8.¬\T`[–ýôù…×Ð²S+ÏÀ1>5m`«€?èì‰#Dt÷îÝõ\|àÀ?Ò÷”ÊBÛ?5Üõ j4Ü°oq7Ã²+‡­LÈðzyCãÁÑ®Û[s ìÛà¾k¯¡7=8}•¥®À+Ãc ñŠ ñŠ ñŠ ñŠ ñŠ ñŠ ñŠ ˆ/uŠ”l®»§?Ÿ%¢]µÑö¶†R×à?óJÄ%›ûüËï‡ÇË"?H8°ÉâM·yA@ÇÀÆ¼ñ K,>Tµ«gàì©Ã-'7õàòÍ±™<ñŽÚöŽÃ?>aºó_ 3w”MßýêR²éÃ3õòFŠµtÍäDÄ(9Ý0òy]×MÓ4íRWàMÀq'œÃ!ü+Ñr~Ù^‰7©dsËÎÈ.çFÉßøóM¥úè±³U–¬\jâA÷DªÁZtMYóáSŠCÚ`í._ª9~®qC™`‹eUÓYrzd'Ïs¥®À›Â0Ì\ÞHgTQàÝò’;Ð+ñ•xYdù8"ÙµÑ}âÑý¤{ÏÁcÕ–!bX§¯êÐñÖ³ô*ÑHïÙÊÏMO$R†U<64Ý°ÈÖ’±Éé9­p‰¥åu‹L#¯kšn@IÌ¥†aÊÃ>·ì@6ØN<Ï¹eGyØÇ0Ì\J)uu^ºW¢÷ ´·5v÷ô#ÁOMÎÎÅóŽº¨ïÙWMw}{‰:~s ŒÈ˜î¼r9á©²Ê½;æîcgäé®o/%½•yS(f†ï›?‡?Úku_zÐ§’Ù×uaˆ-GŽ×½þ‘^5EåyÎïu•º"o4¿×•Le3Šúz÷!¼ñ€ˆÚÛvÕEc±„,K›™”lè:ñÂºß?5~ÿ»XÅùsÍ^†hÏØ•ÿì­=(‘âÙóó=!†¬²;¸9>½wï¾ó‡¥KW†jcp”„nšn”‡Ÿ}`ø½®©øœn¯ñ<„Wâ?æ&(+ŠZèOØX¼ ?¡ë½<‹[¶Ñw¯‹ˆˆt•Ws‰DT.ŒGb–Ls£o`Ëåóº,mx*¼$²äÌçuÄƒ—(Ÿýæ»›ËNÊ²´±Ý\¾°£oh|®Í»®/Y9N Åž¶òâ î6–(¾±Šl]7=2âÀ«Âéà³j¾Ôµx‰J<5yÕlPèCèîé_wIÁ=GÊ´w®ô'r‘m(sC7¾y0cÉn?¥gRK®EËœããCy^EAàµŒ¢1k•,{ý4›HêD„µ$aÛ™¦‰¹È¯žçÌ×zŒI‰{ž<3t?ØU]gQBYÇù.ß¼õÇN¢ù}¼‘\Ñ¹ö×¯î7tœY¸:¸çÜÁ;ßsñ>ÇRžÜ5MÇýkv;”ín
_|ðé'¨nßoW¬ÿÝ¼8dR€WÍëý_gæó_—ðöŸÿå‡Âdƒµ|øÁ©ï?`ºÍ/ßÅÌ²ˆ]­«Ä0h?CÇÖ*v ñ©ÙHhgLö?ÍÌEË7»ƒ8¼;¨!qöÄ"º{÷îz.>pà@é{vÕF§ã³Ï¸`û£Ã+G
­Õ²_ÿ´dxÝ•8´·5´—¶0ßˆ@â!@â!@â!@â!@â!@â!@_ê
À¶ÒuSÉæ5Ý0L³Ôuys1cÛv©îÎq¬CàeÙ)ð\©êð
Ê(95§†iSÉ~5P*1<ÏINÁ-;·ùÖ÷i`Ši²ð¹Û",CA5”Ó¾]¥®ÊŽ…xðÑt39—áyÞãvJN±ÔÕys?OÍžRÝ]ÓtM3f“¿Ï-
HdšV"©ð<ëóJ¢€ÿ,¾¡4ÝP²ùØL:è—9n;ÆV¤UúúÅSÛp«7‹eS<EñLÑOö“G*u…v .xSè†™œSxžúedƒ7™(
n·Ä°l2™Ñut"Q"©H’ðÉÈo2Qà>Y’„DRÙž;"¼lñ}}¯Ô•Ø™^•?…J6784>ŸÍfU"Š„ím?²k»ûø^cŠ’/dƒRW^·”É¨J6ç÷½Ñ‰Œ’ãyÖ?ÿÜ¹]N]73Jîe?2º?ˆl°â)º?ˆQFöJÄƒîž?îžþÅgE?ÅgwÕFÛÛJW/€×Š¦7Ú@ð”(ò¹œ^êZ”˜šÓ}^>€§d—c.¥¾ìx00õR‹‡§¦6¬ôñ`Y6ØU/$„îž~ÙåÜU}^Ó·?éì[y:ØôážÔç?(‡>8ÞäÚòŠì0†ibL,&ŠBFÉ•º%f&ÆÁb¢ÀÆKt—H¿ì;@~Ô›Pâ¿‰±øìâl‰?n/Äƒ‚î‡‘Hðy£ŒÊ}üÞ!""š¾ûÕ}Ïñs?ó}å¶zî-"XÖ)‚•¶áS?uŠ¶~Ô›Pâ©ÉO%?U)Š:ø¼kžIð†ü2OD–¥–måæâÅ²‰¨ð8½äsc¤g&âÉ¼õwØ©Jß{ðÜk¦ã³í›¿A÷§?Ð™?;Ê(~÷ÏgËXrÈ4¿ì©jqÆ§MÇ/{š~vº^&R~¼ð˜­®?Ì‡?3Á}ç;Ê„Mß`*q<PuñaaÙ¢ö¶Æe3•·H^Úuöx5OJÿ…¿(oŸ=WUx<=¡Ö7½ßß?üü`µ@d×Üÿêþ@º¬¥dë’”@‰ãA$ŒÅ‡Š¢~þ—ÎœzkW]ôó/¿/œÜºåM¥P€'"bXŽäðÓÇ&Ù”‹Í¦xšxÐ5]¨£Ê*â¼IJÊÂ?Åñ ?.}3,¾f‹îÆrÌšÏq<KOC[ƒ·pÜÖÌah¼aJ<5yÕEKOG–ei›n¡¼¢R™š%A‘73u¯x?”¸÷@v9?n¿~«{­ŽÞü´ä?qÔ;©|wíÛ5YÁ¶(PuâXPÆŠ¨ð&)ý^0…Î?î‡Ë¦)Ë²tôp{dƒ#‹Ê¼wnÉqÇo>.>:ôqYñ¤«þÜÇõ+¡Ös¶’eXÏ®=àuUúxPH…9ÊÓñY%›+L6hok(MmX¾Ä#®Jä•ˆ…QFr]t{¦À†¸?T¤Ç/²W-ì¯J<ØYLu6žPM"Ñx„g,Ž·y¶©å­%gXV¹­*ÞÔt“¶²À5o”ÓM^—5:lSË[œãåüè`«ýöerˆoÄ€#“Q:;»3Š29s»å¦Æ]Ûµ~,¦MÝ»xéê˜ùôŒ3pôÜÙƒ•ß¨§aõ&úô?ÿþ§Þeç¸PÍ¹÷NÕ»7|«”Çß|ö-½õßÞo–^¼0C×Vt®ú6¦nüóÅÎýçþ¯£åKNOßùïêíøåïŽ•¯ö"xõ¸·j'*xµ!Às˜ZznZËün‘¥B#`Q£ˆç¿ù³-M'QœŸ¼c[ÚÂu÷ô|á©trFB?È¯\RÎâÃÕŠ25Ý¤Eešºfp¢cµ[sÅ/,MM7íu.¼ZI&2äù¥…¿ˆ¦®™œ(²KŠ""~¾gêj*™!9èwq–®KdËÞïéërùò?…ÃLF¹ÛÙÝ×?ø·¸å÷‚gRú.]º:8ùëÓíag¡aìáµ“™ÍÄƒlÿÅÿ}“NÿêgÍòW„ßýûó­óOš³=þxçÂåÞ­iÓo?©Ûÿö÷šý?o¡©°Ó!ÀÚììÀ×_}‚gªŠZ}ìïNFçnÿéË!ÙW\ö×ßñÞÛu."¢LÏÅ?Ü¦c½×ZØ\0;øÝ§÷gd§Ä’©*jäÀG?ip3dN?øë×'Èt˜sŠU÷Î{§+&¿ût¤îoÞÝ-/¼pÑ!MÞÿ_—†ƒ.‘ˆLU¡êc¶Î|þåHã?ß&²³?¿ú²·ê½÷yž^qÐçqrDj6'5ÿðˆ<ðõ—×Ò²O$Òs#xúÃS"-Ñ}ñûsBP¢LZw·ÿðH„#Rû®üË“šß~Ð -º5…öž9ÑèÈ<ùñëkcs¼ìcrÝ¹¯Õ76<GdfÒ9rÊn?(ØòÞ©][ÛtËd”B68ÐÑÞÑÑžÉ(“SÓ??2åòåë'NÝÒ»Á3©c?‡ÍªS'
Ù€ˆ8)P{ðgµöó^¸¸@Û‘]Ã7R)¢W*ÀkñÖ6ýøòDÅOóvµHdësi«ÐL®Üê§-®%W±žnÚ]C]?­‡ƒógý‡Î¿»[&²÷þp©g²áHdüÆÅ‡\Ç{¿ßã!"Ê%æL×Š»®&ÐþÞ¥ÿå³ÇCß}ïpâßuVþ¢ƒëºt™öýÝ^ÏÒì:ù«Že¾ùäÁÀž#‹«?¸õ§?öÄŽ†&n|›Ý÷w¿mp3DÙÁï>»r9üÁézÇê·.H=þöòtå™_~T-‘™LfÜþÃ‰(vãŸ¿§ï©ÜÌOú¹:;»²¹Ýr“»¾¢¼ìß?ù|r*öRnÏ”×5¢¥ß÷?íïÊ?ß¿v»wj,I®ŠòŽÃÇö{â÷>»<»ÿl‡ÞuéÖÈTã™_;¯ýÐ¯ÍÑ­¿þ{QhïÏO6>¯Ñof3:y8ŽrO.ÿåvªéÝÚÃó·N÷^¼Ð#:¼~q)jÿ·ºâõ'þvx½oÏÎÅzîõ?M+YÎYU¿÷äÛÍþB“A›}xãÚ½'³³¦®ªí8x¨É5üí…®©4õûÙG´û?_í/{î=–šîü÷«©Cgöæ».ßèKåEoëá'›7¶¸9lÄXÇJ”KÌ¤ËÊ<"'ø¼ÅÓ¦®iy??¢Ñ†>¬lÿÝ[ÚwŸ>j?^·l„…®å‰ãX¢éÉ‡fÍO›ç›òÎ ?ˆ"2Íœ®þ åt“V0u5¯sDZ<™vC.r·91üÕg()ŸøÅn÷ZSÙ•ƒ|ô¼FOdO?>1[ÒP|­kW[SççO¦?Õ×¬zëÂ¨$ul$æi>Y-B~¿o?ÐÍ+d€ÆÆ]‹OºÝrEEdr2699]Q±Ñæl–TÛÚxçÂµžÛÛÚ­
x¥%óôñkŸý©×ÛñÎÛ‡d1;ÙyéóÏâç~õ“z'‘™?)ã·þ:,[¿}4âÐ‘wä‘«ßôSÃÞwª%|«íÆ©&'ÇÇ‹ÿ¦´ÔXÏµ>ùÐ{Ã$vE.~ñ`d¦=\lö§†NÍ–?ª]–0,3Sâ•«üÃZSúÉµë±ðáŽsGÜbvêÞÕ›`¥ÿã?ŽRÝ_~qÕÙþË?~à2ñá®ë}“õoU´¾%]º:n}«-Läò®ãËØz<6yã«Dy{Ç¹ŸŠÙéÎ¾ûâdóï6^l?Êýü­UÎÿŸï=}œÉÑw]41»?õ‚í€xk·¾wäîµË_ßÎ™¢3²÷øÑýQM÷üøe?-Œ¢Iô$;ŽF9§ÕZÛy{ ]Wè äíéaIÍæÜ5‡Þ-#µ7Mäw¬ò‡'ÝùÝ×½…–¼¥Í‘wù¾'©Þ¾$"SÕ<m'|¹vŸÜ7ôé]:òÁnÏÊøl’#2UE­9rB¦!¢‰{ßÿñ!‘–Ë8¢§ÏF(;0Gä[”+Ü^?Í¬'ó·.Œ¤r¥“äØUªÕÝîåÃÓÝ²LË(J‰jôfrÖŸùÅ/C7®ßë¼ØÓIDätÖ·;u *1D3]ßv›õgÏktUEÄÜ'_\ïÙ_°Ð†O‰-¿ýe»¿øÁ‹FÅŒ‹ˆÑªµæ(?ß\ê\tÌU4Wy"â¢Í‡=ƒ·?ì×pDï¿7->^³|v°Üü³lÞØ[ô¶ýâ¿´Í÷‡„¥ûßœŠ¿SS®%âÓ´ûüžr¯@ˆ¶?ú5•WÉ4FD¾òªèÌ=ÐÅ¶÷ßmóU•{ôO6ôâG?2iåð¡}‹OŽOL§3™–Ý%ÚI`gB<€g|-GÞo!2õÌðÝ/¿¾ü/G+™#o$-÷Õ¿‘F‰ñ?XsG„ˆÈÓqúTƒ3ÖùŸ7´ê27Cä÷s”Jç(²|çü0$"RþúéÈòŠ,Œð±'¯ýÏËÝU¿Ü&’=>"ò®:<)zäƒeDD…)ËY"*k{ûìnqúöÅï´ŠJy‚išETÌ%3±òµHDêª·&""Õ¢!EµIÚÞ¥ÝnW&£¬ì%(ô*T”£ë`{1rtÿ™_ï'2ôtrll çÚ­Kÿ3öÖ=ßL³±…V,|Ä…H$@=±¸BáÂ'¼"ìßØ‡gÉÔd2S/~ñ§Ïé×óV9nÚï½~¹÷ÉÁš&§9þ¸7U¶¿iÝˆžÃLÅ§ñ™xZ§üŒF:‰‘ªZîâwåö7Ö–G"¡€´•í¡®b¡ß?G«6úúG?ˆh!!ŒOLÿéó¿žy÷ØVñÍ11KÿÏWKÎú–?„×6€µ¥FŽ¦M›ˆD?#ŽV[³0?Ô;R¹çÐ±ÃGwy§c¿Ôß5”'""Žs
¢íx+2pãaÌ *«épÅ:œ3ˆl+3ú` ¾Á*i«=Z…èp¢Cxºœ'ˆ¢ÃU}ð@õøÝÎ‹(²«ÅùðÖ­Ñ´EDÚèýƒÎC»+ˆHUs´FNªmh0®Þ‰©&‘™O<z4šÛà[Ø”Â°¢ËWnd2O;
þrá›LF©¨ˆ¬ìU€mÂžð®Ö£?ûõ;²9<8¤YëxÕ‹à¼­?”ìž!"òÔ·ÕÓT×“å»º©ýpó*}igNÝü×úâÛÞ)SŽVUD+žz’›Þûø·§ké‘ß_øÿô/ÿ~gjÿ$Ýþ¢x"½ô¬–Í‹ºÅÅ#pÜÆvchÙÝÐ²»áÑã?[·ï/Îè:Ø(ôÀšLKOÞþúÿ½dñþ#?9UÉSŒhôÆ—ÿT\`3tâÝ`×tÍ±wk*çÿœ„ò#ÿ«gp®LX(GÜµïH÷W×{>ÜÜÿÁqúþÆÿ¿Û&çuœÖ×U•øÝùç»DDœP½ïÄ±ù~ÔYÓ±÷á§·7Ø<xî}ûò7Ÿý‡FD¼§ýÔ¹ýþñkÿ|í!ï?ò“iÙ­‰ª?|ðÓ–šçõ—¯üË“ˆDoÍ±J‹œ/ý«–¦ÆúþþÁÉÉØ_.\r»]nYîë/y¢L&›É(HÛ(§*NiµŸ7Ï’Šx©7ž4I.¶nSÉYkMÂg‰ˆÌ?¬zdêËŠw6:|ûßïõ?´Æžxšÿ6º5œÅ‡zg#¿=Ûî/NkOŸcmû‘Úö#DÉî?ÿËÕþ±ýåµÇ™¦M«Ek9\&Ð­þá¹¶ö§“urÃOÆIØUî_8£ŒÅsí¾bÇKrfÒ¿Á‰þ…~ƒ›·ï§3Ê£Þd€ÍA<€5qþ†c5#2âæÿZDŽ~üû¥«hîþû%‡bã©ß7ýôæÿÃÌxZñqká±«bÿû¿Üo[¦ÅÎ9ØðôJ"’—QeÇïÿ¡cµ
FŽüÃÇ«œ®ìøý?,;åÚýÁÇ»ç|ûÞû}qô?£òðO~wxñŒû‡??-)jù­¹PÃ±?ŽÙ–Iì¢ýÖ¨ÌÖ9qühÿàÝÎîLF!Š-LEÈd”¿\¸ôþù3HÛd¦ç?>í•v·îmªûƒ.snr¬çÆM…k;T/9›Öö~{õJøÌ¡·˜Ÿ¾ñí=³ü?æòµI‘*?]½ß9\y¤‚4òÊ+f¶˜fN×Šndf'o\$[Íü
aáÆ½å·î|{•ÊOœ¯z¥÷‹ÿ}sxå®d¹Ù±±ñÅáÅŠ:œNŠ?Ï4ûC‚ï¾Ý=ß'bŽß¹6Ý×\îåÈÎ¥2*y$GDE9ì|Ðh”Ûé‘–•psGí½›?üé‹ôÑ¶ú ›òsS=?W¹ÚÓ‹Í“¾ëö?Øíó3?—n)¿ÞûìßÄ*²À¦!Àóq[þ§‚a78pàåÚÌdØm~n·ÜÑÑÞØ¸krjÚ-Ën·ìvË…l€„°­Bý3öê?ÞK_tÇÕ8?õûÏüü@”#"FnýÉ9íëo~ø?Ï¾%"A¨=zîÜžg,åh?Ó>üe÷ÿ:Hä=ù›_´/¿vö‡Oÿí‡…#§³ªþ­¿=Òü4xë÷6Ü™(ß[¿‰ƒˆbý¿è_|¢ã—¿;¶ïýó©¿^üôß®9ªÚO<¹FDD¶$ÑíŸÞÉêTØ¿ùÝó{?ybÝ¡s­‰‹W/ü?«Dí§þñ?¥3¤åæŸý?ûÎåË·¾»R˜fÍÉáŽóÇŽÕ.ùÄvkŽÿçfL"ÎÕxp3o‡èð¡}Ë&(À†0Ÿ_øºÔuØnãS³‘Ðö,Gù¢b3sÑò­Yù{|jv«Š‚4>5lÉqZè=(LBxÿüÙ½61›~Ã?/øïÂÌé&/ˆ«ÆKÛÔò$:×›"MM'aÉ~Þë®ÄÔµ?\|Ò|þïnÕ¬ä…’uÍ^ýÝ™šnr‚¸òÍÙ¦¦“¸Ê‹.È[$¬xíÔÍÿûO½¿üÝ±r"C×˜Õ
ß.Ûð×r'NðÝ¥Œº#—1]¼ëVÙA‰³'ŽÑÝ»w×sñ?Ð{°ã¹ÝòûçÏtvv—WDJ]—7çÖlÄ2œ¸|…®g%
ë¸jÚ`WgÚ{²q«³Aa:ÿZÏˆk¼q†Ÿ½î/Ã=?2ñkÞJèñx©kÛñ`Çs»å'Ž®ãBxý(Ã£™p[ÇîM,z…0B8"»¶w½`XâÀÎ%7½û«¦RWb”uüí¯V]?¶ö=€¢÷= [$”]¿›RÊxpýV÷zâ}øÁ©ç%„éÛŸtö->lúðL=VøX¿RÆƒÁ¡ñH$¸·­á›ïn®zÁ®ºhY8pýVw,–?ë¢Ï-°éä{‡Ê^BEv¾h9IËÆ•ÔÛTY!z§’Dã]Ô»5µ{íÙ–e¬º»ø«£ôS“»z

Q?ˆž?zbñYÙ%m¾hÛÐu‹D¶ð+°Ý NàÉÐLNH™™R¹`ÐïXôÅHÏÄòOOÚ†®“ ²¹¹Ä¬&Â>çüoÓÊÏÅ*ç‡<ó?CÛÊ¥³¦£<àa_é_:¼‰:öPtEÓïTŽîvÒÝÔËrSS%‰Dææâ?‹vùˆ³hzŠÒ›xùNcÛ¶iš6Ë0,Ã³M-EÓ47ñªÇƒX,±ðøèáöÂ¢H8‹Ï*Šª(jwOÿ3XBÓ4¹÷Û IDAT]›?`y?§ÙW¾KÕýìT½lLßþkçlóñs?ù¾ËW±^NcC>}ôº"ï>üÓ=A–HøñÂc¶ºB2vÎ÷?ï(bÝŸþ ”U¦àÓVÕ¹ö„Rúü¢?­«?ÌÇÝßÈí®`õéÛ_ß?ËÃ¼zûªÕræí&l€W?:GãY""b©,D'ØCý×6ØL×(™!‘6Û¸?Ð©fº>E÷7WÂÎaÛ–iZDŒÀ±WHÛòÚ:.Z¡ô½²,-ž]°«6º¡`P0|ýÛá…ƒ†Žß(+ë8ràû+;Ù–lïheÇÏe"…ˆ”ÿŸ½;Š#Ëóÿu÷p?;ˆq?@’Ð-¥*•©ÌÊÊìÊ®ê®êîêcËºwfzÇlvÇzvgmÌæ2[³™Ýµµµýck·z»»º+ëÌÊÌRf)KY¤îD)$’H"    îððcÿˆà?H?à÷‘þ<<Ü_¼¸ÞÏß{¿§8ß<^ad°{¦ÿ“Ïï>¨Ø[&\¼%ì~£i¨E·>»u?”·DÛö£?@½òë¯øw8rgïË[R™ê¡PöôL”ìy½&@2÷úG}ãå­ù”ŠB!M"‚s½s¸ñÝ:èM¨®®ê(c85¶¥ÛlTU•e…aXžg9öåhn”ð ‰E¢ñùaØó<Kó-1÷€1VîÛéÿôV?¹üÍ}yó+R:Šò?©°Íj/ÀH`á@Pƒ±¯nO¤ÊÃÄŒ±Ô¾¶0¿ˆ£
ÀìÚ¦½Ðù…¸Íér»
œ9:LOŒy#]=# I\8¨ÿ€B!š‰:èh?}{±Ýˆ¢vé Ná»`Þ†ãåph@–àÅ¥?t?Á;¯À
Üù8ºEf ají·Ó»9Šp¨ì‘#Dm(3? AË+h¼wqf$«õ°^TY–æ%Š²”–¸?}ª£àÜÅku5å†<c‘H,5¡¬¸àêõÞiYÉiß˜vÖ?­˜ðOJé[ª"NÃBk.¯-O¯;Y[ÍñÀÒ“uØ¼?‡¿Y
ø§½ýÝ«%'çpX+væ§ŠßÉhø%J!„²aTÔÃ
@Â`åÀqpÀÈ2¢"P‚wª!bQ#Ü%8Áãý^à8psMÉã­(ÕBc0³y8¡àý¯€¼Q?%¡ÕÃmÇ­BX€Šh2“žUÐ—“¢¨*Às/Sl?åðÀhÔG¢ñ<§-õg${,ÈsÚ"Ñø?#2táJ dß‘í¡îÓz,_kLõ D††ÇÊÄ=#8g›¼%¿ {ðA ¼Ù%J|zF´Ù—¹ü/ÎLËV»ÙQ`vècžó‘Ê¶•ðg‡½;Š*, D¦‚pX…*9!„BÈ:°æãÏ\3>Ü¥î–p½+=Sy_ æÇ{Ý`®À»å°º°«7Ð\ƒR-Â‡sÞzy¹¨Ü…1€¯¥ï*ÊÅÈ$®–àOª!ÈèëØÌsTUe†ã^¦Ø ËáAj‚ÁâÙÉ?™Ÿ~Pº‚¬¦î]úlaé{å›ûõw.ÜCýþæ<y-‡C—.tž8”ÀQ¤x¶ýŠ¤$eíö}û·iMQÛÁÈ…+ç.³¼ªÀVx m™ð@‰ùïôünRÑëX1WSK€ºÝ{®]?óÁ}NË&e¾¸¡Éf^²÷Ùì4‹‹z®$M“Çe»„?ìQ‹aä!..Ø›YÈbdÕ@`®¥D¨V0µð?RÈNìKoÑàLZðûf0?<_Õ—S*<ÈÔ<ä5“Íð ®¶</×öô}ýÊ–LÎkþæ«ÍOlm>™?wS“·ëèï@d€¾p÷kÕ»‹úzxGÍñ7k H
£Ig&Íküö79 §rßáJ@QvþáŒ±x÷áâÝŠ"?ÕP\@6"?×ÄâI
È<Q”´üV˜??}œdÅ¦WÌŒ§G-)‘|Úce`À=ë—$C¦Ôßêst3`À¼|ñA–çä:Ÿ¬¯%Ç?­¸uÏ.ñp–Ý(“½yœÑ Ì†§gÂv«)Ûe!Ù
ÇEÉ±²]?,Óh81)<}w“41)i4[=lžÌ9s—ÀÌ*fÍY4•NÄ™EÙQÍ„sÐÀf,Ú?Û‰]²Ú€¶à¢±üÀ‘’g†½„l:<ÏYsL3³‘é™ˆ^ÇS7Â–%ŠIQ”TY±YMü–oéu|$šr¶à¯!YZ$šÐë(½HÚõI”–ÀìÂ»M˜’‘—›žŠðX
Tï ¼¸Íxg?¼AÈ,6¢øÇNÜð¡¢z'¾½1˜m°Æñ??À„*áà°ãòb§Ñ~?[Ï’<n+~!²<Í
 [”Às6«1I„ÂñÀl$ÛÅÙº†™dm?PŽã´<g4ø-?²€É¨›œ
…£qÓŠ²’M.?K’bË¡Ìäi¡\ä°¿V'¬T„è¸ñÄ~QœîÅÉ¸?(MUžŒ©Ì@hí<Âl…Ù
¨Eà¼Àu•@¯ƒ[‡Øó¬íKÖËVÙÊxgÍÙêãIYÌn5NÏD’IÙhÐÒ(£-KLJ‘hB’»u3Ç§Ï>íÞ‹_àâû0ØG.¬,&|‹ÖH.€€Œô@¡Iœž(Íâ,a¤ïõ/q„‘»xï.Ü.èn¥ùÊ}BÙÒ8ŽÍu˜Ã‘øl0&I²º…'QnY?†Óëxê7XÎÔäâLEh©G‘zQ,Þ/Šáè“?^âó¼¾µ-)YB!0u&#?/"dEJ`Ä8î"k%Éº¡ð€B!„¬ÂûŸe»d=Ñ]B!„BH…„B!„dŸ¢¨‰„˜LJ$IN&%UU$IQ|êzukŠÂB!„B²/!ŠÞqÿt `ÒðŽMŠbRV”qŸÒ?“±bPx@!„BHöII)†#QÓ3Á )Iª¢fB³¡pÆŠAá!„B!‹ª¨Š¢d%Ó2e."„B!dCP¡&“R<.J’,ËJBÁ0’,à3V
!„BÙFU195“LJ?Ù?””†=ãŽÃ&£>c¥ ð€B!„?ìxM®ÓE†qÚsT€e0ÈuÚì6KÆŠAá!„B!Ù§Ñpv[ŽÍj„…¡DªªÆbqž§ÁE„B!„l%bRòù¦$Y.p9ÍfË²dYñŽMò?ÙdÈL1(< „BÉ(–?’?Œ4[Ëd»«!%¥©ÀìÌl8?8?+¯Ñ¨ª
EíVê=¸z½wø?wþÏÒ·Ñ /-qº¬–‹B!d]ØÍð³]ˆ­ÁnÎvV‰ã8‹ÙÈ0ÌÈˆ/Kä»™V”’ýu†x?F}i‰»´Ä?Ú‰ÆÎ]¼‰Æ³]4B!„?µWîÊv¶Œ—®ªY†qØsÊË
ÍfƒobêþðèÌLPV”Œ–!“'[¹HdµÂD×¯>ëšXƒSOÜøìçç†"kp$B!„?%ì,…3syh¶.§;K³]ˆÕã86Çb*-väçF#ñ¡Þ™™Œv6epQJY‰;Õ“‰Æ÷´Ô•Íõ$d^^uË¡ˆ6s©e!„²õ¼Ò€ÏoÒ£uä´à•†lb•†á4\jF²^¯ÝæÎÓëµÞ±IIV4—±blˆð ‰?½p-u{rrú“O/¦n—–¸÷´Ô­úp’˜„†ç¤ÿ´(Øór¨J2)q¼0?=EIŠ2'ð, JÁ€?£ËfNß+˜œ‚&Ý«¢*ñàt@ämŽ»h‹¬]ØŸB!d•Ìz¼½·†qß‡éÍT^3,»å®—²ß@ø¼\»VàEÀ²¬Ãž£ø‹Éb6e¬"<˜g4ê#‘Ødâöùs3–‚„ÌçñSž[rEË7êM¯ž¿amù½z;$\ød¼äÍ½ÛÂ_?½4¦ä9­IÿåÓ®ã{+?˜¸}þ¿½+‘‘/.ô{5Ö«ÒyUÞqt¥0Ñõù-¿ÝåÔÄº:”íG÷V×æ‰B!dÚYúR¶bÉº
Ìgƒáù?UUUT•Íàeé?ú£‡Z‡x{û_ôXóŽ7v8(yÝ¿¼æ?¨¯/)w^ïŸª³;=#þâÊÃÚÐÝ‹£\Ýþ•FÁþKŸöŒ”ì/š;„ò°¯ß—·óí–|@RJòÊÃk=%{^¯É?Ì½þQßxykþ?½A!„B^*²¬„Â‘ééÙ'ïÒë CV6PxPWS?Æ"Ñí=€B§ƒ–g!ËØ‚¢ªîî»c5Ž‚é¡©ª-Ÿ?=ê·¤¯ÿ[ìf|5À|x0=1ŠmmùéTR¼†‡bÈéêIâÂ±@ý„B!äÅñ¼&×a[rù3³)sMÎyÆêkËëj+&ý?bô8ÆYV­ÿôþÈNLßÍ)ûº5EžÛA™óÁrD" ,Þb-¬Ø™ŸÞm'£ÉtZB!„²I±,«×iyÍ³?>s?öºTT`0¬Á„'YÊ*‹¿êo%·56ê®’üþ÷Ç+óyÄ†îOð%?NÀŸÞÝ¾­„o¿?,ª°0HÎÌŠVû¶þì°wGQ……”ÈT«ðŒ³B!„²b2ùÐëóOÍ²,ÃqÜâùùÎü<GfŠ±?ÂƒI ¬Ä=ôÀ;99½.'ÐäW•÷{<…U©ùBñî¦ÙK=üº—…Âå–«Ë[<‘ÀQ·»­óú™î+kv¶lÚV·{Ïµëg>¸ÏiÙ¤Ì74Ù¬Í= „B!/Žaáp4OXÌF»ÍÂ|*Dà5™k´3Ÿœù<c'[ÒÏõÙrw=gbÓÕRËO_â^E‘Àj(.x‰y}?\GN¶K±"“S³n—-Û¥ „BÈ‚6$$IfYF+¬´e¯ªˆ'ÓÓ³“S3¢˜4›‡Õb6j8ŽeÙçH^”¥ã‡ö¸qãÆJößµk×†è=¨«­˜ð–¼+C‹£1ìÓZúKÜË²Ù¯6B!„²©0ô:mA¾3Çbšg‚á‡£9c?Ëi0è2VŒì·sëjË×¿ƒ€B!„?—Ë²&“A£ÑH²ìO$D›Õ²µÂB!„BHŠ,ËÁPÔ?5ŽDö›ÕœÉØ€ÂB!„B6UUÃáè„?055+Ë²Õjv:¬ƒ*$IÖ,•ðt=Px@!„BHö%ÄäèøäÏ¸˜Lš?†x\÷M¥îrå9òr3”ª„ÂB!„B²?ô:]¾ËÁ0Ë0X”©ˆYuÖ¢çGá!„B!Ù'¼;ßéÊ³«Š*I²
5•Ñ”a˜Œ?,¢ð€B!„??aŽãbñÄt`6Ž©ªªÕò9³ÍjÖpB!„²ÅÌÌ<‡£,Ë²,GüS³ù.G¡;O+ð™)…„B!„dŸ(&½>$säZÌFŽãqÌç÷§–KËL1(< „B!$û"‘X(±Ù,%E©ÉªªêtÚþ?áÙ`85e9Å`3pB!„BÈÓ‰II–­ÀÏODfÆ`Ð/É²š©bPx@!„BHöét‚F£‰Æ1™Ú¢(j(I$D?×<’èt=Ñà"B!„B²ÏhÐçXL“Ó÷‡ZÌF†abrbbša›Õ’±¥(< „B!$û4.ßåÅäÔô¬jFUUx~›;Ïfµd®;!„B!d9É¤$IR^®Íé°FcqEQx^“c1YÌFZ?B!„?­%!&}“Óf“±x›KQT*Ë0,›é©ÂB!„’}ª¢$I?eYImQTUQd,Ë²ì–™š<é<}ƒAo4è2UB!„B²C–å‰ÉiY–Ûžë´9ÖÌ”!›áAoßýÞ¾Ágî–›kßÓRG!„BÙÜTU?'ÄP8úØö‹)ceÈnx0¸§¥®´ÄýôÝ>ùí¥ÉÉiã³v#„B!ä¥Æq\žÓ¶­ÐõØv½^›±2dypÑ?glÈ3öô}"‘Ø
Ž4Ñõ«ž{óq¬Å]}¨µÈ˜©±?RQ/dj„!/¥p$‹'%IV‘±… ×F£áô:Þd¤îM’i›àDž›ÛeËvÈzaÆhÔÛm™Kcú¤,‡““Ókx´Êƒ¯6çÓ·:®·÷Y¾±#g?¿bþ÷`¾0„?GÉ²2=ÑhØ‹^à³?êEˆI)MLN…ìV#ÇÑ:ô$6Ó'ˆ²§áÌf£^Ÿ¾ä¤ªª$É* á¸ŒÍKÎ~x?›kæ¤‚gÎ]^‚Ö^^dì™ŽìÈ1BQ¢!ÿlR°Û­Zª’LJÜÂ¥}E%Y#ð?’
Ë³±)_ŒKí©Dn§¨J<8?µ.›9õp%)ÊœÀ#2åÁ’ç0¦ŽŸˆbRG}„<az&¢×ó¦M1¡Hà5BŽ&?OÏDræl‡l›éDYL+ð½ª*É2Ç²Ó? orZQ”\‡ÍaÏÉØÒYêkËs?Ïè ;{ñús9aôÊD×é[–»&ÐÙ?¬lys‡éáÕów\m¯W™ tïÌg?íoîÍ{xõ“®@bycìa‡R^ãœðÆ¬©Û‡7ç²HNt}~Ëow95±®eûÑ½•ÆÈýË_Üa-œÈ:r’Fn¹Z?Êõu^ô¸yeJƒâ–Ã;ÏY9„lJáH\£a7YËÆdÐ%“r8§QFd½mÊO!$E–•Ù`ˆã¸Ü\{,–x8ê›†y‹%X–yf›y­lªNÉ‰ÁÛ]c G§L°Û÷°,»ëä±æÔrÛ¾úà’wbG}I¹óz÷ÈTåƒ©ao¸¸¦D‹1gç«5Vc×?»è^?^oa0vý³ËÞéæ\ûÃžž‰’=¯×äHæ^ÿ¨o¼¼Õ Âæãk%:`»ùÂ§Ã£ñâ²ý'´]¿êAëa\DÈ“bñdŽEŸíR¬=£A;ŒQx@ÖÛfýBRngƒ»Í¢áX0
G]¹vkŽyè?70ÜBáA$ïíÌsÚrsíóyNëj+ž?“©Æè*Í¯jN
’Ã÷GüA?"?uØ‚¢ªîî»c5Ž‚é‡Tµå§9¬V8pZ-s·U¦'F?¼‘®ž?$.‹ÁÀQàL”ã5Pðx–ZBÈ£$IÞ”£¥^#Iô@ÖÝfýBRóÙdYæ8Ža˜P8Ê²¬ÃžcÍ1??ûÅ¤¤¨*ËdbÌúFùŠ1¹?Æž#<È«¨ü‚ýLÿéÏ§ËŽ6í4qßŸx?ÆYV­ÿôþÈNLßÍ)ûúüàŸ§M+d9¬…;óÓ£¾v2+I©DyÄ&Î²²‰ŸÙ8èmFÈ&¦Õò?ÆffC¡PDx£A/+J*0ÈØlÖlæÙ0õ“?h4VVâN…e%îÔÿÔŒäI`ø?7}?VxR9£Ó¦çAœžÎm¶”UOµ÷ø·•­,
±o+á{c¼À¯I#ÒSž™ÅŽ‰éYô5N!„BVÂhÐÛ¬–Ù`¸ïÎP(Í±˜´Z!ŠH’¤×ë2 d³÷ ´Ø=ìñ>sáäÒ÷3—N[–³lOÁõË§Îéµ[‘ya’°&¿ª¼ßã)¬*Xi€ä¨Û½çÚõ3Üç´lRæ‹šlÖåk,ÙQp§ãêÏ¿‚µaÿ‰Jãsž?õ!Çþé˜p&»Ó¢ãæ¾mäxZž£\[Ÿ”%VÐe(…Å!ý¾?@0»œ–õ¯[U ‘²ÏkÜ¹,Ë„Ã1‡ÝêÊ³sË0L®Ó–É•˜OÎ|ž±“e?ª(x,]¬8tiQþ¢UP¬fEA…¢(,KyÐ7"¯/?ëÈÊš«695»–Ëß¨Á{—Ïžë?[ru€hÜ/[ö?ÖT |W~ØŽ·¾ÛöøB?kÌëlÖ}Öì©ÉIQfaÙ†£ïê{Þ¬~çû­ëüZm¢ïfû¹ŽÖiÈ¡HÐXtðh[??_Ç“ú®ýàžãEÜÄŸ B^"+lHH’Ì²ŒVXéåxEQ¢?'$IÖpœ†×¤Z’Ç
<ÿK$Déø¡½nÜ¸±’ýwíÚµ?æ¬/æ‰Fúô½[SÖ]»Ÿ#I9Ë®¸Î(6 ?ÿæïÚ#ï~¯Ñ)¤·ˆþ?®É0
^ò|;RRæ6O¿Glðì?†J¿÷Zõréi\ÍßúóVXæ^²Jñ¡Ëçz-{¿÷z©>õRå?·»FÆº†„òQ½c“?Àüpx0£Õ
y¹6»=‡ÅÖX÷ k,•'ßÐðôÍO¶ÿH¼î@½sQ»RpV·9³Y¦UPãÞgÏ\çÚ¾s¢f~È^läÊ§_ôLÉç¬Ù{â@©y³O£áW|)Š<‹8>4¨køÖ\l€áÌ…­»³[*BÈ–Ä0ŒFÃñÂBU‘•ÀL0‰2›ë´f¦[õF#Ph@¶¦h"‰§\~PâÞîËýþtÅ5»írÏ·™b£Ý¯ygds^nÕ®¶† ûzN_J6¿ÓêNQöv~Üg>v¼fn„¤8üÅ)_Ñ[{‹^ôRwläÒ§_ÜƒN‹Å—Ô#ý.z
?þù;n!éëþ´½½ßþNmæFg®ˆ¸×ÕÕ3øX•Æ‡.ýÖSx¬1yûÒÍ‘Ñ8_XVpoµUã¿ùÑå»Ñ8ÄÙß|Ô jßÛèy¿Oäz/wÞ-<ñ§­–¡‹¿u¿q°"U±±žŽƒžÑ¤¡°¨aÏîGúëma{®³¸¾¹¹Ü&l…Øéyˆbrù;—~?ˆ¯¿¿ïžgr<[^a]Ûîô`¤‰Ç_/€ˆ·»£óîx$ª³W7îÛéN½vrÌÛ}¹óöhg}Û?¦T?^lðü™ÛhxíHÙKÞ­GY%AàÝù¹®¼…Ù²Š¢LMÏ{3³¸?ú“?ÍÌ™Ù8B‘øó/¬‘YÑXÂlZ«%?VÝØ¥Ëý!­ÅjÐñ<÷è ÆÈÃ®!Ïô$Š[íil(R‡.}9b®ª°k„Îüäººóð¡ÃÍu¥öpïo/ûr·[4&M¤ç²ß¹³ÈÌ€øàúéÛãCÁÎ|Cê˜w¿üR*Þ[i[HB‘øó<#^kÉ­j«Ñ>¼=cÛY‘î‰w^–ë_mÌåÎä¦.ÝU¶Wåj_¸¦žÏOMöu~ØþÐ½ïÕ#{öÖ•š&¯|ØÇï(³rHøúnÝåÔïß×ÜZišêùòz²`g?ÓYZáFû’•'_mk¨¬rY86òðb÷°o:QP¿ûÀîb3ÇÉ“w:&r+<»wæÇ?ÌîcÇ?ìÛYãû>¿pÕ€©îNOTíØþ†E–èÝ¡D¡;‡<>‰3Ô?ö+ÃœÑf2hµ?M-[ö„¿ÿš×X»»µ©¥¾¦Tï½pÆëH}Â?¿^ldàôû]JíþÃZ›*ò„‰;>cIžä½>à™žU‹÷´h¬.fœýü¡eG¹]H?ƒpU–Ú–¸„÷œŸ BÈšZaCBQT†a4OK?ÿ†a8ŽÕh¸ùÿ<¯Ñi…™™Ã0N‡mµÉ‹dY)/Ù`|||%ûçççg9±)!$Ãô•'þèk¥òð•ò‹þíÏ~~úÜMOP\”~W¨nk«°éu¼ÞY·{?äŸy¤§#P³o?Ó(èx³«ñøAgï¥Û~Î¢ÝÈýñÔr`qÏ?¯nw­Ð?âO3èé/­)^“¾:?ÕùD°pÐƒóÜ÷³`4qÞHt-N¶Vbƒ=]öÖãuN=p:WÃîÆ‰?û‘ô½‘‚Æ#.³Ž,¥{ZÜÁ±ÉÀéx#Ï?ã?:^ÐÍO¨àjÚÕÚôºG§X¨¾žË³-G÷[8œ­b_SÎõA€ØÔd ²¶ÊÆs8£³æ`kñVí-~ÎÕüÖ»ûì“7ÏþìŸ~öƒøÅû¿û²ß—~‘žò
:Ž¶U»Ì:^ÐñæÒŠ²ä¨ofá˜‹^/Ù{«{´z÷ÁZ—YÇF[qË¡ºô„F¡fïÞÊ£ 3:ëš[Ì> ¯8òöÛÔu@ ªj<!&%‰ÍàÂôsAÈÖ¢/l|¥°€F¯\ø¸«xÿw—¦.Çç;Fæõ9Ç}8èKíÎ_èò‹ŠCÃ318õÎÊã{ÃÞ}…E\|ôþHEã±
ÛƒßŽL59??ú«]ËÜh´"¸‚ýqçîýp(ÒÒ¼sñFïØD(Þ^Uþb’''ýNc…Ô;·%–ÐùaÀ…¹öùº&x#Q`™„…KçªúG“öª„×;:È?Ù\úÂÒâŽ/NóM%¹¹›ž¾ìŸ‚á?{OTì…*‹Ñ ßs»ãÓ?{›Ž¿Û`{ú+˜Î…ŒÎLŽ#™¿°Îâ×+˜?Ëò—úä;ŸèõVŒ‡"( \Ø„l]’$C‘x<‘úS’Iijz6™”,fã–X÷€’EœÎâ¬húº?}ÿýÏîÒÊ§ŒV?DÜ“é|%Ì…®Ë#£mE¹žÁ©†fc1Tévß×äÔ{b-Š2—×=šWÿ¸;wï˜?¼c§>ùÝÑ#mKîÜ1\ÜÎWj9 IDAT;ž72ÊêJz_¿à«ÙEôßG>À|Ã¸6<Ç1ãÿ93w›ÁÿzfÉ»ÛáŠñUï£çœ¿«˜A÷6ŽQòÌ‘ºü‰}¥žõ:ÃF›»öÐ;Æ‹?<;ìkÈ‘ÅÇ~'õÅ­G9âC>jº÷ÕVØt¶Â|à]æ ¢‡ÀS_=!äÙ’IÉ?53Hÿl¨€ª¨ƒ‚|§Ã‘¡‰²Å¨Àc—xáÙ#õÍ6zü3pÏ]•gü£¼½9u•ÓRV_Þ}ÏSêŸ­Ùï`.«-þÙ ·D3^ùêº¦E2YŠ1ˆÀe1–‹Ü«?˜¼½ª<ŠÌGó±Á“]31ý/{êÆ‚Ï‘™¬YeÇ‚æ± ¹w<ï÷{­úØšú‰ÏÇ§ºÓx³?DW¡ûñ(7æé°üÃC5¦TáäûËÝæØ†þÉ¶½,9Â!Y£Ñp6«YX”@‡cY½^k6µÌªC×3Ù2Äáó?þè|Ÿ/OM€ôuqs¼¢ºøé…¢º&ùjg¯_LÇÛÙ1ìl­ž[ÎIW\âº{ýr¯º£,ÕþÑ–?\ºxOßP±f"UãI1ž”!Ë©*`,®©ÜìõŠ* z»®{Ë*ŸñT–ÔÒ¼s{Uùµ®[ç.\Y.6@±Á14ÿ²§nÍèùù?Ow{1QUŽÍ^º<hÛUêœ•?…?ž¹ù"rÄ{sÀ¯ºôO§%gúúz—=WXUÍ]¿Ò=‘ÎŽóxâO-’èë½~­×÷”lJ„?Í‰ç5:?Öšc*,È-.Ê/.ÊßV˜g4êE1™”¤`mPï![†Pºï¤ÜÕ}ùýËs£y¾¸áÐír?+ë(çj~íøg?þÑmÎˆ¨È7cÇÂez¡´ºîìEÿ?¢¹ŽO]q™«ý~ø`áÚå?¶ÿäZjLÉè¿¸ç‘ïœ¨1êÊµŸû»¿•ÎÕpèµòçœÍ™Yt­ëÖr±AÇp1ÅÇXÐÜ1\¼6£Œl?oCG÷ï~|&™Ž›u–º='ß©²€±úÄ7Ðqñãœ?Áˆ¨Ì—ÕµÀ¸v¿YsúÓ_ü½Îhçl©h„¹3py­o½ÙÝ~æWã8CqõñÜ§)9ëé€¹¶ÎE)¸ÙZ$I÷(-Ö±s3B¡è„:ÏiÏËÍÐŠéÌ'g>ÏÌ™Ù8V¸úF095ë^zRê‘Å¤VV9/@•ÅÝÍ&ðúkÿŒdYf¹u]5ù‡WZ)<ØP
,¡ï·][ÛcÊñ¤¼Ü’srR”—øÈÈbüJWì^ÕÎËY—O!d•VØ??$™eíŠW²œ™÷YÌ¦íU%Ü\:Ôé@ðÎÝ»¥º²dµåLˆÒñC{Ü¸qc%ûïÚµ‹zÙ¢8?ž6>Ã3×"Ç­÷è‰å“ÙXÖãátË.8~Éhš[ÍhàUíLÙ‚1)É‚ á-•`0èx^#&%EUÙŒ$/¢¹„òl+ËSD2‡^BÈæ£Ñp,Ã$“’¬(óc±„(&9–ÍØÂ÷Ô{@!„BHö™Œz£Q?zÇ&-f#Ç²1ùpÔ'I²™Ö= „B!dK¡Àåöx‡†Gy^Ã0Œ$É’,çç9öÌÍ™¤ð€B!„?ìc89,Çúý?H4®(ŠÉ(XsÌ¹¹6½îÙË­
!„BÙ4ç´çäXLRRRU•åX?çÏTÎD2y2Ba_·™²
ô"dÓcFà5ŸµV:e~ „d”FÃ‰ÉÌ-ý¸‘9-h®@¡#Ûå /úBÖ…„?ŒÒëøH4‘íRdŸ^À·à/_ÃÎh)>Y1úBÖ…„?Œ2u’¤„£ñl$›8ß9Œ7Za7#&b…cJ3•ÑŽlhô"„¬7
!™f·c±d`6²5ÇHp,j‹ðgÇa5âÇçp¡+¹¬×âÛÑZu5ly[üDYo45™’iÇæ:ÌáH|6“$Y…šíeT¾oïELD{Ú{ ®ìÙ7–âŸ?ÄÀ(þÍ? !­ôQdSÚâŸ Àí²e»d3£ð€’&£ÎdÔe»YPíFcîŽáw=¯x„È]/ú¢${«ñi×ú–?¼¶ì'ˆ²Þhp!„dT}òrpsƒc«xTTÄÙ[0ê°§úÌ­?C!$fcÊ½)QoÌXG!õBHFí(‚–ÇÍa„b«xT,?±Æ¦‘cD¾C¾u,!!„?lñÎÈ}cÉÑ€$h˜‡¦¥D4Œ¤`"(w%ªòù‚Îªg×5Y…„’Q%ypoÊ*/M‡ŒÂ¢‡Å°NE#„’5IY½ë“¾¼Ÿˆ‰©Ÿ5K2€–gdþ?<RÑDž™k*
r¸õ+…„’9Nd3Hòª;€Q?°¢LGk"/?e?d|9?¹“BÈÖÄsÌLT‘?'’dõæC‘çQReDÃ)’P÷Wjmë!ÐÜBÉ»¾øƒ(°¯ú±ÓalsÂfÂèÔ÷¾÷¯ÑþŸq²e
y²íÿïýk´Tâü}ü«·±£hK!ä)d<Ç$¥Gz–%11Ì'”Ù˜òøã×õ²UÃ«êNÖ‡$c*„â\ØÐ7²ºÇ–æ‚ç01“¹ù#~œéF"‰‰Ù?qUè-M¶,‹IŸí"?µ—?Ô@Tó¬9Èœf¶<wÛð²UÐÏÉF01‹HÅ¹(°C¯ElÅ}??¥?dô?\Ý÷Õà@-\îCGzcmŽÔ!ÏŠ»^|ôe:Þ(sá{Àk0âOïvWÀÄ?Z„b8º*ðÛ.Ü~€Ô¤·Û?kÁå>H2MæF"Ñ[š²9ãJ(¦Žå±y>6`èx&&ªY]3¨0ë;ü‡ÂBÉœp_yÐ¶?¥ø¼gá?ÛŽæ
ÌDpsx§ûw€×š¡(ðN~Û…ÿô3ü·¯ã»G@VñZ3^Ý…¿þŽÔã¯ß„Í„„–?†E*ÉÒ¿zþãOñ/ÞD¾ª
žƒ†Ã¡øÏ?€ûmä[!JøÚ.(
¢üÇŸâÚ½U×!„lMrï¨I¨þ°¼xZšQËÔ¹…<76+?ÍÈ£?…ûLKÕa¾ÀÊ±ë“¿ˆæBHF}Ú…P»Êñ{û ¬ìÏaÏvÔãÞz=+=Ñ+8¸cÓøçÿ7þôÿ€w‡êp¢—úð¿}ˆ×ÿ=ÞüøÊƒ¢\Ü?ã?°ðË/pìßâý/–ÎªÄsøä^ÿ÷èõÀnBC^k†ËŠs·ñÆÀÿõ1-ÞK!«#ÉðLKƒÒøì#±Á6÷õFCK©°ÍÆµ”hVé\n>™i4¡v':‡>i=JEá!„d”(áÏB/àDšÊ¡ãŸý?ÅøÎaØÐÞƒ+=QEôZŒpû†|¸3
??N«ÚR‰ÿ÷¯ñþÿ„í…`p,ÜvˆRz:D×àÒk2¤vˆ&0äp,ò­?ùMàW˜Ü?S!d#ó‡ÏdÇ±(°rV›bÄ±p˜Øê|Þ¤[è,›‘»=âW^qµ9²W‚ÂBÉ(QÂÕ|pZò
Z«À/ß‡ åq¸ý&f|~ŸßD8¾ÒÉ
 ‚™ûš×Î?å¯^ÃÑ?Ãÿy
}s3À± hÒ7ž)&‚eÒN}ôÂJËF!$µ:ò“+œÉ
òs4‹·ª*,z&SoQ&*®}|@s!$Óü!|x,ƒc;ñ?¼ƒßváÜm<˜D,–Ç")AÇ£<ûjðû Õ ó.~ðé3¦üj8­ÇîªôŸS!ÌD°Ý?ï½MåEqûÔBV0àE$÷\~Õûã(ËÇÉÌDðî~˜õ˜
=û‰Ü~€=Õx£yV”å!ÏŠ© ü×?Gs~sÞhA× Îtã_¾…hÿË/pcèE+?B6‡«a¡á +PçÚù=;SŠìË(*¦#Š aÄEiOIaíçPx@!™¦(žÀ‡W É8R??y'šqwwÇ0:…D6ì(F?ItôãŸÎÁ»Ôr‹®_øóÔUü};þâUü³“0ÅO. £ù6üåkøo"‘„?ƒþ®v4•£©žIÂ+z"?:‹¯5¡m;z=à5éƒ6Ý_aÐBÇCÃÁ …ªB³Ž}BÈKFÃ¢¡HÈ·rüÒüäãP\¹3ž,´r=Ë²`XöLIâ£K"¨*ìFVQ±æ”™OÎ|¾Æ‡$dÃóú¹Žœl—bE&§fÝ.[¶KAðŸÎ[?ÃZh­Ä«»°£v4$ª
–…¢À;?¯Fpí¾¼ƒ@xééÂ+ÑZàñlBûj0À?ï‘?µE0jW‘w¨Ì…ÝU8w³8R?ó.âIüÏÿ¸ê%žÏ¿;q6§!„?'¬°!!I2Ë2Úg¥¡PTDê/¯Ebs#…´<ã²p¹f6×Ìy¦¥¯F“‹÷4ŒÓÄ**Š„Ê¼§<!JÇípãÆ?•<¯]»vQï!„dS0ŠÏoâÜm”æ¢Ò?ŠXÁk0ÀýqøƒÇT(?™ô¹-ÙÜŸ_a±Õ6ëíÀ_¼ŠùIðÀàôõÅ„²i°Tyî???‰(‘T=SÒh²òx§«IÇ4lò,\Žž5j×%³)…„’eŠ‚û>Ü÷Ýé-‚QZŠº1ýè,:ïáµ&X?d\îÃùÛÙ.Ó†º>ÝÖXçZAŽ*BÈVÅ²Å¿$+H%?]À`›MSëæµšõYò ð€²nä¤˜§å¹çþSe1¡@Ã¯pq€ÍD\—LÖë¢od“v<÷ÛO•ep‹Þö1_÷@À\»<¾Ãæ$Ç“2Ë
Â³çšÈbRVXA·ÊY)Ï¬Æ­QÏdÓšL®$äØøe]‘­÷«KY¡ÈÀéŸ\[´g(®>~¨É­‡ïê{Þ\´§ÎRÕÒv¤Ö™þy?x»/_¾îIÊÀ9+ê¨s‹ŽYÔú½×ªõ?@õ;ßouý?—¯ôSyz8£³åèa÷È¯9éœÆ·¾ÛæZûgO6¾Ó‘æ™?–yW¼m½ñÑùEqgtÖ8ÐVl\ØìûðçÝ¾¼¦ï~£Ö¼øÁ/öö‹ÝmÿQŽ¿{¢Ò„ÐàíÃ>>úû›®Æš“çr1Ðúõwê,/úü×X¤ÿ·?qùÎ‰œþÉµÑâÖ?xµÚœj„¤>­Çÿª!|æŸ¾2×¾ûí&ç|ûDöžúøÒ„ëø¯Ô&ýw;/]ö¥2ðêl?‡´[ðØÇ€úèž<_Üpàè.w°ó½ÇªºøðÛ'«?xÔâz^‚8²±ëù‘M?_ÿV±çÔ©›qÛîßnt€éÿìãóþúÉœ¾œX´;çªmzç@u¦NÖ™ÍÈYtl\\è)4`&‘|$fà9&)«ë´Xò<
!OevÖUÚµb“=ý}§>Ó}÷µ©{\UÕ…&rÈ3|÷r;§ÿæ‘R‘?Ó¿¼æIrÎŠŠb—˜êìùp*öÎ;­®%¿oæ?Fˆçëüu{×8£³®Ú®?ÏùúÇÃ•yÕÍM¸;1v8õ«²á–W$€/®+s
D_ßpÏ™ßÞýfCzª¿ìí½é0q»×WÝæš»t-¿ØÛO¹ÞáG~k¡²ïÚÇg‡ƒ:[]S®rht¸<ÜT?_\Œþk]CGËt™¬ªU“=×Ú¿Ê¼y­+­¯»6Ô;Ðïm8X˜®4Ù{»c–†ú2?ì»~êÃî8RÏZ
?Þõöœ98üõ'Ú÷²¯ëÔ‡Ýqð|qm™S'†F†|‘]îÔÝó5Âã‹F-®ç¥¼žçß™``àn9Ðìiïê¼p%ÿ­6¸|Þ#[v=QmD*@ž»9õ…ðôô]…›Î6w¨Z{}XœÉªŠm6.?‡cˆ2®‹É¹œE›?•äõÍGá!ä©¬¥--ÕzˆÛÄ_µß?Ô¦ÚWù5­»S×MKß}ýÓGJ?Þ›Ýž$\ûNÎµ*Ë¿üðÔ­?Ž»ÕïÔ.uoáøi¡¾Î®p‹®\îÞ‰%Œz?sw)øä?»‹ÎN¶0sië2ïŠH?ä”5´Ö@´‹×î?Œ4ØŒ¾Ý+[vÖ–÷õô7»*RMµÐÀ½ýDÏ`oÎmùzÀ÷` 4?ÙVhiE@~¡ƒÞ~O¤ì‰+â?¯ãwWœoµ=2k‚sï¨wõöôÞÞS˜ª´øÐ?a–†ìëèŽƒ/=ù‡û‹5°»®ïôO»==ÞŠýîÅ‡ttÇÁ;?¼{¢&ÕÄoA,×3éÆðÓ?à‹ëyŽÿæG—±ïí†¼ÔŸüÆ®ç…wæ×î×[ýï_ë9×U|X¸tÑkõ+-î…`~íî¨¥ÚŸŸÉB‘ÉúË3smÚÑ€<’w¸ù\3Ç±?$’êÈ´4SËs5õ…¼Ë²îù¡iÕdBÈÊ¨b"@Ð>1ÁR…ƒ€EËŸGœ5¥ó‘ï®¬´¾‘ñØ’‡?FG½ÞÔÿ‰ˆŒ¸o$ ~çÜ¨ŒQ¿¯ÿ‘—I04@Ë§/Øúûº†`i¨mªk°à~ßÝÙÔæ}ûù'¼
?³@ÿ?/û=þ?(¼ €ÞjçÏäô—Ä7˜\g±5ÞóéÙþÇÁÈ©¨/îwõúÁ¡Û÷?òÚ*Ä)Ÿàj+Šç¯=š*k*€äÈè£«vÄ&F|jêk]þ×*:89÷µ0ê?yb¥ðÅõ<GŽNF¢‹FalìzŽÍŒÏ?A_(UDSõÑN.4xê“¾ï<òú2=®r,²â¥ÓÉË…a`7²µnþ•Z]~—Z½žcQW(ì«Ð}g¯ñx­.±õBže¼ç7õ@4î?€«(-ôœz¯g~7ké?íNÀ—°Û_Ó­@p¹W“ƒí§Ó·‹Z¿÷Z¡¤°YÍËìOÈ*øÏÿä½óspù?Í¥<È#ý7“(o®²@jË.ÙñÕHÍ¾"ò‹½ý"Á6«ÌUŽÿ®cpðüè`jÃžãÇòx-…€ÇÖg1)Iª¢ˆbrjzf¹}ò]N­V»Ü½ÏOWzð`îéúÎzÍöêâ†¸®l{)wøúÝ‘gQ`ð¶üž†
ˆ%E…ÖÅ#~xƒ€,?ö @¡uÙ´ñCWÎÍ/®ÝøÖwÛ‰Ð©g9ìóÍÊ@ `Òë•>Ç•gä6t=GzÎž›ûþtùÎ‰TO‚¾b÷ž›§;¦a¨k¬ylÜÔÀå÷Ç8r(Hâà•ƒl@š'.Ý›uŒyµs÷_°™<!ä%fu5·ÔÖW¹æ†Ë¦Ë?¡Á!Ñ}üõýÅ:œÖ„&a¸æÛâ‘™T¶…%¹ß}¥:Ýô`YŠV˜Ë?*&d¥R#¼c£·G|ŽÚ·NÔYôô&a‘ü=×€,›!÷öÝm(ª1
kñöãÒïv?­îØ·êEf¦ÆGïtöù;Nw:ÿxnŒÍd,ñ¬©ª:;”$9×i7õ‘È=p9óºÄ?£éäáÉŸ]8ÿ¥sqÛ„+¬ß—7|©w`h'Æo&‘×TéŽx³Àü‚d4<‘A(µçèÌâ=Qwâ[{òæv^úù¥ëYôöœºàOoKó³Ÿ7n=ÛþÞ×ªæžúütvL@ôÆå+E?ëšÛ9¿ô`uý“ÛYCBž*¿ñ?×ª—œý›\*üüƒ¾öÏ{?oÕY§»ŒÃÍ@ÿƒ`MzîAÒ{ï^på/=…˜ã?:^Xôw~¡ƒþÛ·êòçx¨©ÁßëòüVˆcY¥Ñ˜£®$ùkz„w£ýÜ?ÚûNu:ÿü@§úïÝz»2gù»ü5MÎµ|ûÅ#1­Q¯1Z]VW¡6ñ«öûá`éðÀÌ=ób (Š©¦j,7›ŒO6[5g4V_²U0W{kæÔ‡7ý?n¶TÕ¹.Møº>?$¹ª?e©î!Ï]¯§ØÓâN?/
ßëø¢B°hHÌÜž·ûëÜó—Éc‘øüø"?–VVçúêUÀwå‡íx2?Ù­gŽÓ=þeßµÓý°Ö¾{ÂØùÁµžO;Ý´a˜Võ?w÷Ðt+’!B^Œ£vwÅÀ™ÁÛ]Ã¯”é\uMÅ}×<§ßŸ(-¶p‰‰ÁÞQÖê}ºyÍ7áñœ-g!T˜¾~=8wíÌYÓRj®hl¾ÙÞå¹ö³Ÿ×Ì¥Ž‘ëN|§É™µçä™#cAð´?h’£+ßY(­o±z¯öuÞ¬)ª›é¹‚ëÀ×Í•öþúãK7<;?Å/ôöÓLü3aÀßoÞ¿Wiq¡‰C|²÷>`Íu€éÈ›ñéfUU…#©ÛáH4/×‘c1ÏC‹÷ÉÉ1óšõþç]»¿vpüãK?lJëÍ¾ž™8Ìµ¥sí\cEsÓmO÷ðéŸÎÖÕæj¥°§ßëW| ÑýX#=½§ÿüû¿ªœË\$W¿ûí¦Ôýãý×:¦÷5<¾¨Ü#õ¼¬øF®çÙ¡›×Bs×EœU­eoç¹?œG^oršpôÀð?ÏŸùÜù¯VÓ÷É<
!/HWÖ\ïì¹{µ§¦h¯ÛX}òÛ¦î‹—¯ú‘JÑÝztoµUã»ru œ¡¸îdó¢k`!o÷ü…É°sg©Ypí~ç¤ùËËWúÒwióÜÍùYiT—?AáÁ†b?v+¾¤Ï8ÚJ¯:|µ³[}€«¾lñ`zKU?ëÒÙá®;õÅu/òöãrs?èóBq¸t–âæÆ©žþ»ƒ>àl¥u'7:ˆÁÙ à,\¦?mN$?¿Œ?HˆÁ`Øh2D"QINOµÕjƒ!#i}KÝ+­ž÷]¥„sÕ5Xz.] €sµ¼õæÎsW‡{»é'7<ùJ-ìééð¤–Oip? ÀwwÀ7·«ESZçZž=RÏssjNÅ¢¹»ž“žÞ?ùú¬²U&î]ìqÅ‡¤úRô•ÇÞ˜úðÔ­kí½¹ïä®õÉyæ“3Ÿg»„dš×Èu,;%nC™œšu»lÙ.ÅsQe1¡,^5Y–À­òŠ„OÊ<¿‚uW3á‡WZ)BØ 
,¡ï·][ï³<ÏÛ/>xæŸ¾ªØÿçÇJç.û®ü°=°°°—ì¹ü³Ó}–ƒßþúSìRebr*‘ç·h8.ÏåLÄósg×kFòZ‘’"V¶æ´”•­¯¼`‰z~Ì–©g’%+lHH²Ì2xžÉÒÞQ:~h/€7n¬dÿ]»vQbSBÈºa8A÷Èºï«?pº?øýÆÞKh;’õU`ý~coNô<o?]ic?ÁAÏÂ8ûœš“G›Ýs¹e¯ç¸ÚÆš§.æ†·YS?ŒÙÙ ^¯ÓjF£^–ioš•Å©=W[ÑKÔó£¶N=“??Tªº\ò¾ŠBÈŠXõ±ï·]ë.îÏ›i¦r†qŒ’gŽÔåOì+õ¬`÷lá\Í_{§\¿0æ:ká¢Á¸¢=ï¯×ºžÒNJR$}r{$3›Œ&£!‘Í&#“­«‘Â“õüØýTÏdC`XF‘UYVXvÃ\ëZ
!dö•z6vót%|W~ØÞ³Ü?E­ß9^®Sºhúœ46×S§19®§Ôl:É¦¼ôZ^?™`®Óžë´ÓpªgòR`FeTI–YŽáØ—æ¢…„²Õ¸Ú¾ÿÝ¶l‚,‰a§Ãît<mŸÍHÞÔ¨žI¦0,ËÊ²’LÊÐ ½ò†÷r”’B!„?—Ã0Ëª*Ä¤$&%YV”??z!„BY/Ëp++Š$+²¬0©-™Ö"/3‚îé(< „B!d1£áXU…¢(ªŠÔ¿xÑ~†ç›[Oá!„B!ë?apÜK?ÂˆæB!„BÒ(< „B!„¤Qx@!„BI£ð€B!„’FS“Ù*‚áX¶‹@!dXL´dYG²UÐÏ!„Bž‰B!„BÒ(< „B!„¤Qx@!„BI£ð€B!„’Fá!„B!$?ÂB!„BH…„B!„?4
!„B!iB!„BÒ(< „B!„¤Qx@!„BI£ð€B!„’Fá!„B!$?ÂB!„BH…„B!„?4
!„B!iB!„BÒ(< „B!„¤Qx@!„BIÓd»„?ÍH•¢ôÈF£Vö…“Œ'?V« ‹q‰Ói¹å÷„NË€œˆKlúöZ’ãÁÐxPX“Ýì4¬ùñ3cQ•B!OG¿„?U»ÞuË;æs¸Zšw.½G¬ÿÌÈ™6×8·AV†‚ì¾¯V˜žqðqïùEüØ·¶ÊGøŽç4þ÷o,ý˜qïùþâ¿+Ù<ìþÿºu©ÛkE
xOÿ*Ô-2e6@(0·iO¼VXo[Û AŽ'äÇ'B? IDATN+´(pz´J74YL‚ç9f™»UY”¹%êIJÊÜ?ZÛ£‘y²¯{¼ŠT)‘ÄÓÞÆŠ”?5OðÏy´ÍKIÆUNÇ-;¶C’`µz‡’uµ?{„?
…#Þ1_ê¶»Àe6œ»påÎÀýÖæ?wîÞ7™?Û«Ê—ytÑ¾Âoí0Ìý¥ÆzÞû`üöSYoXæ)ùî¿ùKE£]]I·í+ý›Ý¬nuzªÉ‘ý4j;šÿ7;sæÿj¬óal?ÃƒèÄ©¿?Ô>³ZVeQà„ç­Òuá»úÞi?Ñ<W?Î†×Ž”éÈ?¾óŸÞö.*šw}íx­í‘#5îéüÝùAÙ`?£Já‘×÷ë±‘+Ÿ]¹+YDQÛ{ŠôÖüh[‹Ÿ?{&h:¾T0)Ïv·û:&3§†,¦o¿ævr˜¤Ã“F†?¨Ö=®“;s4?ó?çƒß%$#“Œ ìkEÇJt/p´M`übìÓäÌ}ûøÃU@?%~ûU6C
¡ø~_Ù£Ï\J~õ©kF«þ?¿‘•²“-bÓ}ê!kÄ;6qê“ß¹òRšM&³É˜Š¶W—·4ïôŽùÆÆ&–Åè¶™ªà?g´ƒyÝs4d9­n¹!HÏ#zûJt¦Áþ½Gš&ºüeo­áI2ç¹ªt?Ôz»Íõè&Õ³}ÄýÖ·^1j¤ÿÌooæ}³É±p¿8|åŠÚüÝï¸9@ûòý+ÃùÇJÄ‡®tb÷;RÀIï—§:†s_)Ó­ñÑ¶y¼ûþgSMâKÜ«ŽwOÜÛæþç'L€:óÕà¯ºgþ¢Õ
Ìtþ&Zö­ª·,¾}j¬3ß²/wQd•˜<{‡þ¬zÈSgê½—_^©}Þ£mµ¯é÷>ÖÕ;>Çž¿Ò»5€$vüƒtÿ?4åï@u²S.ãÿø@ÞÊ|‘É–Bá!diç.t=Ò¶¸õŸŠŽi»Þuë½Ÿ}
E¾{dßÊ(+q0¦T#>êûì×±²o”V¦C…è½ÏG‡J
_­0<q×bñ‡×¼g{’“àj›mÇrîð@ÿ{¯¸LtþÔ?£ES{²U?öW[s¿²JøáèÙKñá€j-Ñ;jûµG«v?v¡4¼;ÌìûCçòß?Ñákãï$'ãlQ‘~ßÁÂmfáy½f‹ÿÿìÝÙ{W¾/üŸT%•f[¶dË²läÏ`À3œ†ºéN§“ÎÞ?}ú<{Ÿçì‹ý'ôå¾8'Ï»û=9Oºß¤ÓÝéNwH ?æ0£ØØxž$K¶lÍC•ô^Hžådlìïçá•ªV­Z²åõ­Z«ªÁvë‰àQ2E•ú½%±ŒÁ;,uu®Æ®0i™œõÉ»*uî{­çŸDl±?l½GDëuïVÒäú›__¿K3{[MªI‡G\l–WíLæoÔ„‰èÜg­"CUæ?×”¼öºKŽ¦Þ°_Ãä¬×î­Œ5N´?T†ë/¹›{ÃJ·µ&á#©âîiN-üqt™HYPjø}§µ2u<C„ú:m5ÑŸ&£¸ôÖ?nŸ9Ÿ±tæTì?ÖOb,Z_w³Û—S(OliKô+c¨Ì{—Ä½×œqÞíxÄT¾kØäõIY:-[’6W£^óKM´¯*ª?üï¶‘j½v|3¯»g}ÊáXƒ§VV_ìòæŸ­´Õ+Ð(aöE¿+Xiñ&ßÍ>·xü;ˆïm½})Ò/_EaM@<€ø\.?Z51è?šŽ¼þª1#m``0úÿèp£Ù! ý¯ß9ÒtmÔR•úóXŸ><bã'Ÿ¡ô{Â#?øo?¯òô\×I§üø‰L'¸»O]IcoøO8º¹ßn½ÔçÞ¤?öGNûù¿ÙÏk”G
eDäoëüð\¸êHÆÓK(0ZwÁÞaÌÜ•3ÐHl¹f¶s–î‡§ún)5µÇ2“™?½Ñú×O»Ž¿o63ÑÊ¯\*ßix{›Äoøâ¤µ^¯©Ö‹(0xþ3—êHæ¯kåðô6Ú[©•Ù'LöSŸùò÷gkˆX‘Ão·^èµW$þ¹ZÅE(0G[Ek¢>x$ó'¸-ö{mÂÞÙ&‹å?OÒîc±R
ŒN”àøò?nÙýO÷ËÙ€§ñ²íÿ:ÃÿºGÏFÛ°Çy†—ïÚŸ½‹õÞøÓI‹î½¬DOXð9»›Z¬^RŠK3•DäsØ<ãØ'IŒ\®õQúX×|ØÞ?¤Ý6¾½\¡qØ]Ddo×j&â©\©°;‰(¡¥­­x0çí½~‹—Í¿ÅHT
çˆ—TŽ [£?ÉÍ*•-à&ÿê±…ô)ãŸÉL‡-@ÞÀ³•¶Z„}¡Î{Â?Ÿä¶(‡?X":ÝÄWŽ\%ê¶„'6p‡Ýdœh™^cX[pcS˜ß?»?ãÙ`rN˜s£ž[ƒŸÙýwêÂh?“É7)Ÿý¯šs¸þ³÷`¶YÃÉ8…®pÝ®õ‘ÙÖ•—ê÷jT§ÒgVW‰îz¢E4Õ‡
ö›v™T2Ž“iÒöîTÌÞýcf?Ã÷ÚÏõrûödœŒS™¶dÖšçî?Œ½ÉªÊª2¨d—¼.c÷úH¯ÍCDäðÕkå&K"–S™·˜+µ"b8™RLD%'ã¸ñùˆ’ýár?NÁÍ˜²·&FS´MÖe(Ob9.Zs-sr|ç=gGIò?’dÇÉ4)U“ÌŽzÛØû^Iõ~“IÃÉ8Uþ¶¤*gÀîœcÿÏäáÃ– ¾°,ß|ôÍ_Ø‰ˆÂ”©žÔÿ“)“§~²B(E=ñAIJAˆEHHNšX,•+B”øÒ`\„7I&5¬T?á‰ˆ?di&ýª(Y-Mipž'?fâR LÉ¸ùð3—¶Z<¬„¶¸@¼ú¼.DD¢dõÄ÷#''ÏÔM„,Ñ\gcæwûnã"³ÁŒ©ÉÑóÖ=W?åì2<Ëï¶êå‡5ãDÃ¬êMú‰õT
1ÝD*!`·‰MúIãÉµ2¹ã RQpÄK¦xÓ$ÜŽ?»$Ù41ÕAf23–6ÿØ9N&C?> ‡“)¨i8@¤"½f¯0xê\oU‰Ê W'Ïz·V""sFÒïN©I^’a“.¼Ž*¯ÖNê„hrÌ£­/éDD&N7^Ç¨Hpx‰4³ö´û¶)]Í‘¦r÷Û_:­t1õ?º‰Æú>~ÏÈÔ~#vMœÿy=L4ó0#“.}Þh³'¶4'b{ƒ“Nä]Ã"-±¢žáÀÄŒ"ï )MÇ²dwzÉ[ÁïT¬ø™K[’Š™ŸUK5,ÑÆÚ€íÿ¬ÕÑˆ‹ï–|4-0=Ï*¼Ž+®À<ž´¶‘Z­œœ.]¹ár{°õ?¡ª<\ßéz¶Zð|˜¸©ßXKwzC++&aÀÆÇ}Óˆ#ž±óùÎq2Ú]¿È:°žqµŸúôéÿú¬»WxÞjúâD‹i†°?@,3=OðñtHµé'He*MˆˆH®Õ+?¾àØâ s”ÒS&]ÖIÑe?º¼ã/GGÓuÉDÉº\‡gâGÐå°fë´‰.Æ)dïŒ½GHš¬ •Vªr†Æ¿ù?!Ê?MîÃ&ë%6çøçA#¾X¯xæÒV¹.–ˆˆd"?›"DÉ‘}dâ[Äi?äMNþ*qšŠ<-ó"ëkâÌc``?ˆþôÙ×ýÖñëOZÚ]®ÅÅx?Tñï×ísôÎ³±L#1ôì“ºÔ#¶Eÿ`dºŒpsï¤á26oSÜ5¹”â
ª«·ŽL#Ä”¬e©×oŸXÈÛm‚J¿?NŒÂ°.£jOî»ïçMó]|ì$"b-¢ƒ>ÑV:½”:'×d#žeÂ€\ŸA½¶I- xl½dHIàMUç"XŸ¶ØÇzŠÁ¾ÎŽ\­–ˆR²Š†6;ˆˆ(âlm.2éˆ×`¿Õ-I2ÍúÍ?ÁHt«¶Ö4s¦”HjÈIkiîEBýO;ÒÍiÂKÞm±[œ<QRN©Pÿx”ˆˆÂ#-Î?Rµ?ˆôêr›³Ñ&ïnz,”¯K""Þéè´xx"™I•uwäi BD°7=aLÜbK[UÂÖ¦À??š"?ŽðÓJQ—%Ê¸%tF—ûƒO‹ÌY‘àè:üDÄš*"?¡0QØÿ‹ Q0¸æQX?«V)sçžˆ<7!8ÒÛÿ}ƒ¸ü­$""…Ü¤q6µ¹ËÊUDËmG=QÖŒ?T)RÕO§3R¦‘>¹*£ÿÊµAÃž49®Ö´¸?êò?²{Ÿ[Ï_](ãm#õõþY¾YóNÝÞÏì¿û[÷Ñý:³VÁRÈíp4^r4e¥ýªR»÷ÆàÕÆÑÃåI2Šø{û¾o`ö¾“<ÏÎmƒISÚð{HdÅI“5BcÛhYeRüK³·kJÚË^¼í8¶E+#"ïàC›¦l?Œ4\9šº¦uÜÔ29s…üÊ—ö{&Y¥ž#
ôÖ?\Õ«þýE=.?ÑÈ=WO~ne¤
ÁïR¬É“‘HWùZÙåóŸÿU,%/¥o;´'•ˆü}÷.uä¼q¸P)ÍÙñ#×wùì?BôÊ
0K‰ˆd9»ö»Îõ‡;R…?È•î=½ibK[[,÷ZÏ?¡?“<]­?ÕT‚?õCMyŠ%
Ã–Œªïþë?ƒjŠPFòñ}ÑŸùäê#Áó§ŸþŽDä¡¬šŒzù{‡>iSþÇ¥ŠK;p¬÷ËO[ë”"—GTut]>GD¢E•¶º¨e‘ëô[%¤Ñ¨Ztð¨TND2n×Ïç?òßQ“ÏEe?–æÊˆHhùD ÷é“H_-©8úÓG¼’(œ%ÿñr¬jˆ0cFZÜ™jõÜi¡éBÏo.L¼Ôep»ßÊ.‹ý±O®ªu÷~Ù÷›KD¬¸ú`ÊA“=Îù0ƒîhißÉ?[¾Ð«þý­ÌÊZ?ÿ¬ý}àÐ)HHQž8$»wrq‡Â²ß~ËZ_?tê%›ÔÕµ)MÆ9ùNDÄ¤îz‹Õ×ÙÏ}Öc?žÚçÄ•›RºEKD»Ž„ÎŸ³üç5«Ž‰øv×‰¬Jí|?Nä¸Üý¿zI¯¹am‰öplbF´),¿¹f!Vþë?Ù¨³·£Ýu,\wvð?ë‰H¥`«iˆˆ8}u­÷ÔéÎßðDæ¤ÿØ?¹²Žì:óeçEF$ñF³ò×GŒó%›Ä‘gVüI%E?˜)s¦Uæ=ÇÌÄÄŽ?§Pçù”Ñæ?è*¿[.afÊÈ(VWqøD… âùK+:ôvQìÿ‹,m1T¼[9m™¢¨BæRDVUùû
ò)Ä“dJçA“và­4BÄLÄuÕzÍ.¯4zI?Õ›N¼á…ðÔ?m‹(mU+rdÞ'šqŒWû?"aØñ¡’ÂÚ°Cý?›{?Í]Í-+‡èÛsß/w^´~«CŸúr\±¶?Ó—gô¥+7\.waaœ§žº\î#¯¿ú¼ûóž8é<ç)„€Ÿ¤wà‚~’Ì}KŸ…lçÿkD÷NAå\MáAž•ŒßVhÒæA?±q–Ï¹K@`ãò¼M1ç
ñk"øa·'áAâ¸}†(èö0*e"ŸvÏ âwúX?bÑ?*?›Uªðñ=§°×V¨Vô/êZõu$öî¨"¢û÷ï/då?7âêÌjó¦ò––ö––ö™o3Ò7o*OÀ>Ä,·€ñÝ7e˜#}æQþ¶®«^uUaR2Ç?àyzm¤.CùïóÄ/;[7úYjÂÈâß³hÞ¦˜s…ø5™m_±ƒš»¢ËOúƒÙ aD2Í3MMá”«nJñr+T˜$
/âÄ§V)7o*ßL‰ˆ+…Ì”œU?têS[‡—ˆÈ”§øUmÆ‹Z°ò!ÀÂ%íL*Ú¹ÜÕX±pÍ
b ñb ñb ñb ñb ñb ñb ñb ñb ñb †]î
Àâtû–»
?•|¹««âÀZ??'0/.€ÄˆA<€ÄˆA<€ÄˆA<€ÄˆA<€ÄˆA<€ÄˆA<€ÄˆA<€ÄˆA<€ÄˆA<€v¹+«Z˜÷º-ÃAžH¦Ñè4Ò—ó;Gðxb¥2F´Ü5Xb/çŸjXVwî6öX?é›7•Ï±š×võôðÅ2éÅ¢?s¨—˜µ¦j“,¡µ‰ð? Ÿà¾»à,7f¼ƒ§>rÒþ¬%ŠÄíb-ãC#™õóŠÁI¥Lœåó’ÌÕDúI2ã×-ÂBÄÍññ„ù€Àr’•¶z…Cþ#cfÛÁs,ÎTÀ’Z‹¿{°@.·§Àý¿1#]­RÑ¥+7ž´´oÙTþ¤µ]¥V®/È?»m`ðÌÇŽ?íü$M[$¸{ûÎ´¹x“,¡ß<¾æs=Myí»{O}ä)~?¿,Z¤"íÈ¯Sˆ•&¬üµË×sãü?VAª‚”µ­vk–|J7'4ÒtýÔýa…‚ñzU›^Û]ª•EüÝõß]n
ÁÎÜóÚ+Ùòe;‚U.â·Y.žsªö¯ße˜ñ¦0zï‚µÎ&R3—FõÓCFCDÄ;úÏ|á¶)EO$ykúáò$vZ™]Ý_~à•¢?‡r^ÍÚ»Nö¥­–«¾´PÒXTJ­–ì.`‰"¾ŽÀÙÓAM¼‹²k%Õ9S?œ=>Íßµ‘RBždù;G—¥î°F¬ºß:H?þ?ÁSß~gÌH‹¾T«Tj•2šÖænÞTÞ?`ŒøÞú‘z½êß÷Œg"bT¦ì¦vÄÈ¸ç²añü7ê©êÍw3$D¡þ›§ê:õûr&]Kzx®;ýÍ·jÔ""wÓ™<Lÿq¥NDÁÎ7"›Þþ¹‘!nþýF§a¯a-ñË½öóUQùã¼±Ü|j2þÛAQdäqÛ÷F~µ%™h¤þ´7çDÁ?ˆÈýðÔ@½AS­Ÿ”ú¶‹×h×?š"aèâgýO¹ùÜ³–¶J’¿2í»Ð¬ûž¶þw¹‘%âƒuóí¿`s'~;"¶z¾3GòÎQ–(âl|ñU†5ñâ»t¥®fÏ¶É½ÿh6¨Ù³íÎÝÆ?ýåk—Ëóöžêø»:#•ûS“g-=`<p±!ØãéMÒªjcQô419ê?³SMVFoÿÅ!‰6¤Ø’ûéª¿æhì<J±y?ºº*]çèûÃ%ŸËAþÁ¾?4‘üÀ[&º×zžt'ôîó×|­¦ÔÿØ)®ÿÌN5UcgC-÷ZÏ“îÝJí”š8H¿Ž«ª2$÷vŸ±QÄv²õ­×½[ISKðvÞ¶\}²ùÅYYòê?™&…ˆˆÈk=Ò—sHëo°Ýz"x”LQ¥~oÉê;÷ùÌ‚–ŽÁœŠ½ÑOZb,Z_w³Û—S8~%ÀÞûTWø¦:ÚT–fü­ÃV©KõuÚ
*j¢?É(.½u£ÛgÎÇ„„c•yï’¸÷š³#Î»£?˜Ê·¢y_”¼>)ëC§eK²ÁæjÔk~©‰}jE’ÿÝ6R­×Žoæïu÷¬O9ûøR++†/vyóƒÏVÚêè‰”0û¢_¬´x“ïfŸ[<þõÁ÷6ˆŠÞ‹¾iŠ—¯¢°&àïÄçryÔª‰sÿÑlpäõW?iƒÑÿG‡Íäõ[x‘I;ÛƒPïµî¿Z¸ãµëŽp‚»kðäg]¾·ò*µ"¢°ßn½ÔçÞ¤?öGNûù¿ÙÏk”G
eD#u_Ú-•oïWËÈgy2Ødáw­K?qÌÛtÚò4?íH¡ŒH,#êõ„;ºì§2”U‡LÑˆßž¼{Þî ðäš=d:¢`üŽ¡ú6g~Uö“ýÔg¾üýYÅ"VBä˜T‚ûá©¾[JMí±Ìd&do´þõÓ®ãï›Í…GlÁ+†ÊwÞÞ&ñ[¾8i­×¯ÊsŸÏfÄÞ®ÕLJ¹R;`w?õóý#Ö°:c|p:£P‰íN?¥?Ú»“´Û&6Shv×Äf?H³ßÎÐë·xÙnì%#Q)œ#^R9‚n?jüW?U0*[ÀM4þÕ1béS&®õÈL‡-@ÞÀ³•¶Z„}¡Î{Â?Ÿä¶(‡?X":ÝÄW…\%ê¶LúÞr‡Ýdœh™^cX[pcS˜ß?»?ãÙ`rN˜k±:~t rÚ®Þí=˜mÖp2N¡+\W[>UoÏ /Õï-Ô¨8N¥Ï¬®Ýôy}½Ã\åz?Œ£0”˜w­“IdœDÂ1ÇÉÆ'>2Š½ûŒf­bžAAc5É×*d—l0Ø¦gN¦‘DÉÉ8nÚA¾×~®—Û·'Ã àdœÊ´%³Ö8wodìýHVUV•A%ã¸äu»×Gzmžµðš!!9i¢W/•+B“ßøˆvò?RžDa?ˆ„PŠzb3‰B)‘Te˜áM’IÝt©:%ÂÉÒp‹•¬–¦|:<O:ÍÄ¼ ™’qóág.mµxX/lq?8x/ôy]ˆˆ"DÉê‰^?'§i_B–h¶¯T€DC<€ùÝ¾Û¸¸l bIp8ã¿Ç;‚­zyŽfbeƒ‰£6ÿxÛ¤ŸxO¥“#è&"ER¹9pêd×Ã®a»74³Ø)L2Ý‹w[5\†f«Žq;Bî¥i"tÈLfÆ2àwÇ^2úñÓßœLAMÃ?E”¾Ê‰ˆõ?¿ú¼SîcÃ°"‡kR—Èã%1CDŒdØ5±YÈëap‡Ùe b{Cî‰—A×°ˆ%"VÔãœôCîá4åÓaY²;½ã/ýAÅŠŸ¹´U!©˜ùÙOeyV¡“n¬§ü X‰DD#.~|?€?¦…¦'‚sð¢ À<ž´¶‘Z­œœ.]¹árÏúÇJ!3h¨Ó?ð|˜¸ß=|„?»ö¤B‹Ž˜ß­–…zF/~Ùþ›Û›?Ï{Z1Z“EÝfÕˆ#žqeUžàL¸d]®Ã3ñCãrX³u“F•Ë’ÓÅ.Ïxò¹†É •¥è²G]ýËÑ‘ÁtÝì³Z`‰(dïïº‚#$MV?J+U9Cã—þüÎeÈ&?JÖKlÎàøË_¬W<si«‚\'ÕŒ‡ÈD7Eˆ’"ûÈÄ‰ÓÉ3Lºö©§©È3Ñ2/²¾°!À<‰èOŸ}Ý?`¿nð¤¥Ýåšý\Vrñ&¦ãÚp§0my„x™FbèØ'½5b‘™[@??K6¤WîÌ9ñ‹Â«þzÏÎSô¶BDžëïˆ#ö?Y
—cXfžßgÅË+ÉZ–zýö‰¼Ý&¨ô«¯³¤†œ´–æîQ$Ôÿ´#Ýl?‘ßÑßçéLùöÆÇ±.’óióP~V
I2ÍúÍ?ÁQ°¯­5Íœ‰û½0¼Ûb·8y¢¤œR¡þñ(…GZœ¥jéÕå6g£#úènz,”¯K""Þéè´xx"™I•uwäi BD°7=aLÜbK[UÂÖ¦À??úct„ŸVŠ’ˆ¸,QÆ-¡3ºÜ|úXdÎbˆGGÐá'"ÖTih…‰ˆÂÎ¦e>Xí0»æQX?«V)sg›ˆOr¹áxgß'ŸuÙ¯/Ö+eLØïmº=tÑ¯þ·ÚÔÝæž+×ÑÛž:.^ªkSçéal-Š¢uJ–ˆˆ÷{"ªØY|N•"jz<j/Qé(Bq†"¨2ÖÛ¿j¯2èdi±Þê%Šž´Öj«Ì=W.[ÉD}Ø)ËK&Nš¬ÛFË*“¦]?™µ{o^m=\ž$£ˆ¿·ïûfï;8™½ ²œ]û]ç¿úÃ©ÂäJ÷ŽÞÕt´íÔzó_¶¤§V.¿zî³/HAÞ°~çk»¢S5¥9;~äúî/Ÿ=PÈ‚^Yáá¸«é±Ük=ÿ„BNòtµv2TTSPevÖ5å)N”([2ª¾ø¯?ª)BÉÇ÷Eì“«?ÏŸ~ú;‘‡²j2èEDäïú¤MùG”*.íÀ±Þ/?m­SŠ\QÕÑuù‰UÚê¢–E®ÿÑo•?2D£jÑÁ£R9É¸]?œÿÈGM>•ýXš+#"¡å?Þ§WL"}µ¤â\èOñJ¢p–üÇË}°ª!À<Œiqg¨g?{LDDª²#ë’ï\=Ùw*zzž”¨¹?]F¢¢Ú4×iÛ‡8d
²âêý™ÖÍxœê4,zÒÿÛ“a¥^LÎ°?CùvmjôC¥þpÏà}ð„ˆöžXŸ3}K.›¶ãôÐ~0DDÅ;Óv—þ)ö–¢¨ÖÀ_üÝ£n"âÄÕ;ÓŠˆXJ®ªu÷~iùÍ5±ò_ÿë¤e´»Ž„ÎŸ³üç5«Ž‰øv×‰¬JíêëÁ,VWqøD… âIóÒ·ü÷‰ýW?³ëÇ9$ðÄLùë$ÑUnü6 IDAT~·\ÂƒP,!CeÁ»•Ó–)Š*d.Etn±*_A>…x’Lùx4iÞJ#!DÌÄo±j½f—WÍü¬Þtâý/„Ù)ß"J[UÄŠÙ?÷‰f£ÄÀÕþ?ˆÀGv|h‡¤°6ìˆÍ¤bs²¹«¹e`å}{îûå®À‹ÖouèS_Ž+Ö¶¡QcúòÜôûÒ•.—»°0ÎSÏ].÷‘×_]`QBÀÏ³ñn"òÄ‹|âX˜„ˆãâœÚ~’Êf?´áÁøÎZ“0à‰“ÆßDú‰?v_#€U'âwúX?bÑ'7«T!Í=§°×V¨p*wz‰:{wTÑýû÷²òÆ?qõfµySyKK{KKûÌ·Œé›7•/¼(†“Åï%Hd\Üås³Ü,Û0Üœ“ŒE³n8kMÄ,7û(Fº¨9Í/'‘lÒmI?SbBNˆ*œ‚€ñâS«”›7•o¦EÄxÙ!”@âÄ @âÄ @âÄ @âÄ @âÄ @âÄ @âÄ @âÄ @âÄ @âÄ @»Ü€Äéö-w 4*ùrWV3Ä€µN`^\1ˆƒx1ˆƒx1ˆƒx1ˆƒx1xj2ÀK,äC¼G"Yîº<;‰Äb‘„e¤Ò¹z&??Ôn¥a…ŸãXÅ"JQSn:•›çZmÙv?m?pø?x)…ÃŸ?(„ÃË]‘ˆPDG„`8Är™T,M[Áå£ïÈîLÀ¾Â²;Éî¤v+í« µ|Æ
+£açm€%‚ÁE/¥•Ð…M8!öùƒ3—'*LfwÒ÷q–¯´†?­M–âÀË'äWT6?„p8ä'/iìL|6ˆ²;©±sÊ’•Ù°3Û`é ¼|B¼°ÜUXBÓŽ®Ýº„ûšVøŠmØ[1X}^>áç™œ»âM;ºa×îkZá+¶aWlÅ`õA<xù¼Ô÷)š×´£[ÒŽñ´ÂWlÃ®ØŠÁêƒx1ˆƒx‡|SdV5<`Õ
´ßø¶Á1þR,U™Ë·lÌšñ$°²7Ÿú¡ËPQ³=÷YKXj
ÚZB%Zô‡ÛK·›áÆ¯nZr^Ù¿!E<iIkÎ+Ç7¤,¢˜p8
3VŒ³µ°’ ¬nš?{^ÉR?=?ïß¿S§Tí+Ð>[I¦]ÛôŒšKx#‹~ZHj1Ñ¸Âáê¸ûÈPSžþ]){ó©º
¶.OKdÅžâ*ÀêÆˆ9VÂ±uJny¾?6‡?x>
S8ì¶¹üDDÑÿÛ,#ÞhÏšçC?IOøP€KTÉZ­Z6Öy‚.›ÍfsÆ;ãáp(ÀÇž*6ùÿDa¿sØb.á3ÇzhÐI??4²d{˜L,ZoÞîôÄ7ì±Yl#ž0?Ê¬Ï‡|˜çCÁA~rC,;\=XsŸÃ>ìˆUŠN#cDcËý!â$ã/Œy±TÆ$¼`!"ÉÒT;"¸†¬®§JOÕ<ó.¿Çå!uªrúÁ'¨|€EøýDj‰døÑùKÃiæ?½ÓÎÚ| *eðîÕ}…’<>®hgužÿÑ··lÅ»^]ŸJDÁžê©üHe¸þÜ#ª¨Ùž+>¾t£ËÉ*4äáeë·í(McÉÞ|êç¦ƒÛÌ
"oý¹Gêí‡ËÓÂÃ?W¯t„4rñþyñk5ÙŠ¥9¾KõDDYåKSúTi%›Œýwï^}¬yµ$er*ìë¯¯»a£dŽ~IÞ+»‹¶»oØtÛn6Rý¹}É¥{2û/6:ˆ¨ýöùvÒÆ`@<XK"Î§×/^jökô2†ˆ¼~» Ùºoe†ŒÈZÿé:òö¶ô%Ù³õîç_5¾ù/[Y|ÐÑ|ëÊµfOÙÕŽÁ@˜Ytì?´Ü¸P×ïÕÈâhCéö¿¹?_µÈº;/Ÿ¿Ù!ÈŒÛj¦Äƒ•° îþæÇ–ÂÞ¡îAw@¶ncKÃD£ñæÝÇ³äD|ÿÍÆNuéëÕÙœ˜\ÍWÏ7õ›«×Kû›:­©ébW_›Mœ»Õ(¡Þ±2GZow9?^ßd”ˆyËí?Ü~šùZQrü
ŒôµyÓÆf,„ü¼äü«Ì[ËmçÜydØ¿abq¨¿ùÖ€ªêÐÖ,9‘³íÒ÷-}9[³¶T\¸yëÖãêé‘®«©ÎÖJ²?«?ÁE°ò ¬!ö†ï.xò~üË:ilIÐÞr×æ¦ÙRï:}Ó‰®K°æŽGg¾}(ÈÊ¦Y.íGyÛ.ü¹3çç‹”‹)=âë”WÿägÆèV‘Pÿ­¯N]oÉ<T¸˜ù˜þ§·~pþèŸJ5KS>Àâˆ©…e¥ÙæNLÃDDÆìØeçÐ@X‘â|úð1‘—Èæt‰MYªG?ºúJÓÕ?mÃÒubò?•åu)-E+›–a Þ‘?ÍT©âÖ‡×/ô))ÙëŒ«$‘Ì¸yÛÈ…êo¨ÕcË\C–°T;ÔúØIDä#qRVZJù®"×ùæ'¤Ýt $eõ4¬Bˆk‡½§Ù_º£L7©“.ÕnÓ½??³iB¿oMVÕáÂôÔá??‰,7J¤)Ý¹eÒK‰ÑœC§œN¢ÅtßGííd˜™V>À©ŒE%s\‹‰I5æÇ~\I,!¢œÂÜ¦»}½ÊŽ?qcnòäéŠ"""al¸¼æãÆ¦$H?¯zÓ52äêko<ß<Ró£’”Õ2ùQœV²£Ây®¡Ù2¾H$&qröúüh`(\OŒ„ˆÈkµ?ö[}æ{ë'Ä€µÆÍ> ìï¿w½®Ùî YvQÕ®?FùØ˜_ß½«·;úGuš¾`ã¶Š‘`}pæZhÓ›[Œ±…þúošÔ{÷?u‰ƒ??œ²fy%Kè¸zºÏX»3ONö†¯¯Sõ!]_¼EBöÖú?ú,Æ?S¶³Œyp©?ûà®œ™IMzê<kmøúZ[ÐAaû¹¯‰‰rvü¸B7yZCæ†Í›òµóŸÇzÝ¤×Ç¿]KÐÑ\ãQ·Ó%‘³Ë¶nÊKfÉ×qõtƒÍEDW¿î“?®âÐžœ¹.ÑÌU>À’KÎ0sOº:,¦™*±àêUäš”Ä¦›s$ß7>“q‡qêÅ?¹Þ˜BwŸvØLE©4Ôüh?4Ei
"¿XAŽþ>gf63ÔÜa£èõ„àH¯[š‘¢W''‹œíw|þÑRü¸§RuqD#¥š2
¸©nN L£0oØØ{åîp,-%gd©Û{Ûú?³UïêUeƒ?¯7Œ¦UìÞH?çêU»ËÓXR©D–[a’J,–KpIVÄ€µCW´YwçÚÙËÁªÙzµ"ÎpüîW¨¢ªö˜ŠÜ-—¾½tUsü`žŒˆ\-çþÒ ßYs¨F%Œ>¾ö?¯?¯ß™)IÏÌ~Ûi­4FóA°»å®Íªé°mˆ^’ð´?éÔVI‰|!ŸÝ=“(xmžîëW²ãíÈÞpêï­ú=5µURÁý´îòC«M•þ¬7ôH/©=’ÙrîËîœÝ¯(‰XQÈZêÔ`víþ7uÒ ·ïÁ¹“ßÞ<\š4gAO{Kzá¦8'xë?“—,9»Ós‚»»áâßÎr¸89{Û‘Œ¾[Ÿþ@[k·¦ÍýgŽò^qJYõ¶àí;Ï×‘Xb(Üb&%›óRÚšýyëôÓûró+¯„êê¯þ£‹ˆ$ª¬íÕ9
"JYW‘i½õèú©Gbcn¦žzˆˆÿpûÝ†Û¡0‰æÍ[?K…U”ŸA±£¤<%/"?Xn®®r]¸Ù}¥/Ù±9tëÁõSˆHÌ¥äïHë¾£‹r^Ù–«Ó–Ý®+—nÜVïßfV‹òº®·Ýþ¶ƒr·Úh\-—Tà%‡x°†ÈóþBþ ®áÆW×ýb´™éE¥›Š²4Ò±œ -Ü¶-OCD$+­ÚøøïöaÊ3’Ðó ÎQôêþ"CDRÙ†ý;í¿¿ö°èg•:]V‘ìB»E0f2DþîkiU±µ¹Ç^¡Ó‰ˆœÝÍóÖWãôŒgÛQs½°õÍ]EÑp!+Þ³Éñû¸Ÿý€Y‰T&aˆadiôÜ½ói]ƒ´ú§[Œ"’Hó¶ïs~þ÷»?{ÍsÌ‹pµ\¿æ*<Rg˜?«µþ?´âíÍF5‘6Ûn×_ÏÝíÌß—#‘2r–ˆ¸±]?SùÏ‰ËÝv<7Îò”‡?OšMKb¹qË.ã¦pH ‰dR'U?SófÎÄKEöö7³ÇŠN)¨9T ð!b%—$åÆª=onâÃ"V,&ª(#""MîîWsÃáPˆ$ÜRö€»è]KXü$)åož²@’RþÚáñ&)²6Ôdm‡xbb?<Û~t¬ÝˆMÙ°o¬ñÙ”ò]GJÃ¡ˆX’øûº<#äT€µEž¹aßáãÿô/oÿË;‡÷&u_ùæOW;ƒcït=T¥<‰FÜ>"r;­¡¬lÃÄß.©!+Ûeñ‘.¿Bù¨³_ "_{O^AE^‘üiÏ‘«¯Í^˜•ïoÞ¬;¢ÌÔIOkb´ºÌ„¾àtXõ9™“úá:cuÛ³oâj9÷—z¦æµ-ñDp;uy™ãSI¤3æPûððÂ«4gù/–X<%,ÃÆé×2ñ,/m6XyÄ|²ÙV–µõ‹
ã™F—Wù£×KÕ--Ý¾9WåƒAbØß|˜ˆH?™—ÞÔÓ'?¯»m¨Âœ.ÒdÈï´[‰œÝ-¾ÍY+ê¯ž
’D<½J¡Y×÷õþp¦ŽvÎzËÑ°$Ž?^ž°àçµÎW>À‹†x°–Df,‘Hç¬Ö¦“Å>é1¤Âˆ½O’¢?Þ”S“S–Ûù´ÛÚÞ<Z”¥#"uNqvS[¿µ­ÁŸŸµ¨Û"©4é’žî?‰ÞzÐÒÓ½˜â?H9Æ\ªIÒôÛ“n²â¶P¶&î°ÁzûÔwÅ±ƒE³öÝ%êIŸÕ6)8íÊN™{*ÃÂËxÑÖŒ`çå?~}¹ÉêòÇz³‚Ózï‡K^aöÜwØ“f•V
·êÙ£ƒ?‚ýõu?º-…c"“e¯Ko½sýQ¤$'6g 37«çÚÕ§òŠ¼ÅÝ4•ÉÚP­m¾ð]}·ÃçwÚÛnŸk?u<¾
úCA¿?'â¡ ?Æ;i/UiÕŽæNEÓQjaUvÿ?úN_408›®Ýò”–Ä¹1’`¿wêé»wäJ£;
ý¡™{ÐåoÈî¸[×{ö‚ëÉ?:‡¹Ô<ÿs$X>À†©Ék†Ô\}X¸{ïúß¯ûÑ%IvÅ®_l4Î÷´2&}Ó¡ý?\üæ“‡Œ’¼AqvåþÚ’‰~»Ô\Xzñª}GÖØ?wdÙ9éÚÝ;3=×V]xðÊuWNß“js6ìß¯¹ô×ø·ñµ]üäŠ=öâÜç?ˆ(kË/ã<VLW±¿´ïgþÏ"Iá›ïmÉß·ßûýÅ?~t“S’WP–î<¼Ógò´½½É"ë…¯›'-ÌÞýÆáÂ©ÏWS|Ýwîü7ÿçŠX!„­¹æØöì|³.´|€Kôí¹ï—»/Z¿Õ¡O]Ðð?eg5¦k°ââÁ?@b©t‘ó"B0@RÙœM0úèïŸ?VýóöìçÞ§à7é^®!¢E·ÀøPP$I`yss¹ý‘8ãW‰Ôª‰«p¿ÿŽÂKv¬býó«/WlÃNkX^/QGbïŽ*"ºÿþBVÞ¸q#¬QŒTò,=c³ÔÙÀÞpé^·Ã?à·?ºùÐQš•™ˆ}2²©Ïy1‰ÌÑ›¨"À$ÏxpÉ*2íèRÔ³¯úÜ¦¾bvÅVV.€D—WØûÆ©+‡ŸH"IÏ¯üIÕÊº÷À
!a!ø¬?\ñ$So–›NvçRí+7}ÊËÛ°’7IX"ˆ°’(?{ŒË]€•O*eC¼ „WbGö91b±T:¥Rn¦vë’$?†ÊÍS–¬Ì†?Ù&Kƒ‹^Jr™”YÐc·^&ŒX,—Å¹]Â¾
Ò%úÁâ:í‹w6b¥5ìlm°D?D^Jb±H©à‚A>ÄápdeN¨] ‰Äb‘„ef;G®–Ó¯Pc'µ[iØõ\3•Å"JQSnúôë+¬Œ†?·M–~à^bR)»vº?åæYûô·¦`²tí–âÄ @âÄ @â</Á
òË]HÄ˜‡àsÝõÛZÿéç¿¿k}?5€¥‚xs³Öúyýà+¤W½sâŸ7¥¿À*ÀRÁó>ày12³Üu€„@<X[|êî·u÷…™Y[«ŠR%DDƒþ^G;êû¯×?ìó“FW¶mGe†Ì×qõtƒÍEDW¿î“¥–ÕîÌ£Ž«§ûŒûK…‡7>—ýìP¶åÚÙîÌC{rdDDi»{«¡»ÛIÚÌüêêJ£’¦/OÓTTUd*—µ% Ä€5Ä÷ôÜï«|cŸ†m×.œòí=^™JÙmÝ×®ú7¼òêÏv’³íúWß^W¿³??{Û‘Œ¾[Ÿþ@[k·¦‰ÅR"_Ègï{pÁ•½¡êÕ­*¥”ü?ÇˆˆH°Þ9ujhý›¯?(#ß`ÃÙ//møIMŽŒ‚×ÿvOU{øøA]ÖGÝ#ÆâdÑr·L…¹kFÄúàúèæšíÙ†ˆm^ueÒ?¶ñ)ÅÒ¢W^ÉORJeJ]é¦Íj«ÝAÄH¤29KÄr©L"•Ž?!ré«lÉ×i¤²©£Š<mwï%Õì.ÕÉ1òôÊ?¥¶æn9lýÚâB£’!#Õ+w"¬D¸z°f8í}¡”‚@ßØŽQ¥Ë‰ˆº¤ñUåòd²¸<”1ËøŸ¬t}¼/ÁaïÖ«
†úûÇ–xƒÒî?›H©3
g.~/”õ:­FŠÉ
+âÀšÁƒÓ–h‹?¤%I·!$’O^¢0UQ$“¶å§?1w÷õµßx¡Ï¯(«yss:2ÀJƒx°f¨µéÔÇ¨?FÍ¢6c85ÂZUªIÒŒø£1nÇ_©Ë.ÔenØÉw^þÿn4ç¿Qšo5X>˜{°fH³J+ƒu7ÙÇ."í-?zýóm–”œFÛ;ƒ¢¹ŽFDD©…U=×nuú¢kFWßƒ§CDDöŽûø®ü>/Éœ?Xyð÷`í`Ò7ÕÖÞ¿ræÏRë3†¬ª9óm%É©Ú^pþæï?ú?H·ÿ3çZY™¿ï óú_>ú?”ÞÖ˜wî "âÇµ/ÿÒG2­,èðÈ‹öï-Â}MVÑ·ç¾_î:¼hýV‡>õå×b5¦k^¬à'asï !"É‚7‰Á@˜™¹!ÄRLL€—ÙKÔ‘Ø»£Šˆîß¿¿?•7nÜˆ«k#“,zéb61Óïy+E‚h°’aîÄ @âÄ @âÄ @âÄ°ýVÇr×V6E«^î:ÀŠ€ÁEƒx1ˆƒx1ˆƒx1ˆƒx1ˆƒx1ˆƒx1ˆƒx1ˆƒx1ˆƒx1ìrW–ÐÆ?¾2®@âÀŠ&Zî
À4«û¯3âÀŠÆ0ÏË]ˆáy?a˜å®ÅB<XÑ$Æà—»ãðâÁœÞ@"ËŽ“x|þå®Äx|~Ž“,w-–P"ã?åÁ?z`I`?
pÞÖ6ËJ%ìˆÓ»Üqz¥VÂ®æ›®ÐÁE?þ;gÿôáÿïï>üðÿ~ðÉ×Z³¾¶Üúí·¢™ÄÛræ·§[^L/jÆ¾øÞº?>¬ë?føÞº?»k'Ë|ðm‹û…TV•RÎóÀòqzy^P)åË]‘¥µ”ÑÇÙ~»™J¶æ*¹] ã»O¿±—}ëß²4Œ˜8úïujõKTÏ„`M¥Õº?ï6—šÊ4ã}Onë*ÞÕ‘FñÖ1§R¶¬5„—Y’Féöø¬öQ¥\&ãX–]ÍCVžüÞãóK%l’F¹ÜÕYrKœí—ÏžíÔ¾Z²è-í?o´ê÷¾U½.ÚÍf9íº-ûÖÅÞóÎ!‹“4©fÞ+!¯ch8À¥èµŠhgJx†ãÈi³xÙT?V>vøÑb¥^§åÆ›$ä´Y§®FpXl¼"#5N»irÊK.Ül³•UŽåg[cç¦Í5ÉDa©F¯/Yð9lC‚"]§‘…ù@H`9.ÖÝ"nlM>˜ô¬m*¥<Äó?@Èë‚Yîú¬""†a$F­’¯î1Eã–æ Ç²Á±W{é€Ü¶».ß¤?ùŽ`»óíÉû”Wœh=kM¯yóµ<M¼ˆˆxË­?žíÒš³Œãì·þÍG?mÔ“·íû?19L?Õkmgû4[Ž¿¾AÇ„,·¿úvÐXžÁ8ïžsæ¿y¼DCÎÖœ|Èæ­Ó?gmúCG·r¶}÷ù¥AÃú\în]€ÏØ§<gý–‹gŸöVèMñ½?nz7]ÇÑà­?§ÿs»?xËí/¿³JÓ™áúo©ìØþoã§ß1Gß©ÔQ íòï.)?üSµ‰!ºë>|¤{ÿpñ¢ÛÀ64ºÜU€•.BÄ/>p¹ëò‚,E<p4œ=Û`!²|÷qÓw3ß6Õ¼u¬<Nï?†xRÄËfÎ'u·Ø¿¨-Òm¯xøÅÇwÛ]“;K)¬aÓ/ÞÛ-%Wùç/º7êÓˆˆz…uïý¨XCT]rÿËOow¾fl®SmG±‚¨r?<¼tEYóË]&4|uñIþñ<Ç­Ó¶â'¶$D¡®kŸt;gìÔT¼]ÿ‡‡?Myr
t=¼­ßøÞÔQBoÝ·ýÅ'Ž–iˆ¨<óò'zsv­«¤“–J½?FZÙÔÊ¦Ž?*“‰ô¶?,)ü²ÁÑ§&-wVœ¥ˆZó–â'ß4Ñ–ÚC›ÜÌ]Jf.›ü6Ã’—Ÿy¿"?µ§+3¿&v½@£3ÐE‹cÖx@$¸zÛ»lî Q`?„Ô±“ýyy±AK¤5dQ?c”òR3KlW¾»ä033Œ™zëµuu)HßxËFDDN±Ué'çP;åÔ¢·±’èÓŒ4#%”_}ÔáÌ+¡¶GÝå{§]Þ¶4y)·íntŽiÀ¯pzýdÊÝ˜ò÷ÖÞMM‹PþÚN×m=[M†î§?eëwÎÙVµ$ƒ‹495Gß`N~}¶N}âÕ2íâ†Î«ô:ûÓ^GIòÔ+,#£?>¤'L¤`¢Yîhäh8ùYoÑ‰šR5C.¦ÿáøÕ @0@=#Ï‡ˆ‘ˆ‰TûßÉñŽÚm¶öº¿Ô?ü¤œåH­Ë/-ŽuîK7°¶(( Dsg.*»tµÕ¦£Ïæý93:÷¬‚RsKJ3£¯JJ‰åˆ({½þ‡KqR­¯Ñe¸‹Ï6wW„Û:·”Õ¬‰n°R,Õ?M¹ì]Gß(´wÅ9Å>]ÅÞ?‹g/·Ø<Q˜÷:ZëÎÜ±q™ærÇ£–Þ‘·­å¡¾<;…H¡É$‹ÝID¤ÐhiÀfˆˆA'£MÕ)8ŽØz;&Jïmj²ˆˆmÍ?Å†"§ÝbZÃºÂ­òC£AÎ?[amî"Žã8Ž#§Ë#&}f±¾ùa›“ˆH°55??_{ÆT¼‰½súw
fÞjIŸYlhnê
Df§—'"Òä•fß¾ú?®ØœLŒ©`C×?ïîÚ7å›0)^¤%<;Íeo?šý,2†íGÌ]ºôÅ‡g"¢¤ôÊm{SˆÓï8>úÝ×~D˜œí¯W"?©¬¢ñìÇ\­>ñ¯•yÕú“§ÿënö¡~½p_á…3}žªáRŒù…çh:Nü?/ààu;_?jbÉël¿uåk›\£ä?NUu­YA’Ü?G?ß?ÿøžÓ†dÚ|¨FGúû·ô?þø·uI
MN™!—ñ«¯+Ù”}í4íÌ‰7oZ¿ùÐ¾«—¾úíUVÁñÚM»kRµœ˜8SaÅé>vXÃºJ”•ÝIDAT¾îIqÍŠ¾“+¬B¢¿s.QeYnýös:ö?·U …ù@˜åØéñô»¾<1ì<ÿ'ò¶œùøiÞ{µ…
âyš6ý9^±ÄóÂô;ÌóB˜?ÿžªó
ñ$ÁÈ¡åÄˆWè3eïŽªÅn’ÈªÆX½‡f½Õè³³ÜÌ.ÜÌN<MÎ³þŠ™·FŠW,ÅyúT"²²¬@‰ì¤*L+X\â)òöýjƒ{Ä·¶Îa3x1Àì0üb ñb ñb ñb ñb ñb ñbØå®¼ï½÷ÞÌ…üñä—¸z°&LKq—àêÀÇƒÂä×Œ”cž³H!©ôÅüBG„`?ž¿ÎÏY¸
ŒTšØZ,é¡Åß?ÀH¥ŒhIª!øCŸ@Ä(µ©ùô½,¼œ@?fVr¬þÄ&èS˜ó;F¡Õ%É§¯{—•§êµÒiõä?Cƒî ‘T?žªžµ¢B0H’xÇ8¥(Ïèð¨—'âTi)š…´§?S?ˆ‘SŠ*Âˆ‰ÑÔ_ÿÉ"R)/
Rdþße^ÏXÈDžý³ˆP0$z®ŽÃ©4A¥E(1’È3ÿ„,\8èqÂÄpš$µtö“ìÞãñI¢LI’¯¸sñüñø5„™Ùñ`Þÿâ›§²TUô?°à²ûƒ2Mñ–êÍy3z6e½óç‹ËöþjKzb«Ÿíþ§§éGÿ´9m9÷´]9Õe>r _¹{O_ûå¿v®ûé?BE¢«q¶×]¾ÚâWëdùüC‚fsÍîùâË²ÞùóEª}këÌÚøÚ/ÿõíLÌ§àë¸üçNóÏ_-˜^E_ÿƒ«×ïKRU‘à²‡Ôvÿ¨2}¬¼wöÌã`r’”ÂÁ—jãk{7¤J‰ˆxGË­kuÁä$)yG=Bææ7ö¨gü–¶;_ÛjŠ{ŒQ¼£åö­^6·0[—šL®!ëýÇw‚çú?åEÍDwœ$•’\DÄÓpX”oŽl`E»ÇÖÓpˆ’8;Ñ+ÛÃÔ,:CôË²ÈÜÍek?¢É”…)Ù´Ý4Ï†³ò‰¯Þ$Ê¡ýæg-aÁlÍ¢36Ñá½a}BŠó‰¯Þ¤u¯DòXà™ì-m]±œ…>ž3n+L?Ó“öõÞ¹Ù3ÂJ9†„@+¥æl-3ÈWX|?&„¸Ùñ`™äW¿1©+j½uåì7#{ßØ’þLgîÒ7ÿüøF&Qçâà¥7ôðûKÞÜ7Þ®Hû¡µÞ·{èYâÁìä¹{~¾ŽØ¥ýÁ†\¹¯¾s`¬#îj>ÿ÷+w2OD»òBß?3méOlÍ?¹žžÿâbcÆ±Íi‘Ç:(ßüÓ·?±¿ÊÁþ['¯Üh3N3¼õÎµÖ"Ól5à­·¾ïÍª9´oì@å
mZVAÐrçò}Ó¾Êx¿³QãQG‡w„SÆ?‚añív¿9ü£ñ=ÙÅŸ4ÒöíSzÉ¶…7MjäGó¥ˆE?‡wí³äÙ€ˆôE‘·
#øÂ‚—?:âË(Ú›™ÄF¿R¼=õ7Zžêª‹R¦®qu4ô„s*ö¯SñCÍ7[ö%U™úõ›³eÌ=X¤©;lT?¼r«Öasc¸5²^öÞ'þââÒÔIý/ijÁÖõºïGÄH¹D?ïš?ÉÜ¼3ÒIzuÖ:“0êôQ°·­+µ¼(cìHÕù¯l•µ¶Y"¢¤¢?•Æ‰3vR£ÙL=#î©Åï×õæ•Íºÿ`ï?ÇÉÛ7gHÉÕQ÷ÍgŸÿùäWŸ~vº®ÍÉ6ïÑ¶ÞêÎÜÆ×%ºÇSMåD6 "iÊÿßÎµ~¥•eùßõê…+/á¢BD|Dâ#,ÆÄT^Õ•IMºS«j­þóz­þÐ]3]3éÊ$U©$“Wii‡|+F"A?—¼®\¸œþ ("¦Ò™®šÔ¿åáöÙ{ŸsïÙ{Ÿ}vad° úÀ"ˆ À0¿Hf€Ú^fQUüR¨mê8m,úêµÍJ$3|y¿dÈË«[?Å0D-×Õ©Ž¯‡Ò¿(³ÿSTŠ*ªø0 ï´v»îo@Ø~írÎ®¯'Ñ o:kÓÏÍùÍ™©Ïº?W¯Õ{l6³š¡xïøƒuÃ•Q3$˜™šò„ãy©©Ëî0„ïOÂq£¿à×žß÷.ZÅ…¿Í¯úsõcïGö.uq£æýs/fÝ±ŒDÝÞ7t?8AøÀÌ?Sîp2³Õ6tœ‘IÒ¡Õ•EÏºk
¥ùÔÐP‡š€ðÜ?_áü»D¤¦.»£¿h·½#q@Œ­Lí²}¢Õ6Ðy¨-ó¸\³¯K‰‹¡Ùï&r¶gû?¸é¼3'»x¥[UªFƒ±wÐÞ¥9ÆZÉø§t®†v²õJƒ¥o¨g?í¢&±ürÆ?k©&+ðƒ½i}åŸõ²uæŽ~{ûÛV„Èû§'œ?(´§†Îžnf?´çÙ£5ýØ¥å~·ä«ÿ~¶\;ÛZ˜â¨¬¶½«‹w ÉÖqMæ!‡M¿ßqOÞtF¢6uÈ‹˜>:}»3ûYo#°5s{ŽËÚ@9Ï¶}++ž@(?‘È–R…¼x>9+Ä‚ZoU–´*t˜
…-Gí>®ñ?NÄÐìó`çåëÚeçRåÑ²¾5iß¨bÈù­‹½õ…ž‰h€ní®æå[Ê¢¨Í-È›IËÿÒËûjFpÞŒ¥%x2¨¯GOw¡Cµ×*Äk^.ã†EO7aÖ(GFŒ Æ)œ,œâ€HÍ?eŸ!›sÔR
¨CwéÓòÔë%j>Šm ¥‰w‘ýÌj>Xób¾ÝAO’Ž”S»x± ÷Õ<ŒàòéêÍ4åãHOžšôaSD³Ã§
ª]Õ*ê¥^l`+?F5†Í˜Ÿƒq pâmAXjaœBÑ„©¡"‡'IñmS$˜ƒJŽžÒÖðKœ–TñëA!º:½ šFº´ûáóBøÕøšäô IQÞYàyHIÙ·|"•Sp%žv?B¦äcÑ,då}?\TÝƒ*ªø@@«4j¼Ió1ôòî½hç?«¿½$¿5ûð¯Oú~7Ö*¢®{·z¯_m`À‡W]ž?Én¬-d3i>¿{Q‘÷>»û8m¹våÇ r=ŸðG¢¦½Aò|Ä?ó,or\·3;!×£û¸ÏmdV¾ÿ?yù…K7G•´óL>¹Ã?ÞêÓ¼÷Ù?ÇiËµßœã˜ïŸy<L$ˆ®.ÆeVÇ'ÎïLÕßrh@Ì„Ó¾‰çÆ¾Ákÿ*Cjåù·O'”7/µ±ÿq×í¿®5?Ž~>¦¤…Ø¢óùj{/k1èüæi´ûãk·´,øÐÂÓ¿<Ë}y¡µÉ`¾Yöö,{odÞ»´B›®«~õû¯fä—¯|6¦ Å˜gâñ]~ì·§5GM­|{žýôœ’b‹SOÿ’vü~ØH5ùX°8>ºncrÉõ—On?wÝª:–ˆÌÞ½ýJ;záúey]v{éoÏ<qÈZ+¯‡õ‰g‚møÒçÒºldöÉÃ;™‹7-2£QþØé‰´Û¸=s'ìq…›F.¶—´]ÜWãžö>“VÎ–Ý¸åî5±Åvm@F#—\¿ýhé‹éVìË;è¸zN-Ó¡åùµ„ÁªßÔsT˜>1Nc×¾"¹Hx}b|§oðÒçR$=ãw¾ýQñû?-@,¿MöKviÄ„{üÁC÷õ'•x/ˆ›w¶u´™€Lb­‡s…i?˜­ôË”ÇíQv”Œ›÷;Ÿ­W¯«¨à±ãÅÂŒÎ òf¥¡ï³½c
ŠåÔ»ÿhõõ+±Óx8èI¡Qÿ~òý# „CS»w=7?hã¯0ØCl-Sgj4£DkîM£±?Ü0€áY æ3?=‡LÅÙD4‹Éª§›Ü”"õ†º·@ÉH›©—?RÑfrùaAm½¢þÓE}~¦À¼·æëu\´ÎË!&j&g(þéÓìQŸ¦NšÉ5!?èÎÞ Â6×(QGF†Àxé¢¾¢nuQ7ug#§ÈE9Äõb[Y4ý”=ŸÉbc™j9A.ŸRÔø5)ÃE°5OÝOábi”BHP3œhÀ/Uˆ Š_j4ZeÞé˜µ-{Ñ!àÛªiì?â úEõ)®<‡Og 7
8ÕÖ1 øU¹¢Õä¢*ªøPP[S|3žéiÕùÑŽ¥AÑl“Ía»×ÓøèV¼ÝÚ®fh
t½¶kÄn,óñ·=.?öü%»^Á0Faê<Ïêl#ýM
†‘(?í©`$¡W¼wÔaRÒP«¶ö7ÌxCHzg=²¡Ñ]‚2U›cÈrL×?6ØÙ¤`Ã(ZÛÍ¢/Ûod:‡‡ÚÔ¬„a¹ž3ýukáðîÄÅÀÊJÒ:èèÐ²†QèN;zŠI"üë™iµ}Ìªei€f›zí}!÷Zà,½?Á5ñä7é]XÓ?2+A‚³?&lF€V[†l*—ç¨?(æ]þŽ’AGí†ÅÉ¹h±=¥êsìjRÆu8ÖôÔ’O|?¢Ï=“³;º8#aMý£}ªä±ËAl·;,*#aûØ lÑåIÌ‰NkvÕÝgqÅ…Î.}¹…Ã¶_ýòãVÑ;õÍW_ÿáÿöõý'sëaosb[?ë5©YÃHdœÙlÚ
F…yOê†©WF­EÃ±òô•ƒé²¨dŒDÆYlòà^/IëÐ…~£JÆH¦^ÛnæBÁX…Œœw?àwNxÎö‘øõ¬b®|‘„{r6yÚÞu°É¾?l÷?íËX|z5{'*yÅØ©L%o„•þü¶@”ºÿâÐßFÑæ†ˆþÓ…F9aÒrmyD3°áƒ¨'#fÂ2„aI÷iÒ||>cGw¡MI†h:H-"qà×©Y)Îw–hÒØEzÓx“5ÿýÖB‹hea°3þï¥³»Ð­#,S¡¾¯$#?DÎFNÌHÅ©‘ZñcÀZèÐ†!¬¦0Ò†#i•ÁèÈ ‰°a5…=ÞÄ©š[°÷Z”„aˆ\[±’ªoPE9TÍm²ôf¤øŠÊ¼QY«þÈ³Ÿ¿ZŠÈ:[›ÞeÕÕ±(Ž–û€Q==¨¢ŠBnoocáu­¬=â›x?YÏ¥k0›&'î×ÚúNh9?š=ò‹©DDÛÄ•œ`ª¸ÃY:íA?FÊ"ÏòDdSä,BÀïß¹hœ—ˆ…´­çK"'œ®Rt{E$wâÁX(ˆ¤îÀôhâ¢¶õ¬Á40ïJ<ß»JlB‰Î¨‡ÄH8ÂÉÚ#œïd¥‘l
¨W¶ŸÒM,x“mÝ
 â™çÆ,`;ÈiÚ³þ@‰¬b<ÁCÇþä Æœ7ÆCÃ€Ñ¨?Ð3ÍéšÄåTâöqüä¶C9£½ä"+Ó¨×cýUšõÜÁE£A1‘H(hcWïä?W¾^ÎHƒ÷º½Ûg\¥DÖÐ?fè fq¿gê‡».“ãËs­"ò‰p<-Š™p0ŒÙ<À¤ã[¢¹·òfWqúŽ¤xè¸S›eJ¥ˆüv$–Éç’Ñp$˜9¾¶ç[?Ný×ó…íÅ­º’àÉdtÝ!)HÚýè»)ÚvÓv }amâqÚvsø'j.±J??F®®›
†‡šË²ßD!¯RQM!š¢ ý™=„·\Mf¡9xÌ*Î2*™BK[ÉOjÁ±HU&?’9Ë ÄS‰& ‘ ÜW=•¥‘Íyj“À’§6÷íˆiŠÙUOãñnX³ò „ÏH< OS[À@ÃA7Z…æ·h£?%)C¬ˆS<“ÄV-†åïF¢Šÿ¿?éOÈÜoi}«ØÞ¦Ž–²äÓ|dij%ÜØu¶¥R¢…òƒ‚,ŸD?ìW?ÿU1[Eÿ—ÁG‚i…NÍb®<´Ê¶Ø?mW@}çÕ/>±s‚yêÞ¿ÿé??W’ÿDvÊ¾Q[¯õë%sêèCoŠšÊÑáÍó?þyb1¹Htzîj]¾3qAØMnÚû$ŠåÚ’šÎ\8©vcíñyO}î9¶×¢-Žz'?=m8rù Ò Hå#e‘oáGÌ I[C¿k„†‘Ê!Šà,=ÜâŠ7$½­½m?¡hZ¢äÚlŸ~rJ±âöñÏ}óõ=g )‚®×šTû•u„0u?C85:sûOß97Ò"ê½Nù^—Ró±Å'O}¦Ò’¦«ÔÔEâ‰Ò~¢?9YÉžMxßÔ÷°*i*x§~(ên—ÓùÒé|¹BËNçKoùyŽFGoD€kïo˜{>ñ:Æg~Û3½1à§MG¼N‰?Þ³ÎÀJÌ—}CŒí¤SäQ¾ð•äZÇTžHºšJTÅOƒi24ó¡?m@¿Ù¨mkQjÎ'_O»ƒÚcJšr™‰Ã–óbI]¥Þ*þäœ§yËš+IEND®B`‚' height='200' width='200'/><br>]]>
  </system-out>
</testsuite> <!-- Runner.TestRunner -->
